[2026-02-05T12:55:32.511+0000] {processor.py:161} INFO - Started process (PID=50) to work on /home/airflow/.local/lib/python3.12/site-packages/airflow/example_dags/example_sensors.py
[2026-02-05T12:55:32.514+0000] {processor.py:830} INFO - Processing file /home/airflow/.local/lib/python3.12/site-packages/airflow/example_dags/example_sensors.py for tasks to queue
[2026-02-05T12:55:32.521+0000] {logging_mixin.py:188} INFO - [2026-02-05T12:55:32.520+0000] {dagbag.py:540} INFO - Filling up the DagBag from /home/airflow/.local/lib/python3.12/site-packages/airflow/example_dags/example_sensors.py
[2026-02-05T12:55:32.530+0000] {processor.py:840} INFO - DAG(s) 'example_sensors' retrieved from /home/airflow/.local/lib/python3.12/site-packages/airflow/example_dags/example_sensors.py
[2026-02-05T12:55:32.554+0000] {logging_mixin.py:188} INFO - [2026-02-05T12:55:32.553+0000] {dag.py:3096} INFO - Sync 1 DAGs
[2026-02-05T12:55:32.574+0000] {logging_mixin.py:188} INFO - [2026-02-05T12:55:32.574+0000] {dag.py:3954} INFO - Setting next_dagrun for example_sensors to None, run_after=None
[2026-02-05T12:55:32.605+0000] {processor.py:183} INFO - Processing /home/airflow/.local/lib/python3.12/site-packages/airflow/example_dags/example_sensors.py took 0.099 seconds
[2026-02-05T12:56:02.777+0000] {processor.py:161} INFO - Started process (PID=109) to work on /home/airflow/.local/lib/python3.12/site-packages/airflow/example_dags/example_sensors.py
[2026-02-05T12:56:02.778+0000] {processor.py:830} INFO - Processing file /home/airflow/.local/lib/python3.12/site-packages/airflow/example_dags/example_sensors.py for tasks to queue
[2026-02-05T12:56:02.779+0000] {logging_mixin.py:188} INFO - [2026-02-05T12:56:02.779+0000] {dagbag.py:540} INFO - Filling up the DagBag from /home/airflow/.local/lib/python3.12/site-packages/airflow/example_dags/example_sensors.py
[2026-02-05T12:56:02.784+0000] {processor.py:840} INFO - DAG(s) 'example_sensors' retrieved from /home/airflow/.local/lib/python3.12/site-packages/airflow/example_dags/example_sensors.py
[2026-02-05T12:56:02.841+0000] {logging_mixin.py:188} INFO - [2026-02-05T12:56:02.841+0000] {dag.py:3096} INFO - Sync 1 DAGs
[2026-02-05T12:56:02.847+0000] {logging_mixin.py:188} INFO - [2026-02-05T12:56:02.846+0000] {dag.py:3954} INFO - Setting next_dagrun for example_sensors to None, run_after=None
[2026-02-05T12:56:02.857+0000] {processor.py:183} INFO - Processing /home/airflow/.local/lib/python3.12/site-packages/airflow/example_dags/example_sensors.py took 0.083 seconds
[2026-02-05T12:56:32.968+0000] {processor.py:161} INFO - Started process (PID=173) to work on /home/airflow/.local/lib/python3.12/site-packages/airflow/example_dags/example_sensors.py
[2026-02-05T12:56:32.969+0000] {processor.py:830} INFO - Processing file /home/airflow/.local/lib/python3.12/site-packages/airflow/example_dags/example_sensors.py for tasks to queue
[2026-02-05T12:56:32.975+0000] {logging_mixin.py:188} INFO - [2026-02-05T12:56:32.974+0000] {dagbag.py:540} INFO - Filling up the DagBag from /home/airflow/.local/lib/python3.12/site-packages/airflow/example_dags/example_sensors.py
[2026-02-05T12:56:32.988+0000] {processor.py:840} INFO - DAG(s) 'example_sensors' retrieved from /home/airflow/.local/lib/python3.12/site-packages/airflow/example_dags/example_sensors.py
[2026-02-05T12:56:33.005+0000] {logging_mixin.py:188} INFO - [2026-02-05T12:56:33.004+0000] {dag.py:3096} INFO - Sync 1 DAGs
[2026-02-05T12:56:33.011+0000] {logging_mixin.py:188} INFO - [2026-02-05T12:56:33.011+0000] {dag.py:3954} INFO - Setting next_dagrun for example_sensors to None, run_after=None
[2026-02-05T12:56:33.025+0000] {processor.py:183} INFO - Processing /home/airflow/.local/lib/python3.12/site-packages/airflow/example_dags/example_sensors.py took 0.061 seconds
[2026-02-05T12:57:03.163+0000] {processor.py:161} INFO - Started process (PID=231) to work on /home/airflow/.local/lib/python3.12/site-packages/airflow/example_dags/example_sensors.py
[2026-02-05T12:57:03.164+0000] {processor.py:830} INFO - Processing file /home/airflow/.local/lib/python3.12/site-packages/airflow/example_dags/example_sensors.py for tasks to queue
[2026-02-05T12:57:03.166+0000] {logging_mixin.py:188} INFO - [2026-02-05T12:57:03.166+0000] {dagbag.py:540} INFO - Filling up the DagBag from /home/airflow/.local/lib/python3.12/site-packages/airflow/example_dags/example_sensors.py
[2026-02-05T12:57:03.171+0000] {processor.py:840} INFO - DAG(s) 'example_sensors' retrieved from /home/airflow/.local/lib/python3.12/site-packages/airflow/example_dags/example_sensors.py
[2026-02-05T12:57:03.188+0000] {logging_mixin.py:188} INFO - [2026-02-05T12:57:03.188+0000] {dag.py:3096} INFO - Sync 1 DAGs
[2026-02-05T12:57:03.195+0000] {logging_mixin.py:188} INFO - [2026-02-05T12:57:03.195+0000] {dag.py:3954} INFO - Setting next_dagrun for example_sensors to None, run_after=None
[2026-02-05T12:57:03.206+0000] {processor.py:183} INFO - Processing /home/airflow/.local/lib/python3.12/site-packages/airflow/example_dags/example_sensors.py took 0.045 seconds
[2026-02-05T12:57:33.599+0000] {processor.py:161} INFO - Started process (PID=289) to work on /home/airflow/.local/lib/python3.12/site-packages/airflow/example_dags/example_sensors.py
[2026-02-05T12:57:33.601+0000] {processor.py:830} INFO - Processing file /home/airflow/.local/lib/python3.12/site-packages/airflow/example_dags/example_sensors.py for tasks to queue
[2026-02-05T12:57:33.602+0000] {logging_mixin.py:188} INFO - [2026-02-05T12:57:33.602+0000] {dagbag.py:540} INFO - Filling up the DagBag from /home/airflow/.local/lib/python3.12/site-packages/airflow/example_dags/example_sensors.py
[2026-02-05T12:57:33.607+0000] {processor.py:840} INFO - DAG(s) 'example_sensors' retrieved from /home/airflow/.local/lib/python3.12/site-packages/airflow/example_dags/example_sensors.py
[2026-02-05T12:57:33.622+0000] {logging_mixin.py:188} INFO - [2026-02-05T12:57:33.622+0000] {dag.py:3096} INFO - Sync 1 DAGs
[2026-02-05T12:57:33.633+0000] {logging_mixin.py:188} INFO - [2026-02-05T12:57:33.632+0000] {dag.py:3954} INFO - Setting next_dagrun for example_sensors to None, run_after=None
[2026-02-05T12:57:33.648+0000] {processor.py:183} INFO - Processing /home/airflow/.local/lib/python3.12/site-packages/airflow/example_dags/example_sensors.py took 0.052 seconds
[2026-02-05T12:58:03.986+0000] {processor.py:161} INFO - Started process (PID=347) to work on /home/airflow/.local/lib/python3.12/site-packages/airflow/example_dags/example_sensors.py
[2026-02-05T12:58:03.987+0000] {processor.py:830} INFO - Processing file /home/airflow/.local/lib/python3.12/site-packages/airflow/example_dags/example_sensors.py for tasks to queue
[2026-02-05T12:58:03.988+0000] {logging_mixin.py:188} INFO - [2026-02-05T12:58:03.988+0000] {dagbag.py:540} INFO - Filling up the DagBag from /home/airflow/.local/lib/python3.12/site-packages/airflow/example_dags/example_sensors.py
[2026-02-05T12:58:03.993+0000] {processor.py:840} INFO - DAG(s) 'example_sensors' retrieved from /home/airflow/.local/lib/python3.12/site-packages/airflow/example_dags/example_sensors.py
[2026-02-05T12:58:04.007+0000] {logging_mixin.py:188} INFO - [2026-02-05T12:58:04.007+0000] {dag.py:3096} INFO - Sync 1 DAGs
[2026-02-05T12:58:04.013+0000] {logging_mixin.py:188} INFO - [2026-02-05T12:58:04.013+0000] {dag.py:3954} INFO - Setting next_dagrun for example_sensors to None, run_after=None
[2026-02-05T12:58:04.023+0000] {processor.py:183} INFO - Processing /home/airflow/.local/lib/python3.12/site-packages/airflow/example_dags/example_sensors.py took 0.041 seconds
[2026-02-05T12:58:34.135+0000] {processor.py:161} INFO - Started process (PID=405) to work on /home/airflow/.local/lib/python3.12/site-packages/airflow/example_dags/example_sensors.py
[2026-02-05T12:58:34.135+0000] {processor.py:830} INFO - Processing file /home/airflow/.local/lib/python3.12/site-packages/airflow/example_dags/example_sensors.py for tasks to queue
[2026-02-05T12:58:34.136+0000] {logging_mixin.py:188} INFO - [2026-02-05T12:58:34.136+0000] {dagbag.py:540} INFO - Filling up the DagBag from /home/airflow/.local/lib/python3.12/site-packages/airflow/example_dags/example_sensors.py
[2026-02-05T12:58:34.141+0000] {processor.py:840} INFO - DAG(s) 'example_sensors' retrieved from /home/airflow/.local/lib/python3.12/site-packages/airflow/example_dags/example_sensors.py
[2026-02-05T12:58:34.156+0000] {logging_mixin.py:188} INFO - [2026-02-05T12:58:34.156+0000] {dag.py:3096} INFO - Sync 1 DAGs
[2026-02-05T12:58:34.165+0000] {logging_mixin.py:188} INFO - [2026-02-05T12:58:34.165+0000] {dag.py:3954} INFO - Setting next_dagrun for example_sensors to None, run_after=None
[2026-02-05T12:58:34.177+0000] {processor.py:183} INFO - Processing /home/airflow/.local/lib/python3.12/site-packages/airflow/example_dags/example_sensors.py took 0.046 seconds
[2026-02-05T12:59:04.297+0000] {processor.py:161} INFO - Started process (PID=472) to work on /home/airflow/.local/lib/python3.12/site-packages/airflow/example_dags/example_sensors.py
[2026-02-05T12:59:04.299+0000] {processor.py:830} INFO - Processing file /home/airflow/.local/lib/python3.12/site-packages/airflow/example_dags/example_sensors.py for tasks to queue
[2026-02-05T12:59:04.300+0000] {logging_mixin.py:188} INFO - [2026-02-05T12:59:04.300+0000] {dagbag.py:540} INFO - Filling up the DagBag from /home/airflow/.local/lib/python3.12/site-packages/airflow/example_dags/example_sensors.py
[2026-02-05T12:59:04.306+0000] {processor.py:840} INFO - DAG(s) 'example_sensors' retrieved from /home/airflow/.local/lib/python3.12/site-packages/airflow/example_dags/example_sensors.py
[2026-02-05T12:59:04.319+0000] {logging_mixin.py:188} INFO - [2026-02-05T12:59:04.319+0000] {dag.py:3096} INFO - Sync 1 DAGs
[2026-02-05T12:59:04.325+0000] {logging_mixin.py:188} INFO - [2026-02-05T12:59:04.325+0000] {dag.py:3954} INFO - Setting next_dagrun for example_sensors to None, run_after=None
[2026-02-05T12:59:04.335+0000] {processor.py:183} INFO - Processing /home/airflow/.local/lib/python3.12/site-packages/airflow/example_dags/example_sensors.py took 0.042 seconds
[2026-02-05T12:59:34.545+0000] {processor.py:161} INFO - Started process (PID=531) to work on /home/airflow/.local/lib/python3.12/site-packages/airflow/example_dags/example_sensors.py
[2026-02-05T12:59:34.547+0000] {processor.py:830} INFO - Processing file /home/airflow/.local/lib/python3.12/site-packages/airflow/example_dags/example_sensors.py for tasks to queue
[2026-02-05T12:59:34.548+0000] {logging_mixin.py:188} INFO - [2026-02-05T12:59:34.548+0000] {dagbag.py:540} INFO - Filling up the DagBag from /home/airflow/.local/lib/python3.12/site-packages/airflow/example_dags/example_sensors.py
[2026-02-05T12:59:34.553+0000] {processor.py:840} INFO - DAG(s) 'example_sensors' retrieved from /home/airflow/.local/lib/python3.12/site-packages/airflow/example_dags/example_sensors.py
[2026-02-05T12:59:34.567+0000] {logging_mixin.py:188} INFO - [2026-02-05T12:59:34.567+0000] {dag.py:3096} INFO - Sync 1 DAGs
[2026-02-05T12:59:34.573+0000] {logging_mixin.py:188} INFO - [2026-02-05T12:59:34.573+0000] {dag.py:3954} INFO - Setting next_dagrun for example_sensors to None, run_after=None
[2026-02-05T12:59:34.582+0000] {processor.py:183} INFO - Processing /home/airflow/.local/lib/python3.12/site-packages/airflow/example_dags/example_sensors.py took 0.041 seconds
[2026-02-05T13:00:04.754+0000] {processor.py:161} INFO - Started process (PID=589) to work on /home/airflow/.local/lib/python3.12/site-packages/airflow/example_dags/example_sensors.py
[2026-02-05T13:00:04.756+0000] {processor.py:830} INFO - Processing file /home/airflow/.local/lib/python3.12/site-packages/airflow/example_dags/example_sensors.py for tasks to queue
[2026-02-05T13:00:04.757+0000] {logging_mixin.py:188} INFO - [2026-02-05T13:00:04.757+0000] {dagbag.py:540} INFO - Filling up the DagBag from /home/airflow/.local/lib/python3.12/site-packages/airflow/example_dags/example_sensors.py
[2026-02-05T13:00:04.763+0000] {processor.py:840} INFO - DAG(s) 'example_sensors' retrieved from /home/airflow/.local/lib/python3.12/site-packages/airflow/example_dags/example_sensors.py
[2026-02-05T13:00:04.785+0000] {logging_mixin.py:188} INFO - [2026-02-05T13:00:04.784+0000] {dag.py:3096} INFO - Sync 1 DAGs
[2026-02-05T13:00:04.792+0000] {logging_mixin.py:188} INFO - [2026-02-05T13:00:04.792+0000] {dag.py:3954} INFO - Setting next_dagrun for example_sensors to None, run_after=None
[2026-02-05T13:00:04.813+0000] {processor.py:183} INFO - Processing /home/airflow/.local/lib/python3.12/site-packages/airflow/example_dags/example_sensors.py took 0.062 seconds
[2026-02-05T13:00:34.917+0000] {processor.py:161} INFO - Started process (PID=647) to work on /home/airflow/.local/lib/python3.12/site-packages/airflow/example_dags/example_sensors.py
[2026-02-05T13:00:34.920+0000] {processor.py:830} INFO - Processing file /home/airflow/.local/lib/python3.12/site-packages/airflow/example_dags/example_sensors.py for tasks to queue
[2026-02-05T13:00:34.921+0000] {logging_mixin.py:188} INFO - [2026-02-05T13:00:34.921+0000] {dagbag.py:540} INFO - Filling up the DagBag from /home/airflow/.local/lib/python3.12/site-packages/airflow/example_dags/example_sensors.py
[2026-02-05T13:00:34.927+0000] {processor.py:840} INFO - DAG(s) 'example_sensors' retrieved from /home/airflow/.local/lib/python3.12/site-packages/airflow/example_dags/example_sensors.py
[2026-02-05T13:00:34.941+0000] {logging_mixin.py:188} INFO - [2026-02-05T13:00:34.941+0000] {dag.py:3096} INFO - Sync 1 DAGs
[2026-02-05T13:00:34.947+0000] {logging_mixin.py:188} INFO - [2026-02-05T13:00:34.947+0000] {dag.py:3954} INFO - Setting next_dagrun for example_sensors to None, run_after=None
[2026-02-05T13:00:34.957+0000] {processor.py:183} INFO - Processing /home/airflow/.local/lib/python3.12/site-packages/airflow/example_dags/example_sensors.py took 0.043 seconds
[2026-02-05T13:01:05.029+0000] {processor.py:161} INFO - Started process (PID=705) to work on /home/airflow/.local/lib/python3.12/site-packages/airflow/example_dags/example_sensors.py
[2026-02-05T13:01:05.030+0000] {processor.py:830} INFO - Processing file /home/airflow/.local/lib/python3.12/site-packages/airflow/example_dags/example_sensors.py for tasks to queue
[2026-02-05T13:01:05.031+0000] {logging_mixin.py:188} INFO - [2026-02-05T13:01:05.031+0000] {dagbag.py:540} INFO - Filling up the DagBag from /home/airflow/.local/lib/python3.12/site-packages/airflow/example_dags/example_sensors.py
[2026-02-05T13:01:05.036+0000] {processor.py:840} INFO - DAG(s) 'example_sensors' retrieved from /home/airflow/.local/lib/python3.12/site-packages/airflow/example_dags/example_sensors.py
[2026-02-05T13:01:05.049+0000] {logging_mixin.py:188} INFO - [2026-02-05T13:01:05.048+0000] {dag.py:3096} INFO - Sync 1 DAGs
[2026-02-05T13:01:05.054+0000] {logging_mixin.py:188} INFO - [2026-02-05T13:01:05.054+0000] {dag.py:3954} INFO - Setting next_dagrun for example_sensors to None, run_after=None
[2026-02-05T13:01:05.062+0000] {processor.py:183} INFO - Processing /home/airflow/.local/lib/python3.12/site-packages/airflow/example_dags/example_sensors.py took 0.036 seconds
[2026-02-05T13:01:35.174+0000] {processor.py:161} INFO - Started process (PID=763) to work on /home/airflow/.local/lib/python3.12/site-packages/airflow/example_dags/example_sensors.py
[2026-02-05T13:01:35.175+0000] {processor.py:830} INFO - Processing file /home/airflow/.local/lib/python3.12/site-packages/airflow/example_dags/example_sensors.py for tasks to queue
[2026-02-05T13:01:35.177+0000] {logging_mixin.py:188} INFO - [2026-02-05T13:01:35.177+0000] {dagbag.py:540} INFO - Filling up the DagBag from /home/airflow/.local/lib/python3.12/site-packages/airflow/example_dags/example_sensors.py
[2026-02-05T13:01:35.182+0000] {processor.py:840} INFO - DAG(s) 'example_sensors' retrieved from /home/airflow/.local/lib/python3.12/site-packages/airflow/example_dags/example_sensors.py
[2026-02-05T13:01:35.195+0000] {logging_mixin.py:188} INFO - [2026-02-05T13:01:35.195+0000] {dag.py:3096} INFO - Sync 1 DAGs
[2026-02-05T13:01:35.201+0000] {logging_mixin.py:188} INFO - [2026-02-05T13:01:35.201+0000] {dag.py:3954} INFO - Setting next_dagrun for example_sensors to None, run_after=None
[2026-02-05T13:01:35.210+0000] {processor.py:183} INFO - Processing /home/airflow/.local/lib/python3.12/site-packages/airflow/example_dags/example_sensors.py took 0.039 seconds
[2026-02-05T13:02:05.627+0000] {processor.py:161} INFO - Started process (PID=820) to work on /home/airflow/.local/lib/python3.12/site-packages/airflow/example_dags/example_sensors.py
[2026-02-05T13:02:05.629+0000] {processor.py:830} INFO - Processing file /home/airflow/.local/lib/python3.12/site-packages/airflow/example_dags/example_sensors.py for tasks to queue
[2026-02-05T13:02:05.631+0000] {logging_mixin.py:188} INFO - [2026-02-05T13:02:05.630+0000] {dagbag.py:540} INFO - Filling up the DagBag from /home/airflow/.local/lib/python3.12/site-packages/airflow/example_dags/example_sensors.py
[2026-02-05T13:02:05.637+0000] {processor.py:840} INFO - DAG(s) 'example_sensors' retrieved from /home/airflow/.local/lib/python3.12/site-packages/airflow/example_dags/example_sensors.py
[2026-02-05T13:02:05.654+0000] {logging_mixin.py:188} INFO - [2026-02-05T13:02:05.654+0000] {dag.py:3096} INFO - Sync 1 DAGs
[2026-02-05T13:02:05.662+0000] {logging_mixin.py:188} INFO - [2026-02-05T13:02:05.662+0000] {dag.py:3954} INFO - Setting next_dagrun for example_sensors to None, run_after=None
[2026-02-05T13:02:05.676+0000] {processor.py:183} INFO - Processing /home/airflow/.local/lib/python3.12/site-packages/airflow/example_dags/example_sensors.py took 0.058 seconds
[2026-02-05T13:02:36.648+0000] {processor.py:161} INFO - Started process (PID=878) to work on /home/airflow/.local/lib/python3.12/site-packages/airflow/example_dags/example_sensors.py
[2026-02-05T13:02:36.653+0000] {processor.py:830} INFO - Processing file /home/airflow/.local/lib/python3.12/site-packages/airflow/example_dags/example_sensors.py for tasks to queue
[2026-02-05T13:02:36.654+0000] {logging_mixin.py:188} INFO - [2026-02-05T13:02:36.654+0000] {dagbag.py:540} INFO - Filling up the DagBag from /home/airflow/.local/lib/python3.12/site-packages/airflow/example_dags/example_sensors.py
[2026-02-05T13:02:36.659+0000] {processor.py:840} INFO - DAG(s) 'example_sensors' retrieved from /home/airflow/.local/lib/python3.12/site-packages/airflow/example_dags/example_sensors.py
[2026-02-05T13:02:36.674+0000] {logging_mixin.py:188} INFO - [2026-02-05T13:02:36.674+0000] {dag.py:3096} INFO - Sync 1 DAGs
[2026-02-05T13:02:36.680+0000] {logging_mixin.py:188} INFO - [2026-02-05T13:02:36.680+0000] {dag.py:3954} INFO - Setting next_dagrun for example_sensors to None, run_after=None
[2026-02-05T13:02:36.690+0000] {processor.py:183} INFO - Processing /home/airflow/.local/lib/python3.12/site-packages/airflow/example_dags/example_sensors.py took 0.045 seconds
[2026-02-05T13:03:06.765+0000] {processor.py:161} INFO - Started process (PID=936) to work on /home/airflow/.local/lib/python3.12/site-packages/airflow/example_dags/example_sensors.py
[2026-02-05T13:03:06.766+0000] {processor.py:830} INFO - Processing file /home/airflow/.local/lib/python3.12/site-packages/airflow/example_dags/example_sensors.py for tasks to queue
[2026-02-05T13:03:06.771+0000] {logging_mixin.py:188} INFO - [2026-02-05T13:03:06.771+0000] {dagbag.py:540} INFO - Filling up the DagBag from /home/airflow/.local/lib/python3.12/site-packages/airflow/example_dags/example_sensors.py
[2026-02-05T13:03:06.776+0000] {processor.py:840} INFO - DAG(s) 'example_sensors' retrieved from /home/airflow/.local/lib/python3.12/site-packages/airflow/example_dags/example_sensors.py
[2026-02-05T13:03:06.788+0000] {logging_mixin.py:188} INFO - [2026-02-05T13:03:06.788+0000] {dag.py:3096} INFO - Sync 1 DAGs
[2026-02-05T13:03:06.796+0000] {logging_mixin.py:188} INFO - [2026-02-05T13:03:06.796+0000] {dag.py:3954} INFO - Setting next_dagrun for example_sensors to None, run_after=None
[2026-02-05T13:03:06.804+0000] {processor.py:183} INFO - Processing /home/airflow/.local/lib/python3.12/site-packages/airflow/example_dags/example_sensors.py took 0.042 seconds
[2026-02-05T13:03:36.970+0000] {processor.py:161} INFO - Started process (PID=994) to work on /home/airflow/.local/lib/python3.12/site-packages/airflow/example_dags/example_sensors.py
[2026-02-05T13:03:36.971+0000] {processor.py:830} INFO - Processing file /home/airflow/.local/lib/python3.12/site-packages/airflow/example_dags/example_sensors.py for tasks to queue
[2026-02-05T13:03:36.972+0000] {logging_mixin.py:188} INFO - [2026-02-05T13:03:36.972+0000] {dagbag.py:540} INFO - Filling up the DagBag from /home/airflow/.local/lib/python3.12/site-packages/airflow/example_dags/example_sensors.py
[2026-02-05T13:03:36.977+0000] {processor.py:840} INFO - DAG(s) 'example_sensors' retrieved from /home/airflow/.local/lib/python3.12/site-packages/airflow/example_dags/example_sensors.py
[2026-02-05T13:03:36.991+0000] {logging_mixin.py:188} INFO - [2026-02-05T13:03:36.991+0000] {dag.py:3096} INFO - Sync 1 DAGs
[2026-02-05T13:03:36.999+0000] {logging_mixin.py:188} INFO - [2026-02-05T13:03:36.999+0000] {dag.py:3954} INFO - Setting next_dagrun for example_sensors to None, run_after=None
[2026-02-05T13:03:37.011+0000] {processor.py:183} INFO - Processing /home/airflow/.local/lib/python3.12/site-packages/airflow/example_dags/example_sensors.py took 0.045 seconds
[2026-02-05T13:04:07.105+0000] {processor.py:161} INFO - Started process (PID=1052) to work on /home/airflow/.local/lib/python3.12/site-packages/airflow/example_dags/example_sensors.py
[2026-02-05T13:04:07.106+0000] {processor.py:830} INFO - Processing file /home/airflow/.local/lib/python3.12/site-packages/airflow/example_dags/example_sensors.py for tasks to queue
[2026-02-05T13:04:07.107+0000] {logging_mixin.py:188} INFO - [2026-02-05T13:04:07.107+0000] {dagbag.py:540} INFO - Filling up the DagBag from /home/airflow/.local/lib/python3.12/site-packages/airflow/example_dags/example_sensors.py
[2026-02-05T13:04:07.112+0000] {processor.py:840} INFO - DAG(s) 'example_sensors' retrieved from /home/airflow/.local/lib/python3.12/site-packages/airflow/example_dags/example_sensors.py
[2026-02-05T13:04:07.124+0000] {logging_mixin.py:188} INFO - [2026-02-05T13:04:07.124+0000] {dag.py:3096} INFO - Sync 1 DAGs
[2026-02-05T13:04:07.131+0000] {logging_mixin.py:188} INFO - [2026-02-05T13:04:07.131+0000] {dag.py:3954} INFO - Setting next_dagrun for example_sensors to None, run_after=None
[2026-02-05T13:04:07.143+0000] {processor.py:183} INFO - Processing /home/airflow/.local/lib/python3.12/site-packages/airflow/example_dags/example_sensors.py took 0.041 seconds
[2026-02-05T13:04:38.423+0000] {processor.py:161} INFO - Started process (PID=1110) to work on /home/airflow/.local/lib/python3.12/site-packages/airflow/example_dags/example_sensors.py
[2026-02-05T13:04:38.424+0000] {processor.py:830} INFO - Processing file /home/airflow/.local/lib/python3.12/site-packages/airflow/example_dags/example_sensors.py for tasks to queue
[2026-02-05T13:04:38.426+0000] {logging_mixin.py:188} INFO - [2026-02-05T13:04:38.426+0000] {dagbag.py:540} INFO - Filling up the DagBag from /home/airflow/.local/lib/python3.12/site-packages/airflow/example_dags/example_sensors.py
[2026-02-05T13:04:38.431+0000] {processor.py:840} INFO - DAG(s) 'example_sensors' retrieved from /home/airflow/.local/lib/python3.12/site-packages/airflow/example_dags/example_sensors.py
[2026-02-05T13:04:38.459+0000] {logging_mixin.py:188} INFO - [2026-02-05T13:04:38.459+0000] {dag.py:3096} INFO - Sync 1 DAGs
[2026-02-05T13:04:38.466+0000] {logging_mixin.py:188} INFO - [2026-02-05T13:04:38.465+0000] {dag.py:3954} INFO - Setting next_dagrun for example_sensors to None, run_after=None
[2026-02-05T13:04:38.478+0000] {processor.py:183} INFO - Processing /home/airflow/.local/lib/python3.12/site-packages/airflow/example_dags/example_sensors.py took 0.058 seconds
[2026-02-05T13:05:09.015+0000] {processor.py:161} INFO - Started process (PID=1168) to work on /home/airflow/.local/lib/python3.12/site-packages/airflow/example_dags/example_sensors.py
[2026-02-05T13:05:09.015+0000] {processor.py:830} INFO - Processing file /home/airflow/.local/lib/python3.12/site-packages/airflow/example_dags/example_sensors.py for tasks to queue
[2026-02-05T13:05:09.017+0000] {logging_mixin.py:188} INFO - [2026-02-05T13:05:09.016+0000] {dagbag.py:540} INFO - Filling up the DagBag from /home/airflow/.local/lib/python3.12/site-packages/airflow/example_dags/example_sensors.py
[2026-02-05T13:05:09.021+0000] {processor.py:840} INFO - DAG(s) 'example_sensors' retrieved from /home/airflow/.local/lib/python3.12/site-packages/airflow/example_dags/example_sensors.py
[2026-02-05T13:05:09.036+0000] {logging_mixin.py:188} INFO - [2026-02-05T13:05:09.036+0000] {dag.py:3096} INFO - Sync 1 DAGs
[2026-02-05T13:05:09.043+0000] {logging_mixin.py:188} INFO - [2026-02-05T13:05:09.043+0000] {dag.py:3954} INFO - Setting next_dagrun for example_sensors to None, run_after=None
[2026-02-05T13:05:09.167+0000] {processor.py:183} INFO - Processing /home/airflow/.local/lib/python3.12/site-packages/airflow/example_dags/example_sensors.py took 0.156 seconds
[2026-02-05T13:05:39.465+0000] {processor.py:161} INFO - Started process (PID=1226) to work on /home/airflow/.local/lib/python3.12/site-packages/airflow/example_dags/example_sensors.py
[2026-02-05T13:05:39.466+0000] {processor.py:830} INFO - Processing file /home/airflow/.local/lib/python3.12/site-packages/airflow/example_dags/example_sensors.py for tasks to queue
[2026-02-05T13:05:39.467+0000] {logging_mixin.py:188} INFO - [2026-02-05T13:05:39.467+0000] {dagbag.py:540} INFO - Filling up the DagBag from /home/airflow/.local/lib/python3.12/site-packages/airflow/example_dags/example_sensors.py
[2026-02-05T13:05:39.472+0000] {processor.py:840} INFO - DAG(s) 'example_sensors' retrieved from /home/airflow/.local/lib/python3.12/site-packages/airflow/example_dags/example_sensors.py
[2026-02-05T13:05:39.487+0000] {logging_mixin.py:188} INFO - [2026-02-05T13:05:39.486+0000] {dag.py:3096} INFO - Sync 1 DAGs
[2026-02-05T13:05:39.493+0000] {logging_mixin.py:188} INFO - [2026-02-05T13:05:39.493+0000] {dag.py:3954} INFO - Setting next_dagrun for example_sensors to None, run_after=None
[2026-02-05T13:05:39.503+0000] {processor.py:183} INFO - Processing /home/airflow/.local/lib/python3.12/site-packages/airflow/example_dags/example_sensors.py took 0.041 seconds
[2026-02-05T13:06:10.211+0000] {processor.py:161} INFO - Started process (PID=1283) to work on /home/airflow/.local/lib/python3.12/site-packages/airflow/example_dags/example_sensors.py
[2026-02-05T13:06:10.213+0000] {processor.py:830} INFO - Processing file /home/airflow/.local/lib/python3.12/site-packages/airflow/example_dags/example_sensors.py for tasks to queue
[2026-02-05T13:06:10.215+0000] {logging_mixin.py:188} INFO - [2026-02-05T13:06:10.215+0000] {dagbag.py:540} INFO - Filling up the DagBag from /home/airflow/.local/lib/python3.12/site-packages/airflow/example_dags/example_sensors.py
[2026-02-05T13:06:10.221+0000] {processor.py:840} INFO - DAG(s) 'example_sensors' retrieved from /home/airflow/.local/lib/python3.12/site-packages/airflow/example_dags/example_sensors.py
[2026-02-05T13:06:10.236+0000] {logging_mixin.py:188} INFO - [2026-02-05T13:06:10.236+0000] {dag.py:3096} INFO - Sync 1 DAGs
[2026-02-05T13:06:10.243+0000] {logging_mixin.py:188} INFO - [2026-02-05T13:06:10.242+0000] {dag.py:3954} INFO - Setting next_dagrun for example_sensors to None, run_after=None
[2026-02-05T13:06:10.253+0000] {processor.py:183} INFO - Processing /home/airflow/.local/lib/python3.12/site-packages/airflow/example_dags/example_sensors.py took 0.045 seconds
[2026-02-05T13:06:41.304+0000] {processor.py:161} INFO - Started process (PID=1341) to work on /home/airflow/.local/lib/python3.12/site-packages/airflow/example_dags/example_sensors.py
[2026-02-05T13:06:41.305+0000] {processor.py:830} INFO - Processing file /home/airflow/.local/lib/python3.12/site-packages/airflow/example_dags/example_sensors.py for tasks to queue
[2026-02-05T13:06:41.306+0000] {logging_mixin.py:188} INFO - [2026-02-05T13:06:41.306+0000] {dagbag.py:540} INFO - Filling up the DagBag from /home/airflow/.local/lib/python3.12/site-packages/airflow/example_dags/example_sensors.py
[2026-02-05T13:06:41.311+0000] {processor.py:840} INFO - DAG(s) 'example_sensors' retrieved from /home/airflow/.local/lib/python3.12/site-packages/airflow/example_dags/example_sensors.py
[2026-02-05T13:06:41.325+0000] {logging_mixin.py:188} INFO - [2026-02-05T13:06:41.325+0000] {dag.py:3096} INFO - Sync 1 DAGs
[2026-02-05T13:06:41.334+0000] {logging_mixin.py:188} INFO - [2026-02-05T13:06:41.334+0000] {dag.py:3954} INFO - Setting next_dagrun for example_sensors to None, run_after=None
[2026-02-05T13:06:41.344+0000] {processor.py:183} INFO - Processing /home/airflow/.local/lib/python3.12/site-packages/airflow/example_dags/example_sensors.py took 0.043 seconds
[2026-02-05T13:07:11.468+0000] {processor.py:161} INFO - Started process (PID=1399) to work on /home/airflow/.local/lib/python3.12/site-packages/airflow/example_dags/example_sensors.py
[2026-02-05T13:07:11.469+0000] {processor.py:830} INFO - Processing file /home/airflow/.local/lib/python3.12/site-packages/airflow/example_dags/example_sensors.py for tasks to queue
[2026-02-05T13:07:11.470+0000] {logging_mixin.py:188} INFO - [2026-02-05T13:07:11.470+0000] {dagbag.py:540} INFO - Filling up the DagBag from /home/airflow/.local/lib/python3.12/site-packages/airflow/example_dags/example_sensors.py
[2026-02-05T13:07:11.475+0000] {processor.py:840} INFO - DAG(s) 'example_sensors' retrieved from /home/airflow/.local/lib/python3.12/site-packages/airflow/example_dags/example_sensors.py
[2026-02-05T13:07:11.491+0000] {logging_mixin.py:188} INFO - [2026-02-05T13:07:11.491+0000] {dag.py:3096} INFO - Sync 1 DAGs
[2026-02-05T13:07:11.498+0000] {logging_mixin.py:188} INFO - [2026-02-05T13:07:11.498+0000] {dag.py:3954} INFO - Setting next_dagrun for example_sensors to None, run_after=None
[2026-02-05T13:07:11.510+0000] {processor.py:183} INFO - Processing /home/airflow/.local/lib/python3.12/site-packages/airflow/example_dags/example_sensors.py took 0.045 seconds
[2026-02-05T13:07:41.529+0000] {processor.py:161} INFO - Started process (PID=1457) to work on /home/airflow/.local/lib/python3.12/site-packages/airflow/example_dags/example_sensors.py
[2026-02-05T13:07:41.531+0000] {processor.py:830} INFO - Processing file /home/airflow/.local/lib/python3.12/site-packages/airflow/example_dags/example_sensors.py for tasks to queue
[2026-02-05T13:07:41.532+0000] {logging_mixin.py:188} INFO - [2026-02-05T13:07:41.532+0000] {dagbag.py:540} INFO - Filling up the DagBag from /home/airflow/.local/lib/python3.12/site-packages/airflow/example_dags/example_sensors.py
[2026-02-05T13:07:41.537+0000] {processor.py:840} INFO - DAG(s) 'example_sensors' retrieved from /home/airflow/.local/lib/python3.12/site-packages/airflow/example_dags/example_sensors.py
[2026-02-05T13:07:41.550+0000] {logging_mixin.py:188} INFO - [2026-02-05T13:07:41.550+0000] {dag.py:3096} INFO - Sync 1 DAGs
[2026-02-05T13:07:41.559+0000] {logging_mixin.py:188} INFO - [2026-02-05T13:07:41.559+0000] {dag.py:3954} INFO - Setting next_dagrun for example_sensors to None, run_after=None
[2026-02-05T13:07:41.571+0000] {processor.py:183} INFO - Processing /home/airflow/.local/lib/python3.12/site-packages/airflow/example_dags/example_sensors.py took 0.045 seconds
[2026-02-05T13:08:11.863+0000] {processor.py:161} INFO - Started process (PID=1515) to work on /home/airflow/.local/lib/python3.12/site-packages/airflow/example_dags/example_sensors.py
[2026-02-05T13:08:11.864+0000] {processor.py:830} INFO - Processing file /home/airflow/.local/lib/python3.12/site-packages/airflow/example_dags/example_sensors.py for tasks to queue
[2026-02-05T13:08:11.865+0000] {logging_mixin.py:188} INFO - [2026-02-05T13:08:11.865+0000] {dagbag.py:540} INFO - Filling up the DagBag from /home/airflow/.local/lib/python3.12/site-packages/airflow/example_dags/example_sensors.py
[2026-02-05T13:08:11.874+0000] {processor.py:840} INFO - DAG(s) 'example_sensors' retrieved from /home/airflow/.local/lib/python3.12/site-packages/airflow/example_dags/example_sensors.py
[2026-02-05T13:08:11.891+0000] {logging_mixin.py:188} INFO - [2026-02-05T13:08:11.891+0000] {dag.py:3096} INFO - Sync 1 DAGs
[2026-02-05T13:08:11.899+0000] {logging_mixin.py:188} INFO - [2026-02-05T13:08:11.899+0000] {dag.py:3954} INFO - Setting next_dagrun for example_sensors to None, run_after=None
[2026-02-05T13:08:11.915+0000] {processor.py:183} INFO - Processing /home/airflow/.local/lib/python3.12/site-packages/airflow/example_dags/example_sensors.py took 0.056 seconds
[2026-02-05T13:08:42.117+0000] {processor.py:161} INFO - Started process (PID=1572) to work on /home/airflow/.local/lib/python3.12/site-packages/airflow/example_dags/example_sensors.py
[2026-02-05T13:08:42.117+0000] {processor.py:830} INFO - Processing file /home/airflow/.local/lib/python3.12/site-packages/airflow/example_dags/example_sensors.py for tasks to queue
[2026-02-05T13:08:42.118+0000] {logging_mixin.py:188} INFO - [2026-02-05T13:08:42.118+0000] {dagbag.py:540} INFO - Filling up the DagBag from /home/airflow/.local/lib/python3.12/site-packages/airflow/example_dags/example_sensors.py
[2026-02-05T13:08:42.123+0000] {processor.py:840} INFO - DAG(s) 'example_sensors' retrieved from /home/airflow/.local/lib/python3.12/site-packages/airflow/example_dags/example_sensors.py
[2026-02-05T13:08:42.138+0000] {logging_mixin.py:188} INFO - [2026-02-05T13:08:42.137+0000] {dag.py:3096} INFO - Sync 1 DAGs
[2026-02-05T13:08:42.144+0000] {logging_mixin.py:188} INFO - [2026-02-05T13:08:42.143+0000] {dag.py:3954} INFO - Setting next_dagrun for example_sensors to None, run_after=None
[2026-02-05T13:08:42.152+0000] {processor.py:183} INFO - Processing /home/airflow/.local/lib/python3.12/site-packages/airflow/example_dags/example_sensors.py took 0.038 seconds
[2026-02-05T13:09:12.260+0000] {processor.py:161} INFO - Started process (PID=1630) to work on /home/airflow/.local/lib/python3.12/site-packages/airflow/example_dags/example_sensors.py
[2026-02-05T13:09:12.261+0000] {processor.py:830} INFO - Processing file /home/airflow/.local/lib/python3.12/site-packages/airflow/example_dags/example_sensors.py for tasks to queue
[2026-02-05T13:09:12.262+0000] {logging_mixin.py:188} INFO - [2026-02-05T13:09:12.262+0000] {dagbag.py:540} INFO - Filling up the DagBag from /home/airflow/.local/lib/python3.12/site-packages/airflow/example_dags/example_sensors.py
[2026-02-05T13:09:12.267+0000] {processor.py:840} INFO - DAG(s) 'example_sensors' retrieved from /home/airflow/.local/lib/python3.12/site-packages/airflow/example_dags/example_sensors.py
[2026-02-05T13:09:12.281+0000] {logging_mixin.py:188} INFO - [2026-02-05T13:09:12.281+0000] {dag.py:3096} INFO - Sync 1 DAGs
[2026-02-05T13:09:12.288+0000] {logging_mixin.py:188} INFO - [2026-02-05T13:09:12.288+0000] {dag.py:3954} INFO - Setting next_dagrun for example_sensors to None, run_after=None
[2026-02-05T13:09:12.300+0000] {processor.py:183} INFO - Processing /home/airflow/.local/lib/python3.12/site-packages/airflow/example_dags/example_sensors.py took 0.045 seconds
[2026-02-05T13:09:42.596+0000] {processor.py:161} INFO - Started process (PID=1688) to work on /home/airflow/.local/lib/python3.12/site-packages/airflow/example_dags/example_sensors.py
[2026-02-05T13:09:42.597+0000] {processor.py:830} INFO - Processing file /home/airflow/.local/lib/python3.12/site-packages/airflow/example_dags/example_sensors.py for tasks to queue
[2026-02-05T13:09:42.598+0000] {logging_mixin.py:188} INFO - [2026-02-05T13:09:42.598+0000] {dagbag.py:540} INFO - Filling up the DagBag from /home/airflow/.local/lib/python3.12/site-packages/airflow/example_dags/example_sensors.py
[2026-02-05T13:09:42.604+0000] {processor.py:840} INFO - DAG(s) 'example_sensors' retrieved from /home/airflow/.local/lib/python3.12/site-packages/airflow/example_dags/example_sensors.py
[2026-02-05T13:09:42.619+0000] {logging_mixin.py:188} INFO - [2026-02-05T13:09:42.619+0000] {dag.py:3096} INFO - Sync 1 DAGs
[2026-02-05T13:09:42.626+0000] {logging_mixin.py:188} INFO - [2026-02-05T13:09:42.626+0000] {dag.py:3954} INFO - Setting next_dagrun for example_sensors to None, run_after=None
[2026-02-05T13:09:42.636+0000] {processor.py:183} INFO - Processing /home/airflow/.local/lib/python3.12/site-packages/airflow/example_dags/example_sensors.py took 0.044 seconds
[2026-02-05T13:10:12.906+0000] {processor.py:161} INFO - Started process (PID=1745) to work on /home/airflow/.local/lib/python3.12/site-packages/airflow/example_dags/example_sensors.py
[2026-02-05T13:10:12.907+0000] {processor.py:830} INFO - Processing file /home/airflow/.local/lib/python3.12/site-packages/airflow/example_dags/example_sensors.py for tasks to queue
[2026-02-05T13:10:12.910+0000] {logging_mixin.py:188} INFO - [2026-02-05T13:10:12.909+0000] {dagbag.py:540} INFO - Filling up the DagBag from /home/airflow/.local/lib/python3.12/site-packages/airflow/example_dags/example_sensors.py
[2026-02-05T13:10:12.916+0000] {processor.py:840} INFO - DAG(s) 'example_sensors' retrieved from /home/airflow/.local/lib/python3.12/site-packages/airflow/example_dags/example_sensors.py
[2026-02-05T13:10:12.931+0000] {logging_mixin.py:188} INFO - [2026-02-05T13:10:12.931+0000] {dag.py:3096} INFO - Sync 1 DAGs
[2026-02-05T13:10:12.938+0000] {logging_mixin.py:188} INFO - [2026-02-05T13:10:12.938+0000] {dag.py:3954} INFO - Setting next_dagrun for example_sensors to None, run_after=None
[2026-02-05T13:10:12.948+0000] {processor.py:183} INFO - Processing /home/airflow/.local/lib/python3.12/site-packages/airflow/example_dags/example_sensors.py took 0.045 seconds
[2026-02-05T13:10:43.056+0000] {processor.py:161} INFO - Started process (PID=1803) to work on /home/airflow/.local/lib/python3.12/site-packages/airflow/example_dags/example_sensors.py
[2026-02-05T13:10:43.057+0000] {processor.py:830} INFO - Processing file /home/airflow/.local/lib/python3.12/site-packages/airflow/example_dags/example_sensors.py for tasks to queue
[2026-02-05T13:10:43.058+0000] {logging_mixin.py:188} INFO - [2026-02-05T13:10:43.058+0000] {dagbag.py:540} INFO - Filling up the DagBag from /home/airflow/.local/lib/python3.12/site-packages/airflow/example_dags/example_sensors.py
[2026-02-05T13:10:43.065+0000] {processor.py:840} INFO - DAG(s) 'example_sensors' retrieved from /home/airflow/.local/lib/python3.12/site-packages/airflow/example_dags/example_sensors.py
[2026-02-05T13:10:43.079+0000] {logging_mixin.py:188} INFO - [2026-02-05T13:10:43.079+0000] {dag.py:3096} INFO - Sync 1 DAGs
[2026-02-05T13:10:43.086+0000] {logging_mixin.py:188} INFO - [2026-02-05T13:10:43.086+0000] {dag.py:3954} INFO - Setting next_dagrun for example_sensors to None, run_after=None
[2026-02-05T13:10:43.096+0000] {processor.py:183} INFO - Processing /home/airflow/.local/lib/python3.12/site-packages/airflow/example_dags/example_sensors.py took 0.044 seconds
[2026-02-05T13:11:13.831+0000] {processor.py:161} INFO - Started process (PID=1861) to work on /home/airflow/.local/lib/python3.12/site-packages/airflow/example_dags/example_sensors.py
[2026-02-05T13:11:13.833+0000] {processor.py:830} INFO - Processing file /home/airflow/.local/lib/python3.12/site-packages/airflow/example_dags/example_sensors.py for tasks to queue
[2026-02-05T13:11:13.834+0000] {logging_mixin.py:188} INFO - [2026-02-05T13:11:13.833+0000] {dagbag.py:540} INFO - Filling up the DagBag from /home/airflow/.local/lib/python3.12/site-packages/airflow/example_dags/example_sensors.py
[2026-02-05T13:11:13.839+0000] {processor.py:840} INFO - DAG(s) 'example_sensors' retrieved from /home/airflow/.local/lib/python3.12/site-packages/airflow/example_dags/example_sensors.py
[2026-02-05T13:11:13.852+0000] {logging_mixin.py:188} INFO - [2026-02-05T13:11:13.852+0000] {dag.py:3096} INFO - Sync 1 DAGs
[2026-02-05T13:11:13.861+0000] {logging_mixin.py:188} INFO - [2026-02-05T13:11:13.861+0000] {dag.py:3954} INFO - Setting next_dagrun for example_sensors to None, run_after=None
[2026-02-05T13:11:13.872+0000] {processor.py:183} INFO - Processing /home/airflow/.local/lib/python3.12/site-packages/airflow/example_dags/example_sensors.py took 0.044 seconds
[2026-02-05T13:11:44.771+0000] {processor.py:161} INFO - Started process (PID=1919) to work on /home/airflow/.local/lib/python3.12/site-packages/airflow/example_dags/example_sensors.py
[2026-02-05T13:11:44.772+0000] {processor.py:830} INFO - Processing file /home/airflow/.local/lib/python3.12/site-packages/airflow/example_dags/example_sensors.py for tasks to queue
[2026-02-05T13:11:44.774+0000] {logging_mixin.py:188} INFO - [2026-02-05T13:11:44.774+0000] {dagbag.py:540} INFO - Filling up the DagBag from /home/airflow/.local/lib/python3.12/site-packages/airflow/example_dags/example_sensors.py
[2026-02-05T13:11:44.781+0000] {processor.py:840} INFO - DAG(s) 'example_sensors' retrieved from /home/airflow/.local/lib/python3.12/site-packages/airflow/example_dags/example_sensors.py
[2026-02-05T13:11:44.795+0000] {logging_mixin.py:188} INFO - [2026-02-05T13:11:44.795+0000] {dag.py:3096} INFO - Sync 1 DAGs
[2026-02-05T13:11:44.802+0000] {logging_mixin.py:188} INFO - [2026-02-05T13:11:44.802+0000] {dag.py:3954} INFO - Setting next_dagrun for example_sensors to None, run_after=None
[2026-02-05T13:11:44.814+0000] {processor.py:183} INFO - Processing /home/airflow/.local/lib/python3.12/site-packages/airflow/example_dags/example_sensors.py took 0.046 seconds
[2026-02-05T13:12:15.681+0000] {processor.py:161} INFO - Started process (PID=1977) to work on /home/airflow/.local/lib/python3.12/site-packages/airflow/example_dags/example_sensors.py
[2026-02-05T13:12:15.682+0000] {processor.py:830} INFO - Processing file /home/airflow/.local/lib/python3.12/site-packages/airflow/example_dags/example_sensors.py for tasks to queue
[2026-02-05T13:12:15.683+0000] {logging_mixin.py:188} INFO - [2026-02-05T13:12:15.683+0000] {dagbag.py:540} INFO - Filling up the DagBag from /home/airflow/.local/lib/python3.12/site-packages/airflow/example_dags/example_sensors.py
[2026-02-05T13:12:15.688+0000] {processor.py:840} INFO - DAG(s) 'example_sensors' retrieved from /home/airflow/.local/lib/python3.12/site-packages/airflow/example_dags/example_sensors.py
[2026-02-05T13:12:15.705+0000] {logging_mixin.py:188} INFO - [2026-02-05T13:12:15.705+0000] {dag.py:3096} INFO - Sync 1 DAGs
[2026-02-05T13:12:15.711+0000] {logging_mixin.py:188} INFO - [2026-02-05T13:12:15.711+0000] {dag.py:3954} INFO - Setting next_dagrun for example_sensors to None, run_after=None
[2026-02-05T13:12:15.721+0000] {processor.py:183} INFO - Processing /home/airflow/.local/lib/python3.12/site-packages/airflow/example_dags/example_sensors.py took 0.043 seconds
[2026-02-05T13:12:46.609+0000] {processor.py:161} INFO - Started process (PID=2035) to work on /home/airflow/.local/lib/python3.12/site-packages/airflow/example_dags/example_sensors.py
[2026-02-05T13:12:46.610+0000] {processor.py:830} INFO - Processing file /home/airflow/.local/lib/python3.12/site-packages/airflow/example_dags/example_sensors.py for tasks to queue
[2026-02-05T13:12:46.613+0000] {logging_mixin.py:188} INFO - [2026-02-05T13:12:46.612+0000] {dagbag.py:540} INFO - Filling up the DagBag from /home/airflow/.local/lib/python3.12/site-packages/airflow/example_dags/example_sensors.py
[2026-02-05T13:12:46.623+0000] {processor.py:840} INFO - DAG(s) 'example_sensors' retrieved from /home/airflow/.local/lib/python3.12/site-packages/airflow/example_dags/example_sensors.py
[2026-02-05T13:12:46.647+0000] {logging_mixin.py:188} INFO - [2026-02-05T13:12:46.646+0000] {dag.py:3096} INFO - Sync 1 DAGs
[2026-02-05T13:12:46.654+0000] {logging_mixin.py:188} INFO - [2026-02-05T13:12:46.654+0000] {dag.py:3954} INFO - Setting next_dagrun for example_sensors to None, run_after=None
[2026-02-05T13:12:46.667+0000] {processor.py:183} INFO - Processing /home/airflow/.local/lib/python3.12/site-packages/airflow/example_dags/example_sensors.py took 0.063 seconds
[2026-02-05T13:13:17.423+0000] {processor.py:161} INFO - Started process (PID=2092) to work on /home/airflow/.local/lib/python3.12/site-packages/airflow/example_dags/example_sensors.py
[2026-02-05T13:13:17.423+0000] {processor.py:830} INFO - Processing file /home/airflow/.local/lib/python3.12/site-packages/airflow/example_dags/example_sensors.py for tasks to queue
[2026-02-05T13:13:17.425+0000] {logging_mixin.py:188} INFO - [2026-02-05T13:13:17.424+0000] {dagbag.py:540} INFO - Filling up the DagBag from /home/airflow/.local/lib/python3.12/site-packages/airflow/example_dags/example_sensors.py
[2026-02-05T13:13:17.430+0000] {processor.py:840} INFO - DAG(s) 'example_sensors' retrieved from /home/airflow/.local/lib/python3.12/site-packages/airflow/example_dags/example_sensors.py
[2026-02-05T13:13:17.447+0000] {logging_mixin.py:188} INFO - [2026-02-05T13:13:17.447+0000] {dag.py:3096} INFO - Sync 1 DAGs
[2026-02-05T13:13:17.453+0000] {logging_mixin.py:188} INFO - [2026-02-05T13:13:17.453+0000] {dag.py:3954} INFO - Setting next_dagrun for example_sensors to None, run_after=None
[2026-02-05T13:13:17.464+0000] {processor.py:183} INFO - Processing /home/airflow/.local/lib/python3.12/site-packages/airflow/example_dags/example_sensors.py took 0.045 seconds
[2026-02-05T13:13:48.230+0000] {processor.py:161} INFO - Started process (PID=2150) to work on /home/airflow/.local/lib/python3.12/site-packages/airflow/example_dags/example_sensors.py
[2026-02-05T13:13:48.231+0000] {processor.py:830} INFO - Processing file /home/airflow/.local/lib/python3.12/site-packages/airflow/example_dags/example_sensors.py for tasks to queue
[2026-02-05T13:13:48.233+0000] {logging_mixin.py:188} INFO - [2026-02-05T13:13:48.232+0000] {dagbag.py:540} INFO - Filling up the DagBag from /home/airflow/.local/lib/python3.12/site-packages/airflow/example_dags/example_sensors.py
[2026-02-05T13:13:48.238+0000] {processor.py:840} INFO - DAG(s) 'example_sensors' retrieved from /home/airflow/.local/lib/python3.12/site-packages/airflow/example_dags/example_sensors.py
[2026-02-05T13:13:48.255+0000] {logging_mixin.py:188} INFO - [2026-02-05T13:13:48.255+0000] {dag.py:3096} INFO - Sync 1 DAGs
[2026-02-05T13:13:48.262+0000] {logging_mixin.py:188} INFO - [2026-02-05T13:13:48.262+0000] {dag.py:3954} INFO - Setting next_dagrun for example_sensors to None, run_after=None
[2026-02-05T13:13:48.272+0000] {processor.py:183} INFO - Processing /home/airflow/.local/lib/python3.12/site-packages/airflow/example_dags/example_sensors.py took 0.046 seconds
[2026-02-05T13:14:19.199+0000] {processor.py:161} INFO - Started process (PID=2208) to work on /home/airflow/.local/lib/python3.12/site-packages/airflow/example_dags/example_sensors.py
[2026-02-05T13:14:19.201+0000] {processor.py:830} INFO - Processing file /home/airflow/.local/lib/python3.12/site-packages/airflow/example_dags/example_sensors.py for tasks to queue
[2026-02-05T13:14:19.202+0000] {logging_mixin.py:188} INFO - [2026-02-05T13:14:19.202+0000] {dagbag.py:540} INFO - Filling up the DagBag from /home/airflow/.local/lib/python3.12/site-packages/airflow/example_dags/example_sensors.py
[2026-02-05T13:14:19.207+0000] {processor.py:840} INFO - DAG(s) 'example_sensors' retrieved from /home/airflow/.local/lib/python3.12/site-packages/airflow/example_dags/example_sensors.py
[2026-02-05T13:14:19.221+0000] {logging_mixin.py:188} INFO - [2026-02-05T13:14:19.220+0000] {dag.py:3096} INFO - Sync 1 DAGs
[2026-02-05T13:14:19.230+0000] {logging_mixin.py:188} INFO - [2026-02-05T13:14:19.230+0000] {dag.py:3954} INFO - Setting next_dagrun for example_sensors to None, run_after=None
[2026-02-05T13:14:19.242+0000] {processor.py:183} INFO - Processing /home/airflow/.local/lib/python3.12/site-packages/airflow/example_dags/example_sensors.py took 0.046 seconds
[2026-02-05T13:14:49.326+0000] {processor.py:161} INFO - Started process (PID=2266) to work on /home/airflow/.local/lib/python3.12/site-packages/airflow/example_dags/example_sensors.py
[2026-02-05T13:14:49.326+0000] {processor.py:830} INFO - Processing file /home/airflow/.local/lib/python3.12/site-packages/airflow/example_dags/example_sensors.py for tasks to queue
[2026-02-05T13:14:49.328+0000] {logging_mixin.py:188} INFO - [2026-02-05T13:14:49.327+0000] {dagbag.py:540} INFO - Filling up the DagBag from /home/airflow/.local/lib/python3.12/site-packages/airflow/example_dags/example_sensors.py
[2026-02-05T13:14:49.333+0000] {processor.py:840} INFO - DAG(s) 'example_sensors' retrieved from /home/airflow/.local/lib/python3.12/site-packages/airflow/example_dags/example_sensors.py
[2026-02-05T13:14:49.347+0000] {logging_mixin.py:188} INFO - [2026-02-05T13:14:49.347+0000] {dag.py:3096} INFO - Sync 1 DAGs
[2026-02-05T13:14:49.354+0000] {logging_mixin.py:188} INFO - [2026-02-05T13:14:49.354+0000] {dag.py:3954} INFO - Setting next_dagrun for example_sensors to None, run_after=None
[2026-02-05T13:14:49.364+0000] {processor.py:183} INFO - Processing /home/airflow/.local/lib/python3.12/site-packages/airflow/example_dags/example_sensors.py took 0.042 seconds
[2026-02-05T13:15:20.340+0000] {processor.py:161} INFO - Started process (PID=2323) to work on /home/airflow/.local/lib/python3.12/site-packages/airflow/example_dags/example_sensors.py
[2026-02-05T13:15:20.341+0000] {processor.py:830} INFO - Processing file /home/airflow/.local/lib/python3.12/site-packages/airflow/example_dags/example_sensors.py for tasks to queue
[2026-02-05T13:15:20.342+0000] {logging_mixin.py:188} INFO - [2026-02-05T13:15:20.342+0000] {dagbag.py:540} INFO - Filling up the DagBag from /home/airflow/.local/lib/python3.12/site-packages/airflow/example_dags/example_sensors.py
[2026-02-05T13:15:20.347+0000] {processor.py:840} INFO - DAG(s) 'example_sensors' retrieved from /home/airflow/.local/lib/python3.12/site-packages/airflow/example_dags/example_sensors.py
[2026-02-05T13:15:20.364+0000] {logging_mixin.py:188} INFO - [2026-02-05T13:15:20.364+0000] {dag.py:3096} INFO - Sync 1 DAGs
[2026-02-05T13:15:20.370+0000] {logging_mixin.py:188} INFO - [2026-02-05T13:15:20.370+0000] {dag.py:3954} INFO - Setting next_dagrun for example_sensors to None, run_after=None
[2026-02-05T13:15:20.382+0000] {processor.py:183} INFO - Processing /home/airflow/.local/lib/python3.12/site-packages/airflow/example_dags/example_sensors.py took 0.046 seconds
[2026-02-05T13:15:51.199+0000] {processor.py:161} INFO - Started process (PID=2381) to work on /home/airflow/.local/lib/python3.12/site-packages/airflow/example_dags/example_sensors.py
[2026-02-05T13:15:51.200+0000] {processor.py:830} INFO - Processing file /home/airflow/.local/lib/python3.12/site-packages/airflow/example_dags/example_sensors.py for tasks to queue
[2026-02-05T13:15:51.202+0000] {logging_mixin.py:188} INFO - [2026-02-05T13:15:51.202+0000] {dagbag.py:540} INFO - Filling up the DagBag from /home/airflow/.local/lib/python3.12/site-packages/airflow/example_dags/example_sensors.py
[2026-02-05T13:15:51.207+0000] {processor.py:840} INFO - DAG(s) 'example_sensors' retrieved from /home/airflow/.local/lib/python3.12/site-packages/airflow/example_dags/example_sensors.py
[2026-02-05T13:15:51.220+0000] {logging_mixin.py:188} INFO - [2026-02-05T13:15:51.220+0000] {dag.py:3096} INFO - Sync 1 DAGs
[2026-02-05T13:15:51.227+0000] {logging_mixin.py:188} INFO - [2026-02-05T13:15:51.227+0000] {dag.py:3954} INFO - Setting next_dagrun for example_sensors to None, run_after=None
[2026-02-05T13:15:51.242+0000] {processor.py:183} INFO - Processing /home/airflow/.local/lib/python3.12/site-packages/airflow/example_dags/example_sensors.py took 0.046 seconds
[2026-02-05T13:16:22.189+0000] {processor.py:161} INFO - Started process (PID=2439) to work on /home/airflow/.local/lib/python3.12/site-packages/airflow/example_dags/example_sensors.py
[2026-02-05T13:16:22.190+0000] {processor.py:830} INFO - Processing file /home/airflow/.local/lib/python3.12/site-packages/airflow/example_dags/example_sensors.py for tasks to queue
[2026-02-05T13:16:22.191+0000] {logging_mixin.py:188} INFO - [2026-02-05T13:16:22.191+0000] {dagbag.py:540} INFO - Filling up the DagBag from /home/airflow/.local/lib/python3.12/site-packages/airflow/example_dags/example_sensors.py
[2026-02-05T13:16:22.196+0000] {processor.py:840} INFO - DAG(s) 'example_sensors' retrieved from /home/airflow/.local/lib/python3.12/site-packages/airflow/example_dags/example_sensors.py
[2026-02-05T13:16:22.210+0000] {logging_mixin.py:188} INFO - [2026-02-05T13:16:22.209+0000] {dag.py:3096} INFO - Sync 1 DAGs
[2026-02-05T13:16:22.216+0000] {logging_mixin.py:188} INFO - [2026-02-05T13:16:22.216+0000] {dag.py:3954} INFO - Setting next_dagrun for example_sensors to None, run_after=None
[2026-02-05T13:16:22.228+0000] {processor.py:183} INFO - Processing /home/airflow/.local/lib/python3.12/site-packages/airflow/example_dags/example_sensors.py took 0.042 seconds
[2026-02-05T13:16:53.245+0000] {processor.py:161} INFO - Started process (PID=2497) to work on /home/airflow/.local/lib/python3.12/site-packages/airflow/example_dags/example_sensors.py
[2026-02-05T13:16:53.246+0000] {processor.py:830} INFO - Processing file /home/airflow/.local/lib/python3.12/site-packages/airflow/example_dags/example_sensors.py for tasks to queue
[2026-02-05T13:16:53.247+0000] {logging_mixin.py:188} INFO - [2026-02-05T13:16:53.247+0000] {dagbag.py:540} INFO - Filling up the DagBag from /home/airflow/.local/lib/python3.12/site-packages/airflow/example_dags/example_sensors.py
[2026-02-05T13:16:53.253+0000] {processor.py:840} INFO - DAG(s) 'example_sensors' retrieved from /home/airflow/.local/lib/python3.12/site-packages/airflow/example_dags/example_sensors.py
[2026-02-05T13:16:53.272+0000] {logging_mixin.py:188} INFO - [2026-02-05T13:16:53.272+0000] {dag.py:3096} INFO - Sync 1 DAGs
[2026-02-05T13:16:53.281+0000] {logging_mixin.py:188} INFO - [2026-02-05T13:16:53.281+0000] {dag.py:3954} INFO - Setting next_dagrun for example_sensors to None, run_after=None
[2026-02-05T13:16:53.292+0000] {processor.py:183} INFO - Processing /home/airflow/.local/lib/python3.12/site-packages/airflow/example_dags/example_sensors.py took 0.051 seconds
[2026-02-05T13:17:24.298+0000] {processor.py:161} INFO - Started process (PID=2555) to work on /home/airflow/.local/lib/python3.12/site-packages/airflow/example_dags/example_sensors.py
[2026-02-05T13:17:24.299+0000] {processor.py:830} INFO - Processing file /home/airflow/.local/lib/python3.12/site-packages/airflow/example_dags/example_sensors.py for tasks to queue
[2026-02-05T13:17:24.302+0000] {logging_mixin.py:188} INFO - [2026-02-05T13:17:24.301+0000] {dagbag.py:540} INFO - Filling up the DagBag from /home/airflow/.local/lib/python3.12/site-packages/airflow/example_dags/example_sensors.py
[2026-02-05T13:17:24.307+0000] {processor.py:840} INFO - DAG(s) 'example_sensors' retrieved from /home/airflow/.local/lib/python3.12/site-packages/airflow/example_dags/example_sensors.py
[2026-02-05T13:17:24.320+0000] {logging_mixin.py:188} INFO - [2026-02-05T13:17:24.320+0000] {dag.py:3096} INFO - Sync 1 DAGs
[2026-02-05T13:17:24.327+0000] {logging_mixin.py:188} INFO - [2026-02-05T13:17:24.327+0000] {dag.py:3954} INFO - Setting next_dagrun for example_sensors to None, run_after=None
[2026-02-05T13:17:24.340+0000] {processor.py:183} INFO - Processing /home/airflow/.local/lib/python3.12/site-packages/airflow/example_dags/example_sensors.py took 0.046 seconds
[2026-02-05T13:17:54.454+0000] {processor.py:161} INFO - Started process (PID=2612) to work on /home/airflow/.local/lib/python3.12/site-packages/airflow/example_dags/example_sensors.py
[2026-02-05T13:17:54.458+0000] {processor.py:830} INFO - Processing file /home/airflow/.local/lib/python3.12/site-packages/airflow/example_dags/example_sensors.py for tasks to queue
[2026-02-05T13:17:54.460+0000] {logging_mixin.py:188} INFO - [2026-02-05T13:17:54.459+0000] {dagbag.py:540} INFO - Filling up the DagBag from /home/airflow/.local/lib/python3.12/site-packages/airflow/example_dags/example_sensors.py
[2026-02-05T13:17:54.465+0000] {processor.py:840} INFO - DAG(s) 'example_sensors' retrieved from /home/airflow/.local/lib/python3.12/site-packages/airflow/example_dags/example_sensors.py
[2026-02-05T13:17:54.485+0000] {logging_mixin.py:188} INFO - [2026-02-05T13:17:54.485+0000] {dag.py:3096} INFO - Sync 1 DAGs
[2026-02-05T13:17:54.491+0000] {logging_mixin.py:188} INFO - [2026-02-05T13:17:54.491+0000] {dag.py:3954} INFO - Setting next_dagrun for example_sensors to None, run_after=None
[2026-02-05T13:17:54.501+0000] {processor.py:183} INFO - Processing /home/airflow/.local/lib/python3.12/site-packages/airflow/example_dags/example_sensors.py took 0.050 seconds
