[2026-02-05T12:55:34.224+0000] {processor.py:161} INFO - Started process (PID=80) to work on /home/airflow/.local/lib/python3.12/site-packages/airflow/example_dags/example_task_group_decorator.py
[2026-02-05T12:55:34.225+0000] {processor.py:830} INFO - Processing file /home/airflow/.local/lib/python3.12/site-packages/airflow/example_dags/example_task_group_decorator.py for tasks to queue
[2026-02-05T12:55:34.226+0000] {logging_mixin.py:188} INFO - [2026-02-05T12:55:34.226+0000] {dagbag.py:540} INFO - Filling up the DagBag from /home/airflow/.local/lib/python3.12/site-packages/airflow/example_dags/example_task_group_decorator.py
[2026-02-05T12:55:34.238+0000] {processor.py:840} INFO - DAG(s) 'example_task_group_decorator' retrieved from /home/airflow/.local/lib/python3.12/site-packages/airflow/example_dags/example_task_group_decorator.py
[2026-02-05T12:55:34.246+0000] {logging_mixin.py:188} INFO - [2026-02-05T12:55:34.246+0000] {dag.py:3096} INFO - Sync 1 DAGs
[2026-02-05T12:55:34.260+0000] {logging_mixin.py:188} INFO - [2026-02-05T12:55:34.260+0000] {dag.py:3954} INFO - Setting next_dagrun for example_task_group_decorator to 2026-02-04 00:00:00+00:00, run_after=2026-02-05 00:00:00+00:00
[2026-02-05T12:55:34.274+0000] {processor.py:183} INFO - Processing /home/airflow/.local/lib/python3.12/site-packages/airflow/example_dags/example_task_group_decorator.py took 0.054 seconds
[2026-02-05T12:56:05.125+0000] {processor.py:161} INFO - Started process (PID=138) to work on /home/airflow/.local/lib/python3.12/site-packages/airflow/example_dags/example_task_group_decorator.py
[2026-02-05T12:56:05.131+0000] {processor.py:830} INFO - Processing file /home/airflow/.local/lib/python3.12/site-packages/airflow/example_dags/example_task_group_decorator.py for tasks to queue
[2026-02-05T12:56:05.132+0000] {logging_mixin.py:188} INFO - [2026-02-05T12:56:05.132+0000] {dagbag.py:540} INFO - Filling up the DagBag from /home/airflow/.local/lib/python3.12/site-packages/airflow/example_dags/example_task_group_decorator.py
[2026-02-05T12:56:05.144+0000] {processor.py:840} INFO - DAG(s) 'example_task_group_decorator' retrieved from /home/airflow/.local/lib/python3.12/site-packages/airflow/example_dags/example_task_group_decorator.py
[2026-02-05T12:56:05.205+0000] {logging_mixin.py:188} INFO - [2026-02-05T12:56:05.205+0000] {dag.py:3096} INFO - Sync 1 DAGs
[2026-02-05T12:56:05.217+0000] {logging_mixin.py:188} INFO - [2026-02-05T12:56:05.217+0000] {dag.py:3954} INFO - Setting next_dagrun for example_task_group_decorator to 2026-02-04 00:00:00+00:00, run_after=2026-02-05 00:00:00+00:00
[2026-02-05T12:56:05.228+0000] {processor.py:183} INFO - Processing /home/airflow/.local/lib/python3.12/site-packages/airflow/example_dags/example_task_group_decorator.py took 0.106 seconds
[2026-02-05T12:56:35.820+0000] {processor.py:161} INFO - Started process (PID=196) to work on /home/airflow/.local/lib/python3.12/site-packages/airflow/example_dags/example_task_group_decorator.py
[2026-02-05T12:56:35.821+0000] {processor.py:830} INFO - Processing file /home/airflow/.local/lib/python3.12/site-packages/airflow/example_dags/example_task_group_decorator.py for tasks to queue
[2026-02-05T12:56:35.826+0000] {logging_mixin.py:188} INFO - [2026-02-05T12:56:35.826+0000] {dagbag.py:540} INFO - Filling up the DagBag from /home/airflow/.local/lib/python3.12/site-packages/airflow/example_dags/example_task_group_decorator.py
[2026-02-05T12:56:35.835+0000] {processor.py:840} INFO - DAG(s) 'example_task_group_decorator' retrieved from /home/airflow/.local/lib/python3.12/site-packages/airflow/example_dags/example_task_group_decorator.py
[2026-02-05T12:56:35.851+0000] {logging_mixin.py:188} INFO - [2026-02-05T12:56:35.850+0000] {dag.py:3096} INFO - Sync 1 DAGs
[2026-02-05T12:56:35.865+0000] {logging_mixin.py:188} INFO - [2026-02-05T12:56:35.865+0000] {dag.py:3954} INFO - Setting next_dagrun for example_task_group_decorator to 2026-02-04 00:00:00+00:00, run_after=2026-02-05 00:00:00+00:00
[2026-02-05T12:56:35.879+0000] {processor.py:183} INFO - Processing /home/airflow/.local/lib/python3.12/site-packages/airflow/example_dags/example_task_group_decorator.py took 0.062 seconds
[2026-02-05T12:57:05.916+0000] {processor.py:161} INFO - Started process (PID=254) to work on /home/airflow/.local/lib/python3.12/site-packages/airflow/example_dags/example_task_group_decorator.py
[2026-02-05T12:57:05.917+0000] {processor.py:830} INFO - Processing file /home/airflow/.local/lib/python3.12/site-packages/airflow/example_dags/example_task_group_decorator.py for tasks to queue
[2026-02-05T12:57:05.918+0000] {logging_mixin.py:188} INFO - [2026-02-05T12:57:05.918+0000] {dagbag.py:540} INFO - Filling up the DagBag from /home/airflow/.local/lib/python3.12/site-packages/airflow/example_dags/example_task_group_decorator.py
[2026-02-05T12:57:05.925+0000] {processor.py:840} INFO - DAG(s) 'example_task_group_decorator' retrieved from /home/airflow/.local/lib/python3.12/site-packages/airflow/example_dags/example_task_group_decorator.py
[2026-02-05T12:57:05.937+0000] {logging_mixin.py:188} INFO - [2026-02-05T12:57:05.936+0000] {dag.py:3096} INFO - Sync 1 DAGs
[2026-02-05T12:57:05.946+0000] {logging_mixin.py:188} INFO - [2026-02-05T12:57:05.946+0000] {dag.py:3954} INFO - Setting next_dagrun for example_task_group_decorator to 2026-02-04 00:00:00+00:00, run_after=2026-02-05 00:00:00+00:00
[2026-02-05T12:57:05.955+0000] {processor.py:183} INFO - Processing /home/airflow/.local/lib/python3.12/site-packages/airflow/example_dags/example_task_group_decorator.py took 0.041 seconds
[2026-02-05T12:57:36.421+0000] {processor.py:161} INFO - Started process (PID=312) to work on /home/airflow/.local/lib/python3.12/site-packages/airflow/example_dags/example_task_group_decorator.py
[2026-02-05T12:57:36.423+0000] {processor.py:830} INFO - Processing file /home/airflow/.local/lib/python3.12/site-packages/airflow/example_dags/example_task_group_decorator.py for tasks to queue
[2026-02-05T12:57:36.424+0000] {logging_mixin.py:188} INFO - [2026-02-05T12:57:36.424+0000] {dagbag.py:540} INFO - Filling up the DagBag from /home/airflow/.local/lib/python3.12/site-packages/airflow/example_dags/example_task_group_decorator.py
[2026-02-05T12:57:36.431+0000] {processor.py:840} INFO - DAG(s) 'example_task_group_decorator' retrieved from /home/airflow/.local/lib/python3.12/site-packages/airflow/example_dags/example_task_group_decorator.py
[2026-02-05T12:57:36.445+0000] {logging_mixin.py:188} INFO - [2026-02-05T12:57:36.445+0000] {dag.py:3096} INFO - Sync 1 DAGs
[2026-02-05T12:57:36.457+0000] {logging_mixin.py:188} INFO - [2026-02-05T12:57:36.457+0000] {dag.py:3954} INFO - Setting next_dagrun for example_task_group_decorator to 2026-02-04 00:00:00+00:00, run_after=2026-02-05 00:00:00+00:00
[2026-02-05T12:57:36.469+0000] {processor.py:183} INFO - Processing /home/airflow/.local/lib/python3.12/site-packages/airflow/example_dags/example_task_group_decorator.py took 0.051 seconds
[2026-02-05T12:58:06.831+0000] {processor.py:161} INFO - Started process (PID=370) to work on /home/airflow/.local/lib/python3.12/site-packages/airflow/example_dags/example_task_group_decorator.py
[2026-02-05T12:58:06.832+0000] {processor.py:830} INFO - Processing file /home/airflow/.local/lib/python3.12/site-packages/airflow/example_dags/example_task_group_decorator.py for tasks to queue
[2026-02-05T12:58:06.834+0000] {logging_mixin.py:188} INFO - [2026-02-05T12:58:06.834+0000] {dagbag.py:540} INFO - Filling up the DagBag from /home/airflow/.local/lib/python3.12/site-packages/airflow/example_dags/example_task_group_decorator.py
[2026-02-05T12:58:06.841+0000] {processor.py:840} INFO - DAG(s) 'example_task_group_decorator' retrieved from /home/airflow/.local/lib/python3.12/site-packages/airflow/example_dags/example_task_group_decorator.py
[2026-02-05T12:58:06.854+0000] {logging_mixin.py:188} INFO - [2026-02-05T12:58:06.854+0000] {dag.py:3096} INFO - Sync 1 DAGs
[2026-02-05T12:58:06.868+0000] {logging_mixin.py:188} INFO - [2026-02-05T12:58:06.868+0000] {dag.py:3954} INFO - Setting next_dagrun for example_task_group_decorator to 2026-02-04 00:00:00+00:00, run_after=2026-02-05 00:00:00+00:00
[2026-02-05T12:58:06.879+0000] {processor.py:183} INFO - Processing /home/airflow/.local/lib/python3.12/site-packages/airflow/example_dags/example_task_group_decorator.py took 0.052 seconds
[2026-02-05T12:58:36.934+0000] {processor.py:161} INFO - Started process (PID=428) to work on /home/airflow/.local/lib/python3.12/site-packages/airflow/example_dags/example_task_group_decorator.py
[2026-02-05T12:58:36.935+0000] {processor.py:830} INFO - Processing file /home/airflow/.local/lib/python3.12/site-packages/airflow/example_dags/example_task_group_decorator.py for tasks to queue
[2026-02-05T12:58:36.937+0000] {logging_mixin.py:188} INFO - [2026-02-05T12:58:36.937+0000] {dagbag.py:540} INFO - Filling up the DagBag from /home/airflow/.local/lib/python3.12/site-packages/airflow/example_dags/example_task_group_decorator.py
[2026-02-05T12:58:36.948+0000] {processor.py:840} INFO - DAG(s) 'example_task_group_decorator' retrieved from /home/airflow/.local/lib/python3.12/site-packages/airflow/example_dags/example_task_group_decorator.py
[2026-02-05T12:58:36.967+0000] {logging_mixin.py:188} INFO - [2026-02-05T12:58:36.967+0000] {dag.py:3096} INFO - Sync 1 DAGs
[2026-02-05T12:58:36.978+0000] {logging_mixin.py:188} INFO - [2026-02-05T12:58:36.978+0000] {dag.py:3954} INFO - Setting next_dagrun for example_task_group_decorator to 2026-02-04 00:00:00+00:00, run_after=2026-02-05 00:00:00+00:00
[2026-02-05T12:58:36.988+0000] {processor.py:183} INFO - Processing /home/airflow/.local/lib/python3.12/site-packages/airflow/example_dags/example_task_group_decorator.py took 0.058 seconds
[2026-02-05T12:59:07.022+0000] {processor.py:161} INFO - Started process (PID=495) to work on /home/airflow/.local/lib/python3.12/site-packages/airflow/example_dags/example_task_group_decorator.py
[2026-02-05T12:59:07.023+0000] {processor.py:830} INFO - Processing file /home/airflow/.local/lib/python3.12/site-packages/airflow/example_dags/example_task_group_decorator.py for tasks to queue
[2026-02-05T12:59:07.023+0000] {logging_mixin.py:188} INFO - [2026-02-05T12:59:07.023+0000] {dagbag.py:540} INFO - Filling up the DagBag from /home/airflow/.local/lib/python3.12/site-packages/airflow/example_dags/example_task_group_decorator.py
[2026-02-05T12:59:07.031+0000] {processor.py:840} INFO - DAG(s) 'example_task_group_decorator' retrieved from /home/airflow/.local/lib/python3.12/site-packages/airflow/example_dags/example_task_group_decorator.py
[2026-02-05T12:59:07.043+0000] {logging_mixin.py:188} INFO - [2026-02-05T12:59:07.043+0000] {dag.py:3096} INFO - Sync 1 DAGs
[2026-02-05T12:59:07.052+0000] {logging_mixin.py:188} INFO - [2026-02-05T12:59:07.052+0000] {dag.py:3954} INFO - Setting next_dagrun for example_task_group_decorator to 2026-02-04 00:00:00+00:00, run_after=2026-02-05 00:00:00+00:00
[2026-02-05T12:59:07.061+0000] {processor.py:183} INFO - Processing /home/airflow/.local/lib/python3.12/site-packages/airflow/example_dags/example_task_group_decorator.py took 0.042 seconds
[2026-02-05T12:59:37.228+0000] {processor.py:161} INFO - Started process (PID=554) to work on /home/airflow/.local/lib/python3.12/site-packages/airflow/example_dags/example_task_group_decorator.py
[2026-02-05T12:59:37.229+0000] {processor.py:830} INFO - Processing file /home/airflow/.local/lib/python3.12/site-packages/airflow/example_dags/example_task_group_decorator.py for tasks to queue
[2026-02-05T12:59:37.230+0000] {logging_mixin.py:188} INFO - [2026-02-05T12:59:37.230+0000] {dagbag.py:540} INFO - Filling up the DagBag from /home/airflow/.local/lib/python3.12/site-packages/airflow/example_dags/example_task_group_decorator.py
[2026-02-05T12:59:37.237+0000] {processor.py:840} INFO - DAG(s) 'example_task_group_decorator' retrieved from /home/airflow/.local/lib/python3.12/site-packages/airflow/example_dags/example_task_group_decorator.py
[2026-02-05T12:59:37.250+0000] {logging_mixin.py:188} INFO - [2026-02-05T12:59:37.250+0000] {dag.py:3096} INFO - Sync 1 DAGs
[2026-02-05T12:59:37.263+0000] {logging_mixin.py:188} INFO - [2026-02-05T12:59:37.263+0000] {dag.py:3954} INFO - Setting next_dagrun for example_task_group_decorator to 2026-02-04 00:00:00+00:00, run_after=2026-02-05 00:00:00+00:00
[2026-02-05T12:59:37.273+0000] {processor.py:183} INFO - Processing /home/airflow/.local/lib/python3.12/site-packages/airflow/example_dags/example_task_group_decorator.py took 0.048 seconds
[2026-02-05T13:00:07.486+0000] {processor.py:161} INFO - Started process (PID=612) to work on /home/airflow/.local/lib/python3.12/site-packages/airflow/example_dags/example_task_group_decorator.py
[2026-02-05T13:00:07.487+0000] {processor.py:830} INFO - Processing file /home/airflow/.local/lib/python3.12/site-packages/airflow/example_dags/example_task_group_decorator.py for tasks to queue
[2026-02-05T13:00:07.489+0000] {logging_mixin.py:188} INFO - [2026-02-05T13:00:07.489+0000] {dagbag.py:540} INFO - Filling up the DagBag from /home/airflow/.local/lib/python3.12/site-packages/airflow/example_dags/example_task_group_decorator.py
[2026-02-05T13:00:07.496+0000] {processor.py:840} INFO - DAG(s) 'example_task_group_decorator' retrieved from /home/airflow/.local/lib/python3.12/site-packages/airflow/example_dags/example_task_group_decorator.py
[2026-02-05T13:00:07.509+0000] {logging_mixin.py:188} INFO - [2026-02-05T13:00:07.509+0000] {dag.py:3096} INFO - Sync 1 DAGs
[2026-02-05T13:00:07.522+0000] {logging_mixin.py:188} INFO - [2026-02-05T13:00:07.522+0000] {dag.py:3954} INFO - Setting next_dagrun for example_task_group_decorator to 2026-02-04 00:00:00+00:00, run_after=2026-02-05 00:00:00+00:00
[2026-02-05T13:00:07.532+0000] {processor.py:183} INFO - Processing /home/airflow/.local/lib/python3.12/site-packages/airflow/example_dags/example_task_group_decorator.py took 0.049 seconds
[2026-02-05T13:00:37.732+0000] {processor.py:161} INFO - Started process (PID=670) to work on /home/airflow/.local/lib/python3.12/site-packages/airflow/example_dags/example_task_group_decorator.py
[2026-02-05T13:00:37.732+0000] {processor.py:830} INFO - Processing file /home/airflow/.local/lib/python3.12/site-packages/airflow/example_dags/example_task_group_decorator.py for tasks to queue
[2026-02-05T13:00:37.734+0000] {logging_mixin.py:188} INFO - [2026-02-05T13:00:37.733+0000] {dagbag.py:540} INFO - Filling up the DagBag from /home/airflow/.local/lib/python3.12/site-packages/airflow/example_dags/example_task_group_decorator.py
[2026-02-05T13:00:37.740+0000] {processor.py:840} INFO - DAG(s) 'example_task_group_decorator' retrieved from /home/airflow/.local/lib/python3.12/site-packages/airflow/example_dags/example_task_group_decorator.py
[2026-02-05T13:00:37.753+0000] {logging_mixin.py:188} INFO - [2026-02-05T13:00:37.753+0000] {dag.py:3096} INFO - Sync 1 DAGs
[2026-02-05T13:00:37.766+0000] {logging_mixin.py:188} INFO - [2026-02-05T13:00:37.766+0000] {dag.py:3954} INFO - Setting next_dagrun for example_task_group_decorator to 2026-02-04 00:00:00+00:00, run_after=2026-02-05 00:00:00+00:00
[2026-02-05T13:00:37.777+0000] {processor.py:183} INFO - Processing /home/airflow/.local/lib/python3.12/site-packages/airflow/example_dags/example_task_group_decorator.py took 0.048 seconds
[2026-02-05T13:01:08.705+0000] {processor.py:161} INFO - Started process (PID=728) to work on /home/airflow/.local/lib/python3.12/site-packages/airflow/example_dags/example_task_group_decorator.py
[2026-02-05T13:01:08.709+0000] {processor.py:830} INFO - Processing file /home/airflow/.local/lib/python3.12/site-packages/airflow/example_dags/example_task_group_decorator.py for tasks to queue
[2026-02-05T13:01:08.710+0000] {logging_mixin.py:188} INFO - [2026-02-05T13:01:08.710+0000] {dagbag.py:540} INFO - Filling up the DagBag from /home/airflow/.local/lib/python3.12/site-packages/airflow/example_dags/example_task_group_decorator.py
[2026-02-05T13:01:08.716+0000] {processor.py:840} INFO - DAG(s) 'example_task_group_decorator' retrieved from /home/airflow/.local/lib/python3.12/site-packages/airflow/example_dags/example_task_group_decorator.py
[2026-02-05T13:01:08.727+0000] {logging_mixin.py:188} INFO - [2026-02-05T13:01:08.727+0000] {dag.py:3096} INFO - Sync 1 DAGs
[2026-02-05T13:01:08.740+0000] {logging_mixin.py:188} INFO - [2026-02-05T13:01:08.740+0000] {dag.py:3954} INFO - Setting next_dagrun for example_task_group_decorator to 2026-02-04 00:00:00+00:00, run_after=2026-02-05 00:00:00+00:00
[2026-02-05T13:01:08.749+0000] {processor.py:183} INFO - Processing /home/airflow/.local/lib/python3.12/site-packages/airflow/example_dags/example_task_group_decorator.py took 0.046 seconds
[2026-02-05T13:01:39.039+0000] {processor.py:161} INFO - Started process (PID=786) to work on /home/airflow/.local/lib/python3.12/site-packages/airflow/example_dags/example_task_group_decorator.py
[2026-02-05T13:01:39.040+0000] {processor.py:830} INFO - Processing file /home/airflow/.local/lib/python3.12/site-packages/airflow/example_dags/example_task_group_decorator.py for tasks to queue
[2026-02-05T13:01:39.041+0000] {logging_mixin.py:188} INFO - [2026-02-05T13:01:39.040+0000] {dagbag.py:540} INFO - Filling up the DagBag from /home/airflow/.local/lib/python3.12/site-packages/airflow/example_dags/example_task_group_decorator.py
[2026-02-05T13:01:39.048+0000] {processor.py:840} INFO - DAG(s) 'example_task_group_decorator' retrieved from /home/airflow/.local/lib/python3.12/site-packages/airflow/example_dags/example_task_group_decorator.py
[2026-02-05T13:01:39.063+0000] {logging_mixin.py:188} INFO - [2026-02-05T13:01:39.063+0000] {dag.py:3096} INFO - Sync 1 DAGs
[2026-02-05T13:01:39.076+0000] {logging_mixin.py:188} INFO - [2026-02-05T13:01:39.076+0000] {dag.py:3954} INFO - Setting next_dagrun for example_task_group_decorator to 2026-02-04 00:00:00+00:00, run_after=2026-02-05 00:00:00+00:00
[2026-02-05T13:01:39.086+0000] {processor.py:183} INFO - Processing /home/airflow/.local/lib/python3.12/site-packages/airflow/example_dags/example_task_group_decorator.py took 0.051 seconds
[2026-02-05T13:02:09.336+0000] {processor.py:161} INFO - Started process (PID=843) to work on /home/airflow/.local/lib/python3.12/site-packages/airflow/example_dags/example_task_group_decorator.py
[2026-02-05T13:02:09.336+0000] {processor.py:830} INFO - Processing file /home/airflow/.local/lib/python3.12/site-packages/airflow/example_dags/example_task_group_decorator.py for tasks to queue
[2026-02-05T13:02:09.337+0000] {logging_mixin.py:188} INFO - [2026-02-05T13:02:09.337+0000] {dagbag.py:540} INFO - Filling up the DagBag from /home/airflow/.local/lib/python3.12/site-packages/airflow/example_dags/example_task_group_decorator.py
[2026-02-05T13:02:09.344+0000] {processor.py:840} INFO - DAG(s) 'example_task_group_decorator' retrieved from /home/airflow/.local/lib/python3.12/site-packages/airflow/example_dags/example_task_group_decorator.py
[2026-02-05T13:02:09.358+0000] {logging_mixin.py:188} INFO - [2026-02-05T13:02:09.358+0000] {dag.py:3096} INFO - Sync 1 DAGs
[2026-02-05T13:02:09.368+0000] {logging_mixin.py:188} INFO - [2026-02-05T13:02:09.368+0000] {dag.py:3954} INFO - Setting next_dagrun for example_task_group_decorator to 2026-02-04 00:00:00+00:00, run_after=2026-02-05 00:00:00+00:00
[2026-02-05T13:02:09.381+0000] {processor.py:183} INFO - Processing /home/airflow/.local/lib/python3.12/site-packages/airflow/example_dags/example_task_group_decorator.py took 0.048 seconds
[2026-02-05T13:02:39.450+0000] {processor.py:161} INFO - Started process (PID=901) to work on /home/airflow/.local/lib/python3.12/site-packages/airflow/example_dags/example_task_group_decorator.py
[2026-02-05T13:02:39.451+0000] {processor.py:830} INFO - Processing file /home/airflow/.local/lib/python3.12/site-packages/airflow/example_dags/example_task_group_decorator.py for tasks to queue
[2026-02-05T13:02:39.452+0000] {logging_mixin.py:188} INFO - [2026-02-05T13:02:39.452+0000] {dagbag.py:540} INFO - Filling up the DagBag from /home/airflow/.local/lib/python3.12/site-packages/airflow/example_dags/example_task_group_decorator.py
[2026-02-05T13:02:39.459+0000] {processor.py:840} INFO - DAG(s) 'example_task_group_decorator' retrieved from /home/airflow/.local/lib/python3.12/site-packages/airflow/example_dags/example_task_group_decorator.py
[2026-02-05T13:02:39.473+0000] {logging_mixin.py:188} INFO - [2026-02-05T13:02:39.473+0000] {dag.py:3096} INFO - Sync 1 DAGs
[2026-02-05T13:02:39.485+0000] {logging_mixin.py:188} INFO - [2026-02-05T13:02:39.485+0000] {dag.py:3954} INFO - Setting next_dagrun for example_task_group_decorator to 2026-02-04 00:00:00+00:00, run_after=2026-02-05 00:00:00+00:00
[2026-02-05T13:02:39.496+0000] {processor.py:183} INFO - Processing /home/airflow/.local/lib/python3.12/site-packages/airflow/example_dags/example_task_group_decorator.py took 0.049 seconds
[2026-02-05T13:03:10.232+0000] {processor.py:161} INFO - Started process (PID=959) to work on /home/airflow/.local/lib/python3.12/site-packages/airflow/example_dags/example_task_group_decorator.py
[2026-02-05T13:03:10.233+0000] {processor.py:830} INFO - Processing file /home/airflow/.local/lib/python3.12/site-packages/airflow/example_dags/example_task_group_decorator.py for tasks to queue
[2026-02-05T13:03:10.237+0000] {logging_mixin.py:188} INFO - [2026-02-05T13:03:10.237+0000] {dagbag.py:540} INFO - Filling up the DagBag from /home/airflow/.local/lib/python3.12/site-packages/airflow/example_dags/example_task_group_decorator.py
[2026-02-05T13:03:10.244+0000] {processor.py:840} INFO - DAG(s) 'example_task_group_decorator' retrieved from /home/airflow/.local/lib/python3.12/site-packages/airflow/example_dags/example_task_group_decorator.py
[2026-02-05T13:03:10.259+0000] {logging_mixin.py:188} INFO - [2026-02-05T13:03:10.259+0000] {dag.py:3096} INFO - Sync 1 DAGs
[2026-02-05T13:03:10.272+0000] {logging_mixin.py:188} INFO - [2026-02-05T13:03:10.271+0000] {dag.py:3954} INFO - Setting next_dagrun for example_task_group_decorator to 2026-02-04 00:00:00+00:00, run_after=2026-02-05 00:00:00+00:00
[2026-02-05T13:03:10.284+0000] {processor.py:183} INFO - Processing /home/airflow/.local/lib/python3.12/site-packages/airflow/example_dags/example_task_group_decorator.py took 0.056 seconds
[2026-02-05T13:03:40.669+0000] {processor.py:161} INFO - Started process (PID=1017) to work on /home/airflow/.local/lib/python3.12/site-packages/airflow/example_dags/example_task_group_decorator.py
[2026-02-05T13:03:40.674+0000] {processor.py:830} INFO - Processing file /home/airflow/.local/lib/python3.12/site-packages/airflow/example_dags/example_task_group_decorator.py for tasks to queue
[2026-02-05T13:03:40.675+0000] {logging_mixin.py:188} INFO - [2026-02-05T13:03:40.674+0000] {dagbag.py:540} INFO - Filling up the DagBag from /home/airflow/.local/lib/python3.12/site-packages/airflow/example_dags/example_task_group_decorator.py
[2026-02-05T13:03:40.682+0000] {processor.py:840} INFO - DAG(s) 'example_task_group_decorator' retrieved from /home/airflow/.local/lib/python3.12/site-packages/airflow/example_dags/example_task_group_decorator.py
[2026-02-05T13:03:40.699+0000] {logging_mixin.py:188} INFO - [2026-02-05T13:03:40.699+0000] {dag.py:3096} INFO - Sync 1 DAGs
[2026-02-05T13:03:40.714+0000] {logging_mixin.py:188} INFO - [2026-02-05T13:03:40.714+0000] {dag.py:3954} INFO - Setting next_dagrun for example_task_group_decorator to 2026-02-04 00:00:00+00:00, run_after=2026-02-05 00:00:00+00:00
[2026-02-05T13:03:40.729+0000] {processor.py:183} INFO - Processing /home/airflow/.local/lib/python3.12/site-packages/airflow/example_dags/example_task_group_decorator.py took 0.063 seconds
[2026-02-05T13:04:11.740+0000] {processor.py:161} INFO - Started process (PID=1075) to work on /home/airflow/.local/lib/python3.12/site-packages/airflow/example_dags/example_task_group_decorator.py
[2026-02-05T13:04:11.741+0000] {processor.py:830} INFO - Processing file /home/airflow/.local/lib/python3.12/site-packages/airflow/example_dags/example_task_group_decorator.py for tasks to queue
[2026-02-05T13:04:11.745+0000] {logging_mixin.py:188} INFO - [2026-02-05T13:04:11.745+0000] {dagbag.py:540} INFO - Filling up the DagBag from /home/airflow/.local/lib/python3.12/site-packages/airflow/example_dags/example_task_group_decorator.py
[2026-02-05T13:04:11.752+0000] {processor.py:840} INFO - DAG(s) 'example_task_group_decorator' retrieved from /home/airflow/.local/lib/python3.12/site-packages/airflow/example_dags/example_task_group_decorator.py
[2026-02-05T13:04:11.764+0000] {logging_mixin.py:188} INFO - [2026-02-05T13:04:11.764+0000] {dag.py:3096} INFO - Sync 1 DAGs
[2026-02-05T13:04:11.774+0000] {logging_mixin.py:188} INFO - [2026-02-05T13:04:11.774+0000] {dag.py:3954} INFO - Setting next_dagrun for example_task_group_decorator to 2026-02-04 00:00:00+00:00, run_after=2026-02-05 00:00:00+00:00
[2026-02-05T13:04:11.785+0000] {processor.py:183} INFO - Processing /home/airflow/.local/lib/python3.12/site-packages/airflow/example_dags/example_task_group_decorator.py took 0.048 seconds
[2026-02-05T13:04:42.125+0000] {processor.py:161} INFO - Started process (PID=1133) to work on /home/airflow/.local/lib/python3.12/site-packages/airflow/example_dags/example_task_group_decorator.py
[2026-02-05T13:04:42.127+0000] {processor.py:830} INFO - Processing file /home/airflow/.local/lib/python3.12/site-packages/airflow/example_dags/example_task_group_decorator.py for tasks to queue
[2026-02-05T13:04:42.129+0000] {logging_mixin.py:188} INFO - [2026-02-05T13:04:42.128+0000] {dagbag.py:540} INFO - Filling up the DagBag from /home/airflow/.local/lib/python3.12/site-packages/airflow/example_dags/example_task_group_decorator.py
[2026-02-05T13:04:42.138+0000] {processor.py:840} INFO - DAG(s) 'example_task_group_decorator' retrieved from /home/airflow/.local/lib/python3.12/site-packages/airflow/example_dags/example_task_group_decorator.py
[2026-02-05T13:04:42.152+0000] {logging_mixin.py:188} INFO - [2026-02-05T13:04:42.152+0000] {dag.py:3096} INFO - Sync 1 DAGs
[2026-02-05T13:04:42.164+0000] {logging_mixin.py:188} INFO - [2026-02-05T13:04:42.164+0000] {dag.py:3954} INFO - Setting next_dagrun for example_task_group_decorator to 2026-02-04 00:00:00+00:00, run_after=2026-02-05 00:00:00+00:00
[2026-02-05T13:04:42.174+0000] {processor.py:183} INFO - Processing /home/airflow/.local/lib/python3.12/site-packages/airflow/example_dags/example_task_group_decorator.py took 0.053 seconds
[2026-02-05T13:05:12.947+0000] {processor.py:161} INFO - Started process (PID=1191) to work on /home/airflow/.local/lib/python3.12/site-packages/airflow/example_dags/example_task_group_decorator.py
[2026-02-05T13:05:12.948+0000] {processor.py:830} INFO - Processing file /home/airflow/.local/lib/python3.12/site-packages/airflow/example_dags/example_task_group_decorator.py for tasks to queue
[2026-02-05T13:05:12.952+0000] {logging_mixin.py:188} INFO - [2026-02-05T13:05:12.952+0000] {dagbag.py:540} INFO - Filling up the DagBag from /home/airflow/.local/lib/python3.12/site-packages/airflow/example_dags/example_task_group_decorator.py
[2026-02-05T13:05:12.959+0000] {processor.py:840} INFO - DAG(s) 'example_task_group_decorator' retrieved from /home/airflow/.local/lib/python3.12/site-packages/airflow/example_dags/example_task_group_decorator.py
[2026-02-05T13:05:12.971+0000] {logging_mixin.py:188} INFO - [2026-02-05T13:05:12.971+0000] {dag.py:3096} INFO - Sync 1 DAGs
[2026-02-05T13:05:12.981+0000] {logging_mixin.py:188} INFO - [2026-02-05T13:05:12.981+0000] {dag.py:3954} INFO - Setting next_dagrun for example_task_group_decorator to 2026-02-04 00:00:00+00:00, run_after=2026-02-05 00:00:00+00:00
[2026-02-05T13:05:12.991+0000] {processor.py:183} INFO - Processing /home/airflow/.local/lib/python3.12/site-packages/airflow/example_dags/example_task_group_decorator.py took 0.048 seconds
[2026-02-05T13:05:43.264+0000] {processor.py:161} INFO - Started process (PID=1249) to work on /home/airflow/.local/lib/python3.12/site-packages/airflow/example_dags/example_task_group_decorator.py
[2026-02-05T13:05:43.264+0000] {processor.py:830} INFO - Processing file /home/airflow/.local/lib/python3.12/site-packages/airflow/example_dags/example_task_group_decorator.py for tasks to queue
[2026-02-05T13:05:43.265+0000] {logging_mixin.py:188} INFO - [2026-02-05T13:05:43.265+0000] {dagbag.py:540} INFO - Filling up the DagBag from /home/airflow/.local/lib/python3.12/site-packages/airflow/example_dags/example_task_group_decorator.py
[2026-02-05T13:05:43.274+0000] {processor.py:840} INFO - DAG(s) 'example_task_group_decorator' retrieved from /home/airflow/.local/lib/python3.12/site-packages/airflow/example_dags/example_task_group_decorator.py
[2026-02-05T13:05:43.382+0000] {logging_mixin.py:188} INFO - [2026-02-05T13:05:43.382+0000] {dag.py:3096} INFO - Sync 1 DAGs
[2026-02-05T13:05:43.390+0000] {logging_mixin.py:188} INFO - [2026-02-05T13:05:43.390+0000] {dag.py:3954} INFO - Setting next_dagrun for example_task_group_decorator to 2026-02-04 00:00:00+00:00, run_after=2026-02-05 00:00:00+00:00
[2026-02-05T13:05:43.398+0000] {processor.py:183} INFO - Processing /home/airflow/.local/lib/python3.12/site-packages/airflow/example_dags/example_task_group_decorator.py took 0.138 seconds
[2026-02-05T13:06:13.913+0000] {processor.py:161} INFO - Started process (PID=1306) to work on /home/airflow/.local/lib/python3.12/site-packages/airflow/example_dags/example_task_group_decorator.py
[2026-02-05T13:06:13.916+0000] {processor.py:830} INFO - Processing file /home/airflow/.local/lib/python3.12/site-packages/airflow/example_dags/example_task_group_decorator.py for tasks to queue
[2026-02-05T13:06:13.918+0000] {logging_mixin.py:188} INFO - [2026-02-05T13:06:13.917+0000] {dagbag.py:540} INFO - Filling up the DagBag from /home/airflow/.local/lib/python3.12/site-packages/airflow/example_dags/example_task_group_decorator.py
[2026-02-05T13:06:13.924+0000] {processor.py:840} INFO - DAG(s) 'example_task_group_decorator' retrieved from /home/airflow/.local/lib/python3.12/site-packages/airflow/example_dags/example_task_group_decorator.py
[2026-02-05T13:06:13.943+0000] {logging_mixin.py:188} INFO - [2026-02-05T13:06:13.943+0000] {dag.py:3096} INFO - Sync 1 DAGs
[2026-02-05T13:06:13.958+0000] {logging_mixin.py:188} INFO - [2026-02-05T13:06:13.958+0000] {dag.py:3954} INFO - Setting next_dagrun for example_task_group_decorator to 2026-02-04 00:00:00+00:00, run_after=2026-02-05 00:00:00+00:00
[2026-02-05T13:06:13.970+0000] {processor.py:183} INFO - Processing /home/airflow/.local/lib/python3.12/site-packages/airflow/example_dags/example_task_group_decorator.py took 0.060 seconds
[2026-02-05T13:06:44.061+0000] {processor.py:161} INFO - Started process (PID=1364) to work on /home/airflow/.local/lib/python3.12/site-packages/airflow/example_dags/example_task_group_decorator.py
[2026-02-05T13:06:44.061+0000] {processor.py:830} INFO - Processing file /home/airflow/.local/lib/python3.12/site-packages/airflow/example_dags/example_task_group_decorator.py for tasks to queue
[2026-02-05T13:06:44.062+0000] {logging_mixin.py:188} INFO - [2026-02-05T13:06:44.062+0000] {dagbag.py:540} INFO - Filling up the DagBag from /home/airflow/.local/lib/python3.12/site-packages/airflow/example_dags/example_task_group_decorator.py
[2026-02-05T13:06:44.069+0000] {processor.py:840} INFO - DAG(s) 'example_task_group_decorator' retrieved from /home/airflow/.local/lib/python3.12/site-packages/airflow/example_dags/example_task_group_decorator.py
[2026-02-05T13:06:44.088+0000] {logging_mixin.py:188} INFO - [2026-02-05T13:06:44.088+0000] {dag.py:3096} INFO - Sync 1 DAGs
[2026-02-05T13:06:44.101+0000] {logging_mixin.py:188} INFO - [2026-02-05T13:06:44.101+0000] {dag.py:3954} INFO - Setting next_dagrun for example_task_group_decorator to 2026-02-04 00:00:00+00:00, run_after=2026-02-05 00:00:00+00:00
[2026-02-05T13:06:44.112+0000] {processor.py:183} INFO - Processing /home/airflow/.local/lib/python3.12/site-packages/airflow/example_dags/example_task_group_decorator.py took 0.055 seconds
[2026-02-05T13:07:14.307+0000] {processor.py:161} INFO - Started process (PID=1422) to work on /home/airflow/.local/lib/python3.12/site-packages/airflow/example_dags/example_task_group_decorator.py
[2026-02-05T13:07:14.307+0000] {processor.py:830} INFO - Processing file /home/airflow/.local/lib/python3.12/site-packages/airflow/example_dags/example_task_group_decorator.py for tasks to queue
[2026-02-05T13:07:14.309+0000] {logging_mixin.py:188} INFO - [2026-02-05T13:07:14.309+0000] {dagbag.py:540} INFO - Filling up the DagBag from /home/airflow/.local/lib/python3.12/site-packages/airflow/example_dags/example_task_group_decorator.py
[2026-02-05T13:07:14.316+0000] {processor.py:840} INFO - DAG(s) 'example_task_group_decorator' retrieved from /home/airflow/.local/lib/python3.12/site-packages/airflow/example_dags/example_task_group_decorator.py
[2026-02-05T13:07:14.330+0000] {logging_mixin.py:188} INFO - [2026-02-05T13:07:14.330+0000] {dag.py:3096} INFO - Sync 1 DAGs
[2026-02-05T13:07:14.340+0000] {logging_mixin.py:188} INFO - [2026-02-05T13:07:14.340+0000] {dag.py:3954} INFO - Setting next_dagrun for example_task_group_decorator to 2026-02-04 00:00:00+00:00, run_after=2026-02-05 00:00:00+00:00
[2026-02-05T13:07:14.350+0000] {processor.py:183} INFO - Processing /home/airflow/.local/lib/python3.12/site-packages/airflow/example_dags/example_task_group_decorator.py took 0.047 seconds
[2026-02-05T13:07:44.508+0000] {processor.py:161} INFO - Started process (PID=1480) to work on /home/airflow/.local/lib/python3.12/site-packages/airflow/example_dags/example_task_group_decorator.py
[2026-02-05T13:07:44.509+0000] {processor.py:830} INFO - Processing file /home/airflow/.local/lib/python3.12/site-packages/airflow/example_dags/example_task_group_decorator.py for tasks to queue
[2026-02-05T13:07:44.510+0000] {logging_mixin.py:188} INFO - [2026-02-05T13:07:44.510+0000] {dagbag.py:540} INFO - Filling up the DagBag from /home/airflow/.local/lib/python3.12/site-packages/airflow/example_dags/example_task_group_decorator.py
[2026-02-05T13:07:44.518+0000] {processor.py:840} INFO - DAG(s) 'example_task_group_decorator' retrieved from /home/airflow/.local/lib/python3.12/site-packages/airflow/example_dags/example_task_group_decorator.py
[2026-02-05T13:07:44.533+0000] {logging_mixin.py:188} INFO - [2026-02-05T13:07:44.533+0000] {dag.py:3096} INFO - Sync 1 DAGs
[2026-02-05T13:07:44.544+0000] {logging_mixin.py:188} INFO - [2026-02-05T13:07:44.544+0000] {dag.py:3954} INFO - Setting next_dagrun for example_task_group_decorator to 2026-02-04 00:00:00+00:00, run_after=2026-02-05 00:00:00+00:00
[2026-02-05T13:07:44.554+0000] {processor.py:183} INFO - Processing /home/airflow/.local/lib/python3.12/site-packages/airflow/example_dags/example_task_group_decorator.py took 0.050 seconds
[2026-02-05T13:08:14.784+0000] {processor.py:161} INFO - Started process (PID=1538) to work on /home/airflow/.local/lib/python3.12/site-packages/airflow/example_dags/example_task_group_decorator.py
[2026-02-05T13:08:14.786+0000] {processor.py:830} INFO - Processing file /home/airflow/.local/lib/python3.12/site-packages/airflow/example_dags/example_task_group_decorator.py for tasks to queue
[2026-02-05T13:08:14.787+0000] {logging_mixin.py:188} INFO - [2026-02-05T13:08:14.787+0000] {dagbag.py:540} INFO - Filling up the DagBag from /home/airflow/.local/lib/python3.12/site-packages/airflow/example_dags/example_task_group_decorator.py
[2026-02-05T13:08:14.795+0000] {processor.py:840} INFO - DAG(s) 'example_task_group_decorator' retrieved from /home/airflow/.local/lib/python3.12/site-packages/airflow/example_dags/example_task_group_decorator.py
[2026-02-05T13:08:14.808+0000] {logging_mixin.py:188} INFO - [2026-02-05T13:08:14.808+0000] {dag.py:3096} INFO - Sync 1 DAGs
[2026-02-05T13:08:14.820+0000] {logging_mixin.py:188} INFO - [2026-02-05T13:08:14.820+0000] {dag.py:3954} INFO - Setting next_dagrun for example_task_group_decorator to 2026-02-04 00:00:00+00:00, run_after=2026-02-05 00:00:00+00:00
[2026-02-05T13:08:14.832+0000] {processor.py:183} INFO - Processing /home/airflow/.local/lib/python3.12/site-packages/airflow/example_dags/example_task_group_decorator.py took 0.053 seconds
[2026-02-05T13:08:44.864+0000] {processor.py:161} INFO - Started process (PID=1595) to work on /home/airflow/.local/lib/python3.12/site-packages/airflow/example_dags/example_task_group_decorator.py
[2026-02-05T13:08:44.868+0000] {processor.py:830} INFO - Processing file /home/airflow/.local/lib/python3.12/site-packages/airflow/example_dags/example_task_group_decorator.py for tasks to queue
[2026-02-05T13:08:44.870+0000] {logging_mixin.py:188} INFO - [2026-02-05T13:08:44.869+0000] {dagbag.py:540} INFO - Filling up the DagBag from /home/airflow/.local/lib/python3.12/site-packages/airflow/example_dags/example_task_group_decorator.py
[2026-02-05T13:08:44.878+0000] {processor.py:840} INFO - DAG(s) 'example_task_group_decorator' retrieved from /home/airflow/.local/lib/python3.12/site-packages/airflow/example_dags/example_task_group_decorator.py
[2026-02-05T13:08:44.892+0000] {logging_mixin.py:188} INFO - [2026-02-05T13:08:44.892+0000] {dag.py:3096} INFO - Sync 1 DAGs
[2026-02-05T13:08:44.904+0000] {logging_mixin.py:188} INFO - [2026-02-05T13:08:44.904+0000] {dag.py:3954} INFO - Setting next_dagrun for example_task_group_decorator to 2026-02-04 00:00:00+00:00, run_after=2026-02-05 00:00:00+00:00
[2026-02-05T13:08:44.920+0000] {processor.py:183} INFO - Processing /home/airflow/.local/lib/python3.12/site-packages/airflow/example_dags/example_task_group_decorator.py took 0.059 seconds
[2026-02-05T13:09:14.944+0000] {processor.py:161} INFO - Started process (PID=1653) to work on /home/airflow/.local/lib/python3.12/site-packages/airflow/example_dags/example_task_group_decorator.py
[2026-02-05T13:09:14.948+0000] {processor.py:830} INFO - Processing file /home/airflow/.local/lib/python3.12/site-packages/airflow/example_dags/example_task_group_decorator.py for tasks to queue
[2026-02-05T13:09:14.949+0000] {logging_mixin.py:188} INFO - [2026-02-05T13:09:14.948+0000] {dagbag.py:540} INFO - Filling up the DagBag from /home/airflow/.local/lib/python3.12/site-packages/airflow/example_dags/example_task_group_decorator.py
[2026-02-05T13:09:14.955+0000] {processor.py:840} INFO - DAG(s) 'example_task_group_decorator' retrieved from /home/airflow/.local/lib/python3.12/site-packages/airflow/example_dags/example_task_group_decorator.py
[2026-02-05T13:09:14.966+0000] {logging_mixin.py:188} INFO - [2026-02-05T13:09:14.966+0000] {dag.py:3096} INFO - Sync 1 DAGs
[2026-02-05T13:09:14.978+0000] {logging_mixin.py:188} INFO - [2026-02-05T13:09:14.978+0000] {dag.py:3954} INFO - Setting next_dagrun for example_task_group_decorator to 2026-02-04 00:00:00+00:00, run_after=2026-02-05 00:00:00+00:00
[2026-02-05T13:09:14.987+0000] {processor.py:183} INFO - Processing /home/airflow/.local/lib/python3.12/site-packages/airflow/example_dags/example_task_group_decorator.py took 0.046 seconds
[2026-02-05T13:09:45.493+0000] {processor.py:161} INFO - Started process (PID=1711) to work on /home/airflow/.local/lib/python3.12/site-packages/airflow/example_dags/example_task_group_decorator.py
[2026-02-05T13:09:45.494+0000] {processor.py:830} INFO - Processing file /home/airflow/.local/lib/python3.12/site-packages/airflow/example_dags/example_task_group_decorator.py for tasks to queue
[2026-02-05T13:09:45.495+0000] {logging_mixin.py:188} INFO - [2026-02-05T13:09:45.495+0000] {dagbag.py:540} INFO - Filling up the DagBag from /home/airflow/.local/lib/python3.12/site-packages/airflow/example_dags/example_task_group_decorator.py
[2026-02-05T13:09:45.507+0000] {processor.py:840} INFO - DAG(s) 'example_task_group_decorator' retrieved from /home/airflow/.local/lib/python3.12/site-packages/airflow/example_dags/example_task_group_decorator.py
[2026-02-05T13:09:45.526+0000] {logging_mixin.py:188} INFO - [2026-02-05T13:09:45.525+0000] {dag.py:3096} INFO - Sync 1 DAGs
[2026-02-05T13:09:45.541+0000] {logging_mixin.py:188} INFO - [2026-02-05T13:09:45.540+0000] {dag.py:3954} INFO - Setting next_dagrun for example_task_group_decorator to 2026-02-04 00:00:00+00:00, run_after=2026-02-05 00:00:00+00:00
[2026-02-05T13:09:45.553+0000] {processor.py:183} INFO - Processing /home/airflow/.local/lib/python3.12/site-packages/airflow/example_dags/example_task_group_decorator.py took 0.064 seconds
[2026-02-05T13:10:15.747+0000] {processor.py:161} INFO - Started process (PID=1768) to work on /home/airflow/.local/lib/python3.12/site-packages/airflow/example_dags/example_task_group_decorator.py
[2026-02-05T13:10:15.748+0000] {processor.py:830} INFO - Processing file /home/airflow/.local/lib/python3.12/site-packages/airflow/example_dags/example_task_group_decorator.py for tasks to queue
[2026-02-05T13:10:15.749+0000] {logging_mixin.py:188} INFO - [2026-02-05T13:10:15.749+0000] {dagbag.py:540} INFO - Filling up the DagBag from /home/airflow/.local/lib/python3.12/site-packages/airflow/example_dags/example_task_group_decorator.py
[2026-02-05T13:10:15.760+0000] {processor.py:840} INFO - DAG(s) 'example_task_group_decorator' retrieved from /home/airflow/.local/lib/python3.12/site-packages/airflow/example_dags/example_task_group_decorator.py
[2026-02-05T13:10:15.773+0000] {logging_mixin.py:188} INFO - [2026-02-05T13:10:15.773+0000] {dag.py:3096} INFO - Sync 1 DAGs
[2026-02-05T13:10:15.786+0000] {logging_mixin.py:188} INFO - [2026-02-05T13:10:15.786+0000] {dag.py:3954} INFO - Setting next_dagrun for example_task_group_decorator to 2026-02-04 00:00:00+00:00, run_after=2026-02-05 00:00:00+00:00
[2026-02-05T13:10:15.796+0000] {processor.py:183} INFO - Processing /home/airflow/.local/lib/python3.12/site-packages/airflow/example_dags/example_task_group_decorator.py took 0.055 seconds
[2026-02-05T13:10:46.749+0000] {processor.py:161} INFO - Started process (PID=1826) to work on /home/airflow/.local/lib/python3.12/site-packages/airflow/example_dags/example_task_group_decorator.py
[2026-02-05T13:10:46.750+0000] {processor.py:830} INFO - Processing file /home/airflow/.local/lib/python3.12/site-packages/airflow/example_dags/example_task_group_decorator.py for tasks to queue
[2026-02-05T13:10:46.751+0000] {logging_mixin.py:188} INFO - [2026-02-05T13:10:46.751+0000] {dagbag.py:540} INFO - Filling up the DagBag from /home/airflow/.local/lib/python3.12/site-packages/airflow/example_dags/example_task_group_decorator.py
[2026-02-05T13:10:46.761+0000] {processor.py:840} INFO - DAG(s) 'example_task_group_decorator' retrieved from /home/airflow/.local/lib/python3.12/site-packages/airflow/example_dags/example_task_group_decorator.py
[2026-02-05T13:10:46.774+0000] {logging_mixin.py:188} INFO - [2026-02-05T13:10:46.774+0000] {dag.py:3096} INFO - Sync 1 DAGs
[2026-02-05T13:10:46.785+0000] {logging_mixin.py:188} INFO - [2026-02-05T13:10:46.785+0000] {dag.py:3954} INFO - Setting next_dagrun for example_task_group_decorator to 2026-02-04 00:00:00+00:00, run_after=2026-02-05 00:00:00+00:00
[2026-02-05T13:10:46.795+0000] {processor.py:183} INFO - Processing /home/airflow/.local/lib/python3.12/site-packages/airflow/example_dags/example_task_group_decorator.py took 0.049 seconds
[2026-02-05T13:11:17.628+0000] {processor.py:161} INFO - Started process (PID=1884) to work on /home/airflow/.local/lib/python3.12/site-packages/airflow/example_dags/example_task_group_decorator.py
[2026-02-05T13:11:17.629+0000] {processor.py:830} INFO - Processing file /home/airflow/.local/lib/python3.12/site-packages/airflow/example_dags/example_task_group_decorator.py for tasks to queue
[2026-02-05T13:11:17.631+0000] {logging_mixin.py:188} INFO - [2026-02-05T13:11:17.630+0000] {dagbag.py:540} INFO - Filling up the DagBag from /home/airflow/.local/lib/python3.12/site-packages/airflow/example_dags/example_task_group_decorator.py
[2026-02-05T13:11:17.638+0000] {processor.py:840} INFO - DAG(s) 'example_task_group_decorator' retrieved from /home/airflow/.local/lib/python3.12/site-packages/airflow/example_dags/example_task_group_decorator.py
[2026-02-05T13:11:17.655+0000] {logging_mixin.py:188} INFO - [2026-02-05T13:11:17.655+0000] {dag.py:3096} INFO - Sync 1 DAGs
[2026-02-05T13:11:17.668+0000] {logging_mixin.py:188} INFO - [2026-02-05T13:11:17.668+0000] {dag.py:3954} INFO - Setting next_dagrun for example_task_group_decorator to 2026-02-04 00:00:00+00:00, run_after=2026-02-05 00:00:00+00:00
[2026-02-05T13:11:17.678+0000] {processor.py:183} INFO - Processing /home/airflow/.local/lib/python3.12/site-packages/airflow/example_dags/example_task_group_decorator.py took 0.053 seconds
[2026-02-05T13:11:48.474+0000] {processor.py:161} INFO - Started process (PID=1942) to work on /home/airflow/.local/lib/python3.12/site-packages/airflow/example_dags/example_task_group_decorator.py
[2026-02-05T13:11:48.476+0000] {processor.py:830} INFO - Processing file /home/airflow/.local/lib/python3.12/site-packages/airflow/example_dags/example_task_group_decorator.py for tasks to queue
[2026-02-05T13:11:48.477+0000] {logging_mixin.py:188} INFO - [2026-02-05T13:11:48.477+0000] {dagbag.py:540} INFO - Filling up the DagBag from /home/airflow/.local/lib/python3.12/site-packages/airflow/example_dags/example_task_group_decorator.py
[2026-02-05T13:11:48.484+0000] {processor.py:840} INFO - DAG(s) 'example_task_group_decorator' retrieved from /home/airflow/.local/lib/python3.12/site-packages/airflow/example_dags/example_task_group_decorator.py
[2026-02-05T13:11:48.498+0000] {logging_mixin.py:188} INFO - [2026-02-05T13:11:48.498+0000] {dag.py:3096} INFO - Sync 1 DAGs
[2026-02-05T13:11:48.508+0000] {logging_mixin.py:188} INFO - [2026-02-05T13:11:48.508+0000] {dag.py:3954} INFO - Setting next_dagrun for example_task_group_decorator to 2026-02-04 00:00:00+00:00, run_after=2026-02-05 00:00:00+00:00
[2026-02-05T13:11:48.519+0000] {processor.py:183} INFO - Processing /home/airflow/.local/lib/python3.12/site-packages/airflow/example_dags/example_task_group_decorator.py took 0.049 seconds
[2026-02-05T13:12:19.431+0000] {processor.py:161} INFO - Started process (PID=2000) to work on /home/airflow/.local/lib/python3.12/site-packages/airflow/example_dags/example_task_group_decorator.py
[2026-02-05T13:12:19.432+0000] {processor.py:830} INFO - Processing file /home/airflow/.local/lib/python3.12/site-packages/airflow/example_dags/example_task_group_decorator.py for tasks to queue
[2026-02-05T13:12:19.433+0000] {logging_mixin.py:188} INFO - [2026-02-05T13:12:19.433+0000] {dagbag.py:540} INFO - Filling up the DagBag from /home/airflow/.local/lib/python3.12/site-packages/airflow/example_dags/example_task_group_decorator.py
[2026-02-05T13:12:19.441+0000] {processor.py:840} INFO - DAG(s) 'example_task_group_decorator' retrieved from /home/airflow/.local/lib/python3.12/site-packages/airflow/example_dags/example_task_group_decorator.py
[2026-02-05T13:12:19.453+0000] {logging_mixin.py:188} INFO - [2026-02-05T13:12:19.453+0000] {dag.py:3096} INFO - Sync 1 DAGs
[2026-02-05T13:12:19.464+0000] {logging_mixin.py:188} INFO - [2026-02-05T13:12:19.464+0000] {dag.py:3954} INFO - Setting next_dagrun for example_task_group_decorator to 2026-02-04 00:00:00+00:00, run_after=2026-02-05 00:00:00+00:00
[2026-02-05T13:12:19.475+0000] {processor.py:183} INFO - Processing /home/airflow/.local/lib/python3.12/site-packages/airflow/example_dags/example_task_group_decorator.py took 0.048 seconds
[2026-02-05T13:12:50.319+0000] {processor.py:161} INFO - Started process (PID=2058) to work on /home/airflow/.local/lib/python3.12/site-packages/airflow/example_dags/example_task_group_decorator.py
[2026-02-05T13:12:50.320+0000] {processor.py:830} INFO - Processing file /home/airflow/.local/lib/python3.12/site-packages/airflow/example_dags/example_task_group_decorator.py for tasks to queue
[2026-02-05T13:12:50.321+0000] {logging_mixin.py:188} INFO - [2026-02-05T13:12:50.320+0000] {dagbag.py:540} INFO - Filling up the DagBag from /home/airflow/.local/lib/python3.12/site-packages/airflow/example_dags/example_task_group_decorator.py
[2026-02-05T13:12:50.327+0000] {processor.py:840} INFO - DAG(s) 'example_task_group_decorator' retrieved from /home/airflow/.local/lib/python3.12/site-packages/airflow/example_dags/example_task_group_decorator.py
[2026-02-05T13:12:50.341+0000] {logging_mixin.py:188} INFO - [2026-02-05T13:12:50.340+0000] {dag.py:3096} INFO - Sync 1 DAGs
[2026-02-05T13:12:50.350+0000] {logging_mixin.py:188} INFO - [2026-02-05T13:12:50.350+0000] {dag.py:3954} INFO - Setting next_dagrun for example_task_group_decorator to 2026-02-04 00:00:00+00:00, run_after=2026-02-05 00:00:00+00:00
[2026-02-05T13:12:50.361+0000] {processor.py:183} INFO - Processing /home/airflow/.local/lib/python3.12/site-packages/airflow/example_dags/example_task_group_decorator.py took 0.045 seconds
[2026-02-05T13:13:21.086+0000] {processor.py:161} INFO - Started process (PID=2115) to work on /home/airflow/.local/lib/python3.12/site-packages/airflow/example_dags/example_task_group_decorator.py
[2026-02-05T13:13:21.086+0000] {processor.py:830} INFO - Processing file /home/airflow/.local/lib/python3.12/site-packages/airflow/example_dags/example_task_group_decorator.py for tasks to queue
[2026-02-05T13:13:21.088+0000] {logging_mixin.py:188} INFO - [2026-02-05T13:13:21.088+0000] {dagbag.py:540} INFO - Filling up the DagBag from /home/airflow/.local/lib/python3.12/site-packages/airflow/example_dags/example_task_group_decorator.py
[2026-02-05T13:13:21.099+0000] {processor.py:840} INFO - DAG(s) 'example_task_group_decorator' retrieved from /home/airflow/.local/lib/python3.12/site-packages/airflow/example_dags/example_task_group_decorator.py
[2026-02-05T13:13:21.112+0000] {logging_mixin.py:188} INFO - [2026-02-05T13:13:21.112+0000] {dag.py:3096} INFO - Sync 1 DAGs
[2026-02-05T13:13:21.123+0000] {logging_mixin.py:188} INFO - [2026-02-05T13:13:21.123+0000] {dag.py:3954} INFO - Setting next_dagrun for example_task_group_decorator to 2026-02-04 00:00:00+00:00, run_after=2026-02-05 00:00:00+00:00
[2026-02-05T13:13:21.133+0000] {processor.py:183} INFO - Processing /home/airflow/.local/lib/python3.12/site-packages/airflow/example_dags/example_task_group_decorator.py took 0.051 seconds
[2026-02-05T13:13:51.961+0000] {processor.py:161} INFO - Started process (PID=2173) to work on /home/airflow/.local/lib/python3.12/site-packages/airflow/example_dags/example_task_group_decorator.py
[2026-02-05T13:13:51.962+0000] {processor.py:830} INFO - Processing file /home/airflow/.local/lib/python3.12/site-packages/airflow/example_dags/example_task_group_decorator.py for tasks to queue
[2026-02-05T13:13:51.963+0000] {logging_mixin.py:188} INFO - [2026-02-05T13:13:51.963+0000] {dagbag.py:540} INFO - Filling up the DagBag from /home/airflow/.local/lib/python3.12/site-packages/airflow/example_dags/example_task_group_decorator.py
[2026-02-05T13:13:51.970+0000] {processor.py:840} INFO - DAG(s) 'example_task_group_decorator' retrieved from /home/airflow/.local/lib/python3.12/site-packages/airflow/example_dags/example_task_group_decorator.py
[2026-02-05T13:13:51.986+0000] {logging_mixin.py:188} INFO - [2026-02-05T13:13:51.986+0000] {dag.py:3096} INFO - Sync 1 DAGs
[2026-02-05T13:13:51.997+0000] {logging_mixin.py:188} INFO - [2026-02-05T13:13:51.997+0000] {dag.py:3954} INFO - Setting next_dagrun for example_task_group_decorator to 2026-02-04 00:00:00+00:00, run_after=2026-02-05 00:00:00+00:00
[2026-02-05T13:13:52.009+0000] {processor.py:183} INFO - Processing /home/airflow/.local/lib/python3.12/site-packages/airflow/example_dags/example_task_group_decorator.py took 0.053 seconds
[2026-02-05T13:14:22.990+0000] {processor.py:161} INFO - Started process (PID=2231) to work on /home/airflow/.local/lib/python3.12/site-packages/airflow/example_dags/example_task_group_decorator.py
[2026-02-05T13:14:22.991+0000] {processor.py:830} INFO - Processing file /home/airflow/.local/lib/python3.12/site-packages/airflow/example_dags/example_task_group_decorator.py for tasks to queue
[2026-02-05T13:14:22.993+0000] {logging_mixin.py:188} INFO - [2026-02-05T13:14:22.993+0000] {dagbag.py:540} INFO - Filling up the DagBag from /home/airflow/.local/lib/python3.12/site-packages/airflow/example_dags/example_task_group_decorator.py
[2026-02-05T13:14:23.004+0000] {processor.py:840} INFO - DAG(s) 'example_task_group_decorator' retrieved from /home/airflow/.local/lib/python3.12/site-packages/airflow/example_dags/example_task_group_decorator.py
[2026-02-05T13:14:23.018+0000] {logging_mixin.py:188} INFO - [2026-02-05T13:14:23.018+0000] {dag.py:3096} INFO - Sync 1 DAGs
[2026-02-05T13:14:23.029+0000] {logging_mixin.py:188} INFO - [2026-02-05T13:14:23.029+0000] {dag.py:3954} INFO - Setting next_dagrun for example_task_group_decorator to 2026-02-04 00:00:00+00:00, run_after=2026-02-05 00:00:00+00:00
[2026-02-05T13:14:23.039+0000] {processor.py:183} INFO - Processing /home/airflow/.local/lib/python3.12/site-packages/airflow/example_dags/example_task_group_decorator.py took 0.054 seconds
[2026-02-05T13:14:53.115+0000] {processor.py:161} INFO - Started process (PID=2289) to work on /home/airflow/.local/lib/python3.12/site-packages/airflow/example_dags/example_task_group_decorator.py
[2026-02-05T13:14:53.118+0000] {processor.py:830} INFO - Processing file /home/airflow/.local/lib/python3.12/site-packages/airflow/example_dags/example_task_group_decorator.py for tasks to queue
[2026-02-05T13:14:53.119+0000] {logging_mixin.py:188} INFO - [2026-02-05T13:14:53.119+0000] {dagbag.py:540} INFO - Filling up the DagBag from /home/airflow/.local/lib/python3.12/site-packages/airflow/example_dags/example_task_group_decorator.py
[2026-02-05T13:14:53.126+0000] {processor.py:840} INFO - DAG(s) 'example_task_group_decorator' retrieved from /home/airflow/.local/lib/python3.12/site-packages/airflow/example_dags/example_task_group_decorator.py
[2026-02-05T13:14:53.140+0000] {logging_mixin.py:188} INFO - [2026-02-05T13:14:53.140+0000] {dag.py:3096} INFO - Sync 1 DAGs
[2026-02-05T13:14:53.152+0000] {logging_mixin.py:188} INFO - [2026-02-05T13:14:53.152+0000] {dag.py:3954} INFO - Setting next_dagrun for example_task_group_decorator to 2026-02-04 00:00:00+00:00, run_after=2026-02-05 00:00:00+00:00
[2026-02-05T13:14:53.163+0000] {processor.py:183} INFO - Processing /home/airflow/.local/lib/python3.12/site-packages/airflow/example_dags/example_task_group_decorator.py took 0.051 seconds
[2026-02-05T13:15:24.076+0000] {processor.py:161} INFO - Started process (PID=2346) to work on /home/airflow/.local/lib/python3.12/site-packages/airflow/example_dags/example_task_group_decorator.py
[2026-02-05T13:15:24.078+0000] {processor.py:830} INFO - Processing file /home/airflow/.local/lib/python3.12/site-packages/airflow/example_dags/example_task_group_decorator.py for tasks to queue
[2026-02-05T13:15:24.079+0000] {logging_mixin.py:188} INFO - [2026-02-05T13:15:24.079+0000] {dagbag.py:540} INFO - Filling up the DagBag from /home/airflow/.local/lib/python3.12/site-packages/airflow/example_dags/example_task_group_decorator.py
[2026-02-05T13:15:24.087+0000] {processor.py:840} INFO - DAG(s) 'example_task_group_decorator' retrieved from /home/airflow/.local/lib/python3.12/site-packages/airflow/example_dags/example_task_group_decorator.py
[2026-02-05T13:15:24.100+0000] {logging_mixin.py:188} INFO - [2026-02-05T13:15:24.099+0000] {dag.py:3096} INFO - Sync 1 DAGs
[2026-02-05T13:15:24.112+0000] {logging_mixin.py:188} INFO - [2026-02-05T13:15:24.112+0000] {dag.py:3954} INFO - Setting next_dagrun for example_task_group_decorator to 2026-02-04 00:00:00+00:00, run_after=2026-02-05 00:00:00+00:00
[2026-02-05T13:15:24.124+0000] {processor.py:183} INFO - Processing /home/airflow/.local/lib/python3.12/site-packages/airflow/example_dags/example_task_group_decorator.py took 0.051 seconds
[2026-02-05T13:15:54.903+0000] {processor.py:161} INFO - Started process (PID=2404) to work on /home/airflow/.local/lib/python3.12/site-packages/airflow/example_dags/example_task_group_decorator.py
[2026-02-05T13:15:54.904+0000] {processor.py:830} INFO - Processing file /home/airflow/.local/lib/python3.12/site-packages/airflow/example_dags/example_task_group_decorator.py for tasks to queue
[2026-02-05T13:15:54.905+0000] {logging_mixin.py:188} INFO - [2026-02-05T13:15:54.905+0000] {dagbag.py:540} INFO - Filling up the DagBag from /home/airflow/.local/lib/python3.12/site-packages/airflow/example_dags/example_task_group_decorator.py
[2026-02-05T13:15:54.915+0000] {processor.py:840} INFO - DAG(s) 'example_task_group_decorator' retrieved from /home/airflow/.local/lib/python3.12/site-packages/airflow/example_dags/example_task_group_decorator.py
[2026-02-05T13:15:54.934+0000] {logging_mixin.py:188} INFO - [2026-02-05T13:15:54.934+0000] {dag.py:3096} INFO - Sync 1 DAGs
[2026-02-05T13:15:54.949+0000] {logging_mixin.py:188} INFO - [2026-02-05T13:15:54.949+0000] {dag.py:3954} INFO - Setting next_dagrun for example_task_group_decorator to 2026-02-04 00:00:00+00:00, run_after=2026-02-05 00:00:00+00:00
[2026-02-05T13:15:54.964+0000] {processor.py:183} INFO - Processing /home/airflow/.local/lib/python3.12/site-packages/airflow/example_dags/example_task_group_decorator.py took 0.070 seconds
[2026-02-05T13:16:24.991+0000] {processor.py:161} INFO - Started process (PID=2462) to work on /home/airflow/.local/lib/python3.12/site-packages/airflow/example_dags/example_task_group_decorator.py
[2026-02-05T13:16:24.993+0000] {processor.py:830} INFO - Processing file /home/airflow/.local/lib/python3.12/site-packages/airflow/example_dags/example_task_group_decorator.py for tasks to queue
[2026-02-05T13:16:24.994+0000] {logging_mixin.py:188} INFO - [2026-02-05T13:16:24.994+0000] {dagbag.py:540} INFO - Filling up the DagBag from /home/airflow/.local/lib/python3.12/site-packages/airflow/example_dags/example_task_group_decorator.py
[2026-02-05T13:16:25.003+0000] {processor.py:840} INFO - DAG(s) 'example_task_group_decorator' retrieved from /home/airflow/.local/lib/python3.12/site-packages/airflow/example_dags/example_task_group_decorator.py
[2026-02-05T13:16:25.019+0000] {logging_mixin.py:188} INFO - [2026-02-05T13:16:25.019+0000] {dag.py:3096} INFO - Sync 1 DAGs
[2026-02-05T13:16:25.031+0000] {logging_mixin.py:188} INFO - [2026-02-05T13:16:25.030+0000] {dag.py:3954} INFO - Setting next_dagrun for example_task_group_decorator to 2026-02-04 00:00:00+00:00, run_after=2026-02-05 00:00:00+00:00
[2026-02-05T13:16:25.047+0000] {processor.py:183} INFO - Processing /home/airflow/.local/lib/python3.12/site-packages/airflow/example_dags/example_task_group_decorator.py took 0.060 seconds
[2026-02-05T13:16:55.083+0000] {processor.py:161} INFO - Started process (PID=2520) to work on /home/airflow/.local/lib/python3.12/site-packages/airflow/example_dags/example_task_group_decorator.py
[2026-02-05T13:16:55.084+0000] {processor.py:830} INFO - Processing file /home/airflow/.local/lib/python3.12/site-packages/airflow/example_dags/example_task_group_decorator.py for tasks to queue
[2026-02-05T13:16:55.085+0000] {logging_mixin.py:188} INFO - [2026-02-05T13:16:55.084+0000] {dagbag.py:540} INFO - Filling up the DagBag from /home/airflow/.local/lib/python3.12/site-packages/airflow/example_dags/example_task_group_decorator.py
[2026-02-05T13:16:55.091+0000] {processor.py:840} INFO - DAG(s) 'example_task_group_decorator' retrieved from /home/airflow/.local/lib/python3.12/site-packages/airflow/example_dags/example_task_group_decorator.py
[2026-02-05T13:16:55.108+0000] {logging_mixin.py:188} INFO - [2026-02-05T13:16:55.108+0000] {dag.py:3096} INFO - Sync 1 DAGs
[2026-02-05T13:16:55.121+0000] {logging_mixin.py:188} INFO - [2026-02-05T13:16:55.121+0000] {dag.py:3954} INFO - Setting next_dagrun for example_task_group_decorator to 2026-02-04 00:00:00+00:00, run_after=2026-02-05 00:00:00+00:00
[2026-02-05T13:16:55.135+0000] {processor.py:183} INFO - Processing /home/airflow/.local/lib/python3.12/site-packages/airflow/example_dags/example_task_group_decorator.py took 0.055 seconds
[2026-02-05T13:17:25.156+0000] {processor.py:161} INFO - Started process (PID=2578) to work on /home/airflow/.local/lib/python3.12/site-packages/airflow/example_dags/example_task_group_decorator.py
[2026-02-05T13:17:25.156+0000] {processor.py:830} INFO - Processing file /home/airflow/.local/lib/python3.12/site-packages/airflow/example_dags/example_task_group_decorator.py for tasks to queue
[2026-02-05T13:17:25.158+0000] {logging_mixin.py:188} INFO - [2026-02-05T13:17:25.157+0000] {dagbag.py:540} INFO - Filling up the DagBag from /home/airflow/.local/lib/python3.12/site-packages/airflow/example_dags/example_task_group_decorator.py
[2026-02-05T13:17:25.165+0000] {processor.py:840} INFO - DAG(s) 'example_task_group_decorator' retrieved from /home/airflow/.local/lib/python3.12/site-packages/airflow/example_dags/example_task_group_decorator.py
[2026-02-05T13:17:25.182+0000] {logging_mixin.py:188} INFO - [2026-02-05T13:17:25.182+0000] {dag.py:3096} INFO - Sync 1 DAGs
[2026-02-05T13:17:25.196+0000] {logging_mixin.py:188} INFO - [2026-02-05T13:17:25.196+0000] {dag.py:3954} INFO - Setting next_dagrun for example_task_group_decorator to 2026-02-04 00:00:00+00:00, run_after=2026-02-05 00:00:00+00:00
[2026-02-05T13:17:25.212+0000] {processor.py:183} INFO - Processing /home/airflow/.local/lib/python3.12/site-packages/airflow/example_dags/example_task_group_decorator.py took 0.059 seconds
[2026-02-05T13:17:55.537+0000] {processor.py:161} INFO - Started process (PID=2635) to work on /home/airflow/.local/lib/python3.12/site-packages/airflow/example_dags/example_task_group_decorator.py
[2026-02-05T13:17:55.539+0000] {processor.py:830} INFO - Processing file /home/airflow/.local/lib/python3.12/site-packages/airflow/example_dags/example_task_group_decorator.py for tasks to queue
[2026-02-05T13:17:55.541+0000] {logging_mixin.py:188} INFO - [2026-02-05T13:17:55.541+0000] {dagbag.py:540} INFO - Filling up the DagBag from /home/airflow/.local/lib/python3.12/site-packages/airflow/example_dags/example_task_group_decorator.py
[2026-02-05T13:17:55.548+0000] {processor.py:840} INFO - DAG(s) 'example_task_group_decorator' retrieved from /home/airflow/.local/lib/python3.12/site-packages/airflow/example_dags/example_task_group_decorator.py
[2026-02-05T13:17:55.564+0000] {logging_mixin.py:188} INFO - [2026-02-05T13:17:55.564+0000] {dag.py:3096} INFO - Sync 1 DAGs
[2026-02-05T13:17:55.579+0000] {logging_mixin.py:188} INFO - [2026-02-05T13:17:55.579+0000] {dag.py:3954} INFO - Setting next_dagrun for example_task_group_decorator to 2026-02-04 00:00:00+00:00, run_after=2026-02-05 00:00:00+00:00
[2026-02-05T13:17:55.596+0000] {processor.py:183} INFO - Processing /home/airflow/.local/lib/python3.12/site-packages/airflow/example_dags/example_task_group_decorator.py took 0.064 seconds
