[2026-02-05T12:55:34.609+0000] {processor.py:161} INFO - Started process (PID=90) to work on /home/airflow/.local/lib/python3.12/site-packages/airflow/example_dags/example_sla_dag.py
[2026-02-05T12:55:34.610+0000] {processor.py:830} INFO - Processing file /home/airflow/.local/lib/python3.12/site-packages/airflow/example_dags/example_sla_dag.py for tasks to queue
[2026-02-05T12:55:34.611+0000] {logging_mixin.py:188} INFO - [2026-02-05T12:55:34.611+0000] {dagbag.py:540} INFO - Filling up the DagBag from /home/airflow/.local/lib/python3.12/site-packages/airflow/example_dags/example_sla_dag.py
[2026-02-05T12:55:34.626+0000] {processor.py:840} INFO - DAG(s) 'example_sla_dag' retrieved from /home/airflow/.local/lib/python3.12/site-packages/airflow/example_dags/example_sla_dag.py
[2026-02-05T12:55:34.638+0000] {logging_mixin.py:188} INFO - [2026-02-05T12:55:34.638+0000] {dag.py:3096} INFO - Sync 1 DAGs
[2026-02-05T12:55:34.660+0000] {logging_mixin.py:188} INFO - [2026-02-05T12:55:34.659+0000] {dag.py:3954} INFO - Setting next_dagrun for example_sla_dag to 2026-02-05 12:52:00+00:00, run_after=2026-02-05 12:54:00+00:00
[2026-02-05T12:55:34.674+0000] {processor.py:183} INFO - Processing /home/airflow/.local/lib/python3.12/site-packages/airflow/example_dags/example_sla_dag.py took 0.069 seconds
[2026-02-05T12:56:05.656+0000] {processor.py:161} INFO - Started process (PID=148) to work on /home/airflow/.local/lib/python3.12/site-packages/airflow/example_dags/example_sla_dag.py
[2026-02-05T12:56:05.657+0000] {processor.py:830} INFO - Processing file /home/airflow/.local/lib/python3.12/site-packages/airflow/example_dags/example_sla_dag.py for tasks to queue
[2026-02-05T12:56:05.662+0000] {logging_mixin.py:188} INFO - [2026-02-05T12:56:05.661+0000] {dagbag.py:540} INFO - Filling up the DagBag from /home/airflow/.local/lib/python3.12/site-packages/airflow/example_dags/example_sla_dag.py
[2026-02-05T12:56:05.672+0000] {processor.py:840} INFO - DAG(s) 'example_sla_dag' retrieved from /home/airflow/.local/lib/python3.12/site-packages/airflow/example_dags/example_sla_dag.py
[2026-02-05T12:56:05.725+0000] {logging_mixin.py:188} INFO - [2026-02-05T12:56:05.725+0000] {dag.py:3096} INFO - Sync 1 DAGs
[2026-02-05T12:56:05.738+0000] {logging_mixin.py:188} INFO - [2026-02-05T12:56:05.738+0000] {dag.py:3954} INFO - Setting next_dagrun for example_sla_dag to 2026-02-05 12:54:00+00:00, run_after=2026-02-05 12:56:00+00:00
[2026-02-05T12:56:05.749+0000] {processor.py:183} INFO - Processing /home/airflow/.local/lib/python3.12/site-packages/airflow/example_dags/example_sla_dag.py took 0.098 seconds
[2026-02-05T12:56:36.214+0000] {processor.py:161} INFO - Started process (PID=206) to work on /home/airflow/.local/lib/python3.12/site-packages/airflow/example_dags/example_sla_dag.py
[2026-02-05T12:56:36.215+0000] {processor.py:830} INFO - Processing file /home/airflow/.local/lib/python3.12/site-packages/airflow/example_dags/example_sla_dag.py for tasks to queue
[2026-02-05T12:56:36.216+0000] {logging_mixin.py:188} INFO - [2026-02-05T12:56:36.216+0000] {dagbag.py:540} INFO - Filling up the DagBag from /home/airflow/.local/lib/python3.12/site-packages/airflow/example_dags/example_sla_dag.py
[2026-02-05T12:56:36.223+0000] {processor.py:840} INFO - DAG(s) 'example_sla_dag' retrieved from /home/airflow/.local/lib/python3.12/site-packages/airflow/example_dags/example_sla_dag.py
[2026-02-05T12:56:36.238+0000] {logging_mixin.py:188} INFO - [2026-02-05T12:56:36.238+0000] {dag.py:3096} INFO - Sync 1 DAGs
[2026-02-05T12:56:36.256+0000] {logging_mixin.py:188} INFO - [2026-02-05T12:56:36.256+0000] {dag.py:3954} INFO - Setting next_dagrun for example_sla_dag to 2026-02-05 12:54:00+00:00, run_after=2026-02-05 12:56:00+00:00
[2026-02-05T12:56:36.271+0000] {processor.py:183} INFO - Processing /home/airflow/.local/lib/python3.12/site-packages/airflow/example_dags/example_sla_dag.py took 0.061 seconds
[2026-02-05T12:57:07.237+0000] {processor.py:161} INFO - Started process (PID=264) to work on /home/airflow/.local/lib/python3.12/site-packages/airflow/example_dags/example_sla_dag.py
[2026-02-05T12:57:07.238+0000] {processor.py:830} INFO - Processing file /home/airflow/.local/lib/python3.12/site-packages/airflow/example_dags/example_sla_dag.py for tasks to queue
[2026-02-05T12:57:07.239+0000] {logging_mixin.py:188} INFO - [2026-02-05T12:57:07.239+0000] {dagbag.py:540} INFO - Filling up the DagBag from /home/airflow/.local/lib/python3.12/site-packages/airflow/example_dags/example_sla_dag.py
[2026-02-05T12:57:07.244+0000] {processor.py:840} INFO - DAG(s) 'example_sla_dag' retrieved from /home/airflow/.local/lib/python3.12/site-packages/airflow/example_dags/example_sla_dag.py
[2026-02-05T12:57:07.263+0000] {logging_mixin.py:188} INFO - [2026-02-05T12:57:07.263+0000] {dag.py:3096} INFO - Sync 1 DAGs
[2026-02-05T12:57:07.278+0000] {logging_mixin.py:188} INFO - [2026-02-05T12:57:07.277+0000] {dag.py:3954} INFO - Setting next_dagrun for example_sla_dag to 2026-02-05 12:54:00+00:00, run_after=2026-02-05 12:56:00+00:00
[2026-02-05T12:57:07.289+0000] {processor.py:183} INFO - Processing /home/airflow/.local/lib/python3.12/site-packages/airflow/example_dags/example_sla_dag.py took 0.055 seconds
[2026-02-05T12:57:37.748+0000] {processor.py:161} INFO - Started process (PID=322) to work on /home/airflow/.local/lib/python3.12/site-packages/airflow/example_dags/example_sla_dag.py
[2026-02-05T12:57:37.751+0000] {processor.py:830} INFO - Processing file /home/airflow/.local/lib/python3.12/site-packages/airflow/example_dags/example_sla_dag.py for tasks to queue
[2026-02-05T12:57:37.752+0000] {logging_mixin.py:188} INFO - [2026-02-05T12:57:37.752+0000] {dagbag.py:540} INFO - Filling up the DagBag from /home/airflow/.local/lib/python3.12/site-packages/airflow/example_dags/example_sla_dag.py
[2026-02-05T12:57:37.758+0000] {processor.py:840} INFO - DAG(s) 'example_sla_dag' retrieved from /home/airflow/.local/lib/python3.12/site-packages/airflow/example_dags/example_sla_dag.py
[2026-02-05T12:57:37.771+0000] {logging_mixin.py:188} INFO - [2026-02-05T12:57:37.771+0000] {dag.py:3096} INFO - Sync 1 DAGs
[2026-02-05T12:57:37.785+0000] {logging_mixin.py:188} INFO - [2026-02-05T12:57:37.785+0000] {dag.py:3954} INFO - Setting next_dagrun for example_sla_dag to 2026-02-05 12:54:00+00:00, run_after=2026-02-05 12:56:00+00:00
[2026-02-05T12:57:37.796+0000] {processor.py:183} INFO - Processing /home/airflow/.local/lib/python3.12/site-packages/airflow/example_dags/example_sla_dag.py took 0.052 seconds
[2026-02-05T12:58:08.126+0000] {processor.py:161} INFO - Started process (PID=380) to work on /home/airflow/.local/lib/python3.12/site-packages/airflow/example_dags/example_sla_dag.py
[2026-02-05T12:58:08.127+0000] {processor.py:830} INFO - Processing file /home/airflow/.local/lib/python3.12/site-packages/airflow/example_dags/example_sla_dag.py for tasks to queue
[2026-02-05T12:58:08.128+0000] {logging_mixin.py:188} INFO - [2026-02-05T12:58:08.128+0000] {dagbag.py:540} INFO - Filling up the DagBag from /home/airflow/.local/lib/python3.12/site-packages/airflow/example_dags/example_sla_dag.py
[2026-02-05T12:58:08.135+0000] {processor.py:840} INFO - DAG(s) 'example_sla_dag' retrieved from /home/airflow/.local/lib/python3.12/site-packages/airflow/example_dags/example_sla_dag.py
[2026-02-05T12:58:08.149+0000] {logging_mixin.py:188} INFO - [2026-02-05T12:58:08.149+0000] {dag.py:3096} INFO - Sync 1 DAGs
[2026-02-05T12:58:08.161+0000] {logging_mixin.py:188} INFO - [2026-02-05T12:58:08.161+0000] {dag.py:3954} INFO - Setting next_dagrun for example_sla_dag to 2026-02-05 12:56:00+00:00, run_after=2026-02-05 12:58:00+00:00
[2026-02-05T12:58:08.174+0000] {processor.py:183} INFO - Processing /home/airflow/.local/lib/python3.12/site-packages/airflow/example_dags/example_sla_dag.py took 0.051 seconds
[2026-02-05T12:58:38.277+0000] {processor.py:161} INFO - Started process (PID=437) to work on /home/airflow/.local/lib/python3.12/site-packages/airflow/example_dags/example_sla_dag.py
[2026-02-05T12:58:38.278+0000] {processor.py:830} INFO - Processing file /home/airflow/.local/lib/python3.12/site-packages/airflow/example_dags/example_sla_dag.py for tasks to queue
[2026-02-05T12:58:38.281+0000] {logging_mixin.py:188} INFO - [2026-02-05T12:58:38.281+0000] {dagbag.py:540} INFO - Filling up the DagBag from /home/airflow/.local/lib/python3.12/site-packages/airflow/example_dags/example_sla_dag.py
[2026-02-05T12:58:38.292+0000] {processor.py:840} INFO - DAG(s) 'example_sla_dag' retrieved from /home/airflow/.local/lib/python3.12/site-packages/airflow/example_dags/example_sla_dag.py
[2026-02-05T12:58:38.335+0000] {logging_mixin.py:188} INFO - [2026-02-05T12:58:38.335+0000] {dag.py:3096} INFO - Sync 1 DAGs
[2026-02-05T12:58:38.357+0000] {logging_mixin.py:188} INFO - [2026-02-05T12:58:38.357+0000] {dag.py:3954} INFO - Setting next_dagrun for example_sla_dag to 2026-02-05 12:56:00+00:00, run_after=2026-02-05 12:58:00+00:00
[2026-02-05T12:58:38.386+0000] {processor.py:183} INFO - Processing /home/airflow/.local/lib/python3.12/site-packages/airflow/example_dags/example_sla_dag.py took 0.118 seconds
[2026-02-05T12:59:09.326+0000] {processor.py:161} INFO - Started process (PID=505) to work on /home/airflow/.local/lib/python3.12/site-packages/airflow/example_dags/example_sla_dag.py
[2026-02-05T12:59:09.330+0000] {processor.py:830} INFO - Processing file /home/airflow/.local/lib/python3.12/site-packages/airflow/example_dags/example_sla_dag.py for tasks to queue
[2026-02-05T12:59:09.331+0000] {logging_mixin.py:188} INFO - [2026-02-05T12:59:09.331+0000] {dagbag.py:540} INFO - Filling up the DagBag from /home/airflow/.local/lib/python3.12/site-packages/airflow/example_dags/example_sla_dag.py
[2026-02-05T12:59:09.337+0000] {processor.py:840} INFO - DAG(s) 'example_sla_dag' retrieved from /home/airflow/.local/lib/python3.12/site-packages/airflow/example_dags/example_sla_dag.py
[2026-02-05T12:59:09.351+0000] {logging_mixin.py:188} INFO - [2026-02-05T12:59:09.351+0000] {dag.py:3096} INFO - Sync 1 DAGs
[2026-02-05T12:59:09.365+0000] {logging_mixin.py:188} INFO - [2026-02-05T12:59:09.365+0000] {dag.py:3954} INFO - Setting next_dagrun for example_sla_dag to 2026-02-05 12:56:00+00:00, run_after=2026-02-05 12:58:00+00:00
[2026-02-05T12:59:09.377+0000] {processor.py:183} INFO - Processing /home/airflow/.local/lib/python3.12/site-packages/airflow/example_dags/example_sla_dag.py took 0.055 seconds
[2026-02-05T12:59:39.501+0000] {processor.py:161} INFO - Started process (PID=563) to work on /home/airflow/.local/lib/python3.12/site-packages/airflow/example_dags/example_sla_dag.py
[2026-02-05T12:59:39.501+0000] {processor.py:830} INFO - Processing file /home/airflow/.local/lib/python3.12/site-packages/airflow/example_dags/example_sla_dag.py for tasks to queue
[2026-02-05T12:59:39.503+0000] {logging_mixin.py:188} INFO - [2026-02-05T12:59:39.502+0000] {dagbag.py:540} INFO - Filling up the DagBag from /home/airflow/.local/lib/python3.12/site-packages/airflow/example_dags/example_sla_dag.py
[2026-02-05T12:59:39.508+0000] {processor.py:840} INFO - DAG(s) 'example_sla_dag' retrieved from /home/airflow/.local/lib/python3.12/site-packages/airflow/example_dags/example_sla_dag.py
[2026-02-05T12:59:39.521+0000] {logging_mixin.py:188} INFO - [2026-02-05T12:59:39.521+0000] {dag.py:3096} INFO - Sync 1 DAGs
[2026-02-05T12:59:39.534+0000] {logging_mixin.py:188} INFO - [2026-02-05T12:59:39.534+0000] {dag.py:3954} INFO - Setting next_dagrun for example_sla_dag to 2026-02-05 12:56:00+00:00, run_after=2026-02-05 12:58:00+00:00
[2026-02-05T12:59:39.548+0000] {processor.py:183} INFO - Processing /home/airflow/.local/lib/python3.12/site-packages/airflow/example_dags/example_sla_dag.py took 0.051 seconds
[2026-02-05T13:00:09.886+0000] {processor.py:161} INFO - Started process (PID=621) to work on /home/airflow/.local/lib/python3.12/site-packages/airflow/example_dags/example_sla_dag.py
[2026-02-05T13:00:09.887+0000] {processor.py:830} INFO - Processing file /home/airflow/.local/lib/python3.12/site-packages/airflow/example_dags/example_sla_dag.py for tasks to queue
[2026-02-05T13:00:09.888+0000] {logging_mixin.py:188} INFO - [2026-02-05T13:00:09.888+0000] {dagbag.py:540} INFO - Filling up the DagBag from /home/airflow/.local/lib/python3.12/site-packages/airflow/example_dags/example_sla_dag.py
[2026-02-05T13:00:09.893+0000] {processor.py:840} INFO - DAG(s) 'example_sla_dag' retrieved from /home/airflow/.local/lib/python3.12/site-packages/airflow/example_dags/example_sla_dag.py
[2026-02-05T13:00:09.905+0000] {logging_mixin.py:188} INFO - [2026-02-05T13:00:09.905+0000] {dag.py:3096} INFO - Sync 1 DAGs
[2026-02-05T13:00:09.919+0000] {logging_mixin.py:188} INFO - [2026-02-05T13:00:09.919+0000] {dag.py:3954} INFO - Setting next_dagrun for example_sla_dag to 2026-02-05 12:58:00+00:00, run_after=2026-02-05 13:00:00+00:00
[2026-02-05T13:00:09.929+0000] {processor.py:183} INFO - Processing /home/airflow/.local/lib/python3.12/site-packages/airflow/example_dags/example_sla_dag.py took 0.046 seconds
[2026-02-05T13:00:40.042+0000] {processor.py:161} INFO - Started process (PID=679) to work on /home/airflow/.local/lib/python3.12/site-packages/airflow/example_dags/example_sla_dag.py
[2026-02-05T13:00:40.042+0000] {processor.py:830} INFO - Processing file /home/airflow/.local/lib/python3.12/site-packages/airflow/example_dags/example_sla_dag.py for tasks to queue
[2026-02-05T13:00:40.043+0000] {logging_mixin.py:188} INFO - [2026-02-05T13:00:40.043+0000] {dagbag.py:540} INFO - Filling up the DagBag from /home/airflow/.local/lib/python3.12/site-packages/airflow/example_dags/example_sla_dag.py
[2026-02-05T13:00:40.048+0000] {processor.py:840} INFO - DAG(s) 'example_sla_dag' retrieved from /home/airflow/.local/lib/python3.12/site-packages/airflow/example_dags/example_sla_dag.py
[2026-02-05T13:00:40.060+0000] {logging_mixin.py:188} INFO - [2026-02-05T13:00:40.060+0000] {dag.py:3096} INFO - Sync 1 DAGs
[2026-02-05T13:00:40.072+0000] {logging_mixin.py:188} INFO - [2026-02-05T13:00:40.072+0000] {dag.py:3954} INFO - Setting next_dagrun for example_sla_dag to 2026-02-05 12:58:00+00:00, run_after=2026-02-05 13:00:00+00:00
[2026-02-05T13:00:40.082+0000] {processor.py:183} INFO - Processing /home/airflow/.local/lib/python3.12/site-packages/airflow/example_dags/example_sla_dag.py took 0.043 seconds
[2026-02-05T13:01:10.966+0000] {processor.py:161} INFO - Started process (PID=737) to work on /home/airflow/.local/lib/python3.12/site-packages/airflow/example_dags/example_sla_dag.py
[2026-02-05T13:01:10.967+0000] {processor.py:830} INFO - Processing file /home/airflow/.local/lib/python3.12/site-packages/airflow/example_dags/example_sla_dag.py for tasks to queue
[2026-02-05T13:01:10.968+0000] {logging_mixin.py:188} INFO - [2026-02-05T13:01:10.968+0000] {dagbag.py:540} INFO - Filling up the DagBag from /home/airflow/.local/lib/python3.12/site-packages/airflow/example_dags/example_sla_dag.py
[2026-02-05T13:01:10.972+0000] {processor.py:840} INFO - DAG(s) 'example_sla_dag' retrieved from /home/airflow/.local/lib/python3.12/site-packages/airflow/example_dags/example_sla_dag.py
[2026-02-05T13:01:10.983+0000] {logging_mixin.py:188} INFO - [2026-02-05T13:01:10.983+0000] {dag.py:3096} INFO - Sync 1 DAGs
[2026-02-05T13:01:10.995+0000] {logging_mixin.py:188} INFO - [2026-02-05T13:01:10.995+0000] {dag.py:3954} INFO - Setting next_dagrun for example_sla_dag to 2026-02-05 12:58:00+00:00, run_after=2026-02-05 13:00:00+00:00
[2026-02-05T13:01:11.005+0000] {processor.py:183} INFO - Processing /home/airflow/.local/lib/python3.12/site-packages/airflow/example_dags/example_sla_dag.py took 0.042 seconds
[2026-02-05T13:01:41.330+0000] {processor.py:161} INFO - Started process (PID=795) to work on /home/airflow/.local/lib/python3.12/site-packages/airflow/example_dags/example_sla_dag.py
[2026-02-05T13:01:41.331+0000] {processor.py:830} INFO - Processing file /home/airflow/.local/lib/python3.12/site-packages/airflow/example_dags/example_sla_dag.py for tasks to queue
[2026-02-05T13:01:41.333+0000] {logging_mixin.py:188} INFO - [2026-02-05T13:01:41.333+0000] {dagbag.py:540} INFO - Filling up the DagBag from /home/airflow/.local/lib/python3.12/site-packages/airflow/example_dags/example_sla_dag.py
[2026-02-05T13:01:41.344+0000] {processor.py:840} INFO - DAG(s) 'example_sla_dag' retrieved from /home/airflow/.local/lib/python3.12/site-packages/airflow/example_dags/example_sla_dag.py
[2026-02-05T13:01:41.363+0000] {logging_mixin.py:188} INFO - [2026-02-05T13:01:41.363+0000] {dag.py:3096} INFO - Sync 1 DAGs
[2026-02-05T13:01:41.380+0000] {logging_mixin.py:188} INFO - [2026-02-05T13:01:41.380+0000] {dag.py:3954} INFO - Setting next_dagrun for example_sla_dag to 2026-02-05 12:58:00+00:00, run_after=2026-02-05 13:00:00+00:00
[2026-02-05T13:01:41.393+0000] {processor.py:183} INFO - Processing /home/airflow/.local/lib/python3.12/site-packages/airflow/example_dags/example_sla_dag.py took 0.068 seconds
[2026-02-05T13:02:11.618+0000] {processor.py:161} INFO - Started process (PID=852) to work on /home/airflow/.local/lib/python3.12/site-packages/airflow/example_dags/example_sla_dag.py
[2026-02-05T13:02:11.620+0000] {processor.py:830} INFO - Processing file /home/airflow/.local/lib/python3.12/site-packages/airflow/example_dags/example_sla_dag.py for tasks to queue
[2026-02-05T13:02:11.622+0000] {logging_mixin.py:188} INFO - [2026-02-05T13:02:11.622+0000] {dagbag.py:540} INFO - Filling up the DagBag from /home/airflow/.local/lib/python3.12/site-packages/airflow/example_dags/example_sla_dag.py
[2026-02-05T13:02:11.628+0000] {processor.py:840} INFO - DAG(s) 'example_sla_dag' retrieved from /home/airflow/.local/lib/python3.12/site-packages/airflow/example_dags/example_sla_dag.py
[2026-02-05T13:02:11.641+0000] {logging_mixin.py:188} INFO - [2026-02-05T13:02:11.640+0000] {dag.py:3096} INFO - Sync 1 DAGs
[2026-02-05T13:02:11.655+0000] {logging_mixin.py:188} INFO - [2026-02-05T13:02:11.655+0000] {dag.py:3954} INFO - Setting next_dagrun for example_sla_dag to 2026-02-05 13:00:00+00:00, run_after=2026-02-05 13:02:00+00:00
[2026-02-05T13:02:11.666+0000] {processor.py:183} INFO - Processing /home/airflow/.local/lib/python3.12/site-packages/airflow/example_dags/example_sla_dag.py took 0.052 seconds
[2026-02-05T13:02:41.747+0000] {processor.py:161} INFO - Started process (PID=910) to work on /home/airflow/.local/lib/python3.12/site-packages/airflow/example_dags/example_sla_dag.py
[2026-02-05T13:02:41.748+0000] {processor.py:830} INFO - Processing file /home/airflow/.local/lib/python3.12/site-packages/airflow/example_dags/example_sla_dag.py for tasks to queue
[2026-02-05T13:02:41.750+0000] {logging_mixin.py:188} INFO - [2026-02-05T13:02:41.750+0000] {dagbag.py:540} INFO - Filling up the DagBag from /home/airflow/.local/lib/python3.12/site-packages/airflow/example_dags/example_sla_dag.py
[2026-02-05T13:02:41.756+0000] {processor.py:840} INFO - DAG(s) 'example_sla_dag' retrieved from /home/airflow/.local/lib/python3.12/site-packages/airflow/example_dags/example_sla_dag.py
[2026-02-05T13:02:41.771+0000] {logging_mixin.py:188} INFO - [2026-02-05T13:02:41.771+0000] {dag.py:3096} INFO - Sync 1 DAGs
[2026-02-05T13:02:41.786+0000] {logging_mixin.py:188} INFO - [2026-02-05T13:02:41.786+0000] {dag.py:3954} INFO - Setting next_dagrun for example_sla_dag to 2026-02-05 13:00:00+00:00, run_after=2026-02-05 13:02:00+00:00
[2026-02-05T13:02:41.797+0000] {processor.py:183} INFO - Processing /home/airflow/.local/lib/python3.12/site-packages/airflow/example_dags/example_sla_dag.py took 0.054 seconds
[2026-02-05T13:03:12.811+0000] {processor.py:161} INFO - Started process (PID=968) to work on /home/airflow/.local/lib/python3.12/site-packages/airflow/example_dags/example_sla_dag.py
[2026-02-05T13:03:12.812+0000] {processor.py:830} INFO - Processing file /home/airflow/.local/lib/python3.12/site-packages/airflow/example_dags/example_sla_dag.py for tasks to queue
[2026-02-05T13:03:12.813+0000] {logging_mixin.py:188} INFO - [2026-02-05T13:03:12.813+0000] {dagbag.py:540} INFO - Filling up the DagBag from /home/airflow/.local/lib/python3.12/site-packages/airflow/example_dags/example_sla_dag.py
[2026-02-05T13:03:12.819+0000] {processor.py:840} INFO - DAG(s) 'example_sla_dag' retrieved from /home/airflow/.local/lib/python3.12/site-packages/airflow/example_dags/example_sla_dag.py
[2026-02-05T13:03:12.837+0000] {logging_mixin.py:188} INFO - [2026-02-05T13:03:12.837+0000] {dag.py:3096} INFO - Sync 1 DAGs
[2026-02-05T13:03:12.853+0000] {logging_mixin.py:188} INFO - [2026-02-05T13:03:12.853+0000] {dag.py:3954} INFO - Setting next_dagrun for example_sla_dag to 2026-02-05 13:00:00+00:00, run_after=2026-02-05 13:02:00+00:00
[2026-02-05T13:03:12.869+0000] {processor.py:183} INFO - Processing /home/airflow/.local/lib/python3.12/site-packages/airflow/example_dags/example_sla_dag.py took 0.062 seconds
[2026-02-05T13:03:43.055+0000] {processor.py:161} INFO - Started process (PID=1026) to work on /home/airflow/.local/lib/python3.12/site-packages/airflow/example_dags/example_sla_dag.py
[2026-02-05T13:03:43.055+0000] {processor.py:830} INFO - Processing file /home/airflow/.local/lib/python3.12/site-packages/airflow/example_dags/example_sla_dag.py for tasks to queue
[2026-02-05T13:03:43.056+0000] {logging_mixin.py:188} INFO - [2026-02-05T13:03:43.056+0000] {dagbag.py:540} INFO - Filling up the DagBag from /home/airflow/.local/lib/python3.12/site-packages/airflow/example_dags/example_sla_dag.py
[2026-02-05T13:03:43.061+0000] {processor.py:840} INFO - DAG(s) 'example_sla_dag' retrieved from /home/airflow/.local/lib/python3.12/site-packages/airflow/example_dags/example_sla_dag.py
[2026-02-05T13:03:43.073+0000] {logging_mixin.py:188} INFO - [2026-02-05T13:03:43.073+0000] {dag.py:3096} INFO - Sync 1 DAGs
[2026-02-05T13:03:43.085+0000] {logging_mixin.py:188} INFO - [2026-02-05T13:03:43.085+0000] {dag.py:3954} INFO - Setting next_dagrun for example_sla_dag to 2026-02-05 13:00:00+00:00, run_after=2026-02-05 13:02:00+00:00
[2026-02-05T13:03:43.196+0000] {processor.py:183} INFO - Processing /home/airflow/.local/lib/python3.12/site-packages/airflow/example_dags/example_sla_dag.py took 0.145 seconds
[2026-02-05T13:04:14.035+0000] {processor.py:161} INFO - Started process (PID=1084) to work on /home/airflow/.local/lib/python3.12/site-packages/airflow/example_dags/example_sla_dag.py
[2026-02-05T13:04:14.035+0000] {processor.py:830} INFO - Processing file /home/airflow/.local/lib/python3.12/site-packages/airflow/example_dags/example_sla_dag.py for tasks to queue
[2026-02-05T13:04:14.037+0000] {logging_mixin.py:188} INFO - [2026-02-05T13:04:14.036+0000] {dagbag.py:540} INFO - Filling up the DagBag from /home/airflow/.local/lib/python3.12/site-packages/airflow/example_dags/example_sla_dag.py
[2026-02-05T13:04:14.042+0000] {processor.py:840} INFO - DAG(s) 'example_sla_dag' retrieved from /home/airflow/.local/lib/python3.12/site-packages/airflow/example_dags/example_sla_dag.py
[2026-02-05T13:04:14.055+0000] {logging_mixin.py:188} INFO - [2026-02-05T13:04:14.055+0000] {dag.py:3096} INFO - Sync 1 DAGs
[2026-02-05T13:04:14.068+0000] {logging_mixin.py:188} INFO - [2026-02-05T13:04:14.068+0000] {dag.py:3954} INFO - Setting next_dagrun for example_sla_dag to 2026-02-05 13:02:00+00:00, run_after=2026-02-05 13:04:00+00:00
[2026-02-05T13:04:14.079+0000] {processor.py:183} INFO - Processing /home/airflow/.local/lib/python3.12/site-packages/airflow/example_dags/example_sla_dag.py took 0.048 seconds
[2026-02-05T13:04:44.498+0000] {processor.py:161} INFO - Started process (PID=1142) to work on /home/airflow/.local/lib/python3.12/site-packages/airflow/example_dags/example_sla_dag.py
[2026-02-05T13:04:44.501+0000] {processor.py:830} INFO - Processing file /home/airflow/.local/lib/python3.12/site-packages/airflow/example_dags/example_sla_dag.py for tasks to queue
[2026-02-05T13:04:44.508+0000] {logging_mixin.py:188} INFO - [2026-02-05T13:04:44.507+0000] {dagbag.py:540} INFO - Filling up the DagBag from /home/airflow/.local/lib/python3.12/site-packages/airflow/example_dags/example_sla_dag.py
[2026-02-05T13:04:44.521+0000] {processor.py:840} INFO - DAG(s) 'example_sla_dag' retrieved from /home/airflow/.local/lib/python3.12/site-packages/airflow/example_dags/example_sla_dag.py
[2026-02-05T13:04:44.555+0000] {logging_mixin.py:188} INFO - [2026-02-05T13:04:44.555+0000] {dag.py:3096} INFO - Sync 1 DAGs
[2026-02-05T13:04:44.578+0000] {logging_mixin.py:188} INFO - [2026-02-05T13:04:44.578+0000] {dag.py:3954} INFO - Setting next_dagrun for example_sla_dag to 2026-02-05 13:02:00+00:00, run_after=2026-02-05 13:04:00+00:00
[2026-02-05T13:04:44.604+0000] {processor.py:183} INFO - Processing /home/airflow/.local/lib/python3.12/site-packages/airflow/example_dags/example_sla_dag.py took 0.116 seconds
[2026-02-05T13:05:15.232+0000] {processor.py:161} INFO - Started process (PID=1200) to work on /home/airflow/.local/lib/python3.12/site-packages/airflow/example_dags/example_sla_dag.py
[2026-02-05T13:05:15.233+0000] {processor.py:830} INFO - Processing file /home/airflow/.local/lib/python3.12/site-packages/airflow/example_dags/example_sla_dag.py for tasks to queue
[2026-02-05T13:05:15.235+0000] {logging_mixin.py:188} INFO - [2026-02-05T13:05:15.234+0000] {dagbag.py:540} INFO - Filling up the DagBag from /home/airflow/.local/lib/python3.12/site-packages/airflow/example_dags/example_sla_dag.py
[2026-02-05T13:05:15.241+0000] {processor.py:840} INFO - DAG(s) 'example_sla_dag' retrieved from /home/airflow/.local/lib/python3.12/site-packages/airflow/example_dags/example_sla_dag.py
[2026-02-05T13:05:15.255+0000] {logging_mixin.py:188} INFO - [2026-02-05T13:05:15.255+0000] {dag.py:3096} INFO - Sync 1 DAGs
[2026-02-05T13:05:15.269+0000] {logging_mixin.py:188} INFO - [2026-02-05T13:05:15.269+0000] {dag.py:3954} INFO - Setting next_dagrun for example_sla_dag to 2026-02-05 13:02:00+00:00, run_after=2026-02-05 13:04:00+00:00
[2026-02-05T13:05:15.291+0000] {processor.py:183} INFO - Processing /home/airflow/.local/lib/python3.12/site-packages/airflow/example_dags/example_sla_dag.py took 0.063 seconds
[2026-02-05T13:05:46.058+0000] {processor.py:161} INFO - Started process (PID=1258) to work on /home/airflow/.local/lib/python3.12/site-packages/airflow/example_dags/example_sla_dag.py
[2026-02-05T13:05:46.059+0000] {processor.py:830} INFO - Processing file /home/airflow/.local/lib/python3.12/site-packages/airflow/example_dags/example_sla_dag.py for tasks to queue
[2026-02-05T13:05:46.061+0000] {logging_mixin.py:188} INFO - [2026-02-05T13:05:46.060+0000] {dagbag.py:540} INFO - Filling up the DagBag from /home/airflow/.local/lib/python3.12/site-packages/airflow/example_dags/example_sla_dag.py
[2026-02-05T13:05:46.069+0000] {processor.py:840} INFO - DAG(s) 'example_sla_dag' retrieved from /home/airflow/.local/lib/python3.12/site-packages/airflow/example_dags/example_sla_dag.py
[2026-02-05T13:05:46.197+0000] {logging_mixin.py:188} INFO - [2026-02-05T13:05:46.197+0000] {dag.py:3096} INFO - Sync 1 DAGs
[2026-02-05T13:05:46.209+0000] {logging_mixin.py:188} INFO - [2026-02-05T13:05:46.209+0000] {dag.py:3954} INFO - Setting next_dagrun for example_sla_dag to 2026-02-05 13:02:00+00:00, run_after=2026-02-05 13:04:00+00:00
[2026-02-05T13:05:46.219+0000] {processor.py:183} INFO - Processing /home/airflow/.local/lib/python3.12/site-packages/airflow/example_dags/example_sla_dag.py took 0.167 seconds
[2026-02-05T13:06:16.241+0000] {processor.py:161} INFO - Started process (PID=1315) to work on /home/airflow/.local/lib/python3.12/site-packages/airflow/example_dags/example_sla_dag.py
[2026-02-05T13:06:16.242+0000] {processor.py:830} INFO - Processing file /home/airflow/.local/lib/python3.12/site-packages/airflow/example_dags/example_sla_dag.py for tasks to queue
[2026-02-05T13:06:16.243+0000] {logging_mixin.py:188} INFO - [2026-02-05T13:06:16.243+0000] {dagbag.py:540} INFO - Filling up the DagBag from /home/airflow/.local/lib/python3.12/site-packages/airflow/example_dags/example_sla_dag.py
[2026-02-05T13:06:16.249+0000] {processor.py:840} INFO - DAG(s) 'example_sla_dag' retrieved from /home/airflow/.local/lib/python3.12/site-packages/airflow/example_dags/example_sla_dag.py
[2026-02-05T13:06:16.261+0000] {logging_mixin.py:188} INFO - [2026-02-05T13:06:16.261+0000] {dag.py:3096} INFO - Sync 1 DAGs
[2026-02-05T13:06:16.276+0000] {logging_mixin.py:188} INFO - [2026-02-05T13:06:16.276+0000] {dag.py:3954} INFO - Setting next_dagrun for example_sla_dag to 2026-02-05 13:04:00+00:00, run_after=2026-02-05 13:06:00+00:00
[2026-02-05T13:06:16.286+0000] {processor.py:183} INFO - Processing /home/airflow/.local/lib/python3.12/site-packages/airflow/example_dags/example_sla_dag.py took 0.049 seconds
[2026-02-05T13:06:46.444+0000] {processor.py:161} INFO - Started process (PID=1373) to work on /home/airflow/.local/lib/python3.12/site-packages/airflow/example_dags/example_sla_dag.py
[2026-02-05T13:06:46.445+0000] {processor.py:830} INFO - Processing file /home/airflow/.local/lib/python3.12/site-packages/airflow/example_dags/example_sla_dag.py for tasks to queue
[2026-02-05T13:06:46.448+0000] {logging_mixin.py:188} INFO - [2026-02-05T13:06:46.447+0000] {dagbag.py:540} INFO - Filling up the DagBag from /home/airflow/.local/lib/python3.12/site-packages/airflow/example_dags/example_sla_dag.py
[2026-02-05T13:06:46.456+0000] {processor.py:840} INFO - DAG(s) 'example_sla_dag' retrieved from /home/airflow/.local/lib/python3.12/site-packages/airflow/example_dags/example_sla_dag.py
[2026-02-05T13:06:46.474+0000] {logging_mixin.py:188} INFO - [2026-02-05T13:06:46.474+0000] {dag.py:3096} INFO - Sync 1 DAGs
[2026-02-05T13:06:46.495+0000] {logging_mixin.py:188} INFO - [2026-02-05T13:06:46.495+0000] {dag.py:3954} INFO - Setting next_dagrun for example_sla_dag to 2026-02-05 13:04:00+00:00, run_after=2026-02-05 13:06:00+00:00
[2026-02-05T13:06:46.509+0000] {processor.py:183} INFO - Processing /home/airflow/.local/lib/python3.12/site-packages/airflow/example_dags/example_sla_dag.py took 0.072 seconds
[2026-02-05T13:07:16.583+0000] {processor.py:161} INFO - Started process (PID=1431) to work on /home/airflow/.local/lib/python3.12/site-packages/airflow/example_dags/example_sla_dag.py
[2026-02-05T13:07:16.584+0000] {processor.py:830} INFO - Processing file /home/airflow/.local/lib/python3.12/site-packages/airflow/example_dags/example_sla_dag.py for tasks to queue
[2026-02-05T13:07:16.585+0000] {logging_mixin.py:188} INFO - [2026-02-05T13:07:16.584+0000] {dagbag.py:540} INFO - Filling up the DagBag from /home/airflow/.local/lib/python3.12/site-packages/airflow/example_dags/example_sla_dag.py
[2026-02-05T13:07:16.590+0000] {processor.py:840} INFO - DAG(s) 'example_sla_dag' retrieved from /home/airflow/.local/lib/python3.12/site-packages/airflow/example_dags/example_sla_dag.py
[2026-02-05T13:07:16.601+0000] {logging_mixin.py:188} INFO - [2026-02-05T13:07:16.601+0000] {dag.py:3096} INFO - Sync 1 DAGs
[2026-02-05T13:07:16.625+0000] {logging_mixin.py:188} INFO - [2026-02-05T13:07:16.625+0000] {dag.py:3954} INFO - Setting next_dagrun for example_sla_dag to 2026-02-05 13:04:00+00:00, run_after=2026-02-05 13:06:00+00:00
[2026-02-05T13:07:16.643+0000] {processor.py:183} INFO - Processing /home/airflow/.local/lib/python3.12/site-packages/airflow/example_dags/example_sla_dag.py took 0.063 seconds
[2026-02-05T13:07:46.809+0000] {processor.py:161} INFO - Started process (PID=1489) to work on /home/airflow/.local/lib/python3.12/site-packages/airflow/example_dags/example_sla_dag.py
[2026-02-05T13:07:46.809+0000] {processor.py:830} INFO - Processing file /home/airflow/.local/lib/python3.12/site-packages/airflow/example_dags/example_sla_dag.py for tasks to queue
[2026-02-05T13:07:46.811+0000] {logging_mixin.py:188} INFO - [2026-02-05T13:07:46.810+0000] {dagbag.py:540} INFO - Filling up the DagBag from /home/airflow/.local/lib/python3.12/site-packages/airflow/example_dags/example_sla_dag.py
[2026-02-05T13:07:46.815+0000] {processor.py:840} INFO - DAG(s) 'example_sla_dag' retrieved from /home/airflow/.local/lib/python3.12/site-packages/airflow/example_dags/example_sla_dag.py
[2026-02-05T13:07:46.830+0000] {logging_mixin.py:188} INFO - [2026-02-05T13:07:46.830+0000] {dag.py:3096} INFO - Sync 1 DAGs
[2026-02-05T13:07:46.843+0000] {logging_mixin.py:188} INFO - [2026-02-05T13:07:46.843+0000] {dag.py:3954} INFO - Setting next_dagrun for example_sla_dag to 2026-02-05 13:04:00+00:00, run_after=2026-02-05 13:06:00+00:00
[2026-02-05T13:07:46.853+0000] {processor.py:183} INFO - Processing /home/airflow/.local/lib/python3.12/site-packages/airflow/example_dags/example_sla_dag.py took 0.047 seconds
[2026-02-05T13:08:17.145+0000] {processor.py:161} INFO - Started process (PID=1547) to work on /home/airflow/.local/lib/python3.12/site-packages/airflow/example_dags/example_sla_dag.py
[2026-02-05T13:08:17.148+0000] {processor.py:830} INFO - Processing file /home/airflow/.local/lib/python3.12/site-packages/airflow/example_dags/example_sla_dag.py for tasks to queue
[2026-02-05T13:08:17.150+0000] {logging_mixin.py:188} INFO - [2026-02-05T13:08:17.150+0000] {dagbag.py:540} INFO - Filling up the DagBag from /home/airflow/.local/lib/python3.12/site-packages/airflow/example_dags/example_sla_dag.py
[2026-02-05T13:08:17.170+0000] {processor.py:840} INFO - DAG(s) 'example_sla_dag' retrieved from /home/airflow/.local/lib/python3.12/site-packages/airflow/example_dags/example_sla_dag.py
[2026-02-05T13:08:17.193+0000] {logging_mixin.py:188} INFO - [2026-02-05T13:08:17.193+0000] {dag.py:3096} INFO - Sync 1 DAGs
[2026-02-05T13:08:17.210+0000] {logging_mixin.py:188} INFO - [2026-02-05T13:08:17.210+0000] {dag.py:3954} INFO - Setting next_dagrun for example_sla_dag to 2026-02-05 13:06:00+00:00, run_after=2026-02-05 13:08:00+00:00
[2026-02-05T13:08:17.224+0000] {processor.py:183} INFO - Processing /home/airflow/.local/lib/python3.12/site-packages/airflow/example_dags/example_sla_dag.py took 0.088 seconds
[2026-02-05T13:08:47.288+0000] {processor.py:161} INFO - Started process (PID=1604) to work on /home/airflow/.local/lib/python3.12/site-packages/airflow/example_dags/example_sla_dag.py
[2026-02-05T13:08:47.291+0000] {processor.py:830} INFO - Processing file /home/airflow/.local/lib/python3.12/site-packages/airflow/example_dags/example_sla_dag.py for tasks to queue
[2026-02-05T13:08:47.295+0000] {logging_mixin.py:188} INFO - [2026-02-05T13:08:47.294+0000] {dagbag.py:540} INFO - Filling up the DagBag from /home/airflow/.local/lib/python3.12/site-packages/airflow/example_dags/example_sla_dag.py
[2026-02-05T13:08:47.306+0000] {processor.py:840} INFO - DAG(s) 'example_sla_dag' retrieved from /home/airflow/.local/lib/python3.12/site-packages/airflow/example_dags/example_sla_dag.py
[2026-02-05T13:08:47.322+0000] {logging_mixin.py:188} INFO - [2026-02-05T13:08:47.322+0000] {dag.py:3096} INFO - Sync 1 DAGs
[2026-02-05T13:08:47.339+0000] {logging_mixin.py:188} INFO - [2026-02-05T13:08:47.339+0000] {dag.py:3954} INFO - Setting next_dagrun for example_sla_dag to 2026-02-05 13:06:00+00:00, run_after=2026-02-05 13:08:00+00:00
[2026-02-05T13:08:47.353+0000] {processor.py:183} INFO - Processing /home/airflow/.local/lib/python3.12/site-packages/airflow/example_dags/example_sla_dag.py took 0.074 seconds
[2026-02-05T13:09:17.414+0000] {processor.py:161} INFO - Started process (PID=1662) to work on /home/airflow/.local/lib/python3.12/site-packages/airflow/example_dags/example_sla_dag.py
[2026-02-05T13:09:17.415+0000] {processor.py:830} INFO - Processing file /home/airflow/.local/lib/python3.12/site-packages/airflow/example_dags/example_sla_dag.py for tasks to queue
[2026-02-05T13:09:17.416+0000] {logging_mixin.py:188} INFO - [2026-02-05T13:09:17.415+0000] {dagbag.py:540} INFO - Filling up the DagBag from /home/airflow/.local/lib/python3.12/site-packages/airflow/example_dags/example_sla_dag.py
[2026-02-05T13:09:17.420+0000] {processor.py:840} INFO - DAG(s) 'example_sla_dag' retrieved from /home/airflow/.local/lib/python3.12/site-packages/airflow/example_dags/example_sla_dag.py
[2026-02-05T13:09:17.435+0000] {logging_mixin.py:188} INFO - [2026-02-05T13:09:17.435+0000] {dag.py:3096} INFO - Sync 1 DAGs
[2026-02-05T13:09:17.448+0000] {logging_mixin.py:188} INFO - [2026-02-05T13:09:17.448+0000] {dag.py:3954} INFO - Setting next_dagrun for example_sla_dag to 2026-02-05 13:06:00+00:00, run_after=2026-02-05 13:08:00+00:00
[2026-02-05T13:09:17.462+0000] {processor.py:183} INFO - Processing /home/airflow/.local/lib/python3.12/site-packages/airflow/example_dags/example_sla_dag.py took 0.051 seconds
[2026-02-05T13:09:47.893+0000] {processor.py:161} INFO - Started process (PID=1720) to work on /home/airflow/.local/lib/python3.12/site-packages/airflow/example_dags/example_sla_dag.py
[2026-02-05T13:09:47.894+0000] {processor.py:830} INFO - Processing file /home/airflow/.local/lib/python3.12/site-packages/airflow/example_dags/example_sla_dag.py for tasks to queue
[2026-02-05T13:09:47.896+0000] {logging_mixin.py:188} INFO - [2026-02-05T13:09:47.896+0000] {dagbag.py:540} INFO - Filling up the DagBag from /home/airflow/.local/lib/python3.12/site-packages/airflow/example_dags/example_sla_dag.py
[2026-02-05T13:09:47.903+0000] {processor.py:840} INFO - DAG(s) 'example_sla_dag' retrieved from /home/airflow/.local/lib/python3.12/site-packages/airflow/example_dags/example_sla_dag.py
[2026-02-05T13:09:47.922+0000] {logging_mixin.py:188} INFO - [2026-02-05T13:09:47.922+0000] {dag.py:3096} INFO - Sync 1 DAGs
[2026-02-05T13:09:47.939+0000] {logging_mixin.py:188} INFO - [2026-02-05T13:09:47.939+0000] {dag.py:3954} INFO - Setting next_dagrun for example_sla_dag to 2026-02-05 13:06:00+00:00, run_after=2026-02-05 13:08:00+00:00
[2026-02-05T13:09:47.949+0000] {processor.py:183} INFO - Processing /home/airflow/.local/lib/python3.12/site-packages/airflow/example_dags/example_sla_dag.py took 0.061 seconds
[2026-02-05T13:10:18.033+0000] {processor.py:161} INFO - Started process (PID=1777) to work on /home/airflow/.local/lib/python3.12/site-packages/airflow/example_dags/example_sla_dag.py
[2026-02-05T13:10:18.034+0000] {processor.py:830} INFO - Processing file /home/airflow/.local/lib/python3.12/site-packages/airflow/example_dags/example_sla_dag.py for tasks to queue
[2026-02-05T13:10:18.035+0000] {logging_mixin.py:188} INFO - [2026-02-05T13:10:18.034+0000] {dagbag.py:540} INFO - Filling up the DagBag from /home/airflow/.local/lib/python3.12/site-packages/airflow/example_dags/example_sla_dag.py
[2026-02-05T13:10:18.040+0000] {processor.py:840} INFO - DAG(s) 'example_sla_dag' retrieved from /home/airflow/.local/lib/python3.12/site-packages/airflow/example_dags/example_sla_dag.py
[2026-02-05T13:10:18.052+0000] {logging_mixin.py:188} INFO - [2026-02-05T13:10:18.051+0000] {dag.py:3096} INFO - Sync 1 DAGs
[2026-02-05T13:10:18.063+0000] {logging_mixin.py:188} INFO - [2026-02-05T13:10:18.062+0000] {dag.py:3954} INFO - Setting next_dagrun for example_sla_dag to 2026-02-05 13:08:00+00:00, run_after=2026-02-05 13:10:00+00:00
[2026-02-05T13:10:18.073+0000] {processor.py:183} INFO - Processing /home/airflow/.local/lib/python3.12/site-packages/airflow/example_dags/example_sla_dag.py took 0.043 seconds
[2026-02-05T13:10:48.998+0000] {processor.py:161} INFO - Started process (PID=1835) to work on /home/airflow/.local/lib/python3.12/site-packages/airflow/example_dags/example_sla_dag.py
[2026-02-05T13:10:48.998+0000] {processor.py:830} INFO - Processing file /home/airflow/.local/lib/python3.12/site-packages/airflow/example_dags/example_sla_dag.py for tasks to queue
[2026-02-05T13:10:49.000+0000] {logging_mixin.py:188} INFO - [2026-02-05T13:10:48.999+0000] {dagbag.py:540} INFO - Filling up the DagBag from /home/airflow/.local/lib/python3.12/site-packages/airflow/example_dags/example_sla_dag.py
[2026-02-05T13:10:49.004+0000] {processor.py:840} INFO - DAG(s) 'example_sla_dag' retrieved from /home/airflow/.local/lib/python3.12/site-packages/airflow/example_dags/example_sla_dag.py
[2026-02-05T13:10:49.016+0000] {logging_mixin.py:188} INFO - [2026-02-05T13:10:49.015+0000] {dag.py:3096} INFO - Sync 1 DAGs
[2026-02-05T13:10:49.027+0000] {logging_mixin.py:188} INFO - [2026-02-05T13:10:49.027+0000] {dag.py:3954} INFO - Setting next_dagrun for example_sla_dag to 2026-02-05 13:08:00+00:00, run_after=2026-02-05 13:10:00+00:00
[2026-02-05T13:10:49.036+0000] {processor.py:183} INFO - Processing /home/airflow/.local/lib/python3.12/site-packages/airflow/example_dags/example_sla_dag.py took 0.041 seconds
[2026-02-05T13:11:19.920+0000] {processor.py:161} INFO - Started process (PID=1893) to work on /home/airflow/.local/lib/python3.12/site-packages/airflow/example_dags/example_sla_dag.py
[2026-02-05T13:11:19.922+0000] {processor.py:830} INFO - Processing file /home/airflow/.local/lib/python3.12/site-packages/airflow/example_dags/example_sla_dag.py for tasks to queue
[2026-02-05T13:11:19.924+0000] {logging_mixin.py:188} INFO - [2026-02-05T13:11:19.924+0000] {dagbag.py:540} INFO - Filling up the DagBag from /home/airflow/.local/lib/python3.12/site-packages/airflow/example_dags/example_sla_dag.py
[2026-02-05T13:11:19.931+0000] {processor.py:840} INFO - DAG(s) 'example_sla_dag' retrieved from /home/airflow/.local/lib/python3.12/site-packages/airflow/example_dags/example_sla_dag.py
[2026-02-05T13:11:19.943+0000] {logging_mixin.py:188} INFO - [2026-02-05T13:11:19.943+0000] {dag.py:3096} INFO - Sync 1 DAGs
[2026-02-05T13:11:19.954+0000] {logging_mixin.py:188} INFO - [2026-02-05T13:11:19.954+0000] {dag.py:3954} INFO - Setting next_dagrun for example_sla_dag to 2026-02-05 13:08:00+00:00, run_after=2026-02-05 13:10:00+00:00
[2026-02-05T13:11:19.964+0000] {processor.py:183} INFO - Processing /home/airflow/.local/lib/python3.12/site-packages/airflow/example_dags/example_sla_dag.py took 0.048 seconds
[2026-02-05T13:11:50.778+0000] {processor.py:161} INFO - Started process (PID=1951) to work on /home/airflow/.local/lib/python3.12/site-packages/airflow/example_dags/example_sla_dag.py
[2026-02-05T13:11:50.779+0000] {processor.py:830} INFO - Processing file /home/airflow/.local/lib/python3.12/site-packages/airflow/example_dags/example_sla_dag.py for tasks to queue
[2026-02-05T13:11:50.781+0000] {logging_mixin.py:188} INFO - [2026-02-05T13:11:50.781+0000] {dagbag.py:540} INFO - Filling up the DagBag from /home/airflow/.local/lib/python3.12/site-packages/airflow/example_dags/example_sla_dag.py
[2026-02-05T13:11:50.788+0000] {processor.py:840} INFO - DAG(s) 'example_sla_dag' retrieved from /home/airflow/.local/lib/python3.12/site-packages/airflow/example_dags/example_sla_dag.py
[2026-02-05T13:11:50.800+0000] {logging_mixin.py:188} INFO - [2026-02-05T13:11:50.800+0000] {dag.py:3096} INFO - Sync 1 DAGs
[2026-02-05T13:11:50.815+0000] {logging_mixin.py:188} INFO - [2026-02-05T13:11:50.814+0000] {dag.py:3954} INFO - Setting next_dagrun for example_sla_dag to 2026-02-05 13:08:00+00:00, run_after=2026-02-05 13:10:00+00:00
[2026-02-05T13:11:50.825+0000] {processor.py:183} INFO - Processing /home/airflow/.local/lib/python3.12/site-packages/airflow/example_dags/example_sla_dag.py took 0.051 seconds
[2026-02-05T13:12:21.688+0000] {processor.py:161} INFO - Started process (PID=2009) to work on /home/airflow/.local/lib/python3.12/site-packages/airflow/example_dags/example_sla_dag.py
[2026-02-05T13:12:21.688+0000] {processor.py:830} INFO - Processing file /home/airflow/.local/lib/python3.12/site-packages/airflow/example_dags/example_sla_dag.py for tasks to queue
[2026-02-05T13:12:21.689+0000] {logging_mixin.py:188} INFO - [2026-02-05T13:12:21.689+0000] {dagbag.py:540} INFO - Filling up the DagBag from /home/airflow/.local/lib/python3.12/site-packages/airflow/example_dags/example_sla_dag.py
[2026-02-05T13:12:21.694+0000] {processor.py:840} INFO - DAG(s) 'example_sla_dag' retrieved from /home/airflow/.local/lib/python3.12/site-packages/airflow/example_dags/example_sla_dag.py
[2026-02-05T13:12:21.705+0000] {logging_mixin.py:188} INFO - [2026-02-05T13:12:21.705+0000] {dag.py:3096} INFO - Sync 1 DAGs
[2026-02-05T13:12:21.718+0000] {logging_mixin.py:188} INFO - [2026-02-05T13:12:21.717+0000] {dag.py:3954} INFO - Setting next_dagrun for example_sla_dag to 2026-02-05 13:10:00+00:00, run_after=2026-02-05 13:12:00+00:00
[2026-02-05T13:12:21.727+0000] {processor.py:183} INFO - Processing /home/airflow/.local/lib/python3.12/site-packages/airflow/example_dags/example_sla_dag.py took 0.043 seconds
[2026-02-05T13:12:52.603+0000] {processor.py:161} INFO - Started process (PID=2067) to work on /home/airflow/.local/lib/python3.12/site-packages/airflow/example_dags/example_sla_dag.py
[2026-02-05T13:12:52.603+0000] {processor.py:830} INFO - Processing file /home/airflow/.local/lib/python3.12/site-packages/airflow/example_dags/example_sla_dag.py for tasks to queue
[2026-02-05T13:12:52.605+0000] {logging_mixin.py:188} INFO - [2026-02-05T13:12:52.604+0000] {dagbag.py:540} INFO - Filling up the DagBag from /home/airflow/.local/lib/python3.12/site-packages/airflow/example_dags/example_sla_dag.py
[2026-02-05T13:12:52.610+0000] {processor.py:840} INFO - DAG(s) 'example_sla_dag' retrieved from /home/airflow/.local/lib/python3.12/site-packages/airflow/example_dags/example_sla_dag.py
[2026-02-05T13:12:52.622+0000] {logging_mixin.py:188} INFO - [2026-02-05T13:12:52.622+0000] {dag.py:3096} INFO - Sync 1 DAGs
[2026-02-05T13:12:52.634+0000] {logging_mixin.py:188} INFO - [2026-02-05T13:12:52.634+0000] {dag.py:3954} INFO - Setting next_dagrun for example_sla_dag to 2026-02-05 13:10:00+00:00, run_after=2026-02-05 13:12:00+00:00
[2026-02-05T13:12:52.644+0000] {processor.py:183} INFO - Processing /home/airflow/.local/lib/python3.12/site-packages/airflow/example_dags/example_sla_dag.py took 0.045 seconds
[2026-02-05T13:13:23.374+0000] {processor.py:161} INFO - Started process (PID=2124) to work on /home/airflow/.local/lib/python3.12/site-packages/airflow/example_dags/example_sla_dag.py
[2026-02-05T13:13:23.374+0000] {processor.py:830} INFO - Processing file /home/airflow/.local/lib/python3.12/site-packages/airflow/example_dags/example_sla_dag.py for tasks to queue
[2026-02-05T13:13:23.376+0000] {logging_mixin.py:188} INFO - [2026-02-05T13:13:23.375+0000] {dagbag.py:540} INFO - Filling up the DagBag from /home/airflow/.local/lib/python3.12/site-packages/airflow/example_dags/example_sla_dag.py
[2026-02-05T13:13:23.380+0000] {processor.py:840} INFO - DAG(s) 'example_sla_dag' retrieved from /home/airflow/.local/lib/python3.12/site-packages/airflow/example_dags/example_sla_dag.py
[2026-02-05T13:13:23.391+0000] {logging_mixin.py:188} INFO - [2026-02-05T13:13:23.391+0000] {dag.py:3096} INFO - Sync 1 DAGs
[2026-02-05T13:13:23.402+0000] {logging_mixin.py:188} INFO - [2026-02-05T13:13:23.402+0000] {dag.py:3954} INFO - Setting next_dagrun for example_sla_dag to 2026-02-05 13:10:00+00:00, run_after=2026-02-05 13:12:00+00:00
[2026-02-05T13:13:23.415+0000] {processor.py:183} INFO - Processing /home/airflow/.local/lib/python3.12/site-packages/airflow/example_dags/example_sla_dag.py took 0.045 seconds
[2026-02-05T13:13:54.255+0000] {processor.py:161} INFO - Started process (PID=2182) to work on /home/airflow/.local/lib/python3.12/site-packages/airflow/example_dags/example_sla_dag.py
[2026-02-05T13:13:54.256+0000] {processor.py:830} INFO - Processing file /home/airflow/.local/lib/python3.12/site-packages/airflow/example_dags/example_sla_dag.py for tasks to queue
[2026-02-05T13:13:54.258+0000] {logging_mixin.py:188} INFO - [2026-02-05T13:13:54.257+0000] {dagbag.py:540} INFO - Filling up the DagBag from /home/airflow/.local/lib/python3.12/site-packages/airflow/example_dags/example_sla_dag.py
[2026-02-05T13:13:54.265+0000] {processor.py:840} INFO - DAG(s) 'example_sla_dag' retrieved from /home/airflow/.local/lib/python3.12/site-packages/airflow/example_dags/example_sla_dag.py
[2026-02-05T13:13:54.278+0000] {logging_mixin.py:188} INFO - [2026-02-05T13:13:54.278+0000] {dag.py:3096} INFO - Sync 1 DAGs
[2026-02-05T13:13:54.291+0000] {logging_mixin.py:188} INFO - [2026-02-05T13:13:54.291+0000] {dag.py:3954} INFO - Setting next_dagrun for example_sla_dag to 2026-02-05 13:10:00+00:00, run_after=2026-02-05 13:12:00+00:00
[2026-02-05T13:13:54.301+0000] {processor.py:183} INFO - Processing /home/airflow/.local/lib/python3.12/site-packages/airflow/example_dags/example_sla_dag.py took 0.049 seconds
[2026-02-05T13:14:24.317+0000] {processor.py:161} INFO - Started process (PID=2240) to work on /home/airflow/.local/lib/python3.12/site-packages/airflow/example_dags/example_sla_dag.py
[2026-02-05T13:14:24.317+0000] {processor.py:830} INFO - Processing file /home/airflow/.local/lib/python3.12/site-packages/airflow/example_dags/example_sla_dag.py for tasks to queue
[2026-02-05T13:14:24.318+0000] {logging_mixin.py:188} INFO - [2026-02-05T13:14:24.318+0000] {dagbag.py:540} INFO - Filling up the DagBag from /home/airflow/.local/lib/python3.12/site-packages/airflow/example_dags/example_sla_dag.py
[2026-02-05T13:14:24.323+0000] {processor.py:840} INFO - DAG(s) 'example_sla_dag' retrieved from /home/airflow/.local/lib/python3.12/site-packages/airflow/example_dags/example_sla_dag.py
[2026-02-05T13:14:24.333+0000] {logging_mixin.py:188} INFO - [2026-02-05T13:14:24.333+0000] {dag.py:3096} INFO - Sync 1 DAGs
[2026-02-05T13:14:24.344+0000] {logging_mixin.py:188} INFO - [2026-02-05T13:14:24.343+0000] {dag.py:3954} INFO - Setting next_dagrun for example_sla_dag to 2026-02-05 13:12:00+00:00, run_after=2026-02-05 13:14:00+00:00
[2026-02-05T13:14:24.353+0000] {processor.py:183} INFO - Processing /home/airflow/.local/lib/python3.12/site-packages/airflow/example_dags/example_sla_dag.py took 0.039 seconds
[2026-02-05T13:14:54.409+0000] {processor.py:161} INFO - Started process (PID=2298) to work on /home/airflow/.local/lib/python3.12/site-packages/airflow/example_dags/example_sla_dag.py
[2026-02-05T13:14:54.409+0000] {processor.py:830} INFO - Processing file /home/airflow/.local/lib/python3.12/site-packages/airflow/example_dags/example_sla_dag.py for tasks to queue
[2026-02-05T13:14:54.411+0000] {logging_mixin.py:188} INFO - [2026-02-05T13:14:54.410+0000] {dagbag.py:540} INFO - Filling up the DagBag from /home/airflow/.local/lib/python3.12/site-packages/airflow/example_dags/example_sla_dag.py
[2026-02-05T13:14:54.415+0000] {processor.py:840} INFO - DAG(s) 'example_sla_dag' retrieved from /home/airflow/.local/lib/python3.12/site-packages/airflow/example_dags/example_sla_dag.py
[2026-02-05T13:14:54.427+0000] {logging_mixin.py:188} INFO - [2026-02-05T13:14:54.427+0000] {dag.py:3096} INFO - Sync 1 DAGs
[2026-02-05T13:14:54.438+0000] {logging_mixin.py:188} INFO - [2026-02-05T13:14:54.438+0000] {dag.py:3954} INFO - Setting next_dagrun for example_sla_dag to 2026-02-05 13:12:00+00:00, run_after=2026-02-05 13:14:00+00:00
[2026-02-05T13:14:54.447+0000] {processor.py:183} INFO - Processing /home/airflow/.local/lib/python3.12/site-packages/airflow/example_dags/example_sla_dag.py took 0.042 seconds
[2026-02-05T13:15:25.326+0000] {processor.py:161} INFO - Started process (PID=2355) to work on /home/airflow/.local/lib/python3.12/site-packages/airflow/example_dags/example_sla_dag.py
[2026-02-05T13:15:25.327+0000] {processor.py:830} INFO - Processing file /home/airflow/.local/lib/python3.12/site-packages/airflow/example_dags/example_sla_dag.py for tasks to queue
[2026-02-05T13:15:25.328+0000] {logging_mixin.py:188} INFO - [2026-02-05T13:15:25.328+0000] {dagbag.py:540} INFO - Filling up the DagBag from /home/airflow/.local/lib/python3.12/site-packages/airflow/example_dags/example_sla_dag.py
[2026-02-05T13:15:25.333+0000] {processor.py:840} INFO - DAG(s) 'example_sla_dag' retrieved from /home/airflow/.local/lib/python3.12/site-packages/airflow/example_dags/example_sla_dag.py
[2026-02-05T13:15:25.346+0000] {logging_mixin.py:188} INFO - [2026-02-05T13:15:25.346+0000] {dag.py:3096} INFO - Sync 1 DAGs
[2026-02-05T13:15:25.357+0000] {logging_mixin.py:188} INFO - [2026-02-05T13:15:25.357+0000] {dag.py:3954} INFO - Setting next_dagrun for example_sla_dag to 2026-02-05 13:12:00+00:00, run_after=2026-02-05 13:14:00+00:00
[2026-02-05T13:15:25.371+0000] {processor.py:183} INFO - Processing /home/airflow/.local/lib/python3.12/site-packages/airflow/example_dags/example_sla_dag.py took 0.048 seconds
[2026-02-05T13:15:56.242+0000] {processor.py:161} INFO - Started process (PID=2413) to work on /home/airflow/.local/lib/python3.12/site-packages/airflow/example_dags/example_sla_dag.py
[2026-02-05T13:15:56.243+0000] {processor.py:830} INFO - Processing file /home/airflow/.local/lib/python3.12/site-packages/airflow/example_dags/example_sla_dag.py for tasks to queue
[2026-02-05T13:15:56.244+0000] {logging_mixin.py:188} INFO - [2026-02-05T13:15:56.244+0000] {dagbag.py:540} INFO - Filling up the DagBag from /home/airflow/.local/lib/python3.12/site-packages/airflow/example_dags/example_sla_dag.py
[2026-02-05T13:15:56.251+0000] {processor.py:840} INFO - DAG(s) 'example_sla_dag' retrieved from /home/airflow/.local/lib/python3.12/site-packages/airflow/example_dags/example_sla_dag.py
[2026-02-05T13:15:56.272+0000] {logging_mixin.py:188} INFO - [2026-02-05T13:15:56.272+0000] {dag.py:3096} INFO - Sync 1 DAGs
[2026-02-05T13:15:56.291+0000] {logging_mixin.py:188} INFO - [2026-02-05T13:15:56.291+0000] {dag.py:3954} INFO - Setting next_dagrun for example_sla_dag to 2026-02-05 13:12:00+00:00, run_after=2026-02-05 13:14:00+00:00
[2026-02-05T13:15:56.306+0000] {processor.py:183} INFO - Processing /home/airflow/.local/lib/python3.12/site-packages/airflow/example_dags/example_sla_dag.py took 0.070 seconds
[2026-02-05T13:16:27.258+0000] {processor.py:161} INFO - Started process (PID=2471) to work on /home/airflow/.local/lib/python3.12/site-packages/airflow/example_dags/example_sla_dag.py
[2026-02-05T13:16:27.258+0000] {processor.py:830} INFO - Processing file /home/airflow/.local/lib/python3.12/site-packages/airflow/example_dags/example_sla_dag.py for tasks to queue
[2026-02-05T13:16:27.259+0000] {logging_mixin.py:188} INFO - [2026-02-05T13:16:27.259+0000] {dagbag.py:540} INFO - Filling up the DagBag from /home/airflow/.local/lib/python3.12/site-packages/airflow/example_dags/example_sla_dag.py
[2026-02-05T13:16:27.264+0000] {processor.py:840} INFO - DAG(s) 'example_sla_dag' retrieved from /home/airflow/.local/lib/python3.12/site-packages/airflow/example_dags/example_sla_dag.py
[2026-02-05T13:16:27.279+0000] {logging_mixin.py:188} INFO - [2026-02-05T13:16:27.279+0000] {dag.py:3096} INFO - Sync 1 DAGs
[2026-02-05T13:16:27.291+0000] {logging_mixin.py:188} INFO - [2026-02-05T13:16:27.291+0000] {dag.py:3954} INFO - Setting next_dagrun for example_sla_dag to 2026-02-05 13:14:00+00:00, run_after=2026-02-05 13:16:00+00:00
[2026-02-05T13:16:27.307+0000] {processor.py:183} INFO - Processing /home/airflow/.local/lib/python3.12/site-packages/airflow/example_dags/example_sla_dag.py took 0.053 seconds
[2026-02-05T13:16:57.351+0000] {processor.py:161} INFO - Started process (PID=2529) to work on /home/airflow/.local/lib/python3.12/site-packages/airflow/example_dags/example_sla_dag.py
[2026-02-05T13:16:57.352+0000] {processor.py:830} INFO - Processing file /home/airflow/.local/lib/python3.12/site-packages/airflow/example_dags/example_sla_dag.py for tasks to queue
[2026-02-05T13:16:57.353+0000] {logging_mixin.py:188} INFO - [2026-02-05T13:16:57.353+0000] {dagbag.py:540} INFO - Filling up the DagBag from /home/airflow/.local/lib/python3.12/site-packages/airflow/example_dags/example_sla_dag.py
[2026-02-05T13:16:57.358+0000] {processor.py:840} INFO - DAG(s) 'example_sla_dag' retrieved from /home/airflow/.local/lib/python3.12/site-packages/airflow/example_dags/example_sla_dag.py
[2026-02-05T13:16:57.368+0000] {logging_mixin.py:188} INFO - [2026-02-05T13:16:57.368+0000] {dag.py:3096} INFO - Sync 1 DAGs
[2026-02-05T13:16:57.380+0000] {logging_mixin.py:188} INFO - [2026-02-05T13:16:57.380+0000] {dag.py:3954} INFO - Setting next_dagrun for example_sla_dag to 2026-02-05 13:14:00+00:00, run_after=2026-02-05 13:16:00+00:00
[2026-02-05T13:16:57.391+0000] {processor.py:183} INFO - Processing /home/airflow/.local/lib/python3.12/site-packages/airflow/example_dags/example_sla_dag.py took 0.044 seconds
[2026-02-05T13:17:27.454+0000] {processor.py:161} INFO - Started process (PID=2587) to work on /home/airflow/.local/lib/python3.12/site-packages/airflow/example_dags/example_sla_dag.py
[2026-02-05T13:17:27.455+0000] {processor.py:830} INFO - Processing file /home/airflow/.local/lib/python3.12/site-packages/airflow/example_dags/example_sla_dag.py for tasks to queue
[2026-02-05T13:17:27.456+0000] {logging_mixin.py:188} INFO - [2026-02-05T13:17:27.456+0000] {dagbag.py:540} INFO - Filling up the DagBag from /home/airflow/.local/lib/python3.12/site-packages/airflow/example_dags/example_sla_dag.py
[2026-02-05T13:17:27.461+0000] {processor.py:840} INFO - DAG(s) 'example_sla_dag' retrieved from /home/airflow/.local/lib/python3.12/site-packages/airflow/example_dags/example_sla_dag.py
[2026-02-05T13:17:27.473+0000] {logging_mixin.py:188} INFO - [2026-02-05T13:17:27.472+0000] {dag.py:3096} INFO - Sync 1 DAGs
[2026-02-05T13:17:27.486+0000] {logging_mixin.py:188} INFO - [2026-02-05T13:17:27.486+0000] {dag.py:3954} INFO - Setting next_dagrun for example_sla_dag to 2026-02-05 13:14:00+00:00, run_after=2026-02-05 13:16:00+00:00
[2026-02-05T13:17:27.494+0000] {processor.py:183} INFO - Processing /home/airflow/.local/lib/python3.12/site-packages/airflow/example_dags/example_sla_dag.py took 0.044 seconds
[2026-02-05T13:17:57.832+0000] {processor.py:161} INFO - Started process (PID=2644) to work on /home/airflow/.local/lib/python3.12/site-packages/airflow/example_dags/example_sla_dag.py
[2026-02-05T13:17:57.832+0000] {processor.py:830} INFO - Processing file /home/airflow/.local/lib/python3.12/site-packages/airflow/example_dags/example_sla_dag.py for tasks to queue
[2026-02-05T13:17:57.833+0000] {logging_mixin.py:188} INFO - [2026-02-05T13:17:57.833+0000] {dagbag.py:540} INFO - Filling up the DagBag from /home/airflow/.local/lib/python3.12/site-packages/airflow/example_dags/example_sla_dag.py
[2026-02-05T13:17:57.839+0000] {processor.py:840} INFO - DAG(s) 'example_sla_dag' retrieved from /home/airflow/.local/lib/python3.12/site-packages/airflow/example_dags/example_sla_dag.py
[2026-02-05T13:17:57.862+0000] {logging_mixin.py:188} INFO - [2026-02-05T13:17:57.862+0000] {dag.py:3096} INFO - Sync 1 DAGs
[2026-02-05T13:17:57.878+0000] {logging_mixin.py:188} INFO - [2026-02-05T13:17:57.877+0000] {dag.py:3954} INFO - Setting next_dagrun for example_sla_dag to 2026-02-05 13:14:00+00:00, run_after=2026-02-05 13:16:00+00:00
[2026-02-05T13:17:57.894+0000] {processor.py:183} INFO - Processing /home/airflow/.local/lib/python3.12/site-packages/airflow/example_dags/example_sla_dag.py took 0.066 seconds
