[2026-02-05T12:55:34.828+0000] {processor.py:161} INFO - Started process (PID=93) to work on /home/airflow/.local/lib/python3.12/site-packages/airflow/example_dags/example_complex.py
[2026-02-05T12:55:34.829+0000] {processor.py:830} INFO - Processing file /home/airflow/.local/lib/python3.12/site-packages/airflow/example_dags/example_complex.py for tasks to queue
[2026-02-05T12:55:34.830+0000] {logging_mixin.py:188} INFO - [2026-02-05T12:55:34.830+0000] {dagbag.py:540} INFO - Filling up the DagBag from /home/airflow/.local/lib/python3.12/site-packages/airflow/example_dags/example_complex.py
[2026-02-05T12:55:34.839+0000] {processor.py:840} INFO - DAG(s) 'example_complex' retrieved from /home/airflow/.local/lib/python3.12/site-packages/airflow/example_dags/example_complex.py
[2026-02-05T12:55:34.852+0000] {logging_mixin.py:188} INFO - [2026-02-05T12:55:34.852+0000] {dag.py:3096} INFO - Sync 1 DAGs
[2026-02-05T12:55:34.862+0000] {logging_mixin.py:188} INFO - [2026-02-05T12:55:34.862+0000] {dag.py:3954} INFO - Setting next_dagrun for example_complex to None, run_after=None
[2026-02-05T12:55:34.875+0000] {processor.py:183} INFO - Processing /home/airflow/.local/lib/python3.12/site-packages/airflow/example_dags/example_complex.py took 0.052 seconds
[2026-02-05T12:56:05.858+0000] {processor.py:161} INFO - Started process (PID=151) to work on /home/airflow/.local/lib/python3.12/site-packages/airflow/example_dags/example_complex.py
[2026-02-05T12:56:05.859+0000] {processor.py:830} INFO - Processing file /home/airflow/.local/lib/python3.12/site-packages/airflow/example_dags/example_complex.py for tasks to queue
[2026-02-05T12:56:05.860+0000] {logging_mixin.py:188} INFO - [2026-02-05T12:56:05.860+0000] {dagbag.py:540} INFO - Filling up the DagBag from /home/airflow/.local/lib/python3.12/site-packages/airflow/example_dags/example_complex.py
[2026-02-05T12:56:05.865+0000] {processor.py:840} INFO - DAG(s) 'example_complex' retrieved from /home/airflow/.local/lib/python3.12/site-packages/airflow/example_dags/example_complex.py
[2026-02-05T12:56:05.973+0000] {logging_mixin.py:188} INFO - [2026-02-05T12:56:05.973+0000] {dag.py:3096} INFO - Sync 1 DAGs
[2026-02-05T12:56:05.981+0000] {logging_mixin.py:188} INFO - [2026-02-05T12:56:05.981+0000] {dag.py:3954} INFO - Setting next_dagrun for example_complex to None, run_after=None
[2026-02-05T12:56:05.997+0000] {processor.py:183} INFO - Processing /home/airflow/.local/lib/python3.12/site-packages/airflow/example_dags/example_complex.py took 0.142 seconds
[2026-02-05T12:56:36.417+0000] {processor.py:161} INFO - Started process (PID=209) to work on /home/airflow/.local/lib/python3.12/site-packages/airflow/example_dags/example_complex.py
[2026-02-05T12:56:36.418+0000] {processor.py:830} INFO - Processing file /home/airflow/.local/lib/python3.12/site-packages/airflow/example_dags/example_complex.py for tasks to queue
[2026-02-05T12:56:36.420+0000] {logging_mixin.py:188} INFO - [2026-02-05T12:56:36.419+0000] {dagbag.py:540} INFO - Filling up the DagBag from /home/airflow/.local/lib/python3.12/site-packages/airflow/example_dags/example_complex.py
[2026-02-05T12:56:36.426+0000] {processor.py:840} INFO - DAG(s) 'example_complex' retrieved from /home/airflow/.local/lib/python3.12/site-packages/airflow/example_dags/example_complex.py
[2026-02-05T12:56:36.443+0000] {logging_mixin.py:188} INFO - [2026-02-05T12:56:36.443+0000] {dag.py:3096} INFO - Sync 1 DAGs
[2026-02-05T12:56:36.450+0000] {logging_mixin.py:188} INFO - [2026-02-05T12:56:36.450+0000] {dag.py:3954} INFO - Setting next_dagrun for example_complex to None, run_after=None
[2026-02-05T12:56:36.463+0000] {processor.py:183} INFO - Processing /home/airflow/.local/lib/python3.12/site-packages/airflow/example_dags/example_complex.py took 0.049 seconds
[2026-02-05T12:57:07.459+0000] {processor.py:161} INFO - Started process (PID=267) to work on /home/airflow/.local/lib/python3.12/site-packages/airflow/example_dags/example_complex.py
[2026-02-05T12:57:07.460+0000] {processor.py:830} INFO - Processing file /home/airflow/.local/lib/python3.12/site-packages/airflow/example_dags/example_complex.py for tasks to queue
[2026-02-05T12:57:07.461+0000] {logging_mixin.py:188} INFO - [2026-02-05T12:57:07.461+0000] {dagbag.py:540} INFO - Filling up the DagBag from /home/airflow/.local/lib/python3.12/site-packages/airflow/example_dags/example_complex.py
[2026-02-05T12:57:07.466+0000] {processor.py:840} INFO - DAG(s) 'example_complex' retrieved from /home/airflow/.local/lib/python3.12/site-packages/airflow/example_dags/example_complex.py
[2026-02-05T12:57:07.488+0000] {logging_mixin.py:188} INFO - [2026-02-05T12:57:07.488+0000] {dag.py:3096} INFO - Sync 1 DAGs
[2026-02-05T12:57:07.496+0000] {logging_mixin.py:188} INFO - [2026-02-05T12:57:07.496+0000] {dag.py:3954} INFO - Setting next_dagrun for example_complex to None, run_after=None
[2026-02-05T12:57:07.507+0000] {processor.py:183} INFO - Processing /home/airflow/.local/lib/python3.12/site-packages/airflow/example_dags/example_complex.py took 0.051 seconds
[2026-02-05T12:57:38.007+0000] {processor.py:161} INFO - Started process (PID=325) to work on /home/airflow/.local/lib/python3.12/site-packages/airflow/example_dags/example_complex.py
[2026-02-05T12:57:38.008+0000] {processor.py:830} INFO - Processing file /home/airflow/.local/lib/python3.12/site-packages/airflow/example_dags/example_complex.py for tasks to queue
[2026-02-05T12:57:38.010+0000] {logging_mixin.py:188} INFO - [2026-02-05T12:57:38.010+0000] {dagbag.py:540} INFO - Filling up the DagBag from /home/airflow/.local/lib/python3.12/site-packages/airflow/example_dags/example_complex.py
[2026-02-05T12:57:38.018+0000] {processor.py:840} INFO - DAG(s) 'example_complex' retrieved from /home/airflow/.local/lib/python3.12/site-packages/airflow/example_dags/example_complex.py
[2026-02-05T12:57:38.035+0000] {logging_mixin.py:188} INFO - [2026-02-05T12:57:38.035+0000] {dag.py:3096} INFO - Sync 1 DAGs
[2026-02-05T12:57:38.042+0000] {logging_mixin.py:188} INFO - [2026-02-05T12:57:38.042+0000] {dag.py:3954} INFO - Setting next_dagrun for example_complex to None, run_after=None
[2026-02-05T12:57:38.052+0000] {processor.py:183} INFO - Processing /home/airflow/.local/lib/python3.12/site-packages/airflow/example_dags/example_complex.py took 0.051 seconds
[2026-02-05T12:58:08.468+0000] {processor.py:161} INFO - Started process (PID=383) to work on /home/airflow/.local/lib/python3.12/site-packages/airflow/example_dags/example_complex.py
[2026-02-05T12:58:08.469+0000] {processor.py:830} INFO - Processing file /home/airflow/.local/lib/python3.12/site-packages/airflow/example_dags/example_complex.py for tasks to queue
[2026-02-05T12:58:08.471+0000] {logging_mixin.py:188} INFO - [2026-02-05T12:58:08.470+0000] {dagbag.py:540} INFO - Filling up the DagBag from /home/airflow/.local/lib/python3.12/site-packages/airflow/example_dags/example_complex.py
[2026-02-05T12:58:08.479+0000] {processor.py:840} INFO - DAG(s) 'example_complex' retrieved from /home/airflow/.local/lib/python3.12/site-packages/airflow/example_dags/example_complex.py
[2026-02-05T12:58:08.500+0000] {logging_mixin.py:188} INFO - [2026-02-05T12:58:08.500+0000] {dag.py:3096} INFO - Sync 1 DAGs
[2026-02-05T12:58:08.508+0000] {logging_mixin.py:188} INFO - [2026-02-05T12:58:08.508+0000] {dag.py:3954} INFO - Setting next_dagrun for example_complex to None, run_after=None
[2026-02-05T12:58:08.519+0000] {processor.py:183} INFO - Processing /home/airflow/.local/lib/python3.12/site-packages/airflow/example_dags/example_complex.py took 0.055 seconds
[2026-02-05T12:58:38.552+0000] {processor.py:161} INFO - Started process (PID=440) to work on /home/airflow/.local/lib/python3.12/site-packages/airflow/example_dags/example_complex.py
[2026-02-05T12:58:38.558+0000] {processor.py:830} INFO - Processing file /home/airflow/.local/lib/python3.12/site-packages/airflow/example_dags/example_complex.py for tasks to queue
[2026-02-05T12:58:38.561+0000] {logging_mixin.py:188} INFO - [2026-02-05T12:58:38.560+0000] {dagbag.py:540} INFO - Filling up the DagBag from /home/airflow/.local/lib/python3.12/site-packages/airflow/example_dags/example_complex.py
[2026-02-05T12:58:38.569+0000] {processor.py:840} INFO - DAG(s) 'example_complex' retrieved from /home/airflow/.local/lib/python3.12/site-packages/airflow/example_dags/example_complex.py
[2026-02-05T12:58:38.631+0000] {logging_mixin.py:188} INFO - [2026-02-05T12:58:38.630+0000] {dag.py:3096} INFO - Sync 1 DAGs
[2026-02-05T12:58:38.639+0000] {logging_mixin.py:188} INFO - [2026-02-05T12:58:38.639+0000] {dag.py:3954} INFO - Setting next_dagrun for example_complex to None, run_after=None
[2026-02-05T12:58:38.655+0000] {processor.py:183} INFO - Processing /home/airflow/.local/lib/python3.12/site-packages/airflow/example_dags/example_complex.py took 0.109 seconds
[2026-02-05T12:59:09.601+0000] {processor.py:161} INFO - Started process (PID=508) to work on /home/airflow/.local/lib/python3.12/site-packages/airflow/example_dags/example_complex.py
[2026-02-05T12:59:09.602+0000] {processor.py:830} INFO - Processing file /home/airflow/.local/lib/python3.12/site-packages/airflow/example_dags/example_complex.py for tasks to queue
[2026-02-05T12:59:09.603+0000] {logging_mixin.py:188} INFO - [2026-02-05T12:59:09.603+0000] {dagbag.py:540} INFO - Filling up the DagBag from /home/airflow/.local/lib/python3.12/site-packages/airflow/example_dags/example_complex.py
[2026-02-05T12:59:09.610+0000] {processor.py:840} INFO - DAG(s) 'example_complex' retrieved from /home/airflow/.local/lib/python3.12/site-packages/airflow/example_dags/example_complex.py
[2026-02-05T12:59:09.628+0000] {logging_mixin.py:188} INFO - [2026-02-05T12:59:09.628+0000] {dag.py:3096} INFO - Sync 1 DAGs
[2026-02-05T12:59:09.635+0000] {logging_mixin.py:188} INFO - [2026-02-05T12:59:09.635+0000] {dag.py:3954} INFO - Setting next_dagrun for example_complex to None, run_after=None
[2026-02-05T12:59:09.649+0000] {processor.py:183} INFO - Processing /home/airflow/.local/lib/python3.12/site-packages/airflow/example_dags/example_complex.py took 0.051 seconds
[2026-02-05T12:59:39.692+0000] {processor.py:161} INFO - Started process (PID=567) to work on /home/airflow/.local/lib/python3.12/site-packages/airflow/example_dags/example_complex.py
[2026-02-05T12:59:39.693+0000] {processor.py:830} INFO - Processing file /home/airflow/.local/lib/python3.12/site-packages/airflow/example_dags/example_complex.py for tasks to queue
[2026-02-05T12:59:39.697+0000] {logging_mixin.py:188} INFO - [2026-02-05T12:59:39.696+0000] {dagbag.py:540} INFO - Filling up the DagBag from /home/airflow/.local/lib/python3.12/site-packages/airflow/example_dags/example_complex.py
[2026-02-05T12:59:39.702+0000] {processor.py:840} INFO - DAG(s) 'example_complex' retrieved from /home/airflow/.local/lib/python3.12/site-packages/airflow/example_dags/example_complex.py
[2026-02-05T12:59:39.721+0000] {logging_mixin.py:188} INFO - [2026-02-05T12:59:39.721+0000] {dag.py:3096} INFO - Sync 1 DAGs
[2026-02-05T12:59:39.728+0000] {logging_mixin.py:188} INFO - [2026-02-05T12:59:39.727+0000] {dag.py:3954} INFO - Setting next_dagrun for example_complex to None, run_after=None
[2026-02-05T12:59:39.739+0000] {processor.py:183} INFO - Processing /home/airflow/.local/lib/python3.12/site-packages/airflow/example_dags/example_complex.py took 0.051 seconds
[2026-02-05T13:00:09.987+0000] {processor.py:161} INFO - Started process (PID=624) to work on /home/airflow/.local/lib/python3.12/site-packages/airflow/example_dags/example_complex.py
[2026-02-05T13:00:09.988+0000] {processor.py:830} INFO - Processing file /home/airflow/.local/lib/python3.12/site-packages/airflow/example_dags/example_complex.py for tasks to queue
[2026-02-05T13:00:09.989+0000] {logging_mixin.py:188} INFO - [2026-02-05T13:00:09.989+0000] {dagbag.py:540} INFO - Filling up the DagBag from /home/airflow/.local/lib/python3.12/site-packages/airflow/example_dags/example_complex.py
[2026-02-05T13:00:09.995+0000] {processor.py:840} INFO - DAG(s) 'example_complex' retrieved from /home/airflow/.local/lib/python3.12/site-packages/airflow/example_dags/example_complex.py
[2026-02-05T13:00:10.013+0000] {logging_mixin.py:188} INFO - [2026-02-05T13:00:10.013+0000] {dag.py:3096} INFO - Sync 1 DAGs
[2026-02-05T13:00:10.020+0000] {logging_mixin.py:188} INFO - [2026-02-05T13:00:10.020+0000] {dag.py:3954} INFO - Setting next_dagrun for example_complex to None, run_after=None
[2026-02-05T13:00:10.033+0000] {processor.py:183} INFO - Processing /home/airflow/.local/lib/python3.12/site-packages/airflow/example_dags/example_complex.py took 0.049 seconds
[2026-02-05T13:00:40.172+0000] {processor.py:161} INFO - Started process (PID=683) to work on /home/airflow/.local/lib/python3.12/site-packages/airflow/example_dags/example_complex.py
[2026-02-05T13:00:40.173+0000] {processor.py:830} INFO - Processing file /home/airflow/.local/lib/python3.12/site-packages/airflow/example_dags/example_complex.py for tasks to queue
[2026-02-05T13:00:40.174+0000] {logging_mixin.py:188} INFO - [2026-02-05T13:00:40.174+0000] {dagbag.py:540} INFO - Filling up the DagBag from /home/airflow/.local/lib/python3.12/site-packages/airflow/example_dags/example_complex.py
[2026-02-05T13:00:40.179+0000] {processor.py:840} INFO - DAG(s) 'example_complex' retrieved from /home/airflow/.local/lib/python3.12/site-packages/airflow/example_dags/example_complex.py
[2026-02-05T13:00:40.196+0000] {logging_mixin.py:188} INFO - [2026-02-05T13:00:40.196+0000] {dag.py:3096} INFO - Sync 1 DAGs
[2026-02-05T13:00:40.204+0000] {logging_mixin.py:188} INFO - [2026-02-05T13:00:40.204+0000] {dag.py:3954} INFO - Setting next_dagrun for example_complex to None, run_after=None
[2026-02-05T13:00:40.215+0000] {processor.py:183} INFO - Processing /home/airflow/.local/lib/python3.12/site-packages/airflow/example_dags/example_complex.py took 0.046 seconds
[2026-02-05T13:01:11.064+0000] {processor.py:161} INFO - Started process (PID=740) to work on /home/airflow/.local/lib/python3.12/site-packages/airflow/example_dags/example_complex.py
[2026-02-05T13:01:11.065+0000] {processor.py:830} INFO - Processing file /home/airflow/.local/lib/python3.12/site-packages/airflow/example_dags/example_complex.py for tasks to queue
[2026-02-05T13:01:11.066+0000] {logging_mixin.py:188} INFO - [2026-02-05T13:01:11.066+0000] {dagbag.py:540} INFO - Filling up the DagBag from /home/airflow/.local/lib/python3.12/site-packages/airflow/example_dags/example_complex.py
[2026-02-05T13:01:11.072+0000] {processor.py:840} INFO - DAG(s) 'example_complex' retrieved from /home/airflow/.local/lib/python3.12/site-packages/airflow/example_dags/example_complex.py
[2026-02-05T13:01:11.087+0000] {logging_mixin.py:188} INFO - [2026-02-05T13:01:11.087+0000] {dag.py:3096} INFO - Sync 1 DAGs
[2026-02-05T13:01:11.094+0000] {logging_mixin.py:188} INFO - [2026-02-05T13:01:11.093+0000] {dag.py:3954} INFO - Setting next_dagrun for example_complex to None, run_after=None
[2026-02-05T13:01:11.107+0000] {processor.py:183} INFO - Processing /home/airflow/.local/lib/python3.12/site-packages/airflow/example_dags/example_complex.py took 0.046 seconds
[2026-02-05T13:01:41.496+0000] {processor.py:161} INFO - Started process (PID=798) to work on /home/airflow/.local/lib/python3.12/site-packages/airflow/example_dags/example_complex.py
[2026-02-05T13:01:41.496+0000] {processor.py:830} INFO - Processing file /home/airflow/.local/lib/python3.12/site-packages/airflow/example_dags/example_complex.py for tasks to queue
[2026-02-05T13:01:41.498+0000] {logging_mixin.py:188} INFO - [2026-02-05T13:01:41.497+0000] {dagbag.py:540} INFO - Filling up the DagBag from /home/airflow/.local/lib/python3.12/site-packages/airflow/example_dags/example_complex.py
[2026-02-05T13:01:41.504+0000] {processor.py:840} INFO - DAG(s) 'example_complex' retrieved from /home/airflow/.local/lib/python3.12/site-packages/airflow/example_dags/example_complex.py
[2026-02-05T13:01:41.526+0000] {logging_mixin.py:188} INFO - [2026-02-05T13:01:41.526+0000] {dag.py:3096} INFO - Sync 1 DAGs
[2026-02-05T13:01:41.535+0000] {logging_mixin.py:188} INFO - [2026-02-05T13:01:41.534+0000] {dag.py:3954} INFO - Setting next_dagrun for example_complex to None, run_after=None
[2026-02-05T13:01:41.547+0000] {processor.py:183} INFO - Processing /home/airflow/.local/lib/python3.12/site-packages/airflow/example_dags/example_complex.py took 0.055 seconds
[2026-02-05T13:02:11.679+0000] {processor.py:161} INFO - Started process (PID=854) to work on /home/airflow/.local/lib/python3.12/site-packages/airflow/example_dags/example_complex.py
[2026-02-05T13:02:11.680+0000] {processor.py:830} INFO - Processing file /home/airflow/.local/lib/python3.12/site-packages/airflow/example_dags/example_complex.py for tasks to queue
[2026-02-05T13:02:11.681+0000] {logging_mixin.py:188} INFO - [2026-02-05T13:02:11.681+0000] {dagbag.py:540} INFO - Filling up the DagBag from /home/airflow/.local/lib/python3.12/site-packages/airflow/example_dags/example_complex.py
[2026-02-05T13:02:11.686+0000] {processor.py:840} INFO - DAG(s) 'example_complex' retrieved from /home/airflow/.local/lib/python3.12/site-packages/airflow/example_dags/example_complex.py
[2026-02-05T13:02:11.702+0000] {logging_mixin.py:188} INFO - [2026-02-05T13:02:11.702+0000] {dag.py:3096} INFO - Sync 1 DAGs
[2026-02-05T13:02:11.708+0000] {logging_mixin.py:188} INFO - [2026-02-05T13:02:11.708+0000] {dag.py:3954} INFO - Setting next_dagrun for example_complex to None, run_after=None
[2026-02-05T13:02:11.717+0000] {processor.py:183} INFO - Processing /home/airflow/.local/lib/python3.12/site-packages/airflow/example_dags/example_complex.py took 0.042 seconds
[2026-02-05T13:02:41.813+0000] {processor.py:161} INFO - Started process (PID=912) to work on /home/airflow/.local/lib/python3.12/site-packages/airflow/example_dags/example_complex.py
[2026-02-05T13:02:41.814+0000] {processor.py:830} INFO - Processing file /home/airflow/.local/lib/python3.12/site-packages/airflow/example_dags/example_complex.py for tasks to queue
[2026-02-05T13:02:41.815+0000] {logging_mixin.py:188} INFO - [2026-02-05T13:02:41.815+0000] {dagbag.py:540} INFO - Filling up the DagBag from /home/airflow/.local/lib/python3.12/site-packages/airflow/example_dags/example_complex.py
[2026-02-05T13:02:41.821+0000] {processor.py:840} INFO - DAG(s) 'example_complex' retrieved from /home/airflow/.local/lib/python3.12/site-packages/airflow/example_dags/example_complex.py
[2026-02-05T13:02:41.837+0000] {logging_mixin.py:188} INFO - [2026-02-05T13:02:41.837+0000] {dag.py:3096} INFO - Sync 1 DAGs
[2026-02-05T13:02:41.845+0000] {logging_mixin.py:188} INFO - [2026-02-05T13:02:41.845+0000] {dag.py:3954} INFO - Setting next_dagrun for example_complex to None, run_after=None
[2026-02-05T13:02:41.857+0000] {processor.py:183} INFO - Processing /home/airflow/.local/lib/python3.12/site-packages/airflow/example_dags/example_complex.py took 0.047 seconds
[2026-02-05T13:03:12.923+0000] {processor.py:161} INFO - Started process (PID=971) to work on /home/airflow/.local/lib/python3.12/site-packages/airflow/example_dags/example_complex.py
[2026-02-05T13:03:12.923+0000] {processor.py:830} INFO - Processing file /home/airflow/.local/lib/python3.12/site-packages/airflow/example_dags/example_complex.py for tasks to queue
[2026-02-05T13:03:12.925+0000] {logging_mixin.py:188} INFO - [2026-02-05T13:03:12.924+0000] {dagbag.py:540} INFO - Filling up the DagBag from /home/airflow/.local/lib/python3.12/site-packages/airflow/example_dags/example_complex.py
[2026-02-05T13:03:12.929+0000] {processor.py:840} INFO - DAG(s) 'example_complex' retrieved from /home/airflow/.local/lib/python3.12/site-packages/airflow/example_dags/example_complex.py
[2026-02-05T13:03:12.947+0000] {logging_mixin.py:188} INFO - [2026-02-05T13:03:12.946+0000] {dag.py:3096} INFO - Sync 1 DAGs
[2026-02-05T13:03:12.953+0000] {logging_mixin.py:188} INFO - [2026-02-05T13:03:12.953+0000] {dag.py:3954} INFO - Setting next_dagrun for example_complex to None, run_after=None
[2026-02-05T13:03:12.964+0000] {processor.py:183} INFO - Processing /home/airflow/.local/lib/python3.12/site-packages/airflow/example_dags/example_complex.py took 0.045 seconds
[2026-02-05T13:03:43.250+0000] {processor.py:161} INFO - Started process (PID=1029) to work on /home/airflow/.local/lib/python3.12/site-packages/airflow/example_dags/example_complex.py
[2026-02-05T13:03:43.250+0000] {processor.py:830} INFO - Processing file /home/airflow/.local/lib/python3.12/site-packages/airflow/example_dags/example_complex.py for tasks to queue
[2026-02-05T13:03:43.251+0000] {logging_mixin.py:188} INFO - [2026-02-05T13:03:43.251+0000] {dagbag.py:540} INFO - Filling up the DagBag from /home/airflow/.local/lib/python3.12/site-packages/airflow/example_dags/example_complex.py
[2026-02-05T13:03:43.257+0000] {processor.py:840} INFO - DAG(s) 'example_complex' retrieved from /home/airflow/.local/lib/python3.12/site-packages/airflow/example_dags/example_complex.py
[2026-02-05T13:03:43.274+0000] {logging_mixin.py:188} INFO - [2026-02-05T13:03:43.274+0000] {dag.py:3096} INFO - Sync 1 DAGs
[2026-02-05T13:03:43.281+0000] {logging_mixin.py:188} INFO - [2026-02-05T13:03:43.281+0000] {dag.py:3954} INFO - Setting next_dagrun for example_complex to None, run_after=None
[2026-02-05T13:03:43.291+0000] {processor.py:183} INFO - Processing /home/airflow/.local/lib/python3.12/site-packages/airflow/example_dags/example_complex.py took 0.045 seconds
[2026-02-05T13:04:14.161+0000] {processor.py:161} INFO - Started process (PID=1087) to work on /home/airflow/.local/lib/python3.12/site-packages/airflow/example_dags/example_complex.py
[2026-02-05T13:04:14.162+0000] {processor.py:830} INFO - Processing file /home/airflow/.local/lib/python3.12/site-packages/airflow/example_dags/example_complex.py for tasks to queue
[2026-02-05T13:04:14.164+0000] {logging_mixin.py:188} INFO - [2026-02-05T13:04:14.163+0000] {dagbag.py:540} INFO - Filling up the DagBag from /home/airflow/.local/lib/python3.12/site-packages/airflow/example_dags/example_complex.py
[2026-02-05T13:04:14.170+0000] {processor.py:840} INFO - DAG(s) 'example_complex' retrieved from /home/airflow/.local/lib/python3.12/site-packages/airflow/example_dags/example_complex.py
[2026-02-05T13:04:14.190+0000] {logging_mixin.py:188} INFO - [2026-02-05T13:04:14.189+0000] {dag.py:3096} INFO - Sync 1 DAGs
[2026-02-05T13:04:14.198+0000] {logging_mixin.py:188} INFO - [2026-02-05T13:04:14.198+0000] {dag.py:3954} INFO - Setting next_dagrun for example_complex to None, run_after=None
[2026-02-05T13:04:14.211+0000] {processor.py:183} INFO - Processing /home/airflow/.local/lib/python3.12/site-packages/airflow/example_dags/example_complex.py took 0.054 seconds
[2026-02-05T13:04:44.836+0000] {processor.py:161} INFO - Started process (PID=1145) to work on /home/airflow/.local/lib/python3.12/site-packages/airflow/example_dags/example_complex.py
[2026-02-05T13:04:44.837+0000] {processor.py:830} INFO - Processing file /home/airflow/.local/lib/python3.12/site-packages/airflow/example_dags/example_complex.py for tasks to queue
[2026-02-05T13:04:44.839+0000] {logging_mixin.py:188} INFO - [2026-02-05T13:04:44.839+0000] {dagbag.py:540} INFO - Filling up the DagBag from /home/airflow/.local/lib/python3.12/site-packages/airflow/example_dags/example_complex.py
[2026-02-05T13:04:44.849+0000] {processor.py:840} INFO - DAG(s) 'example_complex' retrieved from /home/airflow/.local/lib/python3.12/site-packages/airflow/example_dags/example_complex.py
[2026-02-05T13:04:44.879+0000] {logging_mixin.py:188} INFO - [2026-02-05T13:04:44.879+0000] {dag.py:3096} INFO - Sync 1 DAGs
[2026-02-05T13:04:44.891+0000] {logging_mixin.py:188} INFO - [2026-02-05T13:04:44.891+0000] {dag.py:3954} INFO - Setting next_dagrun for example_complex to None, run_after=None
[2026-02-05T13:04:44.916+0000] {processor.py:183} INFO - Processing /home/airflow/.local/lib/python3.12/site-packages/airflow/example_dags/example_complex.py took 0.086 seconds
[2026-02-05T13:05:15.368+0000] {processor.py:161} INFO - Started process (PID=1203) to work on /home/airflow/.local/lib/python3.12/site-packages/airflow/example_dags/example_complex.py
[2026-02-05T13:05:15.368+0000] {processor.py:830} INFO - Processing file /home/airflow/.local/lib/python3.12/site-packages/airflow/example_dags/example_complex.py for tasks to queue
[2026-02-05T13:05:15.370+0000] {logging_mixin.py:188} INFO - [2026-02-05T13:05:15.370+0000] {dagbag.py:540} INFO - Filling up the DagBag from /home/airflow/.local/lib/python3.12/site-packages/airflow/example_dags/example_complex.py
[2026-02-05T13:05:15.376+0000] {processor.py:840} INFO - DAG(s) 'example_complex' retrieved from /home/airflow/.local/lib/python3.12/site-packages/airflow/example_dags/example_complex.py
[2026-02-05T13:05:15.399+0000] {logging_mixin.py:188} INFO - [2026-02-05T13:05:15.399+0000] {dag.py:3096} INFO - Sync 1 DAGs
[2026-02-05T13:05:15.408+0000] {logging_mixin.py:188} INFO - [2026-02-05T13:05:15.407+0000] {dag.py:3954} INFO - Setting next_dagrun for example_complex to None, run_after=None
[2026-02-05T13:05:15.422+0000] {processor.py:183} INFO - Processing /home/airflow/.local/lib/python3.12/site-packages/airflow/example_dags/example_complex.py took 0.059 seconds
[2026-02-05T13:05:46.236+0000] {processor.py:161} INFO - Started process (PID=1261) to work on /home/airflow/.local/lib/python3.12/site-packages/airflow/example_dags/example_complex.py
[2026-02-05T13:05:46.238+0000] {processor.py:830} INFO - Processing file /home/airflow/.local/lib/python3.12/site-packages/airflow/example_dags/example_complex.py for tasks to queue
[2026-02-05T13:05:46.240+0000] {logging_mixin.py:188} INFO - [2026-02-05T13:05:46.240+0000] {dagbag.py:540} INFO - Filling up the DagBag from /home/airflow/.local/lib/python3.12/site-packages/airflow/example_dags/example_complex.py
[2026-02-05T13:05:46.354+0000] {processor.py:840} INFO - DAG(s) 'example_complex' retrieved from /home/airflow/.local/lib/python3.12/site-packages/airflow/example_dags/example_complex.py
[2026-02-05T13:05:46.370+0000] {logging_mixin.py:188} INFO - [2026-02-05T13:05:46.370+0000] {dag.py:3096} INFO - Sync 1 DAGs
[2026-02-05T13:05:46.375+0000] {logging_mixin.py:188} INFO - [2026-02-05T13:05:46.375+0000] {dag.py:3954} INFO - Setting next_dagrun for example_complex to None, run_after=None
[2026-02-05T13:05:46.385+0000] {processor.py:183} INFO - Processing /home/airflow/.local/lib/python3.12/site-packages/airflow/example_dags/example_complex.py took 0.152 seconds
[2026-02-05T13:06:16.417+0000] {processor.py:161} INFO - Started process (PID=1321) to work on /home/airflow/.local/lib/python3.12/site-packages/airflow/example_dags/example_complex.py
[2026-02-05T13:06:16.417+0000] {processor.py:830} INFO - Processing file /home/airflow/.local/lib/python3.12/site-packages/airflow/example_dags/example_complex.py for tasks to queue
[2026-02-05T13:06:16.419+0000] {logging_mixin.py:188} INFO - [2026-02-05T13:06:16.419+0000] {dagbag.py:540} INFO - Filling up the DagBag from /home/airflow/.local/lib/python3.12/site-packages/airflow/example_dags/example_complex.py
[2026-02-05T13:06:16.424+0000] {processor.py:840} INFO - DAG(s) 'example_complex' retrieved from /home/airflow/.local/lib/python3.12/site-packages/airflow/example_dags/example_complex.py
[2026-02-05T13:06:16.442+0000] {logging_mixin.py:188} INFO - [2026-02-05T13:06:16.442+0000] {dag.py:3096} INFO - Sync 1 DAGs
[2026-02-05T13:06:16.448+0000] {logging_mixin.py:188} INFO - [2026-02-05T13:06:16.448+0000] {dag.py:3954} INFO - Setting next_dagrun for example_complex to None, run_after=None
[2026-02-05T13:06:16.459+0000] {processor.py:183} INFO - Processing /home/airflow/.local/lib/python3.12/site-packages/airflow/example_dags/example_complex.py took 0.046 seconds
[2026-02-05T13:06:46.708+0000] {processor.py:161} INFO - Started process (PID=1378) to work on /home/airflow/.local/lib/python3.12/site-packages/airflow/example_dags/example_complex.py
[2026-02-05T13:06:46.709+0000] {processor.py:830} INFO - Processing file /home/airflow/.local/lib/python3.12/site-packages/airflow/example_dags/example_complex.py for tasks to queue
[2026-02-05T13:06:46.710+0000] {logging_mixin.py:188} INFO - [2026-02-05T13:06:46.710+0000] {dagbag.py:540} INFO - Filling up the DagBag from /home/airflow/.local/lib/python3.12/site-packages/airflow/example_dags/example_complex.py
[2026-02-05T13:06:46.716+0000] {processor.py:840} INFO - DAG(s) 'example_complex' retrieved from /home/airflow/.local/lib/python3.12/site-packages/airflow/example_dags/example_complex.py
[2026-02-05T13:06:46.735+0000] {logging_mixin.py:188} INFO - [2026-02-05T13:06:46.735+0000] {dag.py:3096} INFO - Sync 1 DAGs
[2026-02-05T13:06:46.746+0000] {logging_mixin.py:188} INFO - [2026-02-05T13:06:46.746+0000] {dag.py:3954} INFO - Setting next_dagrun for example_complex to None, run_after=None
[2026-02-05T13:06:46.758+0000] {processor.py:183} INFO - Processing /home/airflow/.local/lib/python3.12/site-packages/airflow/example_dags/example_complex.py took 0.055 seconds
[2026-02-05T13:07:16.796+0000] {processor.py:161} INFO - Started process (PID=1436) to work on /home/airflow/.local/lib/python3.12/site-packages/airflow/example_dags/example_complex.py
[2026-02-05T13:07:16.797+0000] {processor.py:830} INFO - Processing file /home/airflow/.local/lib/python3.12/site-packages/airflow/example_dags/example_complex.py for tasks to queue
[2026-02-05T13:07:16.798+0000] {logging_mixin.py:188} INFO - [2026-02-05T13:07:16.798+0000] {dagbag.py:540} INFO - Filling up the DagBag from /home/airflow/.local/lib/python3.12/site-packages/airflow/example_dags/example_complex.py
[2026-02-05T13:07:16.803+0000] {processor.py:840} INFO - DAG(s) 'example_complex' retrieved from /home/airflow/.local/lib/python3.12/site-packages/airflow/example_dags/example_complex.py
[2026-02-05T13:07:16.818+0000] {logging_mixin.py:188} INFO - [2026-02-05T13:07:16.818+0000] {dag.py:3096} INFO - Sync 1 DAGs
[2026-02-05T13:07:16.824+0000] {logging_mixin.py:188} INFO - [2026-02-05T13:07:16.824+0000] {dag.py:3954} INFO - Setting next_dagrun for example_complex to None, run_after=None
[2026-02-05T13:07:16.834+0000] {processor.py:183} INFO - Processing /home/airflow/.local/lib/python3.12/site-packages/airflow/example_dags/example_complex.py took 0.041 seconds
[2026-02-05T13:07:46.981+0000] {processor.py:161} INFO - Started process (PID=1494) to work on /home/airflow/.local/lib/python3.12/site-packages/airflow/example_dags/example_complex.py
[2026-02-05T13:07:46.981+0000] {processor.py:830} INFO - Processing file /home/airflow/.local/lib/python3.12/site-packages/airflow/example_dags/example_complex.py for tasks to queue
[2026-02-05T13:07:46.982+0000] {logging_mixin.py:188} INFO - [2026-02-05T13:07:46.982+0000] {dagbag.py:540} INFO - Filling up the DagBag from /home/airflow/.local/lib/python3.12/site-packages/airflow/example_dags/example_complex.py
[2026-02-05T13:07:46.987+0000] {processor.py:840} INFO - DAG(s) 'example_complex' retrieved from /home/airflow/.local/lib/python3.12/site-packages/airflow/example_dags/example_complex.py
[2026-02-05T13:07:47.003+0000] {logging_mixin.py:188} INFO - [2026-02-05T13:07:47.003+0000] {dag.py:3096} INFO - Sync 1 DAGs
[2026-02-05T13:07:47.009+0000] {logging_mixin.py:188} INFO - [2026-02-05T13:07:47.009+0000] {dag.py:3954} INFO - Setting next_dagrun for example_complex to None, run_after=None
[2026-02-05T13:07:47.018+0000] {processor.py:183} INFO - Processing /home/airflow/.local/lib/python3.12/site-packages/airflow/example_dags/example_complex.py took 0.042 seconds
[2026-02-05T13:08:17.286+0000] {processor.py:161} INFO - Started process (PID=1550) to work on /home/airflow/.local/lib/python3.12/site-packages/airflow/example_dags/example_complex.py
[2026-02-05T13:08:17.288+0000] {processor.py:830} INFO - Processing file /home/airflow/.local/lib/python3.12/site-packages/airflow/example_dags/example_complex.py for tasks to queue
[2026-02-05T13:08:17.289+0000] {logging_mixin.py:188} INFO - [2026-02-05T13:08:17.289+0000] {dagbag.py:540} INFO - Filling up the DagBag from /home/airflow/.local/lib/python3.12/site-packages/airflow/example_dags/example_complex.py
[2026-02-05T13:08:17.295+0000] {processor.py:840} INFO - DAG(s) 'example_complex' retrieved from /home/airflow/.local/lib/python3.12/site-packages/airflow/example_dags/example_complex.py
[2026-02-05T13:08:17.315+0000] {logging_mixin.py:188} INFO - [2026-02-05T13:08:17.315+0000] {dag.py:3096} INFO - Sync 1 DAGs
[2026-02-05T13:08:17.322+0000] {logging_mixin.py:188} INFO - [2026-02-05T13:08:17.322+0000] {dag.py:3954} INFO - Setting next_dagrun for example_complex to None, run_after=None
[2026-02-05T13:08:17.334+0000] {processor.py:183} INFO - Processing /home/airflow/.local/lib/python3.12/site-packages/airflow/example_dags/example_complex.py took 0.051 seconds
[2026-02-05T13:08:47.416+0000] {processor.py:161} INFO - Started process (PID=1607) to work on /home/airflow/.local/lib/python3.12/site-packages/airflow/example_dags/example_complex.py
[2026-02-05T13:08:47.417+0000] {processor.py:830} INFO - Processing file /home/airflow/.local/lib/python3.12/site-packages/airflow/example_dags/example_complex.py for tasks to queue
[2026-02-05T13:08:47.418+0000] {logging_mixin.py:188} INFO - [2026-02-05T13:08:47.418+0000] {dagbag.py:540} INFO - Filling up the DagBag from /home/airflow/.local/lib/python3.12/site-packages/airflow/example_dags/example_complex.py
[2026-02-05T13:08:47.424+0000] {processor.py:840} INFO - DAG(s) 'example_complex' retrieved from /home/airflow/.local/lib/python3.12/site-packages/airflow/example_dags/example_complex.py
[2026-02-05T13:08:47.443+0000] {logging_mixin.py:188} INFO - [2026-02-05T13:08:47.443+0000] {dag.py:3096} INFO - Sync 1 DAGs
[2026-02-05T13:08:47.451+0000] {logging_mixin.py:188} INFO - [2026-02-05T13:08:47.450+0000] {dag.py:3954} INFO - Setting next_dagrun for example_complex to None, run_after=None
[2026-02-05T13:08:47.464+0000] {processor.py:183} INFO - Processing /home/airflow/.local/lib/python3.12/site-packages/airflow/example_dags/example_complex.py took 0.051 seconds
[2026-02-05T13:09:17.549+0000] {processor.py:161} INFO - Started process (PID=1666) to work on /home/airflow/.local/lib/python3.12/site-packages/airflow/example_dags/example_complex.py
[2026-02-05T13:09:17.550+0000] {processor.py:830} INFO - Processing file /home/airflow/.local/lib/python3.12/site-packages/airflow/example_dags/example_complex.py for tasks to queue
[2026-02-05T13:09:17.551+0000] {logging_mixin.py:188} INFO - [2026-02-05T13:09:17.551+0000] {dagbag.py:540} INFO - Filling up the DagBag from /home/airflow/.local/lib/python3.12/site-packages/airflow/example_dags/example_complex.py
[2026-02-05T13:09:17.557+0000] {processor.py:840} INFO - DAG(s) 'example_complex' retrieved from /home/airflow/.local/lib/python3.12/site-packages/airflow/example_dags/example_complex.py
[2026-02-05T13:09:17.573+0000] {logging_mixin.py:188} INFO - [2026-02-05T13:09:17.572+0000] {dag.py:3096} INFO - Sync 1 DAGs
[2026-02-05T13:09:17.579+0000] {logging_mixin.py:188} INFO - [2026-02-05T13:09:17.579+0000] {dag.py:3954} INFO - Setting next_dagrun for example_complex to None, run_after=None
[2026-02-05T13:09:17.592+0000] {processor.py:183} INFO - Processing /home/airflow/.local/lib/python3.12/site-packages/airflow/example_dags/example_complex.py took 0.047 seconds
[2026-02-05T13:09:48.027+0000] {processor.py:161} INFO - Started process (PID=1723) to work on /home/airflow/.local/lib/python3.12/site-packages/airflow/example_dags/example_complex.py
[2026-02-05T13:09:48.027+0000] {processor.py:830} INFO - Processing file /home/airflow/.local/lib/python3.12/site-packages/airflow/example_dags/example_complex.py for tasks to queue
[2026-02-05T13:09:48.029+0000] {logging_mixin.py:188} INFO - [2026-02-05T13:09:48.028+0000] {dagbag.py:540} INFO - Filling up the DagBag from /home/airflow/.local/lib/python3.12/site-packages/airflow/example_dags/example_complex.py
[2026-02-05T13:09:48.034+0000] {processor.py:840} INFO - DAG(s) 'example_complex' retrieved from /home/airflow/.local/lib/python3.12/site-packages/airflow/example_dags/example_complex.py
[2026-02-05T13:09:48.056+0000] {logging_mixin.py:188} INFO - [2026-02-05T13:09:48.056+0000] {dag.py:3096} INFO - Sync 1 DAGs
[2026-02-05T13:09:48.063+0000] {logging_mixin.py:188} INFO - [2026-02-05T13:09:48.063+0000] {dag.py:3954} INFO - Setting next_dagrun for example_complex to None, run_after=None
[2026-02-05T13:09:48.077+0000] {processor.py:183} INFO - Processing /home/airflow/.local/lib/python3.12/site-packages/airflow/example_dags/example_complex.py took 0.055 seconds
[2026-02-05T13:10:18.143+0000] {processor.py:161} INFO - Started process (PID=1780) to work on /home/airflow/.local/lib/python3.12/site-packages/airflow/example_dags/example_complex.py
[2026-02-05T13:10:18.144+0000] {processor.py:830} INFO - Processing file /home/airflow/.local/lib/python3.12/site-packages/airflow/example_dags/example_complex.py for tasks to queue
[2026-02-05T13:10:18.145+0000] {logging_mixin.py:188} INFO - [2026-02-05T13:10:18.145+0000] {dagbag.py:540} INFO - Filling up the DagBag from /home/airflow/.local/lib/python3.12/site-packages/airflow/example_dags/example_complex.py
[2026-02-05T13:10:18.150+0000] {processor.py:840} INFO - DAG(s) 'example_complex' retrieved from /home/airflow/.local/lib/python3.12/site-packages/airflow/example_dags/example_complex.py
[2026-02-05T13:10:18.164+0000] {logging_mixin.py:188} INFO - [2026-02-05T13:10:18.164+0000] {dag.py:3096} INFO - Sync 1 DAGs
[2026-02-05T13:10:18.170+0000] {logging_mixin.py:188} INFO - [2026-02-05T13:10:18.170+0000] {dag.py:3954} INFO - Setting next_dagrun for example_complex to None, run_after=None
[2026-02-05T13:10:18.179+0000] {processor.py:183} INFO - Processing /home/airflow/.local/lib/python3.12/site-packages/airflow/example_dags/example_complex.py took 0.039 seconds
[2026-02-05T13:10:49.098+0000] {processor.py:161} INFO - Started process (PID=1838) to work on /home/airflow/.local/lib/python3.12/site-packages/airflow/example_dags/example_complex.py
[2026-02-05T13:10:49.099+0000] {processor.py:830} INFO - Processing file /home/airflow/.local/lib/python3.12/site-packages/airflow/example_dags/example_complex.py for tasks to queue
[2026-02-05T13:10:49.102+0000] {logging_mixin.py:188} INFO - [2026-02-05T13:10:49.102+0000] {dagbag.py:540} INFO - Filling up the DagBag from /home/airflow/.local/lib/python3.12/site-packages/airflow/example_dags/example_complex.py
[2026-02-05T13:10:49.106+0000] {processor.py:840} INFO - DAG(s) 'example_complex' retrieved from /home/airflow/.local/lib/python3.12/site-packages/airflow/example_dags/example_complex.py
[2026-02-05T13:10:49.121+0000] {logging_mixin.py:188} INFO - [2026-02-05T13:10:49.121+0000] {dag.py:3096} INFO - Sync 1 DAGs
[2026-02-05T13:10:49.127+0000] {logging_mixin.py:188} INFO - [2026-02-05T13:10:49.126+0000] {dag.py:3954} INFO - Setting next_dagrun for example_complex to None, run_after=None
[2026-02-05T13:10:49.139+0000] {processor.py:183} INFO - Processing /home/airflow/.local/lib/python3.12/site-packages/airflow/example_dags/example_complex.py took 0.043 seconds
[2026-02-05T13:11:20.006+0000] {processor.py:161} INFO - Started process (PID=1896) to work on /home/airflow/.local/lib/python3.12/site-packages/airflow/example_dags/example_complex.py
[2026-02-05T13:11:20.007+0000] {processor.py:830} INFO - Processing file /home/airflow/.local/lib/python3.12/site-packages/airflow/example_dags/example_complex.py for tasks to queue
[2026-02-05T13:11:20.008+0000] {logging_mixin.py:188} INFO - [2026-02-05T13:11:20.008+0000] {dagbag.py:540} INFO - Filling up the DagBag from /home/airflow/.local/lib/python3.12/site-packages/airflow/example_dags/example_complex.py
[2026-02-05T13:11:20.013+0000] {processor.py:840} INFO - DAG(s) 'example_complex' retrieved from /home/airflow/.local/lib/python3.12/site-packages/airflow/example_dags/example_complex.py
[2026-02-05T13:11:20.031+0000] {logging_mixin.py:188} INFO - [2026-02-05T13:11:20.030+0000] {dag.py:3096} INFO - Sync 1 DAGs
[2026-02-05T13:11:20.038+0000] {logging_mixin.py:188} INFO - [2026-02-05T13:11:20.038+0000] {dag.py:3954} INFO - Setting next_dagrun for example_complex to None, run_after=None
[2026-02-05T13:11:20.048+0000] {processor.py:183} INFO - Processing /home/airflow/.local/lib/python3.12/site-packages/airflow/example_dags/example_complex.py took 0.045 seconds
[2026-02-05T13:11:50.876+0000] {processor.py:161} INFO - Started process (PID=1954) to work on /home/airflow/.local/lib/python3.12/site-packages/airflow/example_dags/example_complex.py
[2026-02-05T13:11:50.878+0000] {processor.py:830} INFO - Processing file /home/airflow/.local/lib/python3.12/site-packages/airflow/example_dags/example_complex.py for tasks to queue
[2026-02-05T13:11:50.879+0000] {logging_mixin.py:188} INFO - [2026-02-05T13:11:50.879+0000] {dagbag.py:540} INFO - Filling up the DagBag from /home/airflow/.local/lib/python3.12/site-packages/airflow/example_dags/example_complex.py
[2026-02-05T13:11:50.884+0000] {processor.py:840} INFO - DAG(s) 'example_complex' retrieved from /home/airflow/.local/lib/python3.12/site-packages/airflow/example_dags/example_complex.py
[2026-02-05T13:11:50.904+0000] {logging_mixin.py:188} INFO - [2026-02-05T13:11:50.904+0000] {dag.py:3096} INFO - Sync 1 DAGs
[2026-02-05T13:11:50.910+0000] {logging_mixin.py:188} INFO - [2026-02-05T13:11:50.910+0000] {dag.py:3954} INFO - Setting next_dagrun for example_complex to None, run_after=None
[2026-02-05T13:11:50.920+0000] {processor.py:183} INFO - Processing /home/airflow/.local/lib/python3.12/site-packages/airflow/example_dags/example_complex.py took 0.047 seconds
[2026-02-05T13:12:21.833+0000] {processor.py:161} INFO - Started process (PID=2012) to work on /home/airflow/.local/lib/python3.12/site-packages/airflow/example_dags/example_complex.py
[2026-02-05T13:12:21.838+0000] {processor.py:830} INFO - Processing file /home/airflow/.local/lib/python3.12/site-packages/airflow/example_dags/example_complex.py for tasks to queue
[2026-02-05T13:12:21.842+0000] {logging_mixin.py:188} INFO - [2026-02-05T13:12:21.841+0000] {dagbag.py:540} INFO - Filling up the DagBag from /home/airflow/.local/lib/python3.12/site-packages/airflow/example_dags/example_complex.py
[2026-02-05T13:12:21.849+0000] {processor.py:840} INFO - DAG(s) 'example_complex' retrieved from /home/airflow/.local/lib/python3.12/site-packages/airflow/example_dags/example_complex.py
[2026-02-05T13:12:21.865+0000] {logging_mixin.py:188} INFO - [2026-02-05T13:12:21.865+0000] {dag.py:3096} INFO - Sync 1 DAGs
[2026-02-05T13:12:21.876+0000] {logging_mixin.py:188} INFO - [2026-02-05T13:12:21.875+0000] {dag.py:3954} INFO - Setting next_dagrun for example_complex to None, run_after=None
[2026-02-05T13:12:21.937+0000] {processor.py:183} INFO - Processing /home/airflow/.local/lib/python3.12/site-packages/airflow/example_dags/example_complex.py took 0.112 seconds
[2026-02-05T13:12:52.699+0000] {processor.py:161} INFO - Started process (PID=2070) to work on /home/airflow/.local/lib/python3.12/site-packages/airflow/example_dags/example_complex.py
[2026-02-05T13:12:52.700+0000] {processor.py:830} INFO - Processing file /home/airflow/.local/lib/python3.12/site-packages/airflow/example_dags/example_complex.py for tasks to queue
[2026-02-05T13:12:52.701+0000] {logging_mixin.py:188} INFO - [2026-02-05T13:12:52.701+0000] {dagbag.py:540} INFO - Filling up the DagBag from /home/airflow/.local/lib/python3.12/site-packages/airflow/example_dags/example_complex.py
[2026-02-05T13:12:52.706+0000] {processor.py:840} INFO - DAG(s) 'example_complex' retrieved from /home/airflow/.local/lib/python3.12/site-packages/airflow/example_dags/example_complex.py
[2026-02-05T13:12:52.726+0000] {logging_mixin.py:188} INFO - [2026-02-05T13:12:52.726+0000] {dag.py:3096} INFO - Sync 1 DAGs
[2026-02-05T13:12:52.732+0000] {logging_mixin.py:188} INFO - [2026-02-05T13:12:52.732+0000] {dag.py:3954} INFO - Setting next_dagrun for example_complex to None, run_after=None
[2026-02-05T13:12:52.743+0000] {processor.py:183} INFO - Processing /home/airflow/.local/lib/python3.12/site-packages/airflow/example_dags/example_complex.py took 0.048 seconds
[2026-02-05T13:13:23.463+0000] {processor.py:161} INFO - Started process (PID=2127) to work on /home/airflow/.local/lib/python3.12/site-packages/airflow/example_dags/example_complex.py
[2026-02-05T13:13:23.465+0000] {processor.py:830} INFO - Processing file /home/airflow/.local/lib/python3.12/site-packages/airflow/example_dags/example_complex.py for tasks to queue
[2026-02-05T13:13:23.466+0000] {logging_mixin.py:188} INFO - [2026-02-05T13:13:23.466+0000] {dagbag.py:540} INFO - Filling up the DagBag from /home/airflow/.local/lib/python3.12/site-packages/airflow/example_dags/example_complex.py
[2026-02-05T13:13:23.471+0000] {processor.py:840} INFO - DAG(s) 'example_complex' retrieved from /home/airflow/.local/lib/python3.12/site-packages/airflow/example_dags/example_complex.py
[2026-02-05T13:13:23.491+0000] {logging_mixin.py:188} INFO - [2026-02-05T13:13:23.491+0000] {dag.py:3096} INFO - Sync 1 DAGs
[2026-02-05T13:13:23.498+0000] {logging_mixin.py:188} INFO - [2026-02-05T13:13:23.498+0000] {dag.py:3954} INFO - Setting next_dagrun for example_complex to None, run_after=None
[2026-02-05T13:13:23.508+0000] {processor.py:183} INFO - Processing /home/airflow/.local/lib/python3.12/site-packages/airflow/example_dags/example_complex.py took 0.049 seconds
[2026-02-05T13:13:54.368+0000] {processor.py:161} INFO - Started process (PID=2185) to work on /home/airflow/.local/lib/python3.12/site-packages/airflow/example_dags/example_complex.py
[2026-02-05T13:13:54.369+0000] {processor.py:830} INFO - Processing file /home/airflow/.local/lib/python3.12/site-packages/airflow/example_dags/example_complex.py for tasks to queue
[2026-02-05T13:13:54.370+0000] {logging_mixin.py:188} INFO - [2026-02-05T13:13:54.370+0000] {dagbag.py:540} INFO - Filling up the DagBag from /home/airflow/.local/lib/python3.12/site-packages/airflow/example_dags/example_complex.py
[2026-02-05T13:13:54.376+0000] {processor.py:840} INFO - DAG(s) 'example_complex' retrieved from /home/airflow/.local/lib/python3.12/site-packages/airflow/example_dags/example_complex.py
[2026-02-05T13:13:54.394+0000] {logging_mixin.py:188} INFO - [2026-02-05T13:13:54.394+0000] {dag.py:3096} INFO - Sync 1 DAGs
[2026-02-05T13:13:54.402+0000] {logging_mixin.py:188} INFO - [2026-02-05T13:13:54.402+0000] {dag.py:3954} INFO - Setting next_dagrun for example_complex to None, run_after=None
[2026-02-05T13:13:54.414+0000] {processor.py:183} INFO - Processing /home/airflow/.local/lib/python3.12/site-packages/airflow/example_dags/example_complex.py took 0.050 seconds
[2026-02-05T13:14:24.457+0000] {processor.py:161} INFO - Started process (PID=2243) to work on /home/airflow/.local/lib/python3.12/site-packages/airflow/example_dags/example_complex.py
[2026-02-05T13:14:24.458+0000] {processor.py:830} INFO - Processing file /home/airflow/.local/lib/python3.12/site-packages/airflow/example_dags/example_complex.py for tasks to queue
[2026-02-05T13:14:24.462+0000] {logging_mixin.py:188} INFO - [2026-02-05T13:14:24.462+0000] {dagbag.py:540} INFO - Filling up the DagBag from /home/airflow/.local/lib/python3.12/site-packages/airflow/example_dags/example_complex.py
[2026-02-05T13:14:24.467+0000] {processor.py:840} INFO - DAG(s) 'example_complex' retrieved from /home/airflow/.local/lib/python3.12/site-packages/airflow/example_dags/example_complex.py
[2026-02-05T13:14:24.484+0000] {logging_mixin.py:188} INFO - [2026-02-05T13:14:24.484+0000] {dag.py:3096} INFO - Sync 1 DAGs
[2026-02-05T13:14:24.491+0000] {logging_mixin.py:188} INFO - [2026-02-05T13:14:24.491+0000] {dag.py:3954} INFO - Setting next_dagrun for example_complex to None, run_after=None
[2026-02-05T13:14:24.502+0000] {processor.py:183} INFO - Processing /home/airflow/.local/lib/python3.12/site-packages/airflow/example_dags/example_complex.py took 0.048 seconds
[2026-02-05T13:14:54.558+0000] {processor.py:161} INFO - Started process (PID=2301) to work on /home/airflow/.local/lib/python3.12/site-packages/airflow/example_dags/example_complex.py
[2026-02-05T13:14:54.561+0000] {processor.py:830} INFO - Processing file /home/airflow/.local/lib/python3.12/site-packages/airflow/example_dags/example_complex.py for tasks to queue
[2026-02-05T13:14:54.563+0000] {logging_mixin.py:188} INFO - [2026-02-05T13:14:54.562+0000] {dagbag.py:540} INFO - Filling up the DagBag from /home/airflow/.local/lib/python3.12/site-packages/airflow/example_dags/example_complex.py
[2026-02-05T13:14:54.568+0000] {processor.py:840} INFO - DAG(s) 'example_complex' retrieved from /home/airflow/.local/lib/python3.12/site-packages/airflow/example_dags/example_complex.py
[2026-02-05T13:14:54.585+0000] {logging_mixin.py:188} INFO - [2026-02-05T13:14:54.585+0000] {dag.py:3096} INFO - Sync 1 DAGs
[2026-02-05T13:14:54.592+0000] {logging_mixin.py:188} INFO - [2026-02-05T13:14:54.592+0000] {dag.py:3954} INFO - Setting next_dagrun for example_complex to None, run_after=None
[2026-02-05T13:14:54.603+0000] {processor.py:183} INFO - Processing /home/airflow/.local/lib/python3.12/site-packages/airflow/example_dags/example_complex.py took 0.048 seconds
[2026-02-05T13:15:25.409+0000] {processor.py:161} INFO - Started process (PID=2358) to work on /home/airflow/.local/lib/python3.12/site-packages/airflow/example_dags/example_complex.py
[2026-02-05T13:15:25.411+0000] {processor.py:830} INFO - Processing file /home/airflow/.local/lib/python3.12/site-packages/airflow/example_dags/example_complex.py for tasks to queue
[2026-02-05T13:15:25.412+0000] {logging_mixin.py:188} INFO - [2026-02-05T13:15:25.412+0000] {dagbag.py:540} INFO - Filling up the DagBag from /home/airflow/.local/lib/python3.12/site-packages/airflow/example_dags/example_complex.py
[2026-02-05T13:15:25.417+0000] {processor.py:840} INFO - DAG(s) 'example_complex' retrieved from /home/airflow/.local/lib/python3.12/site-packages/airflow/example_dags/example_complex.py
[2026-02-05T13:15:25.432+0000] {logging_mixin.py:188} INFO - [2026-02-05T13:15:25.432+0000] {dag.py:3096} INFO - Sync 1 DAGs
[2026-02-05T13:15:25.439+0000] {logging_mixin.py:188} INFO - [2026-02-05T13:15:25.439+0000] {dag.py:3954} INFO - Setting next_dagrun for example_complex to None, run_after=None
[2026-02-05T13:15:25.449+0000] {processor.py:183} INFO - Processing /home/airflow/.local/lib/python3.12/site-packages/airflow/example_dags/example_complex.py took 0.043 seconds
[2026-02-05T13:15:56.398+0000] {processor.py:161} INFO - Started process (PID=2416) to work on /home/airflow/.local/lib/python3.12/site-packages/airflow/example_dags/example_complex.py
[2026-02-05T13:15:56.400+0000] {processor.py:830} INFO - Processing file /home/airflow/.local/lib/python3.12/site-packages/airflow/example_dags/example_complex.py for tasks to queue
[2026-02-05T13:15:56.402+0000] {logging_mixin.py:188} INFO - [2026-02-05T13:15:56.402+0000] {dagbag.py:540} INFO - Filling up the DagBag from /home/airflow/.local/lib/python3.12/site-packages/airflow/example_dags/example_complex.py
[2026-02-05T13:15:56.409+0000] {processor.py:840} INFO - DAG(s) 'example_complex' retrieved from /home/airflow/.local/lib/python3.12/site-packages/airflow/example_dags/example_complex.py
[2026-02-05T13:15:56.431+0000] {logging_mixin.py:188} INFO - [2026-02-05T13:15:56.431+0000] {dag.py:3096} INFO - Sync 1 DAGs
[2026-02-05T13:15:56.440+0000] {logging_mixin.py:188} INFO - [2026-02-05T13:15:56.439+0000] {dag.py:3954} INFO - Setting next_dagrun for example_complex to None, run_after=None
[2026-02-05T13:15:56.452+0000] {processor.py:183} INFO - Processing /home/airflow/.local/lib/python3.12/site-packages/airflow/example_dags/example_complex.py took 0.059 seconds
[2026-02-05T13:16:27.384+0000] {processor.py:161} INFO - Started process (PID=2474) to work on /home/airflow/.local/lib/python3.12/site-packages/airflow/example_dags/example_complex.py
[2026-02-05T13:16:27.385+0000] {processor.py:830} INFO - Processing file /home/airflow/.local/lib/python3.12/site-packages/airflow/example_dags/example_complex.py for tasks to queue
[2026-02-05T13:16:27.386+0000] {logging_mixin.py:188} INFO - [2026-02-05T13:16:27.386+0000] {dagbag.py:540} INFO - Filling up the DagBag from /home/airflow/.local/lib/python3.12/site-packages/airflow/example_dags/example_complex.py
[2026-02-05T13:16:27.391+0000] {processor.py:840} INFO - DAG(s) 'example_complex' retrieved from /home/airflow/.local/lib/python3.12/site-packages/airflow/example_dags/example_complex.py
[2026-02-05T13:16:27.411+0000] {logging_mixin.py:188} INFO - [2026-02-05T13:16:27.411+0000] {dag.py:3096} INFO - Sync 1 DAGs
[2026-02-05T13:16:27.419+0000] {logging_mixin.py:188} INFO - [2026-02-05T13:16:27.419+0000] {dag.py:3954} INFO - Setting next_dagrun for example_complex to None, run_after=None
[2026-02-05T13:16:27.432+0000] {processor.py:183} INFO - Processing /home/airflow/.local/lib/python3.12/site-packages/airflow/example_dags/example_complex.py took 0.051 seconds
[2026-02-05T13:16:57.485+0000] {processor.py:161} INFO - Started process (PID=2532) to work on /home/airflow/.local/lib/python3.12/site-packages/airflow/example_dags/example_complex.py
[2026-02-05T13:16:57.487+0000] {processor.py:830} INFO - Processing file /home/airflow/.local/lib/python3.12/site-packages/airflow/example_dags/example_complex.py for tasks to queue
[2026-02-05T13:16:57.489+0000] {logging_mixin.py:188} INFO - [2026-02-05T13:16:57.488+0000] {dagbag.py:540} INFO - Filling up the DagBag from /home/airflow/.local/lib/python3.12/site-packages/airflow/example_dags/example_complex.py
[2026-02-05T13:16:57.494+0000] {processor.py:840} INFO - DAG(s) 'example_complex' retrieved from /home/airflow/.local/lib/python3.12/site-packages/airflow/example_dags/example_complex.py
[2026-02-05T13:16:57.514+0000] {logging_mixin.py:188} INFO - [2026-02-05T13:16:57.514+0000] {dag.py:3096} INFO - Sync 1 DAGs
[2026-02-05T13:16:57.521+0000] {logging_mixin.py:188} INFO - [2026-02-05T13:16:57.521+0000] {dag.py:3954} INFO - Setting next_dagrun for example_complex to None, run_after=None
[2026-02-05T13:16:57.540+0000] {processor.py:183} INFO - Processing /home/airflow/.local/lib/python3.12/site-packages/airflow/example_dags/example_complex.py took 0.058 seconds
[2026-02-05T13:17:27.562+0000] {processor.py:161} INFO - Started process (PID=2590) to work on /home/airflow/.local/lib/python3.12/site-packages/airflow/example_dags/example_complex.py
[2026-02-05T13:17:27.562+0000] {processor.py:830} INFO - Processing file /home/airflow/.local/lib/python3.12/site-packages/airflow/example_dags/example_complex.py for tasks to queue
[2026-02-05T13:17:27.563+0000] {logging_mixin.py:188} INFO - [2026-02-05T13:17:27.563+0000] {dagbag.py:540} INFO - Filling up the DagBag from /home/airflow/.local/lib/python3.12/site-packages/airflow/example_dags/example_complex.py
[2026-02-05T13:17:27.570+0000] {processor.py:840} INFO - DAG(s) 'example_complex' retrieved from /home/airflow/.local/lib/python3.12/site-packages/airflow/example_dags/example_complex.py
[2026-02-05T13:17:27.587+0000] {logging_mixin.py:188} INFO - [2026-02-05T13:17:27.587+0000] {dag.py:3096} INFO - Sync 1 DAGs
[2026-02-05T13:17:27.595+0000] {logging_mixin.py:188} INFO - [2026-02-05T13:17:27.594+0000] {dag.py:3954} INFO - Setting next_dagrun for example_complex to None, run_after=None
[2026-02-05T13:17:27.612+0000] {processor.py:183} INFO - Processing /home/airflow/.local/lib/python3.12/site-packages/airflow/example_dags/example_complex.py took 0.053 seconds
[2026-02-05T13:17:57.966+0000] {processor.py:161} INFO - Started process (PID=2647) to work on /home/airflow/.local/lib/python3.12/site-packages/airflow/example_dags/example_complex.py
[2026-02-05T13:17:57.967+0000] {processor.py:830} INFO - Processing file /home/airflow/.local/lib/python3.12/site-packages/airflow/example_dags/example_complex.py for tasks to queue
[2026-02-05T13:17:57.969+0000] {logging_mixin.py:188} INFO - [2026-02-05T13:17:57.968+0000] {dagbag.py:540} INFO - Filling up the DagBag from /home/airflow/.local/lib/python3.12/site-packages/airflow/example_dags/example_complex.py
[2026-02-05T13:17:57.974+0000] {processor.py:840} INFO - DAG(s) 'example_complex' retrieved from /home/airflow/.local/lib/python3.12/site-packages/airflow/example_dags/example_complex.py
[2026-02-05T13:17:57.992+0000] {logging_mixin.py:188} INFO - [2026-02-05T13:17:57.992+0000] {dag.py:3096} INFO - Sync 1 DAGs
[2026-02-05T13:17:58.000+0000] {logging_mixin.py:188} INFO - [2026-02-05T13:17:58.000+0000] {dag.py:3954} INFO - Setting next_dagrun for example_complex to None, run_after=None
[2026-02-05T13:17:58.013+0000] {processor.py:183} INFO - Processing /home/airflow/.local/lib/python3.12/site-packages/airflow/example_dags/example_complex.py took 0.051 seconds
