[2026-02-05T12:55:33.561+0000] {processor.py:161} INFO - Started process (PID=68) to work on /home/airflow/.local/lib/python3.12/site-packages/airflow/example_dags/example_short_circuit_operator.py
[2026-02-05T12:55:33.563+0000] {processor.py:830} INFO - Processing file /home/airflow/.local/lib/python3.12/site-packages/airflow/example_dags/example_short_circuit_operator.py for tasks to queue
[2026-02-05T12:55:33.567+0000] {logging_mixin.py:188} INFO - [2026-02-05T12:55:33.566+0000] {dagbag.py:540} INFO - Filling up the DagBag from /home/airflow/.local/lib/python3.12/site-packages/airflow/example_dags/example_short_circuit_operator.py
[2026-02-05T12:55:33.582+0000] {processor.py:840} INFO - DAG(s) 'example_short_circuit_operator' retrieved from /home/airflow/.local/lib/python3.12/site-packages/airflow/example_dags/example_short_circuit_operator.py
[2026-02-05T12:55:33.612+0000] {logging_mixin.py:188} INFO - [2026-02-05T12:55:33.612+0000] {dag.py:3096} INFO - Sync 1 DAGs
[2026-02-05T12:55:33.634+0000] {logging_mixin.py:188} INFO - [2026-02-05T12:55:33.634+0000] {dag.py:3954} INFO - Setting next_dagrun for example_short_circuit_operator to 2026-02-04 00:00:00+00:00, run_after=2026-02-05 00:00:00+00:00
[2026-02-05T12:55:33.684+0000] {processor.py:183} INFO - Processing /home/airflow/.local/lib/python3.12/site-packages/airflow/example_dags/example_short_circuit_operator.py took 0.130 seconds
[2026-02-05T12:56:04.426+0000] {processor.py:161} INFO - Started process (PID=126) to work on /home/airflow/.local/lib/python3.12/site-packages/airflow/example_dags/example_short_circuit_operator.py
[2026-02-05T12:56:04.426+0000] {processor.py:830} INFO - Processing file /home/airflow/.local/lib/python3.12/site-packages/airflow/example_dags/example_short_circuit_operator.py for tasks to queue
[2026-02-05T12:56:04.428+0000] {logging_mixin.py:188} INFO - [2026-02-05T12:56:04.427+0000] {dagbag.py:540} INFO - Filling up the DagBag from /home/airflow/.local/lib/python3.12/site-packages/airflow/example_dags/example_short_circuit_operator.py
[2026-02-05T12:56:04.432+0000] {processor.py:840} INFO - DAG(s) 'example_short_circuit_operator' retrieved from /home/airflow/.local/lib/python3.12/site-packages/airflow/example_dags/example_short_circuit_operator.py
[2026-02-05T12:56:04.489+0000] {logging_mixin.py:188} INFO - [2026-02-05T12:56:04.489+0000] {dag.py:3096} INFO - Sync 1 DAGs
[2026-02-05T12:56:04.501+0000] {logging_mixin.py:188} INFO - [2026-02-05T12:56:04.500+0000] {dag.py:3954} INFO - Setting next_dagrun for example_short_circuit_operator to 2026-02-04 00:00:00+00:00, run_after=2026-02-05 00:00:00+00:00
[2026-02-05T12:56:04.512+0000] {processor.py:183} INFO - Processing /home/airflow/.local/lib/python3.12/site-packages/airflow/example_dags/example_short_circuit_operator.py took 0.090 seconds
[2026-02-05T12:56:35.387+0000] {processor.py:161} INFO - Started process (PID=184) to work on /home/airflow/.local/lib/python3.12/site-packages/airflow/example_dags/example_short_circuit_operator.py
[2026-02-05T12:56:35.388+0000] {processor.py:830} INFO - Processing file /home/airflow/.local/lib/python3.12/site-packages/airflow/example_dags/example_short_circuit_operator.py for tasks to queue
[2026-02-05T12:56:35.389+0000] {logging_mixin.py:188} INFO - [2026-02-05T12:56:35.389+0000] {dagbag.py:540} INFO - Filling up the DagBag from /home/airflow/.local/lib/python3.12/site-packages/airflow/example_dags/example_short_circuit_operator.py
[2026-02-05T12:56:35.394+0000] {processor.py:840} INFO - DAG(s) 'example_short_circuit_operator' retrieved from /home/airflow/.local/lib/python3.12/site-packages/airflow/example_dags/example_short_circuit_operator.py
[2026-02-05T12:56:35.407+0000] {logging_mixin.py:188} INFO - [2026-02-05T12:56:35.407+0000] {dag.py:3096} INFO - Sync 1 DAGs
[2026-02-05T12:56:35.418+0000] {logging_mixin.py:188} INFO - [2026-02-05T12:56:35.418+0000] {dag.py:3954} INFO - Setting next_dagrun for example_short_circuit_operator to 2026-02-04 00:00:00+00:00, run_after=2026-02-05 00:00:00+00:00
[2026-02-05T12:56:35.433+0000] {processor.py:183} INFO - Processing /home/airflow/.local/lib/python3.12/site-packages/airflow/example_dags/example_short_circuit_operator.py took 0.051 seconds
[2026-02-05T12:57:05.516+0000] {processor.py:161} INFO - Started process (PID=242) to work on /home/airflow/.local/lib/python3.12/site-packages/airflow/example_dags/example_short_circuit_operator.py
[2026-02-05T12:57:05.518+0000] {processor.py:830} INFO - Processing file /home/airflow/.local/lib/python3.12/site-packages/airflow/example_dags/example_short_circuit_operator.py for tasks to queue
[2026-02-05T12:57:05.520+0000] {logging_mixin.py:188} INFO - [2026-02-05T12:57:05.519+0000] {dagbag.py:540} INFO - Filling up the DagBag from /home/airflow/.local/lib/python3.12/site-packages/airflow/example_dags/example_short_circuit_operator.py
[2026-02-05T12:57:05.524+0000] {processor.py:840} INFO - DAG(s) 'example_short_circuit_operator' retrieved from /home/airflow/.local/lib/python3.12/site-packages/airflow/example_dags/example_short_circuit_operator.py
[2026-02-05T12:57:05.539+0000] {logging_mixin.py:188} INFO - [2026-02-05T12:57:05.539+0000] {dag.py:3096} INFO - Sync 1 DAGs
[2026-02-05T12:57:05.551+0000] {logging_mixin.py:188} INFO - [2026-02-05T12:57:05.551+0000] {dag.py:3954} INFO - Setting next_dagrun for example_short_circuit_operator to 2026-02-04 00:00:00+00:00, run_after=2026-02-05 00:00:00+00:00
[2026-02-05T12:57:05.564+0000] {processor.py:183} INFO - Processing /home/airflow/.local/lib/python3.12/site-packages/airflow/example_dags/example_short_circuit_operator.py took 0.051 seconds
[2026-02-05T12:57:36.061+0000] {processor.py:161} INFO - Started process (PID=300) to work on /home/airflow/.local/lib/python3.12/site-packages/airflow/example_dags/example_short_circuit_operator.py
[2026-02-05T12:57:36.062+0000] {processor.py:830} INFO - Processing file /home/airflow/.local/lib/python3.12/site-packages/airflow/example_dags/example_short_circuit_operator.py for tasks to queue
[2026-02-05T12:57:36.063+0000] {logging_mixin.py:188} INFO - [2026-02-05T12:57:36.063+0000] {dagbag.py:540} INFO - Filling up the DagBag from /home/airflow/.local/lib/python3.12/site-packages/airflow/example_dags/example_short_circuit_operator.py
[2026-02-05T12:57:36.067+0000] {processor.py:840} INFO - DAG(s) 'example_short_circuit_operator' retrieved from /home/airflow/.local/lib/python3.12/site-packages/airflow/example_dags/example_short_circuit_operator.py
[2026-02-05T12:57:36.080+0000] {logging_mixin.py:188} INFO - [2026-02-05T12:57:36.080+0000] {dag.py:3096} INFO - Sync 1 DAGs
[2026-02-05T12:57:36.094+0000] {logging_mixin.py:188} INFO - [2026-02-05T12:57:36.094+0000] {dag.py:3954} INFO - Setting next_dagrun for example_short_circuit_operator to 2026-02-04 00:00:00+00:00, run_after=2026-02-05 00:00:00+00:00
[2026-02-05T12:57:36.104+0000] {processor.py:183} INFO - Processing /home/airflow/.local/lib/python3.12/site-packages/airflow/example_dags/example_short_circuit_operator.py took 0.047 seconds
[2026-02-05T12:58:06.331+0000] {processor.py:161} INFO - Started process (PID=358) to work on /home/airflow/.local/lib/python3.12/site-packages/airflow/example_dags/example_short_circuit_operator.py
[2026-02-05T12:58:06.332+0000] {processor.py:830} INFO - Processing file /home/airflow/.local/lib/python3.12/site-packages/airflow/example_dags/example_short_circuit_operator.py for tasks to queue
[2026-02-05T12:58:06.334+0000] {logging_mixin.py:188} INFO - [2026-02-05T12:58:06.334+0000] {dagbag.py:540} INFO - Filling up the DagBag from /home/airflow/.local/lib/python3.12/site-packages/airflow/example_dags/example_short_circuit_operator.py
[2026-02-05T12:58:06.340+0000] {processor.py:840} INFO - DAG(s) 'example_short_circuit_operator' retrieved from /home/airflow/.local/lib/python3.12/site-packages/airflow/example_dags/example_short_circuit_operator.py
[2026-02-05T12:58:06.361+0000] {logging_mixin.py:188} INFO - [2026-02-05T12:58:06.360+0000] {dag.py:3096} INFO - Sync 1 DAGs
[2026-02-05T12:58:06.375+0000] {logging_mixin.py:188} INFO - [2026-02-05T12:58:06.375+0000] {dag.py:3954} INFO - Setting next_dagrun for example_short_circuit_operator to 2026-02-04 00:00:00+00:00, run_after=2026-02-05 00:00:00+00:00
[2026-02-05T12:58:06.395+0000] {processor.py:183} INFO - Processing /home/airflow/.local/lib/python3.12/site-packages/airflow/example_dags/example_short_circuit_operator.py took 0.068 seconds
[2026-02-05T12:58:36.454+0000] {processor.py:161} INFO - Started process (PID=416) to work on /home/airflow/.local/lib/python3.12/site-packages/airflow/example_dags/example_short_circuit_operator.py
[2026-02-05T12:58:36.455+0000] {processor.py:830} INFO - Processing file /home/airflow/.local/lib/python3.12/site-packages/airflow/example_dags/example_short_circuit_operator.py for tasks to queue
[2026-02-05T12:58:36.457+0000] {logging_mixin.py:188} INFO - [2026-02-05T12:58:36.457+0000] {dagbag.py:540} INFO - Filling up the DagBag from /home/airflow/.local/lib/python3.12/site-packages/airflow/example_dags/example_short_circuit_operator.py
[2026-02-05T12:58:36.461+0000] {processor.py:840} INFO - DAG(s) 'example_short_circuit_operator' retrieved from /home/airflow/.local/lib/python3.12/site-packages/airflow/example_dags/example_short_circuit_operator.py
[2026-02-05T12:58:36.476+0000] {logging_mixin.py:188} INFO - [2026-02-05T12:58:36.476+0000] {dag.py:3096} INFO - Sync 1 DAGs
[2026-02-05T12:58:36.487+0000] {logging_mixin.py:188} INFO - [2026-02-05T12:58:36.487+0000] {dag.py:3954} INFO - Setting next_dagrun for example_short_circuit_operator to 2026-02-04 00:00:00+00:00, run_after=2026-02-05 00:00:00+00:00
[2026-02-05T12:58:36.497+0000] {processor.py:183} INFO - Processing /home/airflow/.local/lib/python3.12/site-packages/airflow/example_dags/example_short_circuit_operator.py took 0.047 seconds
[2026-02-05T12:59:06.632+0000] {processor.py:161} INFO - Started process (PID=483) to work on /home/airflow/.local/lib/python3.12/site-packages/airflow/example_dags/example_short_circuit_operator.py
[2026-02-05T12:59:06.633+0000] {processor.py:830} INFO - Processing file /home/airflow/.local/lib/python3.12/site-packages/airflow/example_dags/example_short_circuit_operator.py for tasks to queue
[2026-02-05T12:59:06.636+0000] {logging_mixin.py:188} INFO - [2026-02-05T12:59:06.636+0000] {dagbag.py:540} INFO - Filling up the DagBag from /home/airflow/.local/lib/python3.12/site-packages/airflow/example_dags/example_short_circuit_operator.py
[2026-02-05T12:59:06.640+0000] {processor.py:840} INFO - DAG(s) 'example_short_circuit_operator' retrieved from /home/airflow/.local/lib/python3.12/site-packages/airflow/example_dags/example_short_circuit_operator.py
[2026-02-05T12:59:06.653+0000] {logging_mixin.py:188} INFO - [2026-02-05T12:59:06.653+0000] {dag.py:3096} INFO - Sync 1 DAGs
[2026-02-05T12:59:06.665+0000] {logging_mixin.py:188} INFO - [2026-02-05T12:59:06.665+0000] {dag.py:3954} INFO - Setting next_dagrun for example_short_circuit_operator to 2026-02-04 00:00:00+00:00, run_after=2026-02-05 00:00:00+00:00
[2026-02-05T12:59:06.675+0000] {processor.py:183} INFO - Processing /home/airflow/.local/lib/python3.12/site-packages/airflow/example_dags/example_short_circuit_operator.py took 0.047 seconds
[2026-02-05T12:59:36.885+0000] {processor.py:161} INFO - Started process (PID=542) to work on /home/airflow/.local/lib/python3.12/site-packages/airflow/example_dags/example_short_circuit_operator.py
[2026-02-05T12:59:36.885+0000] {processor.py:830} INFO - Processing file /home/airflow/.local/lib/python3.12/site-packages/airflow/example_dags/example_short_circuit_operator.py for tasks to queue
[2026-02-05T12:59:36.886+0000] {logging_mixin.py:188} INFO - [2026-02-05T12:59:36.886+0000] {dagbag.py:540} INFO - Filling up the DagBag from /home/airflow/.local/lib/python3.12/site-packages/airflow/example_dags/example_short_circuit_operator.py
[2026-02-05T12:59:36.890+0000] {processor.py:840} INFO - DAG(s) 'example_short_circuit_operator' retrieved from /home/airflow/.local/lib/python3.12/site-packages/airflow/example_dags/example_short_circuit_operator.py
[2026-02-05T12:59:36.905+0000] {logging_mixin.py:188} INFO - [2026-02-05T12:59:36.905+0000] {dag.py:3096} INFO - Sync 1 DAGs
[2026-02-05T12:59:36.918+0000] {logging_mixin.py:188} INFO - [2026-02-05T12:59:36.917+0000] {dag.py:3954} INFO - Setting next_dagrun for example_short_circuit_operator to 2026-02-04 00:00:00+00:00, run_after=2026-02-05 00:00:00+00:00
[2026-02-05T12:59:36.928+0000] {processor.py:183} INFO - Processing /home/airflow/.local/lib/python3.12/site-packages/airflow/example_dags/example_short_circuit_operator.py took 0.047 seconds
[2026-02-05T13:00:07.137+0000] {processor.py:161} INFO - Started process (PID=600) to work on /home/airflow/.local/lib/python3.12/site-packages/airflow/example_dags/example_short_circuit_operator.py
[2026-02-05T13:00:07.137+0000] {processor.py:830} INFO - Processing file /home/airflow/.local/lib/python3.12/site-packages/airflow/example_dags/example_short_circuit_operator.py for tasks to queue
[2026-02-05T13:00:07.138+0000] {logging_mixin.py:188} INFO - [2026-02-05T13:00:07.138+0000] {dagbag.py:540} INFO - Filling up the DagBag from /home/airflow/.local/lib/python3.12/site-packages/airflow/example_dags/example_short_circuit_operator.py
[2026-02-05T13:00:07.143+0000] {processor.py:840} INFO - DAG(s) 'example_short_circuit_operator' retrieved from /home/airflow/.local/lib/python3.12/site-packages/airflow/example_dags/example_short_circuit_operator.py
[2026-02-05T13:00:07.157+0000] {logging_mixin.py:188} INFO - [2026-02-05T13:00:07.156+0000] {dag.py:3096} INFO - Sync 1 DAGs
[2026-02-05T13:00:07.168+0000] {logging_mixin.py:188} INFO - [2026-02-05T13:00:07.168+0000] {dag.py:3954} INFO - Setting next_dagrun for example_short_circuit_operator to 2026-02-04 00:00:00+00:00, run_after=2026-02-05 00:00:00+00:00
[2026-02-05T13:00:07.180+0000] {processor.py:183} INFO - Processing /home/airflow/.local/lib/python3.12/site-packages/airflow/example_dags/example_short_circuit_operator.py took 0.046 seconds
[2026-02-05T13:00:37.216+0000] {processor.py:161} INFO - Started process (PID=658) to work on /home/airflow/.local/lib/python3.12/site-packages/airflow/example_dags/example_short_circuit_operator.py
[2026-02-05T13:00:37.217+0000] {processor.py:830} INFO - Processing file /home/airflow/.local/lib/python3.12/site-packages/airflow/example_dags/example_short_circuit_operator.py for tasks to queue
[2026-02-05T13:00:37.218+0000] {logging_mixin.py:188} INFO - [2026-02-05T13:00:37.218+0000] {dagbag.py:540} INFO - Filling up the DagBag from /home/airflow/.local/lib/python3.12/site-packages/airflow/example_dags/example_short_circuit_operator.py
[2026-02-05T13:00:37.224+0000] {processor.py:840} INFO - DAG(s) 'example_short_circuit_operator' retrieved from /home/airflow/.local/lib/python3.12/site-packages/airflow/example_dags/example_short_circuit_operator.py
[2026-02-05T13:00:37.241+0000] {logging_mixin.py:188} INFO - [2026-02-05T13:00:37.241+0000] {dag.py:3096} INFO - Sync 1 DAGs
[2026-02-05T13:00:37.371+0000] {logging_mixin.py:188} INFO - [2026-02-05T13:00:37.371+0000] {dag.py:3954} INFO - Setting next_dagrun for example_short_circuit_operator to 2026-02-04 00:00:00+00:00, run_after=2026-02-05 00:00:00+00:00
[2026-02-05T13:00:37.389+0000] {processor.py:183} INFO - Processing /home/airflow/.local/lib/python3.12/site-packages/airflow/example_dags/example_short_circuit_operator.py took 0.177 seconds
[2026-02-05T13:01:08.296+0000] {processor.py:161} INFO - Started process (PID=716) to work on /home/airflow/.local/lib/python3.12/site-packages/airflow/example_dags/example_short_circuit_operator.py
[2026-02-05T13:01:08.297+0000] {processor.py:830} INFO - Processing file /home/airflow/.local/lib/python3.12/site-packages/airflow/example_dags/example_short_circuit_operator.py for tasks to queue
[2026-02-05T13:01:08.298+0000] {logging_mixin.py:188} INFO - [2026-02-05T13:01:08.298+0000] {dagbag.py:540} INFO - Filling up the DagBag from /home/airflow/.local/lib/python3.12/site-packages/airflow/example_dags/example_short_circuit_operator.py
[2026-02-05T13:01:08.302+0000] {processor.py:840} INFO - DAG(s) 'example_short_circuit_operator' retrieved from /home/airflow/.local/lib/python3.12/site-packages/airflow/example_dags/example_short_circuit_operator.py
[2026-02-05T13:01:08.314+0000] {logging_mixin.py:188} INFO - [2026-02-05T13:01:08.314+0000] {dag.py:3096} INFO - Sync 1 DAGs
[2026-02-05T13:01:08.328+0000] {logging_mixin.py:188} INFO - [2026-02-05T13:01:08.328+0000] {dag.py:3954} INFO - Setting next_dagrun for example_short_circuit_operator to 2026-02-04 00:00:00+00:00, run_after=2026-02-05 00:00:00+00:00
[2026-02-05T13:01:08.339+0000] {processor.py:183} INFO - Processing /home/airflow/.local/lib/python3.12/site-packages/airflow/example_dags/example_short_circuit_operator.py took 0.046 seconds
[2026-02-05T13:01:38.487+0000] {processor.py:161} INFO - Started process (PID=774) to work on /home/airflow/.local/lib/python3.12/site-packages/airflow/example_dags/example_short_circuit_operator.py
[2026-02-05T13:01:38.488+0000] {processor.py:830} INFO - Processing file /home/airflow/.local/lib/python3.12/site-packages/airflow/example_dags/example_short_circuit_operator.py for tasks to queue
[2026-02-05T13:01:38.493+0000] {logging_mixin.py:188} INFO - [2026-02-05T13:01:38.492+0000] {dagbag.py:540} INFO - Filling up the DagBag from /home/airflow/.local/lib/python3.12/site-packages/airflow/example_dags/example_short_circuit_operator.py
[2026-02-05T13:01:38.498+0000] {processor.py:840} INFO - DAG(s) 'example_short_circuit_operator' retrieved from /home/airflow/.local/lib/python3.12/site-packages/airflow/example_dags/example_short_circuit_operator.py
[2026-02-05T13:01:38.530+0000] {logging_mixin.py:188} INFO - [2026-02-05T13:01:38.530+0000] {dag.py:3096} INFO - Sync 1 DAGs
[2026-02-05T13:01:38.554+0000] {logging_mixin.py:188} INFO - [2026-02-05T13:01:38.554+0000] {dag.py:3954} INFO - Setting next_dagrun for example_short_circuit_operator to 2026-02-04 00:00:00+00:00, run_after=2026-02-05 00:00:00+00:00
[2026-02-05T13:01:38.585+0000] {processor.py:183} INFO - Processing /home/airflow/.local/lib/python3.12/site-packages/airflow/example_dags/example_short_circuit_operator.py took 0.108 seconds
[2026-02-05T13:02:08.974+0000] {processor.py:161} INFO - Started process (PID=831) to work on /home/airflow/.local/lib/python3.12/site-packages/airflow/example_dags/example_short_circuit_operator.py
[2026-02-05T13:02:08.975+0000] {processor.py:830} INFO - Processing file /home/airflow/.local/lib/python3.12/site-packages/airflow/example_dags/example_short_circuit_operator.py for tasks to queue
[2026-02-05T13:02:08.979+0000] {logging_mixin.py:188} INFO - [2026-02-05T13:02:08.979+0000] {dagbag.py:540} INFO - Filling up the DagBag from /home/airflow/.local/lib/python3.12/site-packages/airflow/example_dags/example_short_circuit_operator.py
[2026-02-05T13:02:08.983+0000] {processor.py:840} INFO - DAG(s) 'example_short_circuit_operator' retrieved from /home/airflow/.local/lib/python3.12/site-packages/airflow/example_dags/example_short_circuit_operator.py
[2026-02-05T13:02:08.996+0000] {logging_mixin.py:188} INFO - [2026-02-05T13:02:08.996+0000] {dag.py:3096} INFO - Sync 1 DAGs
[2026-02-05T13:02:09.009+0000] {logging_mixin.py:188} INFO - [2026-02-05T13:02:09.009+0000] {dag.py:3954} INFO - Setting next_dagrun for example_short_circuit_operator to 2026-02-04 00:00:00+00:00, run_after=2026-02-05 00:00:00+00:00
[2026-02-05T13:02:09.019+0000] {processor.py:183} INFO - Processing /home/airflow/.local/lib/python3.12/site-packages/airflow/example_dags/example_short_circuit_operator.py took 0.049 seconds
[2026-02-05T13:02:39.043+0000] {processor.py:161} INFO - Started process (PID=889) to work on /home/airflow/.local/lib/python3.12/site-packages/airflow/example_dags/example_short_circuit_operator.py
[2026-02-05T13:02:39.043+0000] {processor.py:830} INFO - Processing file /home/airflow/.local/lib/python3.12/site-packages/airflow/example_dags/example_short_circuit_operator.py for tasks to queue
[2026-02-05T13:02:39.045+0000] {logging_mixin.py:188} INFO - [2026-02-05T13:02:39.045+0000] {dagbag.py:540} INFO - Filling up the DagBag from /home/airflow/.local/lib/python3.12/site-packages/airflow/example_dags/example_short_circuit_operator.py
[2026-02-05T13:02:39.048+0000] {processor.py:840} INFO - DAG(s) 'example_short_circuit_operator' retrieved from /home/airflow/.local/lib/python3.12/site-packages/airflow/example_dags/example_short_circuit_operator.py
[2026-02-05T13:02:39.063+0000] {logging_mixin.py:188} INFO - [2026-02-05T13:02:39.063+0000] {dag.py:3096} INFO - Sync 1 DAGs
[2026-02-05T13:02:39.077+0000] {logging_mixin.py:188} INFO - [2026-02-05T13:02:39.077+0000] {dag.py:3954} INFO - Setting next_dagrun for example_short_circuit_operator to 2026-02-04 00:00:00+00:00, run_after=2026-02-05 00:00:00+00:00
[2026-02-05T13:02:39.087+0000] {processor.py:183} INFO - Processing /home/airflow/.local/lib/python3.12/site-packages/airflow/example_dags/example_short_circuit_operator.py took 0.047 seconds
[2026-02-05T13:03:09.343+0000] {processor.py:161} INFO - Started process (PID=947) to work on /home/airflow/.local/lib/python3.12/site-packages/airflow/example_dags/example_short_circuit_operator.py
[2026-02-05T13:03:09.344+0000] {processor.py:830} INFO - Processing file /home/airflow/.local/lib/python3.12/site-packages/airflow/example_dags/example_short_circuit_operator.py for tasks to queue
[2026-02-05T13:03:09.346+0000] {logging_mixin.py:188} INFO - [2026-02-05T13:03:09.345+0000] {dagbag.py:540} INFO - Filling up the DagBag from /home/airflow/.local/lib/python3.12/site-packages/airflow/example_dags/example_short_circuit_operator.py
[2026-02-05T13:03:09.350+0000] {processor.py:840} INFO - DAG(s) 'example_short_circuit_operator' retrieved from /home/airflow/.local/lib/python3.12/site-packages/airflow/example_dags/example_short_circuit_operator.py
[2026-02-05T13:03:09.362+0000] {logging_mixin.py:188} INFO - [2026-02-05T13:03:09.362+0000] {dag.py:3096} INFO - Sync 1 DAGs
[2026-02-05T13:03:09.373+0000] {logging_mixin.py:188} INFO - [2026-02-05T13:03:09.373+0000] {dag.py:3954} INFO - Setting next_dagrun for example_short_circuit_operator to 2026-02-04 00:00:00+00:00, run_after=2026-02-05 00:00:00+00:00
[2026-02-05T13:03:09.480+0000] {processor.py:183} INFO - Processing /home/airflow/.local/lib/python3.12/site-packages/airflow/example_dags/example_short_circuit_operator.py took 0.140 seconds
[2026-02-05T13:03:40.319+0000] {processor.py:161} INFO - Started process (PID=1005) to work on /home/airflow/.local/lib/python3.12/site-packages/airflow/example_dags/example_short_circuit_operator.py
[2026-02-05T13:03:40.321+0000] {processor.py:830} INFO - Processing file /home/airflow/.local/lib/python3.12/site-packages/airflow/example_dags/example_short_circuit_operator.py for tasks to queue
[2026-02-05T13:03:40.322+0000] {logging_mixin.py:188} INFO - [2026-02-05T13:03:40.322+0000] {dagbag.py:540} INFO - Filling up the DagBag from /home/airflow/.local/lib/python3.12/site-packages/airflow/example_dags/example_short_circuit_operator.py
[2026-02-05T13:03:40.327+0000] {processor.py:840} INFO - DAG(s) 'example_short_circuit_operator' retrieved from /home/airflow/.local/lib/python3.12/site-packages/airflow/example_dags/example_short_circuit_operator.py
[2026-02-05T13:03:40.343+0000] {logging_mixin.py:188} INFO - [2026-02-05T13:03:40.343+0000] {dag.py:3096} INFO - Sync 1 DAGs
[2026-02-05T13:03:40.357+0000] {logging_mixin.py:188} INFO - [2026-02-05T13:03:40.357+0000] {dag.py:3954} INFO - Setting next_dagrun for example_short_circuit_operator to 2026-02-04 00:00:00+00:00, run_after=2026-02-05 00:00:00+00:00
[2026-02-05T13:03:40.368+0000] {processor.py:183} INFO - Processing /home/airflow/.local/lib/python3.12/site-packages/airflow/example_dags/example_short_circuit_operator.py took 0.052 seconds
[2026-02-05T13:04:10.403+0000] {processor.py:161} INFO - Started process (PID=1063) to work on /home/airflow/.local/lib/python3.12/site-packages/airflow/example_dags/example_short_circuit_operator.py
[2026-02-05T13:04:10.404+0000] {processor.py:830} INFO - Processing file /home/airflow/.local/lib/python3.12/site-packages/airflow/example_dags/example_short_circuit_operator.py for tasks to queue
[2026-02-05T13:04:10.405+0000] {logging_mixin.py:188} INFO - [2026-02-05T13:04:10.405+0000] {dagbag.py:540} INFO - Filling up the DagBag from /home/airflow/.local/lib/python3.12/site-packages/airflow/example_dags/example_short_circuit_operator.py
[2026-02-05T13:04:10.409+0000] {processor.py:840} INFO - DAG(s) 'example_short_circuit_operator' retrieved from /home/airflow/.local/lib/python3.12/site-packages/airflow/example_dags/example_short_circuit_operator.py
[2026-02-05T13:04:10.421+0000] {logging_mixin.py:188} INFO - [2026-02-05T13:04:10.421+0000] {dag.py:3096} INFO - Sync 1 DAGs
[2026-02-05T13:04:10.434+0000] {logging_mixin.py:188} INFO - [2026-02-05T13:04:10.434+0000] {dag.py:3954} INFO - Setting next_dagrun for example_short_circuit_operator to 2026-02-04 00:00:00+00:00, run_after=2026-02-05 00:00:00+00:00
[2026-02-05T13:04:10.445+0000] {processor.py:183} INFO - Processing /home/airflow/.local/lib/python3.12/site-packages/airflow/example_dags/example_short_circuit_operator.py took 0.044 seconds
[2026-02-05T13:04:40.742+0000] {processor.py:161} INFO - Started process (PID=1121) to work on /home/airflow/.local/lib/python3.12/site-packages/airflow/example_dags/example_short_circuit_operator.py
[2026-02-05T13:04:40.743+0000] {processor.py:830} INFO - Processing file /home/airflow/.local/lib/python3.12/site-packages/airflow/example_dags/example_short_circuit_operator.py for tasks to queue
[2026-02-05T13:04:40.745+0000] {logging_mixin.py:188} INFO - [2026-02-05T13:04:40.745+0000] {dagbag.py:540} INFO - Filling up the DagBag from /home/airflow/.local/lib/python3.12/site-packages/airflow/example_dags/example_short_circuit_operator.py
[2026-02-05T13:04:40.751+0000] {processor.py:840} INFO - DAG(s) 'example_short_circuit_operator' retrieved from /home/airflow/.local/lib/python3.12/site-packages/airflow/example_dags/example_short_circuit_operator.py
[2026-02-05T13:04:40.763+0000] {logging_mixin.py:188} INFO - [2026-02-05T13:04:40.763+0000] {dag.py:3096} INFO - Sync 1 DAGs
[2026-02-05T13:04:40.774+0000] {logging_mixin.py:188} INFO - [2026-02-05T13:04:40.774+0000] {dag.py:3954} INFO - Setting next_dagrun for example_short_circuit_operator to 2026-02-04 00:00:00+00:00, run_after=2026-02-05 00:00:00+00:00
[2026-02-05T13:04:40.784+0000] {processor.py:183} INFO - Processing /home/airflow/.local/lib/python3.12/site-packages/airflow/example_dags/example_short_circuit_operator.py took 0.045 seconds
[2026-02-05T13:05:11.630+0000] {processor.py:161} INFO - Started process (PID=1179) to work on /home/airflow/.local/lib/python3.12/site-packages/airflow/example_dags/example_short_circuit_operator.py
[2026-02-05T13:05:11.630+0000] {processor.py:830} INFO - Processing file /home/airflow/.local/lib/python3.12/site-packages/airflow/example_dags/example_short_circuit_operator.py for tasks to queue
[2026-02-05T13:05:11.631+0000] {logging_mixin.py:188} INFO - [2026-02-05T13:05:11.631+0000] {dagbag.py:540} INFO - Filling up the DagBag from /home/airflow/.local/lib/python3.12/site-packages/airflow/example_dags/example_short_circuit_operator.py
[2026-02-05T13:05:11.636+0000] {processor.py:840} INFO - DAG(s) 'example_short_circuit_operator' retrieved from /home/airflow/.local/lib/python3.12/site-packages/airflow/example_dags/example_short_circuit_operator.py
[2026-02-05T13:05:11.648+0000] {logging_mixin.py:188} INFO - [2026-02-05T13:05:11.648+0000] {dag.py:3096} INFO - Sync 1 DAGs
[2026-02-05T13:05:11.661+0000] {logging_mixin.py:188} INFO - [2026-02-05T13:05:11.661+0000] {dag.py:3954} INFO - Setting next_dagrun for example_short_circuit_operator to 2026-02-04 00:00:00+00:00, run_after=2026-02-05 00:00:00+00:00
[2026-02-05T13:05:11.671+0000] {processor.py:183} INFO - Processing /home/airflow/.local/lib/python3.12/site-packages/airflow/example_dags/example_short_circuit_operator.py took 0.044 seconds
[2026-02-05T13:05:42.149+0000] {processor.py:161} INFO - Started process (PID=1237) to work on /home/airflow/.local/lib/python3.12/site-packages/airflow/example_dags/example_short_circuit_operator.py
[2026-02-05T13:05:42.150+0000] {processor.py:830} INFO - Processing file /home/airflow/.local/lib/python3.12/site-packages/airflow/example_dags/example_short_circuit_operator.py for tasks to queue
[2026-02-05T13:05:42.151+0000] {logging_mixin.py:188} INFO - [2026-02-05T13:05:42.150+0000] {dagbag.py:540} INFO - Filling up the DagBag from /home/airflow/.local/lib/python3.12/site-packages/airflow/example_dags/example_short_circuit_operator.py
[2026-02-05T13:05:42.158+0000] {processor.py:840} INFO - DAG(s) 'example_short_circuit_operator' retrieved from /home/airflow/.local/lib/python3.12/site-packages/airflow/example_dags/example_short_circuit_operator.py
[2026-02-05T13:05:42.171+0000] {logging_mixin.py:188} INFO - [2026-02-05T13:05:42.171+0000] {dag.py:3096} INFO - Sync 1 DAGs
[2026-02-05T13:05:42.277+0000] {logging_mixin.py:188} INFO - [2026-02-05T13:05:42.277+0000] {dag.py:3954} INFO - Setting next_dagrun for example_short_circuit_operator to 2026-02-04 00:00:00+00:00, run_after=2026-02-05 00:00:00+00:00
[2026-02-05T13:05:42.286+0000] {processor.py:183} INFO - Processing /home/airflow/.local/lib/python3.12/site-packages/airflow/example_dags/example_short_circuit_operator.py took 0.140 seconds
[2026-02-05T13:06:12.525+0000] {processor.py:161} INFO - Started process (PID=1294) to work on /home/airflow/.local/lib/python3.12/site-packages/airflow/example_dags/example_short_circuit_operator.py
[2026-02-05T13:06:12.525+0000] {processor.py:830} INFO - Processing file /home/airflow/.local/lib/python3.12/site-packages/airflow/example_dags/example_short_circuit_operator.py for tasks to queue
[2026-02-05T13:06:12.527+0000] {logging_mixin.py:188} INFO - [2026-02-05T13:06:12.526+0000] {dagbag.py:540} INFO - Filling up the DagBag from /home/airflow/.local/lib/python3.12/site-packages/airflow/example_dags/example_short_circuit_operator.py
[2026-02-05T13:06:12.534+0000] {processor.py:840} INFO - DAG(s) 'example_short_circuit_operator' retrieved from /home/airflow/.local/lib/python3.12/site-packages/airflow/example_dags/example_short_circuit_operator.py
[2026-02-05T13:06:12.547+0000] {logging_mixin.py:188} INFO - [2026-02-05T13:06:12.547+0000] {dag.py:3096} INFO - Sync 1 DAGs
[2026-02-05T13:06:12.559+0000] {logging_mixin.py:188} INFO - [2026-02-05T13:06:12.559+0000] {dag.py:3954} INFO - Setting next_dagrun for example_short_circuit_operator to 2026-02-04 00:00:00+00:00, run_after=2026-02-05 00:00:00+00:00
[2026-02-05T13:06:12.569+0000] {processor.py:183} INFO - Processing /home/airflow/.local/lib/python3.12/site-packages/airflow/example_dags/example_short_circuit_operator.py took 0.047 seconds
[2026-02-05T13:06:42.671+0000] {processor.py:161} INFO - Started process (PID=1352) to work on /home/airflow/.local/lib/python3.12/site-packages/airflow/example_dags/example_short_circuit_operator.py
[2026-02-05T13:06:42.672+0000] {processor.py:830} INFO - Processing file /home/airflow/.local/lib/python3.12/site-packages/airflow/example_dags/example_short_circuit_operator.py for tasks to queue
[2026-02-05T13:06:42.673+0000] {logging_mixin.py:188} INFO - [2026-02-05T13:06:42.673+0000] {dagbag.py:540} INFO - Filling up the DagBag from /home/airflow/.local/lib/python3.12/site-packages/airflow/example_dags/example_short_circuit_operator.py
[2026-02-05T13:06:42.678+0000] {processor.py:840} INFO - DAG(s) 'example_short_circuit_operator' retrieved from /home/airflow/.local/lib/python3.12/site-packages/airflow/example_dags/example_short_circuit_operator.py
[2026-02-05T13:06:42.694+0000] {logging_mixin.py:188} INFO - [2026-02-05T13:06:42.693+0000] {dag.py:3096} INFO - Sync 1 DAGs
[2026-02-05T13:06:42.709+0000] {logging_mixin.py:188} INFO - [2026-02-05T13:06:42.709+0000] {dag.py:3954} INFO - Setting next_dagrun for example_short_circuit_operator to 2026-02-04 00:00:00+00:00, run_after=2026-02-05 00:00:00+00:00
[2026-02-05T13:06:42.720+0000] {processor.py:183} INFO - Processing /home/airflow/.local/lib/python3.12/site-packages/airflow/example_dags/example_short_circuit_operator.py took 0.053 seconds
[2026-02-05T13:07:12.867+0000] {processor.py:161} INFO - Started process (PID=1410) to work on /home/airflow/.local/lib/python3.12/site-packages/airflow/example_dags/example_short_circuit_operator.py
[2026-02-05T13:07:12.867+0000] {processor.py:830} INFO - Processing file /home/airflow/.local/lib/python3.12/site-packages/airflow/example_dags/example_short_circuit_operator.py for tasks to queue
[2026-02-05T13:07:12.869+0000] {logging_mixin.py:188} INFO - [2026-02-05T13:07:12.869+0000] {dagbag.py:540} INFO - Filling up the DagBag from /home/airflow/.local/lib/python3.12/site-packages/airflow/example_dags/example_short_circuit_operator.py
[2026-02-05T13:07:12.873+0000] {processor.py:840} INFO - DAG(s) 'example_short_circuit_operator' retrieved from /home/airflow/.local/lib/python3.12/site-packages/airflow/example_dags/example_short_circuit_operator.py
[2026-02-05T13:07:12.884+0000] {logging_mixin.py:188} INFO - [2026-02-05T13:07:12.884+0000] {dag.py:3096} INFO - Sync 1 DAGs
[2026-02-05T13:07:12.898+0000] {logging_mixin.py:188} INFO - [2026-02-05T13:07:12.898+0000] {dag.py:3954} INFO - Setting next_dagrun for example_short_circuit_operator to 2026-02-04 00:00:00+00:00, run_after=2026-02-05 00:00:00+00:00
[2026-02-05T13:07:12.909+0000] {processor.py:183} INFO - Processing /home/airflow/.local/lib/python3.12/site-packages/airflow/example_dags/example_short_circuit_operator.py took 0.044 seconds
[2026-02-05T13:07:42.934+0000] {processor.py:161} INFO - Started process (PID=1468) to work on /home/airflow/.local/lib/python3.12/site-packages/airflow/example_dags/example_short_circuit_operator.py
[2026-02-05T13:07:42.936+0000] {processor.py:830} INFO - Processing file /home/airflow/.local/lib/python3.12/site-packages/airflow/example_dags/example_short_circuit_operator.py for tasks to queue
[2026-02-05T13:07:42.940+0000] {logging_mixin.py:188} INFO - [2026-02-05T13:07:42.939+0000] {dagbag.py:540} INFO - Filling up the DagBag from /home/airflow/.local/lib/python3.12/site-packages/airflow/example_dags/example_short_circuit_operator.py
[2026-02-05T13:07:42.958+0000] {processor.py:840} INFO - DAG(s) 'example_short_circuit_operator' retrieved from /home/airflow/.local/lib/python3.12/site-packages/airflow/example_dags/example_short_circuit_operator.py
[2026-02-05T13:07:42.990+0000] {logging_mixin.py:188} INFO - [2026-02-05T13:07:42.990+0000] {dag.py:3096} INFO - Sync 1 DAGs
[2026-02-05T13:07:43.020+0000] {logging_mixin.py:188} INFO - [2026-02-05T13:07:43.020+0000] {dag.py:3954} INFO - Setting next_dagrun for example_short_circuit_operator to 2026-02-04 00:00:00+00:00, run_after=2026-02-05 00:00:00+00:00
[2026-02-05T13:07:43.040+0000] {processor.py:183} INFO - Processing /home/airflow/.local/lib/python3.12/site-packages/airflow/example_dags/example_short_circuit_operator.py took 0.112 seconds
[2026-02-05T13:08:13.315+0000] {processor.py:161} INFO - Started process (PID=1526) to work on /home/airflow/.local/lib/python3.12/site-packages/airflow/example_dags/example_short_circuit_operator.py
[2026-02-05T13:08:13.318+0000] {processor.py:830} INFO - Processing file /home/airflow/.local/lib/python3.12/site-packages/airflow/example_dags/example_short_circuit_operator.py for tasks to queue
[2026-02-05T13:08:13.319+0000] {logging_mixin.py:188} INFO - [2026-02-05T13:08:13.319+0000] {dagbag.py:540} INFO - Filling up the DagBag from /home/airflow/.local/lib/python3.12/site-packages/airflow/example_dags/example_short_circuit_operator.py
[2026-02-05T13:08:13.324+0000] {processor.py:840} INFO - DAG(s) 'example_short_circuit_operator' retrieved from /home/airflow/.local/lib/python3.12/site-packages/airflow/example_dags/example_short_circuit_operator.py
[2026-02-05T13:08:13.340+0000] {logging_mixin.py:188} INFO - [2026-02-05T13:08:13.340+0000] {dag.py:3096} INFO - Sync 1 DAGs
[2026-02-05T13:08:13.354+0000] {logging_mixin.py:188} INFO - [2026-02-05T13:08:13.354+0000] {dag.py:3954} INFO - Setting next_dagrun for example_short_circuit_operator to 2026-02-04 00:00:00+00:00, run_after=2026-02-05 00:00:00+00:00
[2026-02-05T13:08:13.364+0000] {processor.py:183} INFO - Processing /home/airflow/.local/lib/python3.12/site-packages/airflow/example_dags/example_short_circuit_operator.py took 0.053 seconds
[2026-02-05T13:08:43.420+0000] {processor.py:161} INFO - Started process (PID=1583) to work on /home/airflow/.local/lib/python3.12/site-packages/airflow/example_dags/example_short_circuit_operator.py
[2026-02-05T13:08:43.420+0000] {processor.py:830} INFO - Processing file /home/airflow/.local/lib/python3.12/site-packages/airflow/example_dags/example_short_circuit_operator.py for tasks to queue
[2026-02-05T13:08:43.421+0000] {logging_mixin.py:188} INFO - [2026-02-05T13:08:43.421+0000] {dagbag.py:540} INFO - Filling up the DagBag from /home/airflow/.local/lib/python3.12/site-packages/airflow/example_dags/example_short_circuit_operator.py
[2026-02-05T13:08:43.426+0000] {processor.py:840} INFO - DAG(s) 'example_short_circuit_operator' retrieved from /home/airflow/.local/lib/python3.12/site-packages/airflow/example_dags/example_short_circuit_operator.py
[2026-02-05T13:08:43.440+0000] {logging_mixin.py:188} INFO - [2026-02-05T13:08:43.440+0000] {dag.py:3096} INFO - Sync 1 DAGs
[2026-02-05T13:08:43.451+0000] {logging_mixin.py:188} INFO - [2026-02-05T13:08:43.451+0000] {dag.py:3954} INFO - Setting next_dagrun for example_short_circuit_operator to 2026-02-04 00:00:00+00:00, run_after=2026-02-05 00:00:00+00:00
[2026-02-05T13:08:43.461+0000] {processor.py:183} INFO - Processing /home/airflow/.local/lib/python3.12/site-packages/airflow/example_dags/example_short_circuit_operator.py took 0.044 seconds
[2026-02-05T13:09:13.581+0000] {processor.py:161} INFO - Started process (PID=1641) to work on /home/airflow/.local/lib/python3.12/site-packages/airflow/example_dags/example_short_circuit_operator.py
[2026-02-05T13:09:13.582+0000] {processor.py:830} INFO - Processing file /home/airflow/.local/lib/python3.12/site-packages/airflow/example_dags/example_short_circuit_operator.py for tasks to queue
[2026-02-05T13:09:13.583+0000] {logging_mixin.py:188} INFO - [2026-02-05T13:09:13.583+0000] {dagbag.py:540} INFO - Filling up the DagBag from /home/airflow/.local/lib/python3.12/site-packages/airflow/example_dags/example_short_circuit_operator.py
[2026-02-05T13:09:13.587+0000] {processor.py:840} INFO - DAG(s) 'example_short_circuit_operator' retrieved from /home/airflow/.local/lib/python3.12/site-packages/airflow/example_dags/example_short_circuit_operator.py
[2026-02-05T13:09:13.599+0000] {logging_mixin.py:188} INFO - [2026-02-05T13:09:13.599+0000] {dag.py:3096} INFO - Sync 1 DAGs
[2026-02-05T13:09:13.612+0000] {logging_mixin.py:188} INFO - [2026-02-05T13:09:13.612+0000] {dag.py:3954} INFO - Setting next_dagrun for example_short_circuit_operator to 2026-02-04 00:00:00+00:00, run_after=2026-02-05 00:00:00+00:00
[2026-02-05T13:09:13.622+0000] {processor.py:183} INFO - Processing /home/airflow/.local/lib/python3.12/site-packages/airflow/example_dags/example_short_circuit_operator.py took 0.044 seconds
[2026-02-05T13:09:43.936+0000] {processor.py:161} INFO - Started process (PID=1699) to work on /home/airflow/.local/lib/python3.12/site-packages/airflow/example_dags/example_short_circuit_operator.py
[2026-02-05T13:09:43.939+0000] {processor.py:830} INFO - Processing file /home/airflow/.local/lib/python3.12/site-packages/airflow/example_dags/example_short_circuit_operator.py for tasks to queue
[2026-02-05T13:09:43.944+0000] {logging_mixin.py:188} INFO - [2026-02-05T13:09:43.944+0000] {dagbag.py:540} INFO - Filling up the DagBag from /home/airflow/.local/lib/python3.12/site-packages/airflow/example_dags/example_short_circuit_operator.py
[2026-02-05T13:09:43.957+0000] {processor.py:840} INFO - DAG(s) 'example_short_circuit_operator' retrieved from /home/airflow/.local/lib/python3.12/site-packages/airflow/example_dags/example_short_circuit_operator.py
[2026-02-05T13:09:43.988+0000] {logging_mixin.py:188} INFO - [2026-02-05T13:09:43.988+0000] {dag.py:3096} INFO - Sync 1 DAGs
[2026-02-05T13:09:44.011+0000] {logging_mixin.py:188} INFO - [2026-02-05T13:09:44.011+0000] {dag.py:3954} INFO - Setting next_dagrun for example_short_circuit_operator to 2026-02-04 00:00:00+00:00, run_after=2026-02-05 00:00:00+00:00
[2026-02-05T13:09:44.025+0000] {processor.py:183} INFO - Processing /home/airflow/.local/lib/python3.12/site-packages/airflow/example_dags/example_short_circuit_operator.py took 0.098 seconds
[2026-02-05T13:10:14.224+0000] {processor.py:161} INFO - Started process (PID=1756) to work on /home/airflow/.local/lib/python3.12/site-packages/airflow/example_dags/example_short_circuit_operator.py
[2026-02-05T13:10:14.242+0000] {processor.py:830} INFO - Processing file /home/airflow/.local/lib/python3.12/site-packages/airflow/example_dags/example_short_circuit_operator.py for tasks to queue
[2026-02-05T13:10:14.243+0000] {logging_mixin.py:188} INFO - [2026-02-05T13:10:14.243+0000] {dagbag.py:540} INFO - Filling up the DagBag from /home/airflow/.local/lib/python3.12/site-packages/airflow/example_dags/example_short_circuit_operator.py
[2026-02-05T13:10:14.248+0000] {processor.py:840} INFO - DAG(s) 'example_short_circuit_operator' retrieved from /home/airflow/.local/lib/python3.12/site-packages/airflow/example_dags/example_short_circuit_operator.py
[2026-02-05T13:10:14.264+0000] {logging_mixin.py:188} INFO - [2026-02-05T13:10:14.264+0000] {dag.py:3096} INFO - Sync 1 DAGs
[2026-02-05T13:10:14.277+0000] {logging_mixin.py:188} INFO - [2026-02-05T13:10:14.277+0000] {dag.py:3954} INFO - Setting next_dagrun for example_short_circuit_operator to 2026-02-04 00:00:00+00:00, run_after=2026-02-05 00:00:00+00:00
[2026-02-05T13:10:14.288+0000] {processor.py:183} INFO - Processing /home/airflow/.local/lib/python3.12/site-packages/airflow/example_dags/example_short_circuit_operator.py took 0.068 seconds
[2026-02-05T13:10:44.355+0000] {processor.py:161} INFO - Started process (PID=1814) to work on /home/airflow/.local/lib/python3.12/site-packages/airflow/example_dags/example_short_circuit_operator.py
[2026-02-05T13:10:44.356+0000] {processor.py:830} INFO - Processing file /home/airflow/.local/lib/python3.12/site-packages/airflow/example_dags/example_short_circuit_operator.py for tasks to queue
[2026-02-05T13:10:44.357+0000] {logging_mixin.py:188} INFO - [2026-02-05T13:10:44.357+0000] {dagbag.py:540} INFO - Filling up the DagBag from /home/airflow/.local/lib/python3.12/site-packages/airflow/example_dags/example_short_circuit_operator.py
[2026-02-05T13:10:44.362+0000] {processor.py:840} INFO - DAG(s) 'example_short_circuit_operator' retrieved from /home/airflow/.local/lib/python3.12/site-packages/airflow/example_dags/example_short_circuit_operator.py
[2026-02-05T13:10:44.373+0000] {logging_mixin.py:188} INFO - [2026-02-05T13:10:44.373+0000] {dag.py:3096} INFO - Sync 1 DAGs
[2026-02-05T13:10:44.386+0000] {logging_mixin.py:188} INFO - [2026-02-05T13:10:44.386+0000] {dag.py:3954} INFO - Setting next_dagrun for example_short_circuit_operator to 2026-02-04 00:00:00+00:00, run_after=2026-02-05 00:00:00+00:00
[2026-02-05T13:10:44.395+0000] {processor.py:183} INFO - Processing /home/airflow/.local/lib/python3.12/site-packages/airflow/example_dags/example_short_circuit_operator.py took 0.043 seconds
[2026-02-05T13:11:15.185+0000] {processor.py:161} INFO - Started process (PID=1872) to work on /home/airflow/.local/lib/python3.12/site-packages/airflow/example_dags/example_short_circuit_operator.py
[2026-02-05T13:11:15.185+0000] {processor.py:830} INFO - Processing file /home/airflow/.local/lib/python3.12/site-packages/airflow/example_dags/example_short_circuit_operator.py for tasks to queue
[2026-02-05T13:11:15.189+0000] {logging_mixin.py:188} INFO - [2026-02-05T13:11:15.189+0000] {dagbag.py:540} INFO - Filling up the DagBag from /home/airflow/.local/lib/python3.12/site-packages/airflow/example_dags/example_short_circuit_operator.py
[2026-02-05T13:11:15.194+0000] {processor.py:840} INFO - DAG(s) 'example_short_circuit_operator' retrieved from /home/airflow/.local/lib/python3.12/site-packages/airflow/example_dags/example_short_circuit_operator.py
[2026-02-05T13:11:15.205+0000] {logging_mixin.py:188} INFO - [2026-02-05T13:11:15.205+0000] {dag.py:3096} INFO - Sync 1 DAGs
[2026-02-05T13:11:15.216+0000] {logging_mixin.py:188} INFO - [2026-02-05T13:11:15.216+0000] {dag.py:3954} INFO - Setting next_dagrun for example_short_circuit_operator to 2026-02-04 00:00:00+00:00, run_after=2026-02-05 00:00:00+00:00
[2026-02-05T13:11:15.225+0000] {processor.py:183} INFO - Processing /home/airflow/.local/lib/python3.12/site-packages/airflow/example_dags/example_short_circuit_operator.py took 0.043 seconds
[2026-02-05T13:11:46.088+0000] {processor.py:161} INFO - Started process (PID=1930) to work on /home/airflow/.local/lib/python3.12/site-packages/airflow/example_dags/example_short_circuit_operator.py
[2026-02-05T13:11:46.088+0000] {processor.py:830} INFO - Processing file /home/airflow/.local/lib/python3.12/site-packages/airflow/example_dags/example_short_circuit_operator.py for tasks to queue
[2026-02-05T13:11:46.090+0000] {logging_mixin.py:188} INFO - [2026-02-05T13:11:46.090+0000] {dagbag.py:540} INFO - Filling up the DagBag from /home/airflow/.local/lib/python3.12/site-packages/airflow/example_dags/example_short_circuit_operator.py
[2026-02-05T13:11:46.093+0000] {processor.py:840} INFO - DAG(s) 'example_short_circuit_operator' retrieved from /home/airflow/.local/lib/python3.12/site-packages/airflow/example_dags/example_short_circuit_operator.py
[2026-02-05T13:11:46.105+0000] {logging_mixin.py:188} INFO - [2026-02-05T13:11:46.105+0000] {dag.py:3096} INFO - Sync 1 DAGs
[2026-02-05T13:11:46.117+0000] {logging_mixin.py:188} INFO - [2026-02-05T13:11:46.117+0000] {dag.py:3954} INFO - Setting next_dagrun for example_short_circuit_operator to 2026-02-04 00:00:00+00:00, run_after=2026-02-05 00:00:00+00:00
[2026-02-05T13:11:46.125+0000] {processor.py:183} INFO - Processing /home/airflow/.local/lib/python3.12/site-packages/airflow/example_dags/example_short_circuit_operator.py took 0.040 seconds
[2026-02-05T13:12:16.979+0000] {processor.py:161} INFO - Started process (PID=1988) to work on /home/airflow/.local/lib/python3.12/site-packages/airflow/example_dags/example_short_circuit_operator.py
[2026-02-05T13:12:16.980+0000] {processor.py:830} INFO - Processing file /home/airflow/.local/lib/python3.12/site-packages/airflow/example_dags/example_short_circuit_operator.py for tasks to queue
[2026-02-05T13:12:16.981+0000] {logging_mixin.py:188} INFO - [2026-02-05T13:12:16.980+0000] {dagbag.py:540} INFO - Filling up the DagBag from /home/airflow/.local/lib/python3.12/site-packages/airflow/example_dags/example_short_circuit_operator.py
[2026-02-05T13:12:16.985+0000] {processor.py:840} INFO - DAG(s) 'example_short_circuit_operator' retrieved from /home/airflow/.local/lib/python3.12/site-packages/airflow/example_dags/example_short_circuit_operator.py
[2026-02-05T13:12:16.998+0000] {logging_mixin.py:188} INFO - [2026-02-05T13:12:16.997+0000] {dag.py:3096} INFO - Sync 1 DAGs
[2026-02-05T13:12:17.014+0000] {logging_mixin.py:188} INFO - [2026-02-05T13:12:17.013+0000] {dag.py:3954} INFO - Setting next_dagrun for example_short_circuit_operator to 2026-02-04 00:00:00+00:00, run_after=2026-02-05 00:00:00+00:00
[2026-02-05T13:12:17.026+0000] {processor.py:183} INFO - Processing /home/airflow/.local/lib/python3.12/site-packages/airflow/example_dags/example_short_circuit_operator.py took 0.050 seconds
[2026-02-05T13:12:47.932+0000] {processor.py:161} INFO - Started process (PID=2046) to work on /home/airflow/.local/lib/python3.12/site-packages/airflow/example_dags/example_short_circuit_operator.py
[2026-02-05T13:12:47.932+0000] {processor.py:830} INFO - Processing file /home/airflow/.local/lib/python3.12/site-packages/airflow/example_dags/example_short_circuit_operator.py for tasks to queue
[2026-02-05T13:12:47.933+0000] {logging_mixin.py:188} INFO - [2026-02-05T13:12:47.933+0000] {dagbag.py:540} INFO - Filling up the DagBag from /home/airflow/.local/lib/python3.12/site-packages/airflow/example_dags/example_short_circuit_operator.py
[2026-02-05T13:12:47.937+0000] {processor.py:840} INFO - DAG(s) 'example_short_circuit_operator' retrieved from /home/airflow/.local/lib/python3.12/site-packages/airflow/example_dags/example_short_circuit_operator.py
[2026-02-05T13:12:47.949+0000] {logging_mixin.py:188} INFO - [2026-02-05T13:12:47.949+0000] {dag.py:3096} INFO - Sync 1 DAGs
[2026-02-05T13:12:47.961+0000] {logging_mixin.py:188} INFO - [2026-02-05T13:12:47.961+0000] {dag.py:3954} INFO - Setting next_dagrun for example_short_circuit_operator to 2026-02-04 00:00:00+00:00, run_after=2026-02-05 00:00:00+00:00
[2026-02-05T13:12:47.971+0000] {processor.py:183} INFO - Processing /home/airflow/.local/lib/python3.12/site-packages/airflow/example_dags/example_short_circuit_operator.py took 0.042 seconds
[2026-02-05T13:13:18.738+0000] {processor.py:161} INFO - Started process (PID=2103) to work on /home/airflow/.local/lib/python3.12/site-packages/airflow/example_dags/example_short_circuit_operator.py
[2026-02-05T13:13:18.739+0000] {processor.py:830} INFO - Processing file /home/airflow/.local/lib/python3.12/site-packages/airflow/example_dags/example_short_circuit_operator.py for tasks to queue
[2026-02-05T13:13:18.740+0000] {logging_mixin.py:188} INFO - [2026-02-05T13:13:18.740+0000] {dagbag.py:540} INFO - Filling up the DagBag from /home/airflow/.local/lib/python3.12/site-packages/airflow/example_dags/example_short_circuit_operator.py
[2026-02-05T13:13:18.743+0000] {processor.py:840} INFO - DAG(s) 'example_short_circuit_operator' retrieved from /home/airflow/.local/lib/python3.12/site-packages/airflow/example_dags/example_short_circuit_operator.py
[2026-02-05T13:13:18.756+0000] {logging_mixin.py:188} INFO - [2026-02-05T13:13:18.755+0000] {dag.py:3096} INFO - Sync 1 DAGs
[2026-02-05T13:13:18.769+0000] {logging_mixin.py:188} INFO - [2026-02-05T13:13:18.769+0000] {dag.py:3954} INFO - Setting next_dagrun for example_short_circuit_operator to 2026-02-04 00:00:00+00:00, run_after=2026-02-05 00:00:00+00:00
[2026-02-05T13:13:18.781+0000] {processor.py:183} INFO - Processing /home/airflow/.local/lib/python3.12/site-packages/airflow/example_dags/example_short_circuit_operator.py took 0.047 seconds
[2026-02-05T13:13:49.559+0000] {processor.py:161} INFO - Started process (PID=2161) to work on /home/airflow/.local/lib/python3.12/site-packages/airflow/example_dags/example_short_circuit_operator.py
[2026-02-05T13:13:49.559+0000] {processor.py:830} INFO - Processing file /home/airflow/.local/lib/python3.12/site-packages/airflow/example_dags/example_short_circuit_operator.py for tasks to queue
[2026-02-05T13:13:49.560+0000] {logging_mixin.py:188} INFO - [2026-02-05T13:13:49.560+0000] {dagbag.py:540} INFO - Filling up the DagBag from /home/airflow/.local/lib/python3.12/site-packages/airflow/example_dags/example_short_circuit_operator.py
[2026-02-05T13:13:49.564+0000] {processor.py:840} INFO - DAG(s) 'example_short_circuit_operator' retrieved from /home/airflow/.local/lib/python3.12/site-packages/airflow/example_dags/example_short_circuit_operator.py
[2026-02-05T13:13:49.577+0000] {logging_mixin.py:188} INFO - [2026-02-05T13:13:49.577+0000] {dag.py:3096} INFO - Sync 1 DAGs
[2026-02-05T13:13:49.587+0000] {logging_mixin.py:188} INFO - [2026-02-05T13:13:49.587+0000] {dag.py:3954} INFO - Setting next_dagrun for example_short_circuit_operator to 2026-02-04 00:00:00+00:00, run_after=2026-02-05 00:00:00+00:00
[2026-02-05T13:13:49.597+0000] {processor.py:183} INFO - Processing /home/airflow/.local/lib/python3.12/site-packages/airflow/example_dags/example_short_circuit_operator.py took 0.041 seconds
[2026-02-05T13:14:20.581+0000] {processor.py:161} INFO - Started process (PID=2219) to work on /home/airflow/.local/lib/python3.12/site-packages/airflow/example_dags/example_short_circuit_operator.py
[2026-02-05T13:14:20.581+0000] {processor.py:830} INFO - Processing file /home/airflow/.local/lib/python3.12/site-packages/airflow/example_dags/example_short_circuit_operator.py for tasks to queue
[2026-02-05T13:14:20.585+0000] {logging_mixin.py:188} INFO - [2026-02-05T13:14:20.585+0000] {dagbag.py:540} INFO - Filling up the DagBag from /home/airflow/.local/lib/python3.12/site-packages/airflow/example_dags/example_short_circuit_operator.py
[2026-02-05T13:14:20.591+0000] {processor.py:840} INFO - DAG(s) 'example_short_circuit_operator' retrieved from /home/airflow/.local/lib/python3.12/site-packages/airflow/example_dags/example_short_circuit_operator.py
[2026-02-05T13:14:20.604+0000] {logging_mixin.py:188} INFO - [2026-02-05T13:14:20.604+0000] {dag.py:3096} INFO - Sync 1 DAGs
[2026-02-05T13:14:20.616+0000] {logging_mixin.py:188} INFO - [2026-02-05T13:14:20.616+0000] {dag.py:3954} INFO - Setting next_dagrun for example_short_circuit_operator to 2026-02-04 00:00:00+00:00, run_after=2026-02-05 00:00:00+00:00
[2026-02-05T13:14:20.627+0000] {processor.py:183} INFO - Processing /home/airflow/.local/lib/python3.12/site-packages/airflow/example_dags/example_short_circuit_operator.py took 0.049 seconds
[2026-02-05T13:14:50.701+0000] {processor.py:161} INFO - Started process (PID=2277) to work on /home/airflow/.local/lib/python3.12/site-packages/airflow/example_dags/example_short_circuit_operator.py
[2026-02-05T13:14:50.702+0000] {processor.py:830} INFO - Processing file /home/airflow/.local/lib/python3.12/site-packages/airflow/example_dags/example_short_circuit_operator.py for tasks to queue
[2026-02-05T13:14:50.703+0000] {logging_mixin.py:188} INFO - [2026-02-05T13:14:50.703+0000] {dagbag.py:540} INFO - Filling up the DagBag from /home/airflow/.local/lib/python3.12/site-packages/airflow/example_dags/example_short_circuit_operator.py
[2026-02-05T13:14:50.708+0000] {processor.py:840} INFO - DAG(s) 'example_short_circuit_operator' retrieved from /home/airflow/.local/lib/python3.12/site-packages/airflow/example_dags/example_short_circuit_operator.py
[2026-02-05T13:14:50.721+0000] {logging_mixin.py:188} INFO - [2026-02-05T13:14:50.720+0000] {dag.py:3096} INFO - Sync 1 DAGs
[2026-02-05T13:14:50.734+0000] {logging_mixin.py:188} INFO - [2026-02-05T13:14:50.734+0000] {dag.py:3954} INFO - Setting next_dagrun for example_short_circuit_operator to 2026-02-04 00:00:00+00:00, run_after=2026-02-05 00:00:00+00:00
[2026-02-05T13:14:50.744+0000] {processor.py:183} INFO - Processing /home/airflow/.local/lib/python3.12/site-packages/airflow/example_dags/example_short_circuit_operator.py took 0.046 seconds
[2026-02-05T13:15:21.674+0000] {processor.py:161} INFO - Started process (PID=2334) to work on /home/airflow/.local/lib/python3.12/site-packages/airflow/example_dags/example_short_circuit_operator.py
[2026-02-05T13:15:21.675+0000] {processor.py:830} INFO - Processing file /home/airflow/.local/lib/python3.12/site-packages/airflow/example_dags/example_short_circuit_operator.py for tasks to queue
[2026-02-05T13:15:21.679+0000] {logging_mixin.py:188} INFO - [2026-02-05T13:15:21.679+0000] {dagbag.py:540} INFO - Filling up the DagBag from /home/airflow/.local/lib/python3.12/site-packages/airflow/example_dags/example_short_circuit_operator.py
[2026-02-05T13:15:21.683+0000] {processor.py:840} INFO - DAG(s) 'example_short_circuit_operator' retrieved from /home/airflow/.local/lib/python3.12/site-packages/airflow/example_dags/example_short_circuit_operator.py
[2026-02-05T13:15:21.696+0000] {logging_mixin.py:188} INFO - [2026-02-05T13:15:21.696+0000] {dag.py:3096} INFO - Sync 1 DAGs
[2026-02-05T13:15:21.709+0000] {logging_mixin.py:188} INFO - [2026-02-05T13:15:21.709+0000] {dag.py:3954} INFO - Setting next_dagrun for example_short_circuit_operator to 2026-02-04 00:00:00+00:00, run_after=2026-02-05 00:00:00+00:00
[2026-02-05T13:15:21.720+0000] {processor.py:183} INFO - Processing /home/airflow/.local/lib/python3.12/site-packages/airflow/example_dags/example_short_circuit_operator.py took 0.050 seconds
[2026-02-05T13:15:52.497+0000] {processor.py:161} INFO - Started process (PID=2392) to work on /home/airflow/.local/lib/python3.12/site-packages/airflow/example_dags/example_short_circuit_operator.py
[2026-02-05T13:15:52.501+0000] {processor.py:830} INFO - Processing file /home/airflow/.local/lib/python3.12/site-packages/airflow/example_dags/example_short_circuit_operator.py for tasks to queue
[2026-02-05T13:15:52.503+0000] {logging_mixin.py:188} INFO - [2026-02-05T13:15:52.502+0000] {dagbag.py:540} INFO - Filling up the DagBag from /home/airflow/.local/lib/python3.12/site-packages/airflow/example_dags/example_short_circuit_operator.py
[2026-02-05T13:15:52.506+0000] {processor.py:840} INFO - DAG(s) 'example_short_circuit_operator' retrieved from /home/airflow/.local/lib/python3.12/site-packages/airflow/example_dags/example_short_circuit_operator.py
[2026-02-05T13:15:52.521+0000] {logging_mixin.py:188} INFO - [2026-02-05T13:15:52.521+0000] {dag.py:3096} INFO - Sync 1 DAGs
[2026-02-05T13:15:52.532+0000] {logging_mixin.py:188} INFO - [2026-02-05T13:15:52.531+0000] {dag.py:3954} INFO - Setting next_dagrun for example_short_circuit_operator to 2026-02-04 00:00:00+00:00, run_after=2026-02-05 00:00:00+00:00
[2026-02-05T13:15:52.543+0000] {processor.py:183} INFO - Processing /home/airflow/.local/lib/python3.12/site-packages/airflow/example_dags/example_short_circuit_operator.py took 0.049 seconds
[2026-02-05T13:16:23.507+0000] {processor.py:161} INFO - Started process (PID=2450) to work on /home/airflow/.local/lib/python3.12/site-packages/airflow/example_dags/example_short_circuit_operator.py
[2026-02-05T13:16:23.508+0000] {processor.py:830} INFO - Processing file /home/airflow/.local/lib/python3.12/site-packages/airflow/example_dags/example_short_circuit_operator.py for tasks to queue
[2026-02-05T13:16:23.510+0000] {logging_mixin.py:188} INFO - [2026-02-05T13:16:23.510+0000] {dagbag.py:540} INFO - Filling up the DagBag from /home/airflow/.local/lib/python3.12/site-packages/airflow/example_dags/example_short_circuit_operator.py
[2026-02-05T13:16:23.514+0000] {processor.py:840} INFO - DAG(s) 'example_short_circuit_operator' retrieved from /home/airflow/.local/lib/python3.12/site-packages/airflow/example_dags/example_short_circuit_operator.py
[2026-02-05T13:16:23.528+0000] {logging_mixin.py:188} INFO - [2026-02-05T13:16:23.528+0000] {dag.py:3096} INFO - Sync 1 DAGs
[2026-02-05T13:16:23.538+0000] {logging_mixin.py:188} INFO - [2026-02-05T13:16:23.538+0000] {dag.py:3954} INFO - Setting next_dagrun for example_short_circuit_operator to 2026-02-04 00:00:00+00:00, run_after=2026-02-05 00:00:00+00:00
[2026-02-05T13:16:23.551+0000] {processor.py:183} INFO - Processing /home/airflow/.local/lib/python3.12/site-packages/airflow/example_dags/example_short_circuit_operator.py took 0.047 seconds
[2026-02-05T13:16:53.630+0000] {processor.py:161} INFO - Started process (PID=2508) to work on /home/airflow/.local/lib/python3.12/site-packages/airflow/example_dags/example_short_circuit_operator.py
[2026-02-05T13:16:53.633+0000] {processor.py:830} INFO - Processing file /home/airflow/.local/lib/python3.12/site-packages/airflow/example_dags/example_short_circuit_operator.py for tasks to queue
[2026-02-05T13:16:53.634+0000] {logging_mixin.py:188} INFO - [2026-02-05T13:16:53.634+0000] {dagbag.py:540} INFO - Filling up the DagBag from /home/airflow/.local/lib/python3.12/site-packages/airflow/example_dags/example_short_circuit_operator.py
[2026-02-05T13:16:53.638+0000] {processor.py:840} INFO - DAG(s) 'example_short_circuit_operator' retrieved from /home/airflow/.local/lib/python3.12/site-packages/airflow/example_dags/example_short_circuit_operator.py
[2026-02-05T13:16:53.651+0000] {logging_mixin.py:188} INFO - [2026-02-05T13:16:53.650+0000] {dag.py:3096} INFO - Sync 1 DAGs
[2026-02-05T13:16:53.663+0000] {logging_mixin.py:188} INFO - [2026-02-05T13:16:53.663+0000] {dag.py:3954} INFO - Setting next_dagrun for example_short_circuit_operator to 2026-02-04 00:00:00+00:00, run_after=2026-02-05 00:00:00+00:00
[2026-02-05T13:16:53.678+0000] {processor.py:183} INFO - Processing /home/airflow/.local/lib/python3.12/site-packages/airflow/example_dags/example_short_circuit_operator.py took 0.051 seconds
[2026-02-05T13:17:24.699+0000] {processor.py:161} INFO - Started process (PID=2566) to work on /home/airflow/.local/lib/python3.12/site-packages/airflow/example_dags/example_short_circuit_operator.py
[2026-02-05T13:17:24.701+0000] {processor.py:830} INFO - Processing file /home/airflow/.local/lib/python3.12/site-packages/airflow/example_dags/example_short_circuit_operator.py for tasks to queue
[2026-02-05T13:17:24.702+0000] {logging_mixin.py:188} INFO - [2026-02-05T13:17:24.702+0000] {dagbag.py:540} INFO - Filling up the DagBag from /home/airflow/.local/lib/python3.12/site-packages/airflow/example_dags/example_short_circuit_operator.py
[2026-02-05T13:17:24.706+0000] {processor.py:840} INFO - DAG(s) 'example_short_circuit_operator' retrieved from /home/airflow/.local/lib/python3.12/site-packages/airflow/example_dags/example_short_circuit_operator.py
[2026-02-05T13:17:24.722+0000] {logging_mixin.py:188} INFO - [2026-02-05T13:17:24.722+0000] {dag.py:3096} INFO - Sync 1 DAGs
[2026-02-05T13:17:24.737+0000] {logging_mixin.py:188} INFO - [2026-02-05T13:17:24.737+0000] {dag.py:3954} INFO - Setting next_dagrun for example_short_circuit_operator to 2026-02-04 00:00:00+00:00, run_after=2026-02-05 00:00:00+00:00
[2026-02-05T13:17:24.751+0000] {processor.py:183} INFO - Processing /home/airflow/.local/lib/python3.12/site-packages/airflow/example_dags/example_short_circuit_operator.py took 0.056 seconds
[2026-02-05T13:17:54.865+0000] {processor.py:161} INFO - Started process (PID=2623) to work on /home/airflow/.local/lib/python3.12/site-packages/airflow/example_dags/example_short_circuit_operator.py
[2026-02-05T13:17:54.866+0000] {processor.py:830} INFO - Processing file /home/airflow/.local/lib/python3.12/site-packages/airflow/example_dags/example_short_circuit_operator.py for tasks to queue
[2026-02-05T13:17:54.868+0000] {logging_mixin.py:188} INFO - [2026-02-05T13:17:54.868+0000] {dagbag.py:540} INFO - Filling up the DagBag from /home/airflow/.local/lib/python3.12/site-packages/airflow/example_dags/example_short_circuit_operator.py
[2026-02-05T13:17:54.871+0000] {processor.py:840} INFO - DAG(s) 'example_short_circuit_operator' retrieved from /home/airflow/.local/lib/python3.12/site-packages/airflow/example_dags/example_short_circuit_operator.py
[2026-02-05T13:17:54.889+0000] {logging_mixin.py:188} INFO - [2026-02-05T13:17:54.889+0000] {dag.py:3096} INFO - Sync 1 DAGs
[2026-02-05T13:17:54.976+0000] {logging_mixin.py:188} INFO - [2026-02-05T13:17:54.976+0000] {dag.py:3954} INFO - Setting next_dagrun for example_short_circuit_operator to 2026-02-04 00:00:00+00:00, run_after=2026-02-05 00:00:00+00:00
[2026-02-05T13:17:54.990+0000] {processor.py:183} INFO - Processing /home/airflow/.local/lib/python3.12/site-packages/airflow/example_dags/example_short_circuit_operator.py took 0.129 seconds
