[2026-02-05T12:55:33.885+0000] {processor.py:161} INFO - Started process (PID=73) to work on /home/airflow/.local/lib/python3.12/site-packages/airflow/example_dags/example_task_group.py
[2026-02-05T12:55:33.887+0000] {processor.py:830} INFO - Processing file /home/airflow/.local/lib/python3.12/site-packages/airflow/example_dags/example_task_group.py for tasks to queue
[2026-02-05T12:55:33.890+0000] {logging_mixin.py:188} INFO - [2026-02-05T12:55:33.889+0000] {dagbag.py:540} INFO - Filling up the DagBag from /home/airflow/.local/lib/python3.12/site-packages/airflow/example_dags/example_task_group.py
[2026-02-05T12:55:33.901+0000] {processor.py:840} INFO - DAG(s) 'example_task_group' retrieved from /home/airflow/.local/lib/python3.12/site-packages/airflow/example_dags/example_task_group.py
[2026-02-05T12:55:33.919+0000] {logging_mixin.py:188} INFO - [2026-02-05T12:55:33.919+0000] {dag.py:3096} INFO - Sync 1 DAGs
[2026-02-05T12:55:33.947+0000] {logging_mixin.py:188} INFO - [2026-02-05T12:55:33.947+0000] {dag.py:3954} INFO - Setting next_dagrun for example_task_group to 2026-02-04 00:00:00+00:00, run_after=2026-02-05 00:00:00+00:00
[2026-02-05T12:55:33.962+0000] {processor.py:183} INFO - Processing /home/airflow/.local/lib/python3.12/site-packages/airflow/example_dags/example_task_group.py took 0.086 seconds
[2026-02-05T12:56:04.727+0000] {processor.py:161} INFO - Started process (PID=131) to work on /home/airflow/.local/lib/python3.12/site-packages/airflow/example_dags/example_task_group.py
[2026-02-05T12:56:04.728+0000] {processor.py:830} INFO - Processing file /home/airflow/.local/lib/python3.12/site-packages/airflow/example_dags/example_task_group.py for tasks to queue
[2026-02-05T12:56:04.731+0000] {logging_mixin.py:188} INFO - [2026-02-05T12:56:04.731+0000] {dagbag.py:540} INFO - Filling up the DagBag from /home/airflow/.local/lib/python3.12/site-packages/airflow/example_dags/example_task_group.py
[2026-02-05T12:56:04.739+0000] {processor.py:840} INFO - DAG(s) 'example_task_group' retrieved from /home/airflow/.local/lib/python3.12/site-packages/airflow/example_dags/example_task_group.py
[2026-02-05T12:56:04.795+0000] {logging_mixin.py:188} INFO - [2026-02-05T12:56:04.795+0000] {dag.py:3096} INFO - Sync 1 DAGs
[2026-02-05T12:56:04.805+0000] {logging_mixin.py:188} INFO - [2026-02-05T12:56:04.805+0000] {dag.py:3954} INFO - Setting next_dagrun for example_task_group to 2026-02-04 00:00:00+00:00, run_after=2026-02-05 00:00:00+00:00
[2026-02-05T12:56:04.815+0000] {processor.py:183} INFO - Processing /home/airflow/.local/lib/python3.12/site-packages/airflow/example_dags/example_task_group.py took 0.095 seconds
[2026-02-05T12:56:35.563+0000] {processor.py:161} INFO - Started process (PID=189) to work on /home/airflow/.local/lib/python3.12/site-packages/airflow/example_dags/example_task_group.py
[2026-02-05T12:56:35.565+0000] {processor.py:830} INFO - Processing file /home/airflow/.local/lib/python3.12/site-packages/airflow/example_dags/example_task_group.py for tasks to queue
[2026-02-05T12:56:35.567+0000] {logging_mixin.py:188} INFO - [2026-02-05T12:56:35.567+0000] {dagbag.py:540} INFO - Filling up the DagBag from /home/airflow/.local/lib/python3.12/site-packages/airflow/example_dags/example_task_group.py
[2026-02-05T12:56:35.571+0000] {processor.py:840} INFO - DAG(s) 'example_task_group' retrieved from /home/airflow/.local/lib/python3.12/site-packages/airflow/example_dags/example_task_group.py
[2026-02-05T12:56:35.583+0000] {logging_mixin.py:188} INFO - [2026-02-05T12:56:35.583+0000] {dag.py:3096} INFO - Sync 1 DAGs
[2026-02-05T12:56:35.595+0000] {logging_mixin.py:188} INFO - [2026-02-05T12:56:35.594+0000] {dag.py:3954} INFO - Setting next_dagrun for example_task_group to 2026-02-04 00:00:00+00:00, run_after=2026-02-05 00:00:00+00:00
[2026-02-05T12:56:35.608+0000] {processor.py:183} INFO - Processing /home/airflow/.local/lib/python3.12/site-packages/airflow/example_dags/example_task_group.py took 0.049 seconds
[2026-02-05T12:57:05.688+0000] {processor.py:161} INFO - Started process (PID=247) to work on /home/airflow/.local/lib/python3.12/site-packages/airflow/example_dags/example_task_group.py
[2026-02-05T12:57:05.689+0000] {processor.py:830} INFO - Processing file /home/airflow/.local/lib/python3.12/site-packages/airflow/example_dags/example_task_group.py for tasks to queue
[2026-02-05T12:57:05.690+0000] {logging_mixin.py:188} INFO - [2026-02-05T12:57:05.690+0000] {dagbag.py:540} INFO - Filling up the DagBag from /home/airflow/.local/lib/python3.12/site-packages/airflow/example_dags/example_task_group.py
[2026-02-05T12:57:05.695+0000] {processor.py:840} INFO - DAG(s) 'example_task_group' retrieved from /home/airflow/.local/lib/python3.12/site-packages/airflow/example_dags/example_task_group.py
[2026-02-05T12:57:05.709+0000] {logging_mixin.py:188} INFO - [2026-02-05T12:57:05.709+0000] {dag.py:3096} INFO - Sync 1 DAGs
[2026-02-05T12:57:05.723+0000] {logging_mixin.py:188} INFO - [2026-02-05T12:57:05.723+0000] {dag.py:3954} INFO - Setting next_dagrun for example_task_group to 2026-02-04 00:00:00+00:00, run_after=2026-02-05 00:00:00+00:00
[2026-02-05T12:57:05.732+0000] {processor.py:183} INFO - Processing /home/airflow/.local/lib/python3.12/site-packages/airflow/example_dags/example_task_group.py took 0.051 seconds
[2026-02-05T12:57:36.221+0000] {processor.py:161} INFO - Started process (PID=305) to work on /home/airflow/.local/lib/python3.12/site-packages/airflow/example_dags/example_task_group.py
[2026-02-05T12:57:36.221+0000] {processor.py:830} INFO - Processing file /home/airflow/.local/lib/python3.12/site-packages/airflow/example_dags/example_task_group.py for tasks to queue
[2026-02-05T12:57:36.223+0000] {logging_mixin.py:188} INFO - [2026-02-05T12:57:36.223+0000] {dagbag.py:540} INFO - Filling up the DagBag from /home/airflow/.local/lib/python3.12/site-packages/airflow/example_dags/example_task_group.py
[2026-02-05T12:57:36.227+0000] {processor.py:840} INFO - DAG(s) 'example_task_group' retrieved from /home/airflow/.local/lib/python3.12/site-packages/airflow/example_dags/example_task_group.py
[2026-02-05T12:57:36.241+0000] {logging_mixin.py:188} INFO - [2026-02-05T12:57:36.240+0000] {dag.py:3096} INFO - Sync 1 DAGs
[2026-02-05T12:57:36.256+0000] {logging_mixin.py:188} INFO - [2026-02-05T12:57:36.256+0000] {dag.py:3954} INFO - Setting next_dagrun for example_task_group to 2026-02-04 00:00:00+00:00, run_after=2026-02-05 00:00:00+00:00
[2026-02-05T12:57:36.266+0000] {processor.py:183} INFO - Processing /home/airflow/.local/lib/python3.12/site-packages/airflow/example_dags/example_task_group.py took 0.049 seconds
[2026-02-05T12:58:06.588+0000] {processor.py:161} INFO - Started process (PID=363) to work on /home/airflow/.local/lib/python3.12/site-packages/airflow/example_dags/example_task_group.py
[2026-02-05T12:58:06.593+0000] {processor.py:830} INFO - Processing file /home/airflow/.local/lib/python3.12/site-packages/airflow/example_dags/example_task_group.py for tasks to queue
[2026-02-05T12:58:06.595+0000] {logging_mixin.py:188} INFO - [2026-02-05T12:58:06.595+0000] {dagbag.py:540} INFO - Filling up the DagBag from /home/airflow/.local/lib/python3.12/site-packages/airflow/example_dags/example_task_group.py
[2026-02-05T12:58:06.599+0000] {processor.py:840} INFO - DAG(s) 'example_task_group' retrieved from /home/airflow/.local/lib/python3.12/site-packages/airflow/example_dags/example_task_group.py
[2026-02-05T12:58:06.614+0000] {logging_mixin.py:188} INFO - [2026-02-05T12:58:06.613+0000] {dag.py:3096} INFO - Sync 1 DAGs
[2026-02-05T12:58:06.629+0000] {logging_mixin.py:188} INFO - [2026-02-05T12:58:06.629+0000] {dag.py:3954} INFO - Setting next_dagrun for example_task_group to 2026-02-04 00:00:00+00:00, run_after=2026-02-05 00:00:00+00:00
[2026-02-05T12:58:06.642+0000] {processor.py:183} INFO - Processing /home/airflow/.local/lib/python3.12/site-packages/airflow/example_dags/example_task_group.py took 0.060 seconds
[2026-02-05T12:58:36.679+0000] {processor.py:161} INFO - Started process (PID=421) to work on /home/airflow/.local/lib/python3.12/site-packages/airflow/example_dags/example_task_group.py
[2026-02-05T12:58:36.680+0000] {processor.py:830} INFO - Processing file /home/airflow/.local/lib/python3.12/site-packages/airflow/example_dags/example_task_group.py for tasks to queue
[2026-02-05T12:58:36.681+0000] {logging_mixin.py:188} INFO - [2026-02-05T12:58:36.681+0000] {dagbag.py:540} INFO - Filling up the DagBag from /home/airflow/.local/lib/python3.12/site-packages/airflow/example_dags/example_task_group.py
[2026-02-05T12:58:36.685+0000] {processor.py:840} INFO - DAG(s) 'example_task_group' retrieved from /home/airflow/.local/lib/python3.12/site-packages/airflow/example_dags/example_task_group.py
[2026-02-05T12:58:36.697+0000] {logging_mixin.py:188} INFO - [2026-02-05T12:58:36.697+0000] {dag.py:3096} INFO - Sync 1 DAGs
[2026-02-05T12:58:36.707+0000] {logging_mixin.py:188} INFO - [2026-02-05T12:58:36.707+0000] {dag.py:3954} INFO - Setting next_dagrun for example_task_group to 2026-02-04 00:00:00+00:00, run_after=2026-02-05 00:00:00+00:00
[2026-02-05T12:58:36.716+0000] {processor.py:183} INFO - Processing /home/airflow/.local/lib/python3.12/site-packages/airflow/example_dags/example_task_group.py took 0.039 seconds
[2026-02-05T12:59:06.784+0000] {processor.py:161} INFO - Started process (PID=488) to work on /home/airflow/.local/lib/python3.12/site-packages/airflow/example_dags/example_task_group.py
[2026-02-05T12:59:06.785+0000] {processor.py:830} INFO - Processing file /home/airflow/.local/lib/python3.12/site-packages/airflow/example_dags/example_task_group.py for tasks to queue
[2026-02-05T12:59:06.787+0000] {logging_mixin.py:188} INFO - [2026-02-05T12:59:06.786+0000] {dagbag.py:540} INFO - Filling up the DagBag from /home/airflow/.local/lib/python3.12/site-packages/airflow/example_dags/example_task_group.py
[2026-02-05T12:59:06.791+0000] {processor.py:840} INFO - DAG(s) 'example_task_group' retrieved from /home/airflow/.local/lib/python3.12/site-packages/airflow/example_dags/example_task_group.py
[2026-02-05T12:59:06.803+0000] {logging_mixin.py:188} INFO - [2026-02-05T12:59:06.803+0000] {dag.py:3096} INFO - Sync 1 DAGs
[2026-02-05T12:59:06.816+0000] {logging_mixin.py:188} INFO - [2026-02-05T12:59:06.816+0000] {dag.py:3954} INFO - Setting next_dagrun for example_task_group to 2026-02-04 00:00:00+00:00, run_after=2026-02-05 00:00:00+00:00
[2026-02-05T12:59:06.827+0000] {processor.py:183} INFO - Processing /home/airflow/.local/lib/python3.12/site-packages/airflow/example_dags/example_task_group.py took 0.047 seconds
[2026-02-05T12:59:37.028+0000] {processor.py:161} INFO - Started process (PID=547) to work on /home/airflow/.local/lib/python3.12/site-packages/airflow/example_dags/example_task_group.py
[2026-02-05T12:59:37.029+0000] {processor.py:830} INFO - Processing file /home/airflow/.local/lib/python3.12/site-packages/airflow/example_dags/example_task_group.py for tasks to queue
[2026-02-05T12:59:37.030+0000] {logging_mixin.py:188} INFO - [2026-02-05T12:59:37.030+0000] {dagbag.py:540} INFO - Filling up the DagBag from /home/airflow/.local/lib/python3.12/site-packages/airflow/example_dags/example_task_group.py
[2026-02-05T12:59:37.034+0000] {processor.py:840} INFO - DAG(s) 'example_task_group' retrieved from /home/airflow/.local/lib/python3.12/site-packages/airflow/example_dags/example_task_group.py
[2026-02-05T12:59:37.046+0000] {logging_mixin.py:188} INFO - [2026-02-05T12:59:37.046+0000] {dag.py:3096} INFO - Sync 1 DAGs
[2026-02-05T12:59:37.057+0000] {logging_mixin.py:188} INFO - [2026-02-05T12:59:37.057+0000] {dag.py:3954} INFO - Setting next_dagrun for example_task_group to 2026-02-04 00:00:00+00:00, run_after=2026-02-05 00:00:00+00:00
[2026-02-05T12:59:37.069+0000] {processor.py:183} INFO - Processing /home/airflow/.local/lib/python3.12/site-packages/airflow/example_dags/example_task_group.py took 0.045 seconds
[2026-02-05T13:00:07.282+0000] {processor.py:161} INFO - Started process (PID=605) to work on /home/airflow/.local/lib/python3.12/site-packages/airflow/example_dags/example_task_group.py
[2026-02-05T13:00:07.283+0000] {processor.py:830} INFO - Processing file /home/airflow/.local/lib/python3.12/site-packages/airflow/example_dags/example_task_group.py for tasks to queue
[2026-02-05T13:00:07.285+0000] {logging_mixin.py:188} INFO - [2026-02-05T13:00:07.285+0000] {dagbag.py:540} INFO - Filling up the DagBag from /home/airflow/.local/lib/python3.12/site-packages/airflow/example_dags/example_task_group.py
[2026-02-05T13:00:07.288+0000] {processor.py:840} INFO - DAG(s) 'example_task_group' retrieved from /home/airflow/.local/lib/python3.12/site-packages/airflow/example_dags/example_task_group.py
[2026-02-05T13:00:07.300+0000] {logging_mixin.py:188} INFO - [2026-02-05T13:00:07.300+0000] {dag.py:3096} INFO - Sync 1 DAGs
[2026-02-05T13:00:07.313+0000] {logging_mixin.py:188} INFO - [2026-02-05T13:00:07.313+0000] {dag.py:3954} INFO - Setting next_dagrun for example_task_group to 2026-02-04 00:00:00+00:00, run_after=2026-02-05 00:00:00+00:00
[2026-02-05T13:00:07.323+0000] {processor.py:183} INFO - Processing /home/airflow/.local/lib/python3.12/site-packages/airflow/example_dags/example_task_group.py took 0.045 seconds
[2026-02-05T13:00:37.502+0000] {processor.py:161} INFO - Started process (PID=663) to work on /home/airflow/.local/lib/python3.12/site-packages/airflow/example_dags/example_task_group.py
[2026-02-05T13:00:37.503+0000] {processor.py:830} INFO - Processing file /home/airflow/.local/lib/python3.12/site-packages/airflow/example_dags/example_task_group.py for tasks to queue
[2026-02-05T13:00:37.506+0000] {logging_mixin.py:188} INFO - [2026-02-05T13:00:37.506+0000] {dagbag.py:540} INFO - Filling up the DagBag from /home/airflow/.local/lib/python3.12/site-packages/airflow/example_dags/example_task_group.py
[2026-02-05T13:00:37.511+0000] {processor.py:840} INFO - DAG(s) 'example_task_group' retrieved from /home/airflow/.local/lib/python3.12/site-packages/airflow/example_dags/example_task_group.py
[2026-02-05T13:00:37.524+0000] {logging_mixin.py:188} INFO - [2026-02-05T13:00:37.524+0000] {dag.py:3096} INFO - Sync 1 DAGs
[2026-02-05T13:00:37.538+0000] {logging_mixin.py:188} INFO - [2026-02-05T13:00:37.537+0000] {dag.py:3954} INFO - Setting next_dagrun for example_task_group to 2026-02-04 00:00:00+00:00, run_after=2026-02-05 00:00:00+00:00
[2026-02-05T13:00:37.549+0000] {processor.py:183} INFO - Processing /home/airflow/.local/lib/python3.12/site-packages/airflow/example_dags/example_task_group.py took 0.050 seconds
[2026-02-05T13:01:08.512+0000] {processor.py:161} INFO - Started process (PID=721) to work on /home/airflow/.local/lib/python3.12/site-packages/airflow/example_dags/example_task_group.py
[2026-02-05T13:01:08.513+0000] {processor.py:830} INFO - Processing file /home/airflow/.local/lib/python3.12/site-packages/airflow/example_dags/example_task_group.py for tasks to queue
[2026-02-05T13:01:08.514+0000] {logging_mixin.py:188} INFO - [2026-02-05T13:01:08.513+0000] {dagbag.py:540} INFO - Filling up the DagBag from /home/airflow/.local/lib/python3.12/site-packages/airflow/example_dags/example_task_group.py
[2026-02-05T13:01:08.518+0000] {processor.py:840} INFO - DAG(s) 'example_task_group' retrieved from /home/airflow/.local/lib/python3.12/site-packages/airflow/example_dags/example_task_group.py
[2026-02-05T13:01:08.531+0000] {logging_mixin.py:188} INFO - [2026-02-05T13:01:08.531+0000] {dag.py:3096} INFO - Sync 1 DAGs
[2026-02-05T13:01:08.542+0000] {logging_mixin.py:188} INFO - [2026-02-05T13:01:08.542+0000] {dag.py:3954} INFO - Setting next_dagrun for example_task_group to 2026-02-04 00:00:00+00:00, run_after=2026-02-05 00:00:00+00:00
[2026-02-05T13:01:08.551+0000] {processor.py:183} INFO - Processing /home/airflow/.local/lib/python3.12/site-packages/airflow/example_dags/example_task_group.py took 0.043 seconds
[2026-02-05T13:01:38.744+0000] {processor.py:161} INFO - Started process (PID=779) to work on /home/airflow/.local/lib/python3.12/site-packages/airflow/example_dags/example_task_group.py
[2026-02-05T13:01:38.746+0000] {processor.py:830} INFO - Processing file /home/airflow/.local/lib/python3.12/site-packages/airflow/example_dags/example_task_group.py for tasks to queue
[2026-02-05T13:01:38.748+0000] {logging_mixin.py:188} INFO - [2026-02-05T13:01:38.748+0000] {dagbag.py:540} INFO - Filling up the DagBag from /home/airflow/.local/lib/python3.12/site-packages/airflow/example_dags/example_task_group.py
[2026-02-05T13:01:38.753+0000] {processor.py:840} INFO - DAG(s) 'example_task_group' retrieved from /home/airflow/.local/lib/python3.12/site-packages/airflow/example_dags/example_task_group.py
[2026-02-05T13:01:38.772+0000] {logging_mixin.py:188} INFO - [2026-02-05T13:01:38.772+0000] {dag.py:3096} INFO - Sync 1 DAGs
[2026-02-05T13:01:38.786+0000] {logging_mixin.py:188} INFO - [2026-02-05T13:01:38.786+0000] {dag.py:3954} INFO - Setting next_dagrun for example_task_group to 2026-02-04 00:00:00+00:00, run_after=2026-02-05 00:00:00+00:00
[2026-02-05T13:01:38.798+0000] {processor.py:183} INFO - Processing /home/airflow/.local/lib/python3.12/site-packages/airflow/example_dags/example_task_group.py took 0.060 seconds
[2026-02-05T13:02:09.136+0000] {processor.py:161} INFO - Started process (PID=836) to work on /home/airflow/.local/lib/python3.12/site-packages/airflow/example_dags/example_task_group.py
[2026-02-05T13:02:09.136+0000] {processor.py:830} INFO - Processing file /home/airflow/.local/lib/python3.12/site-packages/airflow/example_dags/example_task_group.py for tasks to queue
[2026-02-05T13:02:09.137+0000] {logging_mixin.py:188} INFO - [2026-02-05T13:02:09.137+0000] {dagbag.py:540} INFO - Filling up the DagBag from /home/airflow/.local/lib/python3.12/site-packages/airflow/example_dags/example_task_group.py
[2026-02-05T13:02:09.142+0000] {processor.py:840} INFO - DAG(s) 'example_task_group' retrieved from /home/airflow/.local/lib/python3.12/site-packages/airflow/example_dags/example_task_group.py
[2026-02-05T13:02:09.154+0000] {logging_mixin.py:188} INFO - [2026-02-05T13:02:09.154+0000] {dag.py:3096} INFO - Sync 1 DAGs
[2026-02-05T13:02:09.165+0000] {logging_mixin.py:188} INFO - [2026-02-05T13:02:09.165+0000] {dag.py:3954} INFO - Setting next_dagrun for example_task_group to 2026-02-04 00:00:00+00:00, run_after=2026-02-05 00:00:00+00:00
[2026-02-05T13:02:09.178+0000] {processor.py:183} INFO - Processing /home/airflow/.local/lib/python3.12/site-packages/airflow/example_dags/example_task_group.py took 0.045 seconds
[2026-02-05T13:02:39.228+0000] {processor.py:161} INFO - Started process (PID=894) to work on /home/airflow/.local/lib/python3.12/site-packages/airflow/example_dags/example_task_group.py
[2026-02-05T13:02:39.229+0000] {processor.py:830} INFO - Processing file /home/airflow/.local/lib/python3.12/site-packages/airflow/example_dags/example_task_group.py for tasks to queue
[2026-02-05T13:02:39.230+0000] {logging_mixin.py:188} INFO - [2026-02-05T13:02:39.230+0000] {dagbag.py:540} INFO - Filling up the DagBag from /home/airflow/.local/lib/python3.12/site-packages/airflow/example_dags/example_task_group.py
[2026-02-05T13:02:39.234+0000] {processor.py:840} INFO - DAG(s) 'example_task_group' retrieved from /home/airflow/.local/lib/python3.12/site-packages/airflow/example_dags/example_task_group.py
[2026-02-05T13:02:39.249+0000] {logging_mixin.py:188} INFO - [2026-02-05T13:02:39.249+0000] {dag.py:3096} INFO - Sync 1 DAGs
[2026-02-05T13:02:39.261+0000] {logging_mixin.py:188} INFO - [2026-02-05T13:02:39.261+0000] {dag.py:3954} INFO - Setting next_dagrun for example_task_group to 2026-02-04 00:00:00+00:00, run_after=2026-02-05 00:00:00+00:00
[2026-02-05T13:02:39.273+0000] {processor.py:183} INFO - Processing /home/airflow/.local/lib/python3.12/site-packages/airflow/example_dags/example_task_group.py took 0.048 seconds
[2026-02-05T13:03:09.703+0000] {processor.py:161} INFO - Started process (PID=952) to work on /home/airflow/.local/lib/python3.12/site-packages/airflow/example_dags/example_task_group.py
[2026-02-05T13:03:09.704+0000] {processor.py:830} INFO - Processing file /home/airflow/.local/lib/python3.12/site-packages/airflow/example_dags/example_task_group.py for tasks to queue
[2026-02-05T13:03:09.705+0000] {logging_mixin.py:188} INFO - [2026-02-05T13:03:09.705+0000] {dagbag.py:540} INFO - Filling up the DagBag from /home/airflow/.local/lib/python3.12/site-packages/airflow/example_dags/example_task_group.py
[2026-02-05T13:03:09.709+0000] {processor.py:840} INFO - DAG(s) 'example_task_group' retrieved from /home/airflow/.local/lib/python3.12/site-packages/airflow/example_dags/example_task_group.py
[2026-02-05T13:03:09.723+0000] {logging_mixin.py:188} INFO - [2026-02-05T13:03:09.723+0000] {dag.py:3096} INFO - Sync 1 DAGs
[2026-02-05T13:03:09.735+0000] {logging_mixin.py:188} INFO - [2026-02-05T13:03:09.735+0000] {dag.py:3954} INFO - Setting next_dagrun for example_task_group to 2026-02-04 00:00:00+00:00, run_after=2026-02-05 00:00:00+00:00
[2026-02-05T13:03:09.842+0000] {processor.py:183} INFO - Processing /home/airflow/.local/lib/python3.12/site-packages/airflow/example_dags/example_task_group.py took 0.142 seconds
[2026-02-05T13:03:40.473+0000] {processor.py:161} INFO - Started process (PID=1010) to work on /home/airflow/.local/lib/python3.12/site-packages/airflow/example_dags/example_task_group.py
[2026-02-05T13:03:40.474+0000] {processor.py:830} INFO - Processing file /home/airflow/.local/lib/python3.12/site-packages/airflow/example_dags/example_task_group.py for tasks to queue
[2026-02-05T13:03:40.475+0000] {logging_mixin.py:188} INFO - [2026-02-05T13:03:40.475+0000] {dagbag.py:540} INFO - Filling up the DagBag from /home/airflow/.local/lib/python3.12/site-packages/airflow/example_dags/example_task_group.py
[2026-02-05T13:03:40.479+0000] {processor.py:840} INFO - DAG(s) 'example_task_group' retrieved from /home/airflow/.local/lib/python3.12/site-packages/airflow/example_dags/example_task_group.py
[2026-02-05T13:03:40.490+0000] {logging_mixin.py:188} INFO - [2026-02-05T13:03:40.490+0000] {dag.py:3096} INFO - Sync 1 DAGs
[2026-02-05T13:03:40.502+0000] {logging_mixin.py:188} INFO - [2026-02-05T13:03:40.502+0000] {dag.py:3954} INFO - Setting next_dagrun for example_task_group to 2026-02-04 00:00:00+00:00, run_after=2026-02-05 00:00:00+00:00
[2026-02-05T13:03:40.514+0000] {processor.py:183} INFO - Processing /home/airflow/.local/lib/python3.12/site-packages/airflow/example_dags/example_task_group.py took 0.044 seconds
[2026-02-05T13:04:10.556+0000] {processor.py:161} INFO - Started process (PID=1068) to work on /home/airflow/.local/lib/python3.12/site-packages/airflow/example_dags/example_task_group.py
[2026-02-05T13:04:10.556+0000] {processor.py:830} INFO - Processing file /home/airflow/.local/lib/python3.12/site-packages/airflow/example_dags/example_task_group.py for tasks to queue
[2026-02-05T13:04:10.558+0000] {logging_mixin.py:188} INFO - [2026-02-05T13:04:10.557+0000] {dagbag.py:540} INFO - Filling up the DagBag from /home/airflow/.local/lib/python3.12/site-packages/airflow/example_dags/example_task_group.py
[2026-02-05T13:04:10.562+0000] {processor.py:840} INFO - DAG(s) 'example_task_group' retrieved from /home/airflow/.local/lib/python3.12/site-packages/airflow/example_dags/example_task_group.py
[2026-02-05T13:04:10.574+0000] {logging_mixin.py:188} INFO - [2026-02-05T13:04:10.574+0000] {dag.py:3096} INFO - Sync 1 DAGs
[2026-02-05T13:04:10.586+0000] {logging_mixin.py:188} INFO - [2026-02-05T13:04:10.585+0000] {dag.py:3954} INFO - Setting next_dagrun for example_task_group to 2026-02-04 00:00:00+00:00, run_after=2026-02-05 00:00:00+00:00
[2026-02-05T13:04:10.596+0000] {processor.py:183} INFO - Processing /home/airflow/.local/lib/python3.12/site-packages/airflow/example_dags/example_task_group.py took 0.043 seconds
[2026-02-05T13:04:40.919+0000] {processor.py:161} INFO - Started process (PID=1126) to work on /home/airflow/.local/lib/python3.12/site-packages/airflow/example_dags/example_task_group.py
[2026-02-05T13:04:40.920+0000] {processor.py:830} INFO - Processing file /home/airflow/.local/lib/python3.12/site-packages/airflow/example_dags/example_task_group.py for tasks to queue
[2026-02-05T13:04:40.924+0000] {logging_mixin.py:188} INFO - [2026-02-05T13:04:40.924+0000] {dagbag.py:540} INFO - Filling up the DagBag from /home/airflow/.local/lib/python3.12/site-packages/airflow/example_dags/example_task_group.py
[2026-02-05T13:04:40.929+0000] {processor.py:840} INFO - DAG(s) 'example_task_group' retrieved from /home/airflow/.local/lib/python3.12/site-packages/airflow/example_dags/example_task_group.py
[2026-02-05T13:04:40.943+0000] {logging_mixin.py:188} INFO - [2026-02-05T13:04:40.942+0000] {dag.py:3096} INFO - Sync 1 DAGs
[2026-02-05T13:04:40.954+0000] {logging_mixin.py:188} INFO - [2026-02-05T13:04:40.954+0000] {dag.py:3954} INFO - Setting next_dagrun for example_task_group to 2026-02-04 00:00:00+00:00, run_after=2026-02-05 00:00:00+00:00
[2026-02-05T13:04:40.966+0000] {processor.py:183} INFO - Processing /home/airflow/.local/lib/python3.12/site-packages/airflow/example_dags/example_task_group.py took 0.051 seconds
[2026-02-05T13:05:11.777+0000] {processor.py:161} INFO - Started process (PID=1184) to work on /home/airflow/.local/lib/python3.12/site-packages/airflow/example_dags/example_task_group.py
[2026-02-05T13:05:11.778+0000] {processor.py:830} INFO - Processing file /home/airflow/.local/lib/python3.12/site-packages/airflow/example_dags/example_task_group.py for tasks to queue
[2026-02-05T13:05:11.779+0000] {logging_mixin.py:188} INFO - [2026-02-05T13:05:11.779+0000] {dagbag.py:540} INFO - Filling up the DagBag from /home/airflow/.local/lib/python3.12/site-packages/airflow/example_dags/example_task_group.py
[2026-02-05T13:05:11.783+0000] {processor.py:840} INFO - DAG(s) 'example_task_group' retrieved from /home/airflow/.local/lib/python3.12/site-packages/airflow/example_dags/example_task_group.py
[2026-02-05T13:05:11.795+0000] {logging_mixin.py:188} INFO - [2026-02-05T13:05:11.794+0000] {dag.py:3096} INFO - Sync 1 DAGs
[2026-02-05T13:05:11.805+0000] {logging_mixin.py:188} INFO - [2026-02-05T13:05:11.805+0000] {dag.py:3954} INFO - Setting next_dagrun for example_task_group to 2026-02-04 00:00:00+00:00, run_after=2026-02-05 00:00:00+00:00
[2026-02-05T13:05:11.814+0000] {processor.py:183} INFO - Processing /home/airflow/.local/lib/python3.12/site-packages/airflow/example_dags/example_task_group.py took 0.040 seconds
[2026-02-05T13:05:42.613+0000] {processor.py:161} INFO - Started process (PID=1242) to work on /home/airflow/.local/lib/python3.12/site-packages/airflow/example_dags/example_task_group.py
[2026-02-05T13:05:42.615+0000] {processor.py:830} INFO - Processing file /home/airflow/.local/lib/python3.12/site-packages/airflow/example_dags/example_task_group.py for tasks to queue
[2026-02-05T13:05:42.618+0000] {logging_mixin.py:188} INFO - [2026-02-05T13:05:42.618+0000] {dagbag.py:540} INFO - Filling up the DagBag from /home/airflow/.local/lib/python3.12/site-packages/airflow/example_dags/example_task_group.py
[2026-02-05T13:05:42.623+0000] {processor.py:840} INFO - DAG(s) 'example_task_group' retrieved from /home/airflow/.local/lib/python3.12/site-packages/airflow/example_dags/example_task_group.py
[2026-02-05T13:05:42.637+0000] {logging_mixin.py:188} INFO - [2026-02-05T13:05:42.637+0000] {dag.py:3096} INFO - Sync 1 DAGs
[2026-02-05T13:05:42.761+0000] {logging_mixin.py:188} INFO - [2026-02-05T13:05:42.761+0000] {dag.py:3954} INFO - Setting next_dagrun for example_task_group to 2026-02-04 00:00:00+00:00, run_after=2026-02-05 00:00:00+00:00
[2026-02-05T13:05:42.773+0000] {processor.py:183} INFO - Processing /home/airflow/.local/lib/python3.12/site-packages/airflow/example_dags/example_task_group.py took 0.163 seconds
[2026-02-05T13:06:13.697+0000] {processor.py:161} INFO - Started process (PID=1299) to work on /home/airflow/.local/lib/python3.12/site-packages/airflow/example_dags/example_task_group.py
[2026-02-05T13:06:13.698+0000] {processor.py:830} INFO - Processing file /home/airflow/.local/lib/python3.12/site-packages/airflow/example_dags/example_task_group.py for tasks to queue
[2026-02-05T13:06:13.699+0000] {logging_mixin.py:188} INFO - [2026-02-05T13:06:13.699+0000] {dagbag.py:540} INFO - Filling up the DagBag from /home/airflow/.local/lib/python3.12/site-packages/airflow/example_dags/example_task_group.py
[2026-02-05T13:06:13.702+0000] {processor.py:840} INFO - DAG(s) 'example_task_group' retrieved from /home/airflow/.local/lib/python3.12/site-packages/airflow/example_dags/example_task_group.py
[2026-02-05T13:06:13.715+0000] {logging_mixin.py:188} INFO - [2026-02-05T13:06:13.715+0000] {dag.py:3096} INFO - Sync 1 DAGs
[2026-02-05T13:06:13.726+0000] {logging_mixin.py:188} INFO - [2026-02-05T13:06:13.726+0000] {dag.py:3954} INFO - Setting next_dagrun for example_task_group to 2026-02-04 00:00:00+00:00, run_after=2026-02-05 00:00:00+00:00
[2026-02-05T13:06:13.734+0000] {processor.py:183} INFO - Processing /home/airflow/.local/lib/python3.12/site-packages/airflow/example_dags/example_task_group.py took 0.041 seconds
[2026-02-05T13:06:43.871+0000] {processor.py:161} INFO - Started process (PID=1357) to work on /home/airflow/.local/lib/python3.12/site-packages/airflow/example_dags/example_task_group.py
[2026-02-05T13:06:43.872+0000] {processor.py:830} INFO - Processing file /home/airflow/.local/lib/python3.12/site-packages/airflow/example_dags/example_task_group.py for tasks to queue
[2026-02-05T13:06:43.874+0000] {logging_mixin.py:188} INFO - [2026-02-05T13:06:43.873+0000] {dagbag.py:540} INFO - Filling up the DagBag from /home/airflow/.local/lib/python3.12/site-packages/airflow/example_dags/example_task_group.py
[2026-02-05T13:06:43.881+0000] {processor.py:840} INFO - DAG(s) 'example_task_group' retrieved from /home/airflow/.local/lib/python3.12/site-packages/airflow/example_dags/example_task_group.py
[2026-02-05T13:06:43.893+0000] {logging_mixin.py:188} INFO - [2026-02-05T13:06:43.892+0000] {dag.py:3096} INFO - Sync 1 DAGs
[2026-02-05T13:06:43.906+0000] {logging_mixin.py:188} INFO - [2026-02-05T13:06:43.906+0000] {dag.py:3954} INFO - Setting next_dagrun for example_task_group to 2026-02-04 00:00:00+00:00, run_after=2026-02-05 00:00:00+00:00
[2026-02-05T13:06:43.917+0000] {processor.py:183} INFO - Processing /home/airflow/.local/lib/python3.12/site-packages/airflow/example_dags/example_task_group.py took 0.049 seconds
[2026-02-05T13:07:14.034+0000] {processor.py:161} INFO - Started process (PID=1415) to work on /home/airflow/.local/lib/python3.12/site-packages/airflow/example_dags/example_task_group.py
[2026-02-05T13:07:14.034+0000] {processor.py:830} INFO - Processing file /home/airflow/.local/lib/python3.12/site-packages/airflow/example_dags/example_task_group.py for tasks to queue
[2026-02-05T13:07:14.036+0000] {logging_mixin.py:188} INFO - [2026-02-05T13:07:14.035+0000] {dagbag.py:540} INFO - Filling up the DagBag from /home/airflow/.local/lib/python3.12/site-packages/airflow/example_dags/example_task_group.py
[2026-02-05T13:07:14.040+0000] {processor.py:840} INFO - DAG(s) 'example_task_group' retrieved from /home/airflow/.local/lib/python3.12/site-packages/airflow/example_dags/example_task_group.py
[2026-02-05T13:07:14.051+0000] {logging_mixin.py:188} INFO - [2026-02-05T13:07:14.051+0000] {dag.py:3096} INFO - Sync 1 DAGs
[2026-02-05T13:07:14.063+0000] {logging_mixin.py:188} INFO - [2026-02-05T13:07:14.063+0000] {dag.py:3954} INFO - Setting next_dagrun for example_task_group to 2026-02-04 00:00:00+00:00, run_after=2026-02-05 00:00:00+00:00
[2026-02-05T13:07:14.073+0000] {processor.py:183} INFO - Processing /home/airflow/.local/lib/python3.12/site-packages/airflow/example_dags/example_task_group.py took 0.043 seconds
[2026-02-05T13:07:44.198+0000] {processor.py:161} INFO - Started process (PID=1473) to work on /home/airflow/.local/lib/python3.12/site-packages/airflow/example_dags/example_task_group.py
[2026-02-05T13:07:44.199+0000] {processor.py:830} INFO - Processing file /home/airflow/.local/lib/python3.12/site-packages/airflow/example_dags/example_task_group.py for tasks to queue
[2026-02-05T13:07:44.201+0000] {logging_mixin.py:188} INFO - [2026-02-05T13:07:44.200+0000] {dagbag.py:540} INFO - Filling up the DagBag from /home/airflow/.local/lib/python3.12/site-packages/airflow/example_dags/example_task_group.py
[2026-02-05T13:07:44.207+0000] {processor.py:840} INFO - DAG(s) 'example_task_group' retrieved from /home/airflow/.local/lib/python3.12/site-packages/airflow/example_dags/example_task_group.py
[2026-02-05T13:07:44.225+0000] {logging_mixin.py:188} INFO - [2026-02-05T13:07:44.225+0000] {dag.py:3096} INFO - Sync 1 DAGs
[2026-02-05T13:07:44.241+0000] {logging_mixin.py:188} INFO - [2026-02-05T13:07:44.240+0000] {dag.py:3954} INFO - Setting next_dagrun for example_task_group to 2026-02-04 00:00:00+00:00, run_after=2026-02-05 00:00:00+00:00
[2026-02-05T13:07:44.253+0000] {processor.py:183} INFO - Processing /home/airflow/.local/lib/python3.12/site-packages/airflow/example_dags/example_task_group.py took 0.062 seconds
[2026-02-05T13:08:14.516+0000] {processor.py:161} INFO - Started process (PID=1531) to work on /home/airflow/.local/lib/python3.12/site-packages/airflow/example_dags/example_task_group.py
[2026-02-05T13:08:14.516+0000] {processor.py:830} INFO - Processing file /home/airflow/.local/lib/python3.12/site-packages/airflow/example_dags/example_task_group.py for tasks to queue
[2026-02-05T13:08:14.518+0000] {logging_mixin.py:188} INFO - [2026-02-05T13:08:14.517+0000] {dagbag.py:540} INFO - Filling up the DagBag from /home/airflow/.local/lib/python3.12/site-packages/airflow/example_dags/example_task_group.py
[2026-02-05T13:08:14.522+0000] {processor.py:840} INFO - DAG(s) 'example_task_group' retrieved from /home/airflow/.local/lib/python3.12/site-packages/airflow/example_dags/example_task_group.py
[2026-02-05T13:08:14.538+0000] {logging_mixin.py:188} INFO - [2026-02-05T13:08:14.538+0000] {dag.py:3096} INFO - Sync 1 DAGs
[2026-02-05T13:08:14.550+0000] {logging_mixin.py:188} INFO - [2026-02-05T13:08:14.550+0000] {dag.py:3954} INFO - Setting next_dagrun for example_task_group to 2026-02-04 00:00:00+00:00, run_after=2026-02-05 00:00:00+00:00
[2026-02-05T13:08:14.562+0000] {processor.py:183} INFO - Processing /home/airflow/.local/lib/python3.12/site-packages/airflow/example_dags/example_task_group.py took 0.053 seconds
[2026-02-05T13:08:44.636+0000] {processor.py:161} INFO - Started process (PID=1588) to work on /home/airflow/.local/lib/python3.12/site-packages/airflow/example_dags/example_task_group.py
[2026-02-05T13:08:44.636+0000] {processor.py:830} INFO - Processing file /home/airflow/.local/lib/python3.12/site-packages/airflow/example_dags/example_task_group.py for tasks to queue
[2026-02-05T13:08:44.638+0000] {logging_mixin.py:188} INFO - [2026-02-05T13:08:44.637+0000] {dagbag.py:540} INFO - Filling up the DagBag from /home/airflow/.local/lib/python3.12/site-packages/airflow/example_dags/example_task_group.py
[2026-02-05T13:08:44.642+0000] {processor.py:840} INFO - DAG(s) 'example_task_group' retrieved from /home/airflow/.local/lib/python3.12/site-packages/airflow/example_dags/example_task_group.py
[2026-02-05T13:08:44.653+0000] {logging_mixin.py:188} INFO - [2026-02-05T13:08:44.653+0000] {dag.py:3096} INFO - Sync 1 DAGs
[2026-02-05T13:08:44.665+0000] {logging_mixin.py:188} INFO - [2026-02-05T13:08:44.664+0000] {dag.py:3954} INFO - Setting next_dagrun for example_task_group to 2026-02-04 00:00:00+00:00, run_after=2026-02-05 00:00:00+00:00
[2026-02-05T13:08:44.674+0000] {processor.py:183} INFO - Processing /home/airflow/.local/lib/python3.12/site-packages/airflow/example_dags/example_task_group.py took 0.042 seconds
[2026-02-05T13:09:14.737+0000] {processor.py:161} INFO - Started process (PID=1646) to work on /home/airflow/.local/lib/python3.12/site-packages/airflow/example_dags/example_task_group.py
[2026-02-05T13:09:14.737+0000] {processor.py:830} INFO - Processing file /home/airflow/.local/lib/python3.12/site-packages/airflow/example_dags/example_task_group.py for tasks to queue
[2026-02-05T13:09:14.738+0000] {logging_mixin.py:188} INFO - [2026-02-05T13:09:14.738+0000] {dagbag.py:540} INFO - Filling up the DagBag from /home/airflow/.local/lib/python3.12/site-packages/airflow/example_dags/example_task_group.py
[2026-02-05T13:09:14.742+0000] {processor.py:840} INFO - DAG(s) 'example_task_group' retrieved from /home/airflow/.local/lib/python3.12/site-packages/airflow/example_dags/example_task_group.py
[2026-02-05T13:09:14.754+0000] {logging_mixin.py:188} INFO - [2026-02-05T13:09:14.754+0000] {dag.py:3096} INFO - Sync 1 DAGs
[2026-02-05T13:09:14.764+0000] {logging_mixin.py:188} INFO - [2026-02-05T13:09:14.764+0000] {dag.py:3954} INFO - Setting next_dagrun for example_task_group to 2026-02-04 00:00:00+00:00, run_after=2026-02-05 00:00:00+00:00
[2026-02-05T13:09:14.778+0000] {processor.py:183} INFO - Processing /home/airflow/.local/lib/python3.12/site-packages/airflow/example_dags/example_task_group.py took 0.044 seconds
[2026-02-05T13:09:45.186+0000] {processor.py:161} INFO - Started process (PID=1704) to work on /home/airflow/.local/lib/python3.12/site-packages/airflow/example_dags/example_task_group.py
[2026-02-05T13:09:45.187+0000] {processor.py:830} INFO - Processing file /home/airflow/.local/lib/python3.12/site-packages/airflow/example_dags/example_task_group.py for tasks to queue
[2026-02-05T13:09:45.188+0000] {logging_mixin.py:188} INFO - [2026-02-05T13:09:45.188+0000] {dagbag.py:540} INFO - Filling up the DagBag from /home/airflow/.local/lib/python3.12/site-packages/airflow/example_dags/example_task_group.py
[2026-02-05T13:09:45.192+0000] {processor.py:840} INFO - DAG(s) 'example_task_group' retrieved from /home/airflow/.local/lib/python3.12/site-packages/airflow/example_dags/example_task_group.py
[2026-02-05T13:09:45.206+0000] {logging_mixin.py:188} INFO - [2026-02-05T13:09:45.206+0000] {dag.py:3096} INFO - Sync 1 DAGs
[2026-02-05T13:09:45.220+0000] {logging_mixin.py:188} INFO - [2026-02-05T13:09:45.220+0000] {dag.py:3954} INFO - Setting next_dagrun for example_task_group to 2026-02-04 00:00:00+00:00, run_after=2026-02-05 00:00:00+00:00
[2026-02-05T13:09:45.233+0000] {processor.py:183} INFO - Processing /home/airflow/.local/lib/python3.12/site-packages/airflow/example_dags/example_task_group.py took 0.051 seconds
[2026-02-05T13:10:15.423+0000] {processor.py:161} INFO - Started process (PID=1761) to work on /home/airflow/.local/lib/python3.12/site-packages/airflow/example_dags/example_task_group.py
[2026-02-05T13:10:15.424+0000] {processor.py:830} INFO - Processing file /home/airflow/.local/lib/python3.12/site-packages/airflow/example_dags/example_task_group.py for tasks to queue
[2026-02-05T13:10:15.426+0000] {logging_mixin.py:188} INFO - [2026-02-05T13:10:15.426+0000] {dagbag.py:540} INFO - Filling up the DagBag from /home/airflow/.local/lib/python3.12/site-packages/airflow/example_dags/example_task_group.py
[2026-02-05T13:10:15.433+0000] {processor.py:840} INFO - DAG(s) 'example_task_group' retrieved from /home/airflow/.local/lib/python3.12/site-packages/airflow/example_dags/example_task_group.py
[2026-02-05T13:10:15.450+0000] {logging_mixin.py:188} INFO - [2026-02-05T13:10:15.449+0000] {dag.py:3096} INFO - Sync 1 DAGs
[2026-02-05T13:10:15.463+0000] {logging_mixin.py:188} INFO - [2026-02-05T13:10:15.463+0000] {dag.py:3954} INFO - Setting next_dagrun for example_task_group to 2026-02-04 00:00:00+00:00, run_after=2026-02-05 00:00:00+00:00
[2026-02-05T13:10:15.476+0000] {processor.py:183} INFO - Processing /home/airflow/.local/lib/python3.12/site-packages/airflow/example_dags/example_task_group.py took 0.059 seconds
[2026-02-05T13:10:45.513+0000] {processor.py:161} INFO - Started process (PID=1819) to work on /home/airflow/.local/lib/python3.12/site-packages/airflow/example_dags/example_task_group.py
[2026-02-05T13:10:45.514+0000] {processor.py:830} INFO - Processing file /home/airflow/.local/lib/python3.12/site-packages/airflow/example_dags/example_task_group.py for tasks to queue
[2026-02-05T13:10:45.515+0000] {logging_mixin.py:188} INFO - [2026-02-05T13:10:45.515+0000] {dagbag.py:540} INFO - Filling up the DagBag from /home/airflow/.local/lib/python3.12/site-packages/airflow/example_dags/example_task_group.py
[2026-02-05T13:10:45.520+0000] {processor.py:840} INFO - DAG(s) 'example_task_group' retrieved from /home/airflow/.local/lib/python3.12/site-packages/airflow/example_dags/example_task_group.py
[2026-02-05T13:10:45.535+0000] {logging_mixin.py:188} INFO - [2026-02-05T13:10:45.535+0000] {dag.py:3096} INFO - Sync 1 DAGs
[2026-02-05T13:10:45.547+0000] {logging_mixin.py:188} INFO - [2026-02-05T13:10:45.546+0000] {dag.py:3954} INFO - Setting next_dagrun for example_task_group to 2026-02-04 00:00:00+00:00, run_after=2026-02-05 00:00:00+00:00
[2026-02-05T13:10:45.556+0000] {processor.py:183} INFO - Processing /home/airflow/.local/lib/python3.12/site-packages/airflow/example_dags/example_task_group.py took 0.046 seconds
[2026-02-05T13:11:16.344+0000] {processor.py:161} INFO - Started process (PID=1877) to work on /home/airflow/.local/lib/python3.12/site-packages/airflow/example_dags/example_task_group.py
[2026-02-05T13:11:16.345+0000] {processor.py:830} INFO - Processing file /home/airflow/.local/lib/python3.12/site-packages/airflow/example_dags/example_task_group.py for tasks to queue
[2026-02-05T13:11:16.350+0000] {logging_mixin.py:188} INFO - [2026-02-05T13:11:16.350+0000] {dagbag.py:540} INFO - Filling up the DagBag from /home/airflow/.local/lib/python3.12/site-packages/airflow/example_dags/example_task_group.py
[2026-02-05T13:11:16.354+0000] {processor.py:840} INFO - DAG(s) 'example_task_group' retrieved from /home/airflow/.local/lib/python3.12/site-packages/airflow/example_dags/example_task_group.py
[2026-02-05T13:11:16.366+0000] {logging_mixin.py:188} INFO - [2026-02-05T13:11:16.366+0000] {dag.py:3096} INFO - Sync 1 DAGs
[2026-02-05T13:11:16.381+0000] {logging_mixin.py:188} INFO - [2026-02-05T13:11:16.381+0000] {dag.py:3954} INFO - Setting next_dagrun for example_task_group to 2026-02-04 00:00:00+00:00, run_after=2026-02-05 00:00:00+00:00
[2026-02-05T13:11:16.392+0000] {processor.py:183} INFO - Processing /home/airflow/.local/lib/python3.12/site-packages/airflow/example_dags/example_task_group.py took 0.051 seconds
[2026-02-05T13:11:47.240+0000] {processor.py:161} INFO - Started process (PID=1935) to work on /home/airflow/.local/lib/python3.12/site-packages/airflow/example_dags/example_task_group.py
[2026-02-05T13:11:47.242+0000] {processor.py:830} INFO - Processing file /home/airflow/.local/lib/python3.12/site-packages/airflow/example_dags/example_task_group.py for tasks to queue
[2026-02-05T13:11:47.243+0000] {logging_mixin.py:188} INFO - [2026-02-05T13:11:47.243+0000] {dagbag.py:540} INFO - Filling up the DagBag from /home/airflow/.local/lib/python3.12/site-packages/airflow/example_dags/example_task_group.py
[2026-02-05T13:11:47.247+0000] {processor.py:840} INFO - DAG(s) 'example_task_group' retrieved from /home/airflow/.local/lib/python3.12/site-packages/airflow/example_dags/example_task_group.py
[2026-02-05T13:11:47.258+0000] {logging_mixin.py:188} INFO - [2026-02-05T13:11:47.258+0000] {dag.py:3096} INFO - Sync 1 DAGs
[2026-02-05T13:11:47.269+0000] {logging_mixin.py:188} INFO - [2026-02-05T13:11:47.269+0000] {dag.py:3954} INFO - Setting next_dagrun for example_task_group to 2026-02-04 00:00:00+00:00, run_after=2026-02-05 00:00:00+00:00
[2026-02-05T13:11:47.280+0000] {processor.py:183} INFO - Processing /home/airflow/.local/lib/python3.12/site-packages/airflow/example_dags/example_task_group.py took 0.043 seconds
[2026-02-05T13:12:18.108+0000] {processor.py:161} INFO - Started process (PID=1993) to work on /home/airflow/.local/lib/python3.12/site-packages/airflow/example_dags/example_task_group.py
[2026-02-05T13:12:18.108+0000] {processor.py:830} INFO - Processing file /home/airflow/.local/lib/python3.12/site-packages/airflow/example_dags/example_task_group.py for tasks to queue
[2026-02-05T13:12:18.110+0000] {logging_mixin.py:188} INFO - [2026-02-05T13:12:18.109+0000] {dagbag.py:540} INFO - Filling up the DagBag from /home/airflow/.local/lib/python3.12/site-packages/airflow/example_dags/example_task_group.py
[2026-02-05T13:12:18.116+0000] {processor.py:840} INFO - DAG(s) 'example_task_group' retrieved from /home/airflow/.local/lib/python3.12/site-packages/airflow/example_dags/example_task_group.py
[2026-02-05T13:12:18.129+0000] {logging_mixin.py:188} INFO - [2026-02-05T13:12:18.129+0000] {dag.py:3096} INFO - Sync 1 DAGs
[2026-02-05T13:12:18.184+0000] {logging_mixin.py:188} INFO - [2026-02-05T13:12:18.184+0000] {dag.py:3954} INFO - Setting next_dagrun for example_task_group to 2026-02-04 00:00:00+00:00, run_after=2026-02-05 00:00:00+00:00
[2026-02-05T13:12:18.197+0000] {processor.py:183} INFO - Processing /home/airflow/.local/lib/python3.12/site-packages/airflow/example_dags/example_task_group.py took 0.093 seconds
[2026-02-05T13:12:49.096+0000] {processor.py:161} INFO - Started process (PID=2051) to work on /home/airflow/.local/lib/python3.12/site-packages/airflow/example_dags/example_task_group.py
[2026-02-05T13:12:49.099+0000] {processor.py:830} INFO - Processing file /home/airflow/.local/lib/python3.12/site-packages/airflow/example_dags/example_task_group.py for tasks to queue
[2026-02-05T13:12:49.100+0000] {logging_mixin.py:188} INFO - [2026-02-05T13:12:49.100+0000] {dagbag.py:540} INFO - Filling up the DagBag from /home/airflow/.local/lib/python3.12/site-packages/airflow/example_dags/example_task_group.py
[2026-02-05T13:12:49.106+0000] {processor.py:840} INFO - DAG(s) 'example_task_group' retrieved from /home/airflow/.local/lib/python3.12/site-packages/airflow/example_dags/example_task_group.py
[2026-02-05T13:12:49.117+0000] {logging_mixin.py:188} INFO - [2026-02-05T13:12:49.117+0000] {dag.py:3096} INFO - Sync 1 DAGs
[2026-02-05T13:12:49.129+0000] {logging_mixin.py:188} INFO - [2026-02-05T13:12:49.129+0000] {dag.py:3954} INFO - Setting next_dagrun for example_task_group to 2026-02-04 00:00:00+00:00, run_after=2026-02-05 00:00:00+00:00
[2026-02-05T13:12:49.139+0000] {processor.py:183} INFO - Processing /home/airflow/.local/lib/python3.12/site-packages/airflow/example_dags/example_task_group.py took 0.046 seconds
[2026-02-05T13:13:19.863+0000] {processor.py:161} INFO - Started process (PID=2108) to work on /home/airflow/.local/lib/python3.12/site-packages/airflow/example_dags/example_task_group.py
[2026-02-05T13:13:19.863+0000] {processor.py:830} INFO - Processing file /home/airflow/.local/lib/python3.12/site-packages/airflow/example_dags/example_task_group.py for tasks to queue
[2026-02-05T13:13:19.864+0000] {logging_mixin.py:188} INFO - [2026-02-05T13:13:19.864+0000] {dagbag.py:540} INFO - Filling up the DagBag from /home/airflow/.local/lib/python3.12/site-packages/airflow/example_dags/example_task_group.py
[2026-02-05T13:13:19.868+0000] {processor.py:840} INFO - DAG(s) 'example_task_group' retrieved from /home/airflow/.local/lib/python3.12/site-packages/airflow/example_dags/example_task_group.py
[2026-02-05T13:13:19.879+0000] {logging_mixin.py:188} INFO - [2026-02-05T13:13:19.879+0000] {dag.py:3096} INFO - Sync 1 DAGs
[2026-02-05T13:13:19.889+0000] {logging_mixin.py:188} INFO - [2026-02-05T13:13:19.889+0000] {dag.py:3954} INFO - Setting next_dagrun for example_task_group to 2026-02-04 00:00:00+00:00, run_after=2026-02-05 00:00:00+00:00
[2026-02-05T13:13:19.898+0000] {processor.py:183} INFO - Processing /home/airflow/.local/lib/python3.12/site-packages/airflow/example_dags/example_task_group.py took 0.038 seconds
[2026-02-05T13:13:50.723+0000] {processor.py:161} INFO - Started process (PID=2166) to work on /home/airflow/.local/lib/python3.12/site-packages/airflow/example_dags/example_task_group.py
[2026-02-05T13:13:50.723+0000] {processor.py:830} INFO - Processing file /home/airflow/.local/lib/python3.12/site-packages/airflow/example_dags/example_task_group.py for tasks to queue
[2026-02-05T13:13:50.725+0000] {logging_mixin.py:188} INFO - [2026-02-05T13:13:50.725+0000] {dagbag.py:540} INFO - Filling up the DagBag from /home/airflow/.local/lib/python3.12/site-packages/airflow/example_dags/example_task_group.py
[2026-02-05T13:13:50.729+0000] {processor.py:840} INFO - DAG(s) 'example_task_group' retrieved from /home/airflow/.local/lib/python3.12/site-packages/airflow/example_dags/example_task_group.py
[2026-02-05T13:13:50.742+0000] {logging_mixin.py:188} INFO - [2026-02-05T13:13:50.742+0000] {dag.py:3096} INFO - Sync 1 DAGs
[2026-02-05T13:13:50.753+0000] {logging_mixin.py:188} INFO - [2026-02-05T13:13:50.753+0000] {dag.py:3954} INFO - Setting next_dagrun for example_task_group to 2026-02-04 00:00:00+00:00, run_after=2026-02-05 00:00:00+00:00
[2026-02-05T13:13:50.763+0000] {processor.py:183} INFO - Processing /home/airflow/.local/lib/python3.12/site-packages/airflow/example_dags/example_task_group.py took 0.044 seconds
[2026-02-05T13:14:21.712+0000] {processor.py:161} INFO - Started process (PID=2224) to work on /home/airflow/.local/lib/python3.12/site-packages/airflow/example_dags/example_task_group.py
[2026-02-05T13:14:21.712+0000] {processor.py:830} INFO - Processing file /home/airflow/.local/lib/python3.12/site-packages/airflow/example_dags/example_task_group.py for tasks to queue
[2026-02-05T13:14:21.713+0000] {logging_mixin.py:188} INFO - [2026-02-05T13:14:21.713+0000] {dagbag.py:540} INFO - Filling up the DagBag from /home/airflow/.local/lib/python3.12/site-packages/airflow/example_dags/example_task_group.py
[2026-02-05T13:14:21.718+0000] {processor.py:840} INFO - DAG(s) 'example_task_group' retrieved from /home/airflow/.local/lib/python3.12/site-packages/airflow/example_dags/example_task_group.py
[2026-02-05T13:14:21.731+0000] {logging_mixin.py:188} INFO - [2026-02-05T13:14:21.730+0000] {dag.py:3096} INFO - Sync 1 DAGs
[2026-02-05T13:14:21.741+0000] {logging_mixin.py:188} INFO - [2026-02-05T13:14:21.741+0000] {dag.py:3954} INFO - Setting next_dagrun for example_task_group to 2026-02-04 00:00:00+00:00, run_after=2026-02-05 00:00:00+00:00
[2026-02-05T13:14:21.750+0000] {processor.py:183} INFO - Processing /home/airflow/.local/lib/python3.12/site-packages/airflow/example_dags/example_task_group.py took 0.042 seconds
[2026-02-05T13:14:51.836+0000] {processor.py:161} INFO - Started process (PID=2282) to work on /home/airflow/.local/lib/python3.12/site-packages/airflow/example_dags/example_task_group.py
[2026-02-05T13:14:51.839+0000] {processor.py:830} INFO - Processing file /home/airflow/.local/lib/python3.12/site-packages/airflow/example_dags/example_task_group.py for tasks to queue
[2026-02-05T13:14:51.841+0000] {logging_mixin.py:188} INFO - [2026-02-05T13:14:51.840+0000] {dagbag.py:540} INFO - Filling up the DagBag from /home/airflow/.local/lib/python3.12/site-packages/airflow/example_dags/example_task_group.py
[2026-02-05T13:14:51.846+0000] {processor.py:840} INFO - DAG(s) 'example_task_group' retrieved from /home/airflow/.local/lib/python3.12/site-packages/airflow/example_dags/example_task_group.py
[2026-02-05T13:14:51.862+0000] {logging_mixin.py:188} INFO - [2026-02-05T13:14:51.862+0000] {dag.py:3096} INFO - Sync 1 DAGs
[2026-02-05T13:14:51.880+0000] {logging_mixin.py:188} INFO - [2026-02-05T13:14:51.880+0000] {dag.py:3954} INFO - Setting next_dagrun for example_task_group to 2026-02-04 00:00:00+00:00, run_after=2026-02-05 00:00:00+00:00
[2026-02-05T13:14:51.891+0000] {processor.py:183} INFO - Processing /home/airflow/.local/lib/python3.12/site-packages/airflow/example_dags/example_task_group.py took 0.059 seconds
[2026-02-05T13:15:22.838+0000] {processor.py:161} INFO - Started process (PID=2339) to work on /home/airflow/.local/lib/python3.12/site-packages/airflow/example_dags/example_task_group.py
[2026-02-05T13:15:22.842+0000] {processor.py:830} INFO - Processing file /home/airflow/.local/lib/python3.12/site-packages/airflow/example_dags/example_task_group.py for tasks to queue
[2026-02-05T13:15:22.843+0000] {logging_mixin.py:188} INFO - [2026-02-05T13:15:22.843+0000] {dagbag.py:540} INFO - Filling up the DagBag from /home/airflow/.local/lib/python3.12/site-packages/airflow/example_dags/example_task_group.py
[2026-02-05T13:15:22.847+0000] {processor.py:840} INFO - DAG(s) 'example_task_group' retrieved from /home/airflow/.local/lib/python3.12/site-packages/airflow/example_dags/example_task_group.py
[2026-02-05T13:15:22.859+0000] {logging_mixin.py:188} INFO - [2026-02-05T13:15:22.859+0000] {dag.py:3096} INFO - Sync 1 DAGs
[2026-02-05T13:15:22.869+0000] {logging_mixin.py:188} INFO - [2026-02-05T13:15:22.869+0000] {dag.py:3954} INFO - Setting next_dagrun for example_task_group to 2026-02-04 00:00:00+00:00, run_after=2026-02-05 00:00:00+00:00
[2026-02-05T13:15:22.879+0000] {processor.py:183} INFO - Processing /home/airflow/.local/lib/python3.12/site-packages/airflow/example_dags/example_task_group.py took 0.045 seconds
[2026-02-05T13:15:53.631+0000] {processor.py:161} INFO - Started process (PID=2397) to work on /home/airflow/.local/lib/python3.12/site-packages/airflow/example_dags/example_task_group.py
[2026-02-05T13:15:53.637+0000] {processor.py:830} INFO - Processing file /home/airflow/.local/lib/python3.12/site-packages/airflow/example_dags/example_task_group.py for tasks to queue
[2026-02-05T13:15:53.638+0000] {logging_mixin.py:188} INFO - [2026-02-05T13:15:53.638+0000] {dagbag.py:540} INFO - Filling up the DagBag from /home/airflow/.local/lib/python3.12/site-packages/airflow/example_dags/example_task_group.py
[2026-02-05T13:15:53.643+0000] {processor.py:840} INFO - DAG(s) 'example_task_group' retrieved from /home/airflow/.local/lib/python3.12/site-packages/airflow/example_dags/example_task_group.py
[2026-02-05T13:15:53.660+0000] {logging_mixin.py:188} INFO - [2026-02-05T13:15:53.660+0000] {dag.py:3096} INFO - Sync 1 DAGs
[2026-02-05T13:15:53.675+0000] {logging_mixin.py:188} INFO - [2026-02-05T13:15:53.675+0000] {dag.py:3954} INFO - Setting next_dagrun for example_task_group to 2026-02-04 00:00:00+00:00, run_after=2026-02-05 00:00:00+00:00
[2026-02-05T13:15:53.690+0000] {processor.py:183} INFO - Processing /home/airflow/.local/lib/python3.12/site-packages/airflow/example_dags/example_task_group.py took 0.063 seconds
[2026-02-05T13:16:24.676+0000] {processor.py:161} INFO - Started process (PID=2455) to work on /home/airflow/.local/lib/python3.12/site-packages/airflow/example_dags/example_task_group.py
[2026-02-05T13:16:24.677+0000] {processor.py:830} INFO - Processing file /home/airflow/.local/lib/python3.12/site-packages/airflow/example_dags/example_task_group.py for tasks to queue
[2026-02-05T13:16:24.679+0000] {logging_mixin.py:188} INFO - [2026-02-05T13:16:24.679+0000] {dagbag.py:540} INFO - Filling up the DagBag from /home/airflow/.local/lib/python3.12/site-packages/airflow/example_dags/example_task_group.py
[2026-02-05T13:16:24.683+0000] {processor.py:840} INFO - DAG(s) 'example_task_group' retrieved from /home/airflow/.local/lib/python3.12/site-packages/airflow/example_dags/example_task_group.py
[2026-02-05T13:16:24.698+0000] {logging_mixin.py:188} INFO - [2026-02-05T13:16:24.698+0000] {dag.py:3096} INFO - Sync 1 DAGs
[2026-02-05T13:16:24.710+0000] {logging_mixin.py:188} INFO - [2026-02-05T13:16:24.710+0000] {dag.py:3954} INFO - Setting next_dagrun for example_task_group to 2026-02-04 00:00:00+00:00, run_after=2026-02-05 00:00:00+00:00
[2026-02-05T13:16:24.725+0000] {processor.py:183} INFO - Processing /home/airflow/.local/lib/python3.12/site-packages/airflow/example_dags/example_task_group.py took 0.051 seconds
[2026-02-05T13:16:54.756+0000] {processor.py:161} INFO - Started process (PID=2513) to work on /home/airflow/.local/lib/python3.12/site-packages/airflow/example_dags/example_task_group.py
[2026-02-05T13:16:54.759+0000] {processor.py:830} INFO - Processing file /home/airflow/.local/lib/python3.12/site-packages/airflow/example_dags/example_task_group.py for tasks to queue
[2026-02-05T13:16:54.761+0000] {logging_mixin.py:188} INFO - [2026-02-05T13:16:54.761+0000] {dagbag.py:540} INFO - Filling up the DagBag from /home/airflow/.local/lib/python3.12/site-packages/airflow/example_dags/example_task_group.py
[2026-02-05T13:16:54.767+0000] {processor.py:840} INFO - DAG(s) 'example_task_group' retrieved from /home/airflow/.local/lib/python3.12/site-packages/airflow/example_dags/example_task_group.py
[2026-02-05T13:16:54.781+0000] {logging_mixin.py:188} INFO - [2026-02-05T13:16:54.781+0000] {dag.py:3096} INFO - Sync 1 DAGs
[2026-02-05T13:16:54.794+0000] {logging_mixin.py:188} INFO - [2026-02-05T13:16:54.794+0000] {dag.py:3954} INFO - Setting next_dagrun for example_task_group to 2026-02-04 00:00:00+00:00, run_after=2026-02-05 00:00:00+00:00
[2026-02-05T13:16:54.808+0000] {processor.py:183} INFO - Processing /home/airflow/.local/lib/python3.12/site-packages/airflow/example_dags/example_task_group.py took 0.056 seconds
[2026-02-05T13:17:24.866+0000] {processor.py:161} INFO - Started process (PID=2571) to work on /home/airflow/.local/lib/python3.12/site-packages/airflow/example_dags/example_task_group.py
[2026-02-05T13:17:24.867+0000] {processor.py:830} INFO - Processing file /home/airflow/.local/lib/python3.12/site-packages/airflow/example_dags/example_task_group.py for tasks to queue
[2026-02-05T13:17:24.869+0000] {logging_mixin.py:188} INFO - [2026-02-05T13:17:24.869+0000] {dagbag.py:540} INFO - Filling up the DagBag from /home/airflow/.local/lib/python3.12/site-packages/airflow/example_dags/example_task_group.py
[2026-02-05T13:17:24.873+0000] {processor.py:840} INFO - DAG(s) 'example_task_group' retrieved from /home/airflow/.local/lib/python3.12/site-packages/airflow/example_dags/example_task_group.py
[2026-02-05T13:17:24.888+0000] {logging_mixin.py:188} INFO - [2026-02-05T13:17:24.888+0000] {dag.py:3096} INFO - Sync 1 DAGs
[2026-02-05T13:17:24.902+0000] {logging_mixin.py:188} INFO - [2026-02-05T13:17:24.902+0000] {dag.py:3954} INFO - Setting next_dagrun for example_task_group to 2026-02-04 00:00:00+00:00, run_after=2026-02-05 00:00:00+00:00
[2026-02-05T13:17:24.917+0000] {processor.py:183} INFO - Processing /home/airflow/.local/lib/python3.12/site-packages/airflow/example_dags/example_task_group.py took 0.054 seconds
[2026-02-05T13:17:55.108+0000] {processor.py:161} INFO - Started process (PID=2628) to work on /home/airflow/.local/lib/python3.12/site-packages/airflow/example_dags/example_task_group.py
[2026-02-05T13:17:55.108+0000] {processor.py:830} INFO - Processing file /home/airflow/.local/lib/python3.12/site-packages/airflow/example_dags/example_task_group.py for tasks to queue
[2026-02-05T13:17:55.110+0000] {logging_mixin.py:188} INFO - [2026-02-05T13:17:55.109+0000] {dagbag.py:540} INFO - Filling up the DagBag from /home/airflow/.local/lib/python3.12/site-packages/airflow/example_dags/example_task_group.py
[2026-02-05T13:17:55.116+0000] {processor.py:840} INFO - DAG(s) 'example_task_group' retrieved from /home/airflow/.local/lib/python3.12/site-packages/airflow/example_dags/example_task_group.py
[2026-02-05T13:17:55.135+0000] {logging_mixin.py:188} INFO - [2026-02-05T13:17:55.134+0000] {dag.py:3096} INFO - Sync 1 DAGs
[2026-02-05T13:17:55.283+0000] {logging_mixin.py:188} INFO - [2026-02-05T13:17:55.278+0000] {dag.py:3954} INFO - Setting next_dagrun for example_task_group to 2026-02-04 00:00:00+00:00, run_after=2026-02-05 00:00:00+00:00
[2026-02-05T13:17:55.316+0000] {processor.py:183} INFO - Processing /home/airflow/.local/lib/python3.12/site-packages/airflow/example_dags/example_task_group.py took 0.211 seconds
