[2026-02-05T12:55:31.652+0000] {processor.py:161} INFO - Started process (PID=42) to work on /home/airflow/.local/lib/python3.12/site-packages/airflow/example_dags/example_external_task_marker_dag.py
[2026-02-05T12:55:31.667+0000] {processor.py:830} INFO - Processing file /home/airflow/.local/lib/python3.12/site-packages/airflow/example_dags/example_external_task_marker_dag.py for tasks to queue
[2026-02-05T12:55:31.681+0000] {logging_mixin.py:188} INFO - [2026-02-05T12:55:31.681+0000] {dagbag.py:540} INFO - Filling up the DagBag from /home/airflow/.local/lib/python3.12/site-packages/airflow/example_dags/example_external_task_marker_dag.py
[2026-02-05T12:55:31.702+0000] {processor.py:840} INFO - DAG(s) 'example_external_task_marker_parent', 'example_external_task_marker_child' retrieved from /home/airflow/.local/lib/python3.12/site-packages/airflow/example_dags/example_external_task_marker_dag.py
[2026-02-05T12:55:31.737+0000] {logging_mixin.py:188} INFO - [2026-02-05T12:55:31.737+0000] {dag.py:3096} INFO - Sync 2 DAGs
[2026-02-05T12:55:31.754+0000] {logging_mixin.py:188} INFO - [2026-02-05T12:55:31.753+0000] {dag.py:3954} INFO - Setting next_dagrun for example_external_task_marker_child to None, run_after=None
[2026-02-05T12:55:31.760+0000] {logging_mixin.py:188} INFO - [2026-02-05T12:55:31.759+0000] {dag.py:3954} INFO - Setting next_dagrun for example_external_task_marker_parent to None, run_after=None
[2026-02-05T12:55:31.789+0000] {processor.py:183} INFO - Processing /home/airflow/.local/lib/python3.12/site-packages/airflow/example_dags/example_external_task_marker_dag.py took 0.150 seconds
[2026-02-05T12:56:02.138+0000] {processor.py:161} INFO - Started process (PID=101) to work on /home/airflow/.local/lib/python3.12/site-packages/airflow/example_dags/example_external_task_marker_dag.py
[2026-02-05T12:56:02.139+0000] {processor.py:830} INFO - Processing file /home/airflow/.local/lib/python3.12/site-packages/airflow/example_dags/example_external_task_marker_dag.py for tasks to queue
[2026-02-05T12:56:02.142+0000] {logging_mixin.py:188} INFO - [2026-02-05T12:56:02.142+0000] {dagbag.py:540} INFO - Filling up the DagBag from /home/airflow/.local/lib/python3.12/site-packages/airflow/example_dags/example_external_task_marker_dag.py
[2026-02-05T12:56:02.156+0000] {processor.py:840} INFO - DAG(s) 'example_external_task_marker_child', 'example_external_task_marker_parent' retrieved from /home/airflow/.local/lib/python3.12/site-packages/airflow/example_dags/example_external_task_marker_dag.py
[2026-02-05T12:56:02.357+0000] {logging_mixin.py:188} INFO - [2026-02-05T12:56:02.357+0000] {dag.py:3096} INFO - Sync 2 DAGs
[2026-02-05T12:56:02.363+0000] {logging_mixin.py:188} INFO - [2026-02-05T12:56:02.363+0000] {dag.py:3954} INFO - Setting next_dagrun for example_external_task_marker_child to None, run_after=None
[2026-02-05T12:56:02.365+0000] {logging_mixin.py:188} INFO - [2026-02-05T12:56:02.365+0000] {dag.py:3954} INFO - Setting next_dagrun for example_external_task_marker_parent to None, run_after=None
[2026-02-05T12:56:02.375+0000] {processor.py:183} INFO - Processing /home/airflow/.local/lib/python3.12/site-packages/airflow/example_dags/example_external_task_marker_dag.py took 0.246 seconds
[2026-02-05T12:56:32.593+0000] {processor.py:161} INFO - Started process (PID=159) to work on /home/airflow/.local/lib/python3.12/site-packages/airflow/example_dags/example_external_task_marker_dag.py
[2026-02-05T12:56:32.596+0000] {processor.py:830} INFO - Processing file /home/airflow/.local/lib/python3.12/site-packages/airflow/example_dags/example_external_task_marker_dag.py for tasks to queue
[2026-02-05T12:56:32.605+0000] {logging_mixin.py:188} INFO - [2026-02-05T12:56:32.603+0000] {dagbag.py:540} INFO - Filling up the DagBag from /home/airflow/.local/lib/python3.12/site-packages/airflow/example_dags/example_external_task_marker_dag.py
[2026-02-05T12:56:32.628+0000] {processor.py:840} INFO - DAG(s) 'example_external_task_marker_parent', 'example_external_task_marker_child' retrieved from /home/airflow/.local/lib/python3.12/site-packages/airflow/example_dags/example_external_task_marker_dag.py
[2026-02-05T12:56:32.656+0000] {logging_mixin.py:188} INFO - [2026-02-05T12:56:32.656+0000] {dag.py:3096} INFO - Sync 2 DAGs
[2026-02-05T12:56:32.672+0000] {logging_mixin.py:188} INFO - [2026-02-05T12:56:32.671+0000] {dag.py:3954} INFO - Setting next_dagrun for example_external_task_marker_child to None, run_after=None
[2026-02-05T12:56:32.676+0000] {logging_mixin.py:188} INFO - [2026-02-05T12:56:32.676+0000] {dag.py:3954} INFO - Setting next_dagrun for example_external_task_marker_parent to None, run_after=None
[2026-02-05T12:56:32.689+0000] {processor.py:183} INFO - Processing /home/airflow/.local/lib/python3.12/site-packages/airflow/example_dags/example_external_task_marker_dag.py took 0.105 seconds
[2026-02-05T12:57:02.804+0000] {processor.py:161} INFO - Started process (PID=217) to work on /home/airflow/.local/lib/python3.12/site-packages/airflow/example_dags/example_external_task_marker_dag.py
[2026-02-05T12:57:02.806+0000] {processor.py:830} INFO - Processing file /home/airflow/.local/lib/python3.12/site-packages/airflow/example_dags/example_external_task_marker_dag.py for tasks to queue
[2026-02-05T12:57:02.811+0000] {logging_mixin.py:188} INFO - [2026-02-05T12:57:02.810+0000] {dagbag.py:540} INFO - Filling up the DagBag from /home/airflow/.local/lib/python3.12/site-packages/airflow/example_dags/example_external_task_marker_dag.py
[2026-02-05T12:57:02.828+0000] {processor.py:840} INFO - DAG(s) 'example_external_task_marker_child', 'example_external_task_marker_parent' retrieved from /home/airflow/.local/lib/python3.12/site-packages/airflow/example_dags/example_external_task_marker_dag.py
[2026-02-05T12:57:02.864+0000] {logging_mixin.py:188} INFO - [2026-02-05T12:57:02.863+0000] {dag.py:3096} INFO - Sync 2 DAGs
[2026-02-05T12:57:02.876+0000] {logging_mixin.py:188} INFO - [2026-02-05T12:57:02.876+0000] {dag.py:3954} INFO - Setting next_dagrun for example_external_task_marker_child to None, run_after=None
[2026-02-05T12:57:02.881+0000] {logging_mixin.py:188} INFO - [2026-02-05T12:57:02.881+0000] {dag.py:3954} INFO - Setting next_dagrun for example_external_task_marker_parent to None, run_after=None
[2026-02-05T12:57:02.896+0000] {processor.py:183} INFO - Processing /home/airflow/.local/lib/python3.12/site-packages/airflow/example_dags/example_external_task_marker_dag.py took 0.105 seconds
[2026-02-05T12:57:33.231+0000] {processor.py:161} INFO - Started process (PID=281) to work on /home/airflow/.local/lib/python3.12/site-packages/airflow/example_dags/example_external_task_marker_dag.py
[2026-02-05T12:57:33.233+0000] {processor.py:830} INFO - Processing file /home/airflow/.local/lib/python3.12/site-packages/airflow/example_dags/example_external_task_marker_dag.py for tasks to queue
[2026-02-05T12:57:33.235+0000] {logging_mixin.py:188} INFO - [2026-02-05T12:57:33.235+0000] {dagbag.py:540} INFO - Filling up the DagBag from /home/airflow/.local/lib/python3.12/site-packages/airflow/example_dags/example_external_task_marker_dag.py
[2026-02-05T12:57:33.254+0000] {processor.py:840} INFO - DAG(s) 'example_external_task_marker_parent', 'example_external_task_marker_child' retrieved from /home/airflow/.local/lib/python3.12/site-packages/airflow/example_dags/example_external_task_marker_dag.py
[2026-02-05T12:57:33.292+0000] {logging_mixin.py:188} INFO - [2026-02-05T12:57:33.292+0000] {dag.py:3096} INFO - Sync 2 DAGs
[2026-02-05T12:57:33.304+0000] {logging_mixin.py:188} INFO - [2026-02-05T12:57:33.304+0000] {dag.py:3954} INFO - Setting next_dagrun for example_external_task_marker_child to None, run_after=None
[2026-02-05T12:57:33.307+0000] {logging_mixin.py:188} INFO - [2026-02-05T12:57:33.307+0000] {dag.py:3954} INFO - Setting next_dagrun for example_external_task_marker_parent to None, run_after=None
[2026-02-05T12:57:33.324+0000] {processor.py:183} INFO - Processing /home/airflow/.local/lib/python3.12/site-packages/airflow/example_dags/example_external_task_marker_dag.py took 0.109 seconds
[2026-02-05T12:58:03.618+0000] {processor.py:161} INFO - Started process (PID=339) to work on /home/airflow/.local/lib/python3.12/site-packages/airflow/example_dags/example_external_task_marker_dag.py
[2026-02-05T12:58:03.619+0000] {processor.py:830} INFO - Processing file /home/airflow/.local/lib/python3.12/site-packages/airflow/example_dags/example_external_task_marker_dag.py for tasks to queue
[2026-02-05T12:58:03.623+0000] {logging_mixin.py:188} INFO - [2026-02-05T12:58:03.622+0000] {dagbag.py:540} INFO - Filling up the DagBag from /home/airflow/.local/lib/python3.12/site-packages/airflow/example_dags/example_external_task_marker_dag.py
[2026-02-05T12:58:03.633+0000] {processor.py:840} INFO - DAG(s) 'example_external_task_marker_parent', 'example_external_task_marker_child' retrieved from /home/airflow/.local/lib/python3.12/site-packages/airflow/example_dags/example_external_task_marker_dag.py
[2026-02-05T12:58:03.671+0000] {logging_mixin.py:188} INFO - [2026-02-05T12:58:03.671+0000] {dag.py:3096} INFO - Sync 2 DAGs
[2026-02-05T12:58:03.685+0000] {logging_mixin.py:188} INFO - [2026-02-05T12:58:03.685+0000] {dag.py:3954} INFO - Setting next_dagrun for example_external_task_marker_child to None, run_after=None
[2026-02-05T12:58:03.689+0000] {logging_mixin.py:188} INFO - [2026-02-05T12:58:03.688+0000] {dag.py:3954} INFO - Setting next_dagrun for example_external_task_marker_parent to None, run_after=None
[2026-02-05T12:58:03.703+0000] {processor.py:183} INFO - Processing /home/airflow/.local/lib/python3.12/site-packages/airflow/example_dags/example_external_task_marker_dag.py took 0.091 seconds
[2026-02-05T12:58:33.799+0000] {processor.py:161} INFO - Started process (PID=397) to work on /home/airflow/.local/lib/python3.12/site-packages/airflow/example_dags/example_external_task_marker_dag.py
[2026-02-05T12:58:33.800+0000] {processor.py:830} INFO - Processing file /home/airflow/.local/lib/python3.12/site-packages/airflow/example_dags/example_external_task_marker_dag.py for tasks to queue
[2026-02-05T12:58:33.803+0000] {logging_mixin.py:188} INFO - [2026-02-05T12:58:33.803+0000] {dagbag.py:540} INFO - Filling up the DagBag from /home/airflow/.local/lib/python3.12/site-packages/airflow/example_dags/example_external_task_marker_dag.py
[2026-02-05T12:58:33.812+0000] {processor.py:840} INFO - DAG(s) 'example_external_task_marker_child', 'example_external_task_marker_parent' retrieved from /home/airflow/.local/lib/python3.12/site-packages/airflow/example_dags/example_external_task_marker_dag.py
[2026-02-05T12:58:33.838+0000] {logging_mixin.py:188} INFO - [2026-02-05T12:58:33.838+0000] {dag.py:3096} INFO - Sync 2 DAGs
[2026-02-05T12:58:33.852+0000] {logging_mixin.py:188} INFO - [2026-02-05T12:58:33.851+0000] {dag.py:3954} INFO - Setting next_dagrun for example_external_task_marker_child to None, run_after=None
[2026-02-05T12:58:33.856+0000] {logging_mixin.py:188} INFO - [2026-02-05T12:58:33.856+0000] {dag.py:3954} INFO - Setting next_dagrun for example_external_task_marker_parent to None, run_after=None
[2026-02-05T12:58:33.872+0000] {processor.py:183} INFO - Processing /home/airflow/.local/lib/python3.12/site-packages/airflow/example_dags/example_external_task_marker_dag.py took 0.080 seconds
[2026-02-05T12:59:03.983+0000] {processor.py:161} INFO - Started process (PID=464) to work on /home/airflow/.local/lib/python3.12/site-packages/airflow/example_dags/example_external_task_marker_dag.py
[2026-02-05T12:59:03.983+0000] {processor.py:830} INFO - Processing file /home/airflow/.local/lib/python3.12/site-packages/airflow/example_dags/example_external_task_marker_dag.py for tasks to queue
[2026-02-05T12:59:03.988+0000] {logging_mixin.py:188} INFO - [2026-02-05T12:59:03.987+0000] {dagbag.py:540} INFO - Filling up the DagBag from /home/airflow/.local/lib/python3.12/site-packages/airflow/example_dags/example_external_task_marker_dag.py
[2026-02-05T12:59:03.996+0000] {processor.py:840} INFO - DAG(s) 'example_external_task_marker_child', 'example_external_task_marker_parent' retrieved from /home/airflow/.local/lib/python3.12/site-packages/airflow/example_dags/example_external_task_marker_dag.py
[2026-02-05T12:59:04.018+0000] {logging_mixin.py:188} INFO - [2026-02-05T12:59:04.018+0000] {dag.py:3096} INFO - Sync 2 DAGs
[2026-02-05T12:59:04.028+0000] {logging_mixin.py:188} INFO - [2026-02-05T12:59:04.028+0000] {dag.py:3954} INFO - Setting next_dagrun for example_external_task_marker_child to None, run_after=None
[2026-02-05T12:59:04.033+0000] {logging_mixin.py:188} INFO - [2026-02-05T12:59:04.033+0000] {dag.py:3954} INFO - Setting next_dagrun for example_external_task_marker_parent to None, run_after=None
[2026-02-05T12:59:04.042+0000] {processor.py:183} INFO - Processing /home/airflow/.local/lib/python3.12/site-packages/airflow/example_dags/example_external_task_marker_dag.py took 0.064 seconds
[2026-02-05T12:59:34.161+0000] {processor.py:161} INFO - Started process (PID=523) to work on /home/airflow/.local/lib/python3.12/site-packages/airflow/example_dags/example_external_task_marker_dag.py
[2026-02-05T12:59:34.163+0000] {processor.py:830} INFO - Processing file /home/airflow/.local/lib/python3.12/site-packages/airflow/example_dags/example_external_task_marker_dag.py for tasks to queue
[2026-02-05T12:59:34.167+0000] {logging_mixin.py:188} INFO - [2026-02-05T12:59:34.166+0000] {dagbag.py:540} INFO - Filling up the DagBag from /home/airflow/.local/lib/python3.12/site-packages/airflow/example_dags/example_external_task_marker_dag.py
[2026-02-05T12:59:34.176+0000] {processor.py:840} INFO - DAG(s) 'example_external_task_marker_child', 'example_external_task_marker_parent' retrieved from /home/airflow/.local/lib/python3.12/site-packages/airflow/example_dags/example_external_task_marker_dag.py
[2026-02-05T12:59:34.208+0000] {logging_mixin.py:188} INFO - [2026-02-05T12:59:34.207+0000] {dag.py:3096} INFO - Sync 2 DAGs
[2026-02-05T12:59:34.225+0000] {logging_mixin.py:188} INFO - [2026-02-05T12:59:34.224+0000] {dag.py:3954} INFO - Setting next_dagrun for example_external_task_marker_child to None, run_after=None
[2026-02-05T12:59:34.229+0000] {logging_mixin.py:188} INFO - [2026-02-05T12:59:34.229+0000] {dag.py:3954} INFO - Setting next_dagrun for example_external_task_marker_parent to None, run_after=None
[2026-02-05T12:59:34.248+0000] {processor.py:183} INFO - Processing /home/airflow/.local/lib/python3.12/site-packages/airflow/example_dags/example_external_task_marker_dag.py took 0.094 seconds
[2026-02-05T13:00:04.408+0000] {processor.py:161} INFO - Started process (PID=581) to work on /home/airflow/.local/lib/python3.12/site-packages/airflow/example_dags/example_external_task_marker_dag.py
[2026-02-05T13:00:04.409+0000] {processor.py:830} INFO - Processing file /home/airflow/.local/lib/python3.12/site-packages/airflow/example_dags/example_external_task_marker_dag.py for tasks to queue
[2026-02-05T13:00:04.417+0000] {logging_mixin.py:188} INFO - [2026-02-05T13:00:04.416+0000] {dagbag.py:540} INFO - Filling up the DagBag from /home/airflow/.local/lib/python3.12/site-packages/airflow/example_dags/example_external_task_marker_dag.py
[2026-02-05T13:00:04.427+0000] {processor.py:840} INFO - DAG(s) 'example_external_task_marker_child', 'example_external_task_marker_parent' retrieved from /home/airflow/.local/lib/python3.12/site-packages/airflow/example_dags/example_external_task_marker_dag.py
[2026-02-05T13:00:04.471+0000] {logging_mixin.py:188} INFO - [2026-02-05T13:00:04.471+0000] {dag.py:3096} INFO - Sync 2 DAGs
[2026-02-05T13:00:04.488+0000] {logging_mixin.py:188} INFO - [2026-02-05T13:00:04.488+0000] {dag.py:3954} INFO - Setting next_dagrun for example_external_task_marker_child to None, run_after=None
[2026-02-05T13:00:04.491+0000] {logging_mixin.py:188} INFO - [2026-02-05T13:00:04.491+0000] {dag.py:3954} INFO - Setting next_dagrun for example_external_task_marker_parent to None, run_after=None
[2026-02-05T13:00:04.509+0000] {processor.py:183} INFO - Processing /home/airflow/.local/lib/python3.12/site-packages/airflow/example_dags/example_external_task_marker_dag.py took 0.113 seconds
[2026-02-05T13:00:34.588+0000] {processor.py:161} INFO - Started process (PID=639) to work on /home/airflow/.local/lib/python3.12/site-packages/airflow/example_dags/example_external_task_marker_dag.py
[2026-02-05T13:00:34.591+0000] {processor.py:830} INFO - Processing file /home/airflow/.local/lib/python3.12/site-packages/airflow/example_dags/example_external_task_marker_dag.py for tasks to queue
[2026-02-05T13:00:34.593+0000] {logging_mixin.py:188} INFO - [2026-02-05T13:00:34.593+0000] {dagbag.py:540} INFO - Filling up the DagBag from /home/airflow/.local/lib/python3.12/site-packages/airflow/example_dags/example_external_task_marker_dag.py
[2026-02-05T13:00:34.604+0000] {processor.py:840} INFO - DAG(s) 'example_external_task_marker_child', 'example_external_task_marker_parent' retrieved from /home/airflow/.local/lib/python3.12/site-packages/airflow/example_dags/example_external_task_marker_dag.py
[2026-02-05T13:00:34.646+0000] {logging_mixin.py:188} INFO - [2026-02-05T13:00:34.645+0000] {dag.py:3096} INFO - Sync 2 DAGs
[2026-02-05T13:00:34.659+0000] {logging_mixin.py:188} INFO - [2026-02-05T13:00:34.659+0000] {dag.py:3954} INFO - Setting next_dagrun for example_external_task_marker_child to None, run_after=None
[2026-02-05T13:00:34.663+0000] {logging_mixin.py:188} INFO - [2026-02-05T13:00:34.663+0000] {dag.py:3954} INFO - Setting next_dagrun for example_external_task_marker_parent to None, run_after=None
[2026-02-05T13:00:34.681+0000] {processor.py:183} INFO - Processing /home/airflow/.local/lib/python3.12/site-packages/airflow/example_dags/example_external_task_marker_dag.py took 0.102 seconds
[2026-02-05T13:01:04.737+0000] {processor.py:161} INFO - Started process (PID=697) to work on /home/airflow/.local/lib/python3.12/site-packages/airflow/example_dags/example_external_task_marker_dag.py
[2026-02-05T13:01:04.738+0000] {processor.py:830} INFO - Processing file /home/airflow/.local/lib/python3.12/site-packages/airflow/example_dags/example_external_task_marker_dag.py for tasks to queue
[2026-02-05T13:01:04.743+0000] {logging_mixin.py:188} INFO - [2026-02-05T13:01:04.743+0000] {dagbag.py:540} INFO - Filling up the DagBag from /home/airflow/.local/lib/python3.12/site-packages/airflow/example_dags/example_external_task_marker_dag.py
[2026-02-05T13:01:04.752+0000] {processor.py:840} INFO - DAG(s) 'example_external_task_marker_parent', 'example_external_task_marker_child' retrieved from /home/airflow/.local/lib/python3.12/site-packages/airflow/example_dags/example_external_task_marker_dag.py
[2026-02-05T13:01:04.775+0000] {logging_mixin.py:188} INFO - [2026-02-05T13:01:04.775+0000] {dag.py:3096} INFO - Sync 2 DAGs
[2026-02-05T13:01:04.786+0000] {logging_mixin.py:188} INFO - [2026-02-05T13:01:04.786+0000] {dag.py:3954} INFO - Setting next_dagrun for example_external_task_marker_child to None, run_after=None
[2026-02-05T13:01:04.790+0000] {logging_mixin.py:188} INFO - [2026-02-05T13:01:04.790+0000] {dag.py:3954} INFO - Setting next_dagrun for example_external_task_marker_parent to None, run_after=None
[2026-02-05T13:01:04.801+0000] {processor.py:183} INFO - Processing /home/airflow/.local/lib/python3.12/site-packages/airflow/example_dags/example_external_task_marker_dag.py took 0.073 seconds
[2026-02-05T13:01:34.869+0000] {processor.py:161} INFO - Started process (PID=755) to work on /home/airflow/.local/lib/python3.12/site-packages/airflow/example_dags/example_external_task_marker_dag.py
[2026-02-05T13:01:34.870+0000] {processor.py:830} INFO - Processing file /home/airflow/.local/lib/python3.12/site-packages/airflow/example_dags/example_external_task_marker_dag.py for tasks to queue
[2026-02-05T13:01:34.873+0000] {logging_mixin.py:188} INFO - [2026-02-05T13:01:34.873+0000] {dagbag.py:540} INFO - Filling up the DagBag from /home/airflow/.local/lib/python3.12/site-packages/airflow/example_dags/example_external_task_marker_dag.py
[2026-02-05T13:01:34.881+0000] {processor.py:840} INFO - DAG(s) 'example_external_task_marker_child', 'example_external_task_marker_parent' retrieved from /home/airflow/.local/lib/python3.12/site-packages/airflow/example_dags/example_external_task_marker_dag.py
[2026-02-05T13:01:34.906+0000] {logging_mixin.py:188} INFO - [2026-02-05T13:01:34.906+0000] {dag.py:3096} INFO - Sync 2 DAGs
[2026-02-05T13:01:34.920+0000] {logging_mixin.py:188} INFO - [2026-02-05T13:01:34.920+0000] {dag.py:3954} INFO - Setting next_dagrun for example_external_task_marker_child to None, run_after=None
[2026-02-05T13:01:34.923+0000] {logging_mixin.py:188} INFO - [2026-02-05T13:01:34.923+0000] {dag.py:3954} INFO - Setting next_dagrun for example_external_task_marker_parent to None, run_after=None
[2026-02-05T13:01:34.934+0000] {processor.py:183} INFO - Processing /home/airflow/.local/lib/python3.12/site-packages/airflow/example_dags/example_external_task_marker_dag.py took 0.075 seconds
[2026-02-05T13:02:05.208+0000] {processor.py:161} INFO - Started process (PID=812) to work on /home/airflow/.local/lib/python3.12/site-packages/airflow/example_dags/example_external_task_marker_dag.py
[2026-02-05T13:02:05.209+0000] {processor.py:830} INFO - Processing file /home/airflow/.local/lib/python3.12/site-packages/airflow/example_dags/example_external_task_marker_dag.py for tasks to queue
[2026-02-05T13:02:05.213+0000] {logging_mixin.py:188} INFO - [2026-02-05T13:02:05.211+0000] {dagbag.py:540} INFO - Filling up the DagBag from /home/airflow/.local/lib/python3.12/site-packages/airflow/example_dags/example_external_task_marker_dag.py
[2026-02-05T13:02:05.231+0000] {processor.py:840} INFO - DAG(s) 'example_external_task_marker_child', 'example_external_task_marker_parent' retrieved from /home/airflow/.local/lib/python3.12/site-packages/airflow/example_dags/example_external_task_marker_dag.py
[2026-02-05T13:02:05.270+0000] {logging_mixin.py:188} INFO - [2026-02-05T13:02:05.270+0000] {dag.py:3096} INFO - Sync 2 DAGs
[2026-02-05T13:02:05.289+0000] {logging_mixin.py:188} INFO - [2026-02-05T13:02:05.288+0000] {dag.py:3954} INFO - Setting next_dagrun for example_external_task_marker_child to None, run_after=None
[2026-02-05T13:02:05.294+0000] {logging_mixin.py:188} INFO - [2026-02-05T13:02:05.294+0000] {dag.py:3954} INFO - Setting next_dagrun for example_external_task_marker_parent to None, run_after=None
[2026-02-05T13:02:05.306+0000] {processor.py:183} INFO - Processing /home/airflow/.local/lib/python3.12/site-packages/airflow/example_dags/example_external_task_marker_dag.py took 0.114 seconds
[2026-02-05T13:02:36.271+0000] {processor.py:161} INFO - Started process (PID=870) to work on /home/airflow/.local/lib/python3.12/site-packages/airflow/example_dags/example_external_task_marker_dag.py
[2026-02-05T13:02:36.272+0000] {processor.py:830} INFO - Processing file /home/airflow/.local/lib/python3.12/site-packages/airflow/example_dags/example_external_task_marker_dag.py for tasks to queue
[2026-02-05T13:02:36.274+0000] {logging_mixin.py:188} INFO - [2026-02-05T13:02:36.274+0000] {dagbag.py:540} INFO - Filling up the DagBag from /home/airflow/.local/lib/python3.12/site-packages/airflow/example_dags/example_external_task_marker_dag.py
[2026-02-05T13:02:36.282+0000] {processor.py:840} INFO - DAG(s) 'example_external_task_marker_child', 'example_external_task_marker_parent' retrieved from /home/airflow/.local/lib/python3.12/site-packages/airflow/example_dags/example_external_task_marker_dag.py
[2026-02-05T13:02:36.304+0000] {logging_mixin.py:188} INFO - [2026-02-05T13:02:36.304+0000] {dag.py:3096} INFO - Sync 2 DAGs
[2026-02-05T13:02:36.313+0000] {logging_mixin.py:188} INFO - [2026-02-05T13:02:36.313+0000] {dag.py:3954} INFO - Setting next_dagrun for example_external_task_marker_child to None, run_after=None
[2026-02-05T13:02:36.316+0000] {logging_mixin.py:188} INFO - [2026-02-05T13:02:36.316+0000] {dag.py:3954} INFO - Setting next_dagrun for example_external_task_marker_parent to None, run_after=None
[2026-02-05T13:02:36.329+0000] {processor.py:183} INFO - Processing /home/airflow/.local/lib/python3.12/site-packages/airflow/example_dags/example_external_task_marker_dag.py took 0.068 seconds
[2026-02-05T13:03:06.516+0000] {processor.py:161} INFO - Started process (PID=928) to work on /home/airflow/.local/lib/python3.12/site-packages/airflow/example_dags/example_external_task_marker_dag.py
[2026-02-05T13:03:06.517+0000] {processor.py:830} INFO - Processing file /home/airflow/.local/lib/python3.12/site-packages/airflow/example_dags/example_external_task_marker_dag.py for tasks to queue
[2026-02-05T13:03:06.521+0000] {logging_mixin.py:188} INFO - [2026-02-05T13:03:06.520+0000] {dagbag.py:540} INFO - Filling up the DagBag from /home/airflow/.local/lib/python3.12/site-packages/airflow/example_dags/example_external_task_marker_dag.py
[2026-02-05T13:03:06.533+0000] {processor.py:840} INFO - DAG(s) 'example_external_task_marker_child', 'example_external_task_marker_parent' retrieved from /home/airflow/.local/lib/python3.12/site-packages/airflow/example_dags/example_external_task_marker_dag.py
[2026-02-05T13:03:06.553+0000] {logging_mixin.py:188} INFO - [2026-02-05T13:03:06.553+0000] {dag.py:3096} INFO - Sync 2 DAGs
[2026-02-05T13:03:06.564+0000] {logging_mixin.py:188} INFO - [2026-02-05T13:03:06.564+0000] {dag.py:3954} INFO - Setting next_dagrun for example_external_task_marker_child to None, run_after=None
[2026-02-05T13:03:06.568+0000] {logging_mixin.py:188} INFO - [2026-02-05T13:03:06.568+0000] {dag.py:3954} INFO - Setting next_dagrun for example_external_task_marker_parent to None, run_after=None
[2026-02-05T13:03:06.583+0000] {processor.py:183} INFO - Processing /home/airflow/.local/lib/python3.12/site-packages/airflow/example_dags/example_external_task_marker_dag.py took 0.074 seconds
[2026-02-05T13:03:36.650+0000] {processor.py:161} INFO - Started process (PID=986) to work on /home/airflow/.local/lib/python3.12/site-packages/airflow/example_dags/example_external_task_marker_dag.py
[2026-02-05T13:03:36.650+0000] {processor.py:830} INFO - Processing file /home/airflow/.local/lib/python3.12/site-packages/airflow/example_dags/example_external_task_marker_dag.py for tasks to queue
[2026-02-05T13:03:36.653+0000] {logging_mixin.py:188} INFO - [2026-02-05T13:03:36.653+0000] {dagbag.py:540} INFO - Filling up the DagBag from /home/airflow/.local/lib/python3.12/site-packages/airflow/example_dags/example_external_task_marker_dag.py
[2026-02-05T13:03:36.672+0000] {processor.py:840} INFO - DAG(s) 'example_external_task_marker_child', 'example_external_task_marker_parent' retrieved from /home/airflow/.local/lib/python3.12/site-packages/airflow/example_dags/example_external_task_marker_dag.py
[2026-02-05T13:03:36.704+0000] {logging_mixin.py:188} INFO - [2026-02-05T13:03:36.704+0000] {dag.py:3096} INFO - Sync 2 DAGs
[2026-02-05T13:03:36.716+0000] {logging_mixin.py:188} INFO - [2026-02-05T13:03:36.715+0000] {dag.py:3954} INFO - Setting next_dagrun for example_external_task_marker_child to None, run_after=None
[2026-02-05T13:03:36.722+0000] {logging_mixin.py:188} INFO - [2026-02-05T13:03:36.722+0000] {dag.py:3954} INFO - Setting next_dagrun for example_external_task_marker_parent to None, run_after=None
[2026-02-05T13:03:36.733+0000] {processor.py:183} INFO - Processing /home/airflow/.local/lib/python3.12/site-packages/airflow/example_dags/example_external_task_marker_dag.py took 0.096 seconds
[2026-02-05T13:04:06.838+0000] {processor.py:161} INFO - Started process (PID=1044) to work on /home/airflow/.local/lib/python3.12/site-packages/airflow/example_dags/example_external_task_marker_dag.py
[2026-02-05T13:04:06.839+0000] {processor.py:830} INFO - Processing file /home/airflow/.local/lib/python3.12/site-packages/airflow/example_dags/example_external_task_marker_dag.py for tasks to queue
[2026-02-05T13:04:06.843+0000] {logging_mixin.py:188} INFO - [2026-02-05T13:04:06.843+0000] {dagbag.py:540} INFO - Filling up the DagBag from /home/airflow/.local/lib/python3.12/site-packages/airflow/example_dags/example_external_task_marker_dag.py
[2026-02-05T13:04:06.848+0000] {processor.py:840} INFO - DAG(s) 'example_external_task_marker_child', 'example_external_task_marker_parent' retrieved from /home/airflow/.local/lib/python3.12/site-packages/airflow/example_dags/example_external_task_marker_dag.py
[2026-02-05T13:04:06.866+0000] {logging_mixin.py:188} INFO - [2026-02-05T13:04:06.866+0000] {dag.py:3096} INFO - Sync 2 DAGs
[2026-02-05T13:04:06.877+0000] {logging_mixin.py:188} INFO - [2026-02-05T13:04:06.877+0000] {dag.py:3954} INFO - Setting next_dagrun for example_external_task_marker_child to None, run_after=None
[2026-02-05T13:04:06.882+0000] {logging_mixin.py:188} INFO - [2026-02-05T13:04:06.882+0000] {dag.py:3954} INFO - Setting next_dagrun for example_external_task_marker_parent to None, run_after=None
[2026-02-05T13:04:06.893+0000] {processor.py:183} INFO - Processing /home/airflow/.local/lib/python3.12/site-packages/airflow/example_dags/example_external_task_marker_dag.py took 0.062 seconds
[2026-02-05T13:04:37.815+0000] {processor.py:161} INFO - Started process (PID=1102) to work on /home/airflow/.local/lib/python3.12/site-packages/airflow/example_dags/example_external_task_marker_dag.py
[2026-02-05T13:04:37.815+0000] {processor.py:830} INFO - Processing file /home/airflow/.local/lib/python3.12/site-packages/airflow/example_dags/example_external_task_marker_dag.py for tasks to queue
[2026-02-05T13:04:37.819+0000] {logging_mixin.py:188} INFO - [2026-02-05T13:04:37.818+0000] {dagbag.py:540} INFO - Filling up the DagBag from /home/airflow/.local/lib/python3.12/site-packages/airflow/example_dags/example_external_task_marker_dag.py
[2026-02-05T13:04:37.827+0000] {processor.py:840} INFO - DAG(s) 'example_external_task_marker_parent', 'example_external_task_marker_child' retrieved from /home/airflow/.local/lib/python3.12/site-packages/airflow/example_dags/example_external_task_marker_dag.py
[2026-02-05T13:04:37.846+0000] {logging_mixin.py:188} INFO - [2026-02-05T13:04:37.846+0000] {dag.py:3096} INFO - Sync 2 DAGs
[2026-02-05T13:04:38.030+0000] {logging_mixin.py:188} INFO - [2026-02-05T13:04:38.030+0000] {dag.py:3954} INFO - Setting next_dagrun for example_external_task_marker_child to None, run_after=None
[2026-02-05T13:04:38.033+0000] {logging_mixin.py:188} INFO - [2026-02-05T13:04:38.033+0000] {dag.py:3954} INFO - Setting next_dagrun for example_external_task_marker_parent to None, run_after=None
[2026-02-05T13:04:38.045+0000] {processor.py:183} INFO - Processing /home/airflow/.local/lib/python3.12/site-packages/airflow/example_dags/example_external_task_marker_dag.py took 0.236 seconds
[2026-02-05T13:05:08.376+0000] {processor.py:161} INFO - Started process (PID=1160) to work on /home/airflow/.local/lib/python3.12/site-packages/airflow/example_dags/example_external_task_marker_dag.py
[2026-02-05T13:05:08.377+0000] {processor.py:830} INFO - Processing file /home/airflow/.local/lib/python3.12/site-packages/airflow/example_dags/example_external_task_marker_dag.py for tasks to queue
[2026-02-05T13:05:08.379+0000] {logging_mixin.py:188} INFO - [2026-02-05T13:05:08.379+0000] {dagbag.py:540} INFO - Filling up the DagBag from /home/airflow/.local/lib/python3.12/site-packages/airflow/example_dags/example_external_task_marker_dag.py
[2026-02-05T13:05:08.392+0000] {processor.py:840} INFO - DAG(s) 'example_external_task_marker_parent', 'example_external_task_marker_child' retrieved from /home/airflow/.local/lib/python3.12/site-packages/airflow/example_dags/example_external_task_marker_dag.py
[2026-02-05T13:05:08.415+0000] {logging_mixin.py:188} INFO - [2026-02-05T13:05:08.415+0000] {dag.py:3096} INFO - Sync 2 DAGs
[2026-02-05T13:05:08.425+0000] {logging_mixin.py:188} INFO - [2026-02-05T13:05:08.424+0000] {dag.py:3954} INFO - Setting next_dagrun for example_external_task_marker_child to None, run_after=None
[2026-02-05T13:05:08.427+0000] {logging_mixin.py:188} INFO - [2026-02-05T13:05:08.427+0000] {dag.py:3954} INFO - Setting next_dagrun for example_external_task_marker_parent to None, run_after=None
[2026-02-05T13:05:08.440+0000] {processor.py:183} INFO - Processing /home/airflow/.local/lib/python3.12/site-packages/airflow/example_dags/example_external_task_marker_dag.py took 0.070 seconds
[2026-02-05T13:05:38.918+0000] {processor.py:161} INFO - Started process (PID=1218) to work on /home/airflow/.local/lib/python3.12/site-packages/airflow/example_dags/example_external_task_marker_dag.py
[2026-02-05T13:05:38.919+0000] {processor.py:830} INFO - Processing file /home/airflow/.local/lib/python3.12/site-packages/airflow/example_dags/example_external_task_marker_dag.py for tasks to queue
[2026-02-05T13:05:38.922+0000] {logging_mixin.py:188} INFO - [2026-02-05T13:05:38.922+0000] {dagbag.py:540} INFO - Filling up the DagBag from /home/airflow/.local/lib/python3.12/site-packages/airflow/example_dags/example_external_task_marker_dag.py
[2026-02-05T13:05:38.929+0000] {processor.py:840} INFO - DAG(s) 'example_external_task_marker_parent', 'example_external_task_marker_child' retrieved from /home/airflow/.local/lib/python3.12/site-packages/airflow/example_dags/example_external_task_marker_dag.py
[2026-02-05T13:05:38.947+0000] {logging_mixin.py:188} INFO - [2026-02-05T13:05:38.947+0000] {dag.py:3096} INFO - Sync 2 DAGs
[2026-02-05T13:05:38.955+0000] {logging_mixin.py:188} INFO - [2026-02-05T13:05:38.955+0000] {dag.py:3954} INFO - Setting next_dagrun for example_external_task_marker_child to None, run_after=None
[2026-02-05T13:05:38.960+0000] {logging_mixin.py:188} INFO - [2026-02-05T13:05:38.960+0000] {dag.py:3954} INFO - Setting next_dagrun for example_external_task_marker_parent to None, run_after=None
[2026-02-05T13:05:38.970+0000] {processor.py:183} INFO - Processing /home/airflow/.local/lib/python3.12/site-packages/airflow/example_dags/example_external_task_marker_dag.py took 0.057 seconds
[2026-02-05T13:06:09.809+0000] {processor.py:161} INFO - Started process (PID=1275) to work on /home/airflow/.local/lib/python3.12/site-packages/airflow/example_dags/example_external_task_marker_dag.py
[2026-02-05T13:06:09.810+0000] {processor.py:830} INFO - Processing file /home/airflow/.local/lib/python3.12/site-packages/airflow/example_dags/example_external_task_marker_dag.py for tasks to queue
[2026-02-05T13:06:09.812+0000] {logging_mixin.py:188} INFO - [2026-02-05T13:06:09.812+0000] {dagbag.py:540} INFO - Filling up the DagBag from /home/airflow/.local/lib/python3.12/site-packages/airflow/example_dags/example_external_task_marker_dag.py
[2026-02-05T13:06:09.822+0000] {processor.py:840} INFO - DAG(s) 'example_external_task_marker_parent', 'example_external_task_marker_child' retrieved from /home/airflow/.local/lib/python3.12/site-packages/airflow/example_dags/example_external_task_marker_dag.py
[2026-02-05T13:06:09.899+0000] {logging_mixin.py:188} INFO - [2026-02-05T13:06:09.899+0000] {dag.py:3096} INFO - Sync 2 DAGs
[2026-02-05T13:06:09.914+0000] {logging_mixin.py:188} INFO - [2026-02-05T13:06:09.914+0000] {dag.py:3954} INFO - Setting next_dagrun for example_external_task_marker_child to None, run_after=None
[2026-02-05T13:06:09.917+0000] {logging_mixin.py:188} INFO - [2026-02-05T13:06:09.917+0000] {dag.py:3954} INFO - Setting next_dagrun for example_external_task_marker_parent to None, run_after=None
[2026-02-05T13:06:09.930+0000] {processor.py:183} INFO - Processing /home/airflow/.local/lib/python3.12/site-packages/airflow/example_dags/example_external_task_marker_dag.py took 0.126 seconds
[2026-02-05T13:06:40.956+0000] {processor.py:161} INFO - Started process (PID=1333) to work on /home/airflow/.local/lib/python3.12/site-packages/airflow/example_dags/example_external_task_marker_dag.py
[2026-02-05T13:06:40.957+0000] {processor.py:830} INFO - Processing file /home/airflow/.local/lib/python3.12/site-packages/airflow/example_dags/example_external_task_marker_dag.py for tasks to queue
[2026-02-05T13:06:40.960+0000] {logging_mixin.py:188} INFO - [2026-02-05T13:06:40.959+0000] {dagbag.py:540} INFO - Filling up the DagBag from /home/airflow/.local/lib/python3.12/site-packages/airflow/example_dags/example_external_task_marker_dag.py
[2026-02-05T13:06:40.976+0000] {processor.py:840} INFO - DAG(s) 'example_external_task_marker_child', 'example_external_task_marker_parent' retrieved from /home/airflow/.local/lib/python3.12/site-packages/airflow/example_dags/example_external_task_marker_dag.py
[2026-02-05T13:06:41.001+0000] {logging_mixin.py:188} INFO - [2026-02-05T13:06:41.001+0000] {dag.py:3096} INFO - Sync 2 DAGs
[2026-02-05T13:06:41.011+0000] {logging_mixin.py:188} INFO - [2026-02-05T13:06:41.011+0000] {dag.py:3954} INFO - Setting next_dagrun for example_external_task_marker_child to None, run_after=None
[2026-02-05T13:06:41.015+0000] {logging_mixin.py:188} INFO - [2026-02-05T13:06:41.014+0000] {dag.py:3954} INFO - Setting next_dagrun for example_external_task_marker_parent to None, run_after=None
[2026-02-05T13:06:41.038+0000] {processor.py:183} INFO - Processing /home/airflow/.local/lib/python3.12/site-packages/airflow/example_dags/example_external_task_marker_dag.py took 0.089 seconds
[2026-02-05T13:07:11.076+0000] {processor.py:161} INFO - Started process (PID=1391) to work on /home/airflow/.local/lib/python3.12/site-packages/airflow/example_dags/example_external_task_marker_dag.py
[2026-02-05T13:07:11.077+0000] {processor.py:830} INFO - Processing file /home/airflow/.local/lib/python3.12/site-packages/airflow/example_dags/example_external_task_marker_dag.py for tasks to queue
[2026-02-05T13:07:11.082+0000] {logging_mixin.py:188} INFO - [2026-02-05T13:07:11.081+0000] {dagbag.py:540} INFO - Filling up the DagBag from /home/airflow/.local/lib/python3.12/site-packages/airflow/example_dags/example_external_task_marker_dag.py
[2026-02-05T13:07:11.095+0000] {processor.py:840} INFO - DAG(s) 'example_external_task_marker_parent', 'example_external_task_marker_child' retrieved from /home/airflow/.local/lib/python3.12/site-packages/airflow/example_dags/example_external_task_marker_dag.py
[2026-02-05T13:07:11.119+0000] {logging_mixin.py:188} INFO - [2026-02-05T13:07:11.119+0000] {dag.py:3096} INFO - Sync 2 DAGs
[2026-02-05T13:07:11.130+0000] {logging_mixin.py:188} INFO - [2026-02-05T13:07:11.130+0000] {dag.py:3954} INFO - Setting next_dagrun for example_external_task_marker_child to None, run_after=None
[2026-02-05T13:07:11.134+0000] {logging_mixin.py:188} INFO - [2026-02-05T13:07:11.134+0000] {dag.py:3954} INFO - Setting next_dagrun for example_external_task_marker_parent to None, run_after=None
[2026-02-05T13:07:11.148+0000] {processor.py:183} INFO - Processing /home/airflow/.local/lib/python3.12/site-packages/airflow/example_dags/example_external_task_marker_dag.py took 0.078 seconds
[2026-02-05T13:07:41.190+0000] {processor.py:161} INFO - Started process (PID=1449) to work on /home/airflow/.local/lib/python3.12/site-packages/airflow/example_dags/example_external_task_marker_dag.py
[2026-02-05T13:07:41.191+0000] {processor.py:830} INFO - Processing file /home/airflow/.local/lib/python3.12/site-packages/airflow/example_dags/example_external_task_marker_dag.py for tasks to queue
[2026-02-05T13:07:41.195+0000] {logging_mixin.py:188} INFO - [2026-02-05T13:07:41.194+0000] {dagbag.py:540} INFO - Filling up the DagBag from /home/airflow/.local/lib/python3.12/site-packages/airflow/example_dags/example_external_task_marker_dag.py
[2026-02-05T13:07:41.206+0000] {processor.py:840} INFO - DAG(s) 'example_external_task_marker_parent', 'example_external_task_marker_child' retrieved from /home/airflow/.local/lib/python3.12/site-packages/airflow/example_dags/example_external_task_marker_dag.py
[2026-02-05T13:07:41.236+0000] {logging_mixin.py:188} INFO - [2026-02-05T13:07:41.236+0000] {dag.py:3096} INFO - Sync 2 DAGs
[2026-02-05T13:07:41.249+0000] {logging_mixin.py:188} INFO - [2026-02-05T13:07:41.249+0000] {dag.py:3954} INFO - Setting next_dagrun for example_external_task_marker_child to None, run_after=None
[2026-02-05T13:07:41.253+0000] {logging_mixin.py:188} INFO - [2026-02-05T13:07:41.253+0000] {dag.py:3954} INFO - Setting next_dagrun for example_external_task_marker_parent to None, run_after=None
[2026-02-05T13:07:41.265+0000] {processor.py:183} INFO - Processing /home/airflow/.local/lib/python3.12/site-packages/airflow/example_dags/example_external_task_marker_dag.py took 0.082 seconds
[2026-02-05T13:08:11.449+0000] {processor.py:161} INFO - Started process (PID=1507) to work on /home/airflow/.local/lib/python3.12/site-packages/airflow/example_dags/example_external_task_marker_dag.py
[2026-02-05T13:08:11.450+0000] {processor.py:830} INFO - Processing file /home/airflow/.local/lib/python3.12/site-packages/airflow/example_dags/example_external_task_marker_dag.py for tasks to queue
[2026-02-05T13:08:11.457+0000] {logging_mixin.py:188} INFO - [2026-02-05T13:08:11.456+0000] {dagbag.py:540} INFO - Filling up the DagBag from /home/airflow/.local/lib/python3.12/site-packages/airflow/example_dags/example_external_task_marker_dag.py
[2026-02-05T13:08:11.478+0000] {processor.py:840} INFO - DAG(s) 'example_external_task_marker_parent', 'example_external_task_marker_child' retrieved from /home/airflow/.local/lib/python3.12/site-packages/airflow/example_dags/example_external_task_marker_dag.py
[2026-02-05T13:08:11.527+0000] {logging_mixin.py:188} INFO - [2026-02-05T13:08:11.527+0000] {dag.py:3096} INFO - Sync 2 DAGs
[2026-02-05T13:08:11.544+0000] {logging_mixin.py:188} INFO - [2026-02-05T13:08:11.544+0000] {dag.py:3954} INFO - Setting next_dagrun for example_external_task_marker_child to None, run_after=None
[2026-02-05T13:08:11.547+0000] {logging_mixin.py:188} INFO - [2026-02-05T13:08:11.547+0000] {dag.py:3954} INFO - Setting next_dagrun for example_external_task_marker_parent to None, run_after=None
[2026-02-05T13:08:11.565+0000] {processor.py:183} INFO - Processing /home/airflow/.local/lib/python3.12/site-packages/airflow/example_dags/example_external_task_marker_dag.py took 0.130 seconds
[2026-02-05T13:08:41.788+0000] {processor.py:161} INFO - Started process (PID=1564) to work on /home/airflow/.local/lib/python3.12/site-packages/airflow/example_dags/example_external_task_marker_dag.py
[2026-02-05T13:08:41.790+0000] {processor.py:830} INFO - Processing file /home/airflow/.local/lib/python3.12/site-packages/airflow/example_dags/example_external_task_marker_dag.py for tasks to queue
[2026-02-05T13:08:41.796+0000] {logging_mixin.py:188} INFO - [2026-02-05T13:08:41.795+0000] {dagbag.py:540} INFO - Filling up the DagBag from /home/airflow/.local/lib/python3.12/site-packages/airflow/example_dags/example_external_task_marker_dag.py
[2026-02-05T13:08:41.809+0000] {processor.py:840} INFO - DAG(s) 'example_external_task_marker_parent', 'example_external_task_marker_child' retrieved from /home/airflow/.local/lib/python3.12/site-packages/airflow/example_dags/example_external_task_marker_dag.py
[2026-02-05T13:08:41.846+0000] {logging_mixin.py:188} INFO - [2026-02-05T13:08:41.845+0000] {dag.py:3096} INFO - Sync 2 DAGs
[2026-02-05T13:08:41.866+0000] {logging_mixin.py:188} INFO - [2026-02-05T13:08:41.866+0000] {dag.py:3954} INFO - Setting next_dagrun for example_external_task_marker_child to None, run_after=None
[2026-02-05T13:08:41.870+0000] {logging_mixin.py:188} INFO - [2026-02-05T13:08:41.870+0000] {dag.py:3954} INFO - Setting next_dagrun for example_external_task_marker_parent to None, run_after=None
[2026-02-05T13:08:41.882+0000] {processor.py:183} INFO - Processing /home/airflow/.local/lib/python3.12/site-packages/airflow/example_dags/example_external_task_marker_dag.py took 0.103 seconds
[2026-02-05T13:09:11.925+0000] {processor.py:161} INFO - Started process (PID=1621) to work on /home/airflow/.local/lib/python3.12/site-packages/airflow/example_dags/example_external_task_marker_dag.py
[2026-02-05T13:09:11.932+0000] {processor.py:830} INFO - Processing file /home/airflow/.local/lib/python3.12/site-packages/airflow/example_dags/example_external_task_marker_dag.py for tasks to queue
[2026-02-05T13:09:11.935+0000] {logging_mixin.py:188} INFO - [2026-02-05T13:09:11.935+0000] {dagbag.py:540} INFO - Filling up the DagBag from /home/airflow/.local/lib/python3.12/site-packages/airflow/example_dags/example_external_task_marker_dag.py
[2026-02-05T13:09:11.947+0000] {processor.py:840} INFO - DAG(s) 'example_external_task_marker_child', 'example_external_task_marker_parent' retrieved from /home/airflow/.local/lib/python3.12/site-packages/airflow/example_dags/example_external_task_marker_dag.py
[2026-02-05T13:09:11.992+0000] {logging_mixin.py:188} INFO - [2026-02-05T13:09:11.992+0000] {dag.py:3096} INFO - Sync 2 DAGs
[2026-02-05T13:09:12.014+0000] {logging_mixin.py:188} INFO - [2026-02-05T13:09:12.014+0000] {dag.py:3954} INFO - Setting next_dagrun for example_external_task_marker_child to None, run_after=None
[2026-02-05T13:09:12.018+0000] {logging_mixin.py:188} INFO - [2026-02-05T13:09:12.017+0000] {dag.py:3954} INFO - Setting next_dagrun for example_external_task_marker_parent to None, run_after=None
[2026-02-05T13:09:12.029+0000] {processor.py:183} INFO - Processing /home/airflow/.local/lib/python3.12/site-packages/airflow/example_dags/example_external_task_marker_dag.py took 0.112 seconds
[2026-02-05T13:09:42.299+0000] {processor.py:161} INFO - Started process (PID=1680) to work on /home/airflow/.local/lib/python3.12/site-packages/airflow/example_dags/example_external_task_marker_dag.py
[2026-02-05T13:09:42.300+0000] {processor.py:830} INFO - Processing file /home/airflow/.local/lib/python3.12/site-packages/airflow/example_dags/example_external_task_marker_dag.py for tasks to queue
[2026-02-05T13:09:42.302+0000] {logging_mixin.py:188} INFO - [2026-02-05T13:09:42.302+0000] {dagbag.py:540} INFO - Filling up the DagBag from /home/airflow/.local/lib/python3.12/site-packages/airflow/example_dags/example_external_task_marker_dag.py
[2026-02-05T13:09:42.309+0000] {processor.py:840} INFO - DAG(s) 'example_external_task_marker_parent', 'example_external_task_marker_child' retrieved from /home/airflow/.local/lib/python3.12/site-packages/airflow/example_dags/example_external_task_marker_dag.py
[2026-02-05T13:09:42.334+0000] {logging_mixin.py:188} INFO - [2026-02-05T13:09:42.334+0000] {dag.py:3096} INFO - Sync 2 DAGs
[2026-02-05T13:09:42.344+0000] {logging_mixin.py:188} INFO - [2026-02-05T13:09:42.343+0000] {dag.py:3954} INFO - Setting next_dagrun for example_external_task_marker_child to None, run_after=None
[2026-02-05T13:09:42.348+0000] {logging_mixin.py:188} INFO - [2026-02-05T13:09:42.348+0000] {dag.py:3954} INFO - Setting next_dagrun for example_external_task_marker_parent to None, run_after=None
[2026-02-05T13:09:42.358+0000] {processor.py:183} INFO - Processing /home/airflow/.local/lib/python3.12/site-packages/airflow/example_dags/example_external_task_marker_dag.py took 0.066 seconds
[2026-02-05T13:10:12.586+0000] {processor.py:161} INFO - Started process (PID=1737) to work on /home/airflow/.local/lib/python3.12/site-packages/airflow/example_dags/example_external_task_marker_dag.py
[2026-02-05T13:10:12.587+0000] {processor.py:830} INFO - Processing file /home/airflow/.local/lib/python3.12/site-packages/airflow/example_dags/example_external_task_marker_dag.py for tasks to queue
[2026-02-05T13:10:12.589+0000] {logging_mixin.py:188} INFO - [2026-02-05T13:10:12.588+0000] {dagbag.py:540} INFO - Filling up the DagBag from /home/airflow/.local/lib/python3.12/site-packages/airflow/example_dags/example_external_task_marker_dag.py
[2026-02-05T13:10:12.595+0000] {processor.py:840} INFO - DAG(s) 'example_external_task_marker_child', 'example_external_task_marker_parent' retrieved from /home/airflow/.local/lib/python3.12/site-packages/airflow/example_dags/example_external_task_marker_dag.py
[2026-02-05T13:10:12.612+0000] {logging_mixin.py:188} INFO - [2026-02-05T13:10:12.612+0000] {dag.py:3096} INFO - Sync 2 DAGs
[2026-02-05T13:10:12.620+0000] {logging_mixin.py:188} INFO - [2026-02-05T13:10:12.620+0000] {dag.py:3954} INFO - Setting next_dagrun for example_external_task_marker_child to None, run_after=None
[2026-02-05T13:10:12.623+0000] {logging_mixin.py:188} INFO - [2026-02-05T13:10:12.623+0000] {dag.py:3954} INFO - Setting next_dagrun for example_external_task_marker_parent to None, run_after=None
[2026-02-05T13:10:12.634+0000] {processor.py:183} INFO - Processing /home/airflow/.local/lib/python3.12/site-packages/airflow/example_dags/example_external_task_marker_dag.py took 0.053 seconds
[2026-02-05T13:10:42.782+0000] {processor.py:161} INFO - Started process (PID=1795) to work on /home/airflow/.local/lib/python3.12/site-packages/airflow/example_dags/example_external_task_marker_dag.py
[2026-02-05T13:10:42.783+0000] {processor.py:830} INFO - Processing file /home/airflow/.local/lib/python3.12/site-packages/airflow/example_dags/example_external_task_marker_dag.py for tasks to queue
[2026-02-05T13:10:42.787+0000] {logging_mixin.py:188} INFO - [2026-02-05T13:10:42.787+0000] {dagbag.py:540} INFO - Filling up the DagBag from /home/airflow/.local/lib/python3.12/site-packages/airflow/example_dags/example_external_task_marker_dag.py
[2026-02-05T13:10:42.792+0000] {processor.py:840} INFO - DAG(s) 'example_external_task_marker_parent', 'example_external_task_marker_child' retrieved from /home/airflow/.local/lib/python3.12/site-packages/airflow/example_dags/example_external_task_marker_dag.py
[2026-02-05T13:10:42.809+0000] {logging_mixin.py:188} INFO - [2026-02-05T13:10:42.809+0000] {dag.py:3096} INFO - Sync 2 DAGs
[2026-02-05T13:10:42.817+0000] {logging_mixin.py:188} INFO - [2026-02-05T13:10:42.817+0000] {dag.py:3954} INFO - Setting next_dagrun for example_external_task_marker_child to None, run_after=None
[2026-02-05T13:10:42.821+0000] {logging_mixin.py:188} INFO - [2026-02-05T13:10:42.821+0000] {dag.py:3954} INFO - Setting next_dagrun for example_external_task_marker_parent to None, run_after=None
[2026-02-05T13:10:42.832+0000] {processor.py:183} INFO - Processing /home/airflow/.local/lib/python3.12/site-packages/airflow/example_dags/example_external_task_marker_dag.py took 0.055 seconds
[2026-02-05T13:11:13.539+0000] {processor.py:161} INFO - Started process (PID=1853) to work on /home/airflow/.local/lib/python3.12/site-packages/airflow/example_dags/example_external_task_marker_dag.py
[2026-02-05T13:11:13.539+0000] {processor.py:830} INFO - Processing file /home/airflow/.local/lib/python3.12/site-packages/airflow/example_dags/example_external_task_marker_dag.py for tasks to queue
[2026-02-05T13:11:13.541+0000] {logging_mixin.py:188} INFO - [2026-02-05T13:11:13.540+0000] {dagbag.py:540} INFO - Filling up the DagBag from /home/airflow/.local/lib/python3.12/site-packages/airflow/example_dags/example_external_task_marker_dag.py
[2026-02-05T13:11:13.545+0000] {processor.py:840} INFO - DAG(s) 'example_external_task_marker_child', 'example_external_task_marker_parent' retrieved from /home/airflow/.local/lib/python3.12/site-packages/airflow/example_dags/example_external_task_marker_dag.py
[2026-02-05T13:11:13.561+0000] {logging_mixin.py:188} INFO - [2026-02-05T13:11:13.561+0000] {dag.py:3096} INFO - Sync 2 DAGs
[2026-02-05T13:11:13.568+0000] {logging_mixin.py:188} INFO - [2026-02-05T13:11:13.568+0000] {dag.py:3954} INFO - Setting next_dagrun for example_external_task_marker_child to None, run_after=None
[2026-02-05T13:11:13.573+0000] {logging_mixin.py:188} INFO - [2026-02-05T13:11:13.573+0000] {dag.py:3954} INFO - Setting next_dagrun for example_external_task_marker_parent to None, run_after=None
[2026-02-05T13:11:13.582+0000] {processor.py:183} INFO - Processing /home/airflow/.local/lib/python3.12/site-packages/airflow/example_dags/example_external_task_marker_dag.py took 0.047 seconds
[2026-02-05T13:11:44.475+0000] {processor.py:161} INFO - Started process (PID=1911) to work on /home/airflow/.local/lib/python3.12/site-packages/airflow/example_dags/example_external_task_marker_dag.py
[2026-02-05T13:11:44.479+0000] {processor.py:830} INFO - Processing file /home/airflow/.local/lib/python3.12/site-packages/airflow/example_dags/example_external_task_marker_dag.py for tasks to queue
[2026-02-05T13:11:44.481+0000] {logging_mixin.py:188} INFO - [2026-02-05T13:11:44.481+0000] {dagbag.py:540} INFO - Filling up the DagBag from /home/airflow/.local/lib/python3.12/site-packages/airflow/example_dags/example_external_task_marker_dag.py
[2026-02-05T13:11:44.487+0000] {processor.py:840} INFO - DAG(s) 'example_external_task_marker_parent', 'example_external_task_marker_child' retrieved from /home/airflow/.local/lib/python3.12/site-packages/airflow/example_dags/example_external_task_marker_dag.py
[2026-02-05T13:11:44.503+0000] {logging_mixin.py:188} INFO - [2026-02-05T13:11:44.503+0000] {dag.py:3096} INFO - Sync 2 DAGs
[2026-02-05T13:11:44.512+0000] {logging_mixin.py:188} INFO - [2026-02-05T13:11:44.511+0000] {dag.py:3954} INFO - Setting next_dagrun for example_external_task_marker_child to None, run_after=None
[2026-02-05T13:11:44.516+0000] {logging_mixin.py:188} INFO - [2026-02-05T13:11:44.516+0000] {dag.py:3954} INFO - Setting next_dagrun for example_external_task_marker_parent to None, run_after=None
[2026-02-05T13:11:44.527+0000] {processor.py:183} INFO - Processing /home/airflow/.local/lib/python3.12/site-packages/airflow/example_dags/example_external_task_marker_dag.py took 0.057 seconds
[2026-02-05T13:12:15.386+0000] {processor.py:161} INFO - Started process (PID=1969) to work on /home/airflow/.local/lib/python3.12/site-packages/airflow/example_dags/example_external_task_marker_dag.py
[2026-02-05T13:12:15.387+0000] {processor.py:830} INFO - Processing file /home/airflow/.local/lib/python3.12/site-packages/airflow/example_dags/example_external_task_marker_dag.py for tasks to queue
[2026-02-05T13:12:15.388+0000] {logging_mixin.py:188} INFO - [2026-02-05T13:12:15.388+0000] {dagbag.py:540} INFO - Filling up the DagBag from /home/airflow/.local/lib/python3.12/site-packages/airflow/example_dags/example_external_task_marker_dag.py
[2026-02-05T13:12:15.397+0000] {processor.py:840} INFO - DAG(s) 'example_external_task_marker_parent', 'example_external_task_marker_child' retrieved from /home/airflow/.local/lib/python3.12/site-packages/airflow/example_dags/example_external_task_marker_dag.py
[2026-02-05T13:12:15.417+0000] {logging_mixin.py:188} INFO - [2026-02-05T13:12:15.416+0000] {dag.py:3096} INFO - Sync 2 DAGs
[2026-02-05T13:12:15.427+0000] {logging_mixin.py:188} INFO - [2026-02-05T13:12:15.427+0000] {dag.py:3954} INFO - Setting next_dagrun for example_external_task_marker_child to None, run_after=None
[2026-02-05T13:12:15.431+0000] {logging_mixin.py:188} INFO - [2026-02-05T13:12:15.431+0000] {dag.py:3954} INFO - Setting next_dagrun for example_external_task_marker_parent to None, run_after=None
[2026-02-05T13:12:15.441+0000] {processor.py:183} INFO - Processing /home/airflow/.local/lib/python3.12/site-packages/airflow/example_dags/example_external_task_marker_dag.py took 0.060 seconds
[2026-02-05T13:12:46.308+0000] {processor.py:161} INFO - Started process (PID=2027) to work on /home/airflow/.local/lib/python3.12/site-packages/airflow/example_dags/example_external_task_marker_dag.py
[2026-02-05T13:12:46.310+0000] {processor.py:830} INFO - Processing file /home/airflow/.local/lib/python3.12/site-packages/airflow/example_dags/example_external_task_marker_dag.py for tasks to queue
[2026-02-05T13:12:46.312+0000] {logging_mixin.py:188} INFO - [2026-02-05T13:12:46.312+0000] {dagbag.py:540} INFO - Filling up the DagBag from /home/airflow/.local/lib/python3.12/site-packages/airflow/example_dags/example_external_task_marker_dag.py
[2026-02-05T13:12:46.318+0000] {processor.py:840} INFO - DAG(s) 'example_external_task_marker_parent', 'example_external_task_marker_child' retrieved from /home/airflow/.local/lib/python3.12/site-packages/airflow/example_dags/example_external_task_marker_dag.py
[2026-02-05T13:12:46.343+0000] {logging_mixin.py:188} INFO - [2026-02-05T13:12:46.343+0000] {dag.py:3096} INFO - Sync 2 DAGs
[2026-02-05T13:12:46.354+0000] {logging_mixin.py:188} INFO - [2026-02-05T13:12:46.353+0000] {dag.py:3954} INFO - Setting next_dagrun for example_external_task_marker_child to None, run_after=None
[2026-02-05T13:12:46.356+0000] {logging_mixin.py:188} INFO - [2026-02-05T13:12:46.356+0000] {dag.py:3954} INFO - Setting next_dagrun for example_external_task_marker_parent to None, run_after=None
[2026-02-05T13:12:46.368+0000] {processor.py:183} INFO - Processing /home/airflow/.local/lib/python3.12/site-packages/airflow/example_dags/example_external_task_marker_dag.py took 0.069 seconds
[2026-02-05T13:13:17.148+0000] {processor.py:161} INFO - Started process (PID=2084) to work on /home/airflow/.local/lib/python3.12/site-packages/airflow/example_dags/example_external_task_marker_dag.py
[2026-02-05T13:13:17.149+0000] {processor.py:830} INFO - Processing file /home/airflow/.local/lib/python3.12/site-packages/airflow/example_dags/example_external_task_marker_dag.py for tasks to queue
[2026-02-05T13:13:17.151+0000] {logging_mixin.py:188} INFO - [2026-02-05T13:13:17.151+0000] {dagbag.py:540} INFO - Filling up the DagBag from /home/airflow/.local/lib/python3.12/site-packages/airflow/example_dags/example_external_task_marker_dag.py
[2026-02-05T13:13:17.157+0000] {processor.py:840} INFO - DAG(s) 'example_external_task_marker_parent', 'example_external_task_marker_child' retrieved from /home/airflow/.local/lib/python3.12/site-packages/airflow/example_dags/example_external_task_marker_dag.py
[2026-02-05T13:13:17.174+0000] {logging_mixin.py:188} INFO - [2026-02-05T13:13:17.173+0000] {dag.py:3096} INFO - Sync 2 DAGs
[2026-02-05T13:13:17.181+0000] {logging_mixin.py:188} INFO - [2026-02-05T13:13:17.181+0000] {dag.py:3954} INFO - Setting next_dagrun for example_external_task_marker_child to None, run_after=None
[2026-02-05T13:13:17.183+0000] {logging_mixin.py:188} INFO - [2026-02-05T13:13:17.183+0000] {dag.py:3954} INFO - Setting next_dagrun for example_external_task_marker_parent to None, run_after=None
[2026-02-05T13:13:17.193+0000] {processor.py:183} INFO - Processing /home/airflow/.local/lib/python3.12/site-packages/airflow/example_dags/example_external_task_marker_dag.py took 0.049 seconds
[2026-02-05T13:13:47.897+0000] {processor.py:161} INFO - Started process (PID=2142) to work on /home/airflow/.local/lib/python3.12/site-packages/airflow/example_dags/example_external_task_marker_dag.py
[2026-02-05T13:13:47.901+0000] {processor.py:830} INFO - Processing file /home/airflow/.local/lib/python3.12/site-packages/airflow/example_dags/example_external_task_marker_dag.py for tasks to queue
[2026-02-05T13:13:47.903+0000] {logging_mixin.py:188} INFO - [2026-02-05T13:13:47.903+0000] {dagbag.py:540} INFO - Filling up the DagBag from /home/airflow/.local/lib/python3.12/site-packages/airflow/example_dags/example_external_task_marker_dag.py
[2026-02-05T13:13:47.910+0000] {processor.py:840} INFO - DAG(s) 'example_external_task_marker_parent', 'example_external_task_marker_child' retrieved from /home/airflow/.local/lib/python3.12/site-packages/airflow/example_dags/example_external_task_marker_dag.py
[2026-02-05T13:13:47.934+0000] {logging_mixin.py:188} INFO - [2026-02-05T13:13:47.933+0000] {dag.py:3096} INFO - Sync 2 DAGs
[2026-02-05T13:13:47.945+0000] {logging_mixin.py:188} INFO - [2026-02-05T13:13:47.944+0000] {dag.py:3954} INFO - Setting next_dagrun for example_external_task_marker_child to None, run_after=None
[2026-02-05T13:13:47.949+0000] {logging_mixin.py:188} INFO - [2026-02-05T13:13:47.949+0000] {dag.py:3954} INFO - Setting next_dagrun for example_external_task_marker_parent to None, run_after=None
[2026-02-05T13:13:47.961+0000] {processor.py:183} INFO - Processing /home/airflow/.local/lib/python3.12/site-packages/airflow/example_dags/example_external_task_marker_dag.py took 0.069 seconds
[2026-02-05T13:14:18.855+0000] {processor.py:161} INFO - Started process (PID=2200) to work on /home/airflow/.local/lib/python3.12/site-packages/airflow/example_dags/example_external_task_marker_dag.py
[2026-02-05T13:14:18.856+0000] {processor.py:830} INFO - Processing file /home/airflow/.local/lib/python3.12/site-packages/airflow/example_dags/example_external_task_marker_dag.py for tasks to queue
[2026-02-05T13:14:18.858+0000] {logging_mixin.py:188} INFO - [2026-02-05T13:14:18.858+0000] {dagbag.py:540} INFO - Filling up the DagBag from /home/airflow/.local/lib/python3.12/site-packages/airflow/example_dags/example_external_task_marker_dag.py
[2026-02-05T13:14:18.867+0000] {processor.py:840} INFO - DAG(s) 'example_external_task_marker_parent', 'example_external_task_marker_child' retrieved from /home/airflow/.local/lib/python3.12/site-packages/airflow/example_dags/example_external_task_marker_dag.py
[2026-02-05T13:14:18.887+0000] {logging_mixin.py:188} INFO - [2026-02-05T13:14:18.887+0000] {dag.py:3096} INFO - Sync 2 DAGs
[2026-02-05T13:14:18.899+0000] {logging_mixin.py:188} INFO - [2026-02-05T13:14:18.899+0000] {dag.py:3954} INFO - Setting next_dagrun for example_external_task_marker_child to None, run_after=None
[2026-02-05T13:14:18.903+0000] {logging_mixin.py:188} INFO - [2026-02-05T13:14:18.903+0000] {dag.py:3954} INFO - Setting next_dagrun for example_external_task_marker_parent to None, run_after=None
[2026-02-05T13:14:18.915+0000] {processor.py:183} INFO - Processing /home/airflow/.local/lib/python3.12/site-packages/airflow/example_dags/example_external_task_marker_dag.py took 0.075 seconds
[2026-02-05T13:14:48.971+0000] {processor.py:161} INFO - Started process (PID=2258) to work on /home/airflow/.local/lib/python3.12/site-packages/airflow/example_dags/example_external_task_marker_dag.py
[2026-02-05T13:14:48.974+0000] {processor.py:830} INFO - Processing file /home/airflow/.local/lib/python3.12/site-packages/airflow/example_dags/example_external_task_marker_dag.py for tasks to queue
[2026-02-05T13:14:48.979+0000] {logging_mixin.py:188} INFO - [2026-02-05T13:14:48.978+0000] {dagbag.py:540} INFO - Filling up the DagBag from /home/airflow/.local/lib/python3.12/site-packages/airflow/example_dags/example_external_task_marker_dag.py
[2026-02-05T13:14:48.987+0000] {processor.py:840} INFO - DAG(s) 'example_external_task_marker_child', 'example_external_task_marker_parent' retrieved from /home/airflow/.local/lib/python3.12/site-packages/airflow/example_dags/example_external_task_marker_dag.py
[2026-02-05T13:14:49.013+0000] {logging_mixin.py:188} INFO - [2026-02-05T13:14:49.012+0000] {dag.py:3096} INFO - Sync 2 DAGs
[2026-02-05T13:14:49.026+0000] {logging_mixin.py:188} INFO - [2026-02-05T13:14:49.026+0000] {dag.py:3954} INFO - Setting next_dagrun for example_external_task_marker_child to None, run_after=None
[2026-02-05T13:14:49.033+0000] {logging_mixin.py:188} INFO - [2026-02-05T13:14:49.032+0000] {dag.py:3954} INFO - Setting next_dagrun for example_external_task_marker_parent to None, run_after=None
[2026-02-05T13:14:49.051+0000] {processor.py:183} INFO - Processing /home/airflow/.local/lib/python3.12/site-packages/airflow/example_dags/example_external_task_marker_dag.py took 0.085 seconds
[2026-02-05T13:15:20.014+0000] {processor.py:161} INFO - Started process (PID=2315) to work on /home/airflow/.local/lib/python3.12/site-packages/airflow/example_dags/example_external_task_marker_dag.py
[2026-02-05T13:15:20.017+0000] {processor.py:830} INFO - Processing file /home/airflow/.local/lib/python3.12/site-packages/airflow/example_dags/example_external_task_marker_dag.py for tasks to queue
[2026-02-05T13:15:20.019+0000] {logging_mixin.py:188} INFO - [2026-02-05T13:15:20.019+0000] {dagbag.py:540} INFO - Filling up the DagBag from /home/airflow/.local/lib/python3.12/site-packages/airflow/example_dags/example_external_task_marker_dag.py
[2026-02-05T13:15:20.026+0000] {processor.py:840} INFO - DAG(s) 'example_external_task_marker_child', 'example_external_task_marker_parent' retrieved from /home/airflow/.local/lib/python3.12/site-packages/airflow/example_dags/example_external_task_marker_dag.py
[2026-02-05T13:15:20.051+0000] {logging_mixin.py:188} INFO - [2026-02-05T13:15:20.051+0000] {dag.py:3096} INFO - Sync 2 DAGs
[2026-02-05T13:15:20.062+0000] {logging_mixin.py:188} INFO - [2026-02-05T13:15:20.062+0000] {dag.py:3954} INFO - Setting next_dagrun for example_external_task_marker_child to None, run_after=None
[2026-02-05T13:15:20.066+0000] {logging_mixin.py:188} INFO - [2026-02-05T13:15:20.066+0000] {dag.py:3954} INFO - Setting next_dagrun for example_external_task_marker_parent to None, run_after=None
[2026-02-05T13:15:20.077+0000] {processor.py:183} INFO - Processing /home/airflow/.local/lib/python3.12/site-packages/airflow/example_dags/example_external_task_marker_dag.py took 0.067 seconds
[2026-02-05T13:15:50.898+0000] {processor.py:161} INFO - Started process (PID=2373) to work on /home/airflow/.local/lib/python3.12/site-packages/airflow/example_dags/example_external_task_marker_dag.py
[2026-02-05T13:15:50.899+0000] {processor.py:830} INFO - Processing file /home/airflow/.local/lib/python3.12/site-packages/airflow/example_dags/example_external_task_marker_dag.py for tasks to queue
[2026-02-05T13:15:50.899+0000] {logging_mixin.py:188} INFO - [2026-02-05T13:15:50.899+0000] {dagbag.py:540} INFO - Filling up the DagBag from /home/airflow/.local/lib/python3.12/site-packages/airflow/example_dags/example_external_task_marker_dag.py
[2026-02-05T13:15:50.904+0000] {processor.py:840} INFO - DAG(s) 'example_external_task_marker_child', 'example_external_task_marker_parent' retrieved from /home/airflow/.local/lib/python3.12/site-packages/airflow/example_dags/example_external_task_marker_dag.py
[2026-02-05T13:15:50.919+0000] {logging_mixin.py:188} INFO - [2026-02-05T13:15:50.918+0000] {dag.py:3096} INFO - Sync 2 DAGs
[2026-02-05T13:15:50.928+0000] {logging_mixin.py:188} INFO - [2026-02-05T13:15:50.928+0000] {dag.py:3954} INFO - Setting next_dagrun for example_external_task_marker_child to None, run_after=None
[2026-02-05T13:15:50.932+0000] {logging_mixin.py:188} INFO - [2026-02-05T13:15:50.932+0000] {dag.py:3954} INFO - Setting next_dagrun for example_external_task_marker_parent to None, run_after=None
[2026-02-05T13:15:50.946+0000] {processor.py:183} INFO - Processing /home/airflow/.local/lib/python3.12/site-packages/airflow/example_dags/example_external_task_marker_dag.py took 0.052 seconds
[2026-02-05T13:16:21.876+0000] {processor.py:161} INFO - Started process (PID=2431) to work on /home/airflow/.local/lib/python3.12/site-packages/airflow/example_dags/example_external_task_marker_dag.py
[2026-02-05T13:16:21.877+0000] {processor.py:830} INFO - Processing file /home/airflow/.local/lib/python3.12/site-packages/airflow/example_dags/example_external_task_marker_dag.py for tasks to queue
[2026-02-05T13:16:21.878+0000] {logging_mixin.py:188} INFO - [2026-02-05T13:16:21.878+0000] {dagbag.py:540} INFO - Filling up the DagBag from /home/airflow/.local/lib/python3.12/site-packages/airflow/example_dags/example_external_task_marker_dag.py
[2026-02-05T13:16:21.882+0000] {processor.py:840} INFO - DAG(s) 'example_external_task_marker_child', 'example_external_task_marker_parent' retrieved from /home/airflow/.local/lib/python3.12/site-packages/airflow/example_dags/example_external_task_marker_dag.py
[2026-02-05T13:16:21.910+0000] {logging_mixin.py:188} INFO - [2026-02-05T13:16:21.910+0000] {dag.py:3096} INFO - Sync 2 DAGs
[2026-02-05T13:16:21.918+0000] {logging_mixin.py:188} INFO - [2026-02-05T13:16:21.918+0000] {dag.py:3954} INFO - Setting next_dagrun for example_external_task_marker_child to None, run_after=None
[2026-02-05T13:16:21.920+0000] {logging_mixin.py:188} INFO - [2026-02-05T13:16:21.920+0000] {dag.py:3954} INFO - Setting next_dagrun for example_external_task_marker_parent to None, run_after=None
[2026-02-05T13:16:21.932+0000] {processor.py:183} INFO - Processing /home/airflow/.local/lib/python3.12/site-packages/airflow/example_dags/example_external_task_marker_dag.py took 0.059 seconds
[2026-02-05T13:16:52.883+0000] {processor.py:161} INFO - Started process (PID=2489) to work on /home/airflow/.local/lib/python3.12/site-packages/airflow/example_dags/example_external_task_marker_dag.py
[2026-02-05T13:16:52.886+0000] {processor.py:830} INFO - Processing file /home/airflow/.local/lib/python3.12/site-packages/airflow/example_dags/example_external_task_marker_dag.py for tasks to queue
[2026-02-05T13:16:52.887+0000] {logging_mixin.py:188} INFO - [2026-02-05T13:16:52.887+0000] {dagbag.py:540} INFO - Filling up the DagBag from /home/airflow/.local/lib/python3.12/site-packages/airflow/example_dags/example_external_task_marker_dag.py
[2026-02-05T13:16:52.901+0000] {processor.py:840} INFO - DAG(s) 'example_external_task_marker_parent', 'example_external_task_marker_child' retrieved from /home/airflow/.local/lib/python3.12/site-packages/airflow/example_dags/example_external_task_marker_dag.py
[2026-02-05T13:16:52.930+0000] {logging_mixin.py:188} INFO - [2026-02-05T13:16:52.930+0000] {dag.py:3096} INFO - Sync 2 DAGs
[2026-02-05T13:16:52.941+0000] {logging_mixin.py:188} INFO - [2026-02-05T13:16:52.940+0000] {dag.py:3954} INFO - Setting next_dagrun for example_external_task_marker_child to None, run_after=None
[2026-02-05T13:16:52.944+0000] {logging_mixin.py:188} INFO - [2026-02-05T13:16:52.944+0000] {dag.py:3954} INFO - Setting next_dagrun for example_external_task_marker_parent to None, run_after=None
[2026-02-05T13:16:52.964+0000] {processor.py:183} INFO - Processing /home/airflow/.local/lib/python3.12/site-packages/airflow/example_dags/example_external_task_marker_dag.py took 0.087 seconds
[2026-02-05T13:17:23.970+0000] {processor.py:161} INFO - Started process (PID=2547) to work on /home/airflow/.local/lib/python3.12/site-packages/airflow/example_dags/example_external_task_marker_dag.py
[2026-02-05T13:17:23.971+0000] {processor.py:830} INFO - Processing file /home/airflow/.local/lib/python3.12/site-packages/airflow/example_dags/example_external_task_marker_dag.py for tasks to queue
[2026-02-05T13:17:23.974+0000] {logging_mixin.py:188} INFO - [2026-02-05T13:17:23.973+0000] {dagbag.py:540} INFO - Filling up the DagBag from /home/airflow/.local/lib/python3.12/site-packages/airflow/example_dags/example_external_task_marker_dag.py
[2026-02-05T13:17:23.984+0000] {processor.py:840} INFO - DAG(s) 'example_external_task_marker_child', 'example_external_task_marker_parent' retrieved from /home/airflow/.local/lib/python3.12/site-packages/airflow/example_dags/example_external_task_marker_dag.py
[2026-02-05T13:17:24.012+0000] {logging_mixin.py:188} INFO - [2026-02-05T13:17:24.012+0000] {dag.py:3096} INFO - Sync 2 DAGs
[2026-02-05T13:17:24.030+0000] {logging_mixin.py:188} INFO - [2026-02-05T13:17:24.030+0000] {dag.py:3954} INFO - Setting next_dagrun for example_external_task_marker_child to None, run_after=None
[2026-02-05T13:17:24.033+0000] {logging_mixin.py:188} INFO - [2026-02-05T13:17:24.032+0000] {dag.py:3954} INFO - Setting next_dagrun for example_external_task_marker_parent to None, run_after=None
[2026-02-05T13:17:24.050+0000] {processor.py:183} INFO - Processing /home/airflow/.local/lib/python3.12/site-packages/airflow/example_dags/example_external_task_marker_dag.py took 0.086 seconds
[2026-02-05T13:17:54.146+0000] {processor.py:161} INFO - Started process (PID=2604) to work on /home/airflow/.local/lib/python3.12/site-packages/airflow/example_dags/example_external_task_marker_dag.py
[2026-02-05T13:17:54.148+0000] {processor.py:830} INFO - Processing file /home/airflow/.local/lib/python3.12/site-packages/airflow/example_dags/example_external_task_marker_dag.py for tasks to queue
[2026-02-05T13:17:54.150+0000] {logging_mixin.py:188} INFO - [2026-02-05T13:17:54.149+0000] {dagbag.py:540} INFO - Filling up the DagBag from /home/airflow/.local/lib/python3.12/site-packages/airflow/example_dags/example_external_task_marker_dag.py
[2026-02-05T13:17:54.159+0000] {processor.py:840} INFO - DAG(s) 'example_external_task_marker_child', 'example_external_task_marker_parent' retrieved from /home/airflow/.local/lib/python3.12/site-packages/airflow/example_dags/example_external_task_marker_dag.py
[2026-02-05T13:17:54.185+0000] {logging_mixin.py:188} INFO - [2026-02-05T13:17:54.185+0000] {dag.py:3096} INFO - Sync 2 DAGs
[2026-02-05T13:17:54.198+0000] {logging_mixin.py:188} INFO - [2026-02-05T13:17:54.198+0000] {dag.py:3954} INFO - Setting next_dagrun for example_external_task_marker_child to None, run_after=None
[2026-02-05T13:17:54.201+0000] {logging_mixin.py:188} INFO - [2026-02-05T13:17:54.201+0000] {dag.py:3954} INFO - Setting next_dagrun for example_external_task_marker_parent to None, run_after=None
[2026-02-05T13:17:54.217+0000] {processor.py:183} INFO - Processing /home/airflow/.local/lib/python3.12/site-packages/airflow/example_dags/example_external_task_marker_dag.py took 0.077 seconds
