[2026-02-05T12:55:33.828+0000] {processor.py:161} INFO - Started process (PID=72) to work on /home/airflow/.local/lib/python3.12/site-packages/airflow/example_dags/example_nested_branch_dag.py
[2026-02-05T12:55:33.830+0000] {processor.py:830} INFO - Processing file /home/airflow/.local/lib/python3.12/site-packages/airflow/example_dags/example_nested_branch_dag.py for tasks to queue
[2026-02-05T12:55:33.833+0000] {logging_mixin.py:188} INFO - [2026-02-05T12:55:33.833+0000] {dagbag.py:540} INFO - Filling up the DagBag from /home/airflow/.local/lib/python3.12/site-packages/airflow/example_dags/example_nested_branch_dag.py
[2026-02-05T12:55:33.850+0000] {processor.py:840} INFO - DAG(s) 'example_nested_branch_dag' retrieved from /home/airflow/.local/lib/python3.12/site-packages/airflow/example_dags/example_nested_branch_dag.py
[2026-02-05T12:55:33.869+0000] {logging_mixin.py:188} INFO - [2026-02-05T12:55:33.868+0000] {dag.py:3096} INFO - Sync 1 DAGs
[2026-02-05T12:55:33.896+0000] {logging_mixin.py:188} INFO - [2026-02-05T12:55:33.895+0000] {dag.py:3954} INFO - Setting next_dagrun for example_nested_branch_dag to 2026-02-04 00:00:00+00:00, run_after=2026-02-05 00:00:00+00:00
[2026-02-05T12:55:33.920+0000] {processor.py:183} INFO - Processing /home/airflow/.local/lib/python3.12/site-packages/airflow/example_dags/example_nested_branch_dag.py took 0.099 seconds
[2026-02-05T12:56:04.633+0000] {processor.py:161} INFO - Started process (PID=130) to work on /home/airflow/.local/lib/python3.12/site-packages/airflow/example_dags/example_nested_branch_dag.py
[2026-02-05T12:56:04.634+0000] {processor.py:830} INFO - Processing file /home/airflow/.local/lib/python3.12/site-packages/airflow/example_dags/example_nested_branch_dag.py for tasks to queue
[2026-02-05T12:56:04.635+0000] {logging_mixin.py:188} INFO - [2026-02-05T12:56:04.635+0000] {dagbag.py:540} INFO - Filling up the DagBag from /home/airflow/.local/lib/python3.12/site-packages/airflow/example_dags/example_nested_branch_dag.py
[2026-02-05T12:56:04.640+0000] {processor.py:840} INFO - DAG(s) 'example_nested_branch_dag' retrieved from /home/airflow/.local/lib/python3.12/site-packages/airflow/example_dags/example_nested_branch_dag.py
[2026-02-05T12:56:04.697+0000] {logging_mixin.py:188} INFO - [2026-02-05T12:56:04.696+0000] {dag.py:3096} INFO - Sync 1 DAGs
[2026-02-05T12:56:04.708+0000] {logging_mixin.py:188} INFO - [2026-02-05T12:56:04.708+0000] {dag.py:3954} INFO - Setting next_dagrun for example_nested_branch_dag to 2026-02-04 00:00:00+00:00, run_after=2026-02-05 00:00:00+00:00
[2026-02-05T12:56:04.721+0000] {processor.py:183} INFO - Processing /home/airflow/.local/lib/python3.12/site-packages/airflow/example_dags/example_nested_branch_dag.py took 0.091 seconds
[2026-02-05T12:56:35.539+0000] {processor.py:161} INFO - Started process (PID=188) to work on /home/airflow/.local/lib/python3.12/site-packages/airflow/example_dags/example_nested_branch_dag.py
[2026-02-05T12:56:35.540+0000] {processor.py:830} INFO - Processing file /home/airflow/.local/lib/python3.12/site-packages/airflow/example_dags/example_nested_branch_dag.py for tasks to queue
[2026-02-05T12:56:35.542+0000] {logging_mixin.py:188} INFO - [2026-02-05T12:56:35.541+0000] {dagbag.py:540} INFO - Filling up the DagBag from /home/airflow/.local/lib/python3.12/site-packages/airflow/example_dags/example_nested_branch_dag.py
[2026-02-05T12:56:35.548+0000] {processor.py:840} INFO - DAG(s) 'example_nested_branch_dag' retrieved from /home/airflow/.local/lib/python3.12/site-packages/airflow/example_dags/example_nested_branch_dag.py
[2026-02-05T12:56:35.560+0000] {logging_mixin.py:188} INFO - [2026-02-05T12:56:35.560+0000] {dag.py:3096} INFO - Sync 1 DAGs
[2026-02-05T12:56:35.572+0000] {logging_mixin.py:188} INFO - [2026-02-05T12:56:35.571+0000] {dag.py:3954} INFO - Setting next_dagrun for example_nested_branch_dag to 2026-02-04 00:00:00+00:00, run_after=2026-02-05 00:00:00+00:00
[2026-02-05T12:56:35.583+0000] {processor.py:183} INFO - Processing /home/airflow/.local/lib/python3.12/site-packages/airflow/example_dags/example_nested_branch_dag.py took 0.047 seconds
[2026-02-05T12:57:05.639+0000] {processor.py:161} INFO - Started process (PID=246) to work on /home/airflow/.local/lib/python3.12/site-packages/airflow/example_dags/example_nested_branch_dag.py
[2026-02-05T12:57:05.640+0000] {processor.py:830} INFO - Processing file /home/airflow/.local/lib/python3.12/site-packages/airflow/example_dags/example_nested_branch_dag.py for tasks to queue
[2026-02-05T12:57:05.641+0000] {logging_mixin.py:188} INFO - [2026-02-05T12:57:05.641+0000] {dagbag.py:540} INFO - Filling up the DagBag from /home/airflow/.local/lib/python3.12/site-packages/airflow/example_dags/example_nested_branch_dag.py
[2026-02-05T12:57:05.648+0000] {processor.py:840} INFO - DAG(s) 'example_nested_branch_dag' retrieved from /home/airflow/.local/lib/python3.12/site-packages/airflow/example_dags/example_nested_branch_dag.py
[2026-02-05T12:57:05.668+0000] {logging_mixin.py:188} INFO - [2026-02-05T12:57:05.668+0000] {dag.py:3096} INFO - Sync 1 DAGs
[2026-02-05T12:57:05.688+0000] {logging_mixin.py:188} INFO - [2026-02-05T12:57:05.688+0000] {dag.py:3954} INFO - Setting next_dagrun for example_nested_branch_dag to 2026-02-04 00:00:00+00:00, run_after=2026-02-05 00:00:00+00:00
[2026-02-05T12:57:05.700+0000] {processor.py:183} INFO - Processing /home/airflow/.local/lib/python3.12/site-packages/airflow/example_dags/example_nested_branch_dag.py took 0.064 seconds
[2026-02-05T12:57:36.185+0000] {processor.py:161} INFO - Started process (PID=304) to work on /home/airflow/.local/lib/python3.12/site-packages/airflow/example_dags/example_nested_branch_dag.py
[2026-02-05T12:57:36.187+0000] {processor.py:830} INFO - Processing file /home/airflow/.local/lib/python3.12/site-packages/airflow/example_dags/example_nested_branch_dag.py for tasks to queue
[2026-02-05T12:57:36.188+0000] {logging_mixin.py:188} INFO - [2026-02-05T12:57:36.188+0000] {dagbag.py:540} INFO - Filling up the DagBag from /home/airflow/.local/lib/python3.12/site-packages/airflow/example_dags/example_nested_branch_dag.py
[2026-02-05T12:57:36.194+0000] {processor.py:840} INFO - DAG(s) 'example_nested_branch_dag' retrieved from /home/airflow/.local/lib/python3.12/site-packages/airflow/example_dags/example_nested_branch_dag.py
[2026-02-05T12:57:36.206+0000] {logging_mixin.py:188} INFO - [2026-02-05T12:57:36.206+0000] {dag.py:3096} INFO - Sync 1 DAGs
[2026-02-05T12:57:36.223+0000] {logging_mixin.py:188} INFO - [2026-02-05T12:57:36.222+0000] {dag.py:3954} INFO - Setting next_dagrun for example_nested_branch_dag to 2026-02-04 00:00:00+00:00, run_after=2026-02-05 00:00:00+00:00
[2026-02-05T12:57:36.234+0000] {processor.py:183} INFO - Processing /home/airflow/.local/lib/python3.12/site-packages/airflow/example_dags/example_nested_branch_dag.py took 0.052 seconds
[2026-02-05T12:58:06.536+0000] {processor.py:161} INFO - Started process (PID=362) to work on /home/airflow/.local/lib/python3.12/site-packages/airflow/example_dags/example_nested_branch_dag.py
[2026-02-05T12:58:06.539+0000] {processor.py:830} INFO - Processing file /home/airflow/.local/lib/python3.12/site-packages/airflow/example_dags/example_nested_branch_dag.py for tasks to queue
[2026-02-05T12:58:06.545+0000] {logging_mixin.py:188} INFO - [2026-02-05T12:58:06.545+0000] {dagbag.py:540} INFO - Filling up the DagBag from /home/airflow/.local/lib/python3.12/site-packages/airflow/example_dags/example_nested_branch_dag.py
[2026-02-05T12:58:06.566+0000] {processor.py:840} INFO - DAG(s) 'example_nested_branch_dag' retrieved from /home/airflow/.local/lib/python3.12/site-packages/airflow/example_dags/example_nested_branch_dag.py
[2026-02-05T12:58:06.587+0000] {logging_mixin.py:188} INFO - [2026-02-05T12:58:06.587+0000] {dag.py:3096} INFO - Sync 1 DAGs
[2026-02-05T12:58:06.601+0000] {logging_mixin.py:188} INFO - [2026-02-05T12:58:06.601+0000] {dag.py:3954} INFO - Setting next_dagrun for example_nested_branch_dag to 2026-02-04 00:00:00+00:00, run_after=2026-02-05 00:00:00+00:00
[2026-02-05T12:58:06.615+0000] {processor.py:183} INFO - Processing /home/airflow/.local/lib/python3.12/site-packages/airflow/example_dags/example_nested_branch_dag.py took 0.084 seconds
[2026-02-05T12:58:36.630+0000] {processor.py:161} INFO - Started process (PID=420) to work on /home/airflow/.local/lib/python3.12/site-packages/airflow/example_dags/example_nested_branch_dag.py
[2026-02-05T12:58:36.631+0000] {processor.py:830} INFO - Processing file /home/airflow/.local/lib/python3.12/site-packages/airflow/example_dags/example_nested_branch_dag.py for tasks to queue
[2026-02-05T12:58:36.632+0000] {logging_mixin.py:188} INFO - [2026-02-05T12:58:36.632+0000] {dagbag.py:540} INFO - Filling up the DagBag from /home/airflow/.local/lib/python3.12/site-packages/airflow/example_dags/example_nested_branch_dag.py
[2026-02-05T12:58:36.637+0000] {processor.py:840} INFO - DAG(s) 'example_nested_branch_dag' retrieved from /home/airflow/.local/lib/python3.12/site-packages/airflow/example_dags/example_nested_branch_dag.py
[2026-02-05T12:58:36.650+0000] {logging_mixin.py:188} INFO - [2026-02-05T12:58:36.649+0000] {dag.py:3096} INFO - Sync 1 DAGs
[2026-02-05T12:58:36.660+0000] {logging_mixin.py:188} INFO - [2026-02-05T12:58:36.659+0000] {dag.py:3954} INFO - Setting next_dagrun for example_nested_branch_dag to 2026-02-04 00:00:00+00:00, run_after=2026-02-05 00:00:00+00:00
[2026-02-05T12:58:36.668+0000] {processor.py:183} INFO - Processing /home/airflow/.local/lib/python3.12/site-packages/airflow/example_dags/example_nested_branch_dag.py took 0.041 seconds
[2026-02-05T12:59:06.755+0000] {processor.py:161} INFO - Started process (PID=487) to work on /home/airflow/.local/lib/python3.12/site-packages/airflow/example_dags/example_nested_branch_dag.py
[2026-02-05T12:59:06.756+0000] {processor.py:830} INFO - Processing file /home/airflow/.local/lib/python3.12/site-packages/airflow/example_dags/example_nested_branch_dag.py for tasks to queue
[2026-02-05T12:59:06.758+0000] {logging_mixin.py:188} INFO - [2026-02-05T12:59:06.757+0000] {dagbag.py:540} INFO - Filling up the DagBag from /home/airflow/.local/lib/python3.12/site-packages/airflow/example_dags/example_nested_branch_dag.py
[2026-02-05T12:59:06.765+0000] {processor.py:840} INFO - DAG(s) 'example_nested_branch_dag' retrieved from /home/airflow/.local/lib/python3.12/site-packages/airflow/example_dags/example_nested_branch_dag.py
[2026-02-05T12:59:06.780+0000] {logging_mixin.py:188} INFO - [2026-02-05T12:59:06.780+0000] {dag.py:3096} INFO - Sync 1 DAGs
[2026-02-05T12:59:06.792+0000] {logging_mixin.py:188} INFO - [2026-02-05T12:59:06.792+0000] {dag.py:3954} INFO - Setting next_dagrun for example_nested_branch_dag to 2026-02-04 00:00:00+00:00, run_after=2026-02-05 00:00:00+00:00
[2026-02-05T12:59:06.802+0000] {processor.py:183} INFO - Processing /home/airflow/.local/lib/python3.12/site-packages/airflow/example_dags/example_nested_branch_dag.py took 0.051 seconds
[2026-02-05T12:59:37.007+0000] {processor.py:161} INFO - Started process (PID=546) to work on /home/airflow/.local/lib/python3.12/site-packages/airflow/example_dags/example_nested_branch_dag.py
[2026-02-05T12:59:37.009+0000] {processor.py:830} INFO - Processing file /home/airflow/.local/lib/python3.12/site-packages/airflow/example_dags/example_nested_branch_dag.py for tasks to queue
[2026-02-05T12:59:37.010+0000] {logging_mixin.py:188} INFO - [2026-02-05T12:59:37.010+0000] {dagbag.py:540} INFO - Filling up the DagBag from /home/airflow/.local/lib/python3.12/site-packages/airflow/example_dags/example_nested_branch_dag.py
[2026-02-05T12:59:37.016+0000] {processor.py:840} INFO - DAG(s) 'example_nested_branch_dag' retrieved from /home/airflow/.local/lib/python3.12/site-packages/airflow/example_dags/example_nested_branch_dag.py
[2026-02-05T12:59:37.029+0000] {logging_mixin.py:188} INFO - [2026-02-05T12:59:37.029+0000] {dag.py:3096} INFO - Sync 1 DAGs
[2026-02-05T12:59:37.040+0000] {logging_mixin.py:188} INFO - [2026-02-05T12:59:37.040+0000] {dag.py:3954} INFO - Setting next_dagrun for example_nested_branch_dag to 2026-02-04 00:00:00+00:00, run_after=2026-02-05 00:00:00+00:00
[2026-02-05T12:59:37.050+0000] {processor.py:183} INFO - Processing /home/airflow/.local/lib/python3.12/site-packages/airflow/example_dags/example_nested_branch_dag.py took 0.047 seconds
[2026-02-05T13:00:07.254+0000] {processor.py:161} INFO - Started process (PID=604) to work on /home/airflow/.local/lib/python3.12/site-packages/airflow/example_dags/example_nested_branch_dag.py
[2026-02-05T13:00:07.254+0000] {processor.py:830} INFO - Processing file /home/airflow/.local/lib/python3.12/site-packages/airflow/example_dags/example_nested_branch_dag.py for tasks to queue
[2026-02-05T13:00:07.255+0000] {logging_mixin.py:188} INFO - [2026-02-05T13:00:07.255+0000] {dagbag.py:540} INFO - Filling up the DagBag from /home/airflow/.local/lib/python3.12/site-packages/airflow/example_dags/example_nested_branch_dag.py
[2026-02-05T13:00:07.260+0000] {processor.py:840} INFO - DAG(s) 'example_nested_branch_dag' retrieved from /home/airflow/.local/lib/python3.12/site-packages/airflow/example_dags/example_nested_branch_dag.py
[2026-02-05T13:00:07.274+0000] {logging_mixin.py:188} INFO - [2026-02-05T13:00:07.273+0000] {dag.py:3096} INFO - Sync 1 DAGs
[2026-02-05T13:00:07.286+0000] {logging_mixin.py:188} INFO - [2026-02-05T13:00:07.286+0000] {dag.py:3954} INFO - Setting next_dagrun for example_nested_branch_dag to 2026-02-04 00:00:00+00:00, run_after=2026-02-05 00:00:00+00:00
[2026-02-05T13:00:07.299+0000] {processor.py:183} INFO - Processing /home/airflow/.local/lib/python3.12/site-packages/airflow/example_dags/example_nested_branch_dag.py took 0.049 seconds
[2026-02-05T13:00:37.473+0000] {processor.py:161} INFO - Started process (PID=662) to work on /home/airflow/.local/lib/python3.12/site-packages/airflow/example_dags/example_nested_branch_dag.py
[2026-02-05T13:00:37.474+0000] {processor.py:830} INFO - Processing file /home/airflow/.local/lib/python3.12/site-packages/airflow/example_dags/example_nested_branch_dag.py for tasks to queue
[2026-02-05T13:00:37.476+0000] {logging_mixin.py:188} INFO - [2026-02-05T13:00:37.476+0000] {dagbag.py:540} INFO - Filling up the DagBag from /home/airflow/.local/lib/python3.12/site-packages/airflow/example_dags/example_nested_branch_dag.py
[2026-02-05T13:00:37.482+0000] {processor.py:840} INFO - DAG(s) 'example_nested_branch_dag' retrieved from /home/airflow/.local/lib/python3.12/site-packages/airflow/example_dags/example_nested_branch_dag.py
[2026-02-05T13:00:37.494+0000] {logging_mixin.py:188} INFO - [2026-02-05T13:00:37.494+0000] {dag.py:3096} INFO - Sync 1 DAGs
[2026-02-05T13:00:37.508+0000] {logging_mixin.py:188} INFO - [2026-02-05T13:00:37.507+0000] {dag.py:3954} INFO - Setting next_dagrun for example_nested_branch_dag to 2026-02-04 00:00:00+00:00, run_after=2026-02-05 00:00:00+00:00
[2026-02-05T13:00:37.523+0000] {processor.py:183} INFO - Processing /home/airflow/.local/lib/python3.12/site-packages/airflow/example_dags/example_nested_branch_dag.py took 0.053 seconds
[2026-02-05T13:01:08.461+0000] {processor.py:161} INFO - Started process (PID=720) to work on /home/airflow/.local/lib/python3.12/site-packages/airflow/example_dags/example_nested_branch_dag.py
[2026-02-05T13:01:08.462+0000] {processor.py:830} INFO - Processing file /home/airflow/.local/lib/python3.12/site-packages/airflow/example_dags/example_nested_branch_dag.py for tasks to queue
[2026-02-05T13:01:08.463+0000] {logging_mixin.py:188} INFO - [2026-02-05T13:01:08.463+0000] {dagbag.py:540} INFO - Filling up the DagBag from /home/airflow/.local/lib/python3.12/site-packages/airflow/example_dags/example_nested_branch_dag.py
[2026-02-05T13:01:08.468+0000] {processor.py:840} INFO - DAG(s) 'example_nested_branch_dag' retrieved from /home/airflow/.local/lib/python3.12/site-packages/airflow/example_dags/example_nested_branch_dag.py
[2026-02-05T13:01:08.480+0000] {logging_mixin.py:188} INFO - [2026-02-05T13:01:08.480+0000] {dag.py:3096} INFO - Sync 1 DAGs
[2026-02-05T13:01:08.491+0000] {logging_mixin.py:188} INFO - [2026-02-05T13:01:08.491+0000] {dag.py:3954} INFO - Setting next_dagrun for example_nested_branch_dag to 2026-02-04 00:00:00+00:00, run_after=2026-02-05 00:00:00+00:00
[2026-02-05T13:01:08.500+0000] {processor.py:183} INFO - Processing /home/airflow/.local/lib/python3.12/site-packages/airflow/example_dags/example_nested_branch_dag.py took 0.042 seconds
[2026-02-05T13:01:38.699+0000] {processor.py:161} INFO - Started process (PID=778) to work on /home/airflow/.local/lib/python3.12/site-packages/airflow/example_dags/example_nested_branch_dag.py
[2026-02-05T13:01:38.700+0000] {processor.py:830} INFO - Processing file /home/airflow/.local/lib/python3.12/site-packages/airflow/example_dags/example_nested_branch_dag.py for tasks to queue
[2026-02-05T13:01:38.702+0000] {logging_mixin.py:188} INFO - [2026-02-05T13:01:38.702+0000] {dagbag.py:540} INFO - Filling up the DagBag from /home/airflow/.local/lib/python3.12/site-packages/airflow/example_dags/example_nested_branch_dag.py
[2026-02-05T13:01:38.710+0000] {processor.py:840} INFO - DAG(s) 'example_nested_branch_dag' retrieved from /home/airflow/.local/lib/python3.12/site-packages/airflow/example_dags/example_nested_branch_dag.py
[2026-02-05T13:01:38.732+0000] {logging_mixin.py:188} INFO - [2026-02-05T13:01:38.731+0000] {dag.py:3096} INFO - Sync 1 DAGs
[2026-02-05T13:01:38.754+0000] {logging_mixin.py:188} INFO - [2026-02-05T13:01:38.753+0000] {dag.py:3954} INFO - Setting next_dagrun for example_nested_branch_dag to 2026-02-04 00:00:00+00:00, run_after=2026-02-05 00:00:00+00:00
[2026-02-05T13:01:38.772+0000] {processor.py:183} INFO - Processing /home/airflow/.local/lib/python3.12/site-packages/airflow/example_dags/example_nested_branch_dag.py took 0.077 seconds
[2026-02-05T13:02:09.099+0000] {processor.py:161} INFO - Started process (PID=835) to work on /home/airflow/.local/lib/python3.12/site-packages/airflow/example_dags/example_nested_branch_dag.py
[2026-02-05T13:02:09.100+0000] {processor.py:830} INFO - Processing file /home/airflow/.local/lib/python3.12/site-packages/airflow/example_dags/example_nested_branch_dag.py for tasks to queue
[2026-02-05T13:02:09.104+0000] {logging_mixin.py:188} INFO - [2026-02-05T13:02:09.104+0000] {dagbag.py:540} INFO - Filling up the DagBag from /home/airflow/.local/lib/python3.12/site-packages/airflow/example_dags/example_nested_branch_dag.py
[2026-02-05T13:02:09.109+0000] {processor.py:840} INFO - DAG(s) 'example_nested_branch_dag' retrieved from /home/airflow/.local/lib/python3.12/site-packages/airflow/example_dags/example_nested_branch_dag.py
[2026-02-05T13:02:09.123+0000] {logging_mixin.py:188} INFO - [2026-02-05T13:02:09.123+0000] {dag.py:3096} INFO - Sync 1 DAGs
[2026-02-05T13:02:09.135+0000] {logging_mixin.py:188} INFO - [2026-02-05T13:02:09.135+0000] {dag.py:3954} INFO - Setting next_dagrun for example_nested_branch_dag to 2026-02-04 00:00:00+00:00, run_after=2026-02-05 00:00:00+00:00
[2026-02-05T13:02:09.146+0000] {processor.py:183} INFO - Processing /home/airflow/.local/lib/python3.12/site-packages/airflow/example_dags/example_nested_branch_dag.py took 0.050 seconds
[2026-02-05T13:02:39.185+0000] {processor.py:161} INFO - Started process (PID=893) to work on /home/airflow/.local/lib/python3.12/site-packages/airflow/example_dags/example_nested_branch_dag.py
[2026-02-05T13:02:39.187+0000] {processor.py:830} INFO - Processing file /home/airflow/.local/lib/python3.12/site-packages/airflow/example_dags/example_nested_branch_dag.py for tasks to queue
[2026-02-05T13:02:39.188+0000] {logging_mixin.py:188} INFO - [2026-02-05T13:02:39.188+0000] {dagbag.py:540} INFO - Filling up the DagBag from /home/airflow/.local/lib/python3.12/site-packages/airflow/example_dags/example_nested_branch_dag.py
[2026-02-05T13:02:39.194+0000] {processor.py:840} INFO - DAG(s) 'example_nested_branch_dag' retrieved from /home/airflow/.local/lib/python3.12/site-packages/airflow/example_dags/example_nested_branch_dag.py
[2026-02-05T13:02:39.209+0000] {logging_mixin.py:188} INFO - [2026-02-05T13:02:39.209+0000] {dag.py:3096} INFO - Sync 1 DAGs
[2026-02-05T13:02:39.222+0000] {logging_mixin.py:188} INFO - [2026-02-05T13:02:39.222+0000] {dag.py:3954} INFO - Setting next_dagrun for example_nested_branch_dag to 2026-02-04 00:00:00+00:00, run_after=2026-02-05 00:00:00+00:00
[2026-02-05T13:02:39.232+0000] {processor.py:183} INFO - Processing /home/airflow/.local/lib/python3.12/site-packages/airflow/example_dags/example_nested_branch_dag.py took 0.050 seconds
[2026-02-05T13:03:09.693+0000] {processor.py:161} INFO - Started process (PID=951) to work on /home/airflow/.local/lib/python3.12/site-packages/airflow/example_dags/example_nested_branch_dag.py
[2026-02-05T13:03:09.694+0000] {processor.py:830} INFO - Processing file /home/airflow/.local/lib/python3.12/site-packages/airflow/example_dags/example_nested_branch_dag.py for tasks to queue
[2026-02-05T13:03:09.695+0000] {logging_mixin.py:188} INFO - [2026-02-05T13:03:09.695+0000] {dagbag.py:540} INFO - Filling up the DagBag from /home/airflow/.local/lib/python3.12/site-packages/airflow/example_dags/example_nested_branch_dag.py
[2026-02-05T13:03:09.701+0000] {processor.py:840} INFO - DAG(s) 'example_nested_branch_dag' retrieved from /home/airflow/.local/lib/python3.12/site-packages/airflow/example_dags/example_nested_branch_dag.py
[2026-02-05T13:03:09.713+0000] {logging_mixin.py:188} INFO - [2026-02-05T13:03:09.713+0000] {dag.py:3096} INFO - Sync 1 DAGs
[2026-02-05T13:03:09.724+0000] {logging_mixin.py:188} INFO - [2026-02-05T13:03:09.724+0000] {dag.py:3954} INFO - Setting next_dagrun for example_nested_branch_dag to 2026-02-04 00:00:00+00:00, run_after=2026-02-05 00:00:00+00:00
[2026-02-05T13:03:09.830+0000] {processor.py:183} INFO - Processing /home/airflow/.local/lib/python3.12/site-packages/airflow/example_dags/example_nested_branch_dag.py took 0.140 seconds
[2026-02-05T13:03:40.452+0000] {processor.py:161} INFO - Started process (PID=1009) to work on /home/airflow/.local/lib/python3.12/site-packages/airflow/example_dags/example_nested_branch_dag.py
[2026-02-05T13:03:40.453+0000] {processor.py:830} INFO - Processing file /home/airflow/.local/lib/python3.12/site-packages/airflow/example_dags/example_nested_branch_dag.py for tasks to queue
[2026-02-05T13:03:40.454+0000] {logging_mixin.py:188} INFO - [2026-02-05T13:03:40.454+0000] {dagbag.py:540} INFO - Filling up the DagBag from /home/airflow/.local/lib/python3.12/site-packages/airflow/example_dags/example_nested_branch_dag.py
[2026-02-05T13:03:40.460+0000] {processor.py:840} INFO - DAG(s) 'example_nested_branch_dag' retrieved from /home/airflow/.local/lib/python3.12/site-packages/airflow/example_dags/example_nested_branch_dag.py
[2026-02-05T13:03:40.476+0000] {logging_mixin.py:188} INFO - [2026-02-05T13:03:40.476+0000] {dag.py:3096} INFO - Sync 1 DAGs
[2026-02-05T13:03:40.487+0000] {logging_mixin.py:188} INFO - [2026-02-05T13:03:40.486+0000] {dag.py:3954} INFO - Setting next_dagrun for example_nested_branch_dag to 2026-02-04 00:00:00+00:00, run_after=2026-02-05 00:00:00+00:00
[2026-02-05T13:03:40.496+0000] {processor.py:183} INFO - Processing /home/airflow/.local/lib/python3.12/site-packages/airflow/example_dags/example_nested_branch_dag.py took 0.047 seconds
[2026-02-05T13:04:10.519+0000] {processor.py:161} INFO - Started process (PID=1067) to work on /home/airflow/.local/lib/python3.12/site-packages/airflow/example_dags/example_nested_branch_dag.py
[2026-02-05T13:04:10.522+0000] {processor.py:830} INFO - Processing file /home/airflow/.local/lib/python3.12/site-packages/airflow/example_dags/example_nested_branch_dag.py for tasks to queue
[2026-02-05T13:04:10.523+0000] {logging_mixin.py:188} INFO - [2026-02-05T13:04:10.523+0000] {dagbag.py:540} INFO - Filling up the DagBag from /home/airflow/.local/lib/python3.12/site-packages/airflow/example_dags/example_nested_branch_dag.py
[2026-02-05T13:04:10.532+0000] {processor.py:840} INFO - DAG(s) 'example_nested_branch_dag' retrieved from /home/airflow/.local/lib/python3.12/site-packages/airflow/example_dags/example_nested_branch_dag.py
[2026-02-05T13:04:10.544+0000] {logging_mixin.py:188} INFO - [2026-02-05T13:04:10.544+0000] {dag.py:3096} INFO - Sync 1 DAGs
[2026-02-05T13:04:10.557+0000] {logging_mixin.py:188} INFO - [2026-02-05T13:04:10.557+0000] {dag.py:3954} INFO - Setting next_dagrun for example_nested_branch_dag to 2026-02-04 00:00:00+00:00, run_after=2026-02-05 00:00:00+00:00
[2026-02-05T13:04:10.567+0000] {processor.py:183} INFO - Processing /home/airflow/.local/lib/python3.12/site-packages/airflow/example_dags/example_nested_branch_dag.py took 0.051 seconds
[2026-02-05T13:04:40.872+0000] {processor.py:161} INFO - Started process (PID=1125) to work on /home/airflow/.local/lib/python3.12/site-packages/airflow/example_dags/example_nested_branch_dag.py
[2026-02-05T13:04:40.873+0000] {processor.py:830} INFO - Processing file /home/airflow/.local/lib/python3.12/site-packages/airflow/example_dags/example_nested_branch_dag.py for tasks to queue
[2026-02-05T13:04:40.875+0000] {logging_mixin.py:188} INFO - [2026-02-05T13:04:40.874+0000] {dagbag.py:540} INFO - Filling up the DagBag from /home/airflow/.local/lib/python3.12/site-packages/airflow/example_dags/example_nested_branch_dag.py
[2026-02-05T13:04:40.880+0000] {processor.py:840} INFO - DAG(s) 'example_nested_branch_dag' retrieved from /home/airflow/.local/lib/python3.12/site-packages/airflow/example_dags/example_nested_branch_dag.py
[2026-02-05T13:04:40.895+0000] {logging_mixin.py:188} INFO - [2026-02-05T13:04:40.894+0000] {dag.py:3096} INFO - Sync 1 DAGs
[2026-02-05T13:04:40.908+0000] {logging_mixin.py:188} INFO - [2026-02-05T13:04:40.908+0000] {dag.py:3954} INFO - Setting next_dagrun for example_nested_branch_dag to 2026-02-04 00:00:00+00:00, run_after=2026-02-05 00:00:00+00:00
[2026-02-05T13:04:40.920+0000] {processor.py:183} INFO - Processing /home/airflow/.local/lib/python3.12/site-packages/airflow/example_dags/example_nested_branch_dag.py took 0.051 seconds
[2026-02-05T13:05:11.746+0000] {processor.py:161} INFO - Started process (PID=1183) to work on /home/airflow/.local/lib/python3.12/site-packages/airflow/example_dags/example_nested_branch_dag.py
[2026-02-05T13:05:11.749+0000] {processor.py:830} INFO - Processing file /home/airflow/.local/lib/python3.12/site-packages/airflow/example_dags/example_nested_branch_dag.py for tasks to queue
[2026-02-05T13:05:11.750+0000] {logging_mixin.py:188} INFO - [2026-02-05T13:05:11.750+0000] {dagbag.py:540} INFO - Filling up the DagBag from /home/airflow/.local/lib/python3.12/site-packages/airflow/example_dags/example_nested_branch_dag.py
[2026-02-05T13:05:11.755+0000] {processor.py:840} INFO - DAG(s) 'example_nested_branch_dag' retrieved from /home/airflow/.local/lib/python3.12/site-packages/airflow/example_dags/example_nested_branch_dag.py
[2026-02-05T13:05:11.767+0000] {logging_mixin.py:188} INFO - [2026-02-05T13:05:11.766+0000] {dag.py:3096} INFO - Sync 1 DAGs
[2026-02-05T13:05:11.779+0000] {logging_mixin.py:188} INFO - [2026-02-05T13:05:11.779+0000] {dag.py:3954} INFO - Setting next_dagrun for example_nested_branch_dag to 2026-02-04 00:00:00+00:00, run_after=2026-02-05 00:00:00+00:00
[2026-02-05T13:05:11.788+0000] {processor.py:183} INFO - Processing /home/airflow/.local/lib/python3.12/site-packages/airflow/example_dags/example_nested_branch_dag.py took 0.045 seconds
[2026-02-05T13:05:42.466+0000] {processor.py:161} INFO - Started process (PID=1241) to work on /home/airflow/.local/lib/python3.12/site-packages/airflow/example_dags/example_nested_branch_dag.py
[2026-02-05T13:05:42.466+0000] {processor.py:830} INFO - Processing file /home/airflow/.local/lib/python3.12/site-packages/airflow/example_dags/example_nested_branch_dag.py for tasks to queue
[2026-02-05T13:05:42.468+0000] {logging_mixin.py:188} INFO - [2026-02-05T13:05:42.467+0000] {dagbag.py:540} INFO - Filling up the DagBag from /home/airflow/.local/lib/python3.12/site-packages/airflow/example_dags/example_nested_branch_dag.py
[2026-02-05T13:05:42.473+0000] {processor.py:840} INFO - DAG(s) 'example_nested_branch_dag' retrieved from /home/airflow/.local/lib/python3.12/site-packages/airflow/example_dags/example_nested_branch_dag.py
[2026-02-05T13:05:42.488+0000] {logging_mixin.py:188} INFO - [2026-02-05T13:05:42.488+0000] {dag.py:3096} INFO - Sync 1 DAGs
[2026-02-05T13:05:42.597+0000] {logging_mixin.py:188} INFO - [2026-02-05T13:05:42.596+0000] {dag.py:3954} INFO - Setting next_dagrun for example_nested_branch_dag to 2026-02-04 00:00:00+00:00, run_after=2026-02-05 00:00:00+00:00
[2026-02-05T13:05:42.611+0000] {processor.py:183} INFO - Processing /home/airflow/.local/lib/python3.12/site-packages/airflow/example_dags/example_nested_branch_dag.py took 0.149 seconds
[2026-02-05T13:06:12.650+0000] {processor.py:161} INFO - Started process (PID=1298) to work on /home/airflow/.local/lib/python3.12/site-packages/airflow/example_dags/example_nested_branch_dag.py
[2026-02-05T13:06:12.653+0000] {processor.py:830} INFO - Processing file /home/airflow/.local/lib/python3.12/site-packages/airflow/example_dags/example_nested_branch_dag.py for tasks to queue
[2026-02-05T13:06:12.659+0000] {logging_mixin.py:188} INFO - [2026-02-05T13:06:12.658+0000] {dagbag.py:540} INFO - Filling up the DagBag from /home/airflow/.local/lib/python3.12/site-packages/airflow/example_dags/example_nested_branch_dag.py
[2026-02-05T13:06:12.664+0000] {processor.py:840} INFO - DAG(s) 'example_nested_branch_dag' retrieved from /home/airflow/.local/lib/python3.12/site-packages/airflow/example_dags/example_nested_branch_dag.py
[2026-02-05T13:06:12.677+0000] {logging_mixin.py:188} INFO - [2026-02-05T13:06:12.677+0000] {dag.py:3096} INFO - Sync 1 DAGs
[2026-02-05T13:06:12.688+0000] {logging_mixin.py:188} INFO - [2026-02-05T13:06:12.688+0000] {dag.py:3954} INFO - Setting next_dagrun for example_nested_branch_dag to 2026-02-04 00:00:00+00:00, run_after=2026-02-05 00:00:00+00:00
[2026-02-05T13:06:12.697+0000] {processor.py:183} INFO - Processing /home/airflow/.local/lib/python3.12/site-packages/airflow/example_dags/example_nested_branch_dag.py took 0.051 seconds
[2026-02-05T13:06:42.812+0000] {processor.py:161} INFO - Started process (PID=1356) to work on /home/airflow/.local/lib/python3.12/site-packages/airflow/example_dags/example_nested_branch_dag.py
[2026-02-05T13:06:42.813+0000] {processor.py:830} INFO - Processing file /home/airflow/.local/lib/python3.12/site-packages/airflow/example_dags/example_nested_branch_dag.py for tasks to queue
[2026-02-05T13:06:42.814+0000] {logging_mixin.py:188} INFO - [2026-02-05T13:06:42.814+0000] {dagbag.py:540} INFO - Filling up the DagBag from /home/airflow/.local/lib/python3.12/site-packages/airflow/example_dags/example_nested_branch_dag.py
[2026-02-05T13:06:42.820+0000] {processor.py:840} INFO - DAG(s) 'example_nested_branch_dag' retrieved from /home/airflow/.local/lib/python3.12/site-packages/airflow/example_dags/example_nested_branch_dag.py
[2026-02-05T13:06:42.832+0000] {logging_mixin.py:188} INFO - [2026-02-05T13:06:42.832+0000] {dag.py:3096} INFO - Sync 1 DAGs
[2026-02-05T13:06:42.844+0000] {logging_mixin.py:188} INFO - [2026-02-05T13:06:42.844+0000] {dag.py:3954} INFO - Setting next_dagrun for example_nested_branch_dag to 2026-02-04 00:00:00+00:00, run_after=2026-02-05 00:00:00+00:00
[2026-02-05T13:06:42.855+0000] {processor.py:183} INFO - Processing /home/airflow/.local/lib/python3.12/site-packages/airflow/example_dags/example_nested_branch_dag.py took 0.048 seconds
[2026-02-05T13:07:13.017+0000] {processor.py:161} INFO - Started process (PID=1414) to work on /home/airflow/.local/lib/python3.12/site-packages/airflow/example_dags/example_nested_branch_dag.py
[2026-02-05T13:07:13.018+0000] {processor.py:830} INFO - Processing file /home/airflow/.local/lib/python3.12/site-packages/airflow/example_dags/example_nested_branch_dag.py for tasks to queue
[2026-02-05T13:07:13.019+0000] {logging_mixin.py:188} INFO - [2026-02-05T13:07:13.018+0000] {dagbag.py:540} INFO - Filling up the DagBag from /home/airflow/.local/lib/python3.12/site-packages/airflow/example_dags/example_nested_branch_dag.py
[2026-02-05T13:07:13.024+0000] {processor.py:840} INFO - DAG(s) 'example_nested_branch_dag' retrieved from /home/airflow/.local/lib/python3.12/site-packages/airflow/example_dags/example_nested_branch_dag.py
[2026-02-05T13:07:13.036+0000] {logging_mixin.py:188} INFO - [2026-02-05T13:07:13.036+0000] {dag.py:3096} INFO - Sync 1 DAGs
[2026-02-05T13:07:13.048+0000] {logging_mixin.py:188} INFO - [2026-02-05T13:07:13.048+0000] {dag.py:3954} INFO - Setting next_dagrun for example_nested_branch_dag to 2026-02-04 00:00:00+00:00, run_after=2026-02-05 00:00:00+00:00
[2026-02-05T13:07:13.057+0000] {processor.py:183} INFO - Processing /home/airflow/.local/lib/python3.12/site-packages/airflow/example_dags/example_nested_branch_dag.py took 0.044 seconds
[2026-02-05T13:07:43.157+0000] {processor.py:161} INFO - Started process (PID=1472) to work on /home/airflow/.local/lib/python3.12/site-packages/airflow/example_dags/example_nested_branch_dag.py
[2026-02-05T13:07:43.159+0000] {processor.py:830} INFO - Processing file /home/airflow/.local/lib/python3.12/site-packages/airflow/example_dags/example_nested_branch_dag.py for tasks to queue
[2026-02-05T13:07:43.160+0000] {logging_mixin.py:188} INFO - [2026-02-05T13:07:43.160+0000] {dagbag.py:540} INFO - Filling up the DagBag from /home/airflow/.local/lib/python3.12/site-packages/airflow/example_dags/example_nested_branch_dag.py
[2026-02-05T13:07:43.167+0000] {processor.py:840} INFO - DAG(s) 'example_nested_branch_dag' retrieved from /home/airflow/.local/lib/python3.12/site-packages/airflow/example_dags/example_nested_branch_dag.py
[2026-02-05T13:07:43.184+0000] {logging_mixin.py:188} INFO - [2026-02-05T13:07:43.184+0000] {dag.py:3096} INFO - Sync 1 DAGs
[2026-02-05T13:07:43.199+0000] {logging_mixin.py:188} INFO - [2026-02-05T13:07:43.199+0000] {dag.py:3954} INFO - Setting next_dagrun for example_nested_branch_dag to 2026-02-04 00:00:00+00:00, run_after=2026-02-05 00:00:00+00:00
[2026-02-05T13:07:43.212+0000] {processor.py:183} INFO - Processing /home/airflow/.local/lib/python3.12/site-packages/airflow/example_dags/example_nested_branch_dag.py took 0.059 seconds
[2026-02-05T13:08:13.440+0000] {processor.py:161} INFO - Started process (PID=1530) to work on /home/airflow/.local/lib/python3.12/site-packages/airflow/example_dags/example_nested_branch_dag.py
[2026-02-05T13:08:13.441+0000] {processor.py:830} INFO - Processing file /home/airflow/.local/lib/python3.12/site-packages/airflow/example_dags/example_nested_branch_dag.py for tasks to queue
[2026-02-05T13:08:13.445+0000] {logging_mixin.py:188} INFO - [2026-02-05T13:08:13.445+0000] {dagbag.py:540} INFO - Filling up the DagBag from /home/airflow/.local/lib/python3.12/site-packages/airflow/example_dags/example_nested_branch_dag.py
[2026-02-05T13:08:13.451+0000] {processor.py:840} INFO - DAG(s) 'example_nested_branch_dag' retrieved from /home/airflow/.local/lib/python3.12/site-packages/airflow/example_dags/example_nested_branch_dag.py
[2026-02-05T13:08:13.464+0000] {logging_mixin.py:188} INFO - [2026-02-05T13:08:13.463+0000] {dag.py:3096} INFO - Sync 1 DAGs
[2026-02-05T13:08:13.475+0000] {logging_mixin.py:188} INFO - [2026-02-05T13:08:13.475+0000] {dag.py:3954} INFO - Setting next_dagrun for example_nested_branch_dag to 2026-02-04 00:00:00+00:00, run_after=2026-02-05 00:00:00+00:00
[2026-02-05T13:08:13.485+0000] {processor.py:183} INFO - Processing /home/airflow/.local/lib/python3.12/site-packages/airflow/example_dags/example_nested_branch_dag.py took 0.048 seconds
[2026-02-05T13:08:43.575+0000] {processor.py:161} INFO - Started process (PID=1587) to work on /home/airflow/.local/lib/python3.12/site-packages/airflow/example_dags/example_nested_branch_dag.py
[2026-02-05T13:08:43.577+0000] {processor.py:830} INFO - Processing file /home/airflow/.local/lib/python3.12/site-packages/airflow/example_dags/example_nested_branch_dag.py for tasks to queue
[2026-02-05T13:08:43.578+0000] {logging_mixin.py:188} INFO - [2026-02-05T13:08:43.578+0000] {dagbag.py:540} INFO - Filling up the DagBag from /home/airflow/.local/lib/python3.12/site-packages/airflow/example_dags/example_nested_branch_dag.py
[2026-02-05T13:08:43.585+0000] {processor.py:840} INFO - DAG(s) 'example_nested_branch_dag' retrieved from /home/airflow/.local/lib/python3.12/site-packages/airflow/example_dags/example_nested_branch_dag.py
[2026-02-05T13:08:43.600+0000] {logging_mixin.py:188} INFO - [2026-02-05T13:08:43.600+0000] {dag.py:3096} INFO - Sync 1 DAGs
[2026-02-05T13:08:43.611+0000] {logging_mixin.py:188} INFO - [2026-02-05T13:08:43.611+0000] {dag.py:3954} INFO - Setting next_dagrun for example_nested_branch_dag to 2026-02-04 00:00:00+00:00, run_after=2026-02-05 00:00:00+00:00
[2026-02-05T13:08:43.623+0000] {processor.py:183} INFO - Processing /home/airflow/.local/lib/python3.12/site-packages/airflow/example_dags/example_nested_branch_dag.py took 0.051 seconds
[2026-02-05T13:09:13.699+0000] {processor.py:161} INFO - Started process (PID=1645) to work on /home/airflow/.local/lib/python3.12/site-packages/airflow/example_dags/example_nested_branch_dag.py
[2026-02-05T13:09:13.700+0000] {processor.py:830} INFO - Processing file /home/airflow/.local/lib/python3.12/site-packages/airflow/example_dags/example_nested_branch_dag.py for tasks to queue
[2026-02-05T13:09:13.702+0000] {logging_mixin.py:188} INFO - [2026-02-05T13:09:13.701+0000] {dagbag.py:540} INFO - Filling up the DagBag from /home/airflow/.local/lib/python3.12/site-packages/airflow/example_dags/example_nested_branch_dag.py
[2026-02-05T13:09:13.707+0000] {processor.py:840} INFO - DAG(s) 'example_nested_branch_dag' retrieved from /home/airflow/.local/lib/python3.12/site-packages/airflow/example_dags/example_nested_branch_dag.py
[2026-02-05T13:09:13.718+0000] {logging_mixin.py:188} INFO - [2026-02-05T13:09:13.718+0000] {dag.py:3096} INFO - Sync 1 DAGs
[2026-02-05T13:09:13.729+0000] {logging_mixin.py:188} INFO - [2026-02-05T13:09:13.728+0000] {dag.py:3954} INFO - Setting next_dagrun for example_nested_branch_dag to 2026-02-04 00:00:00+00:00, run_after=2026-02-05 00:00:00+00:00
[2026-02-05T13:09:13.737+0000] {processor.py:183} INFO - Processing /home/airflow/.local/lib/python3.12/site-packages/airflow/example_dags/example_nested_branch_dag.py took 0.041 seconds
[2026-02-05T13:09:44.162+0000] {processor.py:161} INFO - Started process (PID=1703) to work on /home/airflow/.local/lib/python3.12/site-packages/airflow/example_dags/example_nested_branch_dag.py
[2026-02-05T13:09:44.165+0000] {processor.py:830} INFO - Processing file /home/airflow/.local/lib/python3.12/site-packages/airflow/example_dags/example_nested_branch_dag.py for tasks to queue
[2026-02-05T13:09:44.168+0000] {logging_mixin.py:188} INFO - [2026-02-05T13:09:44.167+0000] {dagbag.py:540} INFO - Filling up the DagBag from /home/airflow/.local/lib/python3.12/site-packages/airflow/example_dags/example_nested_branch_dag.py
[2026-02-05T13:09:44.175+0000] {processor.py:840} INFO - DAG(s) 'example_nested_branch_dag' retrieved from /home/airflow/.local/lib/python3.12/site-packages/airflow/example_dags/example_nested_branch_dag.py
[2026-02-05T13:09:44.188+0000] {logging_mixin.py:188} INFO - [2026-02-05T13:09:44.187+0000] {dag.py:3096} INFO - Sync 1 DAGs
[2026-02-05T13:09:44.200+0000] {logging_mixin.py:188} INFO - [2026-02-05T13:09:44.200+0000] {dag.py:3954} INFO - Setting next_dagrun for example_nested_branch_dag to 2026-02-04 00:00:00+00:00, run_after=2026-02-05 00:00:00+00:00
[2026-02-05T13:09:44.212+0000] {processor.py:183} INFO - Processing /home/airflow/.local/lib/python3.12/site-packages/airflow/example_dags/example_nested_branch_dag.py took 0.054 seconds
[2026-02-05T13:10:14.407+0000] {processor.py:161} INFO - Started process (PID=1760) to work on /home/airflow/.local/lib/python3.12/site-packages/airflow/example_dags/example_nested_branch_dag.py
[2026-02-05T13:10:14.409+0000] {processor.py:830} INFO - Processing file /home/airflow/.local/lib/python3.12/site-packages/airflow/example_dags/example_nested_branch_dag.py for tasks to queue
[2026-02-05T13:10:14.432+0000] {logging_mixin.py:188} INFO - [2026-02-05T13:10:14.427+0000] {dagbag.py:540} INFO - Filling up the DagBag from /home/airflow/.local/lib/python3.12/site-packages/airflow/example_dags/example_nested_branch_dag.py
[2026-02-05T13:10:14.510+0000] {processor.py:840} INFO - DAG(s) 'example_nested_branch_dag' retrieved from /home/airflow/.local/lib/python3.12/site-packages/airflow/example_dags/example_nested_branch_dag.py
[2026-02-05T13:10:14.555+0000] {logging_mixin.py:188} INFO - [2026-02-05T13:10:14.555+0000] {dag.py:3096} INFO - Sync 1 DAGs
[2026-02-05T13:10:14.574+0000] {logging_mixin.py:188} INFO - [2026-02-05T13:10:14.574+0000] {dag.py:3954} INFO - Setting next_dagrun for example_nested_branch_dag to 2026-02-04 00:00:00+00:00, run_after=2026-02-05 00:00:00+00:00
[2026-02-05T13:10:14.591+0000] {processor.py:183} INFO - Processing /home/airflow/.local/lib/python3.12/site-packages/airflow/example_dags/example_nested_branch_dag.py took 0.188 seconds
[2026-02-05T13:10:45.460+0000] {processor.py:161} INFO - Started process (PID=1818) to work on /home/airflow/.local/lib/python3.12/site-packages/airflow/example_dags/example_nested_branch_dag.py
[2026-02-05T13:10:45.461+0000] {processor.py:830} INFO - Processing file /home/airflow/.local/lib/python3.12/site-packages/airflow/example_dags/example_nested_branch_dag.py for tasks to queue
[2026-02-05T13:10:45.463+0000] {logging_mixin.py:188} INFO - [2026-02-05T13:10:45.462+0000] {dagbag.py:540} INFO - Filling up the DagBag from /home/airflow/.local/lib/python3.12/site-packages/airflow/example_dags/example_nested_branch_dag.py
[2026-02-05T13:10:45.470+0000] {processor.py:840} INFO - DAG(s) 'example_nested_branch_dag' retrieved from /home/airflow/.local/lib/python3.12/site-packages/airflow/example_dags/example_nested_branch_dag.py
[2026-02-05T13:10:45.488+0000] {logging_mixin.py:188} INFO - [2026-02-05T13:10:45.488+0000] {dag.py:3096} INFO - Sync 1 DAGs
[2026-02-05T13:10:45.505+0000] {logging_mixin.py:188} INFO - [2026-02-05T13:10:45.504+0000] {dag.py:3954} INFO - Setting next_dagrun for example_nested_branch_dag to 2026-02-04 00:00:00+00:00, run_after=2026-02-05 00:00:00+00:00
[2026-02-05T13:10:45.516+0000] {processor.py:183} INFO - Processing /home/airflow/.local/lib/python3.12/site-packages/airflow/example_dags/example_nested_branch_dag.py took 0.059 seconds
[2026-02-05T13:11:16.343+0000] {processor.py:161} INFO - Started process (PID=1876) to work on /home/airflow/.local/lib/python3.12/site-packages/airflow/example_dags/example_nested_branch_dag.py
[2026-02-05T13:11:16.344+0000] {processor.py:830} INFO - Processing file /home/airflow/.local/lib/python3.12/site-packages/airflow/example_dags/example_nested_branch_dag.py for tasks to queue
[2026-02-05T13:11:16.345+0000] {logging_mixin.py:188} INFO - [2026-02-05T13:11:16.345+0000] {dagbag.py:540} INFO - Filling up the DagBag from /home/airflow/.local/lib/python3.12/site-packages/airflow/example_dags/example_nested_branch_dag.py
[2026-02-05T13:11:16.351+0000] {processor.py:840} INFO - DAG(s) 'example_nested_branch_dag' retrieved from /home/airflow/.local/lib/python3.12/site-packages/airflow/example_dags/example_nested_branch_dag.py
[2026-02-05T13:11:16.365+0000] {logging_mixin.py:188} INFO - [2026-02-05T13:11:16.365+0000] {dag.py:3096} INFO - Sync 1 DAGs
[2026-02-05T13:11:16.377+0000] {logging_mixin.py:188} INFO - [2026-02-05T13:11:16.377+0000] {dag.py:3954} INFO - Setting next_dagrun for example_nested_branch_dag to 2026-02-04 00:00:00+00:00, run_after=2026-02-05 00:00:00+00:00
[2026-02-05T13:11:16.388+0000] {processor.py:183} INFO - Processing /home/airflow/.local/lib/python3.12/site-packages/airflow/example_dags/example_nested_branch_dag.py took 0.049 seconds
[2026-02-05T13:11:47.236+0000] {processor.py:161} INFO - Started process (PID=1934) to work on /home/airflow/.local/lib/python3.12/site-packages/airflow/example_dags/example_nested_branch_dag.py
[2026-02-05T13:11:47.237+0000] {processor.py:830} INFO - Processing file /home/airflow/.local/lib/python3.12/site-packages/airflow/example_dags/example_nested_branch_dag.py for tasks to queue
[2026-02-05T13:11:47.238+0000] {logging_mixin.py:188} INFO - [2026-02-05T13:11:47.237+0000] {dagbag.py:540} INFO - Filling up the DagBag from /home/airflow/.local/lib/python3.12/site-packages/airflow/example_dags/example_nested_branch_dag.py
[2026-02-05T13:11:47.243+0000] {processor.py:840} INFO - DAG(s) 'example_nested_branch_dag' retrieved from /home/airflow/.local/lib/python3.12/site-packages/airflow/example_dags/example_nested_branch_dag.py
[2026-02-05T13:11:47.255+0000] {logging_mixin.py:188} INFO - [2026-02-05T13:11:47.255+0000] {dag.py:3096} INFO - Sync 1 DAGs
[2026-02-05T13:11:47.267+0000] {logging_mixin.py:188} INFO - [2026-02-05T13:11:47.267+0000] {dag.py:3954} INFO - Setting next_dagrun for example_nested_branch_dag to 2026-02-04 00:00:00+00:00, run_after=2026-02-05 00:00:00+00:00
[2026-02-05T13:11:47.277+0000] {processor.py:183} INFO - Processing /home/airflow/.local/lib/python3.12/site-packages/airflow/example_dags/example_nested_branch_dag.py took 0.044 seconds
[2026-02-05T13:12:18.106+0000] {processor.py:161} INFO - Started process (PID=1992) to work on /home/airflow/.local/lib/python3.12/site-packages/airflow/example_dags/example_nested_branch_dag.py
[2026-02-05T13:12:18.108+0000] {processor.py:830} INFO - Processing file /home/airflow/.local/lib/python3.12/site-packages/airflow/example_dags/example_nested_branch_dag.py for tasks to queue
[2026-02-05T13:12:18.110+0000] {logging_mixin.py:188} INFO - [2026-02-05T13:12:18.109+0000] {dagbag.py:540} INFO - Filling up the DagBag from /home/airflow/.local/lib/python3.12/site-packages/airflow/example_dags/example_nested_branch_dag.py
[2026-02-05T13:12:18.117+0000] {processor.py:840} INFO - DAG(s) 'example_nested_branch_dag' retrieved from /home/airflow/.local/lib/python3.12/site-packages/airflow/example_dags/example_nested_branch_dag.py
[2026-02-05T13:12:18.129+0000] {logging_mixin.py:188} INFO - [2026-02-05T13:12:18.129+0000] {dag.py:3096} INFO - Sync 1 DAGs
[2026-02-05T13:12:18.185+0000] {logging_mixin.py:188} INFO - [2026-02-05T13:12:18.185+0000] {dag.py:3954} INFO - Setting next_dagrun for example_nested_branch_dag to 2026-02-04 00:00:00+00:00, run_after=2026-02-05 00:00:00+00:00
[2026-02-05T13:12:18.198+0000] {processor.py:183} INFO - Processing /home/airflow/.local/lib/python3.12/site-packages/airflow/example_dags/example_nested_branch_dag.py took 0.096 seconds
[2026-02-05T13:12:49.093+0000] {processor.py:161} INFO - Started process (PID=2050) to work on /home/airflow/.local/lib/python3.12/site-packages/airflow/example_dags/example_nested_branch_dag.py
[2026-02-05T13:12:49.094+0000] {processor.py:830} INFO - Processing file /home/airflow/.local/lib/python3.12/site-packages/airflow/example_dags/example_nested_branch_dag.py for tasks to queue
[2026-02-05T13:12:49.095+0000] {logging_mixin.py:188} INFO - [2026-02-05T13:12:49.095+0000] {dagbag.py:540} INFO - Filling up the DagBag from /home/airflow/.local/lib/python3.12/site-packages/airflow/example_dags/example_nested_branch_dag.py
[2026-02-05T13:12:49.100+0000] {processor.py:840} INFO - DAG(s) 'example_nested_branch_dag' retrieved from /home/airflow/.local/lib/python3.12/site-packages/airflow/example_dags/example_nested_branch_dag.py
[2026-02-05T13:12:49.112+0000] {logging_mixin.py:188} INFO - [2026-02-05T13:12:49.112+0000] {dag.py:3096} INFO - Sync 1 DAGs
[2026-02-05T13:12:49.122+0000] {logging_mixin.py:188} INFO - [2026-02-05T13:12:49.122+0000] {dag.py:3954} INFO - Setting next_dagrun for example_nested_branch_dag to 2026-02-04 00:00:00+00:00, run_after=2026-02-05 00:00:00+00:00
[2026-02-05T13:12:49.131+0000] {processor.py:183} INFO - Processing /home/airflow/.local/lib/python3.12/site-packages/airflow/example_dags/example_nested_branch_dag.py took 0.041 seconds
[2026-02-05T13:13:19.862+0000] {processor.py:161} INFO - Started process (PID=2107) to work on /home/airflow/.local/lib/python3.12/site-packages/airflow/example_dags/example_nested_branch_dag.py
[2026-02-05T13:13:19.863+0000] {processor.py:830} INFO - Processing file /home/airflow/.local/lib/python3.12/site-packages/airflow/example_dags/example_nested_branch_dag.py for tasks to queue
[2026-02-05T13:13:19.864+0000] {logging_mixin.py:188} INFO - [2026-02-05T13:13:19.864+0000] {dagbag.py:540} INFO - Filling up the DagBag from /home/airflow/.local/lib/python3.12/site-packages/airflow/example_dags/example_nested_branch_dag.py
[2026-02-05T13:13:19.869+0000] {processor.py:840} INFO - DAG(s) 'example_nested_branch_dag' retrieved from /home/airflow/.local/lib/python3.12/site-packages/airflow/example_dags/example_nested_branch_dag.py
[2026-02-05T13:13:19.880+0000] {logging_mixin.py:188} INFO - [2026-02-05T13:13:19.880+0000] {dag.py:3096} INFO - Sync 1 DAGs
[2026-02-05T13:13:19.893+0000] {logging_mixin.py:188} INFO - [2026-02-05T13:13:19.893+0000] {dag.py:3954} INFO - Setting next_dagrun for example_nested_branch_dag to 2026-02-04 00:00:00+00:00, run_after=2026-02-05 00:00:00+00:00
[2026-02-05T13:13:19.903+0000] {processor.py:183} INFO - Processing /home/airflow/.local/lib/python3.12/site-packages/airflow/example_dags/example_nested_branch_dag.py took 0.044 seconds
[2026-02-05T13:13:50.724+0000] {processor.py:161} INFO - Started process (PID=2165) to work on /home/airflow/.local/lib/python3.12/site-packages/airflow/example_dags/example_nested_branch_dag.py
[2026-02-05T13:13:50.724+0000] {processor.py:830} INFO - Processing file /home/airflow/.local/lib/python3.12/site-packages/airflow/example_dags/example_nested_branch_dag.py for tasks to queue
[2026-02-05T13:13:50.725+0000] {logging_mixin.py:188} INFO - [2026-02-05T13:13:50.725+0000] {dagbag.py:540} INFO - Filling up the DagBag from /home/airflow/.local/lib/python3.12/site-packages/airflow/example_dags/example_nested_branch_dag.py
[2026-02-05T13:13:50.730+0000] {processor.py:840} INFO - DAG(s) 'example_nested_branch_dag' retrieved from /home/airflow/.local/lib/python3.12/site-packages/airflow/example_dags/example_nested_branch_dag.py
[2026-02-05T13:13:50.742+0000] {logging_mixin.py:188} INFO - [2026-02-05T13:13:50.742+0000] {dag.py:3096} INFO - Sync 1 DAGs
[2026-02-05T13:13:50.753+0000] {logging_mixin.py:188} INFO - [2026-02-05T13:13:50.753+0000] {dag.py:3954} INFO - Setting next_dagrun for example_nested_branch_dag to 2026-02-04 00:00:00+00:00, run_after=2026-02-05 00:00:00+00:00
[2026-02-05T13:13:50.763+0000] {processor.py:183} INFO - Processing /home/airflow/.local/lib/python3.12/site-packages/airflow/example_dags/example_nested_branch_dag.py took 0.045 seconds
[2026-02-05T13:14:21.711+0000] {processor.py:161} INFO - Started process (PID=2223) to work on /home/airflow/.local/lib/python3.12/site-packages/airflow/example_dags/example_nested_branch_dag.py
[2026-02-05T13:14:21.712+0000] {processor.py:830} INFO - Processing file /home/airflow/.local/lib/python3.12/site-packages/airflow/example_dags/example_nested_branch_dag.py for tasks to queue
[2026-02-05T13:14:21.713+0000] {logging_mixin.py:188} INFO - [2026-02-05T13:14:21.713+0000] {dagbag.py:540} INFO - Filling up the DagBag from /home/airflow/.local/lib/python3.12/site-packages/airflow/example_dags/example_nested_branch_dag.py
[2026-02-05T13:14:21.719+0000] {processor.py:840} INFO - DAG(s) 'example_nested_branch_dag' retrieved from /home/airflow/.local/lib/python3.12/site-packages/airflow/example_dags/example_nested_branch_dag.py
[2026-02-05T13:14:21.731+0000] {logging_mixin.py:188} INFO - [2026-02-05T13:14:21.731+0000] {dag.py:3096} INFO - Sync 1 DAGs
[2026-02-05T13:14:21.745+0000] {logging_mixin.py:188} INFO - [2026-02-05T13:14:21.745+0000] {dag.py:3954} INFO - Setting next_dagrun for example_nested_branch_dag to 2026-02-04 00:00:00+00:00, run_after=2026-02-05 00:00:00+00:00
[2026-02-05T13:14:21.754+0000] {processor.py:183} INFO - Processing /home/airflow/.local/lib/python3.12/site-packages/airflow/example_dags/example_nested_branch_dag.py took 0.048 seconds
[2026-02-05T13:14:51.832+0000] {processor.py:161} INFO - Started process (PID=2281) to work on /home/airflow/.local/lib/python3.12/site-packages/airflow/example_dags/example_nested_branch_dag.py
[2026-02-05T13:14:51.834+0000] {processor.py:830} INFO - Processing file /home/airflow/.local/lib/python3.12/site-packages/airflow/example_dags/example_nested_branch_dag.py for tasks to queue
[2026-02-05T13:14:51.835+0000] {logging_mixin.py:188} INFO - [2026-02-05T13:14:51.835+0000] {dagbag.py:540} INFO - Filling up the DagBag from /home/airflow/.local/lib/python3.12/site-packages/airflow/example_dags/example_nested_branch_dag.py
[2026-02-05T13:14:51.842+0000] {processor.py:840} INFO - DAG(s) 'example_nested_branch_dag' retrieved from /home/airflow/.local/lib/python3.12/site-packages/airflow/example_dags/example_nested_branch_dag.py
[2026-02-05T13:14:51.859+0000] {logging_mixin.py:188} INFO - [2026-02-05T13:14:51.859+0000] {dag.py:3096} INFO - Sync 1 DAGs
[2026-02-05T13:14:51.875+0000] {logging_mixin.py:188} INFO - [2026-02-05T13:14:51.875+0000] {dag.py:3954} INFO - Setting next_dagrun for example_nested_branch_dag to 2026-02-04 00:00:00+00:00, run_after=2026-02-05 00:00:00+00:00
[2026-02-05T13:14:51.887+0000] {processor.py:183} INFO - Processing /home/airflow/.local/lib/python3.12/site-packages/airflow/example_dags/example_nested_branch_dag.py took 0.061 seconds
[2026-02-05T13:15:22.832+0000] {processor.py:161} INFO - Started process (PID=2338) to work on /home/airflow/.local/lib/python3.12/site-packages/airflow/example_dags/example_nested_branch_dag.py
[2026-02-05T13:15:22.833+0000] {processor.py:830} INFO - Processing file /home/airflow/.local/lib/python3.12/site-packages/airflow/example_dags/example_nested_branch_dag.py for tasks to queue
[2026-02-05T13:15:22.835+0000] {logging_mixin.py:188} INFO - [2026-02-05T13:15:22.834+0000] {dagbag.py:540} INFO - Filling up the DagBag from /home/airflow/.local/lib/python3.12/site-packages/airflow/example_dags/example_nested_branch_dag.py
[2026-02-05T13:15:22.842+0000] {processor.py:840} INFO - DAG(s) 'example_nested_branch_dag' retrieved from /home/airflow/.local/lib/python3.12/site-packages/airflow/example_dags/example_nested_branch_dag.py
[2026-02-05T13:15:22.854+0000] {logging_mixin.py:188} INFO - [2026-02-05T13:15:22.854+0000] {dag.py:3096} INFO - Sync 1 DAGs
[2026-02-05T13:15:22.866+0000] {logging_mixin.py:188} INFO - [2026-02-05T13:15:22.866+0000] {dag.py:3954} INFO - Setting next_dagrun for example_nested_branch_dag to 2026-02-04 00:00:00+00:00, run_after=2026-02-05 00:00:00+00:00
[2026-02-05T13:15:22.875+0000] {processor.py:183} INFO - Processing /home/airflow/.local/lib/python3.12/site-packages/airflow/example_dags/example_nested_branch_dag.py took 0.047 seconds
[2026-02-05T13:15:53.627+0000] {processor.py:161} INFO - Started process (PID=2396) to work on /home/airflow/.local/lib/python3.12/site-packages/airflow/example_dags/example_nested_branch_dag.py
[2026-02-05T13:15:53.628+0000] {processor.py:830} INFO - Processing file /home/airflow/.local/lib/python3.12/site-packages/airflow/example_dags/example_nested_branch_dag.py for tasks to queue
[2026-02-05T13:15:53.629+0000] {logging_mixin.py:188} INFO - [2026-02-05T13:15:53.629+0000] {dagbag.py:540} INFO - Filling up the DagBag from /home/airflow/.local/lib/python3.12/site-packages/airflow/example_dags/example_nested_branch_dag.py
[2026-02-05T13:15:53.635+0000] {processor.py:840} INFO - DAG(s) 'example_nested_branch_dag' retrieved from /home/airflow/.local/lib/python3.12/site-packages/airflow/example_dags/example_nested_branch_dag.py
[2026-02-05T13:15:53.652+0000] {logging_mixin.py:188} INFO - [2026-02-05T13:15:53.652+0000] {dag.py:3096} INFO - Sync 1 DAGs
[2026-02-05T13:15:53.666+0000] {logging_mixin.py:188} INFO - [2026-02-05T13:15:53.666+0000] {dag.py:3954} INFO - Setting next_dagrun for example_nested_branch_dag to 2026-02-04 00:00:00+00:00, run_after=2026-02-05 00:00:00+00:00
[2026-02-05T13:15:53.681+0000] {processor.py:183} INFO - Processing /home/airflow/.local/lib/python3.12/site-packages/airflow/example_dags/example_nested_branch_dag.py took 0.059 seconds
[2026-02-05T13:16:24.676+0000] {processor.py:161} INFO - Started process (PID=2454) to work on /home/airflow/.local/lib/python3.12/site-packages/airflow/example_dags/example_nested_branch_dag.py
[2026-02-05T13:16:24.677+0000] {processor.py:830} INFO - Processing file /home/airflow/.local/lib/python3.12/site-packages/airflow/example_dags/example_nested_branch_dag.py for tasks to queue
[2026-02-05T13:16:24.678+0000] {logging_mixin.py:188} INFO - [2026-02-05T13:16:24.678+0000] {dagbag.py:540} INFO - Filling up the DagBag from /home/airflow/.local/lib/python3.12/site-packages/airflow/example_dags/example_nested_branch_dag.py
[2026-02-05T13:16:24.687+0000] {processor.py:840} INFO - DAG(s) 'example_nested_branch_dag' retrieved from /home/airflow/.local/lib/python3.12/site-packages/airflow/example_dags/example_nested_branch_dag.py
[2026-02-05T13:16:24.702+0000] {logging_mixin.py:188} INFO - [2026-02-05T13:16:24.701+0000] {dag.py:3096} INFO - Sync 1 DAGs
[2026-02-05T13:16:24.712+0000] {logging_mixin.py:188} INFO - [2026-02-05T13:16:24.712+0000] {dag.py:3954} INFO - Setting next_dagrun for example_nested_branch_dag to 2026-02-04 00:00:00+00:00, run_after=2026-02-05 00:00:00+00:00
[2026-02-05T13:16:24.724+0000] {processor.py:183} INFO - Processing /home/airflow/.local/lib/python3.12/site-packages/airflow/example_dags/example_nested_branch_dag.py took 0.052 seconds
[2026-02-05T13:16:54.751+0000] {processor.py:161} INFO - Started process (PID=2512) to work on /home/airflow/.local/lib/python3.12/site-packages/airflow/example_dags/example_nested_branch_dag.py
[2026-02-05T13:16:54.752+0000] {processor.py:830} INFO - Processing file /home/airflow/.local/lib/python3.12/site-packages/airflow/example_dags/example_nested_branch_dag.py for tasks to queue
[2026-02-05T13:16:54.753+0000] {logging_mixin.py:188} INFO - [2026-02-05T13:16:54.752+0000] {dagbag.py:540} INFO - Filling up the DagBag from /home/airflow/.local/lib/python3.12/site-packages/airflow/example_dags/example_nested_branch_dag.py
[2026-02-05T13:16:54.759+0000] {processor.py:840} INFO - DAG(s) 'example_nested_branch_dag' retrieved from /home/airflow/.local/lib/python3.12/site-packages/airflow/example_dags/example_nested_branch_dag.py
[2026-02-05T13:16:54.773+0000] {logging_mixin.py:188} INFO - [2026-02-05T13:16:54.773+0000] {dag.py:3096} INFO - Sync 1 DAGs
[2026-02-05T13:16:54.788+0000] {logging_mixin.py:188} INFO - [2026-02-05T13:16:54.788+0000] {dag.py:3954} INFO - Setting next_dagrun for example_nested_branch_dag to 2026-02-04 00:00:00+00:00, run_after=2026-02-05 00:00:00+00:00
[2026-02-05T13:16:54.802+0000] {processor.py:183} INFO - Processing /home/airflow/.local/lib/python3.12/site-packages/airflow/example_dags/example_nested_branch_dag.py took 0.054 seconds
[2026-02-05T13:17:24.864+0000] {processor.py:161} INFO - Started process (PID=2570) to work on /home/airflow/.local/lib/python3.12/site-packages/airflow/example_dags/example_nested_branch_dag.py
[2026-02-05T13:17:24.867+0000] {processor.py:830} INFO - Processing file /home/airflow/.local/lib/python3.12/site-packages/airflow/example_dags/example_nested_branch_dag.py for tasks to queue
[2026-02-05T13:17:24.869+0000] {logging_mixin.py:188} INFO - [2026-02-05T13:17:24.869+0000] {dagbag.py:540} INFO - Filling up the DagBag from /home/airflow/.local/lib/python3.12/site-packages/airflow/example_dags/example_nested_branch_dag.py
[2026-02-05T13:17:24.878+0000] {processor.py:840} INFO - DAG(s) 'example_nested_branch_dag' retrieved from /home/airflow/.local/lib/python3.12/site-packages/airflow/example_dags/example_nested_branch_dag.py
[2026-02-05T13:17:24.893+0000] {logging_mixin.py:188} INFO - [2026-02-05T13:17:24.893+0000] {dag.py:3096} INFO - Sync 1 DAGs
[2026-02-05T13:17:24.905+0000] {logging_mixin.py:188} INFO - [2026-02-05T13:17:24.905+0000] {dag.py:3954} INFO - Setting next_dagrun for example_nested_branch_dag to 2026-02-04 00:00:00+00:00, run_after=2026-02-05 00:00:00+00:00
[2026-02-05T13:17:24.919+0000] {processor.py:183} INFO - Processing /home/airflow/.local/lib/python3.12/site-packages/airflow/example_dags/example_nested_branch_dag.py took 0.058 seconds
[2026-02-05T13:17:55.097+0000] {processor.py:161} INFO - Started process (PID=2627) to work on /home/airflow/.local/lib/python3.12/site-packages/airflow/example_dags/example_nested_branch_dag.py
[2026-02-05T13:17:55.098+0000] {processor.py:830} INFO - Processing file /home/airflow/.local/lib/python3.12/site-packages/airflow/example_dags/example_nested_branch_dag.py for tasks to queue
[2026-02-05T13:17:55.100+0000] {logging_mixin.py:188} INFO - [2026-02-05T13:17:55.099+0000] {dagbag.py:540} INFO - Filling up the DagBag from /home/airflow/.local/lib/python3.12/site-packages/airflow/example_dags/example_nested_branch_dag.py
[2026-02-05T13:17:55.105+0000] {processor.py:840} INFO - DAG(s) 'example_nested_branch_dag' retrieved from /home/airflow/.local/lib/python3.12/site-packages/airflow/example_dags/example_nested_branch_dag.py
[2026-02-05T13:17:55.122+0000] {logging_mixin.py:188} INFO - [2026-02-05T13:17:55.122+0000] {dag.py:3096} INFO - Sync 1 DAGs
[2026-02-05T13:17:55.137+0000] {logging_mixin.py:188} INFO - [2026-02-05T13:17:55.137+0000] {dag.py:3954} INFO - Setting next_dagrun for example_nested_branch_dag to 2026-02-04 00:00:00+00:00, run_after=2026-02-05 00:00:00+00:00
[2026-02-05T13:17:55.303+0000] {processor.py:183} INFO - Processing /home/airflow/.local/lib/python3.12/site-packages/airflow/example_dags/example_nested_branch_dag.py took 0.209 seconds
