[2026-02-05T12:55:31.491+0000] {processor.py:161} INFO - Started process (PID=41) to work on /home/airflow/.local/lib/python3.12/site-packages/airflow/example_dags/example_branch_datetime_operator.py
[2026-02-05T12:55:31.495+0000] {processor.py:830} INFO - Processing file /home/airflow/.local/lib/python3.12/site-packages/airflow/example_dags/example_branch_datetime_operator.py for tasks to queue
[2026-02-05T12:55:31.565+0000] {logging_mixin.py:188} INFO - [2026-02-05T12:55:31.563+0000] {dagbag.py:540} INFO - Filling up the DagBag from /home/airflow/.local/lib/python3.12/site-packages/airflow/example_dags/example_branch_datetime_operator.py
[2026-02-05T12:55:31.645+0000] {processor.py:840} INFO - DAG(s) 'example_branch_datetime_operator', 'example_branch_datetime_operator_3', 'example_branch_datetime_operator_2' retrieved from /home/airflow/.local/lib/python3.12/site-packages/airflow/example_dags/example_branch_datetime_operator.py
[2026-02-05T12:55:31.720+0000] {logging_mixin.py:188} INFO - [2026-02-05T12:55:31.720+0000] {dag.py:3096} INFO - Sync 3 DAGs
[2026-02-05T12:55:31.770+0000] {logging_mixin.py:188} INFO - [2026-02-05T12:55:31.770+0000] {dag.py:3954} INFO - Setting next_dagrun for example_branch_datetime_operator to 2026-02-04 00:00:00+00:00, run_after=2026-02-05 00:00:00+00:00
[2026-02-05T12:55:31.778+0000] {logging_mixin.py:188} INFO - [2026-02-05T12:55:31.778+0000] {dag.py:3954} INFO - Setting next_dagrun for example_branch_datetime_operator_2 to 2026-02-04 00:00:00+00:00, run_after=2026-02-05 00:00:00+00:00
[2026-02-05T12:55:31.780+0000] {logging_mixin.py:188} INFO - [2026-02-05T12:55:31.780+0000] {dag.py:3954} INFO - Setting next_dagrun for example_branch_datetime_operator_3 to 2026-02-04 00:00:00+00:00, run_after=2026-02-05 00:00:00+00:00
[2026-02-05T12:55:31.801+0000] {processor.py:183} INFO - Processing /home/airflow/.local/lib/python3.12/site-packages/airflow/example_dags/example_branch_datetime_operator.py took 0.315 seconds
[2026-02-05T12:56:02.138+0000] {processor.py:161} INFO - Started process (PID=100) to work on /home/airflow/.local/lib/python3.12/site-packages/airflow/example_dags/example_branch_datetime_operator.py
[2026-02-05T12:56:02.139+0000] {processor.py:830} INFO - Processing file /home/airflow/.local/lib/python3.12/site-packages/airflow/example_dags/example_branch_datetime_operator.py for tasks to queue
[2026-02-05T12:56:02.142+0000] {logging_mixin.py:188} INFO - [2026-02-05T12:56:02.142+0000] {dagbag.py:540} INFO - Filling up the DagBag from /home/airflow/.local/lib/python3.12/site-packages/airflow/example_dags/example_branch_datetime_operator.py
[2026-02-05T12:56:02.156+0000] {processor.py:840} INFO - DAG(s) 'example_branch_datetime_operator_3', 'example_branch_datetime_operator_2', 'example_branch_datetime_operator' retrieved from /home/airflow/.local/lib/python3.12/site-packages/airflow/example_dags/example_branch_datetime_operator.py
[2026-02-05T12:56:02.362+0000] {logging_mixin.py:188} INFO - [2026-02-05T12:56:02.362+0000] {dag.py:3096} INFO - Sync 3 DAGs
[2026-02-05T12:56:02.375+0000] {logging_mixin.py:188} INFO - [2026-02-05T12:56:02.375+0000] {dag.py:3954} INFO - Setting next_dagrun for example_branch_datetime_operator to 2026-02-04 00:00:00+00:00, run_after=2026-02-05 00:00:00+00:00
[2026-02-05T12:56:02.377+0000] {logging_mixin.py:188} INFO - [2026-02-05T12:56:02.377+0000] {dag.py:3954} INFO - Setting next_dagrun for example_branch_datetime_operator_2 to 2026-02-04 00:00:00+00:00, run_after=2026-02-05 00:00:00+00:00
[2026-02-05T12:56:02.380+0000] {logging_mixin.py:188} INFO - [2026-02-05T12:56:02.380+0000] {dag.py:3954} INFO - Setting next_dagrun for example_branch_datetime_operator_3 to 2026-02-04 00:00:00+00:00, run_after=2026-02-05 00:00:00+00:00
[2026-02-05T12:56:02.392+0000] {processor.py:183} INFO - Processing /home/airflow/.local/lib/python3.12/site-packages/airflow/example_dags/example_branch_datetime_operator.py took 0.264 seconds
[2026-02-05T12:56:32.593+0000] {processor.py:161} INFO - Started process (PID=158) to work on /home/airflow/.local/lib/python3.12/site-packages/airflow/example_dags/example_branch_datetime_operator.py
[2026-02-05T12:56:32.599+0000] {processor.py:830} INFO - Processing file /home/airflow/.local/lib/python3.12/site-packages/airflow/example_dags/example_branch_datetime_operator.py for tasks to queue
[2026-02-05T12:56:32.607+0000] {logging_mixin.py:188} INFO - [2026-02-05T12:56:32.606+0000] {dagbag.py:540} INFO - Filling up the DagBag from /home/airflow/.local/lib/python3.12/site-packages/airflow/example_dags/example_branch_datetime_operator.py
[2026-02-05T12:56:32.624+0000] {processor.py:840} INFO - DAG(s) 'example_branch_datetime_operator_2', 'example_branch_datetime_operator', 'example_branch_datetime_operator_3' retrieved from /home/airflow/.local/lib/python3.12/site-packages/airflow/example_dags/example_branch_datetime_operator.py
[2026-02-05T12:56:32.657+0000] {logging_mixin.py:188} INFO - [2026-02-05T12:56:32.657+0000] {dag.py:3096} INFO - Sync 3 DAGs
[2026-02-05T12:56:32.682+0000] {logging_mixin.py:188} INFO - [2026-02-05T12:56:32.682+0000] {dag.py:3954} INFO - Setting next_dagrun for example_branch_datetime_operator to 2026-02-04 00:00:00+00:00, run_after=2026-02-05 00:00:00+00:00
[2026-02-05T12:56:32.685+0000] {logging_mixin.py:188} INFO - [2026-02-05T12:56:32.685+0000] {dag.py:3954} INFO - Setting next_dagrun for example_branch_datetime_operator_2 to 2026-02-04 00:00:00+00:00, run_after=2026-02-05 00:00:00+00:00
[2026-02-05T12:56:32.686+0000] {logging_mixin.py:188} INFO - [2026-02-05T12:56:32.686+0000] {dag.py:3954} INFO - Setting next_dagrun for example_branch_datetime_operator_3 to 2026-02-04 00:00:00+00:00, run_after=2026-02-05 00:00:00+00:00
[2026-02-05T12:56:32.697+0000] {processor.py:183} INFO - Processing /home/airflow/.local/lib/python3.12/site-packages/airflow/example_dags/example_branch_datetime_operator.py took 0.116 seconds
[2026-02-05T12:57:02.804+0000] {processor.py:161} INFO - Started process (PID=216) to work on /home/airflow/.local/lib/python3.12/site-packages/airflow/example_dags/example_branch_datetime_operator.py
[2026-02-05T12:57:02.806+0000] {processor.py:830} INFO - Processing file /home/airflow/.local/lib/python3.12/site-packages/airflow/example_dags/example_branch_datetime_operator.py for tasks to queue
[2026-02-05T12:57:02.811+0000] {logging_mixin.py:188} INFO - [2026-02-05T12:57:02.810+0000] {dagbag.py:540} INFO - Filling up the DagBag from /home/airflow/.local/lib/python3.12/site-packages/airflow/example_dags/example_branch_datetime_operator.py
[2026-02-05T12:57:02.829+0000] {processor.py:840} INFO - DAG(s) 'example_branch_datetime_operator', 'example_branch_datetime_operator_3', 'example_branch_datetime_operator_2' retrieved from /home/airflow/.local/lib/python3.12/site-packages/airflow/example_dags/example_branch_datetime_operator.py
[2026-02-05T12:57:02.865+0000] {logging_mixin.py:188} INFO - [2026-02-05T12:57:02.865+0000] {dag.py:3096} INFO - Sync 3 DAGs
[2026-02-05T12:57:02.884+0000] {logging_mixin.py:188} INFO - [2026-02-05T12:57:02.884+0000] {dag.py:3954} INFO - Setting next_dagrun for example_branch_datetime_operator to 2026-02-04 00:00:00+00:00, run_after=2026-02-05 00:00:00+00:00
[2026-02-05T12:57:02.888+0000] {logging_mixin.py:188} INFO - [2026-02-05T12:57:02.888+0000] {dag.py:3954} INFO - Setting next_dagrun for example_branch_datetime_operator_2 to 2026-02-04 00:00:00+00:00, run_after=2026-02-05 00:00:00+00:00
[2026-02-05T12:57:02.890+0000] {logging_mixin.py:188} INFO - [2026-02-05T12:57:02.890+0000] {dag.py:3954} INFO - Setting next_dagrun for example_branch_datetime_operator_3 to 2026-02-04 00:00:00+00:00, run_after=2026-02-05 00:00:00+00:00
[2026-02-05T12:57:02.903+0000] {processor.py:183} INFO - Processing /home/airflow/.local/lib/python3.12/site-packages/airflow/example_dags/example_branch_datetime_operator.py took 0.113 seconds
[2026-02-05T12:57:33.218+0000] {processor.py:161} INFO - Started process (PID=280) to work on /home/airflow/.local/lib/python3.12/site-packages/airflow/example_dags/example_branch_datetime_operator.py
[2026-02-05T12:57:33.221+0000] {processor.py:830} INFO - Processing file /home/airflow/.local/lib/python3.12/site-packages/airflow/example_dags/example_branch_datetime_operator.py for tasks to queue
[2026-02-05T12:57:33.232+0000] {logging_mixin.py:188} INFO - [2026-02-05T12:57:33.231+0000] {dagbag.py:540} INFO - Filling up the DagBag from /home/airflow/.local/lib/python3.12/site-packages/airflow/example_dags/example_branch_datetime_operator.py
[2026-02-05T12:57:33.256+0000] {processor.py:840} INFO - DAG(s) 'example_branch_datetime_operator', 'example_branch_datetime_operator_3', 'example_branch_datetime_operator_2' retrieved from /home/airflow/.local/lib/python3.12/site-packages/airflow/example_dags/example_branch_datetime_operator.py
[2026-02-05T12:57:33.293+0000] {logging_mixin.py:188} INFO - [2026-02-05T12:57:33.293+0000] {dag.py:3096} INFO - Sync 3 DAGs
[2026-02-05T12:57:33.314+0000] {logging_mixin.py:188} INFO - [2026-02-05T12:57:33.314+0000] {dag.py:3954} INFO - Setting next_dagrun for example_branch_datetime_operator to 2026-02-04 00:00:00+00:00, run_after=2026-02-05 00:00:00+00:00
[2026-02-05T12:57:33.318+0000] {logging_mixin.py:188} INFO - [2026-02-05T12:57:33.318+0000] {dag.py:3954} INFO - Setting next_dagrun for example_branch_datetime_operator_2 to 2026-02-04 00:00:00+00:00, run_after=2026-02-05 00:00:00+00:00
[2026-02-05T12:57:33.320+0000] {logging_mixin.py:188} INFO - [2026-02-05T12:57:33.320+0000] {dag.py:3954} INFO - Setting next_dagrun for example_branch_datetime_operator_3 to 2026-02-04 00:00:00+00:00, run_after=2026-02-05 00:00:00+00:00
[2026-02-05T12:57:33.331+0000] {processor.py:183} INFO - Processing /home/airflow/.local/lib/python3.12/site-packages/airflow/example_dags/example_branch_datetime_operator.py took 0.126 seconds
[2026-02-05T12:58:03.618+0000] {processor.py:161} INFO - Started process (PID=338) to work on /home/airflow/.local/lib/python3.12/site-packages/airflow/example_dags/example_branch_datetime_operator.py
[2026-02-05T12:58:03.619+0000] {processor.py:830} INFO - Processing file /home/airflow/.local/lib/python3.12/site-packages/airflow/example_dags/example_branch_datetime_operator.py for tasks to queue
[2026-02-05T12:58:03.623+0000] {logging_mixin.py:188} INFO - [2026-02-05T12:58:03.622+0000] {dagbag.py:540} INFO - Filling up the DagBag from /home/airflow/.local/lib/python3.12/site-packages/airflow/example_dags/example_branch_datetime_operator.py
[2026-02-05T12:58:03.637+0000] {processor.py:840} INFO - DAG(s) 'example_branch_datetime_operator', 'example_branch_datetime_operator_2', 'example_branch_datetime_operator_3' retrieved from /home/airflow/.local/lib/python3.12/site-packages/airflow/example_dags/example_branch_datetime_operator.py
[2026-02-05T12:58:03.673+0000] {logging_mixin.py:188} INFO - [2026-02-05T12:58:03.673+0000] {dag.py:3096} INFO - Sync 3 DAGs
[2026-02-05T12:58:03.694+0000] {logging_mixin.py:188} INFO - [2026-02-05T12:58:03.694+0000] {dag.py:3954} INFO - Setting next_dagrun for example_branch_datetime_operator to 2026-02-04 00:00:00+00:00, run_after=2026-02-05 00:00:00+00:00
[2026-02-05T12:58:03.698+0000] {logging_mixin.py:188} INFO - [2026-02-05T12:58:03.698+0000] {dag.py:3954} INFO - Setting next_dagrun for example_branch_datetime_operator_2 to 2026-02-04 00:00:00+00:00, run_after=2026-02-05 00:00:00+00:00
[2026-02-05T12:58:03.700+0000] {logging_mixin.py:188} INFO - [2026-02-05T12:58:03.700+0000] {dag.py:3954} INFO - Setting next_dagrun for example_branch_datetime_operator_3 to 2026-02-04 00:00:00+00:00, run_after=2026-02-05 00:00:00+00:00
[2026-02-05T12:58:03.717+0000] {processor.py:183} INFO - Processing /home/airflow/.local/lib/python3.12/site-packages/airflow/example_dags/example_branch_datetime_operator.py took 0.107 seconds
[2026-02-05T12:58:33.799+0000] {processor.py:161} INFO - Started process (PID=396) to work on /home/airflow/.local/lib/python3.12/site-packages/airflow/example_dags/example_branch_datetime_operator.py
[2026-02-05T12:58:33.800+0000] {processor.py:830} INFO - Processing file /home/airflow/.local/lib/python3.12/site-packages/airflow/example_dags/example_branch_datetime_operator.py for tasks to queue
[2026-02-05T12:58:33.803+0000] {logging_mixin.py:188} INFO - [2026-02-05T12:58:33.803+0000] {dagbag.py:540} INFO - Filling up the DagBag from /home/airflow/.local/lib/python3.12/site-packages/airflow/example_dags/example_branch_datetime_operator.py
[2026-02-05T12:58:33.814+0000] {processor.py:840} INFO - DAG(s) 'example_branch_datetime_operator_2', 'example_branch_datetime_operator_3', 'example_branch_datetime_operator' retrieved from /home/airflow/.local/lib/python3.12/site-packages/airflow/example_dags/example_branch_datetime_operator.py
[2026-02-05T12:58:33.840+0000] {logging_mixin.py:188} INFO - [2026-02-05T12:58:33.840+0000] {dag.py:3096} INFO - Sync 3 DAGs
[2026-02-05T12:58:33.860+0000] {logging_mixin.py:188} INFO - [2026-02-05T12:58:33.860+0000] {dag.py:3954} INFO - Setting next_dagrun for example_branch_datetime_operator to 2026-02-04 00:00:00+00:00, run_after=2026-02-05 00:00:00+00:00
[2026-02-05T12:58:33.863+0000] {logging_mixin.py:188} INFO - [2026-02-05T12:58:33.863+0000] {dag.py:3954} INFO - Setting next_dagrun for example_branch_datetime_operator_2 to 2026-02-04 00:00:00+00:00, run_after=2026-02-05 00:00:00+00:00
[2026-02-05T12:58:33.865+0000] {logging_mixin.py:188} INFO - [2026-02-05T12:58:33.865+0000] {dag.py:3954} INFO - Setting next_dagrun for example_branch_datetime_operator_3 to 2026-02-04 00:00:00+00:00, run_after=2026-02-05 00:00:00+00:00
[2026-02-05T12:58:33.879+0000] {processor.py:183} INFO - Processing /home/airflow/.local/lib/python3.12/site-packages/airflow/example_dags/example_branch_datetime_operator.py took 0.087 seconds
[2026-02-05T12:59:03.982+0000] {processor.py:161} INFO - Started process (PID=463) to work on /home/airflow/.local/lib/python3.12/site-packages/airflow/example_dags/example_branch_datetime_operator.py
[2026-02-05T12:59:03.983+0000] {processor.py:830} INFO - Processing file /home/airflow/.local/lib/python3.12/site-packages/airflow/example_dags/example_branch_datetime_operator.py for tasks to queue
[2026-02-05T12:59:03.988+0000] {logging_mixin.py:188} INFO - [2026-02-05T12:59:03.987+0000] {dagbag.py:540} INFO - Filling up the DagBag from /home/airflow/.local/lib/python3.12/site-packages/airflow/example_dags/example_branch_datetime_operator.py
[2026-02-05T12:59:03.997+0000] {processor.py:840} INFO - DAG(s) 'example_branch_datetime_operator_3', 'example_branch_datetime_operator', 'example_branch_datetime_operator_2' retrieved from /home/airflow/.local/lib/python3.12/site-packages/airflow/example_dags/example_branch_datetime_operator.py
[2026-02-05T12:59:04.020+0000] {logging_mixin.py:188} INFO - [2026-02-05T12:59:04.020+0000] {dag.py:3096} INFO - Sync 3 DAGs
[2026-02-05T12:59:04.034+0000] {logging_mixin.py:188} INFO - [2026-02-05T12:59:04.034+0000] {dag.py:3954} INFO - Setting next_dagrun for example_branch_datetime_operator to 2026-02-04 00:00:00+00:00, run_after=2026-02-05 00:00:00+00:00
[2026-02-05T12:59:04.036+0000] {logging_mixin.py:188} INFO - [2026-02-05T12:59:04.036+0000] {dag.py:3954} INFO - Setting next_dagrun for example_branch_datetime_operator_2 to 2026-02-04 00:00:00+00:00, run_after=2026-02-05 00:00:00+00:00
[2026-02-05T12:59:04.038+0000] {logging_mixin.py:188} INFO - [2026-02-05T12:59:04.038+0000] {dag.py:3954} INFO - Setting next_dagrun for example_branch_datetime_operator_3 to 2026-02-04 00:00:00+00:00, run_after=2026-02-05 00:00:00+00:00
[2026-02-05T12:59:04.048+0000] {processor.py:183} INFO - Processing /home/airflow/.local/lib/python3.12/site-packages/airflow/example_dags/example_branch_datetime_operator.py took 0.072 seconds
[2026-02-05T12:59:34.161+0000] {processor.py:161} INFO - Started process (PID=522) to work on /home/airflow/.local/lib/python3.12/site-packages/airflow/example_dags/example_branch_datetime_operator.py
[2026-02-05T12:59:34.163+0000] {processor.py:830} INFO - Processing file /home/airflow/.local/lib/python3.12/site-packages/airflow/example_dags/example_branch_datetime_operator.py for tasks to queue
[2026-02-05T12:59:34.166+0000] {logging_mixin.py:188} INFO - [2026-02-05T12:59:34.165+0000] {dagbag.py:540} INFO - Filling up the DagBag from /home/airflow/.local/lib/python3.12/site-packages/airflow/example_dags/example_branch_datetime_operator.py
[2026-02-05T12:59:34.177+0000] {processor.py:840} INFO - DAG(s) 'example_branch_datetime_operator', 'example_branch_datetime_operator_2', 'example_branch_datetime_operator_3' retrieved from /home/airflow/.local/lib/python3.12/site-packages/airflow/example_dags/example_branch_datetime_operator.py
[2026-02-05T12:59:34.210+0000] {logging_mixin.py:188} INFO - [2026-02-05T12:59:34.210+0000] {dag.py:3096} INFO - Sync 3 DAGs
[2026-02-05T12:59:34.235+0000] {logging_mixin.py:188} INFO - [2026-02-05T12:59:34.235+0000] {dag.py:3954} INFO - Setting next_dagrun for example_branch_datetime_operator to 2026-02-04 00:00:00+00:00, run_after=2026-02-05 00:00:00+00:00
[2026-02-05T12:59:34.239+0000] {logging_mixin.py:188} INFO - [2026-02-05T12:59:34.239+0000] {dag.py:3954} INFO - Setting next_dagrun for example_branch_datetime_operator_2 to 2026-02-04 00:00:00+00:00, run_after=2026-02-05 00:00:00+00:00
[2026-02-05T12:59:34.241+0000] {logging_mixin.py:188} INFO - [2026-02-05T12:59:34.241+0000] {dag.py:3954} INFO - Setting next_dagrun for example_branch_datetime_operator_3 to 2026-02-04 00:00:00+00:00, run_after=2026-02-05 00:00:00+00:00
[2026-02-05T12:59:34.251+0000] {processor.py:183} INFO - Processing /home/airflow/.local/lib/python3.12/site-packages/airflow/example_dags/example_branch_datetime_operator.py took 0.101 seconds
[2026-02-05T13:00:04.408+0000] {processor.py:161} INFO - Started process (PID=580) to work on /home/airflow/.local/lib/python3.12/site-packages/airflow/example_dags/example_branch_datetime_operator.py
[2026-02-05T13:00:04.409+0000] {processor.py:830} INFO - Processing file /home/airflow/.local/lib/python3.12/site-packages/airflow/example_dags/example_branch_datetime_operator.py for tasks to queue
[2026-02-05T13:00:04.417+0000] {logging_mixin.py:188} INFO - [2026-02-05T13:00:04.416+0000] {dagbag.py:540} INFO - Filling up the DagBag from /home/airflow/.local/lib/python3.12/site-packages/airflow/example_dags/example_branch_datetime_operator.py
[2026-02-05T13:00:04.428+0000] {processor.py:840} INFO - DAG(s) 'example_branch_datetime_operator_2', 'example_branch_datetime_operator', 'example_branch_datetime_operator_3' retrieved from /home/airflow/.local/lib/python3.12/site-packages/airflow/example_dags/example_branch_datetime_operator.py
[2026-02-05T13:00:04.473+0000] {logging_mixin.py:188} INFO - [2026-02-05T13:00:04.473+0000] {dag.py:3096} INFO - Sync 3 DAGs
[2026-02-05T13:00:04.501+0000] {logging_mixin.py:188} INFO - [2026-02-05T13:00:04.501+0000] {dag.py:3954} INFO - Setting next_dagrun for example_branch_datetime_operator to 2026-02-04 00:00:00+00:00, run_after=2026-02-05 00:00:00+00:00
[2026-02-05T13:00:04.504+0000] {logging_mixin.py:188} INFO - [2026-02-05T13:00:04.504+0000] {dag.py:3954} INFO - Setting next_dagrun for example_branch_datetime_operator_2 to 2026-02-04 00:00:00+00:00, run_after=2026-02-05 00:00:00+00:00
[2026-02-05T13:00:04.506+0000] {logging_mixin.py:188} INFO - [2026-02-05T13:00:04.506+0000] {dag.py:3954} INFO - Setting next_dagrun for example_branch_datetime_operator_3 to 2026-02-04 00:00:00+00:00, run_after=2026-02-05 00:00:00+00:00
[2026-02-05T13:00:04.517+0000] {processor.py:183} INFO - Processing /home/airflow/.local/lib/python3.12/site-packages/airflow/example_dags/example_branch_datetime_operator.py took 0.121 seconds
[2026-02-05T13:00:34.588+0000] {processor.py:161} INFO - Started process (PID=638) to work on /home/airflow/.local/lib/python3.12/site-packages/airflow/example_dags/example_branch_datetime_operator.py
[2026-02-05T13:00:34.589+0000] {processor.py:830} INFO - Processing file /home/airflow/.local/lib/python3.12/site-packages/airflow/example_dags/example_branch_datetime_operator.py for tasks to queue
[2026-02-05T13:00:34.592+0000] {logging_mixin.py:188} INFO - [2026-02-05T13:00:34.592+0000] {dagbag.py:540} INFO - Filling up the DagBag from /home/airflow/.local/lib/python3.12/site-packages/airflow/example_dags/example_branch_datetime_operator.py
[2026-02-05T13:00:34.607+0000] {processor.py:840} INFO - DAG(s) 'example_branch_datetime_operator_3', 'example_branch_datetime_operator', 'example_branch_datetime_operator_2' retrieved from /home/airflow/.local/lib/python3.12/site-packages/airflow/example_dags/example_branch_datetime_operator.py
[2026-02-05T13:00:34.647+0000] {logging_mixin.py:188} INFO - [2026-02-05T13:00:34.647+0000] {dag.py:3096} INFO - Sync 3 DAGs
[2026-02-05T13:00:34.671+0000] {logging_mixin.py:188} INFO - [2026-02-05T13:00:34.671+0000] {dag.py:3954} INFO - Setting next_dagrun for example_branch_datetime_operator to 2026-02-04 00:00:00+00:00, run_after=2026-02-05 00:00:00+00:00
[2026-02-05T13:00:34.675+0000] {logging_mixin.py:188} INFO - [2026-02-05T13:00:34.675+0000] {dag.py:3954} INFO - Setting next_dagrun for example_branch_datetime_operator_2 to 2026-02-04 00:00:00+00:00, run_after=2026-02-05 00:00:00+00:00
[2026-02-05T13:00:34.676+0000] {logging_mixin.py:188} INFO - [2026-02-05T13:00:34.676+0000] {dag.py:3954} INFO - Setting next_dagrun for example_branch_datetime_operator_3 to 2026-02-04 00:00:00+00:00, run_after=2026-02-05 00:00:00+00:00
[2026-02-05T13:00:34.692+0000] {processor.py:183} INFO - Processing /home/airflow/.local/lib/python3.12/site-packages/airflow/example_dags/example_branch_datetime_operator.py took 0.113 seconds
[2026-02-05T13:01:04.737+0000] {processor.py:161} INFO - Started process (PID=696) to work on /home/airflow/.local/lib/python3.12/site-packages/airflow/example_dags/example_branch_datetime_operator.py
[2026-02-05T13:01:04.738+0000] {processor.py:830} INFO - Processing file /home/airflow/.local/lib/python3.12/site-packages/airflow/example_dags/example_branch_datetime_operator.py for tasks to queue
[2026-02-05T13:01:04.743+0000] {logging_mixin.py:188} INFO - [2026-02-05T13:01:04.743+0000] {dagbag.py:540} INFO - Filling up the DagBag from /home/airflow/.local/lib/python3.12/site-packages/airflow/example_dags/example_branch_datetime_operator.py
[2026-02-05T13:01:04.754+0000] {processor.py:840} INFO - DAG(s) 'example_branch_datetime_operator_3', 'example_branch_datetime_operator', 'example_branch_datetime_operator_2' retrieved from /home/airflow/.local/lib/python3.12/site-packages/airflow/example_dags/example_branch_datetime_operator.py
[2026-02-05T13:01:04.778+0000] {logging_mixin.py:188} INFO - [2026-02-05T13:01:04.777+0000] {dag.py:3096} INFO - Sync 3 DAGs
[2026-02-05T13:01:04.800+0000] {logging_mixin.py:188} INFO - [2026-02-05T13:01:04.800+0000] {dag.py:3954} INFO - Setting next_dagrun for example_branch_datetime_operator to 2026-02-04 00:00:00+00:00, run_after=2026-02-05 00:00:00+00:00
[2026-02-05T13:01:04.803+0000] {logging_mixin.py:188} INFO - [2026-02-05T13:01:04.803+0000] {dag.py:3954} INFO - Setting next_dagrun for example_branch_datetime_operator_2 to 2026-02-04 00:00:00+00:00, run_after=2026-02-05 00:00:00+00:00
[2026-02-05T13:01:04.805+0000] {logging_mixin.py:188} INFO - [2026-02-05T13:01:04.805+0000] {dag.py:3954} INFO - Setting next_dagrun for example_branch_datetime_operator_3 to 2026-02-04 00:00:00+00:00, run_after=2026-02-05 00:00:00+00:00
[2026-02-05T13:01:04.816+0000] {processor.py:183} INFO - Processing /home/airflow/.local/lib/python3.12/site-packages/airflow/example_dags/example_branch_datetime_operator.py took 0.090 seconds
[2026-02-05T13:01:34.869+0000] {processor.py:161} INFO - Started process (PID=754) to work on /home/airflow/.local/lib/python3.12/site-packages/airflow/example_dags/example_branch_datetime_operator.py
[2026-02-05T13:01:34.870+0000] {processor.py:830} INFO - Processing file /home/airflow/.local/lib/python3.12/site-packages/airflow/example_dags/example_branch_datetime_operator.py for tasks to queue
[2026-02-05T13:01:34.873+0000] {logging_mixin.py:188} INFO - [2026-02-05T13:01:34.873+0000] {dagbag.py:540} INFO - Filling up the DagBag from /home/airflow/.local/lib/python3.12/site-packages/airflow/example_dags/example_branch_datetime_operator.py
[2026-02-05T13:01:34.882+0000] {processor.py:840} INFO - DAG(s) 'example_branch_datetime_operator', 'example_branch_datetime_operator_2', 'example_branch_datetime_operator_3' retrieved from /home/airflow/.local/lib/python3.12/site-packages/airflow/example_dags/example_branch_datetime_operator.py
[2026-02-05T13:01:34.908+0000] {logging_mixin.py:188} INFO - [2026-02-05T13:01:34.908+0000] {dag.py:3096} INFO - Sync 3 DAGs
[2026-02-05T13:01:34.928+0000] {logging_mixin.py:188} INFO - [2026-02-05T13:01:34.928+0000] {dag.py:3954} INFO - Setting next_dagrun for example_branch_datetime_operator to 2026-02-04 00:00:00+00:00, run_after=2026-02-05 00:00:00+00:00
[2026-02-05T13:01:34.932+0000] {logging_mixin.py:188} INFO - [2026-02-05T13:01:34.932+0000] {dag.py:3954} INFO - Setting next_dagrun for example_branch_datetime_operator_2 to 2026-02-04 00:00:00+00:00, run_after=2026-02-05 00:00:00+00:00
[2026-02-05T13:01:34.933+0000] {logging_mixin.py:188} INFO - [2026-02-05T13:01:34.933+0000] {dag.py:3954} INFO - Setting next_dagrun for example_branch_datetime_operator_3 to 2026-02-04 00:00:00+00:00, run_after=2026-02-05 00:00:00+00:00
[2026-02-05T13:01:34.946+0000] {processor.py:183} INFO - Processing /home/airflow/.local/lib/python3.12/site-packages/airflow/example_dags/example_branch_datetime_operator.py took 0.086 seconds
[2026-02-05T13:02:05.208+0000] {processor.py:161} INFO - Started process (PID=811) to work on /home/airflow/.local/lib/python3.12/site-packages/airflow/example_dags/example_branch_datetime_operator.py
[2026-02-05T13:02:05.209+0000] {processor.py:830} INFO - Processing file /home/airflow/.local/lib/python3.12/site-packages/airflow/example_dags/example_branch_datetime_operator.py for tasks to queue
[2026-02-05T13:02:05.213+0000] {logging_mixin.py:188} INFO - [2026-02-05T13:02:05.211+0000] {dagbag.py:540} INFO - Filling up the DagBag from /home/airflow/.local/lib/python3.12/site-packages/airflow/example_dags/example_branch_datetime_operator.py
[2026-02-05T13:02:05.230+0000] {processor.py:840} INFO - DAG(s) 'example_branch_datetime_operator_2', 'example_branch_datetime_operator_3', 'example_branch_datetime_operator' retrieved from /home/airflow/.local/lib/python3.12/site-packages/airflow/example_dags/example_branch_datetime_operator.py
[2026-02-05T13:02:05.274+0000] {logging_mixin.py:188} INFO - [2026-02-05T13:02:05.273+0000] {dag.py:3096} INFO - Sync 3 DAGs
[2026-02-05T13:02:05.299+0000] {logging_mixin.py:188} INFO - [2026-02-05T13:02:05.299+0000] {dag.py:3954} INFO - Setting next_dagrun for example_branch_datetime_operator to 2026-02-04 00:00:00+00:00, run_after=2026-02-05 00:00:00+00:00
[2026-02-05T13:02:05.303+0000] {logging_mixin.py:188} INFO - [2026-02-05T13:02:05.303+0000] {dag.py:3954} INFO - Setting next_dagrun for example_branch_datetime_operator_2 to 2026-02-04 00:00:00+00:00, run_after=2026-02-05 00:00:00+00:00
[2026-02-05T13:02:05.305+0000] {logging_mixin.py:188} INFO - [2026-02-05T13:02:05.305+0000] {dag.py:3954} INFO - Setting next_dagrun for example_branch_datetime_operator_3 to 2026-02-04 00:00:00+00:00, run_after=2026-02-05 00:00:00+00:00
[2026-02-05T13:02:05.323+0000] {processor.py:183} INFO - Processing /home/airflow/.local/lib/python3.12/site-packages/airflow/example_dags/example_branch_datetime_operator.py took 0.131 seconds
[2026-02-05T13:02:36.271+0000] {processor.py:161} INFO - Started process (PID=869) to work on /home/airflow/.local/lib/python3.12/site-packages/airflow/example_dags/example_branch_datetime_operator.py
[2026-02-05T13:02:36.272+0000] {processor.py:830} INFO - Processing file /home/airflow/.local/lib/python3.12/site-packages/airflow/example_dags/example_branch_datetime_operator.py for tasks to queue
[2026-02-05T13:02:36.274+0000] {logging_mixin.py:188} INFO - [2026-02-05T13:02:36.274+0000] {dagbag.py:540} INFO - Filling up the DagBag from /home/airflow/.local/lib/python3.12/site-packages/airflow/example_dags/example_branch_datetime_operator.py
[2026-02-05T13:02:36.284+0000] {processor.py:840} INFO - DAG(s) 'example_branch_datetime_operator_2', 'example_branch_datetime_operator', 'example_branch_datetime_operator_3' retrieved from /home/airflow/.local/lib/python3.12/site-packages/airflow/example_dags/example_branch_datetime_operator.py
[2026-02-05T13:02:36.305+0000] {logging_mixin.py:188} INFO - [2026-02-05T13:02:36.305+0000] {dag.py:3096} INFO - Sync 3 DAGs
[2026-02-05T13:02:36.321+0000] {logging_mixin.py:188} INFO - [2026-02-05T13:02:36.321+0000] {dag.py:3954} INFO - Setting next_dagrun for example_branch_datetime_operator to 2026-02-04 00:00:00+00:00, run_after=2026-02-05 00:00:00+00:00
[2026-02-05T13:02:36.325+0000] {logging_mixin.py:188} INFO - [2026-02-05T13:02:36.325+0000] {dag.py:3954} INFO - Setting next_dagrun for example_branch_datetime_operator_2 to 2026-02-04 00:00:00+00:00, run_after=2026-02-05 00:00:00+00:00
[2026-02-05T13:02:36.326+0000] {logging_mixin.py:188} INFO - [2026-02-05T13:02:36.326+0000] {dag.py:3954} INFO - Setting next_dagrun for example_branch_datetime_operator_3 to 2026-02-04 00:00:00+00:00, run_after=2026-02-05 00:00:00+00:00
[2026-02-05T13:02:36.335+0000] {processor.py:183} INFO - Processing /home/airflow/.local/lib/python3.12/site-packages/airflow/example_dags/example_branch_datetime_operator.py took 0.075 seconds
[2026-02-05T13:03:06.516+0000] {processor.py:161} INFO - Started process (PID=927) to work on /home/airflow/.local/lib/python3.12/site-packages/airflow/example_dags/example_branch_datetime_operator.py
[2026-02-05T13:03:06.517+0000] {processor.py:830} INFO - Processing file /home/airflow/.local/lib/python3.12/site-packages/airflow/example_dags/example_branch_datetime_operator.py for tasks to queue
[2026-02-05T13:03:06.520+0000] {logging_mixin.py:188} INFO - [2026-02-05T13:03:06.520+0000] {dagbag.py:540} INFO - Filling up the DagBag from /home/airflow/.local/lib/python3.12/site-packages/airflow/example_dags/example_branch_datetime_operator.py
[2026-02-05T13:03:06.534+0000] {processor.py:840} INFO - DAG(s) 'example_branch_datetime_operator_2', 'example_branch_datetime_operator_3', 'example_branch_datetime_operator' retrieved from /home/airflow/.local/lib/python3.12/site-packages/airflow/example_dags/example_branch_datetime_operator.py
[2026-02-05T13:03:06.555+0000] {logging_mixin.py:188} INFO - [2026-02-05T13:03:06.554+0000] {dag.py:3096} INFO - Sync 3 DAGs
[2026-02-05T13:03:06.571+0000] {logging_mixin.py:188} INFO - [2026-02-05T13:03:06.571+0000] {dag.py:3954} INFO - Setting next_dagrun for example_branch_datetime_operator to 2026-02-04 00:00:00+00:00, run_after=2026-02-05 00:00:00+00:00
[2026-02-05T13:03:06.576+0000] {logging_mixin.py:188} INFO - [2026-02-05T13:03:06.576+0000] {dag.py:3954} INFO - Setting next_dagrun for example_branch_datetime_operator_2 to 2026-02-04 00:00:00+00:00, run_after=2026-02-05 00:00:00+00:00
[2026-02-05T13:03:06.577+0000] {logging_mixin.py:188} INFO - [2026-02-05T13:03:06.577+0000] {dag.py:3954} INFO - Setting next_dagrun for example_branch_datetime_operator_3 to 2026-02-04 00:00:00+00:00, run_after=2026-02-05 00:00:00+00:00
[2026-02-05T13:03:06.589+0000] {processor.py:183} INFO - Processing /home/airflow/.local/lib/python3.12/site-packages/airflow/example_dags/example_branch_datetime_operator.py took 0.081 seconds
[2026-02-05T13:03:36.650+0000] {processor.py:161} INFO - Started process (PID=985) to work on /home/airflow/.local/lib/python3.12/site-packages/airflow/example_dags/example_branch_datetime_operator.py
[2026-02-05T13:03:36.650+0000] {processor.py:830} INFO - Processing file /home/airflow/.local/lib/python3.12/site-packages/airflow/example_dags/example_branch_datetime_operator.py for tasks to queue
[2026-02-05T13:03:36.653+0000] {logging_mixin.py:188} INFO - [2026-02-05T13:03:36.653+0000] {dagbag.py:540} INFO - Filling up the DagBag from /home/airflow/.local/lib/python3.12/site-packages/airflow/example_dags/example_branch_datetime_operator.py
[2026-02-05T13:03:36.673+0000] {processor.py:840} INFO - DAG(s) 'example_branch_datetime_operator_2', 'example_branch_datetime_operator', 'example_branch_datetime_operator_3' retrieved from /home/airflow/.local/lib/python3.12/site-packages/airflow/example_dags/example_branch_datetime_operator.py
[2026-02-05T13:03:36.705+0000] {logging_mixin.py:188} INFO - [2026-02-05T13:03:36.705+0000] {dag.py:3096} INFO - Sync 3 DAGs
[2026-02-05T13:03:36.725+0000] {logging_mixin.py:188} INFO - [2026-02-05T13:03:36.725+0000] {dag.py:3954} INFO - Setting next_dagrun for example_branch_datetime_operator to 2026-02-04 00:00:00+00:00, run_after=2026-02-05 00:00:00+00:00
[2026-02-05T13:03:36.728+0000] {logging_mixin.py:188} INFO - [2026-02-05T13:03:36.728+0000] {dag.py:3954} INFO - Setting next_dagrun for example_branch_datetime_operator_2 to 2026-02-04 00:00:00+00:00, run_after=2026-02-05 00:00:00+00:00
[2026-02-05T13:03:36.730+0000] {logging_mixin.py:188} INFO - [2026-02-05T13:03:36.730+0000] {dag.py:3954} INFO - Setting next_dagrun for example_branch_datetime_operator_3 to 2026-02-04 00:00:00+00:00, run_after=2026-02-05 00:00:00+00:00
[2026-02-05T13:03:36.742+0000] {processor.py:183} INFO - Processing /home/airflow/.local/lib/python3.12/site-packages/airflow/example_dags/example_branch_datetime_operator.py took 0.104 seconds
[2026-02-05T13:04:06.837+0000] {processor.py:161} INFO - Started process (PID=1043) to work on /home/airflow/.local/lib/python3.12/site-packages/airflow/example_dags/example_branch_datetime_operator.py
[2026-02-05T13:04:06.837+0000] {processor.py:830} INFO - Processing file /home/airflow/.local/lib/python3.12/site-packages/airflow/example_dags/example_branch_datetime_operator.py for tasks to queue
[2026-02-05T13:04:06.840+0000] {logging_mixin.py:188} INFO - [2026-02-05T13:04:06.839+0000] {dagbag.py:540} INFO - Filling up the DagBag from /home/airflow/.local/lib/python3.12/site-packages/airflow/example_dags/example_branch_datetime_operator.py
[2026-02-05T13:04:06.848+0000] {processor.py:840} INFO - DAG(s) 'example_branch_datetime_operator_3', 'example_branch_datetime_operator', 'example_branch_datetime_operator_2' retrieved from /home/airflow/.local/lib/python3.12/site-packages/airflow/example_dags/example_branch_datetime_operator.py
[2026-02-05T13:04:06.868+0000] {logging_mixin.py:188} INFO - [2026-02-05T13:04:06.868+0000] {dag.py:3096} INFO - Sync 3 DAGs
[2026-02-05T13:04:06.885+0000] {logging_mixin.py:188} INFO - [2026-02-05T13:04:06.885+0000] {dag.py:3954} INFO - Setting next_dagrun for example_branch_datetime_operator to 2026-02-04 00:00:00+00:00, run_after=2026-02-05 00:00:00+00:00
[2026-02-05T13:04:06.888+0000] {logging_mixin.py:188} INFO - [2026-02-05T13:04:06.888+0000] {dag.py:3954} INFO - Setting next_dagrun for example_branch_datetime_operator_2 to 2026-02-04 00:00:00+00:00, run_after=2026-02-05 00:00:00+00:00
[2026-02-05T13:04:06.889+0000] {logging_mixin.py:188} INFO - [2026-02-05T13:04:06.889+0000] {dag.py:3954} INFO - Setting next_dagrun for example_branch_datetime_operator_3 to 2026-02-04 00:00:00+00:00, run_after=2026-02-05 00:00:00+00:00
[2026-02-05T13:04:06.899+0000] {processor.py:183} INFO - Processing /home/airflow/.local/lib/python3.12/site-packages/airflow/example_dags/example_branch_datetime_operator.py took 0.069 seconds
[2026-02-05T13:04:37.815+0000] {processor.py:161} INFO - Started process (PID=1101) to work on /home/airflow/.local/lib/python3.12/site-packages/airflow/example_dags/example_branch_datetime_operator.py
[2026-02-05T13:04:37.815+0000] {processor.py:830} INFO - Processing file /home/airflow/.local/lib/python3.12/site-packages/airflow/example_dags/example_branch_datetime_operator.py for tasks to queue
[2026-02-05T13:04:37.818+0000] {logging_mixin.py:188} INFO - [2026-02-05T13:04:37.818+0000] {dagbag.py:540} INFO - Filling up the DagBag from /home/airflow/.local/lib/python3.12/site-packages/airflow/example_dags/example_branch_datetime_operator.py
[2026-02-05T13:04:37.828+0000] {processor.py:840} INFO - DAG(s) 'example_branch_datetime_operator_3', 'example_branch_datetime_operator_2', 'example_branch_datetime_operator' retrieved from /home/airflow/.local/lib/python3.12/site-packages/airflow/example_dags/example_branch_datetime_operator.py
[2026-02-05T13:04:37.847+0000] {logging_mixin.py:188} INFO - [2026-02-05T13:04:37.847+0000] {dag.py:3096} INFO - Sync 3 DAGs
[2026-02-05T13:04:38.036+0000] {logging_mixin.py:188} INFO - [2026-02-05T13:04:38.036+0000] {dag.py:3954} INFO - Setting next_dagrun for example_branch_datetime_operator to 2026-02-04 00:00:00+00:00, run_after=2026-02-05 00:00:00+00:00
[2026-02-05T13:04:38.039+0000] {logging_mixin.py:188} INFO - [2026-02-05T13:04:38.039+0000] {dag.py:3954} INFO - Setting next_dagrun for example_branch_datetime_operator_2 to 2026-02-04 00:00:00+00:00, run_after=2026-02-05 00:00:00+00:00
[2026-02-05T13:04:38.041+0000] {logging_mixin.py:188} INFO - [2026-02-05T13:04:38.041+0000] {dag.py:3954} INFO - Setting next_dagrun for example_branch_datetime_operator_3 to 2026-02-04 00:00:00+00:00, run_after=2026-02-05 00:00:00+00:00
[2026-02-05T13:04:38.053+0000] {processor.py:183} INFO - Processing /home/airflow/.local/lib/python3.12/site-packages/airflow/example_dags/example_branch_datetime_operator.py took 0.245 seconds
[2026-02-05T13:05:08.376+0000] {processor.py:161} INFO - Started process (PID=1159) to work on /home/airflow/.local/lib/python3.12/site-packages/airflow/example_dags/example_branch_datetime_operator.py
[2026-02-05T13:05:08.377+0000] {processor.py:830} INFO - Processing file /home/airflow/.local/lib/python3.12/site-packages/airflow/example_dags/example_branch_datetime_operator.py for tasks to queue
[2026-02-05T13:05:08.379+0000] {logging_mixin.py:188} INFO - [2026-02-05T13:05:08.379+0000] {dagbag.py:540} INFO - Filling up the DagBag from /home/airflow/.local/lib/python3.12/site-packages/airflow/example_dags/example_branch_datetime_operator.py
[2026-02-05T13:05:08.392+0000] {processor.py:840} INFO - DAG(s) 'example_branch_datetime_operator', 'example_branch_datetime_operator_2', 'example_branch_datetime_operator_3' retrieved from /home/airflow/.local/lib/python3.12/site-packages/airflow/example_dags/example_branch_datetime_operator.py
[2026-02-05T13:05:08.416+0000] {logging_mixin.py:188} INFO - [2026-02-05T13:05:08.416+0000] {dag.py:3096} INFO - Sync 3 DAGs
[2026-02-05T13:05:08.432+0000] {logging_mixin.py:188} INFO - [2026-02-05T13:05:08.432+0000] {dag.py:3954} INFO - Setting next_dagrun for example_branch_datetime_operator to 2026-02-04 00:00:00+00:00, run_after=2026-02-05 00:00:00+00:00
[2026-02-05T13:05:08.436+0000] {logging_mixin.py:188} INFO - [2026-02-05T13:05:08.436+0000] {dag.py:3954} INFO - Setting next_dagrun for example_branch_datetime_operator_2 to 2026-02-04 00:00:00+00:00, run_after=2026-02-05 00:00:00+00:00
[2026-02-05T13:05:08.438+0000] {logging_mixin.py:188} INFO - [2026-02-05T13:05:08.438+0000] {dag.py:3954} INFO - Setting next_dagrun for example_branch_datetime_operator_3 to 2026-02-04 00:00:00+00:00, run_after=2026-02-05 00:00:00+00:00
[2026-02-05T13:05:08.623+0000] {processor.py:183} INFO - Processing /home/airflow/.local/lib/python3.12/site-packages/airflow/example_dags/example_branch_datetime_operator.py took 0.253 seconds
[2026-02-05T13:05:38.918+0000] {processor.py:161} INFO - Started process (PID=1217) to work on /home/airflow/.local/lib/python3.12/site-packages/airflow/example_dags/example_branch_datetime_operator.py
[2026-02-05T13:05:38.919+0000] {processor.py:830} INFO - Processing file /home/airflow/.local/lib/python3.12/site-packages/airflow/example_dags/example_branch_datetime_operator.py for tasks to queue
[2026-02-05T13:05:38.922+0000] {logging_mixin.py:188} INFO - [2026-02-05T13:05:38.921+0000] {dagbag.py:540} INFO - Filling up the DagBag from /home/airflow/.local/lib/python3.12/site-packages/airflow/example_dags/example_branch_datetime_operator.py
[2026-02-05T13:05:38.930+0000] {processor.py:840} INFO - DAG(s) 'example_branch_datetime_operator_2', 'example_branch_datetime_operator', 'example_branch_datetime_operator_3' retrieved from /home/airflow/.local/lib/python3.12/site-packages/airflow/example_dags/example_branch_datetime_operator.py
[2026-02-05T13:05:38.948+0000] {logging_mixin.py:188} INFO - [2026-02-05T13:05:38.948+0000] {dag.py:3096} INFO - Sync 3 DAGs
[2026-02-05T13:05:38.962+0000] {logging_mixin.py:188} INFO - [2026-02-05T13:05:38.962+0000] {dag.py:3954} INFO - Setting next_dagrun for example_branch_datetime_operator to 2026-02-04 00:00:00+00:00, run_after=2026-02-05 00:00:00+00:00
[2026-02-05T13:05:38.964+0000] {logging_mixin.py:188} INFO - [2026-02-05T13:05:38.964+0000] {dag.py:3954} INFO - Setting next_dagrun for example_branch_datetime_operator_2 to 2026-02-04 00:00:00+00:00, run_after=2026-02-05 00:00:00+00:00
[2026-02-05T13:05:38.966+0000] {logging_mixin.py:188} INFO - [2026-02-05T13:05:38.966+0000] {dag.py:3954} INFO - Setting next_dagrun for example_branch_datetime_operator_3 to 2026-02-04 00:00:00+00:00, run_after=2026-02-05 00:00:00+00:00
[2026-02-05T13:05:38.979+0000] {processor.py:183} INFO - Processing /home/airflow/.local/lib/python3.12/site-packages/airflow/example_dags/example_branch_datetime_operator.py took 0.066 seconds
[2026-02-05T13:06:09.809+0000] {processor.py:161} INFO - Started process (PID=1274) to work on /home/airflow/.local/lib/python3.12/site-packages/airflow/example_dags/example_branch_datetime_operator.py
[2026-02-05T13:06:09.810+0000] {processor.py:830} INFO - Processing file /home/airflow/.local/lib/python3.12/site-packages/airflow/example_dags/example_branch_datetime_operator.py for tasks to queue
[2026-02-05T13:06:09.812+0000] {logging_mixin.py:188} INFO - [2026-02-05T13:06:09.812+0000] {dagbag.py:540} INFO - Filling up the DagBag from /home/airflow/.local/lib/python3.12/site-packages/airflow/example_dags/example_branch_datetime_operator.py
[2026-02-05T13:06:09.823+0000] {processor.py:840} INFO - DAG(s) 'example_branch_datetime_operator_3', 'example_branch_datetime_operator_2', 'example_branch_datetime_operator' retrieved from /home/airflow/.local/lib/python3.12/site-packages/airflow/example_dags/example_branch_datetime_operator.py
[2026-02-05T13:06:09.901+0000] {logging_mixin.py:188} INFO - [2026-02-05T13:06:09.901+0000] {dag.py:3096} INFO - Sync 3 DAGs
[2026-02-05T13:06:09.921+0000] {logging_mixin.py:188} INFO - [2026-02-05T13:06:09.921+0000] {dag.py:3954} INFO - Setting next_dagrun for example_branch_datetime_operator to 2026-02-04 00:00:00+00:00, run_after=2026-02-05 00:00:00+00:00
[2026-02-05T13:06:09.925+0000] {logging_mixin.py:188} INFO - [2026-02-05T13:06:09.924+0000] {dag.py:3954} INFO - Setting next_dagrun for example_branch_datetime_operator_2 to 2026-02-04 00:00:00+00:00, run_after=2026-02-05 00:00:00+00:00
[2026-02-05T13:06:09.926+0000] {logging_mixin.py:188} INFO - [2026-02-05T13:06:09.926+0000] {dag.py:3954} INFO - Setting next_dagrun for example_branch_datetime_operator_3 to 2026-02-04 00:00:00+00:00, run_after=2026-02-05 00:00:00+00:00
[2026-02-05T13:06:09.938+0000] {processor.py:183} INFO - Processing /home/airflow/.local/lib/python3.12/site-packages/airflow/example_dags/example_branch_datetime_operator.py took 0.135 seconds
[2026-02-05T13:06:40.956+0000] {processor.py:161} INFO - Started process (PID=1332) to work on /home/airflow/.local/lib/python3.12/site-packages/airflow/example_dags/example_branch_datetime_operator.py
[2026-02-05T13:06:40.957+0000] {processor.py:830} INFO - Processing file /home/airflow/.local/lib/python3.12/site-packages/airflow/example_dags/example_branch_datetime_operator.py for tasks to queue
[2026-02-05T13:06:40.960+0000] {logging_mixin.py:188} INFO - [2026-02-05T13:06:40.959+0000] {dagbag.py:540} INFO - Filling up the DagBag from /home/airflow/.local/lib/python3.12/site-packages/airflow/example_dags/example_branch_datetime_operator.py
[2026-02-05T13:06:40.976+0000] {processor.py:840} INFO - DAG(s) 'example_branch_datetime_operator_3', 'example_branch_datetime_operator', 'example_branch_datetime_operator_2' retrieved from /home/airflow/.local/lib/python3.12/site-packages/airflow/example_dags/example_branch_datetime_operator.py
[2026-02-05T13:06:41.003+0000] {logging_mixin.py:188} INFO - [2026-02-05T13:06:41.003+0000] {dag.py:3096} INFO - Sync 3 DAGs
[2026-02-05T13:06:41.026+0000] {logging_mixin.py:188} INFO - [2026-02-05T13:06:41.026+0000] {dag.py:3954} INFO - Setting next_dagrun for example_branch_datetime_operator to 2026-02-04 00:00:00+00:00, run_after=2026-02-05 00:00:00+00:00
[2026-02-05T13:06:41.032+0000] {logging_mixin.py:188} INFO - [2026-02-05T13:06:41.031+0000] {dag.py:3954} INFO - Setting next_dagrun for example_branch_datetime_operator_2 to 2026-02-04 00:00:00+00:00, run_after=2026-02-05 00:00:00+00:00
[2026-02-05T13:06:41.033+0000] {logging_mixin.py:188} INFO - [2026-02-05T13:06:41.033+0000] {dag.py:3954} INFO - Setting next_dagrun for example_branch_datetime_operator_3 to 2026-02-04 00:00:00+00:00, run_after=2026-02-05 00:00:00+00:00
[2026-02-05T13:06:41.046+0000] {processor.py:183} INFO - Processing /home/airflow/.local/lib/python3.12/site-packages/airflow/example_dags/example_branch_datetime_operator.py took 0.098 seconds
[2026-02-05T13:07:11.075+0000] {processor.py:161} INFO - Started process (PID=1390) to work on /home/airflow/.local/lib/python3.12/site-packages/airflow/example_dags/example_branch_datetime_operator.py
[2026-02-05T13:07:11.076+0000] {processor.py:830} INFO - Processing file /home/airflow/.local/lib/python3.12/site-packages/airflow/example_dags/example_branch_datetime_operator.py for tasks to queue
[2026-02-05T13:07:11.079+0000] {logging_mixin.py:188} INFO - [2026-02-05T13:07:11.077+0000] {dagbag.py:540} INFO - Filling up the DagBag from /home/airflow/.local/lib/python3.12/site-packages/airflow/example_dags/example_branch_datetime_operator.py
[2026-02-05T13:07:11.097+0000] {processor.py:840} INFO - DAG(s) 'example_branch_datetime_operator', 'example_branch_datetime_operator_2', 'example_branch_datetime_operator_3' retrieved from /home/airflow/.local/lib/python3.12/site-packages/airflow/example_dags/example_branch_datetime_operator.py
[2026-02-05T13:07:11.123+0000] {logging_mixin.py:188} INFO - [2026-02-05T13:07:11.120+0000] {dag.py:3096} INFO - Sync 3 DAGs
[2026-02-05T13:07:11.141+0000] {logging_mixin.py:188} INFO - [2026-02-05T13:07:11.141+0000] {dag.py:3954} INFO - Setting next_dagrun for example_branch_datetime_operator to 2026-02-04 00:00:00+00:00, run_after=2026-02-05 00:00:00+00:00
[2026-02-05T13:07:11.145+0000] {logging_mixin.py:188} INFO - [2026-02-05T13:07:11.145+0000] {dag.py:3954} INFO - Setting next_dagrun for example_branch_datetime_operator_2 to 2026-02-04 00:00:00+00:00, run_after=2026-02-05 00:00:00+00:00
[2026-02-05T13:07:11.147+0000] {logging_mixin.py:188} INFO - [2026-02-05T13:07:11.146+0000] {dag.py:3954} INFO - Setting next_dagrun for example_branch_datetime_operator_3 to 2026-02-04 00:00:00+00:00, run_after=2026-02-05 00:00:00+00:00
[2026-02-05T13:07:11.162+0000] {processor.py:183} INFO - Processing /home/airflow/.local/lib/python3.12/site-packages/airflow/example_dags/example_branch_datetime_operator.py took 0.095 seconds
[2026-02-05T13:07:41.190+0000] {processor.py:161} INFO - Started process (PID=1448) to work on /home/airflow/.local/lib/python3.12/site-packages/airflow/example_dags/example_branch_datetime_operator.py
[2026-02-05T13:07:41.191+0000] {processor.py:830} INFO - Processing file /home/airflow/.local/lib/python3.12/site-packages/airflow/example_dags/example_branch_datetime_operator.py for tasks to queue
[2026-02-05T13:07:41.195+0000] {logging_mixin.py:188} INFO - [2026-02-05T13:07:41.194+0000] {dagbag.py:540} INFO - Filling up the DagBag from /home/airflow/.local/lib/python3.12/site-packages/airflow/example_dags/example_branch_datetime_operator.py
[2026-02-05T13:07:41.208+0000] {processor.py:840} INFO - DAG(s) 'example_branch_datetime_operator_2', 'example_branch_datetime_operator_3', 'example_branch_datetime_operator' retrieved from /home/airflow/.local/lib/python3.12/site-packages/airflow/example_dags/example_branch_datetime_operator.py
[2026-02-05T13:07:41.236+0000] {logging_mixin.py:188} INFO - [2026-02-05T13:07:41.236+0000] {dag.py:3096} INFO - Sync 3 DAGs
[2026-02-05T13:07:41.257+0000] {logging_mixin.py:188} INFO - [2026-02-05T13:07:41.257+0000] {dag.py:3954} INFO - Setting next_dagrun for example_branch_datetime_operator to 2026-02-04 00:00:00+00:00, run_after=2026-02-05 00:00:00+00:00
[2026-02-05T13:07:41.260+0000] {logging_mixin.py:188} INFO - [2026-02-05T13:07:41.260+0000] {dag.py:3954} INFO - Setting next_dagrun for example_branch_datetime_operator_2 to 2026-02-04 00:00:00+00:00, run_after=2026-02-05 00:00:00+00:00
[2026-02-05T13:07:41.262+0000] {logging_mixin.py:188} INFO - [2026-02-05T13:07:41.262+0000] {dag.py:3954} INFO - Setting next_dagrun for example_branch_datetime_operator_3 to 2026-02-04 00:00:00+00:00, run_after=2026-02-05 00:00:00+00:00
[2026-02-05T13:07:41.278+0000] {processor.py:183} INFO - Processing /home/airflow/.local/lib/python3.12/site-packages/airflow/example_dags/example_branch_datetime_operator.py took 0.096 seconds
[2026-02-05T13:08:11.449+0000] {processor.py:161} INFO - Started process (PID=1506) to work on /home/airflow/.local/lib/python3.12/site-packages/airflow/example_dags/example_branch_datetime_operator.py
[2026-02-05T13:08:11.450+0000] {processor.py:830} INFO - Processing file /home/airflow/.local/lib/python3.12/site-packages/airflow/example_dags/example_branch_datetime_operator.py for tasks to queue
[2026-02-05T13:08:11.457+0000] {logging_mixin.py:188} INFO - [2026-02-05T13:08:11.456+0000] {dagbag.py:540} INFO - Filling up the DagBag from /home/airflow/.local/lib/python3.12/site-packages/airflow/example_dags/example_branch_datetime_operator.py
[2026-02-05T13:08:11.479+0000] {processor.py:840} INFO - DAG(s) 'example_branch_datetime_operator_3', 'example_branch_datetime_operator_2', 'example_branch_datetime_operator' retrieved from /home/airflow/.local/lib/python3.12/site-packages/airflow/example_dags/example_branch_datetime_operator.py
[2026-02-05T13:08:11.529+0000] {logging_mixin.py:188} INFO - [2026-02-05T13:08:11.529+0000] {dag.py:3096} INFO - Sync 3 DAGs
[2026-02-05T13:08:11.552+0000] {logging_mixin.py:188} INFO - [2026-02-05T13:08:11.552+0000] {dag.py:3954} INFO - Setting next_dagrun for example_branch_datetime_operator to 2026-02-04 00:00:00+00:00, run_after=2026-02-05 00:00:00+00:00
[2026-02-05T13:08:11.558+0000] {logging_mixin.py:188} INFO - [2026-02-05T13:08:11.558+0000] {dag.py:3954} INFO - Setting next_dagrun for example_branch_datetime_operator_2 to 2026-02-04 00:00:00+00:00, run_after=2026-02-05 00:00:00+00:00
[2026-02-05T13:08:11.560+0000] {logging_mixin.py:188} INFO - [2026-02-05T13:08:11.560+0000] {dag.py:3954} INFO - Setting next_dagrun for example_branch_datetime_operator_3 to 2026-02-04 00:00:00+00:00, run_after=2026-02-05 00:00:00+00:00
[2026-02-05T13:08:11.575+0000] {processor.py:183} INFO - Processing /home/airflow/.local/lib/python3.12/site-packages/airflow/example_dags/example_branch_datetime_operator.py took 0.142 seconds
[2026-02-05T13:08:41.785+0000] {processor.py:161} INFO - Started process (PID=1563) to work on /home/airflow/.local/lib/python3.12/site-packages/airflow/example_dags/example_branch_datetime_operator.py
[2026-02-05T13:08:41.787+0000] {processor.py:830} INFO - Processing file /home/airflow/.local/lib/python3.12/site-packages/airflow/example_dags/example_branch_datetime_operator.py for tasks to queue
[2026-02-05T13:08:41.792+0000] {logging_mixin.py:188} INFO - [2026-02-05T13:08:41.791+0000] {dagbag.py:540} INFO - Filling up the DagBag from /home/airflow/.local/lib/python3.12/site-packages/airflow/example_dags/example_branch_datetime_operator.py
[2026-02-05T13:08:41.808+0000] {processor.py:840} INFO - DAG(s) 'example_branch_datetime_operator_2', 'example_branch_datetime_operator_3', 'example_branch_datetime_operator' retrieved from /home/airflow/.local/lib/python3.12/site-packages/airflow/example_dags/example_branch_datetime_operator.py
[2026-02-05T13:08:41.846+0000] {logging_mixin.py:188} INFO - [2026-02-05T13:08:41.846+0000] {dag.py:3096} INFO - Sync 3 DAGs
[2026-02-05T13:08:41.874+0000] {logging_mixin.py:188} INFO - [2026-02-05T13:08:41.874+0000] {dag.py:3954} INFO - Setting next_dagrun for example_branch_datetime_operator to 2026-02-04 00:00:00+00:00, run_after=2026-02-05 00:00:00+00:00
[2026-02-05T13:08:41.877+0000] {logging_mixin.py:188} INFO - [2026-02-05T13:08:41.876+0000] {dag.py:3954} INFO - Setting next_dagrun for example_branch_datetime_operator_2 to 2026-02-04 00:00:00+00:00, run_after=2026-02-05 00:00:00+00:00
[2026-02-05T13:08:41.878+0000] {logging_mixin.py:188} INFO - [2026-02-05T13:08:41.878+0000] {dag.py:3954} INFO - Setting next_dagrun for example_branch_datetime_operator_3 to 2026-02-04 00:00:00+00:00, run_after=2026-02-05 00:00:00+00:00
[2026-02-05T13:08:41.890+0000] {processor.py:183} INFO - Processing /home/airflow/.local/lib/python3.12/site-packages/airflow/example_dags/example_branch_datetime_operator.py took 0.118 seconds
[2026-02-05T13:09:11.945+0000] {processor.py:161} INFO - Started process (PID=1622) to work on /home/airflow/.local/lib/python3.12/site-packages/airflow/example_dags/example_branch_datetime_operator.py
[2026-02-05T13:09:11.946+0000] {processor.py:830} INFO - Processing file /home/airflow/.local/lib/python3.12/site-packages/airflow/example_dags/example_branch_datetime_operator.py for tasks to queue
[2026-02-05T13:09:11.952+0000] {logging_mixin.py:188} INFO - [2026-02-05T13:09:11.951+0000] {dagbag.py:540} INFO - Filling up the DagBag from /home/airflow/.local/lib/python3.12/site-packages/airflow/example_dags/example_branch_datetime_operator.py
[2026-02-05T13:09:11.969+0000] {processor.py:840} INFO - DAG(s) 'example_branch_datetime_operator_2', 'example_branch_datetime_operator_3', 'example_branch_datetime_operator' retrieved from /home/airflow/.local/lib/python3.12/site-packages/airflow/example_dags/example_branch_datetime_operator.py
[2026-02-05T13:09:11.997+0000] {logging_mixin.py:188} INFO - [2026-02-05T13:09:11.997+0000] {dag.py:3096} INFO - Sync 3 DAGs
[2026-02-05T13:09:12.023+0000] {logging_mixin.py:188} INFO - [2026-02-05T13:09:12.023+0000] {dag.py:3954} INFO - Setting next_dagrun for example_branch_datetime_operator to 2026-02-04 00:00:00+00:00, run_after=2026-02-05 00:00:00+00:00
[2026-02-05T13:09:12.026+0000] {logging_mixin.py:188} INFO - [2026-02-05T13:09:12.026+0000] {dag.py:3954} INFO - Setting next_dagrun for example_branch_datetime_operator_2 to 2026-02-04 00:00:00+00:00, run_after=2026-02-05 00:00:00+00:00
[2026-02-05T13:09:12.027+0000] {logging_mixin.py:188} INFO - [2026-02-05T13:09:12.027+0000] {dag.py:3954} INFO - Setting next_dagrun for example_branch_datetime_operator_3 to 2026-02-04 00:00:00+00:00, run_after=2026-02-05 00:00:00+00:00
[2026-02-05T13:09:12.039+0000] {processor.py:183} INFO - Processing /home/airflow/.local/lib/python3.12/site-packages/airflow/example_dags/example_branch_datetime_operator.py took 0.102 seconds
[2026-02-05T13:09:42.299+0000] {processor.py:161} INFO - Started process (PID=1679) to work on /home/airflow/.local/lib/python3.12/site-packages/airflow/example_dags/example_branch_datetime_operator.py
[2026-02-05T13:09:42.300+0000] {processor.py:830} INFO - Processing file /home/airflow/.local/lib/python3.12/site-packages/airflow/example_dags/example_branch_datetime_operator.py for tasks to queue
[2026-02-05T13:09:42.301+0000] {logging_mixin.py:188} INFO - [2026-02-05T13:09:42.301+0000] {dagbag.py:540} INFO - Filling up the DagBag from /home/airflow/.local/lib/python3.12/site-packages/airflow/example_dags/example_branch_datetime_operator.py
[2026-02-05T13:09:42.310+0000] {processor.py:840} INFO - DAG(s) 'example_branch_datetime_operator', 'example_branch_datetime_operator_3', 'example_branch_datetime_operator_2' retrieved from /home/airflow/.local/lib/python3.12/site-packages/airflow/example_dags/example_branch_datetime_operator.py
[2026-02-05T13:09:42.336+0000] {logging_mixin.py:188} INFO - [2026-02-05T13:09:42.336+0000] {dag.py:3096} INFO - Sync 3 DAGs
[2026-02-05T13:09:42.351+0000] {logging_mixin.py:188} INFO - [2026-02-05T13:09:42.351+0000] {dag.py:3954} INFO - Setting next_dagrun for example_branch_datetime_operator to 2026-02-04 00:00:00+00:00, run_after=2026-02-05 00:00:00+00:00
[2026-02-05T13:09:42.354+0000] {logging_mixin.py:188} INFO - [2026-02-05T13:09:42.354+0000] {dag.py:3954} INFO - Setting next_dagrun for example_branch_datetime_operator_2 to 2026-02-04 00:00:00+00:00, run_after=2026-02-05 00:00:00+00:00
[2026-02-05T13:09:42.355+0000] {logging_mixin.py:188} INFO - [2026-02-05T13:09:42.355+0000] {dag.py:3954} INFO - Setting next_dagrun for example_branch_datetime_operator_3 to 2026-02-04 00:00:00+00:00, run_after=2026-02-05 00:00:00+00:00
[2026-02-05T13:09:42.369+0000] {processor.py:183} INFO - Processing /home/airflow/.local/lib/python3.12/site-packages/airflow/example_dags/example_branch_datetime_operator.py took 0.078 seconds
[2026-02-05T13:10:12.584+0000] {processor.py:161} INFO - Started process (PID=1736) to work on /home/airflow/.local/lib/python3.12/site-packages/airflow/example_dags/example_branch_datetime_operator.py
[2026-02-05T13:10:12.586+0000] {processor.py:830} INFO - Processing file /home/airflow/.local/lib/python3.12/site-packages/airflow/example_dags/example_branch_datetime_operator.py for tasks to queue
[2026-02-05T13:10:12.589+0000] {logging_mixin.py:188} INFO - [2026-02-05T13:10:12.588+0000] {dagbag.py:540} INFO - Filling up the DagBag from /home/airflow/.local/lib/python3.12/site-packages/airflow/example_dags/example_branch_datetime_operator.py
[2026-02-05T13:10:12.595+0000] {processor.py:840} INFO - DAG(s) 'example_branch_datetime_operator_3', 'example_branch_datetime_operator', 'example_branch_datetime_operator_2' retrieved from /home/airflow/.local/lib/python3.12/site-packages/airflow/example_dags/example_branch_datetime_operator.py
[2026-02-05T13:10:12.614+0000] {logging_mixin.py:188} INFO - [2026-02-05T13:10:12.614+0000] {dag.py:3096} INFO - Sync 3 DAGs
[2026-02-05T13:10:12.632+0000] {logging_mixin.py:188} INFO - [2026-02-05T13:10:12.632+0000] {dag.py:3954} INFO - Setting next_dagrun for example_branch_datetime_operator to 2026-02-04 00:00:00+00:00, run_after=2026-02-05 00:00:00+00:00
[2026-02-05T13:10:12.635+0000] {logging_mixin.py:188} INFO - [2026-02-05T13:10:12.635+0000] {dag.py:3954} INFO - Setting next_dagrun for example_branch_datetime_operator_2 to 2026-02-04 00:00:00+00:00, run_after=2026-02-05 00:00:00+00:00
[2026-02-05T13:10:12.639+0000] {logging_mixin.py:188} INFO - [2026-02-05T13:10:12.639+0000] {dag.py:3954} INFO - Setting next_dagrun for example_branch_datetime_operator_3 to 2026-02-04 00:00:00+00:00, run_after=2026-02-05 00:00:00+00:00
[2026-02-05T13:10:12.654+0000] {processor.py:183} INFO - Processing /home/airflow/.local/lib/python3.12/site-packages/airflow/example_dags/example_branch_datetime_operator.py took 0.078 seconds
[2026-02-05T13:10:42.780+0000] {processor.py:161} INFO - Started process (PID=1794) to work on /home/airflow/.local/lib/python3.12/site-packages/airflow/example_dags/example_branch_datetime_operator.py
[2026-02-05T13:10:42.781+0000] {processor.py:830} INFO - Processing file /home/airflow/.local/lib/python3.12/site-packages/airflow/example_dags/example_branch_datetime_operator.py for tasks to queue
[2026-02-05T13:10:42.783+0000] {logging_mixin.py:188} INFO - [2026-02-05T13:10:42.783+0000] {dagbag.py:540} INFO - Filling up the DagBag from /home/airflow/.local/lib/python3.12/site-packages/airflow/example_dags/example_branch_datetime_operator.py
[2026-02-05T13:10:42.791+0000] {processor.py:840} INFO - DAG(s) 'example_branch_datetime_operator_3', 'example_branch_datetime_operator_2', 'example_branch_datetime_operator' retrieved from /home/airflow/.local/lib/python3.12/site-packages/airflow/example_dags/example_branch_datetime_operator.py
[2026-02-05T13:10:42.810+0000] {logging_mixin.py:188} INFO - [2026-02-05T13:10:42.810+0000] {dag.py:3096} INFO - Sync 3 DAGs
[2026-02-05T13:10:42.824+0000] {logging_mixin.py:188} INFO - [2026-02-05T13:10:42.823+0000] {dag.py:3954} INFO - Setting next_dagrun for example_branch_datetime_operator to 2026-02-04 00:00:00+00:00, run_after=2026-02-05 00:00:00+00:00
[2026-02-05T13:10:42.826+0000] {logging_mixin.py:188} INFO - [2026-02-05T13:10:42.826+0000] {dag.py:3954} INFO - Setting next_dagrun for example_branch_datetime_operator_2 to 2026-02-04 00:00:00+00:00, run_after=2026-02-05 00:00:00+00:00
[2026-02-05T13:10:42.828+0000] {logging_mixin.py:188} INFO - [2026-02-05T13:10:42.827+0000] {dag.py:3954} INFO - Setting next_dagrun for example_branch_datetime_operator_3 to 2026-02-04 00:00:00+00:00, run_after=2026-02-05 00:00:00+00:00
[2026-02-05T13:10:42.842+0000] {processor.py:183} INFO - Processing /home/airflow/.local/lib/python3.12/site-packages/airflow/example_dags/example_branch_datetime_operator.py took 0.066 seconds
[2026-02-05T13:11:13.539+0000] {processor.py:161} INFO - Started process (PID=1852) to work on /home/airflow/.local/lib/python3.12/site-packages/airflow/example_dags/example_branch_datetime_operator.py
[2026-02-05T13:11:13.539+0000] {processor.py:830} INFO - Processing file /home/airflow/.local/lib/python3.12/site-packages/airflow/example_dags/example_branch_datetime_operator.py for tasks to queue
[2026-02-05T13:11:13.541+0000] {logging_mixin.py:188} INFO - [2026-02-05T13:11:13.540+0000] {dagbag.py:540} INFO - Filling up the DagBag from /home/airflow/.local/lib/python3.12/site-packages/airflow/example_dags/example_branch_datetime_operator.py
[2026-02-05T13:11:13.546+0000] {processor.py:840} INFO - DAG(s) 'example_branch_datetime_operator_2', 'example_branch_datetime_operator_3', 'example_branch_datetime_operator' retrieved from /home/airflow/.local/lib/python3.12/site-packages/airflow/example_dags/example_branch_datetime_operator.py
[2026-02-05T13:11:13.563+0000] {logging_mixin.py:188} INFO - [2026-02-05T13:11:13.563+0000] {dag.py:3096} INFO - Sync 3 DAGs
[2026-02-05T13:11:13.574+0000] {logging_mixin.py:188} INFO - [2026-02-05T13:11:13.574+0000] {dag.py:3954} INFO - Setting next_dagrun for example_branch_datetime_operator to 2026-02-04 00:00:00+00:00, run_after=2026-02-05 00:00:00+00:00
[2026-02-05T13:11:13.577+0000] {logging_mixin.py:188} INFO - [2026-02-05T13:11:13.577+0000] {dag.py:3954} INFO - Setting next_dagrun for example_branch_datetime_operator_2 to 2026-02-04 00:00:00+00:00, run_after=2026-02-05 00:00:00+00:00
[2026-02-05T13:11:13.578+0000] {logging_mixin.py:188} INFO - [2026-02-05T13:11:13.578+0000] {dag.py:3954} INFO - Setting next_dagrun for example_branch_datetime_operator_3 to 2026-02-04 00:00:00+00:00, run_after=2026-02-05 00:00:00+00:00
[2026-02-05T13:11:13.587+0000] {processor.py:183} INFO - Processing /home/airflow/.local/lib/python3.12/site-packages/airflow/example_dags/example_branch_datetime_operator.py took 0.052 seconds
[2026-02-05T13:11:44.473+0000] {processor.py:161} INFO - Started process (PID=1910) to work on /home/airflow/.local/lib/python3.12/site-packages/airflow/example_dags/example_branch_datetime_operator.py
[2026-02-05T13:11:44.473+0000] {processor.py:830} INFO - Processing file /home/airflow/.local/lib/python3.12/site-packages/airflow/example_dags/example_branch_datetime_operator.py for tasks to queue
[2026-02-05T13:11:44.475+0000] {logging_mixin.py:188} INFO - [2026-02-05T13:11:44.475+0000] {dagbag.py:540} INFO - Filling up the DagBag from /home/airflow/.local/lib/python3.12/site-packages/airflow/example_dags/example_branch_datetime_operator.py
[2026-02-05T13:11:44.482+0000] {processor.py:840} INFO - DAG(s) 'example_branch_datetime_operator', 'example_branch_datetime_operator_3', 'example_branch_datetime_operator_2' retrieved from /home/airflow/.local/lib/python3.12/site-packages/airflow/example_dags/example_branch_datetime_operator.py
[2026-02-05T13:11:44.503+0000] {logging_mixin.py:188} INFO - [2026-02-05T13:11:44.503+0000] {dag.py:3096} INFO - Sync 3 DAGs
[2026-02-05T13:11:44.518+0000] {logging_mixin.py:188} INFO - [2026-02-05T13:11:44.518+0000] {dag.py:3954} INFO - Setting next_dagrun for example_branch_datetime_operator to 2026-02-04 00:00:00+00:00, run_after=2026-02-05 00:00:00+00:00
[2026-02-05T13:11:44.521+0000] {logging_mixin.py:188} INFO - [2026-02-05T13:11:44.521+0000] {dag.py:3954} INFO - Setting next_dagrun for example_branch_datetime_operator_2 to 2026-02-04 00:00:00+00:00, run_after=2026-02-05 00:00:00+00:00
[2026-02-05T13:11:44.522+0000] {logging_mixin.py:188} INFO - [2026-02-05T13:11:44.522+0000] {dag.py:3954} INFO - Setting next_dagrun for example_branch_datetime_operator_3 to 2026-02-04 00:00:00+00:00, run_after=2026-02-05 00:00:00+00:00
[2026-02-05T13:11:44.532+0000] {processor.py:183} INFO - Processing /home/airflow/.local/lib/python3.12/site-packages/airflow/example_dags/example_branch_datetime_operator.py took 0.064 seconds
[2026-02-05T13:12:15.386+0000] {processor.py:161} INFO - Started process (PID=1968) to work on /home/airflow/.local/lib/python3.12/site-packages/airflow/example_dags/example_branch_datetime_operator.py
[2026-02-05T13:12:15.387+0000] {processor.py:830} INFO - Processing file /home/airflow/.local/lib/python3.12/site-packages/airflow/example_dags/example_branch_datetime_operator.py for tasks to queue
[2026-02-05T13:12:15.388+0000] {logging_mixin.py:188} INFO - [2026-02-05T13:12:15.388+0000] {dagbag.py:540} INFO - Filling up the DagBag from /home/airflow/.local/lib/python3.12/site-packages/airflow/example_dags/example_branch_datetime_operator.py
[2026-02-05T13:12:15.396+0000] {processor.py:840} INFO - DAG(s) 'example_branch_datetime_operator', 'example_branch_datetime_operator_3', 'example_branch_datetime_operator_2' retrieved from /home/airflow/.local/lib/python3.12/site-packages/airflow/example_dags/example_branch_datetime_operator.py
[2026-02-05T13:12:15.418+0000] {logging_mixin.py:188} INFO - [2026-02-05T13:12:15.418+0000] {dag.py:3096} INFO - Sync 3 DAGs
[2026-02-05T13:12:15.434+0000] {logging_mixin.py:188} INFO - [2026-02-05T13:12:15.434+0000] {dag.py:3954} INFO - Setting next_dagrun for example_branch_datetime_operator to 2026-02-04 00:00:00+00:00, run_after=2026-02-05 00:00:00+00:00
[2026-02-05T13:12:15.437+0000] {logging_mixin.py:188} INFO - [2026-02-05T13:12:15.436+0000] {dag.py:3954} INFO - Setting next_dagrun for example_branch_datetime_operator_2 to 2026-02-04 00:00:00+00:00, run_after=2026-02-05 00:00:00+00:00
[2026-02-05T13:12:15.438+0000] {logging_mixin.py:188} INFO - [2026-02-05T13:12:15.438+0000] {dag.py:3954} INFO - Setting next_dagrun for example_branch_datetime_operator_3 to 2026-02-04 00:00:00+00:00, run_after=2026-02-05 00:00:00+00:00
[2026-02-05T13:12:15.451+0000] {processor.py:183} INFO - Processing /home/airflow/.local/lib/python3.12/site-packages/airflow/example_dags/example_branch_datetime_operator.py took 0.069 seconds
[2026-02-05T13:12:46.301+0000] {processor.py:161} INFO - Started process (PID=2026) to work on /home/airflow/.local/lib/python3.12/site-packages/airflow/example_dags/example_branch_datetime_operator.py
[2026-02-05T13:12:46.302+0000] {processor.py:830} INFO - Processing file /home/airflow/.local/lib/python3.12/site-packages/airflow/example_dags/example_branch_datetime_operator.py for tasks to queue
[2026-02-05T13:12:46.305+0000] {logging_mixin.py:188} INFO - [2026-02-05T13:12:46.305+0000] {dagbag.py:540} INFO - Filling up the DagBag from /home/airflow/.local/lib/python3.12/site-packages/airflow/example_dags/example_branch_datetime_operator.py
[2026-02-05T13:12:46.317+0000] {processor.py:840} INFO - DAG(s) 'example_branch_datetime_operator', 'example_branch_datetime_operator_2', 'example_branch_datetime_operator_3' retrieved from /home/airflow/.local/lib/python3.12/site-packages/airflow/example_dags/example_branch_datetime_operator.py
[2026-02-05T13:12:46.344+0000] {logging_mixin.py:188} INFO - [2026-02-05T13:12:46.344+0000] {dag.py:3096} INFO - Sync 3 DAGs
[2026-02-05T13:12:46.362+0000] {logging_mixin.py:188} INFO - [2026-02-05T13:12:46.362+0000] {dag.py:3954} INFO - Setting next_dagrun for example_branch_datetime_operator to 2026-02-04 00:00:00+00:00, run_after=2026-02-05 00:00:00+00:00
[2026-02-05T13:12:46.365+0000] {logging_mixin.py:188} INFO - [2026-02-05T13:12:46.365+0000] {dag.py:3954} INFO - Setting next_dagrun for example_branch_datetime_operator_2 to 2026-02-04 00:00:00+00:00, run_after=2026-02-05 00:00:00+00:00
[2026-02-05T13:12:46.367+0000] {logging_mixin.py:188} INFO - [2026-02-05T13:12:46.366+0000] {dag.py:3954} INFO - Setting next_dagrun for example_branch_datetime_operator_3 to 2026-02-04 00:00:00+00:00, run_after=2026-02-05 00:00:00+00:00
[2026-02-05T13:12:46.376+0000] {processor.py:183} INFO - Processing /home/airflow/.local/lib/python3.12/site-packages/airflow/example_dags/example_branch_datetime_operator.py took 0.081 seconds
[2026-02-05T13:13:17.148+0000] {processor.py:161} INFO - Started process (PID=2083) to work on /home/airflow/.local/lib/python3.12/site-packages/airflow/example_dags/example_branch_datetime_operator.py
[2026-02-05T13:13:17.149+0000] {processor.py:830} INFO - Processing file /home/airflow/.local/lib/python3.12/site-packages/airflow/example_dags/example_branch_datetime_operator.py for tasks to queue
[2026-02-05T13:13:17.152+0000] {logging_mixin.py:188} INFO - [2026-02-05T13:13:17.151+0000] {dagbag.py:540} INFO - Filling up the DagBag from /home/airflow/.local/lib/python3.12/site-packages/airflow/example_dags/example_branch_datetime_operator.py
[2026-02-05T13:13:17.161+0000] {processor.py:840} INFO - DAG(s) 'example_branch_datetime_operator_3', 'example_branch_datetime_operator', 'example_branch_datetime_operator_2' retrieved from /home/airflow/.local/lib/python3.12/site-packages/airflow/example_dags/example_branch_datetime_operator.py
[2026-02-05T13:13:17.177+0000] {logging_mixin.py:188} INFO - [2026-02-05T13:13:17.177+0000] {dag.py:3096} INFO - Sync 3 DAGs
[2026-02-05T13:13:17.192+0000] {logging_mixin.py:188} INFO - [2026-02-05T13:13:17.191+0000] {dag.py:3954} INFO - Setting next_dagrun for example_branch_datetime_operator to 2026-02-04 00:00:00+00:00, run_after=2026-02-05 00:00:00+00:00
[2026-02-05T13:13:17.195+0000] {logging_mixin.py:188} INFO - [2026-02-05T13:13:17.194+0000] {dag.py:3954} INFO - Setting next_dagrun for example_branch_datetime_operator_2 to 2026-02-04 00:00:00+00:00, run_after=2026-02-05 00:00:00+00:00
[2026-02-05T13:13:17.197+0000] {logging_mixin.py:188} INFO - [2026-02-05T13:13:17.197+0000] {dag.py:3954} INFO - Setting next_dagrun for example_branch_datetime_operator_3 to 2026-02-04 00:00:00+00:00, run_after=2026-02-05 00:00:00+00:00
[2026-02-05T13:13:17.206+0000] {processor.py:183} INFO - Processing /home/airflow/.local/lib/python3.12/site-packages/airflow/example_dags/example_branch_datetime_operator.py took 0.064 seconds
[2026-02-05T13:13:47.894+0000] {processor.py:161} INFO - Started process (PID=2141) to work on /home/airflow/.local/lib/python3.12/site-packages/airflow/example_dags/example_branch_datetime_operator.py
[2026-02-05T13:13:47.895+0000] {processor.py:830} INFO - Processing file /home/airflow/.local/lib/python3.12/site-packages/airflow/example_dags/example_branch_datetime_operator.py for tasks to queue
[2026-02-05T13:13:47.897+0000] {logging_mixin.py:188} INFO - [2026-02-05T13:13:47.897+0000] {dagbag.py:540} INFO - Filling up the DagBag from /home/airflow/.local/lib/python3.12/site-packages/airflow/example_dags/example_branch_datetime_operator.py
[2026-02-05T13:13:47.907+0000] {processor.py:840} INFO - DAG(s) 'example_branch_datetime_operator_2', 'example_branch_datetime_operator', 'example_branch_datetime_operator_3' retrieved from /home/airflow/.local/lib/python3.12/site-packages/airflow/example_dags/example_branch_datetime_operator.py
[2026-02-05T13:13:47.935+0000] {logging_mixin.py:188} INFO - [2026-02-05T13:13:47.935+0000] {dag.py:3096} INFO - Sync 3 DAGs
[2026-02-05T13:13:47.953+0000] {logging_mixin.py:188} INFO - [2026-02-05T13:13:47.953+0000] {dag.py:3954} INFO - Setting next_dagrun for example_branch_datetime_operator to 2026-02-04 00:00:00+00:00, run_after=2026-02-05 00:00:00+00:00
[2026-02-05T13:13:47.956+0000] {logging_mixin.py:188} INFO - [2026-02-05T13:13:47.956+0000] {dag.py:3954} INFO - Setting next_dagrun for example_branch_datetime_operator_2 to 2026-02-04 00:00:00+00:00, run_after=2026-02-05 00:00:00+00:00
[2026-02-05T13:13:47.957+0000] {logging_mixin.py:188} INFO - [2026-02-05T13:13:47.957+0000] {dag.py:3954} INFO - Setting next_dagrun for example_branch_datetime_operator_3 to 2026-02-04 00:00:00+00:00, run_after=2026-02-05 00:00:00+00:00
[2026-02-05T13:13:47.968+0000] {processor.py:183} INFO - Processing /home/airflow/.local/lib/python3.12/site-packages/airflow/example_dags/example_branch_datetime_operator.py took 0.080 seconds
[2026-02-05T13:14:18.855+0000] {processor.py:161} INFO - Started process (PID=2199) to work on /home/airflow/.local/lib/python3.12/site-packages/airflow/example_dags/example_branch_datetime_operator.py
[2026-02-05T13:14:18.856+0000] {processor.py:830} INFO - Processing file /home/airflow/.local/lib/python3.12/site-packages/airflow/example_dags/example_branch_datetime_operator.py for tasks to queue
[2026-02-05T13:14:18.858+0000] {logging_mixin.py:188} INFO - [2026-02-05T13:14:18.857+0000] {dagbag.py:540} INFO - Filling up the DagBag from /home/airflow/.local/lib/python3.12/site-packages/airflow/example_dags/example_branch_datetime_operator.py
[2026-02-05T13:14:18.865+0000] {processor.py:840} INFO - DAG(s) 'example_branch_datetime_operator', 'example_branch_datetime_operator_2', 'example_branch_datetime_operator_3' retrieved from /home/airflow/.local/lib/python3.12/site-packages/airflow/example_dags/example_branch_datetime_operator.py
[2026-02-05T13:14:18.888+0000] {logging_mixin.py:188} INFO - [2026-02-05T13:14:18.888+0000] {dag.py:3096} INFO - Sync 3 DAGs
[2026-02-05T13:14:18.906+0000] {logging_mixin.py:188} INFO - [2026-02-05T13:14:18.906+0000] {dag.py:3954} INFO - Setting next_dagrun for example_branch_datetime_operator to 2026-02-04 00:00:00+00:00, run_after=2026-02-05 00:00:00+00:00
[2026-02-05T13:14:18.909+0000] {logging_mixin.py:188} INFO - [2026-02-05T13:14:18.909+0000] {dag.py:3954} INFO - Setting next_dagrun for example_branch_datetime_operator_2 to 2026-02-04 00:00:00+00:00, run_after=2026-02-05 00:00:00+00:00
[2026-02-05T13:14:18.910+0000] {logging_mixin.py:188} INFO - [2026-02-05T13:14:18.910+0000] {dag.py:3954} INFO - Setting next_dagrun for example_branch_datetime_operator_3 to 2026-02-04 00:00:00+00:00, run_after=2026-02-05 00:00:00+00:00
[2026-02-05T13:14:18.922+0000] {processor.py:183} INFO - Processing /home/airflow/.local/lib/python3.12/site-packages/airflow/example_dags/example_branch_datetime_operator.py took 0.085 seconds
[2026-02-05T13:14:48.971+0000] {processor.py:161} INFO - Started process (PID=2257) to work on /home/airflow/.local/lib/python3.12/site-packages/airflow/example_dags/example_branch_datetime_operator.py
[2026-02-05T13:14:48.972+0000] {processor.py:830} INFO - Processing file /home/airflow/.local/lib/python3.12/site-packages/airflow/example_dags/example_branch_datetime_operator.py for tasks to queue
[2026-02-05T13:14:48.974+0000] {logging_mixin.py:188} INFO - [2026-02-05T13:14:48.974+0000] {dagbag.py:540} INFO - Filling up the DagBag from /home/airflow/.local/lib/python3.12/site-packages/airflow/example_dags/example_branch_datetime_operator.py
[2026-02-05T13:14:48.985+0000] {processor.py:840} INFO - DAG(s) 'example_branch_datetime_operator_2', 'example_branch_datetime_operator_3', 'example_branch_datetime_operator' retrieved from /home/airflow/.local/lib/python3.12/site-packages/airflow/example_dags/example_branch_datetime_operator.py
[2026-02-05T13:14:49.015+0000] {logging_mixin.py:188} INFO - [2026-02-05T13:14:49.015+0000] {dag.py:3096} INFO - Sync 3 DAGs
[2026-02-05T13:14:49.038+0000] {logging_mixin.py:188} INFO - [2026-02-05T13:14:49.038+0000] {dag.py:3954} INFO - Setting next_dagrun for example_branch_datetime_operator to 2026-02-04 00:00:00+00:00, run_after=2026-02-05 00:00:00+00:00
[2026-02-05T13:14:49.044+0000] {logging_mixin.py:188} INFO - [2026-02-05T13:14:49.044+0000] {dag.py:3954} INFO - Setting next_dagrun for example_branch_datetime_operator_2 to 2026-02-04 00:00:00+00:00, run_after=2026-02-05 00:00:00+00:00
[2026-02-05T13:14:49.045+0000] {logging_mixin.py:188} INFO - [2026-02-05T13:14:49.045+0000] {dag.py:3954} INFO - Setting next_dagrun for example_branch_datetime_operator_3 to 2026-02-04 00:00:00+00:00, run_after=2026-02-05 00:00:00+00:00
[2026-02-05T13:14:49.060+0000] {processor.py:183} INFO - Processing /home/airflow/.local/lib/python3.12/site-packages/airflow/example_dags/example_branch_datetime_operator.py took 0.096 seconds
[2026-02-05T13:15:20.011+0000] {processor.py:161} INFO - Started process (PID=2314) to work on /home/airflow/.local/lib/python3.12/site-packages/airflow/example_dags/example_branch_datetime_operator.py
[2026-02-05T13:15:20.012+0000] {processor.py:830} INFO - Processing file /home/airflow/.local/lib/python3.12/site-packages/airflow/example_dags/example_branch_datetime_operator.py for tasks to queue
[2026-02-05T13:15:20.014+0000] {logging_mixin.py:188} INFO - [2026-02-05T13:15:20.013+0000] {dagbag.py:540} INFO - Filling up the DagBag from /home/airflow/.local/lib/python3.12/site-packages/airflow/example_dags/example_branch_datetime_operator.py
[2026-02-05T13:15:20.023+0000] {processor.py:840} INFO - DAG(s) 'example_branch_datetime_operator_3', 'example_branch_datetime_operator', 'example_branch_datetime_operator_2' retrieved from /home/airflow/.local/lib/python3.12/site-packages/airflow/example_dags/example_branch_datetime_operator.py
[2026-02-05T13:15:20.053+0000] {logging_mixin.py:188} INFO - [2026-02-05T13:15:20.053+0000] {dag.py:3096} INFO - Sync 3 DAGs
[2026-02-05T13:15:20.069+0000] {logging_mixin.py:188} INFO - [2026-02-05T13:15:20.069+0000] {dag.py:3954} INFO - Setting next_dagrun for example_branch_datetime_operator to 2026-02-04 00:00:00+00:00, run_after=2026-02-05 00:00:00+00:00
[2026-02-05T13:15:20.072+0000] {logging_mixin.py:188} INFO - [2026-02-05T13:15:20.071+0000] {dag.py:3954} INFO - Setting next_dagrun for example_branch_datetime_operator_2 to 2026-02-04 00:00:00+00:00, run_after=2026-02-05 00:00:00+00:00
[2026-02-05T13:15:20.073+0000] {logging_mixin.py:188} INFO - [2026-02-05T13:15:20.073+0000] {dag.py:3954} INFO - Setting next_dagrun for example_branch_datetime_operator_3 to 2026-02-04 00:00:00+00:00, run_after=2026-02-05 00:00:00+00:00
[2026-02-05T13:15:20.085+0000] {processor.py:183} INFO - Processing /home/airflow/.local/lib/python3.12/site-packages/airflow/example_dags/example_branch_datetime_operator.py took 0.080 seconds
[2026-02-05T13:15:50.897+0000] {processor.py:161} INFO - Started process (PID=2372) to work on /home/airflow/.local/lib/python3.12/site-packages/airflow/example_dags/example_branch_datetime_operator.py
[2026-02-05T13:15:50.898+0000] {processor.py:830} INFO - Processing file /home/airflow/.local/lib/python3.12/site-packages/airflow/example_dags/example_branch_datetime_operator.py for tasks to queue
[2026-02-05T13:15:50.899+0000] {logging_mixin.py:188} INFO - [2026-02-05T13:15:50.899+0000] {dagbag.py:540} INFO - Filling up the DagBag from /home/airflow/.local/lib/python3.12/site-packages/airflow/example_dags/example_branch_datetime_operator.py
[2026-02-05T13:15:50.905+0000] {processor.py:840} INFO - DAG(s) 'example_branch_datetime_operator', 'example_branch_datetime_operator_3', 'example_branch_datetime_operator_2' retrieved from /home/airflow/.local/lib/python3.12/site-packages/airflow/example_dags/example_branch_datetime_operator.py
[2026-02-05T13:15:50.925+0000] {logging_mixin.py:188} INFO - [2026-02-05T13:15:50.924+0000] {dag.py:3096} INFO - Sync 3 DAGs
[2026-02-05T13:15:50.939+0000] {logging_mixin.py:188} INFO - [2026-02-05T13:15:50.939+0000] {dag.py:3954} INFO - Setting next_dagrun for example_branch_datetime_operator to 2026-02-04 00:00:00+00:00, run_after=2026-02-05 00:00:00+00:00
[2026-02-05T13:15:50.944+0000] {logging_mixin.py:188} INFO - [2026-02-05T13:15:50.944+0000] {dag.py:3954} INFO - Setting next_dagrun for example_branch_datetime_operator_2 to 2026-02-04 00:00:00+00:00, run_after=2026-02-05 00:00:00+00:00
[2026-02-05T13:15:50.946+0000] {logging_mixin.py:188} INFO - [2026-02-05T13:15:50.946+0000] {dag.py:3954} INFO - Setting next_dagrun for example_branch_datetime_operator_3 to 2026-02-04 00:00:00+00:00, run_after=2026-02-05 00:00:00+00:00
[2026-02-05T13:15:50.957+0000] {processor.py:183} INFO - Processing /home/airflow/.local/lib/python3.12/site-packages/airflow/example_dags/example_branch_datetime_operator.py took 0.063 seconds
[2026-02-05T13:16:21.875+0000] {processor.py:161} INFO - Started process (PID=2430) to work on /home/airflow/.local/lib/python3.12/site-packages/airflow/example_dags/example_branch_datetime_operator.py
[2026-02-05T13:16:21.876+0000] {processor.py:830} INFO - Processing file /home/airflow/.local/lib/python3.12/site-packages/airflow/example_dags/example_branch_datetime_operator.py for tasks to queue
[2026-02-05T13:16:21.878+0000] {logging_mixin.py:188} INFO - [2026-02-05T13:16:21.878+0000] {dagbag.py:540} INFO - Filling up the DagBag from /home/airflow/.local/lib/python3.12/site-packages/airflow/example_dags/example_branch_datetime_operator.py
[2026-02-05T13:16:21.889+0000] {processor.py:840} INFO - DAG(s) 'example_branch_datetime_operator_3', 'example_branch_datetime_operator', 'example_branch_datetime_operator_2' retrieved from /home/airflow/.local/lib/python3.12/site-packages/airflow/example_dags/example_branch_datetime_operator.py
[2026-02-05T13:16:21.913+0000] {logging_mixin.py:188} INFO - [2026-02-05T13:16:21.913+0000] {dag.py:3096} INFO - Sync 3 DAGs
[2026-02-05T13:16:21.928+0000] {logging_mixin.py:188} INFO - [2026-02-05T13:16:21.928+0000] {dag.py:3954} INFO - Setting next_dagrun for example_branch_datetime_operator to 2026-02-04 00:00:00+00:00, run_after=2026-02-05 00:00:00+00:00
[2026-02-05T13:16:21.931+0000] {logging_mixin.py:188} INFO - [2026-02-05T13:16:21.931+0000] {dag.py:3954} INFO - Setting next_dagrun for example_branch_datetime_operator_2 to 2026-02-04 00:00:00+00:00, run_after=2026-02-05 00:00:00+00:00
[2026-02-05T13:16:21.933+0000] {logging_mixin.py:188} INFO - [2026-02-05T13:16:21.932+0000] {dag.py:3954} INFO - Setting next_dagrun for example_branch_datetime_operator_3 to 2026-02-04 00:00:00+00:00, run_after=2026-02-05 00:00:00+00:00
[2026-02-05T13:16:21.944+0000] {processor.py:183} INFO - Processing /home/airflow/.local/lib/python3.12/site-packages/airflow/example_dags/example_branch_datetime_operator.py took 0.074 seconds
[2026-02-05T13:16:52.883+0000] {processor.py:161} INFO - Started process (PID=2488) to work on /home/airflow/.local/lib/python3.12/site-packages/airflow/example_dags/example_branch_datetime_operator.py
[2026-02-05T13:16:52.884+0000] {processor.py:830} INFO - Processing file /home/airflow/.local/lib/python3.12/site-packages/airflow/example_dags/example_branch_datetime_operator.py for tasks to queue
[2026-02-05T13:16:52.887+0000] {logging_mixin.py:188} INFO - [2026-02-05T13:16:52.886+0000] {dagbag.py:540} INFO - Filling up the DagBag from /home/airflow/.local/lib/python3.12/site-packages/airflow/example_dags/example_branch_datetime_operator.py
[2026-02-05T13:16:52.903+0000] {processor.py:840} INFO - DAG(s) 'example_branch_datetime_operator_3', 'example_branch_datetime_operator', 'example_branch_datetime_operator_2' retrieved from /home/airflow/.local/lib/python3.12/site-packages/airflow/example_dags/example_branch_datetime_operator.py
[2026-02-05T13:16:52.931+0000] {logging_mixin.py:188} INFO - [2026-02-05T13:16:52.931+0000] {dag.py:3096} INFO - Sync 3 DAGs
[2026-02-05T13:16:52.953+0000] {logging_mixin.py:188} INFO - [2026-02-05T13:16:52.953+0000] {dag.py:3954} INFO - Setting next_dagrun for example_branch_datetime_operator to 2026-02-04 00:00:00+00:00, run_after=2026-02-05 00:00:00+00:00
[2026-02-05T13:16:52.959+0000] {logging_mixin.py:188} INFO - [2026-02-05T13:16:52.959+0000] {dag.py:3954} INFO - Setting next_dagrun for example_branch_datetime_operator_2 to 2026-02-04 00:00:00+00:00, run_after=2026-02-05 00:00:00+00:00
[2026-02-05T13:16:52.964+0000] {logging_mixin.py:188} INFO - [2026-02-05T13:16:52.964+0000] {dag.py:3954} INFO - Setting next_dagrun for example_branch_datetime_operator_3 to 2026-02-04 00:00:00+00:00, run_after=2026-02-05 00:00:00+00:00
[2026-02-05T13:16:52.993+0000] {processor.py:183} INFO - Processing /home/airflow/.local/lib/python3.12/site-packages/airflow/example_dags/example_branch_datetime_operator.py took 0.116 seconds
[2026-02-05T13:17:23.970+0000] {processor.py:161} INFO - Started process (PID=2546) to work on /home/airflow/.local/lib/python3.12/site-packages/airflow/example_dags/example_branch_datetime_operator.py
[2026-02-05T13:17:23.971+0000] {processor.py:830} INFO - Processing file /home/airflow/.local/lib/python3.12/site-packages/airflow/example_dags/example_branch_datetime_operator.py for tasks to queue
[2026-02-05T13:17:23.973+0000] {logging_mixin.py:188} INFO - [2026-02-05T13:17:23.973+0000] {dagbag.py:540} INFO - Filling up the DagBag from /home/airflow/.local/lib/python3.12/site-packages/airflow/example_dags/example_branch_datetime_operator.py
[2026-02-05T13:17:23.985+0000] {processor.py:840} INFO - DAG(s) 'example_branch_datetime_operator_3', 'example_branch_datetime_operator_2', 'example_branch_datetime_operator' retrieved from /home/airflow/.local/lib/python3.12/site-packages/airflow/example_dags/example_branch_datetime_operator.py
[2026-02-05T13:17:24.015+0000] {logging_mixin.py:188} INFO - [2026-02-05T13:17:24.015+0000] {dag.py:3096} INFO - Sync 3 DAGs
[2026-02-05T13:17:24.038+0000] {logging_mixin.py:188} INFO - [2026-02-05T13:17:24.038+0000] {dag.py:3954} INFO - Setting next_dagrun for example_branch_datetime_operator to 2026-02-04 00:00:00+00:00, run_after=2026-02-05 00:00:00+00:00
[2026-02-05T13:17:24.042+0000] {logging_mixin.py:188} INFO - [2026-02-05T13:17:24.042+0000] {dag.py:3954} INFO - Setting next_dagrun for example_branch_datetime_operator_2 to 2026-02-04 00:00:00+00:00, run_after=2026-02-05 00:00:00+00:00
[2026-02-05T13:17:24.044+0000] {logging_mixin.py:188} INFO - [2026-02-05T13:17:24.043+0000] {dag.py:3954} INFO - Setting next_dagrun for example_branch_datetime_operator_3 to 2026-02-04 00:00:00+00:00, run_after=2026-02-05 00:00:00+00:00
[2026-02-05T13:17:24.057+0000] {processor.py:183} INFO - Processing /home/airflow/.local/lib/python3.12/site-packages/airflow/example_dags/example_branch_datetime_operator.py took 0.094 seconds
[2026-02-05T13:17:54.146+0000] {processor.py:161} INFO - Started process (PID=2603) to work on /home/airflow/.local/lib/python3.12/site-packages/airflow/example_dags/example_branch_datetime_operator.py
[2026-02-05T13:17:54.146+0000] {processor.py:830} INFO - Processing file /home/airflow/.local/lib/python3.12/site-packages/airflow/example_dags/example_branch_datetime_operator.py for tasks to queue
[2026-02-05T13:17:54.153+0000] {logging_mixin.py:188} INFO - [2026-02-05T13:17:54.153+0000] {dagbag.py:540} INFO - Filling up the DagBag from /home/airflow/.local/lib/python3.12/site-packages/airflow/example_dags/example_branch_datetime_operator.py
[2026-02-05T13:17:54.160+0000] {processor.py:840} INFO - DAG(s) 'example_branch_datetime_operator_3', 'example_branch_datetime_operator', 'example_branch_datetime_operator_2' retrieved from /home/airflow/.local/lib/python3.12/site-packages/airflow/example_dags/example_branch_datetime_operator.py
[2026-02-05T13:17:54.187+0000] {logging_mixin.py:188} INFO - [2026-02-05T13:17:54.187+0000] {dag.py:3096} INFO - Sync 3 DAGs
[2026-02-05T13:17:54.206+0000] {logging_mixin.py:188} INFO - [2026-02-05T13:17:54.206+0000] {dag.py:3954} INFO - Setting next_dagrun for example_branch_datetime_operator to 2026-02-04 00:00:00+00:00, run_after=2026-02-05 00:00:00+00:00
[2026-02-05T13:17:54.209+0000] {logging_mixin.py:188} INFO - [2026-02-05T13:17:54.209+0000] {dag.py:3954} INFO - Setting next_dagrun for example_branch_datetime_operator_2 to 2026-02-04 00:00:00+00:00, run_after=2026-02-05 00:00:00+00:00
[2026-02-05T13:17:54.210+0000] {logging_mixin.py:188} INFO - [2026-02-05T13:17:54.210+0000] {dag.py:3954} INFO - Setting next_dagrun for example_branch_datetime_operator_3 to 2026-02-04 00:00:00+00:00, run_after=2026-02-05 00:00:00+00:00
[2026-02-05T13:17:54.223+0000] {processor.py:183} INFO - Processing /home/airflow/.local/lib/python3.12/site-packages/airflow/example_dags/example_branch_datetime_operator.py took 0.084 seconds
