[2026-02-05T12:55:34.349+0000] {processor.py:161} INFO - Started process (PID=84) to work on /home/airflow/.local/lib/python3.12/site-packages/airflow/example_dags/example_trigger_target_dag.py
[2026-02-05T12:55:34.349+0000] {processor.py:830} INFO - Processing file /home/airflow/.local/lib/python3.12/site-packages/airflow/example_dags/example_trigger_target_dag.py for tasks to queue
[2026-02-05T12:55:34.354+0000] {logging_mixin.py:188} INFO - [2026-02-05T12:55:34.354+0000] {dagbag.py:540} INFO - Filling up the DagBag from /home/airflow/.local/lib/python3.12/site-packages/airflow/example_dags/example_trigger_target_dag.py
[2026-02-05T12:55:34.359+0000] {processor.py:840} INFO - DAG(s) 'example_trigger_target_dag' retrieved from /home/airflow/.local/lib/python3.12/site-packages/airflow/example_dags/example_trigger_target_dag.py
[2026-02-05T12:55:34.366+0000] {logging_mixin.py:188} INFO - [2026-02-05T12:55:34.366+0000] {dag.py:3096} INFO - Sync 1 DAGs
[2026-02-05T12:55:34.376+0000] {logging_mixin.py:188} INFO - [2026-02-05T12:55:34.376+0000] {dag.py:3954} INFO - Setting next_dagrun for example_trigger_target_dag to None, run_after=None
[2026-02-05T12:55:34.393+0000] {processor.py:183} INFO - Processing /home/airflow/.local/lib/python3.12/site-packages/airflow/example_dags/example_trigger_target_dag.py took 0.047 seconds
[2026-02-05T12:56:05.349+0000] {processor.py:161} INFO - Started process (PID=142) to work on /home/airflow/.local/lib/python3.12/site-packages/airflow/example_dags/example_trigger_target_dag.py
[2026-02-05T12:56:05.353+0000] {processor.py:830} INFO - Processing file /home/airflow/.local/lib/python3.12/site-packages/airflow/example_dags/example_trigger_target_dag.py for tasks to queue
[2026-02-05T12:56:05.354+0000] {logging_mixin.py:188} INFO - [2026-02-05T12:56:05.354+0000] {dagbag.py:540} INFO - Filling up the DagBag from /home/airflow/.local/lib/python3.12/site-packages/airflow/example_dags/example_trigger_target_dag.py
[2026-02-05T12:56:05.362+0000] {processor.py:840} INFO - DAG(s) 'example_trigger_target_dag' retrieved from /home/airflow/.local/lib/python3.12/site-packages/airflow/example_dags/example_trigger_target_dag.py
[2026-02-05T12:56:05.415+0000] {logging_mixin.py:188} INFO - [2026-02-05T12:56:05.415+0000] {dag.py:3096} INFO - Sync 1 DAGs
[2026-02-05T12:56:05.421+0000] {logging_mixin.py:188} INFO - [2026-02-05T12:56:05.421+0000] {dag.py:3954} INFO - Setting next_dagrun for example_trigger_target_dag to None, run_after=None
[2026-02-05T12:56:05.432+0000] {processor.py:183} INFO - Processing /home/airflow/.local/lib/python3.12/site-packages/airflow/example_dags/example_trigger_target_dag.py took 0.086 seconds
[2026-02-05T12:56:35.957+0000] {processor.py:161} INFO - Started process (PID=200) to work on /home/airflow/.local/lib/python3.12/site-packages/airflow/example_dags/example_trigger_target_dag.py
[2026-02-05T12:56:35.959+0000] {processor.py:830} INFO - Processing file /home/airflow/.local/lib/python3.12/site-packages/airflow/example_dags/example_trigger_target_dag.py for tasks to queue
[2026-02-05T12:56:35.961+0000] {logging_mixin.py:188} INFO - [2026-02-05T12:56:35.961+0000] {dagbag.py:540} INFO - Filling up the DagBag from /home/airflow/.local/lib/python3.12/site-packages/airflow/example_dags/example_trigger_target_dag.py
[2026-02-05T12:56:35.965+0000] {processor.py:840} INFO - DAG(s) 'example_trigger_target_dag' retrieved from /home/airflow/.local/lib/python3.12/site-packages/airflow/example_dags/example_trigger_target_dag.py
[2026-02-05T12:56:35.980+0000] {logging_mixin.py:188} INFO - [2026-02-05T12:56:35.979+0000] {dag.py:3096} INFO - Sync 1 DAGs
[2026-02-05T12:56:35.988+0000] {logging_mixin.py:188} INFO - [2026-02-05T12:56:35.988+0000] {dag.py:3954} INFO - Setting next_dagrun for example_trigger_target_dag to None, run_after=None
[2026-02-05T12:56:36.002+0000] {processor.py:183} INFO - Processing /home/airflow/.local/lib/python3.12/site-packages/airflow/example_dags/example_trigger_target_dag.py took 0.048 seconds
[2026-02-05T12:57:06.020+0000] {processor.py:161} INFO - Started process (PID=258) to work on /home/airflow/.local/lib/python3.12/site-packages/airflow/example_dags/example_trigger_target_dag.py
[2026-02-05T12:57:06.025+0000] {processor.py:830} INFO - Processing file /home/airflow/.local/lib/python3.12/site-packages/airflow/example_dags/example_trigger_target_dag.py for tasks to queue
[2026-02-05T12:57:06.026+0000] {logging_mixin.py:188} INFO - [2026-02-05T12:57:06.026+0000] {dagbag.py:540} INFO - Filling up the DagBag from /home/airflow/.local/lib/python3.12/site-packages/airflow/example_dags/example_trigger_target_dag.py
[2026-02-05T12:57:06.033+0000] {processor.py:840} INFO - DAG(s) 'example_trigger_target_dag' retrieved from /home/airflow/.local/lib/python3.12/site-packages/airflow/example_dags/example_trigger_target_dag.py
[2026-02-05T12:57:06.046+0000] {logging_mixin.py:188} INFO - [2026-02-05T12:57:06.045+0000] {dag.py:3096} INFO - Sync 1 DAGs
[2026-02-05T12:57:06.051+0000] {logging_mixin.py:188} INFO - [2026-02-05T12:57:06.051+0000] {dag.py:3954} INFO - Setting next_dagrun for example_trigger_target_dag to None, run_after=None
[2026-02-05T12:57:06.061+0000] {processor.py:183} INFO - Processing /home/airflow/.local/lib/python3.12/site-packages/airflow/example_dags/example_trigger_target_dag.py took 0.044 seconds
[2026-02-05T12:57:36.538+0000] {processor.py:161} INFO - Started process (PID=316) to work on /home/airflow/.local/lib/python3.12/site-packages/airflow/example_dags/example_trigger_target_dag.py
[2026-02-05T12:57:36.539+0000] {processor.py:830} INFO - Processing file /home/airflow/.local/lib/python3.12/site-packages/airflow/example_dags/example_trigger_target_dag.py for tasks to queue
[2026-02-05T12:57:36.540+0000] {logging_mixin.py:188} INFO - [2026-02-05T12:57:36.540+0000] {dagbag.py:540} INFO - Filling up the DagBag from /home/airflow/.local/lib/python3.12/site-packages/airflow/example_dags/example_trigger_target_dag.py
[2026-02-05T12:57:36.544+0000] {processor.py:840} INFO - DAG(s) 'example_trigger_target_dag' retrieved from /home/airflow/.local/lib/python3.12/site-packages/airflow/example_dags/example_trigger_target_dag.py
[2026-02-05T12:57:36.556+0000] {logging_mixin.py:188} INFO - [2026-02-05T12:57:36.556+0000] {dag.py:3096} INFO - Sync 1 DAGs
[2026-02-05T12:57:36.565+0000] {logging_mixin.py:188} INFO - [2026-02-05T12:57:36.565+0000] {dag.py:3954} INFO - Setting next_dagrun for example_trigger_target_dag to None, run_after=None
[2026-02-05T12:57:36.576+0000] {processor.py:183} INFO - Processing /home/airflow/.local/lib/python3.12/site-packages/airflow/example_dags/example_trigger_target_dag.py took 0.041 seconds
[2026-02-05T12:58:06.950+0000] {processor.py:161} INFO - Started process (PID=374) to work on /home/airflow/.local/lib/python3.12/site-packages/airflow/example_dags/example_trigger_target_dag.py
[2026-02-05T12:58:06.952+0000] {processor.py:830} INFO - Processing file /home/airflow/.local/lib/python3.12/site-packages/airflow/example_dags/example_trigger_target_dag.py for tasks to queue
[2026-02-05T12:58:06.954+0000] {logging_mixin.py:188} INFO - [2026-02-05T12:58:06.953+0000] {dagbag.py:540} INFO - Filling up the DagBag from /home/airflow/.local/lib/python3.12/site-packages/airflow/example_dags/example_trigger_target_dag.py
[2026-02-05T12:58:06.957+0000] {processor.py:840} INFO - DAG(s) 'example_trigger_target_dag' retrieved from /home/airflow/.local/lib/python3.12/site-packages/airflow/example_dags/example_trigger_target_dag.py
[2026-02-05T12:58:06.968+0000] {logging_mixin.py:188} INFO - [2026-02-05T12:58:06.968+0000] {dag.py:3096} INFO - Sync 1 DAGs
[2026-02-05T12:58:06.975+0000] {logging_mixin.py:188} INFO - [2026-02-05T12:58:06.975+0000] {dag.py:3954} INFO - Setting next_dagrun for example_trigger_target_dag to None, run_after=None
[2026-02-05T12:58:06.991+0000] {processor.py:183} INFO - Processing /home/airflow/.local/lib/python3.12/site-packages/airflow/example_dags/example_trigger_target_dag.py took 0.044 seconds
[2026-02-05T12:58:37.046+0000] {processor.py:161} INFO - Started process (PID=432) to work on /home/airflow/.local/lib/python3.12/site-packages/airflow/example_dags/example_trigger_target_dag.py
[2026-02-05T12:58:37.047+0000] {processor.py:830} INFO - Processing file /home/airflow/.local/lib/python3.12/site-packages/airflow/example_dags/example_trigger_target_dag.py for tasks to queue
[2026-02-05T12:58:37.048+0000] {logging_mixin.py:188} INFO - [2026-02-05T12:58:37.048+0000] {dagbag.py:540} INFO - Filling up the DagBag from /home/airflow/.local/lib/python3.12/site-packages/airflow/example_dags/example_trigger_target_dag.py
[2026-02-05T12:58:37.052+0000] {processor.py:840} INFO - DAG(s) 'example_trigger_target_dag' retrieved from /home/airflow/.local/lib/python3.12/site-packages/airflow/example_dags/example_trigger_target_dag.py
[2026-02-05T12:58:37.062+0000] {logging_mixin.py:188} INFO - [2026-02-05T12:58:37.062+0000] {dag.py:3096} INFO - Sync 1 DAGs
[2026-02-05T12:58:37.072+0000] {logging_mixin.py:188} INFO - [2026-02-05T12:58:37.071+0000] {dag.py:3954} INFO - Setting next_dagrun for example_trigger_target_dag to None, run_after=None
[2026-02-05T12:58:37.081+0000] {processor.py:183} INFO - Processing /home/airflow/.local/lib/python3.12/site-packages/airflow/example_dags/example_trigger_target_dag.py took 0.039 seconds
[2026-02-05T12:59:07.116+0000] {processor.py:161} INFO - Started process (PID=499) to work on /home/airflow/.local/lib/python3.12/site-packages/airflow/example_dags/example_trigger_target_dag.py
[2026-02-05T12:59:07.119+0000] {processor.py:830} INFO - Processing file /home/airflow/.local/lib/python3.12/site-packages/airflow/example_dags/example_trigger_target_dag.py for tasks to queue
[2026-02-05T12:59:07.120+0000] {logging_mixin.py:188} INFO - [2026-02-05T12:59:07.120+0000] {dagbag.py:540} INFO - Filling up the DagBag from /home/airflow/.local/lib/python3.12/site-packages/airflow/example_dags/example_trigger_target_dag.py
[2026-02-05T12:59:07.123+0000] {processor.py:840} INFO - DAG(s) 'example_trigger_target_dag' retrieved from /home/airflow/.local/lib/python3.12/site-packages/airflow/example_dags/example_trigger_target_dag.py
[2026-02-05T12:59:07.134+0000] {logging_mixin.py:188} INFO - [2026-02-05T12:59:07.134+0000] {dag.py:3096} INFO - Sync 1 DAGs
[2026-02-05T12:59:07.139+0000] {logging_mixin.py:188} INFO - [2026-02-05T12:59:07.139+0000] {dag.py:3954} INFO - Setting next_dagrun for example_trigger_target_dag to None, run_after=None
[2026-02-05T12:59:07.150+0000] {processor.py:183} INFO - Processing /home/airflow/.local/lib/python3.12/site-packages/airflow/example_dags/example_trigger_target_dag.py took 0.037 seconds
[2026-02-05T12:59:37.337+0000] {processor.py:161} INFO - Started process (PID=558) to work on /home/airflow/.local/lib/python3.12/site-packages/airflow/example_dags/example_trigger_target_dag.py
[2026-02-05T12:59:37.338+0000] {processor.py:830} INFO - Processing file /home/airflow/.local/lib/python3.12/site-packages/airflow/example_dags/example_trigger_target_dag.py for tasks to queue
[2026-02-05T12:59:37.340+0000] {logging_mixin.py:188} INFO - [2026-02-05T12:59:37.339+0000] {dagbag.py:540} INFO - Filling up the DagBag from /home/airflow/.local/lib/python3.12/site-packages/airflow/example_dags/example_trigger_target_dag.py
[2026-02-05T12:59:37.343+0000] {processor.py:840} INFO - DAG(s) 'example_trigger_target_dag' retrieved from /home/airflow/.local/lib/python3.12/site-packages/airflow/example_dags/example_trigger_target_dag.py
[2026-02-05T12:59:37.354+0000] {logging_mixin.py:188} INFO - [2026-02-05T12:59:37.354+0000] {dag.py:3096} INFO - Sync 1 DAGs
[2026-02-05T12:59:37.363+0000] {logging_mixin.py:188} INFO - [2026-02-05T12:59:37.362+0000] {dag.py:3954} INFO - Setting next_dagrun for example_trigger_target_dag to None, run_after=None
[2026-02-05T12:59:37.372+0000] {processor.py:183} INFO - Processing /home/airflow/.local/lib/python3.12/site-packages/airflow/example_dags/example_trigger_target_dag.py took 0.039 seconds
[2026-02-05T13:00:07.600+0000] {processor.py:161} INFO - Started process (PID=616) to work on /home/airflow/.local/lib/python3.12/site-packages/airflow/example_dags/example_trigger_target_dag.py
[2026-02-05T13:00:07.601+0000] {processor.py:830} INFO - Processing file /home/airflow/.local/lib/python3.12/site-packages/airflow/example_dags/example_trigger_target_dag.py for tasks to queue
[2026-02-05T13:00:07.602+0000] {logging_mixin.py:188} INFO - [2026-02-05T13:00:07.602+0000] {dagbag.py:540} INFO - Filling up the DagBag from /home/airflow/.local/lib/python3.12/site-packages/airflow/example_dags/example_trigger_target_dag.py
[2026-02-05T13:00:07.607+0000] {processor.py:840} INFO - DAG(s) 'example_trigger_target_dag' retrieved from /home/airflow/.local/lib/python3.12/site-packages/airflow/example_dags/example_trigger_target_dag.py
[2026-02-05T13:00:07.623+0000] {logging_mixin.py:188} INFO - [2026-02-05T13:00:07.623+0000] {dag.py:3096} INFO - Sync 1 DAGs
[2026-02-05T13:00:07.630+0000] {logging_mixin.py:188} INFO - [2026-02-05T13:00:07.629+0000] {dag.py:3954} INFO - Setting next_dagrun for example_trigger_target_dag to None, run_after=None
[2026-02-05T13:00:07.640+0000] {processor.py:183} INFO - Processing /home/airflow/.local/lib/python3.12/site-packages/airflow/example_dags/example_trigger_target_dag.py took 0.043 seconds
[2026-02-05T13:00:37.892+0000] {processor.py:161} INFO - Started process (PID=674) to work on /home/airflow/.local/lib/python3.12/site-packages/airflow/example_dags/example_trigger_target_dag.py
[2026-02-05T13:00:37.893+0000] {processor.py:830} INFO - Processing file /home/airflow/.local/lib/python3.12/site-packages/airflow/example_dags/example_trigger_target_dag.py for tasks to queue
[2026-02-05T13:00:37.894+0000] {logging_mixin.py:188} INFO - [2026-02-05T13:00:37.894+0000] {dagbag.py:540} INFO - Filling up the DagBag from /home/airflow/.local/lib/python3.12/site-packages/airflow/example_dags/example_trigger_target_dag.py
[2026-02-05T13:00:37.898+0000] {processor.py:840} INFO - DAG(s) 'example_trigger_target_dag' retrieved from /home/airflow/.local/lib/python3.12/site-packages/airflow/example_dags/example_trigger_target_dag.py
[2026-02-05T13:00:37.909+0000] {logging_mixin.py:188} INFO - [2026-02-05T13:00:37.909+0000] {dag.py:3096} INFO - Sync 1 DAGs
[2026-02-05T13:00:37.915+0000] {logging_mixin.py:188} INFO - [2026-02-05T13:00:37.915+0000] {dag.py:3954} INFO - Setting next_dagrun for example_trigger_target_dag to None, run_after=None
[2026-02-05T13:00:37.926+0000] {processor.py:183} INFO - Processing /home/airflow/.local/lib/python3.12/site-packages/airflow/example_dags/example_trigger_target_dag.py took 0.036 seconds
[2026-02-05T13:01:08.844+0000] {processor.py:161} INFO - Started process (PID=732) to work on /home/airflow/.local/lib/python3.12/site-packages/airflow/example_dags/example_trigger_target_dag.py
[2026-02-05T13:01:08.845+0000] {processor.py:830} INFO - Processing file /home/airflow/.local/lib/python3.12/site-packages/airflow/example_dags/example_trigger_target_dag.py for tasks to queue
[2026-02-05T13:01:08.847+0000] {logging_mixin.py:188} INFO - [2026-02-05T13:01:08.847+0000] {dagbag.py:540} INFO - Filling up the DagBag from /home/airflow/.local/lib/python3.12/site-packages/airflow/example_dags/example_trigger_target_dag.py
[2026-02-05T13:01:08.850+0000] {processor.py:840} INFO - DAG(s) 'example_trigger_target_dag' retrieved from /home/airflow/.local/lib/python3.12/site-packages/airflow/example_dags/example_trigger_target_dag.py
[2026-02-05T13:01:08.862+0000] {logging_mixin.py:188} INFO - [2026-02-05T13:01:08.862+0000] {dag.py:3096} INFO - Sync 1 DAGs
[2026-02-05T13:01:08.867+0000] {logging_mixin.py:188} INFO - [2026-02-05T13:01:08.867+0000] {dag.py:3954} INFO - Setting next_dagrun for example_trigger_target_dag to None, run_after=None
[2026-02-05T13:01:08.876+0000] {processor.py:183} INFO - Processing /home/airflow/.local/lib/python3.12/site-packages/airflow/example_dags/example_trigger_target_dag.py took 0.035 seconds
[2026-02-05T13:01:39.147+0000] {processor.py:161} INFO - Started process (PID=790) to work on /home/airflow/.local/lib/python3.12/site-packages/airflow/example_dags/example_trigger_target_dag.py
[2026-02-05T13:01:39.149+0000] {processor.py:830} INFO - Processing file /home/airflow/.local/lib/python3.12/site-packages/airflow/example_dags/example_trigger_target_dag.py for tasks to queue
[2026-02-05T13:01:39.151+0000] {logging_mixin.py:188} INFO - [2026-02-05T13:01:39.151+0000] {dagbag.py:540} INFO - Filling up the DagBag from /home/airflow/.local/lib/python3.12/site-packages/airflow/example_dags/example_trigger_target_dag.py
[2026-02-05T13:01:39.154+0000] {processor.py:840} INFO - DAG(s) 'example_trigger_target_dag' retrieved from /home/airflow/.local/lib/python3.12/site-packages/airflow/example_dags/example_trigger_target_dag.py
[2026-02-05T13:01:39.168+0000] {logging_mixin.py:188} INFO - [2026-02-05T13:01:39.168+0000] {dag.py:3096} INFO - Sync 1 DAGs
[2026-02-05T13:01:39.174+0000] {logging_mixin.py:188} INFO - [2026-02-05T13:01:39.174+0000] {dag.py:3954} INFO - Setting next_dagrun for example_trigger_target_dag to None, run_after=None
[2026-02-05T13:01:39.188+0000] {processor.py:183} INFO - Processing /home/airflow/.local/lib/python3.12/site-packages/airflow/example_dags/example_trigger_target_dag.py took 0.044 seconds
[2026-02-05T13:02:09.458+0000] {processor.py:161} INFO - Started process (PID=847) to work on /home/airflow/.local/lib/python3.12/site-packages/airflow/example_dags/example_trigger_target_dag.py
[2026-02-05T13:02:09.458+0000] {processor.py:830} INFO - Processing file /home/airflow/.local/lib/python3.12/site-packages/airflow/example_dags/example_trigger_target_dag.py for tasks to queue
[2026-02-05T13:02:09.459+0000] {logging_mixin.py:188} INFO - [2026-02-05T13:02:09.459+0000] {dagbag.py:540} INFO - Filling up the DagBag from /home/airflow/.local/lib/python3.12/site-packages/airflow/example_dags/example_trigger_target_dag.py
[2026-02-05T13:02:09.463+0000] {processor.py:840} INFO - DAG(s) 'example_trigger_target_dag' retrieved from /home/airflow/.local/lib/python3.12/site-packages/airflow/example_dags/example_trigger_target_dag.py
[2026-02-05T13:02:09.475+0000] {logging_mixin.py:188} INFO - [2026-02-05T13:02:09.475+0000] {dag.py:3096} INFO - Sync 1 DAGs
[2026-02-05T13:02:09.483+0000] {logging_mixin.py:188} INFO - [2026-02-05T13:02:09.483+0000] {dag.py:3954} INFO - Setting next_dagrun for example_trigger_target_dag to None, run_after=None
[2026-02-05T13:02:09.495+0000] {processor.py:183} INFO - Processing /home/airflow/.local/lib/python3.12/site-packages/airflow/example_dags/example_trigger_target_dag.py took 0.041 seconds
[2026-02-05T13:02:39.573+0000] {processor.py:161} INFO - Started process (PID=905) to work on /home/airflow/.local/lib/python3.12/site-packages/airflow/example_dags/example_trigger_target_dag.py
[2026-02-05T13:02:39.575+0000] {processor.py:830} INFO - Processing file /home/airflow/.local/lib/python3.12/site-packages/airflow/example_dags/example_trigger_target_dag.py for tasks to queue
[2026-02-05T13:02:39.576+0000] {logging_mixin.py:188} INFO - [2026-02-05T13:02:39.576+0000] {dagbag.py:540} INFO - Filling up the DagBag from /home/airflow/.local/lib/python3.12/site-packages/airflow/example_dags/example_trigger_target_dag.py
[2026-02-05T13:02:39.583+0000] {processor.py:840} INFO - DAG(s) 'example_trigger_target_dag' retrieved from /home/airflow/.local/lib/python3.12/site-packages/airflow/example_dags/example_trigger_target_dag.py
[2026-02-05T13:02:39.594+0000] {logging_mixin.py:188} INFO - [2026-02-05T13:02:39.594+0000] {dag.py:3096} INFO - Sync 1 DAGs
[2026-02-05T13:02:39.601+0000] {logging_mixin.py:188} INFO - [2026-02-05T13:02:39.601+0000] {dag.py:3954} INFO - Setting next_dagrun for example_trigger_target_dag to None, run_after=None
[2026-02-05T13:02:39.613+0000] {processor.py:183} INFO - Processing /home/airflow/.local/lib/python3.12/site-packages/airflow/example_dags/example_trigger_target_dag.py took 0.043 seconds
[2026-02-05T13:03:10.476+0000] {processor.py:161} INFO - Started process (PID=963) to work on /home/airflow/.local/lib/python3.12/site-packages/airflow/example_dags/example_trigger_target_dag.py
[2026-02-05T13:03:10.477+0000] {processor.py:830} INFO - Processing file /home/airflow/.local/lib/python3.12/site-packages/airflow/example_dags/example_trigger_target_dag.py for tasks to queue
[2026-02-05T13:03:10.479+0000] {logging_mixin.py:188} INFO - [2026-02-05T13:03:10.479+0000] {dagbag.py:540} INFO - Filling up the DagBag from /home/airflow/.local/lib/python3.12/site-packages/airflow/example_dags/example_trigger_target_dag.py
[2026-02-05T13:03:10.483+0000] {processor.py:840} INFO - DAG(s) 'example_trigger_target_dag' retrieved from /home/airflow/.local/lib/python3.12/site-packages/airflow/example_dags/example_trigger_target_dag.py
[2026-02-05T13:03:10.499+0000] {logging_mixin.py:188} INFO - [2026-02-05T13:03:10.499+0000] {dag.py:3096} INFO - Sync 1 DAGs
[2026-02-05T13:03:10.509+0000] {logging_mixin.py:188} INFO - [2026-02-05T13:03:10.509+0000] {dag.py:3954} INFO - Setting next_dagrun for example_trigger_target_dag to None, run_after=None
[2026-02-05T13:03:10.663+0000] {processor.py:183} INFO - Processing /home/airflow/.local/lib/python3.12/site-packages/airflow/example_dags/example_trigger_target_dag.py took 0.192 seconds
[2026-02-05T13:03:40.889+0000] {processor.py:161} INFO - Started process (PID=1021) to work on /home/airflow/.local/lib/python3.12/site-packages/airflow/example_dags/example_trigger_target_dag.py
[2026-02-05T13:03:40.890+0000] {processor.py:830} INFO - Processing file /home/airflow/.local/lib/python3.12/site-packages/airflow/example_dags/example_trigger_target_dag.py for tasks to queue
[2026-02-05T13:03:40.891+0000] {logging_mixin.py:188} INFO - [2026-02-05T13:03:40.891+0000] {dagbag.py:540} INFO - Filling up the DagBag from /home/airflow/.local/lib/python3.12/site-packages/airflow/example_dags/example_trigger_target_dag.py
[2026-02-05T13:03:40.895+0000] {processor.py:840} INFO - DAG(s) 'example_trigger_target_dag' retrieved from /home/airflow/.local/lib/python3.12/site-packages/airflow/example_dags/example_trigger_target_dag.py
[2026-02-05T13:03:40.905+0000] {logging_mixin.py:188} INFO - [2026-02-05T13:03:40.905+0000] {dag.py:3096} INFO - Sync 1 DAGs
[2026-02-05T13:03:40.912+0000] {logging_mixin.py:188} INFO - [2026-02-05T13:03:40.912+0000] {dag.py:3954} INFO - Setting next_dagrun for example_trigger_target_dag to None, run_after=None
[2026-02-05T13:03:40.924+0000] {processor.py:183} INFO - Processing /home/airflow/.local/lib/python3.12/site-packages/airflow/example_dags/example_trigger_target_dag.py took 0.039 seconds
[2026-02-05T13:04:11.895+0000] {processor.py:161} INFO - Started process (PID=1079) to work on /home/airflow/.local/lib/python3.12/site-packages/airflow/example_dags/example_trigger_target_dag.py
[2026-02-05T13:04:11.896+0000] {processor.py:830} INFO - Processing file /home/airflow/.local/lib/python3.12/site-packages/airflow/example_dags/example_trigger_target_dag.py for tasks to queue
[2026-02-05T13:04:11.897+0000] {logging_mixin.py:188} INFO - [2026-02-05T13:04:11.897+0000] {dagbag.py:540} INFO - Filling up the DagBag from /home/airflow/.local/lib/python3.12/site-packages/airflow/example_dags/example_trigger_target_dag.py
[2026-02-05T13:04:11.902+0000] {processor.py:840} INFO - DAG(s) 'example_trigger_target_dag' retrieved from /home/airflow/.local/lib/python3.12/site-packages/airflow/example_dags/example_trigger_target_dag.py
[2026-02-05T13:04:11.913+0000] {logging_mixin.py:188} INFO - [2026-02-05T13:04:11.913+0000] {dag.py:3096} INFO - Sync 1 DAGs
[2026-02-05T13:04:11.919+0000] {logging_mixin.py:188} INFO - [2026-02-05T13:04:11.919+0000] {dag.py:3954} INFO - Setting next_dagrun for example_trigger_target_dag to None, run_after=None
[2026-02-05T13:04:11.929+0000] {processor.py:183} INFO - Processing /home/airflow/.local/lib/python3.12/site-packages/airflow/example_dags/example_trigger_target_dag.py took 0.038 seconds
[2026-02-05T13:04:42.305+0000] {processor.py:161} INFO - Started process (PID=1137) to work on /home/airflow/.local/lib/python3.12/site-packages/airflow/example_dags/example_trigger_target_dag.py
[2026-02-05T13:04:42.306+0000] {processor.py:830} INFO - Processing file /home/airflow/.local/lib/python3.12/site-packages/airflow/example_dags/example_trigger_target_dag.py for tasks to queue
[2026-02-05T13:04:42.308+0000] {logging_mixin.py:188} INFO - [2026-02-05T13:04:42.307+0000] {dagbag.py:540} INFO - Filling up the DagBag from /home/airflow/.local/lib/python3.12/site-packages/airflow/example_dags/example_trigger_target_dag.py
[2026-02-05T13:04:42.312+0000] {processor.py:840} INFO - DAG(s) 'example_trigger_target_dag' retrieved from /home/airflow/.local/lib/python3.12/site-packages/airflow/example_dags/example_trigger_target_dag.py
[2026-02-05T13:04:42.333+0000] {logging_mixin.py:188} INFO - [2026-02-05T13:04:42.332+0000] {dag.py:3096} INFO - Sync 1 DAGs
[2026-02-05T13:04:42.339+0000] {logging_mixin.py:188} INFO - [2026-02-05T13:04:42.339+0000] {dag.py:3954} INFO - Setting next_dagrun for example_trigger_target_dag to None, run_after=None
[2026-02-05T13:04:42.353+0000] {processor.py:183} INFO - Processing /home/airflow/.local/lib/python3.12/site-packages/airflow/example_dags/example_trigger_target_dag.py took 0.052 seconds
[2026-02-05T13:05:13.057+0000] {processor.py:161} INFO - Started process (PID=1195) to work on /home/airflow/.local/lib/python3.12/site-packages/airflow/example_dags/example_trigger_target_dag.py
[2026-02-05T13:05:13.061+0000] {processor.py:830} INFO - Processing file /home/airflow/.local/lib/python3.12/site-packages/airflow/example_dags/example_trigger_target_dag.py for tasks to queue
[2026-02-05T13:05:13.063+0000] {logging_mixin.py:188} INFO - [2026-02-05T13:05:13.063+0000] {dagbag.py:540} INFO - Filling up the DagBag from /home/airflow/.local/lib/python3.12/site-packages/airflow/example_dags/example_trigger_target_dag.py
[2026-02-05T13:05:13.066+0000] {processor.py:840} INFO - DAG(s) 'example_trigger_target_dag' retrieved from /home/airflow/.local/lib/python3.12/site-packages/airflow/example_dags/example_trigger_target_dag.py
[2026-02-05T13:05:13.078+0000] {logging_mixin.py:188} INFO - [2026-02-05T13:05:13.078+0000] {dag.py:3096} INFO - Sync 1 DAGs
[2026-02-05T13:05:13.086+0000] {logging_mixin.py:188} INFO - [2026-02-05T13:05:13.086+0000] {dag.py:3954} INFO - Setting next_dagrun for example_trigger_target_dag to None, run_after=None
[2026-02-05T13:05:13.097+0000] {processor.py:183} INFO - Processing /home/airflow/.local/lib/python3.12/site-packages/airflow/example_dags/example_trigger_target_dag.py took 0.043 seconds
[2026-02-05T13:05:43.549+0000] {processor.py:161} INFO - Started process (PID=1253) to work on /home/airflow/.local/lib/python3.12/site-packages/airflow/example_dags/example_trigger_target_dag.py
[2026-02-05T13:05:43.552+0000] {processor.py:830} INFO - Processing file /home/airflow/.local/lib/python3.12/site-packages/airflow/example_dags/example_trigger_target_dag.py for tasks to queue
[2026-02-05T13:05:43.553+0000] {logging_mixin.py:188} INFO - [2026-02-05T13:05:43.553+0000] {dagbag.py:540} INFO - Filling up the DagBag from /home/airflow/.local/lib/python3.12/site-packages/airflow/example_dags/example_trigger_target_dag.py
[2026-02-05T13:05:43.556+0000] {processor.py:840} INFO - DAG(s) 'example_trigger_target_dag' retrieved from /home/airflow/.local/lib/python3.12/site-packages/airflow/example_dags/example_trigger_target_dag.py
[2026-02-05T13:05:43.667+0000] {logging_mixin.py:188} INFO - [2026-02-05T13:05:43.667+0000] {dag.py:3096} INFO - Sync 1 DAGs
[2026-02-05T13:05:43.693+0000] {logging_mixin.py:188} INFO - [2026-02-05T13:05:43.692+0000] {dag.py:3954} INFO - Setting next_dagrun for example_trigger_target_dag to None, run_after=None
[2026-02-05T13:05:43.711+0000] {processor.py:183} INFO - Processing /home/airflow/.local/lib/python3.12/site-packages/airflow/example_dags/example_trigger_target_dag.py took 0.165 seconds
[2026-02-05T13:06:14.067+0000] {processor.py:161} INFO - Started process (PID=1310) to work on /home/airflow/.local/lib/python3.12/site-packages/airflow/example_dags/example_trigger_target_dag.py
[2026-02-05T13:06:14.068+0000] {processor.py:830} INFO - Processing file /home/airflow/.local/lib/python3.12/site-packages/airflow/example_dags/example_trigger_target_dag.py for tasks to queue
[2026-02-05T13:06:14.070+0000] {logging_mixin.py:188} INFO - [2026-02-05T13:06:14.070+0000] {dagbag.py:540} INFO - Filling up the DagBag from /home/airflow/.local/lib/python3.12/site-packages/airflow/example_dags/example_trigger_target_dag.py
[2026-02-05T13:06:14.073+0000] {processor.py:840} INFO - DAG(s) 'example_trigger_target_dag' retrieved from /home/airflow/.local/lib/python3.12/site-packages/airflow/example_dags/example_trigger_target_dag.py
[2026-02-05T13:06:14.084+0000] {logging_mixin.py:188} INFO - [2026-02-05T13:06:14.084+0000] {dag.py:3096} INFO - Sync 1 DAGs
[2026-02-05T13:06:14.092+0000] {logging_mixin.py:188} INFO - [2026-02-05T13:06:14.091+0000] {dag.py:3954} INFO - Setting next_dagrun for example_trigger_target_dag to None, run_after=None
[2026-02-05T13:06:14.105+0000] {processor.py:183} INFO - Processing /home/airflow/.local/lib/python3.12/site-packages/airflow/example_dags/example_trigger_target_dag.py took 0.041 seconds
[2026-02-05T13:06:44.204+0000] {processor.py:161} INFO - Started process (PID=1368) to work on /home/airflow/.local/lib/python3.12/site-packages/airflow/example_dags/example_trigger_target_dag.py
[2026-02-05T13:06:44.206+0000] {processor.py:830} INFO - Processing file /home/airflow/.local/lib/python3.12/site-packages/airflow/example_dags/example_trigger_target_dag.py for tasks to queue
[2026-02-05T13:06:44.208+0000] {logging_mixin.py:188} INFO - [2026-02-05T13:06:44.208+0000] {dagbag.py:540} INFO - Filling up the DagBag from /home/airflow/.local/lib/python3.12/site-packages/airflow/example_dags/example_trigger_target_dag.py
[2026-02-05T13:06:44.213+0000] {processor.py:840} INFO - DAG(s) 'example_trigger_target_dag' retrieved from /home/airflow/.local/lib/python3.12/site-packages/airflow/example_dags/example_trigger_target_dag.py
[2026-02-05T13:06:44.238+0000] {logging_mixin.py:188} INFO - [2026-02-05T13:06:44.238+0000] {dag.py:3096} INFO - Sync 1 DAGs
[2026-02-05T13:06:44.247+0000] {logging_mixin.py:188} INFO - [2026-02-05T13:06:44.247+0000] {dag.py:3954} INFO - Setting next_dagrun for example_trigger_target_dag to None, run_after=None
[2026-02-05T13:06:44.258+0000] {processor.py:183} INFO - Processing /home/airflow/.local/lib/python3.12/site-packages/airflow/example_dags/example_trigger_target_dag.py took 0.061 seconds
[2026-02-05T13:07:14.411+0000] {processor.py:161} INFO - Started process (PID=1426) to work on /home/airflow/.local/lib/python3.12/site-packages/airflow/example_dags/example_trigger_target_dag.py
[2026-02-05T13:07:14.413+0000] {processor.py:830} INFO - Processing file /home/airflow/.local/lib/python3.12/site-packages/airflow/example_dags/example_trigger_target_dag.py for tasks to queue
[2026-02-05T13:07:14.415+0000] {logging_mixin.py:188} INFO - [2026-02-05T13:07:14.415+0000] {dagbag.py:540} INFO - Filling up the DagBag from /home/airflow/.local/lib/python3.12/site-packages/airflow/example_dags/example_trigger_target_dag.py
[2026-02-05T13:07:14.419+0000] {processor.py:840} INFO - DAG(s) 'example_trigger_target_dag' retrieved from /home/airflow/.local/lib/python3.12/site-packages/airflow/example_dags/example_trigger_target_dag.py
[2026-02-05T13:07:14.430+0000] {logging_mixin.py:188} INFO - [2026-02-05T13:07:14.430+0000] {dag.py:3096} INFO - Sync 1 DAGs
[2026-02-05T13:07:14.439+0000] {logging_mixin.py:188} INFO - [2026-02-05T13:07:14.438+0000] {dag.py:3954} INFO - Setting next_dagrun for example_trigger_target_dag to None, run_after=None
[2026-02-05T13:07:14.449+0000] {processor.py:183} INFO - Processing /home/airflow/.local/lib/python3.12/site-packages/airflow/example_dags/example_trigger_target_dag.py took 0.042 seconds
[2026-02-05T13:07:44.626+0000] {processor.py:161} INFO - Started process (PID=1484) to work on /home/airflow/.local/lib/python3.12/site-packages/airflow/example_dags/example_trigger_target_dag.py
[2026-02-05T13:07:44.629+0000] {processor.py:830} INFO - Processing file /home/airflow/.local/lib/python3.12/site-packages/airflow/example_dags/example_trigger_target_dag.py for tasks to queue
[2026-02-05T13:07:44.631+0000] {logging_mixin.py:188} INFO - [2026-02-05T13:07:44.631+0000] {dagbag.py:540} INFO - Filling up the DagBag from /home/airflow/.local/lib/python3.12/site-packages/airflow/example_dags/example_trigger_target_dag.py
[2026-02-05T13:07:44.635+0000] {processor.py:840} INFO - DAG(s) 'example_trigger_target_dag' retrieved from /home/airflow/.local/lib/python3.12/site-packages/airflow/example_dags/example_trigger_target_dag.py
[2026-02-05T13:07:44.647+0000] {logging_mixin.py:188} INFO - [2026-02-05T13:07:44.647+0000] {dag.py:3096} INFO - Sync 1 DAGs
[2026-02-05T13:07:44.660+0000] {logging_mixin.py:188} INFO - [2026-02-05T13:07:44.660+0000] {dag.py:3954} INFO - Setting next_dagrun for example_trigger_target_dag to None, run_after=None
[2026-02-05T13:07:44.670+0000] {processor.py:183} INFO - Processing /home/airflow/.local/lib/python3.12/site-packages/airflow/example_dags/example_trigger_target_dag.py took 0.048 seconds
[2026-02-05T13:08:14.906+0000] {processor.py:161} INFO - Started process (PID=1542) to work on /home/airflow/.local/lib/python3.12/site-packages/airflow/example_dags/example_trigger_target_dag.py
[2026-02-05T13:08:14.910+0000] {processor.py:830} INFO - Processing file /home/airflow/.local/lib/python3.12/site-packages/airflow/example_dags/example_trigger_target_dag.py for tasks to queue
[2026-02-05T13:08:14.915+0000] {logging_mixin.py:188} INFO - [2026-02-05T13:08:14.915+0000] {dagbag.py:540} INFO - Filling up the DagBag from /home/airflow/.local/lib/python3.12/site-packages/airflow/example_dags/example_trigger_target_dag.py
[2026-02-05T13:08:14.920+0000] {processor.py:840} INFO - DAG(s) 'example_trigger_target_dag' retrieved from /home/airflow/.local/lib/python3.12/site-packages/airflow/example_dags/example_trigger_target_dag.py
[2026-02-05T13:08:14.934+0000] {logging_mixin.py:188} INFO - [2026-02-05T13:08:14.934+0000] {dag.py:3096} INFO - Sync 1 DAGs
[2026-02-05T13:08:14.941+0000] {logging_mixin.py:188} INFO - [2026-02-05T13:08:14.941+0000] {dag.py:3954} INFO - Setting next_dagrun for example_trigger_target_dag to None, run_after=None
[2026-02-05T13:08:14.952+0000] {processor.py:183} INFO - Processing /home/airflow/.local/lib/python3.12/site-packages/airflow/example_dags/example_trigger_target_dag.py took 0.050 seconds
[2026-02-05T13:08:45.029+0000] {processor.py:161} INFO - Started process (PID=1599) to work on /home/airflow/.local/lib/python3.12/site-packages/airflow/example_dags/example_trigger_target_dag.py
[2026-02-05T13:08:45.033+0000] {processor.py:830} INFO - Processing file /home/airflow/.local/lib/python3.12/site-packages/airflow/example_dags/example_trigger_target_dag.py for tasks to queue
[2026-02-05T13:08:45.034+0000] {logging_mixin.py:188} INFO - [2026-02-05T13:08:45.034+0000] {dagbag.py:540} INFO - Filling up the DagBag from /home/airflow/.local/lib/python3.12/site-packages/airflow/example_dags/example_trigger_target_dag.py
[2026-02-05T13:08:45.037+0000] {processor.py:840} INFO - DAG(s) 'example_trigger_target_dag' retrieved from /home/airflow/.local/lib/python3.12/site-packages/airflow/example_dags/example_trigger_target_dag.py
[2026-02-05T13:08:45.047+0000] {logging_mixin.py:188} INFO - [2026-02-05T13:08:45.047+0000] {dag.py:3096} INFO - Sync 1 DAGs
[2026-02-05T13:08:45.056+0000] {logging_mixin.py:188} INFO - [2026-02-05T13:08:45.055+0000] {dag.py:3954} INFO - Setting next_dagrun for example_trigger_target_dag to None, run_after=None
[2026-02-05T13:08:45.069+0000] {processor.py:183} INFO - Processing /home/airflow/.local/lib/python3.12/site-packages/airflow/example_dags/example_trigger_target_dag.py took 0.042 seconds
[2026-02-05T13:09:15.101+0000] {processor.py:161} INFO - Started process (PID=1657) to work on /home/airflow/.local/lib/python3.12/site-packages/airflow/example_dags/example_trigger_target_dag.py
[2026-02-05T13:09:15.105+0000] {processor.py:830} INFO - Processing file /home/airflow/.local/lib/python3.12/site-packages/airflow/example_dags/example_trigger_target_dag.py for tasks to queue
[2026-02-05T13:09:15.107+0000] {logging_mixin.py:188} INFO - [2026-02-05T13:09:15.106+0000] {dagbag.py:540} INFO - Filling up the DagBag from /home/airflow/.local/lib/python3.12/site-packages/airflow/example_dags/example_trigger_target_dag.py
[2026-02-05T13:09:15.114+0000] {processor.py:840} INFO - DAG(s) 'example_trigger_target_dag' retrieved from /home/airflow/.local/lib/python3.12/site-packages/airflow/example_dags/example_trigger_target_dag.py
[2026-02-05T13:09:15.128+0000] {logging_mixin.py:188} INFO - [2026-02-05T13:09:15.128+0000] {dag.py:3096} INFO - Sync 1 DAGs
[2026-02-05T13:09:15.139+0000] {logging_mixin.py:188} INFO - [2026-02-05T13:09:15.138+0000] {dag.py:3954} INFO - Setting next_dagrun for example_trigger_target_dag to None, run_after=None
[2026-02-05T13:09:15.154+0000] {processor.py:183} INFO - Processing /home/airflow/.local/lib/python3.12/site-packages/airflow/example_dags/example_trigger_target_dag.py took 0.056 seconds
[2026-02-05T13:09:45.628+0000] {processor.py:161} INFO - Started process (PID=1715) to work on /home/airflow/.local/lib/python3.12/site-packages/airflow/example_dags/example_trigger_target_dag.py
[2026-02-05T13:09:45.628+0000] {processor.py:830} INFO - Processing file /home/airflow/.local/lib/python3.12/site-packages/airflow/example_dags/example_trigger_target_dag.py for tasks to queue
[2026-02-05T13:09:45.629+0000] {logging_mixin.py:188} INFO - [2026-02-05T13:09:45.629+0000] {dagbag.py:540} INFO - Filling up the DagBag from /home/airflow/.local/lib/python3.12/site-packages/airflow/example_dags/example_trigger_target_dag.py
[2026-02-05T13:09:45.634+0000] {processor.py:840} INFO - DAG(s) 'example_trigger_target_dag' retrieved from /home/airflow/.local/lib/python3.12/site-packages/airflow/example_dags/example_trigger_target_dag.py
[2026-02-05T13:09:45.647+0000] {logging_mixin.py:188} INFO - [2026-02-05T13:09:45.646+0000] {dag.py:3096} INFO - Sync 1 DAGs
[2026-02-05T13:09:45.653+0000] {logging_mixin.py:188} INFO - [2026-02-05T13:09:45.653+0000] {dag.py:3954} INFO - Setting next_dagrun for example_trigger_target_dag to None, run_after=None
[2026-02-05T13:09:45.666+0000] {processor.py:183} INFO - Processing /home/airflow/.local/lib/python3.12/site-packages/airflow/example_dags/example_trigger_target_dag.py took 0.043 seconds
[2026-02-05T13:10:15.855+0000] {processor.py:161} INFO - Started process (PID=1772) to work on /home/airflow/.local/lib/python3.12/site-packages/airflow/example_dags/example_trigger_target_dag.py
[2026-02-05T13:10:15.856+0000] {processor.py:830} INFO - Processing file /home/airflow/.local/lib/python3.12/site-packages/airflow/example_dags/example_trigger_target_dag.py for tasks to queue
[2026-02-05T13:10:15.857+0000] {logging_mixin.py:188} INFO - [2026-02-05T13:10:15.857+0000] {dagbag.py:540} INFO - Filling up the DagBag from /home/airflow/.local/lib/python3.12/site-packages/airflow/example_dags/example_trigger_target_dag.py
[2026-02-05T13:10:15.861+0000] {processor.py:840} INFO - DAG(s) 'example_trigger_target_dag' retrieved from /home/airflow/.local/lib/python3.12/site-packages/airflow/example_dags/example_trigger_target_dag.py
[2026-02-05T13:10:15.876+0000] {logging_mixin.py:188} INFO - [2026-02-05T13:10:15.876+0000] {dag.py:3096} INFO - Sync 1 DAGs
[2026-02-05T13:10:15.883+0000] {logging_mixin.py:188} INFO - [2026-02-05T13:10:15.883+0000] {dag.py:3954} INFO - Setting next_dagrun for example_trigger_target_dag to None, run_after=None
[2026-02-05T13:10:15.894+0000] {processor.py:183} INFO - Processing /home/airflow/.local/lib/python3.12/site-packages/airflow/example_dags/example_trigger_target_dag.py took 0.042 seconds
[2026-02-05T13:10:46.856+0000] {processor.py:161} INFO - Started process (PID=1830) to work on /home/airflow/.local/lib/python3.12/site-packages/airflow/example_dags/example_trigger_target_dag.py
[2026-02-05T13:10:46.857+0000] {processor.py:830} INFO - Processing file /home/airflow/.local/lib/python3.12/site-packages/airflow/example_dags/example_trigger_target_dag.py for tasks to queue
[2026-02-05T13:10:46.858+0000] {logging_mixin.py:188} INFO - [2026-02-05T13:10:46.858+0000] {dagbag.py:540} INFO - Filling up the DagBag from /home/airflow/.local/lib/python3.12/site-packages/airflow/example_dags/example_trigger_target_dag.py
[2026-02-05T13:10:46.862+0000] {processor.py:840} INFO - DAG(s) 'example_trigger_target_dag' retrieved from /home/airflow/.local/lib/python3.12/site-packages/airflow/example_dags/example_trigger_target_dag.py
[2026-02-05T13:10:46.874+0000] {logging_mixin.py:188} INFO - [2026-02-05T13:10:46.874+0000] {dag.py:3096} INFO - Sync 1 DAGs
[2026-02-05T13:10:46.880+0000] {logging_mixin.py:188} INFO - [2026-02-05T13:10:46.880+0000] {dag.py:3954} INFO - Setting next_dagrun for example_trigger_target_dag to None, run_after=None
[2026-02-05T13:10:46.890+0000] {processor.py:183} INFO - Processing /home/airflow/.local/lib/python3.12/site-packages/airflow/example_dags/example_trigger_target_dag.py took 0.037 seconds
[2026-02-05T13:11:17.742+0000] {processor.py:161} INFO - Started process (PID=1888) to work on /home/airflow/.local/lib/python3.12/site-packages/airflow/example_dags/example_trigger_target_dag.py
[2026-02-05T13:11:17.742+0000] {processor.py:830} INFO - Processing file /home/airflow/.local/lib/python3.12/site-packages/airflow/example_dags/example_trigger_target_dag.py for tasks to queue
[2026-02-05T13:11:17.743+0000] {logging_mixin.py:188} INFO - [2026-02-05T13:11:17.743+0000] {dagbag.py:540} INFO - Filling up the DagBag from /home/airflow/.local/lib/python3.12/site-packages/airflow/example_dags/example_trigger_target_dag.py
[2026-02-05T13:11:17.747+0000] {processor.py:840} INFO - DAG(s) 'example_trigger_target_dag' retrieved from /home/airflow/.local/lib/python3.12/site-packages/airflow/example_dags/example_trigger_target_dag.py
[2026-02-05T13:11:17.759+0000] {logging_mixin.py:188} INFO - [2026-02-05T13:11:17.759+0000] {dag.py:3096} INFO - Sync 1 DAGs
[2026-02-05T13:11:17.768+0000] {logging_mixin.py:188} INFO - [2026-02-05T13:11:17.768+0000] {dag.py:3954} INFO - Setting next_dagrun for example_trigger_target_dag to None, run_after=None
[2026-02-05T13:11:17.779+0000] {processor.py:183} INFO - Processing /home/airflow/.local/lib/python3.12/site-packages/airflow/example_dags/example_trigger_target_dag.py took 0.041 seconds
[2026-02-05T13:11:48.574+0000] {processor.py:161} INFO - Started process (PID=1946) to work on /home/airflow/.local/lib/python3.12/site-packages/airflow/example_dags/example_trigger_target_dag.py
[2026-02-05T13:11:48.577+0000] {processor.py:830} INFO - Processing file /home/airflow/.local/lib/python3.12/site-packages/airflow/example_dags/example_trigger_target_dag.py for tasks to queue
[2026-02-05T13:11:48.579+0000] {logging_mixin.py:188} INFO - [2026-02-05T13:11:48.578+0000] {dagbag.py:540} INFO - Filling up the DagBag from /home/airflow/.local/lib/python3.12/site-packages/airflow/example_dags/example_trigger_target_dag.py
[2026-02-05T13:11:48.583+0000] {processor.py:840} INFO - DAG(s) 'example_trigger_target_dag' retrieved from /home/airflow/.local/lib/python3.12/site-packages/airflow/example_dags/example_trigger_target_dag.py
[2026-02-05T13:11:48.595+0000] {logging_mixin.py:188} INFO - [2026-02-05T13:11:48.594+0000] {dag.py:3096} INFO - Sync 1 DAGs
[2026-02-05T13:11:48.614+0000] {logging_mixin.py:188} INFO - [2026-02-05T13:11:48.614+0000] {dag.py:3954} INFO - Setting next_dagrun for example_trigger_target_dag to None, run_after=None
[2026-02-05T13:11:48.626+0000] {processor.py:183} INFO - Processing /home/airflow/.local/lib/python3.12/site-packages/airflow/example_dags/example_trigger_target_dag.py took 0.054 seconds
[2026-02-05T13:12:19.530+0000] {processor.py:161} INFO - Started process (PID=2004) to work on /home/airflow/.local/lib/python3.12/site-packages/airflow/example_dags/example_trigger_target_dag.py
[2026-02-05T13:12:19.531+0000] {processor.py:830} INFO - Processing file /home/airflow/.local/lib/python3.12/site-packages/airflow/example_dags/example_trigger_target_dag.py for tasks to queue
[2026-02-05T13:12:19.532+0000] {logging_mixin.py:188} INFO - [2026-02-05T13:12:19.532+0000] {dagbag.py:540} INFO - Filling up the DagBag from /home/airflow/.local/lib/python3.12/site-packages/airflow/example_dags/example_trigger_target_dag.py
[2026-02-05T13:12:19.536+0000] {processor.py:840} INFO - DAG(s) 'example_trigger_target_dag' retrieved from /home/airflow/.local/lib/python3.12/site-packages/airflow/example_dags/example_trigger_target_dag.py
[2026-02-05T13:12:19.548+0000] {logging_mixin.py:188} INFO - [2026-02-05T13:12:19.548+0000] {dag.py:3096} INFO - Sync 1 DAGs
[2026-02-05T13:12:19.555+0000] {logging_mixin.py:188} INFO - [2026-02-05T13:12:19.555+0000] {dag.py:3954} INFO - Setting next_dagrun for example_trigger_target_dag to None, run_after=None
[2026-02-05T13:12:19.564+0000] {processor.py:183} INFO - Processing /home/airflow/.local/lib/python3.12/site-packages/airflow/example_dags/example_trigger_target_dag.py took 0.038 seconds
[2026-02-05T13:12:50.425+0000] {processor.py:161} INFO - Started process (PID=2062) to work on /home/airflow/.local/lib/python3.12/site-packages/airflow/example_dags/example_trigger_target_dag.py
[2026-02-05T13:12:50.427+0000] {processor.py:830} INFO - Processing file /home/airflow/.local/lib/python3.12/site-packages/airflow/example_dags/example_trigger_target_dag.py for tasks to queue
[2026-02-05T13:12:50.428+0000] {logging_mixin.py:188} INFO - [2026-02-05T13:12:50.428+0000] {dagbag.py:540} INFO - Filling up the DagBag from /home/airflow/.local/lib/python3.12/site-packages/airflow/example_dags/example_trigger_target_dag.py
[2026-02-05T13:12:50.432+0000] {processor.py:840} INFO - DAG(s) 'example_trigger_target_dag' retrieved from /home/airflow/.local/lib/python3.12/site-packages/airflow/example_dags/example_trigger_target_dag.py
[2026-02-05T13:12:50.443+0000] {logging_mixin.py:188} INFO - [2026-02-05T13:12:50.443+0000] {dag.py:3096} INFO - Sync 1 DAGs
[2026-02-05T13:12:50.450+0000] {logging_mixin.py:188} INFO - [2026-02-05T13:12:50.450+0000] {dag.py:3954} INFO - Setting next_dagrun for example_trigger_target_dag to None, run_after=None
[2026-02-05T13:12:50.461+0000] {processor.py:183} INFO - Processing /home/airflow/.local/lib/python3.12/site-packages/airflow/example_dags/example_trigger_target_dag.py took 0.040 seconds
[2026-02-05T13:13:21.197+0000] {processor.py:161} INFO - Started process (PID=2119) to work on /home/airflow/.local/lib/python3.12/site-packages/airflow/example_dags/example_trigger_target_dag.py
[2026-02-05T13:13:21.200+0000] {processor.py:830} INFO - Processing file /home/airflow/.local/lib/python3.12/site-packages/airflow/example_dags/example_trigger_target_dag.py for tasks to queue
[2026-02-05T13:13:21.201+0000] {logging_mixin.py:188} INFO - [2026-02-05T13:13:21.201+0000] {dagbag.py:540} INFO - Filling up the DagBag from /home/airflow/.local/lib/python3.12/site-packages/airflow/example_dags/example_trigger_target_dag.py
[2026-02-05T13:13:21.205+0000] {processor.py:840} INFO - DAG(s) 'example_trigger_target_dag' retrieved from /home/airflow/.local/lib/python3.12/site-packages/airflow/example_dags/example_trigger_target_dag.py
[2026-02-05T13:13:21.215+0000] {logging_mixin.py:188} INFO - [2026-02-05T13:13:21.215+0000] {dag.py:3096} INFO - Sync 1 DAGs
[2026-02-05T13:13:21.222+0000] {logging_mixin.py:188} INFO - [2026-02-05T13:13:21.222+0000] {dag.py:3954} INFO - Setting next_dagrun for example_trigger_target_dag to None, run_after=None
[2026-02-05T13:13:21.232+0000] {processor.py:183} INFO - Processing /home/airflow/.local/lib/python3.12/site-packages/airflow/example_dags/example_trigger_target_dag.py took 0.039 seconds
[2026-02-05T13:13:52.070+0000] {processor.py:161} INFO - Started process (PID=2177) to work on /home/airflow/.local/lib/python3.12/site-packages/airflow/example_dags/example_trigger_target_dag.py
[2026-02-05T13:13:52.074+0000] {processor.py:830} INFO - Processing file /home/airflow/.local/lib/python3.12/site-packages/airflow/example_dags/example_trigger_target_dag.py for tasks to queue
[2026-02-05T13:13:52.076+0000] {logging_mixin.py:188} INFO - [2026-02-05T13:13:52.076+0000] {dagbag.py:540} INFO - Filling up the DagBag from /home/airflow/.local/lib/python3.12/site-packages/airflow/example_dags/example_trigger_target_dag.py
[2026-02-05T13:13:52.080+0000] {processor.py:840} INFO - DAG(s) 'example_trigger_target_dag' retrieved from /home/airflow/.local/lib/python3.12/site-packages/airflow/example_dags/example_trigger_target_dag.py
[2026-02-05T13:13:52.092+0000] {logging_mixin.py:188} INFO - [2026-02-05T13:13:52.091+0000] {dag.py:3096} INFO - Sync 1 DAGs
[2026-02-05T13:13:52.102+0000] {logging_mixin.py:188} INFO - [2026-02-05T13:13:52.102+0000] {dag.py:3954} INFO - Setting next_dagrun for example_trigger_target_dag to None, run_after=None
[2026-02-05T13:13:52.113+0000] {processor.py:183} INFO - Processing /home/airflow/.local/lib/python3.12/site-packages/airflow/example_dags/example_trigger_target_dag.py took 0.045 seconds
[2026-02-05T13:14:23.102+0000] {processor.py:161} INFO - Started process (PID=2235) to work on /home/airflow/.local/lib/python3.12/site-packages/airflow/example_dags/example_trigger_target_dag.py
[2026-02-05T13:14:23.103+0000] {processor.py:830} INFO - Processing file /home/airflow/.local/lib/python3.12/site-packages/airflow/example_dags/example_trigger_target_dag.py for tasks to queue
[2026-02-05T13:14:23.104+0000] {logging_mixin.py:188} INFO - [2026-02-05T13:14:23.104+0000] {dagbag.py:540} INFO - Filling up the DagBag from /home/airflow/.local/lib/python3.12/site-packages/airflow/example_dags/example_trigger_target_dag.py
[2026-02-05T13:14:23.108+0000] {processor.py:840} INFO - DAG(s) 'example_trigger_target_dag' retrieved from /home/airflow/.local/lib/python3.12/site-packages/airflow/example_dags/example_trigger_target_dag.py
[2026-02-05T13:14:23.120+0000] {logging_mixin.py:188} INFO - [2026-02-05T13:14:23.120+0000] {dag.py:3096} INFO - Sync 1 DAGs
[2026-02-05T13:14:23.129+0000] {logging_mixin.py:188} INFO - [2026-02-05T13:14:23.128+0000] {dag.py:3954} INFO - Setting next_dagrun for example_trigger_target_dag to None, run_after=None
[2026-02-05T13:14:23.139+0000] {processor.py:183} INFO - Processing /home/airflow/.local/lib/python3.12/site-packages/airflow/example_dags/example_trigger_target_dag.py took 0.040 seconds
[2026-02-05T13:14:53.229+0000] {processor.py:161} INFO - Started process (PID=2293) to work on /home/airflow/.local/lib/python3.12/site-packages/airflow/example_dags/example_trigger_target_dag.py
[2026-02-05T13:14:53.232+0000] {processor.py:830} INFO - Processing file /home/airflow/.local/lib/python3.12/site-packages/airflow/example_dags/example_trigger_target_dag.py for tasks to queue
[2026-02-05T13:14:53.233+0000] {logging_mixin.py:188} INFO - [2026-02-05T13:14:53.233+0000] {dagbag.py:540} INFO - Filling up the DagBag from /home/airflow/.local/lib/python3.12/site-packages/airflow/example_dags/example_trigger_target_dag.py
[2026-02-05T13:14:53.236+0000] {processor.py:840} INFO - DAG(s) 'example_trigger_target_dag' retrieved from /home/airflow/.local/lib/python3.12/site-packages/airflow/example_dags/example_trigger_target_dag.py
[2026-02-05T13:14:53.247+0000] {logging_mixin.py:188} INFO - [2026-02-05T13:14:53.247+0000] {dag.py:3096} INFO - Sync 1 DAGs
[2026-02-05T13:14:53.254+0000] {logging_mixin.py:188} INFO - [2026-02-05T13:14:53.254+0000] {dag.py:3954} INFO - Setting next_dagrun for example_trigger_target_dag to None, run_after=None
[2026-02-05T13:14:53.266+0000] {processor.py:183} INFO - Processing /home/airflow/.local/lib/python3.12/site-packages/airflow/example_dags/example_trigger_target_dag.py took 0.041 seconds
[2026-02-05T13:15:24.179+0000] {processor.py:161} INFO - Started process (PID=2350) to work on /home/airflow/.local/lib/python3.12/site-packages/airflow/example_dags/example_trigger_target_dag.py
[2026-02-05T13:15:24.181+0000] {processor.py:830} INFO - Processing file /home/airflow/.local/lib/python3.12/site-packages/airflow/example_dags/example_trigger_target_dag.py for tasks to queue
[2026-02-05T13:15:24.182+0000] {logging_mixin.py:188} INFO - [2026-02-05T13:15:24.182+0000] {dagbag.py:540} INFO - Filling up the DagBag from /home/airflow/.local/lib/python3.12/site-packages/airflow/example_dags/example_trigger_target_dag.py
[2026-02-05T13:15:24.186+0000] {processor.py:840} INFO - DAG(s) 'example_trigger_target_dag' retrieved from /home/airflow/.local/lib/python3.12/site-packages/airflow/example_dags/example_trigger_target_dag.py
[2026-02-05T13:15:24.198+0000] {logging_mixin.py:188} INFO - [2026-02-05T13:15:24.198+0000] {dag.py:3096} INFO - Sync 1 DAGs
[2026-02-05T13:15:24.205+0000] {logging_mixin.py:188} INFO - [2026-02-05T13:15:24.205+0000] {dag.py:3954} INFO - Setting next_dagrun for example_trigger_target_dag to None, run_after=None
[2026-02-05T13:15:24.214+0000] {processor.py:183} INFO - Processing /home/airflow/.local/lib/python3.12/site-packages/airflow/example_dags/example_trigger_target_dag.py took 0.039 seconds
[2026-02-05T13:15:55.040+0000] {processor.py:161} INFO - Started process (PID=2408) to work on /home/airflow/.local/lib/python3.12/site-packages/airflow/example_dags/example_trigger_target_dag.py
[2026-02-05T13:15:55.042+0000] {processor.py:830} INFO - Processing file /home/airflow/.local/lib/python3.12/site-packages/airflow/example_dags/example_trigger_target_dag.py for tasks to queue
[2026-02-05T13:15:55.043+0000] {logging_mixin.py:188} INFO - [2026-02-05T13:15:55.043+0000] {dagbag.py:540} INFO - Filling up the DagBag from /home/airflow/.local/lib/python3.12/site-packages/airflow/example_dags/example_trigger_target_dag.py
[2026-02-05T13:15:55.047+0000] {processor.py:840} INFO - DAG(s) 'example_trigger_target_dag' retrieved from /home/airflow/.local/lib/python3.12/site-packages/airflow/example_dags/example_trigger_target_dag.py
[2026-02-05T13:15:55.060+0000] {logging_mixin.py:188} INFO - [2026-02-05T13:15:55.060+0000] {dag.py:3096} INFO - Sync 1 DAGs
[2026-02-05T13:15:55.067+0000] {logging_mixin.py:188} INFO - [2026-02-05T13:15:55.067+0000] {dag.py:3954} INFO - Setting next_dagrun for example_trigger_target_dag to None, run_after=None
[2026-02-05T13:15:55.085+0000] {processor.py:183} INFO - Processing /home/airflow/.local/lib/python3.12/site-packages/airflow/example_dags/example_trigger_target_dag.py took 0.048 seconds
[2026-02-05T13:16:25.122+0000] {processor.py:161} INFO - Started process (PID=2466) to work on /home/airflow/.local/lib/python3.12/site-packages/airflow/example_dags/example_trigger_target_dag.py
[2026-02-05T13:16:25.125+0000] {processor.py:830} INFO - Processing file /home/airflow/.local/lib/python3.12/site-packages/airflow/example_dags/example_trigger_target_dag.py for tasks to queue
[2026-02-05T13:16:25.127+0000] {logging_mixin.py:188} INFO - [2026-02-05T13:16:25.126+0000] {dagbag.py:540} INFO - Filling up the DagBag from /home/airflow/.local/lib/python3.12/site-packages/airflow/example_dags/example_trigger_target_dag.py
[2026-02-05T13:16:25.130+0000] {processor.py:840} INFO - DAG(s) 'example_trigger_target_dag' retrieved from /home/airflow/.local/lib/python3.12/site-packages/airflow/example_dags/example_trigger_target_dag.py
[2026-02-05T13:16:25.142+0000] {logging_mixin.py:188} INFO - [2026-02-05T13:16:25.142+0000] {dag.py:3096} INFO - Sync 1 DAGs
[2026-02-05T13:16:25.151+0000] {logging_mixin.py:188} INFO - [2026-02-05T13:16:25.150+0000] {dag.py:3954} INFO - Setting next_dagrun for example_trigger_target_dag to None, run_after=None
[2026-02-05T13:16:25.168+0000] {processor.py:183} INFO - Processing /home/airflow/.local/lib/python3.12/site-packages/airflow/example_dags/example_trigger_target_dag.py took 0.048 seconds
[2026-02-05T13:16:55.210+0000] {processor.py:161} INFO - Started process (PID=2524) to work on /home/airflow/.local/lib/python3.12/site-packages/airflow/example_dags/example_trigger_target_dag.py
[2026-02-05T13:16:55.211+0000] {processor.py:830} INFO - Processing file /home/airflow/.local/lib/python3.12/site-packages/airflow/example_dags/example_trigger_target_dag.py for tasks to queue
[2026-02-05T13:16:55.213+0000] {logging_mixin.py:188} INFO - [2026-02-05T13:16:55.213+0000] {dagbag.py:540} INFO - Filling up the DagBag from /home/airflow/.local/lib/python3.12/site-packages/airflow/example_dags/example_trigger_target_dag.py
[2026-02-05T13:16:55.217+0000] {processor.py:840} INFO - DAG(s) 'example_trigger_target_dag' retrieved from /home/airflow/.local/lib/python3.12/site-packages/airflow/example_dags/example_trigger_target_dag.py
[2026-02-05T13:16:55.230+0000] {logging_mixin.py:188} INFO - [2026-02-05T13:16:55.230+0000] {dag.py:3096} INFO - Sync 1 DAGs
[2026-02-05T13:16:55.240+0000] {logging_mixin.py:188} INFO - [2026-02-05T13:16:55.239+0000] {dag.py:3954} INFO - Setting next_dagrun for example_trigger_target_dag to None, run_after=None
[2026-02-05T13:16:55.258+0000] {processor.py:183} INFO - Processing /home/airflow/.local/lib/python3.12/site-packages/airflow/example_dags/example_trigger_target_dag.py took 0.052 seconds
[2026-02-05T13:17:25.285+0000] {processor.py:161} INFO - Started process (PID=2582) to work on /home/airflow/.local/lib/python3.12/site-packages/airflow/example_dags/example_trigger_target_dag.py
[2026-02-05T13:17:25.287+0000] {processor.py:830} INFO - Processing file /home/airflow/.local/lib/python3.12/site-packages/airflow/example_dags/example_trigger_target_dag.py for tasks to queue
[2026-02-05T13:17:25.288+0000] {logging_mixin.py:188} INFO - [2026-02-05T13:17:25.288+0000] {dagbag.py:540} INFO - Filling up the DagBag from /home/airflow/.local/lib/python3.12/site-packages/airflow/example_dags/example_trigger_target_dag.py
[2026-02-05T13:17:25.292+0000] {processor.py:840} INFO - DAG(s) 'example_trigger_target_dag' retrieved from /home/airflow/.local/lib/python3.12/site-packages/airflow/example_dags/example_trigger_target_dag.py
[2026-02-05T13:17:25.303+0000] {logging_mixin.py:188} INFO - [2026-02-05T13:17:25.303+0000] {dag.py:3096} INFO - Sync 1 DAGs
[2026-02-05T13:17:25.313+0000] {logging_mixin.py:188} INFO - [2026-02-05T13:17:25.313+0000] {dag.py:3954} INFO - Setting next_dagrun for example_trigger_target_dag to None, run_after=None
[2026-02-05T13:17:25.331+0000] {processor.py:183} INFO - Processing /home/airflow/.local/lib/python3.12/site-packages/airflow/example_dags/example_trigger_target_dag.py took 0.049 seconds
[2026-02-05T13:17:55.670+0000] {processor.py:161} INFO - Started process (PID=2639) to work on /home/airflow/.local/lib/python3.12/site-packages/airflow/example_dags/example_trigger_target_dag.py
[2026-02-05T13:17:55.672+0000] {processor.py:830} INFO - Processing file /home/airflow/.local/lib/python3.12/site-packages/airflow/example_dags/example_trigger_target_dag.py for tasks to queue
[2026-02-05T13:17:55.673+0000] {logging_mixin.py:188} INFO - [2026-02-05T13:17:55.673+0000] {dagbag.py:540} INFO - Filling up the DagBag from /home/airflow/.local/lib/python3.12/site-packages/airflow/example_dags/example_trigger_target_dag.py
[2026-02-05T13:17:55.677+0000] {processor.py:840} INFO - DAG(s) 'example_trigger_target_dag' retrieved from /home/airflow/.local/lib/python3.12/site-packages/airflow/example_dags/example_trigger_target_dag.py
[2026-02-05T13:17:55.688+0000] {logging_mixin.py:188} INFO - [2026-02-05T13:17:55.687+0000] {dag.py:3096} INFO - Sync 1 DAGs
[2026-02-05T13:17:55.694+0000] {logging_mixin.py:188} INFO - [2026-02-05T13:17:55.694+0000] {dag.py:3954} INFO - Setting next_dagrun for example_trigger_target_dag to None, run_after=None
[2026-02-05T13:17:55.707+0000] {processor.py:183} INFO - Processing /home/airflow/.local/lib/python3.12/site-packages/airflow/example_dags/example_trigger_target_dag.py took 0.041 seconds
