[2026-02-05T12:55:34.064+0000] {processor.py:161} INFO - Started process (PID=76) to work on /home/airflow/.local/lib/python3.12/site-packages/airflow/example_dags/example_short_circuit_decorator.py
[2026-02-05T12:55:34.065+0000] {processor.py:830} INFO - Processing file /home/airflow/.local/lib/python3.12/site-packages/airflow/example_dags/example_short_circuit_decorator.py for tasks to queue
[2026-02-05T12:55:34.067+0000] {logging_mixin.py:188} INFO - [2026-02-05T12:55:34.067+0000] {dagbag.py:540} INFO - Filling up the DagBag from /home/airflow/.local/lib/python3.12/site-packages/airflow/example_dags/example_short_circuit_decorator.py
[2026-02-05T12:55:34.074+0000] {processor.py:840} INFO - DAG(s) 'example_short_circuit_decorator' retrieved from /home/airflow/.local/lib/python3.12/site-packages/airflow/example_dags/example_short_circuit_decorator.py
[2026-02-05T12:55:34.085+0000] {logging_mixin.py:188} INFO - [2026-02-05T12:55:34.085+0000] {dag.py:3096} INFO - Sync 1 DAGs
[2026-02-05T12:55:34.106+0000] {logging_mixin.py:188} INFO - [2026-02-05T12:55:34.106+0000] {dag.py:3954} INFO - Setting next_dagrun for example_short_circuit_decorator to 2026-02-04 00:00:00+00:00, run_after=2026-02-05 00:00:00+00:00
[2026-02-05T12:55:34.123+0000] {processor.py:183} INFO - Processing /home/airflow/.local/lib/python3.12/site-packages/airflow/example_dags/example_short_circuit_decorator.py took 0.066 seconds
[2026-02-05T12:56:04.838+0000] {processor.py:161} INFO - Started process (PID=134) to work on /home/airflow/.local/lib/python3.12/site-packages/airflow/example_dags/example_short_circuit_decorator.py
[2026-02-05T12:56:04.838+0000] {processor.py:830} INFO - Processing file /home/airflow/.local/lib/python3.12/site-packages/airflow/example_dags/example_short_circuit_decorator.py for tasks to queue
[2026-02-05T12:56:04.840+0000] {logging_mixin.py:188} INFO - [2026-02-05T12:56:04.839+0000] {dagbag.py:540} INFO - Filling up the DagBag from /home/airflow/.local/lib/python3.12/site-packages/airflow/example_dags/example_short_circuit_decorator.py
[2026-02-05T12:56:04.846+0000] {processor.py:840} INFO - DAG(s) 'example_short_circuit_decorator' retrieved from /home/airflow/.local/lib/python3.12/site-packages/airflow/example_dags/example_short_circuit_decorator.py
[2026-02-05T12:56:04.900+0000] {logging_mixin.py:188} INFO - [2026-02-05T12:56:04.900+0000] {dag.py:3096} INFO - Sync 1 DAGs
[2026-02-05T12:56:04.912+0000] {logging_mixin.py:188} INFO - [2026-02-05T12:56:04.912+0000] {dag.py:3954} INFO - Setting next_dagrun for example_short_circuit_decorator to 2026-02-04 00:00:00+00:00, run_after=2026-02-05 00:00:00+00:00
[2026-02-05T12:56:04.923+0000] {processor.py:183} INFO - Processing /home/airflow/.local/lib/python3.12/site-packages/airflow/example_dags/example_short_circuit_decorator.py took 0.088 seconds
[2026-02-05T12:56:35.678+0000] {processor.py:161} INFO - Started process (PID=192) to work on /home/airflow/.local/lib/python3.12/site-packages/airflow/example_dags/example_short_circuit_decorator.py
[2026-02-05T12:56:35.680+0000] {processor.py:830} INFO - Processing file /home/airflow/.local/lib/python3.12/site-packages/airflow/example_dags/example_short_circuit_decorator.py for tasks to queue
[2026-02-05T12:56:35.682+0000] {logging_mixin.py:188} INFO - [2026-02-05T12:56:35.682+0000] {dagbag.py:540} INFO - Filling up the DagBag from /home/airflow/.local/lib/python3.12/site-packages/airflow/example_dags/example_short_circuit_decorator.py
[2026-02-05T12:56:35.687+0000] {processor.py:840} INFO - DAG(s) 'example_short_circuit_decorator' retrieved from /home/airflow/.local/lib/python3.12/site-packages/airflow/example_dags/example_short_circuit_decorator.py
[2026-02-05T12:56:35.703+0000] {logging_mixin.py:188} INFO - [2026-02-05T12:56:35.702+0000] {dag.py:3096} INFO - Sync 1 DAGs
[2026-02-05T12:56:35.714+0000] {logging_mixin.py:188} INFO - [2026-02-05T12:56:35.714+0000] {dag.py:3954} INFO - Setting next_dagrun for example_short_circuit_decorator to 2026-02-04 00:00:00+00:00, run_after=2026-02-05 00:00:00+00:00
[2026-02-05T12:56:35.725+0000] {processor.py:183} INFO - Processing /home/airflow/.local/lib/python3.12/site-packages/airflow/example_dags/example_short_circuit_decorator.py took 0.051 seconds
[2026-02-05T12:57:05.767+0000] {processor.py:161} INFO - Started process (PID=250) to work on /home/airflow/.local/lib/python3.12/site-packages/airflow/example_dags/example_short_circuit_decorator.py
[2026-02-05T12:57:05.768+0000] {processor.py:830} INFO - Processing file /home/airflow/.local/lib/python3.12/site-packages/airflow/example_dags/example_short_circuit_decorator.py for tasks to queue
[2026-02-05T12:57:05.769+0000] {logging_mixin.py:188} INFO - [2026-02-05T12:57:05.769+0000] {dagbag.py:540} INFO - Filling up the DagBag from /home/airflow/.local/lib/python3.12/site-packages/airflow/example_dags/example_short_circuit_decorator.py
[2026-02-05T12:57:05.777+0000] {processor.py:840} INFO - DAG(s) 'example_short_circuit_decorator' retrieved from /home/airflow/.local/lib/python3.12/site-packages/airflow/example_dags/example_short_circuit_decorator.py
[2026-02-05T12:57:05.789+0000] {logging_mixin.py:188} INFO - [2026-02-05T12:57:05.789+0000] {dag.py:3096} INFO - Sync 1 DAGs
[2026-02-05T12:57:05.800+0000] {logging_mixin.py:188} INFO - [2026-02-05T12:57:05.800+0000] {dag.py:3954} INFO - Setting next_dagrun for example_short_circuit_decorator to 2026-02-04 00:00:00+00:00, run_after=2026-02-05 00:00:00+00:00
[2026-02-05T12:57:05.809+0000] {processor.py:183} INFO - Processing /home/airflow/.local/lib/python3.12/site-packages/airflow/example_dags/example_short_circuit_decorator.py took 0.046 seconds
[2026-02-05T12:57:36.301+0000] {processor.py:161} INFO - Started process (PID=308) to work on /home/airflow/.local/lib/python3.12/site-packages/airflow/example_dags/example_short_circuit_decorator.py
[2026-02-05T12:57:36.302+0000] {processor.py:830} INFO - Processing file /home/airflow/.local/lib/python3.12/site-packages/airflow/example_dags/example_short_circuit_decorator.py for tasks to queue
[2026-02-05T12:57:36.303+0000] {logging_mixin.py:188} INFO - [2026-02-05T12:57:36.303+0000] {dagbag.py:540} INFO - Filling up the DagBag from /home/airflow/.local/lib/python3.12/site-packages/airflow/example_dags/example_short_circuit_decorator.py
[2026-02-05T12:57:36.309+0000] {processor.py:840} INFO - DAG(s) 'example_short_circuit_decorator' retrieved from /home/airflow/.local/lib/python3.12/site-packages/airflow/example_dags/example_short_circuit_decorator.py
[2026-02-05T12:57:36.322+0000] {logging_mixin.py:188} INFO - [2026-02-05T12:57:36.322+0000] {dag.py:3096} INFO - Sync 1 DAGs
[2026-02-05T12:57:36.333+0000] {logging_mixin.py:188} INFO - [2026-02-05T12:57:36.333+0000] {dag.py:3954} INFO - Setting next_dagrun for example_short_circuit_decorator to 2026-02-04 00:00:00+00:00, run_after=2026-02-05 00:00:00+00:00
[2026-02-05T12:57:36.343+0000] {processor.py:183} INFO - Processing /home/airflow/.local/lib/python3.12/site-packages/airflow/example_dags/example_short_circuit_decorator.py took 0.045 seconds
[2026-02-05T12:58:06.702+0000] {processor.py:161} INFO - Started process (PID=366) to work on /home/airflow/.local/lib/python3.12/site-packages/airflow/example_dags/example_short_circuit_decorator.py
[2026-02-05T12:58:06.704+0000] {processor.py:830} INFO - Processing file /home/airflow/.local/lib/python3.12/site-packages/airflow/example_dags/example_short_circuit_decorator.py for tasks to queue
[2026-02-05T12:58:06.705+0000] {logging_mixin.py:188} INFO - [2026-02-05T12:58:06.705+0000] {dagbag.py:540} INFO - Filling up the DagBag from /home/airflow/.local/lib/python3.12/site-packages/airflow/example_dags/example_short_circuit_decorator.py
[2026-02-05T12:58:06.710+0000] {processor.py:840} INFO - DAG(s) 'example_short_circuit_decorator' retrieved from /home/airflow/.local/lib/python3.12/site-packages/airflow/example_dags/example_short_circuit_decorator.py
[2026-02-05T12:58:06.729+0000] {logging_mixin.py:188} INFO - [2026-02-05T12:58:06.729+0000] {dag.py:3096} INFO - Sync 1 DAGs
[2026-02-05T12:58:06.742+0000] {logging_mixin.py:188} INFO - [2026-02-05T12:58:06.742+0000] {dag.py:3954} INFO - Setting next_dagrun for example_short_circuit_decorator to 2026-02-04 00:00:00+00:00, run_after=2026-02-05 00:00:00+00:00
[2026-02-05T12:58:06.755+0000] {processor.py:183} INFO - Processing /home/airflow/.local/lib/python3.12/site-packages/airflow/example_dags/example_short_circuit_decorator.py took 0.056 seconds
[2026-02-05T12:58:36.778+0000] {processor.py:161} INFO - Started process (PID=424) to work on /home/airflow/.local/lib/python3.12/site-packages/airflow/example_dags/example_short_circuit_decorator.py
[2026-02-05T12:58:36.779+0000] {processor.py:830} INFO - Processing file /home/airflow/.local/lib/python3.12/site-packages/airflow/example_dags/example_short_circuit_decorator.py for tasks to queue
[2026-02-05T12:58:36.780+0000] {logging_mixin.py:188} INFO - [2026-02-05T12:58:36.780+0000] {dagbag.py:540} INFO - Filling up the DagBag from /home/airflow/.local/lib/python3.12/site-packages/airflow/example_dags/example_short_circuit_decorator.py
[2026-02-05T12:58:36.785+0000] {processor.py:840} INFO - DAG(s) 'example_short_circuit_decorator' retrieved from /home/airflow/.local/lib/python3.12/site-packages/airflow/example_dags/example_short_circuit_decorator.py
[2026-02-05T12:58:36.798+0000] {logging_mixin.py:188} INFO - [2026-02-05T12:58:36.798+0000] {dag.py:3096} INFO - Sync 1 DAGs
[2026-02-05T12:58:36.808+0000] {logging_mixin.py:188} INFO - [2026-02-05T12:58:36.808+0000] {dag.py:3954} INFO - Setting next_dagrun for example_short_circuit_decorator to 2026-02-04 00:00:00+00:00, run_after=2026-02-05 00:00:00+00:00
[2026-02-05T12:58:36.817+0000] {processor.py:183} INFO - Processing /home/airflow/.local/lib/python3.12/site-packages/airflow/example_dags/example_short_circuit_decorator.py took 0.041 seconds
[2026-02-05T12:59:06.868+0000] {processor.py:161} INFO - Started process (PID=491) to work on /home/airflow/.local/lib/python3.12/site-packages/airflow/example_dags/example_short_circuit_decorator.py
[2026-02-05T12:59:06.868+0000] {processor.py:830} INFO - Processing file /home/airflow/.local/lib/python3.12/site-packages/airflow/example_dags/example_short_circuit_decorator.py for tasks to queue
[2026-02-05T12:59:06.870+0000] {logging_mixin.py:188} INFO - [2026-02-05T12:59:06.869+0000] {dagbag.py:540} INFO - Filling up the DagBag from /home/airflow/.local/lib/python3.12/site-packages/airflow/example_dags/example_short_circuit_decorator.py
[2026-02-05T12:59:06.874+0000] {processor.py:840} INFO - DAG(s) 'example_short_circuit_decorator' retrieved from /home/airflow/.local/lib/python3.12/site-packages/airflow/example_dags/example_short_circuit_decorator.py
[2026-02-05T12:59:06.886+0000] {logging_mixin.py:188} INFO - [2026-02-05T12:59:06.886+0000] {dag.py:3096} INFO - Sync 1 DAGs
[2026-02-05T12:59:06.899+0000] {logging_mixin.py:188} INFO - [2026-02-05T12:59:06.899+0000] {dag.py:3954} INFO - Setting next_dagrun for example_short_circuit_decorator to 2026-02-04 00:00:00+00:00, run_after=2026-02-05 00:00:00+00:00
[2026-02-05T12:59:06.908+0000] {processor.py:183} INFO - Processing /home/airflow/.local/lib/python3.12/site-packages/airflow/example_dags/example_short_circuit_decorator.py took 0.044 seconds
[2026-02-05T12:59:37.117+0000] {processor.py:161} INFO - Started process (PID=550) to work on /home/airflow/.local/lib/python3.12/site-packages/airflow/example_dags/example_short_circuit_decorator.py
[2026-02-05T12:59:37.118+0000] {processor.py:830} INFO - Processing file /home/airflow/.local/lib/python3.12/site-packages/airflow/example_dags/example_short_circuit_decorator.py for tasks to queue
[2026-02-05T12:59:37.120+0000] {logging_mixin.py:188} INFO - [2026-02-05T12:59:37.119+0000] {dagbag.py:540} INFO - Filling up the DagBag from /home/airflow/.local/lib/python3.12/site-packages/airflow/example_dags/example_short_circuit_decorator.py
[2026-02-05T12:59:37.125+0000] {processor.py:840} INFO - DAG(s) 'example_short_circuit_decorator' retrieved from /home/airflow/.local/lib/python3.12/site-packages/airflow/example_dags/example_short_circuit_decorator.py
[2026-02-05T12:59:37.139+0000] {logging_mixin.py:188} INFO - [2026-02-05T12:59:37.138+0000] {dag.py:3096} INFO - Sync 1 DAGs
[2026-02-05T12:59:37.152+0000] {logging_mixin.py:188} INFO - [2026-02-05T12:59:37.152+0000] {dag.py:3954} INFO - Setting next_dagrun for example_short_circuit_decorator to 2026-02-04 00:00:00+00:00, run_after=2026-02-05 00:00:00+00:00
[2026-02-05T12:59:37.161+0000] {processor.py:183} INFO - Processing /home/airflow/.local/lib/python3.12/site-packages/airflow/example_dags/example_short_circuit_decorator.py took 0.047 seconds
[2026-02-05T13:00:07.365+0000] {processor.py:161} INFO - Started process (PID=608) to work on /home/airflow/.local/lib/python3.12/site-packages/airflow/example_dags/example_short_circuit_decorator.py
[2026-02-05T13:00:07.366+0000] {processor.py:830} INFO - Processing file /home/airflow/.local/lib/python3.12/site-packages/airflow/example_dags/example_short_circuit_decorator.py for tasks to queue
[2026-02-05T13:00:07.368+0000] {logging_mixin.py:188} INFO - [2026-02-05T13:00:07.368+0000] {dagbag.py:540} INFO - Filling up the DagBag from /home/airflow/.local/lib/python3.12/site-packages/airflow/example_dags/example_short_circuit_decorator.py
[2026-02-05T13:00:07.375+0000] {processor.py:840} INFO - DAG(s) 'example_short_circuit_decorator' retrieved from /home/airflow/.local/lib/python3.12/site-packages/airflow/example_dags/example_short_circuit_decorator.py
[2026-02-05T13:00:07.388+0000] {logging_mixin.py:188} INFO - [2026-02-05T13:00:07.388+0000] {dag.py:3096} INFO - Sync 1 DAGs
[2026-02-05T13:00:07.400+0000] {logging_mixin.py:188} INFO - [2026-02-05T13:00:07.400+0000] {dag.py:3954} INFO - Setting next_dagrun for example_short_circuit_decorator to 2026-02-04 00:00:00+00:00, run_after=2026-02-05 00:00:00+00:00
[2026-02-05T13:00:07.410+0000] {processor.py:183} INFO - Processing /home/airflow/.local/lib/python3.12/site-packages/airflow/example_dags/example_short_circuit_decorator.py took 0.049 seconds
[2026-02-05T13:00:37.588+0000] {processor.py:161} INFO - Started process (PID=666) to work on /home/airflow/.local/lib/python3.12/site-packages/airflow/example_dags/example_short_circuit_decorator.py
[2026-02-05T13:00:37.590+0000] {processor.py:830} INFO - Processing file /home/airflow/.local/lib/python3.12/site-packages/airflow/example_dags/example_short_circuit_decorator.py for tasks to queue
[2026-02-05T13:00:37.592+0000] {logging_mixin.py:188} INFO - [2026-02-05T13:00:37.591+0000] {dagbag.py:540} INFO - Filling up the DagBag from /home/airflow/.local/lib/python3.12/site-packages/airflow/example_dags/example_short_circuit_decorator.py
[2026-02-05T13:00:37.597+0000] {processor.py:840} INFO - DAG(s) 'example_short_circuit_decorator' retrieved from /home/airflow/.local/lib/python3.12/site-packages/airflow/example_dags/example_short_circuit_decorator.py
[2026-02-05T13:00:37.609+0000] {logging_mixin.py:188} INFO - [2026-02-05T13:00:37.609+0000] {dag.py:3096} INFO - Sync 1 DAGs
[2026-02-05T13:00:37.621+0000] {logging_mixin.py:188} INFO - [2026-02-05T13:00:37.621+0000] {dag.py:3954} INFO - Setting next_dagrun for example_short_circuit_decorator to 2026-02-04 00:00:00+00:00, run_after=2026-02-05 00:00:00+00:00
[2026-02-05T13:00:37.633+0000] {processor.py:183} INFO - Processing /home/airflow/.local/lib/python3.12/site-packages/airflow/example_dags/example_short_circuit_decorator.py took 0.048 seconds
[2026-02-05T13:01:08.609+0000] {processor.py:161} INFO - Started process (PID=724) to work on /home/airflow/.local/lib/python3.12/site-packages/airflow/example_dags/example_short_circuit_decorator.py
[2026-02-05T13:01:08.610+0000] {processor.py:830} INFO - Processing file /home/airflow/.local/lib/python3.12/site-packages/airflow/example_dags/example_short_circuit_decorator.py for tasks to queue
[2026-02-05T13:01:08.611+0000] {logging_mixin.py:188} INFO - [2026-02-05T13:01:08.610+0000] {dagbag.py:540} INFO - Filling up the DagBag from /home/airflow/.local/lib/python3.12/site-packages/airflow/example_dags/example_short_circuit_decorator.py
[2026-02-05T13:01:08.615+0000] {processor.py:840} INFO - DAG(s) 'example_short_circuit_decorator' retrieved from /home/airflow/.local/lib/python3.12/site-packages/airflow/example_dags/example_short_circuit_decorator.py
[2026-02-05T13:01:08.627+0000] {logging_mixin.py:188} INFO - [2026-02-05T13:01:08.627+0000] {dag.py:3096} INFO - Sync 1 DAGs
[2026-02-05T13:01:08.637+0000] {logging_mixin.py:188} INFO - [2026-02-05T13:01:08.637+0000] {dag.py:3954} INFO - Setting next_dagrun for example_short_circuit_decorator to 2026-02-04 00:00:00+00:00, run_after=2026-02-05 00:00:00+00:00
[2026-02-05T13:01:08.646+0000] {processor.py:183} INFO - Processing /home/airflow/.local/lib/python3.12/site-packages/airflow/example_dags/example_short_circuit_decorator.py took 0.040 seconds
[2026-02-05T13:01:38.854+0000] {processor.py:161} INFO - Started process (PID=782) to work on /home/airflow/.local/lib/python3.12/site-packages/airflow/example_dags/example_short_circuit_decorator.py
[2026-02-05T13:01:38.855+0000] {processor.py:830} INFO - Processing file /home/airflow/.local/lib/python3.12/site-packages/airflow/example_dags/example_short_circuit_decorator.py for tasks to queue
[2026-02-05T13:01:38.856+0000] {logging_mixin.py:188} INFO - [2026-02-05T13:01:38.856+0000] {dagbag.py:540} INFO - Filling up the DagBag from /home/airflow/.local/lib/python3.12/site-packages/airflow/example_dags/example_short_circuit_decorator.py
[2026-02-05T13:01:38.862+0000] {processor.py:840} INFO - DAG(s) 'example_short_circuit_decorator' retrieved from /home/airflow/.local/lib/python3.12/site-packages/airflow/example_dags/example_short_circuit_decorator.py
[2026-02-05T13:01:38.875+0000] {logging_mixin.py:188} INFO - [2026-02-05T13:01:38.875+0000] {dag.py:3096} INFO - Sync 1 DAGs
[2026-02-05T13:01:38.889+0000] {logging_mixin.py:188} INFO - [2026-02-05T13:01:38.889+0000] {dag.py:3954} INFO - Setting next_dagrun for example_short_circuit_decorator to 2026-02-04 00:00:00+00:00, run_after=2026-02-05 00:00:00+00:00
[2026-02-05T13:01:38.904+0000] {processor.py:183} INFO - Processing /home/airflow/.local/lib/python3.12/site-packages/airflow/example_dags/example_short_circuit_decorator.py took 0.054 seconds
[2026-02-05T13:02:09.213+0000] {processor.py:161} INFO - Started process (PID=839) to work on /home/airflow/.local/lib/python3.12/site-packages/airflow/example_dags/example_short_circuit_decorator.py
[2026-02-05T13:02:09.216+0000] {processor.py:830} INFO - Processing file /home/airflow/.local/lib/python3.12/site-packages/airflow/example_dags/example_short_circuit_decorator.py for tasks to queue
[2026-02-05T13:02:09.217+0000] {logging_mixin.py:188} INFO - [2026-02-05T13:02:09.217+0000] {dagbag.py:540} INFO - Filling up the DagBag from /home/airflow/.local/lib/python3.12/site-packages/airflow/example_dags/example_short_circuit_decorator.py
[2026-02-05T13:02:09.226+0000] {processor.py:840} INFO - DAG(s) 'example_short_circuit_decorator' retrieved from /home/airflow/.local/lib/python3.12/site-packages/airflow/example_dags/example_short_circuit_decorator.py
[2026-02-05T13:02:09.239+0000] {logging_mixin.py:188} INFO - [2026-02-05T13:02:09.238+0000] {dag.py:3096} INFO - Sync 1 DAGs
[2026-02-05T13:02:09.253+0000] {logging_mixin.py:188} INFO - [2026-02-05T13:02:09.252+0000] {dag.py:3954} INFO - Setting next_dagrun for example_short_circuit_decorator to 2026-02-04 00:00:00+00:00, run_after=2026-02-05 00:00:00+00:00
[2026-02-05T13:02:09.263+0000] {processor.py:183} INFO - Processing /home/airflow/.local/lib/python3.12/site-packages/airflow/example_dags/example_short_circuit_decorator.py took 0.054 seconds
[2026-02-05T13:02:39.320+0000] {processor.py:161} INFO - Started process (PID=897) to work on /home/airflow/.local/lib/python3.12/site-packages/airflow/example_dags/example_short_circuit_decorator.py
[2026-02-05T13:02:39.321+0000] {processor.py:830} INFO - Processing file /home/airflow/.local/lib/python3.12/site-packages/airflow/example_dags/example_short_circuit_decorator.py for tasks to queue
[2026-02-05T13:02:39.322+0000] {logging_mixin.py:188} INFO - [2026-02-05T13:02:39.321+0000] {dagbag.py:540} INFO - Filling up the DagBag from /home/airflow/.local/lib/python3.12/site-packages/airflow/example_dags/example_short_circuit_decorator.py
[2026-02-05T13:02:39.327+0000] {processor.py:840} INFO - DAG(s) 'example_short_circuit_decorator' retrieved from /home/airflow/.local/lib/python3.12/site-packages/airflow/example_dags/example_short_circuit_decorator.py
[2026-02-05T13:02:39.343+0000] {logging_mixin.py:188} INFO - [2026-02-05T13:02:39.343+0000] {dag.py:3096} INFO - Sync 1 DAGs
[2026-02-05T13:02:39.360+0000] {logging_mixin.py:188} INFO - [2026-02-05T13:02:39.360+0000] {dag.py:3954} INFO - Setting next_dagrun for example_short_circuit_decorator to 2026-02-04 00:00:00+00:00, run_after=2026-02-05 00:00:00+00:00
[2026-02-05T13:02:39.371+0000] {processor.py:183} INFO - Processing /home/airflow/.local/lib/python3.12/site-packages/airflow/example_dags/example_short_circuit_decorator.py took 0.055 seconds
[2026-02-05T13:03:09.899+0000] {processor.py:161} INFO - Started process (PID=955) to work on /home/airflow/.local/lib/python3.12/site-packages/airflow/example_dags/example_short_circuit_decorator.py
[2026-02-05T13:03:09.900+0000] {processor.py:830} INFO - Processing file /home/airflow/.local/lib/python3.12/site-packages/airflow/example_dags/example_short_circuit_decorator.py for tasks to queue
[2026-02-05T13:03:09.902+0000] {logging_mixin.py:188} INFO - [2026-02-05T13:03:09.901+0000] {dagbag.py:540} INFO - Filling up the DagBag from /home/airflow/.local/lib/python3.12/site-packages/airflow/example_dags/example_short_circuit_decorator.py
[2026-02-05T13:03:09.907+0000] {processor.py:840} INFO - DAG(s) 'example_short_circuit_decorator' retrieved from /home/airflow/.local/lib/python3.12/site-packages/airflow/example_dags/example_short_circuit_decorator.py
[2026-02-05T13:03:09.920+0000] {logging_mixin.py:188} INFO - [2026-02-05T13:03:09.920+0000] {dag.py:3096} INFO - Sync 1 DAGs
[2026-02-05T13:03:09.933+0000] {logging_mixin.py:188} INFO - [2026-02-05T13:03:09.933+0000] {dag.py:3954} INFO - Setting next_dagrun for example_short_circuit_decorator to 2026-02-04 00:00:00+00:00, run_after=2026-02-05 00:00:00+00:00
[2026-02-05T13:03:10.040+0000] {processor.py:183} INFO - Processing /home/airflow/.local/lib/python3.12/site-packages/airflow/example_dags/example_short_circuit_decorator.py took 0.145 seconds
[2026-02-05T13:03:40.561+0000] {processor.py:161} INFO - Started process (PID=1013) to work on /home/airflow/.local/lib/python3.12/site-packages/airflow/example_dags/example_short_circuit_decorator.py
[2026-02-05T13:03:40.562+0000] {processor.py:830} INFO - Processing file /home/airflow/.local/lib/python3.12/site-packages/airflow/example_dags/example_short_circuit_decorator.py for tasks to queue
[2026-02-05T13:03:40.563+0000] {logging_mixin.py:188} INFO - [2026-02-05T13:03:40.563+0000] {dagbag.py:540} INFO - Filling up the DagBag from /home/airflow/.local/lib/python3.12/site-packages/airflow/example_dags/example_short_circuit_decorator.py
[2026-02-05T13:03:40.568+0000] {processor.py:840} INFO - DAG(s) 'example_short_circuit_decorator' retrieved from /home/airflow/.local/lib/python3.12/site-packages/airflow/example_dags/example_short_circuit_decorator.py
[2026-02-05T13:03:40.581+0000] {logging_mixin.py:188} INFO - [2026-02-05T13:03:40.580+0000] {dag.py:3096} INFO - Sync 1 DAGs
[2026-02-05T13:03:40.593+0000] {logging_mixin.py:188} INFO - [2026-02-05T13:03:40.593+0000] {dag.py:3954} INFO - Setting next_dagrun for example_short_circuit_decorator to 2026-02-04 00:00:00+00:00, run_after=2026-02-05 00:00:00+00:00
[2026-02-05T13:03:40.603+0000] {processor.py:183} INFO - Processing /home/airflow/.local/lib/python3.12/site-packages/airflow/example_dags/example_short_circuit_decorator.py took 0.045 seconds
[2026-02-05T13:04:10.634+0000] {processor.py:161} INFO - Started process (PID=1071) to work on /home/airflow/.local/lib/python3.12/site-packages/airflow/example_dags/example_short_circuit_decorator.py
[2026-02-05T13:04:10.635+0000] {processor.py:830} INFO - Processing file /home/airflow/.local/lib/python3.12/site-packages/airflow/example_dags/example_short_circuit_decorator.py for tasks to queue
[2026-02-05T13:04:10.637+0000] {logging_mixin.py:188} INFO - [2026-02-05T13:04:10.636+0000] {dagbag.py:540} INFO - Filling up the DagBag from /home/airflow/.local/lib/python3.12/site-packages/airflow/example_dags/example_short_circuit_decorator.py
[2026-02-05T13:04:10.641+0000] {processor.py:840} INFO - DAG(s) 'example_short_circuit_decorator' retrieved from /home/airflow/.local/lib/python3.12/site-packages/airflow/example_dags/example_short_circuit_decorator.py
[2026-02-05T13:04:10.654+0000] {logging_mixin.py:188} INFO - [2026-02-05T13:04:10.654+0000] {dag.py:3096} INFO - Sync 1 DAGs
[2026-02-05T13:04:10.667+0000] {logging_mixin.py:188} INFO - [2026-02-05T13:04:10.667+0000] {dag.py:3954} INFO - Setting next_dagrun for example_short_circuit_decorator to 2026-02-04 00:00:00+00:00, run_after=2026-02-05 00:00:00+00:00
[2026-02-05T13:04:10.676+0000] {processor.py:183} INFO - Processing /home/airflow/.local/lib/python3.12/site-packages/airflow/example_dags/example_short_circuit_decorator.py took 0.045 seconds
[2026-02-05T13:04:40.997+0000] {processor.py:161} INFO - Started process (PID=1129) to work on /home/airflow/.local/lib/python3.12/site-packages/airflow/example_dags/example_short_circuit_decorator.py
[2026-02-05T13:04:40.998+0000] {processor.py:830} INFO - Processing file /home/airflow/.local/lib/python3.12/site-packages/airflow/example_dags/example_short_circuit_decorator.py for tasks to queue
[2026-02-05T13:04:41.002+0000] {logging_mixin.py:188} INFO - [2026-02-05T13:04:41.002+0000] {dagbag.py:540} INFO - Filling up the DagBag from /home/airflow/.local/lib/python3.12/site-packages/airflow/example_dags/example_short_circuit_decorator.py
[2026-02-05T13:04:41.008+0000] {processor.py:840} INFO - DAG(s) 'example_short_circuit_decorator' retrieved from /home/airflow/.local/lib/python3.12/site-packages/airflow/example_dags/example_short_circuit_decorator.py
[2026-02-05T13:04:41.024+0000] {logging_mixin.py:188} INFO - [2026-02-05T13:04:41.024+0000] {dag.py:3096} INFO - Sync 1 DAGs
[2026-02-05T13:04:41.035+0000] {logging_mixin.py:188} INFO - [2026-02-05T13:04:41.035+0000] {dag.py:3954} INFO - Setting next_dagrun for example_short_circuit_decorator to 2026-02-04 00:00:00+00:00, run_after=2026-02-05 00:00:00+00:00
[2026-02-05T13:04:41.047+0000] {processor.py:183} INFO - Processing /home/airflow/.local/lib/python3.12/site-packages/airflow/example_dags/example_short_circuit_decorator.py took 0.053 seconds
[2026-02-05T13:05:11.857+0000] {processor.py:161} INFO - Started process (PID=1187) to work on /home/airflow/.local/lib/python3.12/site-packages/airflow/example_dags/example_short_circuit_decorator.py
[2026-02-05T13:05:11.859+0000] {processor.py:830} INFO - Processing file /home/airflow/.local/lib/python3.12/site-packages/airflow/example_dags/example_short_circuit_decorator.py for tasks to queue
[2026-02-05T13:05:11.860+0000] {logging_mixin.py:188} INFO - [2026-02-05T13:05:11.859+0000] {dagbag.py:540} INFO - Filling up the DagBag from /home/airflow/.local/lib/python3.12/site-packages/airflow/example_dags/example_short_circuit_decorator.py
[2026-02-05T13:05:11.865+0000] {processor.py:840} INFO - DAG(s) 'example_short_circuit_decorator' retrieved from /home/airflow/.local/lib/python3.12/site-packages/airflow/example_dags/example_short_circuit_decorator.py
[2026-02-05T13:05:11.877+0000] {logging_mixin.py:188} INFO - [2026-02-05T13:05:11.877+0000] {dag.py:3096} INFO - Sync 1 DAGs
[2026-02-05T13:05:11.888+0000] {logging_mixin.py:188} INFO - [2026-02-05T13:05:11.888+0000] {dag.py:3954} INFO - Setting next_dagrun for example_short_circuit_decorator to 2026-02-04 00:00:00+00:00, run_after=2026-02-05 00:00:00+00:00
[2026-02-05T13:05:11.897+0000] {processor.py:183} INFO - Processing /home/airflow/.local/lib/python3.12/site-packages/airflow/example_dags/example_short_circuit_decorator.py took 0.043 seconds
[2026-02-05T13:05:42.802+0000] {processor.py:161} INFO - Started process (PID=1245) to work on /home/airflow/.local/lib/python3.12/site-packages/airflow/example_dags/example_short_circuit_decorator.py
[2026-02-05T13:05:42.803+0000] {processor.py:830} INFO - Processing file /home/airflow/.local/lib/python3.12/site-packages/airflow/example_dags/example_short_circuit_decorator.py for tasks to queue
[2026-02-05T13:05:42.805+0000] {logging_mixin.py:188} INFO - [2026-02-05T13:05:42.805+0000] {dagbag.py:540} INFO - Filling up the DagBag from /home/airflow/.local/lib/python3.12/site-packages/airflow/example_dags/example_short_circuit_decorator.py
[2026-02-05T13:05:42.810+0000] {processor.py:840} INFO - DAG(s) 'example_short_circuit_decorator' retrieved from /home/airflow/.local/lib/python3.12/site-packages/airflow/example_dags/example_short_circuit_decorator.py
[2026-02-05T13:05:42.829+0000] {logging_mixin.py:188} INFO - [2026-02-05T13:05:42.829+0000] {dag.py:3096} INFO - Sync 1 DAGs
[2026-02-05T13:05:42.940+0000] {logging_mixin.py:188} INFO - [2026-02-05T13:05:42.940+0000] {dag.py:3954} INFO - Setting next_dagrun for example_short_circuit_decorator to 2026-02-04 00:00:00+00:00, run_after=2026-02-05 00:00:00+00:00
[2026-02-05T13:05:42.949+0000] {processor.py:183} INFO - Processing /home/airflow/.local/lib/python3.12/site-packages/airflow/example_dags/example_short_circuit_decorator.py took 0.150 seconds
[2026-02-05T13:06:13.803+0000] {processor.py:161} INFO - Started process (PID=1302) to work on /home/airflow/.local/lib/python3.12/site-packages/airflow/example_dags/example_short_circuit_decorator.py
[2026-02-05T13:06:13.804+0000] {processor.py:830} INFO - Processing file /home/airflow/.local/lib/python3.12/site-packages/airflow/example_dags/example_short_circuit_decorator.py for tasks to queue
[2026-02-05T13:06:13.805+0000] {logging_mixin.py:188} INFO - [2026-02-05T13:06:13.805+0000] {dagbag.py:540} INFO - Filling up the DagBag from /home/airflow/.local/lib/python3.12/site-packages/airflow/example_dags/example_short_circuit_decorator.py
[2026-02-05T13:06:13.810+0000] {processor.py:840} INFO - DAG(s) 'example_short_circuit_decorator' retrieved from /home/airflow/.local/lib/python3.12/site-packages/airflow/example_dags/example_short_circuit_decorator.py
[2026-02-05T13:06:13.822+0000] {logging_mixin.py:188} INFO - [2026-02-05T13:06:13.822+0000] {dag.py:3096} INFO - Sync 1 DAGs
[2026-02-05T13:06:13.834+0000] {logging_mixin.py:188} INFO - [2026-02-05T13:06:13.834+0000] {dag.py:3954} INFO - Setting next_dagrun for example_short_circuit_decorator to 2026-02-04 00:00:00+00:00, run_after=2026-02-05 00:00:00+00:00
[2026-02-05T13:06:13.844+0000] {processor.py:183} INFO - Processing /home/airflow/.local/lib/python3.12/site-packages/airflow/example_dags/example_short_circuit_decorator.py took 0.045 seconds
[2026-02-05T13:06:43.936+0000] {processor.py:161} INFO - Started process (PID=1360) to work on /home/airflow/.local/lib/python3.12/site-packages/airflow/example_dags/example_short_circuit_decorator.py
[2026-02-05T13:06:43.937+0000] {processor.py:830} INFO - Processing file /home/airflow/.local/lib/python3.12/site-packages/airflow/example_dags/example_short_circuit_decorator.py for tasks to queue
[2026-02-05T13:06:43.941+0000] {logging_mixin.py:188} INFO - [2026-02-05T13:06:43.941+0000] {dagbag.py:540} INFO - Filling up the DagBag from /home/airflow/.local/lib/python3.12/site-packages/airflow/example_dags/example_short_circuit_decorator.py
[2026-02-05T13:06:43.945+0000] {processor.py:840} INFO - DAG(s) 'example_short_circuit_decorator' retrieved from /home/airflow/.local/lib/python3.12/site-packages/airflow/example_dags/example_short_circuit_decorator.py
[2026-02-05T13:06:43.958+0000] {logging_mixin.py:188} INFO - [2026-02-05T13:06:43.958+0000] {dag.py:3096} INFO - Sync 1 DAGs
[2026-02-05T13:06:43.970+0000] {logging_mixin.py:188} INFO - [2026-02-05T13:06:43.970+0000] {dag.py:3954} INFO - Setting next_dagrun for example_short_circuit_decorator to 2026-02-04 00:00:00+00:00, run_after=2026-02-05 00:00:00+00:00
[2026-02-05T13:06:43.982+0000] {processor.py:183} INFO - Processing /home/airflow/.local/lib/python3.12/site-packages/airflow/example_dags/example_short_circuit_decorator.py took 0.049 seconds
[2026-02-05T13:07:14.136+0000] {processor.py:161} INFO - Started process (PID=1418) to work on /home/airflow/.local/lib/python3.12/site-packages/airflow/example_dags/example_short_circuit_decorator.py
[2026-02-05T13:07:14.137+0000] {processor.py:830} INFO - Processing file /home/airflow/.local/lib/python3.12/site-packages/airflow/example_dags/example_short_circuit_decorator.py for tasks to queue
[2026-02-05T13:07:14.138+0000] {logging_mixin.py:188} INFO - [2026-02-05T13:07:14.138+0000] {dagbag.py:540} INFO - Filling up the DagBag from /home/airflow/.local/lib/python3.12/site-packages/airflow/example_dags/example_short_circuit_decorator.py
[2026-02-05T13:07:14.143+0000] {processor.py:840} INFO - DAG(s) 'example_short_circuit_decorator' retrieved from /home/airflow/.local/lib/python3.12/site-packages/airflow/example_dags/example_short_circuit_decorator.py
[2026-02-05T13:07:14.156+0000] {logging_mixin.py:188} INFO - [2026-02-05T13:07:14.155+0000] {dag.py:3096} INFO - Sync 1 DAGs
[2026-02-05T13:07:14.167+0000] {logging_mixin.py:188} INFO - [2026-02-05T13:07:14.167+0000] {dag.py:3954} INFO - Setting next_dagrun for example_short_circuit_decorator to 2026-02-04 00:00:00+00:00, run_after=2026-02-05 00:00:00+00:00
[2026-02-05T13:07:14.176+0000] {processor.py:183} INFO - Processing /home/airflow/.local/lib/python3.12/site-packages/airflow/example_dags/example_short_circuit_decorator.py took 0.043 seconds
[2026-02-05T13:07:44.319+0000] {processor.py:161} INFO - Started process (PID=1476) to work on /home/airflow/.local/lib/python3.12/site-packages/airflow/example_dags/example_short_circuit_decorator.py
[2026-02-05T13:07:44.320+0000] {processor.py:830} INFO - Processing file /home/airflow/.local/lib/python3.12/site-packages/airflow/example_dags/example_short_circuit_decorator.py for tasks to queue
[2026-02-05T13:07:44.321+0000] {logging_mixin.py:188} INFO - [2026-02-05T13:07:44.321+0000] {dagbag.py:540} INFO - Filling up the DagBag from /home/airflow/.local/lib/python3.12/site-packages/airflow/example_dags/example_short_circuit_decorator.py
[2026-02-05T13:07:44.327+0000] {processor.py:840} INFO - DAG(s) 'example_short_circuit_decorator' retrieved from /home/airflow/.local/lib/python3.12/site-packages/airflow/example_dags/example_short_circuit_decorator.py
[2026-02-05T13:07:44.339+0000] {logging_mixin.py:188} INFO - [2026-02-05T13:07:44.339+0000] {dag.py:3096} INFO - Sync 1 DAGs
[2026-02-05T13:07:44.349+0000] {logging_mixin.py:188} INFO - [2026-02-05T13:07:44.349+0000] {dag.py:3954} INFO - Setting next_dagrun for example_short_circuit_decorator to 2026-02-04 00:00:00+00:00, run_after=2026-02-05 00:00:00+00:00
[2026-02-05T13:07:44.359+0000] {processor.py:183} INFO - Processing /home/airflow/.local/lib/python3.12/site-packages/airflow/example_dags/example_short_circuit_decorator.py took 0.043 seconds
[2026-02-05T13:08:14.645+0000] {processor.py:161} INFO - Started process (PID=1534) to work on /home/airflow/.local/lib/python3.12/site-packages/airflow/example_dags/example_short_circuit_decorator.py
[2026-02-05T13:08:14.646+0000] {processor.py:830} INFO - Processing file /home/airflow/.local/lib/python3.12/site-packages/airflow/example_dags/example_short_circuit_decorator.py for tasks to queue
[2026-02-05T13:08:14.648+0000] {logging_mixin.py:188} INFO - [2026-02-05T13:08:14.647+0000] {dagbag.py:540} INFO - Filling up the DagBag from /home/airflow/.local/lib/python3.12/site-packages/airflow/example_dags/example_short_circuit_decorator.py
[2026-02-05T13:08:14.653+0000] {processor.py:840} INFO - DAG(s) 'example_short_circuit_decorator' retrieved from /home/airflow/.local/lib/python3.12/site-packages/airflow/example_dags/example_short_circuit_decorator.py
[2026-02-05T13:08:14.674+0000] {logging_mixin.py:188} INFO - [2026-02-05T13:08:14.673+0000] {dag.py:3096} INFO - Sync 1 DAGs
[2026-02-05T13:08:14.687+0000] {logging_mixin.py:188} INFO - [2026-02-05T13:08:14.687+0000] {dag.py:3954} INFO - Setting next_dagrun for example_short_circuit_decorator to 2026-02-04 00:00:00+00:00, run_after=2026-02-05 00:00:00+00:00
[2026-02-05T13:08:14.701+0000] {processor.py:183} INFO - Processing /home/airflow/.local/lib/python3.12/site-packages/airflow/example_dags/example_short_circuit_decorator.py took 0.059 seconds
[2026-02-05T13:08:44.751+0000] {processor.py:161} INFO - Started process (PID=1591) to work on /home/airflow/.local/lib/python3.12/site-packages/airflow/example_dags/example_short_circuit_decorator.py
[2026-02-05T13:08:44.751+0000] {processor.py:830} INFO - Processing file /home/airflow/.local/lib/python3.12/site-packages/airflow/example_dags/example_short_circuit_decorator.py for tasks to queue
[2026-02-05T13:08:44.753+0000] {logging_mixin.py:188} INFO - [2026-02-05T13:08:44.753+0000] {dagbag.py:540} INFO - Filling up the DagBag from /home/airflow/.local/lib/python3.12/site-packages/airflow/example_dags/example_short_circuit_decorator.py
[2026-02-05T13:08:44.758+0000] {processor.py:840} INFO - DAG(s) 'example_short_circuit_decorator' retrieved from /home/airflow/.local/lib/python3.12/site-packages/airflow/example_dags/example_short_circuit_decorator.py
[2026-02-05T13:08:44.772+0000] {logging_mixin.py:188} INFO - [2026-02-05T13:08:44.772+0000] {dag.py:3096} INFO - Sync 1 DAGs
[2026-02-05T13:08:44.784+0000] {logging_mixin.py:188} INFO - [2026-02-05T13:08:44.784+0000] {dag.py:3954} INFO - Setting next_dagrun for example_short_circuit_decorator to 2026-02-04 00:00:00+00:00, run_after=2026-02-05 00:00:00+00:00
[2026-02-05T13:08:44.795+0000] {processor.py:183} INFO - Processing /home/airflow/.local/lib/python3.12/site-packages/airflow/example_dags/example_short_circuit_decorator.py took 0.048 seconds
[2026-02-05T13:09:14.836+0000] {processor.py:161} INFO - Started process (PID=1649) to work on /home/airflow/.local/lib/python3.12/site-packages/airflow/example_dags/example_short_circuit_decorator.py
[2026-02-05T13:09:14.836+0000] {processor.py:830} INFO - Processing file /home/airflow/.local/lib/python3.12/site-packages/airflow/example_dags/example_short_circuit_decorator.py for tasks to queue
[2026-02-05T13:09:14.838+0000] {logging_mixin.py:188} INFO - [2026-02-05T13:09:14.838+0000] {dagbag.py:540} INFO - Filling up the DagBag from /home/airflow/.local/lib/python3.12/site-packages/airflow/example_dags/example_short_circuit_decorator.py
[2026-02-05T13:09:14.843+0000] {processor.py:840} INFO - DAG(s) 'example_short_circuit_decorator' retrieved from /home/airflow/.local/lib/python3.12/site-packages/airflow/example_dags/example_short_circuit_decorator.py
[2026-02-05T13:09:14.860+0000] {logging_mixin.py:188} INFO - [2026-02-05T13:09:14.860+0000] {dag.py:3096} INFO - Sync 1 DAGs
[2026-02-05T13:09:14.873+0000] {logging_mixin.py:188} INFO - [2026-02-05T13:09:14.873+0000] {dag.py:3954} INFO - Setting next_dagrun for example_short_circuit_decorator to 2026-02-04 00:00:00+00:00, run_after=2026-02-05 00:00:00+00:00
[2026-02-05T13:09:14.884+0000] {processor.py:183} INFO - Processing /home/airflow/.local/lib/python3.12/site-packages/airflow/example_dags/example_short_circuit_decorator.py took 0.051 seconds
[2026-02-05T13:09:45.327+0000] {processor.py:161} INFO - Started process (PID=1707) to work on /home/airflow/.local/lib/python3.12/site-packages/airflow/example_dags/example_short_circuit_decorator.py
[2026-02-05T13:09:45.328+0000] {processor.py:830} INFO - Processing file /home/airflow/.local/lib/python3.12/site-packages/airflow/example_dags/example_short_circuit_decorator.py for tasks to queue
[2026-02-05T13:09:45.331+0000] {logging_mixin.py:188} INFO - [2026-02-05T13:09:45.330+0000] {dagbag.py:540} INFO - Filling up the DagBag from /home/airflow/.local/lib/python3.12/site-packages/airflow/example_dags/example_short_circuit_decorator.py
[2026-02-05T13:09:45.340+0000] {processor.py:840} INFO - DAG(s) 'example_short_circuit_decorator' retrieved from /home/airflow/.local/lib/python3.12/site-packages/airflow/example_dags/example_short_circuit_decorator.py
[2026-02-05T13:09:45.358+0000] {logging_mixin.py:188} INFO - [2026-02-05T13:09:45.358+0000] {dag.py:3096} INFO - Sync 1 DAGs
[2026-02-05T13:09:45.375+0000] {logging_mixin.py:188} INFO - [2026-02-05T13:09:45.375+0000] {dag.py:3954} INFO - Setting next_dagrun for example_short_circuit_decorator to 2026-02-04 00:00:00+00:00, run_after=2026-02-05 00:00:00+00:00
[2026-02-05T13:09:45.388+0000] {processor.py:183} INFO - Processing /home/airflow/.local/lib/python3.12/site-packages/airflow/example_dags/example_short_circuit_decorator.py took 0.067 seconds
[2026-02-05T13:10:15.551+0000] {processor.py:161} INFO - Started process (PID=1764) to work on /home/airflow/.local/lib/python3.12/site-packages/airflow/example_dags/example_short_circuit_decorator.py
[2026-02-05T13:10:15.552+0000] {processor.py:830} INFO - Processing file /home/airflow/.local/lib/python3.12/site-packages/airflow/example_dags/example_short_circuit_decorator.py for tasks to queue
[2026-02-05T13:10:15.553+0000] {logging_mixin.py:188} INFO - [2026-02-05T13:10:15.553+0000] {dagbag.py:540} INFO - Filling up the DagBag from /home/airflow/.local/lib/python3.12/site-packages/airflow/example_dags/example_short_circuit_decorator.py
[2026-02-05T13:10:15.557+0000] {processor.py:840} INFO - DAG(s) 'example_short_circuit_decorator' retrieved from /home/airflow/.local/lib/python3.12/site-packages/airflow/example_dags/example_short_circuit_decorator.py
[2026-02-05T13:10:15.571+0000] {logging_mixin.py:188} INFO - [2026-02-05T13:10:15.570+0000] {dag.py:3096} INFO - Sync 1 DAGs
[2026-02-05T13:10:15.582+0000] {logging_mixin.py:188} INFO - [2026-02-05T13:10:15.582+0000] {dag.py:3954} INFO - Setting next_dagrun for example_short_circuit_decorator to 2026-02-04 00:00:00+00:00, run_after=2026-02-05 00:00:00+00:00
[2026-02-05T13:10:15.591+0000] {processor.py:183} INFO - Processing /home/airflow/.local/lib/python3.12/site-packages/airflow/example_dags/example_short_circuit_decorator.py took 0.043 seconds
[2026-02-05T13:10:45.624+0000] {processor.py:161} INFO - Started process (PID=1822) to work on /home/airflow/.local/lib/python3.12/site-packages/airflow/example_dags/example_short_circuit_decorator.py
[2026-02-05T13:10:45.625+0000] {processor.py:830} INFO - Processing file /home/airflow/.local/lib/python3.12/site-packages/airflow/example_dags/example_short_circuit_decorator.py for tasks to queue
[2026-02-05T13:10:45.627+0000] {logging_mixin.py:188} INFO - [2026-02-05T13:10:45.626+0000] {dagbag.py:540} INFO - Filling up the DagBag from /home/airflow/.local/lib/python3.12/site-packages/airflow/example_dags/example_short_circuit_decorator.py
[2026-02-05T13:10:45.631+0000] {processor.py:840} INFO - DAG(s) 'example_short_circuit_decorator' retrieved from /home/airflow/.local/lib/python3.12/site-packages/airflow/example_dags/example_short_circuit_decorator.py
[2026-02-05T13:10:45.643+0000] {logging_mixin.py:188} INFO - [2026-02-05T13:10:45.643+0000] {dag.py:3096} INFO - Sync 1 DAGs
[2026-02-05T13:10:45.654+0000] {logging_mixin.py:188} INFO - [2026-02-05T13:10:45.654+0000] {dag.py:3954} INFO - Setting next_dagrun for example_short_circuit_decorator to 2026-02-04 00:00:00+00:00, run_after=2026-02-05 00:00:00+00:00
[2026-02-05T13:10:45.663+0000] {processor.py:183} INFO - Processing /home/airflow/.local/lib/python3.12/site-packages/airflow/example_dags/example_short_circuit_decorator.py took 0.041 seconds
[2026-02-05T13:11:16.453+0000] {processor.py:161} INFO - Started process (PID=1880) to work on /home/airflow/.local/lib/python3.12/site-packages/airflow/example_dags/example_short_circuit_decorator.py
[2026-02-05T13:11:16.454+0000] {processor.py:830} INFO - Processing file /home/airflow/.local/lib/python3.12/site-packages/airflow/example_dags/example_short_circuit_decorator.py for tasks to queue
[2026-02-05T13:11:16.455+0000] {logging_mixin.py:188} INFO - [2026-02-05T13:11:16.455+0000] {dagbag.py:540} INFO - Filling up the DagBag from /home/airflow/.local/lib/python3.12/site-packages/airflow/example_dags/example_short_circuit_decorator.py
[2026-02-05T13:11:16.460+0000] {processor.py:840} INFO - DAG(s) 'example_short_circuit_decorator' retrieved from /home/airflow/.local/lib/python3.12/site-packages/airflow/example_dags/example_short_circuit_decorator.py
[2026-02-05T13:11:16.473+0000] {logging_mixin.py:188} INFO - [2026-02-05T13:11:16.472+0000] {dag.py:3096} INFO - Sync 1 DAGs
[2026-02-05T13:11:16.484+0000] {logging_mixin.py:188} INFO - [2026-02-05T13:11:16.484+0000] {dag.py:3954} INFO - Setting next_dagrun for example_short_circuit_decorator to 2026-02-04 00:00:00+00:00, run_after=2026-02-05 00:00:00+00:00
[2026-02-05T13:11:16.496+0000] {processor.py:183} INFO - Processing /home/airflow/.local/lib/python3.12/site-packages/airflow/example_dags/example_short_circuit_decorator.py took 0.046 seconds
[2026-02-05T13:11:47.337+0000] {processor.py:161} INFO - Started process (PID=1938) to work on /home/airflow/.local/lib/python3.12/site-packages/airflow/example_dags/example_short_circuit_decorator.py
[2026-02-05T13:11:47.340+0000] {processor.py:830} INFO - Processing file /home/airflow/.local/lib/python3.12/site-packages/airflow/example_dags/example_short_circuit_decorator.py for tasks to queue
[2026-02-05T13:11:47.341+0000] {logging_mixin.py:188} INFO - [2026-02-05T13:11:47.341+0000] {dagbag.py:540} INFO - Filling up the DagBag from /home/airflow/.local/lib/python3.12/site-packages/airflow/example_dags/example_short_circuit_decorator.py
[2026-02-05T13:11:47.347+0000] {processor.py:840} INFO - DAG(s) 'example_short_circuit_decorator' retrieved from /home/airflow/.local/lib/python3.12/site-packages/airflow/example_dags/example_short_circuit_decorator.py
[2026-02-05T13:11:47.362+0000] {logging_mixin.py:188} INFO - [2026-02-05T13:11:47.362+0000] {dag.py:3096} INFO - Sync 1 DAGs
[2026-02-05T13:11:47.373+0000] {logging_mixin.py:188} INFO - [2026-02-05T13:11:47.373+0000] {dag.py:3954} INFO - Setting next_dagrun for example_short_circuit_decorator to 2026-02-04 00:00:00+00:00, run_after=2026-02-05 00:00:00+00:00
[2026-02-05T13:11:47.382+0000] {processor.py:183} INFO - Processing /home/airflow/.local/lib/python3.12/site-packages/airflow/example_dags/example_short_circuit_decorator.py took 0.048 seconds
[2026-02-05T13:12:18.260+0000] {processor.py:161} INFO - Started process (PID=1996) to work on /home/airflow/.local/lib/python3.12/site-packages/airflow/example_dags/example_short_circuit_decorator.py
[2026-02-05T13:12:18.263+0000] {processor.py:830} INFO - Processing file /home/airflow/.local/lib/python3.12/site-packages/airflow/example_dags/example_short_circuit_decorator.py for tasks to queue
[2026-02-05T13:12:18.264+0000] {logging_mixin.py:188} INFO - [2026-02-05T13:12:18.264+0000] {dagbag.py:540} INFO - Filling up the DagBag from /home/airflow/.local/lib/python3.12/site-packages/airflow/example_dags/example_short_circuit_decorator.py
[2026-02-05T13:12:18.270+0000] {processor.py:840} INFO - DAG(s) 'example_short_circuit_decorator' retrieved from /home/airflow/.local/lib/python3.12/site-packages/airflow/example_dags/example_short_circuit_decorator.py
[2026-02-05T13:12:18.288+0000] {logging_mixin.py:188} INFO - [2026-02-05T13:12:18.288+0000] {dag.py:3096} INFO - Sync 1 DAGs
[2026-02-05T13:12:18.322+0000] {logging_mixin.py:188} INFO - [2026-02-05T13:12:18.322+0000] {dag.py:3954} INFO - Setting next_dagrun for example_short_circuit_decorator to 2026-02-04 00:00:00+00:00, run_after=2026-02-05 00:00:00+00:00
[2026-02-05T13:12:18.337+0000] {processor.py:183} INFO - Processing /home/airflow/.local/lib/python3.12/site-packages/airflow/example_dags/example_short_circuit_decorator.py took 0.080 seconds
[2026-02-05T13:12:49.196+0000] {processor.py:161} INFO - Started process (PID=2054) to work on /home/airflow/.local/lib/python3.12/site-packages/airflow/example_dags/example_short_circuit_decorator.py
[2026-02-05T13:12:49.196+0000] {processor.py:830} INFO - Processing file /home/airflow/.local/lib/python3.12/site-packages/airflow/example_dags/example_short_circuit_decorator.py for tasks to queue
[2026-02-05T13:12:49.198+0000] {logging_mixin.py:188} INFO - [2026-02-05T13:12:49.198+0000] {dagbag.py:540} INFO - Filling up the DagBag from /home/airflow/.local/lib/python3.12/site-packages/airflow/example_dags/example_short_circuit_decorator.py
[2026-02-05T13:12:49.202+0000] {processor.py:840} INFO - DAG(s) 'example_short_circuit_decorator' retrieved from /home/airflow/.local/lib/python3.12/site-packages/airflow/example_dags/example_short_circuit_decorator.py
[2026-02-05T13:12:49.217+0000] {logging_mixin.py:188} INFO - [2026-02-05T13:12:49.217+0000] {dag.py:3096} INFO - Sync 1 DAGs
[2026-02-05T13:12:49.229+0000] {logging_mixin.py:188} INFO - [2026-02-05T13:12:49.229+0000] {dag.py:3954} INFO - Setting next_dagrun for example_short_circuit_decorator to 2026-02-04 00:00:00+00:00, run_after=2026-02-05 00:00:00+00:00
[2026-02-05T13:12:49.239+0000] {processor.py:183} INFO - Processing /home/airflow/.local/lib/python3.12/site-packages/airflow/example_dags/example_short_circuit_decorator.py took 0.046 seconds
[2026-02-05T13:13:19.958+0000] {processor.py:161} INFO - Started process (PID=2111) to work on /home/airflow/.local/lib/python3.12/site-packages/airflow/example_dags/example_short_circuit_decorator.py
[2026-02-05T13:13:19.959+0000] {processor.py:830} INFO - Processing file /home/airflow/.local/lib/python3.12/site-packages/airflow/example_dags/example_short_circuit_decorator.py for tasks to queue
[2026-02-05T13:13:19.961+0000] {logging_mixin.py:188} INFO - [2026-02-05T13:13:19.960+0000] {dagbag.py:540} INFO - Filling up the DagBag from /home/airflow/.local/lib/python3.12/site-packages/airflow/example_dags/example_short_circuit_decorator.py
[2026-02-05T13:13:19.966+0000] {processor.py:840} INFO - DAG(s) 'example_short_circuit_decorator' retrieved from /home/airflow/.local/lib/python3.12/site-packages/airflow/example_dags/example_short_circuit_decorator.py
[2026-02-05T13:13:19.981+0000] {logging_mixin.py:188} INFO - [2026-02-05T13:13:19.981+0000] {dag.py:3096} INFO - Sync 1 DAGs
[2026-02-05T13:13:19.992+0000] {logging_mixin.py:188} INFO - [2026-02-05T13:13:19.992+0000] {dag.py:3954} INFO - Setting next_dagrun for example_short_circuit_decorator to 2026-02-04 00:00:00+00:00, run_after=2026-02-05 00:00:00+00:00
[2026-02-05T13:13:20.001+0000] {processor.py:183} INFO - Processing /home/airflow/.local/lib/python3.12/site-packages/airflow/example_dags/example_short_circuit_decorator.py took 0.046 seconds
[2026-02-05T13:13:50.835+0000] {processor.py:161} INFO - Started process (PID=2169) to work on /home/airflow/.local/lib/python3.12/site-packages/airflow/example_dags/example_short_circuit_decorator.py
[2026-02-05T13:13:50.836+0000] {processor.py:830} INFO - Processing file /home/airflow/.local/lib/python3.12/site-packages/airflow/example_dags/example_short_circuit_decorator.py for tasks to queue
[2026-02-05T13:13:50.837+0000] {logging_mixin.py:188} INFO - [2026-02-05T13:13:50.837+0000] {dagbag.py:540} INFO - Filling up the DagBag from /home/airflow/.local/lib/python3.12/site-packages/airflow/example_dags/example_short_circuit_decorator.py
[2026-02-05T13:13:50.843+0000] {processor.py:840} INFO - DAG(s) 'example_short_circuit_decorator' retrieved from /home/airflow/.local/lib/python3.12/site-packages/airflow/example_dags/example_short_circuit_decorator.py
[2026-02-05T13:13:50.857+0000] {logging_mixin.py:188} INFO - [2026-02-05T13:13:50.857+0000] {dag.py:3096} INFO - Sync 1 DAGs
[2026-02-05T13:13:50.868+0000] {logging_mixin.py:188} INFO - [2026-02-05T13:13:50.868+0000] {dag.py:3954} INFO - Setting next_dagrun for example_short_circuit_decorator to 2026-02-04 00:00:00+00:00, run_after=2026-02-05 00:00:00+00:00
[2026-02-05T13:13:50.878+0000] {processor.py:183} INFO - Processing /home/airflow/.local/lib/python3.12/site-packages/airflow/example_dags/example_short_circuit_decorator.py took 0.048 seconds
[2026-02-05T13:14:21.835+0000] {processor.py:161} INFO - Started process (PID=2227) to work on /home/airflow/.local/lib/python3.12/site-packages/airflow/example_dags/example_short_circuit_decorator.py
[2026-02-05T13:14:21.838+0000] {processor.py:830} INFO - Processing file /home/airflow/.local/lib/python3.12/site-packages/airflow/example_dags/example_short_circuit_decorator.py for tasks to queue
[2026-02-05T13:14:21.843+0000] {logging_mixin.py:188} INFO - [2026-02-05T13:14:21.843+0000] {dagbag.py:540} INFO - Filling up the DagBag from /home/airflow/.local/lib/python3.12/site-packages/airflow/example_dags/example_short_circuit_decorator.py
[2026-02-05T13:14:21.851+0000] {processor.py:840} INFO - DAG(s) 'example_short_circuit_decorator' retrieved from /home/airflow/.local/lib/python3.12/site-packages/airflow/example_dags/example_short_circuit_decorator.py
[2026-02-05T13:14:21.869+0000] {logging_mixin.py:188} INFO - [2026-02-05T13:14:21.869+0000] {dag.py:3096} INFO - Sync 1 DAGs
[2026-02-05T13:14:21.887+0000] {logging_mixin.py:188} INFO - [2026-02-05T13:14:21.887+0000] {dag.py:3954} INFO - Setting next_dagrun for example_short_circuit_decorator to 2026-02-04 00:00:00+00:00, run_after=2026-02-05 00:00:00+00:00
[2026-02-05T13:14:21.898+0000] {processor.py:183} INFO - Processing /home/airflow/.local/lib/python3.12/site-packages/airflow/example_dags/example_short_circuit_decorator.py took 0.068 seconds
[2026-02-05T13:14:51.957+0000] {processor.py:161} INFO - Started process (PID=2285) to work on /home/airflow/.local/lib/python3.12/site-packages/airflow/example_dags/example_short_circuit_decorator.py
[2026-02-05T13:14:51.960+0000] {processor.py:830} INFO - Processing file /home/airflow/.local/lib/python3.12/site-packages/airflow/example_dags/example_short_circuit_decorator.py for tasks to queue
[2026-02-05T13:14:51.961+0000] {logging_mixin.py:188} INFO - [2026-02-05T13:14:51.961+0000] {dagbag.py:540} INFO - Filling up the DagBag from /home/airflow/.local/lib/python3.12/site-packages/airflow/example_dags/example_short_circuit_decorator.py
[2026-02-05T13:14:51.968+0000] {processor.py:840} INFO - DAG(s) 'example_short_circuit_decorator' retrieved from /home/airflow/.local/lib/python3.12/site-packages/airflow/example_dags/example_short_circuit_decorator.py
[2026-02-05T13:14:51.988+0000] {logging_mixin.py:188} INFO - [2026-02-05T13:14:51.987+0000] {dag.py:3096} INFO - Sync 1 DAGs
[2026-02-05T13:14:52.003+0000] {logging_mixin.py:188} INFO - [2026-02-05T13:14:52.002+0000] {dag.py:3954} INFO - Setting next_dagrun for example_short_circuit_decorator to 2026-02-04 00:00:00+00:00, run_after=2026-02-05 00:00:00+00:00
[2026-02-05T13:14:52.014+0000] {processor.py:183} INFO - Processing /home/airflow/.local/lib/python3.12/site-packages/airflow/example_dags/example_short_circuit_decorator.py took 0.062 seconds
[2026-02-05T13:15:22.935+0000] {processor.py:161} INFO - Started process (PID=2342) to work on /home/airflow/.local/lib/python3.12/site-packages/airflow/example_dags/example_short_circuit_decorator.py
[2026-02-05T13:15:22.937+0000] {processor.py:830} INFO - Processing file /home/airflow/.local/lib/python3.12/site-packages/airflow/example_dags/example_short_circuit_decorator.py for tasks to queue
[2026-02-05T13:15:22.939+0000] {logging_mixin.py:188} INFO - [2026-02-05T13:15:22.938+0000] {dagbag.py:540} INFO - Filling up the DagBag from /home/airflow/.local/lib/python3.12/site-packages/airflow/example_dags/example_short_circuit_decorator.py
[2026-02-05T13:15:22.944+0000] {processor.py:840} INFO - DAG(s) 'example_short_circuit_decorator' retrieved from /home/airflow/.local/lib/python3.12/site-packages/airflow/example_dags/example_short_circuit_decorator.py
[2026-02-05T13:15:22.956+0000] {logging_mixin.py:188} INFO - [2026-02-05T13:15:22.956+0000] {dag.py:3096} INFO - Sync 1 DAGs
[2026-02-05T13:15:22.972+0000] {logging_mixin.py:188} INFO - [2026-02-05T13:15:22.972+0000] {dag.py:3954} INFO - Setting next_dagrun for example_short_circuit_decorator to 2026-02-04 00:00:00+00:00, run_after=2026-02-05 00:00:00+00:00
[2026-02-05T13:15:22.984+0000] {processor.py:183} INFO - Processing /home/airflow/.local/lib/python3.12/site-packages/airflow/example_dags/example_short_circuit_decorator.py took 0.052 seconds
[2026-02-05T13:15:53.759+0000] {processor.py:161} INFO - Started process (PID=2400) to work on /home/airflow/.local/lib/python3.12/site-packages/airflow/example_dags/example_short_circuit_decorator.py
[2026-02-05T13:15:53.760+0000] {processor.py:830} INFO - Processing file /home/airflow/.local/lib/python3.12/site-packages/airflow/example_dags/example_short_circuit_decorator.py for tasks to queue
[2026-02-05T13:15:53.761+0000] {logging_mixin.py:188} INFO - [2026-02-05T13:15:53.761+0000] {dagbag.py:540} INFO - Filling up the DagBag from /home/airflow/.local/lib/python3.12/site-packages/airflow/example_dags/example_short_circuit_decorator.py
[2026-02-05T13:15:53.766+0000] {processor.py:840} INFO - DAG(s) 'example_short_circuit_decorator' retrieved from /home/airflow/.local/lib/python3.12/site-packages/airflow/example_dags/example_short_circuit_decorator.py
[2026-02-05T13:15:53.780+0000] {logging_mixin.py:188} INFO - [2026-02-05T13:15:53.780+0000] {dag.py:3096} INFO - Sync 1 DAGs
[2026-02-05T13:15:53.793+0000] {logging_mixin.py:188} INFO - [2026-02-05T13:15:53.793+0000] {dag.py:3954} INFO - Setting next_dagrun for example_short_circuit_decorator to 2026-02-04 00:00:00+00:00, run_after=2026-02-05 00:00:00+00:00
[2026-02-05T13:15:53.806+0000] {processor.py:183} INFO - Processing /home/airflow/.local/lib/python3.12/site-packages/airflow/example_dags/example_short_circuit_decorator.py took 0.051 seconds
[2026-02-05T13:16:24.797+0000] {processor.py:161} INFO - Started process (PID=2458) to work on /home/airflow/.local/lib/python3.12/site-packages/airflow/example_dags/example_short_circuit_decorator.py
[2026-02-05T13:16:24.798+0000] {processor.py:830} INFO - Processing file /home/airflow/.local/lib/python3.12/site-packages/airflow/example_dags/example_short_circuit_decorator.py for tasks to queue
[2026-02-05T13:16:24.801+0000] {logging_mixin.py:188} INFO - [2026-02-05T13:16:24.801+0000] {dagbag.py:540} INFO - Filling up the DagBag from /home/airflow/.local/lib/python3.12/site-packages/airflow/example_dags/example_short_circuit_decorator.py
[2026-02-05T13:16:24.806+0000] {processor.py:840} INFO - DAG(s) 'example_short_circuit_decorator' retrieved from /home/airflow/.local/lib/python3.12/site-packages/airflow/example_dags/example_short_circuit_decorator.py
[2026-02-05T13:16:24.821+0000] {logging_mixin.py:188} INFO - [2026-02-05T13:16:24.821+0000] {dag.py:3096} INFO - Sync 1 DAGs
[2026-02-05T13:16:24.834+0000] {logging_mixin.py:188} INFO - [2026-02-05T13:16:24.834+0000] {dag.py:3954} INFO - Setting next_dagrun for example_short_circuit_decorator to 2026-02-04 00:00:00+00:00, run_after=2026-02-05 00:00:00+00:00
[2026-02-05T13:16:24.846+0000] {processor.py:183} INFO - Processing /home/airflow/.local/lib/python3.12/site-packages/airflow/example_dags/example_short_circuit_decorator.py took 0.052 seconds
[2026-02-05T13:16:54.859+0000] {processor.py:161} INFO - Started process (PID=2515) to work on /home/airflow/.local/lib/python3.12/site-packages/airflow/example_dags/example_short_circuit_decorator.py
[2026-02-05T13:16:54.860+0000] {processor.py:830} INFO - Processing file /home/airflow/.local/lib/python3.12/site-packages/airflow/example_dags/example_short_circuit_decorator.py for tasks to queue
[2026-02-05T13:16:54.861+0000] {logging_mixin.py:188} INFO - [2026-02-05T13:16:54.861+0000] {dagbag.py:540} INFO - Filling up the DagBag from /home/airflow/.local/lib/python3.12/site-packages/airflow/example_dags/example_short_circuit_decorator.py
[2026-02-05T13:16:54.866+0000] {processor.py:840} INFO - DAG(s) 'example_short_circuit_decorator' retrieved from /home/airflow/.local/lib/python3.12/site-packages/airflow/example_dags/example_short_circuit_decorator.py
[2026-02-05T13:16:54.878+0000] {logging_mixin.py:188} INFO - [2026-02-05T13:16:54.878+0000] {dag.py:3096} INFO - Sync 1 DAGs
[2026-02-05T13:16:54.889+0000] {logging_mixin.py:188} INFO - [2026-02-05T13:16:54.889+0000] {dag.py:3954} INFO - Setting next_dagrun for example_short_circuit_decorator to 2026-02-04 00:00:00+00:00, run_after=2026-02-05 00:00:00+00:00
[2026-02-05T13:16:54.898+0000] {processor.py:183} INFO - Processing /home/airflow/.local/lib/python3.12/site-packages/airflow/example_dags/example_short_circuit_decorator.py took 0.041 seconds
[2026-02-05T13:17:24.979+0000] {processor.py:161} INFO - Started process (PID=2574) to work on /home/airflow/.local/lib/python3.12/site-packages/airflow/example_dags/example_short_circuit_decorator.py
[2026-02-05T13:17:24.980+0000] {processor.py:830} INFO - Processing file /home/airflow/.local/lib/python3.12/site-packages/airflow/example_dags/example_short_circuit_decorator.py for tasks to queue
[2026-02-05T13:17:24.981+0000] {logging_mixin.py:188} INFO - [2026-02-05T13:17:24.981+0000] {dagbag.py:540} INFO - Filling up the DagBag from /home/airflow/.local/lib/python3.12/site-packages/airflow/example_dags/example_short_circuit_decorator.py
[2026-02-05T13:17:24.987+0000] {processor.py:840} INFO - DAG(s) 'example_short_circuit_decorator' retrieved from /home/airflow/.local/lib/python3.12/site-packages/airflow/example_dags/example_short_circuit_decorator.py
[2026-02-05T13:17:25.002+0000] {logging_mixin.py:188} INFO - [2026-02-05T13:17:25.002+0000] {dag.py:3096} INFO - Sync 1 DAGs
[2026-02-05T13:17:25.014+0000] {logging_mixin.py:188} INFO - [2026-02-05T13:17:25.014+0000] {dag.py:3954} INFO - Setting next_dagrun for example_short_circuit_decorator to 2026-02-04 00:00:00+00:00, run_after=2026-02-05 00:00:00+00:00
[2026-02-05T13:17:25.024+0000] {processor.py:183} INFO - Processing /home/airflow/.local/lib/python3.12/site-packages/airflow/example_dags/example_short_circuit_decorator.py took 0.048 seconds
[2026-02-05T13:17:55.387+0000] {processor.py:161} INFO - Started process (PID=2631) to work on /home/airflow/.local/lib/python3.12/site-packages/airflow/example_dags/example_short_circuit_decorator.py
[2026-02-05T13:17:55.389+0000] {processor.py:830} INFO - Processing file /home/airflow/.local/lib/python3.12/site-packages/airflow/example_dags/example_short_circuit_decorator.py for tasks to queue
[2026-02-05T13:17:55.391+0000] {logging_mixin.py:188} INFO - [2026-02-05T13:17:55.390+0000] {dagbag.py:540} INFO - Filling up the DagBag from /home/airflow/.local/lib/python3.12/site-packages/airflow/example_dags/example_short_circuit_decorator.py
[2026-02-05T13:17:55.396+0000] {processor.py:840} INFO - DAG(s) 'example_short_circuit_decorator' retrieved from /home/airflow/.local/lib/python3.12/site-packages/airflow/example_dags/example_short_circuit_decorator.py
[2026-02-05T13:17:55.409+0000] {logging_mixin.py:188} INFO - [2026-02-05T13:17:55.409+0000] {dag.py:3096} INFO - Sync 1 DAGs
[2026-02-05T13:17:55.427+0000] {logging_mixin.py:188} INFO - [2026-02-05T13:17:55.427+0000] {dag.py:3954} INFO - Setting next_dagrun for example_short_circuit_decorator to 2026-02-04 00:00:00+00:00, run_after=2026-02-05 00:00:00+00:00
[2026-02-05T13:17:55.446+0000] {processor.py:183} INFO - Processing /home/airflow/.local/lib/python3.12/site-packages/airflow/example_dags/example_short_circuit_decorator.py took 0.062 seconds
