[2026-02-05T12:55:33.109+0000] {processor.py:161} INFO - Started process (PID=63) to work on /home/airflow/.local/lib/python3.12/site-packages/airflow/example_dags/example_xcom.py
[2026-02-05T12:55:33.112+0000] {processor.py:830} INFO - Processing file /home/airflow/.local/lib/python3.12/site-packages/airflow/example_dags/example_xcom.py for tasks to queue
[2026-02-05T12:55:33.114+0000] {logging_mixin.py:188} INFO - [2026-02-05T12:55:33.114+0000] {dagbag.py:540} INFO - Filling up the DagBag from /home/airflow/.local/lib/python3.12/site-packages/airflow/example_dags/example_xcom.py
[2026-02-05T12:55:33.129+0000] {processor.py:840} INFO - DAG(s) 'example_xcom' retrieved from /home/airflow/.local/lib/python3.12/site-packages/airflow/example_dags/example_xcom.py
[2026-02-05T12:55:33.146+0000] {logging_mixin.py:188} INFO - [2026-02-05T12:55:33.145+0000] {dag.py:3096} INFO - Sync 1 DAGs
[2026-02-05T12:55:33.168+0000] {logging_mixin.py:188} INFO - [2026-02-05T12:55:33.167+0000] {dag.py:3954} INFO - Setting next_dagrun for example_xcom to 2021-01-01 00:00:00+00:00, run_after=2021-01-01 00:00:00+00:00
[2026-02-05T12:55:33.263+0000] {processor.py:183} INFO - Processing /home/airflow/.local/lib/python3.12/site-packages/airflow/example_dags/example_xcom.py took 0.161 seconds
[2026-02-05T12:56:04.127+0000] {processor.py:161} INFO - Started process (PID=121) to work on /home/airflow/.local/lib/python3.12/site-packages/airflow/example_dags/example_xcom.py
[2026-02-05T12:56:04.128+0000] {processor.py:830} INFO - Processing file /home/airflow/.local/lib/python3.12/site-packages/airflow/example_dags/example_xcom.py for tasks to queue
[2026-02-05T12:56:04.129+0000] {logging_mixin.py:188} INFO - [2026-02-05T12:56:04.129+0000] {dagbag.py:540} INFO - Filling up the DagBag from /home/airflow/.local/lib/python3.12/site-packages/airflow/example_dags/example_xcom.py
[2026-02-05T12:56:04.134+0000] {processor.py:840} INFO - DAG(s) 'example_xcom' retrieved from /home/airflow/.local/lib/python3.12/site-packages/airflow/example_dags/example_xcom.py
[2026-02-05T12:56:04.192+0000] {logging_mixin.py:188} INFO - [2026-02-05T12:56:04.192+0000] {dag.py:3096} INFO - Sync 1 DAGs
[2026-02-05T12:56:04.204+0000] {logging_mixin.py:188} INFO - [2026-02-05T12:56:04.203+0000] {dag.py:3954} INFO - Setting next_dagrun for example_xcom to 2021-01-01 00:00:00+00:00, run_after=2021-01-01 00:00:00+00:00
[2026-02-05T12:56:04.220+0000] {processor.py:183} INFO - Processing /home/airflow/.local/lib/python3.12/site-packages/airflow/example_dags/example_xcom.py took 0.097 seconds
[2026-02-05T12:56:34.250+0000] {processor.py:161} INFO - Started process (PID=179) to work on /home/airflow/.local/lib/python3.12/site-packages/airflow/example_dags/example_xcom.py
[2026-02-05T12:56:34.251+0000] {processor.py:830} INFO - Processing file /home/airflow/.local/lib/python3.12/site-packages/airflow/example_dags/example_xcom.py for tasks to queue
[2026-02-05T12:56:34.253+0000] {logging_mixin.py:188} INFO - [2026-02-05T12:56:34.253+0000] {dagbag.py:540} INFO - Filling up the DagBag from /home/airflow/.local/lib/python3.12/site-packages/airflow/example_dags/example_xcom.py
[2026-02-05T12:56:34.259+0000] {processor.py:840} INFO - DAG(s) 'example_xcom' retrieved from /home/airflow/.local/lib/python3.12/site-packages/airflow/example_dags/example_xcom.py
[2026-02-05T12:56:34.275+0000] {logging_mixin.py:188} INFO - [2026-02-05T12:56:34.275+0000] {dag.py:3096} INFO - Sync 1 DAGs
[2026-02-05T12:56:34.286+0000] {logging_mixin.py:188} INFO - [2026-02-05T12:56:34.286+0000] {dag.py:3954} INFO - Setting next_dagrun for example_xcom to 2021-01-01 00:00:00+00:00, run_after=2021-01-01 00:00:00+00:00
[2026-02-05T12:56:34.296+0000] {processor.py:183} INFO - Processing /home/airflow/.local/lib/python3.12/site-packages/airflow/example_dags/example_xcom.py took 0.049 seconds
[2026-02-05T12:57:04.386+0000] {processor.py:161} INFO - Started process (PID=237) to work on /home/airflow/.local/lib/python3.12/site-packages/airflow/example_dags/example_xcom.py
[2026-02-05T12:57:04.387+0000] {processor.py:830} INFO - Processing file /home/airflow/.local/lib/python3.12/site-packages/airflow/example_dags/example_xcom.py for tasks to queue
[2026-02-05T12:57:04.388+0000] {logging_mixin.py:188} INFO - [2026-02-05T12:57:04.388+0000] {dagbag.py:540} INFO - Filling up the DagBag from /home/airflow/.local/lib/python3.12/site-packages/airflow/example_dags/example_xcom.py
[2026-02-05T12:57:04.392+0000] {processor.py:840} INFO - DAG(s) 'example_xcom' retrieved from /home/airflow/.local/lib/python3.12/site-packages/airflow/example_dags/example_xcom.py
[2026-02-05T12:57:04.404+0000] {logging_mixin.py:188} INFO - [2026-02-05T12:57:04.404+0000] {dag.py:3096} INFO - Sync 1 DAGs
[2026-02-05T12:57:04.415+0000] {logging_mixin.py:188} INFO - [2026-02-05T12:57:04.414+0000] {dag.py:3954} INFO - Setting next_dagrun for example_xcom to 2021-01-01 00:00:00+00:00, run_after=2021-01-01 00:00:00+00:00
[2026-02-05T12:57:04.424+0000] {processor.py:183} INFO - Processing /home/airflow/.local/lib/python3.12/site-packages/airflow/example_dags/example_xcom.py took 0.041 seconds
[2026-02-05T12:57:34.932+0000] {processor.py:161} INFO - Started process (PID=295) to work on /home/airflow/.local/lib/python3.12/site-packages/airflow/example_dags/example_xcom.py
[2026-02-05T12:57:34.933+0000] {processor.py:830} INFO - Processing file /home/airflow/.local/lib/python3.12/site-packages/airflow/example_dags/example_xcom.py for tasks to queue
[2026-02-05T12:57:34.934+0000] {logging_mixin.py:188} INFO - [2026-02-05T12:57:34.934+0000] {dagbag.py:540} INFO - Filling up the DagBag from /home/airflow/.local/lib/python3.12/site-packages/airflow/example_dags/example_xcom.py
[2026-02-05T12:57:34.938+0000] {processor.py:840} INFO - DAG(s) 'example_xcom' retrieved from /home/airflow/.local/lib/python3.12/site-packages/airflow/example_dags/example_xcom.py
[2026-02-05T12:57:34.951+0000] {logging_mixin.py:188} INFO - [2026-02-05T12:57:34.950+0000] {dag.py:3096} INFO - Sync 1 DAGs
[2026-02-05T12:57:34.962+0000] {logging_mixin.py:188} INFO - [2026-02-05T12:57:34.962+0000] {dag.py:3954} INFO - Setting next_dagrun for example_xcom to 2021-01-01 00:00:00+00:00, run_after=2021-01-01 00:00:00+00:00
[2026-02-05T12:57:34.974+0000] {processor.py:183} INFO - Processing /home/airflow/.local/lib/python3.12/site-packages/airflow/example_dags/example_xcom.py took 0.045 seconds
[2026-02-05T12:58:05.223+0000] {processor.py:161} INFO - Started process (PID=353) to work on /home/airflow/.local/lib/python3.12/site-packages/airflow/example_dags/example_xcom.py
[2026-02-05T12:58:05.224+0000] {processor.py:830} INFO - Processing file /home/airflow/.local/lib/python3.12/site-packages/airflow/example_dags/example_xcom.py for tasks to queue
[2026-02-05T12:58:05.225+0000] {logging_mixin.py:188} INFO - [2026-02-05T12:58:05.225+0000] {dagbag.py:540} INFO - Filling up the DagBag from /home/airflow/.local/lib/python3.12/site-packages/airflow/example_dags/example_xcom.py
[2026-02-05T12:58:05.229+0000] {processor.py:840} INFO - DAG(s) 'example_xcom' retrieved from /home/airflow/.local/lib/python3.12/site-packages/airflow/example_dags/example_xcom.py
[2026-02-05T12:58:05.240+0000] {logging_mixin.py:188} INFO - [2026-02-05T12:58:05.240+0000] {dag.py:3096} INFO - Sync 1 DAGs
[2026-02-05T12:58:05.251+0000] {logging_mixin.py:188} INFO - [2026-02-05T12:58:05.251+0000] {dag.py:3954} INFO - Setting next_dagrun for example_xcom to 2021-01-01 00:00:00+00:00, run_after=2021-01-01 00:00:00+00:00
[2026-02-05T12:58:05.261+0000] {processor.py:183} INFO - Processing /home/airflow/.local/lib/python3.12/site-packages/airflow/example_dags/example_xcom.py took 0.040 seconds
[2026-02-05T12:58:35.375+0000] {processor.py:161} INFO - Started process (PID=411) to work on /home/airflow/.local/lib/python3.12/site-packages/airflow/example_dags/example_xcom.py
[2026-02-05T12:58:35.376+0000] {processor.py:830} INFO - Processing file /home/airflow/.local/lib/python3.12/site-packages/airflow/example_dags/example_xcom.py for tasks to queue
[2026-02-05T12:58:35.377+0000] {logging_mixin.py:188} INFO - [2026-02-05T12:58:35.377+0000] {dagbag.py:540} INFO - Filling up the DagBag from /home/airflow/.local/lib/python3.12/site-packages/airflow/example_dags/example_xcom.py
[2026-02-05T12:58:35.380+0000] {processor.py:840} INFO - DAG(s) 'example_xcom' retrieved from /home/airflow/.local/lib/python3.12/site-packages/airflow/example_dags/example_xcom.py
[2026-02-05T12:58:35.393+0000] {logging_mixin.py:188} INFO - [2026-02-05T12:58:35.393+0000] {dag.py:3096} INFO - Sync 1 DAGs
[2026-02-05T12:58:35.404+0000] {logging_mixin.py:188} INFO - [2026-02-05T12:58:35.404+0000] {dag.py:3954} INFO - Setting next_dagrun for example_xcom to 2021-01-01 00:00:00+00:00, run_after=2021-01-01 00:00:00+00:00
[2026-02-05T12:58:35.413+0000] {processor.py:183} INFO - Processing /home/airflow/.local/lib/python3.12/site-packages/airflow/example_dags/example_xcom.py took 0.041 seconds
[2026-02-05T12:59:05.499+0000] {processor.py:161} INFO - Started process (PID=478) to work on /home/airflow/.local/lib/python3.12/site-packages/airflow/example_dags/example_xcom.py
[2026-02-05T12:59:05.500+0000] {processor.py:830} INFO - Processing file /home/airflow/.local/lib/python3.12/site-packages/airflow/example_dags/example_xcom.py for tasks to queue
[2026-02-05T12:59:05.501+0000] {logging_mixin.py:188} INFO - [2026-02-05T12:59:05.500+0000] {dagbag.py:540} INFO - Filling up the DagBag from /home/airflow/.local/lib/python3.12/site-packages/airflow/example_dags/example_xcom.py
[2026-02-05T12:59:05.506+0000] {processor.py:840} INFO - DAG(s) 'example_xcom' retrieved from /home/airflow/.local/lib/python3.12/site-packages/airflow/example_dags/example_xcom.py
[2026-02-05T12:59:05.517+0000] {logging_mixin.py:188} INFO - [2026-02-05T12:59:05.517+0000] {dag.py:3096} INFO - Sync 1 DAGs
[2026-02-05T12:59:05.529+0000] {logging_mixin.py:188} INFO - [2026-02-05T12:59:05.529+0000] {dag.py:3954} INFO - Setting next_dagrun for example_xcom to 2021-01-01 00:00:00+00:00, run_after=2021-01-01 00:00:00+00:00
[2026-02-05T12:59:05.540+0000] {processor.py:183} INFO - Processing /home/airflow/.local/lib/python3.12/site-packages/airflow/example_dags/example_xcom.py took 0.044 seconds
[2026-02-05T12:59:35.759+0000] {processor.py:161} INFO - Started process (PID=537) to work on /home/airflow/.local/lib/python3.12/site-packages/airflow/example_dags/example_xcom.py
[2026-02-05T12:59:35.759+0000] {processor.py:830} INFO - Processing file /home/airflow/.local/lib/python3.12/site-packages/airflow/example_dags/example_xcom.py for tasks to queue
[2026-02-05T12:59:35.760+0000] {logging_mixin.py:188} INFO - [2026-02-05T12:59:35.760+0000] {dagbag.py:540} INFO - Filling up the DagBag from /home/airflow/.local/lib/python3.12/site-packages/airflow/example_dags/example_xcom.py
[2026-02-05T12:59:35.764+0000] {processor.py:840} INFO - DAG(s) 'example_xcom' retrieved from /home/airflow/.local/lib/python3.12/site-packages/airflow/example_dags/example_xcom.py
[2026-02-05T12:59:35.777+0000] {logging_mixin.py:188} INFO - [2026-02-05T12:59:35.777+0000] {dag.py:3096} INFO - Sync 1 DAGs
[2026-02-05T12:59:35.791+0000] {logging_mixin.py:188} INFO - [2026-02-05T12:59:35.791+0000] {dag.py:3954} INFO - Setting next_dagrun for example_xcom to 2021-01-01 00:00:00+00:00, run_after=2021-01-01 00:00:00+00:00
[2026-02-05T12:59:35.805+0000] {processor.py:183} INFO - Processing /home/airflow/.local/lib/python3.12/site-packages/airflow/example_dags/example_xcom.py took 0.050 seconds
[2026-02-05T13:00:06.011+0000] {processor.py:161} INFO - Started process (PID=595) to work on /home/airflow/.local/lib/python3.12/site-packages/airflow/example_dags/example_xcom.py
[2026-02-05T13:00:06.012+0000] {processor.py:830} INFO - Processing file /home/airflow/.local/lib/python3.12/site-packages/airflow/example_dags/example_xcom.py for tasks to queue
[2026-02-05T13:00:06.013+0000] {logging_mixin.py:188} INFO - [2026-02-05T13:00:06.013+0000] {dagbag.py:540} INFO - Filling up the DagBag from /home/airflow/.local/lib/python3.12/site-packages/airflow/example_dags/example_xcom.py
[2026-02-05T13:00:06.018+0000] {processor.py:840} INFO - DAG(s) 'example_xcom' retrieved from /home/airflow/.local/lib/python3.12/site-packages/airflow/example_dags/example_xcom.py
[2026-02-05T13:00:06.030+0000] {logging_mixin.py:188} INFO - [2026-02-05T13:00:06.030+0000] {dag.py:3096} INFO - Sync 1 DAGs
[2026-02-05T13:00:06.040+0000] {logging_mixin.py:188} INFO - [2026-02-05T13:00:06.040+0000] {dag.py:3954} INFO - Setting next_dagrun for example_xcom to 2021-01-01 00:00:00+00:00, run_after=2021-01-01 00:00:00+00:00
[2026-02-05T13:00:06.052+0000] {processor.py:183} INFO - Processing /home/airflow/.local/lib/python3.12/site-packages/airflow/example_dags/example_xcom.py took 0.045 seconds
[2026-02-05T13:00:36.087+0000] {processor.py:161} INFO - Started process (PID=653) to work on /home/airflow/.local/lib/python3.12/site-packages/airflow/example_dags/example_xcom.py
[2026-02-05T13:00:36.088+0000] {processor.py:830} INFO - Processing file /home/airflow/.local/lib/python3.12/site-packages/airflow/example_dags/example_xcom.py for tasks to queue
[2026-02-05T13:00:36.089+0000] {logging_mixin.py:188} INFO - [2026-02-05T13:00:36.089+0000] {dagbag.py:540} INFO - Filling up the DagBag from /home/airflow/.local/lib/python3.12/site-packages/airflow/example_dags/example_xcom.py
[2026-02-05T13:00:36.093+0000] {processor.py:840} INFO - DAG(s) 'example_xcom' retrieved from /home/airflow/.local/lib/python3.12/site-packages/airflow/example_dags/example_xcom.py
[2026-02-05T13:00:36.107+0000] {logging_mixin.py:188} INFO - [2026-02-05T13:00:36.107+0000] {dag.py:3096} INFO - Sync 1 DAGs
[2026-02-05T13:00:36.118+0000] {logging_mixin.py:188} INFO - [2026-02-05T13:00:36.118+0000] {dag.py:3954} INFO - Setting next_dagrun for example_xcom to 2021-01-01 00:00:00+00:00, run_after=2021-01-01 00:00:00+00:00
[2026-02-05T13:00:36.129+0000] {processor.py:183} INFO - Processing /home/airflow/.local/lib/python3.12/site-packages/airflow/example_dags/example_xcom.py took 0.045 seconds
[2026-02-05T13:01:06.171+0000] {processor.py:161} INFO - Started process (PID=711) to work on /home/airflow/.local/lib/python3.12/site-packages/airflow/example_dags/example_xcom.py
[2026-02-05T13:01:06.172+0000] {processor.py:830} INFO - Processing file /home/airflow/.local/lib/python3.12/site-packages/airflow/example_dags/example_xcom.py for tasks to queue
[2026-02-05T13:01:06.173+0000] {logging_mixin.py:188} INFO - [2026-02-05T13:01:06.173+0000] {dagbag.py:540} INFO - Filling up the DagBag from /home/airflow/.local/lib/python3.12/site-packages/airflow/example_dags/example_xcom.py
[2026-02-05T13:01:06.177+0000] {processor.py:840} INFO - DAG(s) 'example_xcom' retrieved from /home/airflow/.local/lib/python3.12/site-packages/airflow/example_dags/example_xcom.py
[2026-02-05T13:01:06.193+0000] {logging_mixin.py:188} INFO - [2026-02-05T13:01:06.192+0000] {dag.py:3096} INFO - Sync 1 DAGs
[2026-02-05T13:01:06.205+0000] {logging_mixin.py:188} INFO - [2026-02-05T13:01:06.205+0000] {dag.py:3954} INFO - Setting next_dagrun for example_xcom to 2021-01-01 00:00:00+00:00, run_after=2021-01-01 00:00:00+00:00
[2026-02-05T13:01:06.214+0000] {processor.py:183} INFO - Processing /home/airflow/.local/lib/python3.12/site-packages/airflow/example_dags/example_xcom.py took 0.046 seconds
[2026-02-05T13:01:36.349+0000] {processor.py:161} INFO - Started process (PID=769) to work on /home/airflow/.local/lib/python3.12/site-packages/airflow/example_dags/example_xcom.py
[2026-02-05T13:01:36.350+0000] {processor.py:830} INFO - Processing file /home/airflow/.local/lib/python3.12/site-packages/airflow/example_dags/example_xcom.py for tasks to queue
[2026-02-05T13:01:36.352+0000] {logging_mixin.py:188} INFO - [2026-02-05T13:01:36.352+0000] {dagbag.py:540} INFO - Filling up the DagBag from /home/airflow/.local/lib/python3.12/site-packages/airflow/example_dags/example_xcom.py
[2026-02-05T13:01:36.356+0000] {processor.py:840} INFO - DAG(s) 'example_xcom' retrieved from /home/airflow/.local/lib/python3.12/site-packages/airflow/example_dags/example_xcom.py
[2026-02-05T13:01:36.367+0000] {logging_mixin.py:188} INFO - [2026-02-05T13:01:36.367+0000] {dag.py:3096} INFO - Sync 1 DAGs
[2026-02-05T13:01:36.377+0000] {logging_mixin.py:188} INFO - [2026-02-05T13:01:36.377+0000] {dag.py:3954} INFO - Setting next_dagrun for example_xcom to 2021-01-01 00:00:00+00:00, run_after=2021-01-01 00:00:00+00:00
[2026-02-05T13:01:36.386+0000] {processor.py:183} INFO - Processing /home/airflow/.local/lib/python3.12/site-packages/airflow/example_dags/example_xcom.py took 0.041 seconds
[2026-02-05T13:02:06.833+0000] {processor.py:161} INFO - Started process (PID=826) to work on /home/airflow/.local/lib/python3.12/site-packages/airflow/example_dags/example_xcom.py
[2026-02-05T13:02:06.834+0000] {processor.py:830} INFO - Processing file /home/airflow/.local/lib/python3.12/site-packages/airflow/example_dags/example_xcom.py for tasks to queue
[2026-02-05T13:02:06.836+0000] {logging_mixin.py:188} INFO - [2026-02-05T13:02:06.836+0000] {dagbag.py:540} INFO - Filling up the DagBag from /home/airflow/.local/lib/python3.12/site-packages/airflow/example_dags/example_xcom.py
[2026-02-05T13:02:06.842+0000] {processor.py:840} INFO - DAG(s) 'example_xcom' retrieved from /home/airflow/.local/lib/python3.12/site-packages/airflow/example_dags/example_xcom.py
[2026-02-05T13:02:06.862+0000] {logging_mixin.py:188} INFO - [2026-02-05T13:02:06.861+0000] {dag.py:3096} INFO - Sync 1 DAGs
[2026-02-05T13:02:06.874+0000] {logging_mixin.py:188} INFO - [2026-02-05T13:02:06.874+0000] {dag.py:3954} INFO - Setting next_dagrun for example_xcom to 2021-01-01 00:00:00+00:00, run_after=2021-01-01 00:00:00+00:00
[2026-02-05T13:02:06.886+0000] {processor.py:183} INFO - Processing /home/airflow/.local/lib/python3.12/site-packages/airflow/example_dags/example_xcom.py took 0.057 seconds
[2026-02-05T13:02:37.912+0000] {processor.py:161} INFO - Started process (PID=884) to work on /home/airflow/.local/lib/python3.12/site-packages/airflow/example_dags/example_xcom.py
[2026-02-05T13:02:37.913+0000] {processor.py:830} INFO - Processing file /home/airflow/.local/lib/python3.12/site-packages/airflow/example_dags/example_xcom.py for tasks to queue
[2026-02-05T13:02:37.915+0000] {logging_mixin.py:188} INFO - [2026-02-05T13:02:37.914+0000] {dagbag.py:540} INFO - Filling up the DagBag from /home/airflow/.local/lib/python3.12/site-packages/airflow/example_dags/example_xcom.py
[2026-02-05T13:02:37.919+0000] {processor.py:840} INFO - DAG(s) 'example_xcom' retrieved from /home/airflow/.local/lib/python3.12/site-packages/airflow/example_dags/example_xcom.py
[2026-02-05T13:02:37.933+0000] {logging_mixin.py:188} INFO - [2026-02-05T13:02:37.932+0000] {dag.py:3096} INFO - Sync 1 DAGs
[2026-02-05T13:02:37.948+0000] {logging_mixin.py:188} INFO - [2026-02-05T13:02:37.948+0000] {dag.py:3954} INFO - Setting next_dagrun for example_xcom to 2021-01-01 00:00:00+00:00, run_after=2021-01-01 00:00:00+00:00
[2026-02-05T13:02:37.962+0000] {processor.py:183} INFO - Processing /home/airflow/.local/lib/python3.12/site-packages/airflow/example_dags/example_xcom.py took 0.053 seconds
[2026-02-05T13:03:08.135+0000] {processor.py:161} INFO - Started process (PID=942) to work on /home/airflow/.local/lib/python3.12/site-packages/airflow/example_dags/example_xcom.py
[2026-02-05T13:03:08.136+0000] {processor.py:830} INFO - Processing file /home/airflow/.local/lib/python3.12/site-packages/airflow/example_dags/example_xcom.py for tasks to queue
[2026-02-05T13:03:08.137+0000] {logging_mixin.py:188} INFO - [2026-02-05T13:03:08.137+0000] {dagbag.py:540} INFO - Filling up the DagBag from /home/airflow/.local/lib/python3.12/site-packages/airflow/example_dags/example_xcom.py
[2026-02-05T13:03:08.141+0000] {processor.py:840} INFO - DAG(s) 'example_xcom' retrieved from /home/airflow/.local/lib/python3.12/site-packages/airflow/example_dags/example_xcom.py
[2026-02-05T13:03:08.153+0000] {logging_mixin.py:188} INFO - [2026-02-05T13:03:08.153+0000] {dag.py:3096} INFO - Sync 1 DAGs
[2026-02-05T13:03:08.163+0000] {logging_mixin.py:188} INFO - [2026-02-05T13:03:08.163+0000] {dag.py:3954} INFO - Setting next_dagrun for example_xcom to 2021-01-01 00:00:00+00:00, run_after=2021-01-01 00:00:00+00:00
[2026-02-05T13:03:08.273+0000] {processor.py:183} INFO - Processing /home/airflow/.local/lib/python3.12/site-packages/airflow/example_dags/example_xcom.py took 0.141 seconds
[2026-02-05T13:03:39.204+0000] {processor.py:161} INFO - Started process (PID=1000) to work on /home/airflow/.local/lib/python3.12/site-packages/airflow/example_dags/example_xcom.py
[2026-02-05T13:03:39.205+0000] {processor.py:830} INFO - Processing file /home/airflow/.local/lib/python3.12/site-packages/airflow/example_dags/example_xcom.py for tasks to queue
[2026-02-05T13:03:39.206+0000] {logging_mixin.py:188} INFO - [2026-02-05T13:03:39.206+0000] {dagbag.py:540} INFO - Filling up the DagBag from /home/airflow/.local/lib/python3.12/site-packages/airflow/example_dags/example_xcom.py
[2026-02-05T13:03:39.210+0000] {processor.py:840} INFO - DAG(s) 'example_xcom' retrieved from /home/airflow/.local/lib/python3.12/site-packages/airflow/example_dags/example_xcom.py
[2026-02-05T13:03:39.225+0000] {logging_mixin.py:188} INFO - [2026-02-05T13:03:39.225+0000] {dag.py:3096} INFO - Sync 1 DAGs
[2026-02-05T13:03:39.237+0000] {logging_mixin.py:188} INFO - [2026-02-05T13:03:39.236+0000] {dag.py:3954} INFO - Setting next_dagrun for example_xcom to 2021-01-01 00:00:00+00:00, run_after=2021-01-01 00:00:00+00:00
[2026-02-05T13:03:39.246+0000] {processor.py:183} INFO - Processing /home/airflow/.local/lib/python3.12/site-packages/airflow/example_dags/example_xcom.py took 0.045 seconds
[2026-02-05T13:04:09.287+0000] {processor.py:161} INFO - Started process (PID=1058) to work on /home/airflow/.local/lib/python3.12/site-packages/airflow/example_dags/example_xcom.py
[2026-02-05T13:04:09.287+0000] {processor.py:830} INFO - Processing file /home/airflow/.local/lib/python3.12/site-packages/airflow/example_dags/example_xcom.py for tasks to queue
[2026-02-05T13:04:09.288+0000] {logging_mixin.py:188} INFO - [2026-02-05T13:04:09.288+0000] {dagbag.py:540} INFO - Filling up the DagBag from /home/airflow/.local/lib/python3.12/site-packages/airflow/example_dags/example_xcom.py
[2026-02-05T13:04:09.293+0000] {processor.py:840} INFO - DAG(s) 'example_xcom' retrieved from /home/airflow/.local/lib/python3.12/site-packages/airflow/example_dags/example_xcom.py
[2026-02-05T13:04:09.306+0000] {logging_mixin.py:188} INFO - [2026-02-05T13:04:09.306+0000] {dag.py:3096} INFO - Sync 1 DAGs
[2026-02-05T13:04:09.317+0000] {logging_mixin.py:188} INFO - [2026-02-05T13:04:09.317+0000] {dag.py:3954} INFO - Setting next_dagrun for example_xcom to 2021-01-01 00:00:00+00:00, run_after=2021-01-01 00:00:00+00:00
[2026-02-05T13:04:09.329+0000] {processor.py:183} INFO - Processing /home/airflow/.local/lib/python3.12/site-packages/airflow/example_dags/example_xcom.py took 0.046 seconds
[2026-02-05T13:04:39.626+0000] {processor.py:161} INFO - Started process (PID=1116) to work on /home/airflow/.local/lib/python3.12/site-packages/airflow/example_dags/example_xcom.py
[2026-02-05T13:04:39.627+0000] {processor.py:830} INFO - Processing file /home/airflow/.local/lib/python3.12/site-packages/airflow/example_dags/example_xcom.py for tasks to queue
[2026-02-05T13:04:39.628+0000] {logging_mixin.py:188} INFO - [2026-02-05T13:04:39.627+0000] {dagbag.py:540} INFO - Filling up the DagBag from /home/airflow/.local/lib/python3.12/site-packages/airflow/example_dags/example_xcom.py
[2026-02-05T13:04:39.632+0000] {processor.py:840} INFO - DAG(s) 'example_xcom' retrieved from /home/airflow/.local/lib/python3.12/site-packages/airflow/example_dags/example_xcom.py
[2026-02-05T13:04:39.646+0000] {logging_mixin.py:188} INFO - [2026-02-05T13:04:39.645+0000] {dag.py:3096} INFO - Sync 1 DAGs
[2026-02-05T13:04:39.656+0000] {logging_mixin.py:188} INFO - [2026-02-05T13:04:39.656+0000] {dag.py:3954} INFO - Setting next_dagrun for example_xcom to 2021-01-01 00:00:00+00:00, run_after=2021-01-01 00:00:00+00:00
[2026-02-05T13:04:39.666+0000] {processor.py:183} INFO - Processing /home/airflow/.local/lib/python3.12/site-packages/airflow/example_dags/example_xcom.py took 0.044 seconds
[2026-02-05T13:05:10.485+0000] {processor.py:161} INFO - Started process (PID=1174) to work on /home/airflow/.local/lib/python3.12/site-packages/airflow/example_dags/example_xcom.py
[2026-02-05T13:05:10.486+0000] {processor.py:830} INFO - Processing file /home/airflow/.local/lib/python3.12/site-packages/airflow/example_dags/example_xcom.py for tasks to queue
[2026-02-05T13:05:10.487+0000] {logging_mixin.py:188} INFO - [2026-02-05T13:05:10.487+0000] {dagbag.py:540} INFO - Filling up the DagBag from /home/airflow/.local/lib/python3.12/site-packages/airflow/example_dags/example_xcom.py
[2026-02-05T13:05:10.492+0000] {processor.py:840} INFO - DAG(s) 'example_xcom' retrieved from /home/airflow/.local/lib/python3.12/site-packages/airflow/example_dags/example_xcom.py
[2026-02-05T13:05:10.507+0000] {logging_mixin.py:188} INFO - [2026-02-05T13:05:10.507+0000] {dag.py:3096} INFO - Sync 1 DAGs
[2026-02-05T13:05:10.521+0000] {logging_mixin.py:188} INFO - [2026-02-05T13:05:10.521+0000] {dag.py:3954} INFO - Setting next_dagrun for example_xcom to 2021-01-01 00:00:00+00:00, run_after=2021-01-01 00:00:00+00:00
[2026-02-05T13:05:10.535+0000] {processor.py:183} INFO - Processing /home/airflow/.local/lib/python3.12/site-packages/airflow/example_dags/example_xcom.py took 0.054 seconds
[2026-02-05T13:05:40.851+0000] {processor.py:161} INFO - Started process (PID=1232) to work on /home/airflow/.local/lib/python3.12/site-packages/airflow/example_dags/example_xcom.py
[2026-02-05T13:05:40.851+0000] {processor.py:830} INFO - Processing file /home/airflow/.local/lib/python3.12/site-packages/airflow/example_dags/example_xcom.py for tasks to queue
[2026-02-05T13:05:40.852+0000] {logging_mixin.py:188} INFO - [2026-02-05T13:05:40.852+0000] {dagbag.py:540} INFO - Filling up the DagBag from /home/airflow/.local/lib/python3.12/site-packages/airflow/example_dags/example_xcom.py
[2026-02-05T13:05:40.857+0000] {processor.py:840} INFO - DAG(s) 'example_xcom' retrieved from /home/airflow/.local/lib/python3.12/site-packages/airflow/example_dags/example_xcom.py
[2026-02-05T13:05:40.870+0000] {logging_mixin.py:188} INFO - [2026-02-05T13:05:40.869+0000] {dag.py:3096} INFO - Sync 1 DAGs
[2026-02-05T13:05:40.977+0000] {logging_mixin.py:188} INFO - [2026-02-05T13:05:40.976+0000] {dag.py:3954} INFO - Setting next_dagrun for example_xcom to 2021-01-01 00:00:00+00:00, run_after=2021-01-01 00:00:00+00:00
[2026-02-05T13:05:40.986+0000] {processor.py:183} INFO - Processing /home/airflow/.local/lib/python3.12/site-packages/airflow/example_dags/example_xcom.py took 0.139 seconds
[2026-02-05T13:06:11.408+0000] {processor.py:161} INFO - Started process (PID=1289) to work on /home/airflow/.local/lib/python3.12/site-packages/airflow/example_dags/example_xcom.py
[2026-02-05T13:06:11.409+0000] {processor.py:830} INFO - Processing file /home/airflow/.local/lib/python3.12/site-packages/airflow/example_dags/example_xcom.py for tasks to queue
[2026-02-05T13:06:11.410+0000] {logging_mixin.py:188} INFO - [2026-02-05T13:06:11.410+0000] {dagbag.py:540} INFO - Filling up the DagBag from /home/airflow/.local/lib/python3.12/site-packages/airflow/example_dags/example_xcom.py
[2026-02-05T13:06:11.414+0000] {processor.py:840} INFO - DAG(s) 'example_xcom' retrieved from /home/airflow/.local/lib/python3.12/site-packages/airflow/example_dags/example_xcom.py
[2026-02-05T13:06:11.428+0000] {logging_mixin.py:188} INFO - [2026-02-05T13:06:11.428+0000] {dag.py:3096} INFO - Sync 1 DAGs
[2026-02-05T13:06:11.440+0000] {logging_mixin.py:188} INFO - [2026-02-05T13:06:11.440+0000] {dag.py:3954} INFO - Setting next_dagrun for example_xcom to 2021-01-01 00:00:00+00:00, run_after=2021-01-01 00:00:00+00:00
[2026-02-05T13:06:11.450+0000] {processor.py:183} INFO - Processing /home/airflow/.local/lib/python3.12/site-packages/airflow/example_dags/example_xcom.py took 0.046 seconds
[2026-02-05T13:06:41.533+0000] {processor.py:161} INFO - Started process (PID=1347) to work on /home/airflow/.local/lib/python3.12/site-packages/airflow/example_dags/example_xcom.py
[2026-02-05T13:06:41.533+0000] {processor.py:830} INFO - Processing file /home/airflow/.local/lib/python3.12/site-packages/airflow/example_dags/example_xcom.py for tasks to queue
[2026-02-05T13:06:41.535+0000] {logging_mixin.py:188} INFO - [2026-02-05T13:06:41.534+0000] {dagbag.py:540} INFO - Filling up the DagBag from /home/airflow/.local/lib/python3.12/site-packages/airflow/example_dags/example_xcom.py
[2026-02-05T13:06:41.538+0000] {processor.py:840} INFO - DAG(s) 'example_xcom' retrieved from /home/airflow/.local/lib/python3.12/site-packages/airflow/example_dags/example_xcom.py
[2026-02-05T13:06:41.554+0000] {logging_mixin.py:188} INFO - [2026-02-05T13:06:41.553+0000] {dag.py:3096} INFO - Sync 1 DAGs
[2026-02-05T13:06:41.565+0000] {logging_mixin.py:188} INFO - [2026-02-05T13:06:41.564+0000] {dag.py:3954} INFO - Setting next_dagrun for example_xcom to 2021-01-01 00:00:00+00:00, run_after=2021-01-01 00:00:00+00:00
[2026-02-05T13:06:41.575+0000] {processor.py:183} INFO - Processing /home/airflow/.local/lib/python3.12/site-packages/airflow/example_dags/example_xcom.py took 0.046 seconds
[2026-02-05T13:07:11.717+0000] {processor.py:161} INFO - Started process (PID=1405) to work on /home/airflow/.local/lib/python3.12/site-packages/airflow/example_dags/example_xcom.py
[2026-02-05T13:07:11.719+0000] {processor.py:830} INFO - Processing file /home/airflow/.local/lib/python3.12/site-packages/airflow/example_dags/example_xcom.py for tasks to queue
[2026-02-05T13:07:11.720+0000] {logging_mixin.py:188} INFO - [2026-02-05T13:07:11.720+0000] {dagbag.py:540} INFO - Filling up the DagBag from /home/airflow/.local/lib/python3.12/site-packages/airflow/example_dags/example_xcom.py
[2026-02-05T13:07:11.725+0000] {processor.py:840} INFO - DAG(s) 'example_xcom' retrieved from /home/airflow/.local/lib/python3.12/site-packages/airflow/example_dags/example_xcom.py
[2026-02-05T13:07:11.739+0000] {logging_mixin.py:188} INFO - [2026-02-05T13:07:11.739+0000] {dag.py:3096} INFO - Sync 1 DAGs
[2026-02-05T13:07:11.754+0000] {logging_mixin.py:188} INFO - [2026-02-05T13:07:11.754+0000] {dag.py:3954} INFO - Setting next_dagrun for example_xcom to 2021-01-01 00:00:00+00:00, run_after=2021-01-01 00:00:00+00:00
[2026-02-05T13:07:11.770+0000] {processor.py:183} INFO - Processing /home/airflow/.local/lib/python3.12/site-packages/airflow/example_dags/example_xcom.py took 0.060 seconds
[2026-02-05T13:07:41.809+0000] {processor.py:161} INFO - Started process (PID=1463) to work on /home/airflow/.local/lib/python3.12/site-packages/airflow/example_dags/example_xcom.py
[2026-02-05T13:07:41.810+0000] {processor.py:830} INFO - Processing file /home/airflow/.local/lib/python3.12/site-packages/airflow/example_dags/example_xcom.py for tasks to queue
[2026-02-05T13:07:41.811+0000] {logging_mixin.py:188} INFO - [2026-02-05T13:07:41.811+0000] {dagbag.py:540} INFO - Filling up the DagBag from /home/airflow/.local/lib/python3.12/site-packages/airflow/example_dags/example_xcom.py
[2026-02-05T13:07:41.816+0000] {processor.py:840} INFO - DAG(s) 'example_xcom' retrieved from /home/airflow/.local/lib/python3.12/site-packages/airflow/example_dags/example_xcom.py
[2026-02-05T13:07:41.828+0000] {logging_mixin.py:188} INFO - [2026-02-05T13:07:41.828+0000] {dag.py:3096} INFO - Sync 1 DAGs
[2026-02-05T13:07:41.840+0000] {logging_mixin.py:188} INFO - [2026-02-05T13:07:41.840+0000] {dag.py:3954} INFO - Setting next_dagrun for example_xcom to 2021-01-01 00:00:00+00:00, run_after=2021-01-01 00:00:00+00:00
[2026-02-05T13:07:41.851+0000] {processor.py:183} INFO - Processing /home/airflow/.local/lib/python3.12/site-packages/airflow/example_dags/example_xcom.py took 0.046 seconds
[2026-02-05T13:08:12.058+0000] {processor.py:161} INFO - Started process (PID=1521) to work on /home/airflow/.local/lib/python3.12/site-packages/airflow/example_dags/example_xcom.py
[2026-02-05T13:08:12.059+0000] {processor.py:830} INFO - Processing file /home/airflow/.local/lib/python3.12/site-packages/airflow/example_dags/example_xcom.py for tasks to queue
[2026-02-05T13:08:12.061+0000] {logging_mixin.py:188} INFO - [2026-02-05T13:08:12.060+0000] {dagbag.py:540} INFO - Filling up the DagBag from /home/airflow/.local/lib/python3.12/site-packages/airflow/example_dags/example_xcom.py
[2026-02-05T13:08:12.066+0000] {processor.py:840} INFO - DAG(s) 'example_xcom' retrieved from /home/airflow/.local/lib/python3.12/site-packages/airflow/example_dags/example_xcom.py
[2026-02-05T13:08:12.169+0000] {logging_mixin.py:188} INFO - [2026-02-05T13:08:12.168+0000] {dag.py:3096} INFO - Sync 1 DAGs
[2026-02-05T13:08:12.187+0000] {logging_mixin.py:188} INFO - [2026-02-05T13:08:12.187+0000] {dag.py:3954} INFO - Setting next_dagrun for example_xcom to 2021-01-01 00:00:00+00:00, run_after=2021-01-01 00:00:00+00:00
[2026-02-05T13:08:12.200+0000] {processor.py:183} INFO - Processing /home/airflow/.local/lib/python3.12/site-packages/airflow/example_dags/example_xcom.py took 0.146 seconds
[2026-02-05T13:08:42.297+0000] {processor.py:161} INFO - Started process (PID=1578) to work on /home/airflow/.local/lib/python3.12/site-packages/airflow/example_dags/example_xcom.py
[2026-02-05T13:08:42.299+0000] {processor.py:830} INFO - Processing file /home/airflow/.local/lib/python3.12/site-packages/airflow/example_dags/example_xcom.py for tasks to queue
[2026-02-05T13:08:42.300+0000] {logging_mixin.py:188} INFO - [2026-02-05T13:08:42.300+0000] {dagbag.py:540} INFO - Filling up the DagBag from /home/airflow/.local/lib/python3.12/site-packages/airflow/example_dags/example_xcom.py
[2026-02-05T13:08:42.304+0000] {processor.py:840} INFO - DAG(s) 'example_xcom' retrieved from /home/airflow/.local/lib/python3.12/site-packages/airflow/example_dags/example_xcom.py
[2026-02-05T13:08:42.319+0000] {logging_mixin.py:188} INFO - [2026-02-05T13:08:42.319+0000] {dag.py:3096} INFO - Sync 1 DAGs
[2026-02-05T13:08:42.331+0000] {logging_mixin.py:188} INFO - [2026-02-05T13:08:42.330+0000] {dag.py:3954} INFO - Setting next_dagrun for example_xcom to 2021-01-01 00:00:00+00:00, run_after=2021-01-01 00:00:00+00:00
[2026-02-05T13:08:42.342+0000] {processor.py:183} INFO - Processing /home/airflow/.local/lib/python3.12/site-packages/airflow/example_dags/example_xcom.py took 0.048 seconds
[2026-02-05T13:09:12.453+0000] {processor.py:161} INFO - Started process (PID=1636) to work on /home/airflow/.local/lib/python3.12/site-packages/airflow/example_dags/example_xcom.py
[2026-02-05T13:09:12.453+0000] {processor.py:830} INFO - Processing file /home/airflow/.local/lib/python3.12/site-packages/airflow/example_dags/example_xcom.py for tasks to queue
[2026-02-05T13:09:12.454+0000] {logging_mixin.py:188} INFO - [2026-02-05T13:09:12.454+0000] {dagbag.py:540} INFO - Filling up the DagBag from /home/airflow/.local/lib/python3.12/site-packages/airflow/example_dags/example_xcom.py
[2026-02-05T13:09:12.458+0000] {processor.py:840} INFO - DAG(s) 'example_xcom' retrieved from /home/airflow/.local/lib/python3.12/site-packages/airflow/example_dags/example_xcom.py
[2026-02-05T13:09:12.470+0000] {logging_mixin.py:188} INFO - [2026-02-05T13:09:12.470+0000] {dag.py:3096} INFO - Sync 1 DAGs
[2026-02-05T13:09:12.481+0000] {logging_mixin.py:188} INFO - [2026-02-05T13:09:12.481+0000] {dag.py:3954} INFO - Setting next_dagrun for example_xcom to 2021-01-01 00:00:00+00:00, run_after=2021-01-01 00:00:00+00:00
[2026-02-05T13:09:12.492+0000] {processor.py:183} INFO - Processing /home/airflow/.local/lib/python3.12/site-packages/airflow/example_dags/example_xcom.py took 0.043 seconds
[2026-02-05T13:09:42.767+0000] {processor.py:161} INFO - Started process (PID=1694) to work on /home/airflow/.local/lib/python3.12/site-packages/airflow/example_dags/example_xcom.py
[2026-02-05T13:09:42.767+0000] {processor.py:830} INFO - Processing file /home/airflow/.local/lib/python3.12/site-packages/airflow/example_dags/example_xcom.py for tasks to queue
[2026-02-05T13:09:42.769+0000] {logging_mixin.py:188} INFO - [2026-02-05T13:09:42.768+0000] {dagbag.py:540} INFO - Filling up the DagBag from /home/airflow/.local/lib/python3.12/site-packages/airflow/example_dags/example_xcom.py
[2026-02-05T13:09:42.773+0000] {processor.py:840} INFO - DAG(s) 'example_xcom' retrieved from /home/airflow/.local/lib/python3.12/site-packages/airflow/example_dags/example_xcom.py
[2026-02-05T13:09:42.785+0000] {logging_mixin.py:188} INFO - [2026-02-05T13:09:42.785+0000] {dag.py:3096} INFO - Sync 1 DAGs
[2026-02-05T13:09:42.796+0000] {logging_mixin.py:188} INFO - [2026-02-05T13:09:42.796+0000] {dag.py:3954} INFO - Setting next_dagrun for example_xcom to 2021-01-01 00:00:00+00:00, run_after=2021-01-01 00:00:00+00:00
[2026-02-05T13:09:42.807+0000] {processor.py:183} INFO - Processing /home/airflow/.local/lib/python3.12/site-packages/airflow/example_dags/example_xcom.py took 0.045 seconds
[2026-02-05T13:10:13.091+0000] {processor.py:161} INFO - Started process (PID=1751) to work on /home/airflow/.local/lib/python3.12/site-packages/airflow/example_dags/example_xcom.py
[2026-02-05T13:10:13.091+0000] {processor.py:830} INFO - Processing file /home/airflow/.local/lib/python3.12/site-packages/airflow/example_dags/example_xcom.py for tasks to queue
[2026-02-05T13:10:13.093+0000] {logging_mixin.py:188} INFO - [2026-02-05T13:10:13.093+0000] {dagbag.py:540} INFO - Filling up the DagBag from /home/airflow/.local/lib/python3.12/site-packages/airflow/example_dags/example_xcom.py
[2026-02-05T13:10:13.097+0000] {processor.py:840} INFO - DAG(s) 'example_xcom' retrieved from /home/airflow/.local/lib/python3.12/site-packages/airflow/example_dags/example_xcom.py
[2026-02-05T13:10:13.111+0000] {logging_mixin.py:188} INFO - [2026-02-05T13:10:13.111+0000] {dag.py:3096} INFO - Sync 1 DAGs
[2026-02-05T13:10:13.122+0000] {logging_mixin.py:188} INFO - [2026-02-05T13:10:13.122+0000] {dag.py:3954} INFO - Setting next_dagrun for example_xcom to 2021-01-01 00:00:00+00:00, run_after=2021-01-01 00:00:00+00:00
[2026-02-05T13:10:13.134+0000] {processor.py:183} INFO - Processing /home/airflow/.local/lib/python3.12/site-packages/airflow/example_dags/example_xcom.py took 0.047 seconds
[2026-02-05T13:10:43.225+0000] {processor.py:161} INFO - Started process (PID=1809) to work on /home/airflow/.local/lib/python3.12/site-packages/airflow/example_dags/example_xcom.py
[2026-02-05T13:10:43.226+0000] {processor.py:830} INFO - Processing file /home/airflow/.local/lib/python3.12/site-packages/airflow/example_dags/example_xcom.py for tasks to queue
[2026-02-05T13:10:43.228+0000] {logging_mixin.py:188} INFO - [2026-02-05T13:10:43.228+0000] {dagbag.py:540} INFO - Filling up the DagBag from /home/airflow/.local/lib/python3.12/site-packages/airflow/example_dags/example_xcom.py
[2026-02-05T13:10:43.232+0000] {processor.py:840} INFO - DAG(s) 'example_xcom' retrieved from /home/airflow/.local/lib/python3.12/site-packages/airflow/example_dags/example_xcom.py
[2026-02-05T13:10:43.243+0000] {logging_mixin.py:188} INFO - [2026-02-05T13:10:43.243+0000] {dag.py:3096} INFO - Sync 1 DAGs
[2026-02-05T13:10:43.253+0000] {logging_mixin.py:188} INFO - [2026-02-05T13:10:43.253+0000] {dag.py:3954} INFO - Setting next_dagrun for example_xcom to 2021-01-01 00:00:00+00:00, run_after=2021-01-01 00:00:00+00:00
[2026-02-05T13:10:43.266+0000] {processor.py:183} INFO - Processing /home/airflow/.local/lib/python3.12/site-packages/airflow/example_dags/example_xcom.py took 0.044 seconds
[2026-02-05T13:11:14.060+0000] {processor.py:161} INFO - Started process (PID=1867) to work on /home/airflow/.local/lib/python3.12/site-packages/airflow/example_dags/example_xcom.py
[2026-02-05T13:11:14.061+0000] {processor.py:830} INFO - Processing file /home/airflow/.local/lib/python3.12/site-packages/airflow/example_dags/example_xcom.py for tasks to queue
[2026-02-05T13:11:14.062+0000] {logging_mixin.py:188} INFO - [2026-02-05T13:11:14.062+0000] {dagbag.py:540} INFO - Filling up the DagBag from /home/airflow/.local/lib/python3.12/site-packages/airflow/example_dags/example_xcom.py
[2026-02-05T13:11:14.066+0000] {processor.py:840} INFO - DAG(s) 'example_xcom' retrieved from /home/airflow/.local/lib/python3.12/site-packages/airflow/example_dags/example_xcom.py
[2026-02-05T13:11:14.082+0000] {logging_mixin.py:188} INFO - [2026-02-05T13:11:14.082+0000] {dag.py:3096} INFO - Sync 1 DAGs
[2026-02-05T13:11:14.094+0000] {logging_mixin.py:188} INFO - [2026-02-05T13:11:14.094+0000] {dag.py:3954} INFO - Setting next_dagrun for example_xcom to 2021-01-01 00:00:00+00:00, run_after=2021-01-01 00:00:00+00:00
[2026-02-05T13:11:14.104+0000] {processor.py:183} INFO - Processing /home/airflow/.local/lib/python3.12/site-packages/airflow/example_dags/example_xcom.py took 0.048 seconds
[2026-02-05T13:11:44.965+0000] {processor.py:161} INFO - Started process (PID=1925) to work on /home/airflow/.local/lib/python3.12/site-packages/airflow/example_dags/example_xcom.py
[2026-02-05T13:11:44.965+0000] {processor.py:830} INFO - Processing file /home/airflow/.local/lib/python3.12/site-packages/airflow/example_dags/example_xcom.py for tasks to queue
[2026-02-05T13:11:44.967+0000] {logging_mixin.py:188} INFO - [2026-02-05T13:11:44.966+0000] {dagbag.py:540} INFO - Filling up the DagBag from /home/airflow/.local/lib/python3.12/site-packages/airflow/example_dags/example_xcom.py
[2026-02-05T13:11:44.972+0000] {processor.py:840} INFO - DAG(s) 'example_xcom' retrieved from /home/airflow/.local/lib/python3.12/site-packages/airflow/example_dags/example_xcom.py
[2026-02-05T13:11:44.985+0000] {logging_mixin.py:188} INFO - [2026-02-05T13:11:44.985+0000] {dag.py:3096} INFO - Sync 1 DAGs
[2026-02-05T13:11:44.997+0000] {logging_mixin.py:188} INFO - [2026-02-05T13:11:44.996+0000] {dag.py:3954} INFO - Setting next_dagrun for example_xcom to 2021-01-01 00:00:00+00:00, run_after=2021-01-01 00:00:00+00:00
[2026-02-05T13:11:45.006+0000] {processor.py:183} INFO - Processing /home/airflow/.local/lib/python3.12/site-packages/airflow/example_dags/example_xcom.py took 0.046 seconds
[2026-02-05T13:12:15.851+0000] {processor.py:161} INFO - Started process (PID=1983) to work on /home/airflow/.local/lib/python3.12/site-packages/airflow/example_dags/example_xcom.py
[2026-02-05T13:12:15.852+0000] {processor.py:830} INFO - Processing file /home/airflow/.local/lib/python3.12/site-packages/airflow/example_dags/example_xcom.py for tasks to queue
[2026-02-05T13:12:15.853+0000] {logging_mixin.py:188} INFO - [2026-02-05T13:12:15.853+0000] {dagbag.py:540} INFO - Filling up the DagBag from /home/airflow/.local/lib/python3.12/site-packages/airflow/example_dags/example_xcom.py
[2026-02-05T13:12:15.857+0000] {processor.py:840} INFO - DAG(s) 'example_xcom' retrieved from /home/airflow/.local/lib/python3.12/site-packages/airflow/example_dags/example_xcom.py
[2026-02-05T13:12:15.869+0000] {logging_mixin.py:188} INFO - [2026-02-05T13:12:15.869+0000] {dag.py:3096} INFO - Sync 1 DAGs
[2026-02-05T13:12:15.880+0000] {logging_mixin.py:188} INFO - [2026-02-05T13:12:15.880+0000] {dag.py:3954} INFO - Setting next_dagrun for example_xcom to 2021-01-01 00:00:00+00:00, run_after=2021-01-01 00:00:00+00:00
[2026-02-05T13:12:15.893+0000] {processor.py:183} INFO - Processing /home/airflow/.local/lib/python3.12/site-packages/airflow/example_dags/example_xcom.py took 0.045 seconds
[2026-02-05T13:12:46.814+0000] {processor.py:161} INFO - Started process (PID=2041) to work on /home/airflow/.local/lib/python3.12/site-packages/airflow/example_dags/example_xcom.py
[2026-02-05T13:12:46.815+0000] {processor.py:830} INFO - Processing file /home/airflow/.local/lib/python3.12/site-packages/airflow/example_dags/example_xcom.py for tasks to queue
[2026-02-05T13:12:46.816+0000] {logging_mixin.py:188} INFO - [2026-02-05T13:12:46.816+0000] {dagbag.py:540} INFO - Filling up the DagBag from /home/airflow/.local/lib/python3.12/site-packages/airflow/example_dags/example_xcom.py
[2026-02-05T13:12:46.824+0000] {processor.py:840} INFO - DAG(s) 'example_xcom' retrieved from /home/airflow/.local/lib/python3.12/site-packages/airflow/example_dags/example_xcom.py
[2026-02-05T13:12:46.837+0000] {logging_mixin.py:188} INFO - [2026-02-05T13:12:46.837+0000] {dag.py:3096} INFO - Sync 1 DAGs
[2026-02-05T13:12:46.848+0000] {logging_mixin.py:188} INFO - [2026-02-05T13:12:46.848+0000] {dag.py:3954} INFO - Setting next_dagrun for example_xcom to 2021-01-01 00:00:00+00:00, run_after=2021-01-01 00:00:00+00:00
[2026-02-05T13:12:46.857+0000] {processor.py:183} INFO - Processing /home/airflow/.local/lib/python3.12/site-packages/airflow/example_dags/example_xcom.py took 0.047 seconds
[2026-02-05T13:13:17.594+0000] {processor.py:161} INFO - Started process (PID=2098) to work on /home/airflow/.local/lib/python3.12/site-packages/airflow/example_dags/example_xcom.py
[2026-02-05T13:13:17.595+0000] {processor.py:830} INFO - Processing file /home/airflow/.local/lib/python3.12/site-packages/airflow/example_dags/example_xcom.py for tasks to queue
[2026-02-05T13:13:17.596+0000] {logging_mixin.py:188} INFO - [2026-02-05T13:13:17.596+0000] {dagbag.py:540} INFO - Filling up the DagBag from /home/airflow/.local/lib/python3.12/site-packages/airflow/example_dags/example_xcom.py
[2026-02-05T13:13:17.601+0000] {processor.py:840} INFO - DAG(s) 'example_xcom' retrieved from /home/airflow/.local/lib/python3.12/site-packages/airflow/example_dags/example_xcom.py
[2026-02-05T13:13:17.616+0000] {logging_mixin.py:188} INFO - [2026-02-05T13:13:17.616+0000] {dag.py:3096} INFO - Sync 1 DAGs
[2026-02-05T13:13:17.636+0000] {logging_mixin.py:188} INFO - [2026-02-05T13:13:17.635+0000] {dag.py:3954} INFO - Setting next_dagrun for example_xcom to 2021-01-01 00:00:00+00:00, run_after=2021-01-01 00:00:00+00:00
[2026-02-05T13:13:17.656+0000] {processor.py:183} INFO - Processing /home/airflow/.local/lib/python3.12/site-packages/airflow/example_dags/example_xcom.py took 0.066 seconds
[2026-02-05T13:13:48.422+0000] {processor.py:161} INFO - Started process (PID=2156) to work on /home/airflow/.local/lib/python3.12/site-packages/airflow/example_dags/example_xcom.py
[2026-02-05T13:13:48.423+0000] {processor.py:830} INFO - Processing file /home/airflow/.local/lib/python3.12/site-packages/airflow/example_dags/example_xcom.py for tasks to queue
[2026-02-05T13:13:48.424+0000] {logging_mixin.py:188} INFO - [2026-02-05T13:13:48.424+0000] {dagbag.py:540} INFO - Filling up the DagBag from /home/airflow/.local/lib/python3.12/site-packages/airflow/example_dags/example_xcom.py
[2026-02-05T13:13:48.428+0000] {processor.py:840} INFO - DAG(s) 'example_xcom' retrieved from /home/airflow/.local/lib/python3.12/site-packages/airflow/example_dags/example_xcom.py
[2026-02-05T13:13:48.444+0000] {logging_mixin.py:188} INFO - [2026-02-05T13:13:48.443+0000] {dag.py:3096} INFO - Sync 1 DAGs
[2026-02-05T13:13:48.456+0000] {logging_mixin.py:188} INFO - [2026-02-05T13:13:48.456+0000] {dag.py:3954} INFO - Setting next_dagrun for example_xcom to 2021-01-01 00:00:00+00:00, run_after=2021-01-01 00:00:00+00:00
[2026-02-05T13:13:48.467+0000] {processor.py:183} INFO - Processing /home/airflow/.local/lib/python3.12/site-packages/airflow/example_dags/example_xcom.py took 0.049 seconds
[2026-02-05T13:14:19.439+0000] {processor.py:161} INFO - Started process (PID=2214) to work on /home/airflow/.local/lib/python3.12/site-packages/airflow/example_dags/example_xcom.py
[2026-02-05T13:14:19.440+0000] {processor.py:830} INFO - Processing file /home/airflow/.local/lib/python3.12/site-packages/airflow/example_dags/example_xcom.py for tasks to queue
[2026-02-05T13:14:19.442+0000] {logging_mixin.py:188} INFO - [2026-02-05T13:14:19.442+0000] {dagbag.py:540} INFO - Filling up the DagBag from /home/airflow/.local/lib/python3.12/site-packages/airflow/example_dags/example_xcom.py
[2026-02-05T13:14:19.448+0000] {processor.py:840} INFO - DAG(s) 'example_xcom' retrieved from /home/airflow/.local/lib/python3.12/site-packages/airflow/example_dags/example_xcom.py
[2026-02-05T13:14:19.461+0000] {logging_mixin.py:188} INFO - [2026-02-05T13:14:19.461+0000] {dag.py:3096} INFO - Sync 1 DAGs
[2026-02-05T13:14:19.474+0000] {logging_mixin.py:188} INFO - [2026-02-05T13:14:19.474+0000] {dag.py:3954} INFO - Setting next_dagrun for example_xcom to 2021-01-01 00:00:00+00:00, run_after=2021-01-01 00:00:00+00:00
[2026-02-05T13:14:19.488+0000] {processor.py:183} INFO - Processing /home/airflow/.local/lib/python3.12/site-packages/airflow/example_dags/example_xcom.py took 0.053 seconds
[2026-02-05T13:14:49.542+0000] {processor.py:161} INFO - Started process (PID=2272) to work on /home/airflow/.local/lib/python3.12/site-packages/airflow/example_dags/example_xcom.py
[2026-02-05T13:14:49.543+0000] {processor.py:830} INFO - Processing file /home/airflow/.local/lib/python3.12/site-packages/airflow/example_dags/example_xcom.py for tasks to queue
[2026-02-05T13:14:49.545+0000] {logging_mixin.py:188} INFO - [2026-02-05T13:14:49.545+0000] {dagbag.py:540} INFO - Filling up the DagBag from /home/airflow/.local/lib/python3.12/site-packages/airflow/example_dags/example_xcom.py
[2026-02-05T13:14:49.551+0000] {processor.py:840} INFO - DAG(s) 'example_xcom' retrieved from /home/airflow/.local/lib/python3.12/site-packages/airflow/example_dags/example_xcom.py
[2026-02-05T13:14:49.564+0000] {logging_mixin.py:188} INFO - [2026-02-05T13:14:49.564+0000] {dag.py:3096} INFO - Sync 1 DAGs
[2026-02-05T13:14:49.575+0000] {logging_mixin.py:188} INFO - [2026-02-05T13:14:49.575+0000] {dag.py:3954} INFO - Setting next_dagrun for example_xcom to 2021-01-01 00:00:00+00:00, run_after=2021-01-01 00:00:00+00:00
[2026-02-05T13:14:49.585+0000] {processor.py:183} INFO - Processing /home/airflow/.local/lib/python3.12/site-packages/airflow/example_dags/example_xcom.py took 0.046 seconds
[2026-02-05T13:15:20.526+0000] {processor.py:161} INFO - Started process (PID=2329) to work on /home/airflow/.local/lib/python3.12/site-packages/airflow/example_dags/example_xcom.py
[2026-02-05T13:15:20.527+0000] {processor.py:830} INFO - Processing file /home/airflow/.local/lib/python3.12/site-packages/airflow/example_dags/example_xcom.py for tasks to queue
[2026-02-05T13:15:20.528+0000] {logging_mixin.py:188} INFO - [2026-02-05T13:15:20.528+0000] {dagbag.py:540} INFO - Filling up the DagBag from /home/airflow/.local/lib/python3.12/site-packages/airflow/example_dags/example_xcom.py
[2026-02-05T13:15:20.533+0000] {processor.py:840} INFO - DAG(s) 'example_xcom' retrieved from /home/airflow/.local/lib/python3.12/site-packages/airflow/example_dags/example_xcom.py
[2026-02-05T13:15:20.546+0000] {logging_mixin.py:188} INFO - [2026-02-05T13:15:20.546+0000] {dag.py:3096} INFO - Sync 1 DAGs
[2026-02-05T13:15:20.565+0000] {logging_mixin.py:188} INFO - [2026-02-05T13:15:20.565+0000] {dag.py:3954} INFO - Setting next_dagrun for example_xcom to 2021-01-01 00:00:00+00:00, run_after=2021-01-01 00:00:00+00:00
[2026-02-05T13:15:20.589+0000] {processor.py:183} INFO - Processing /home/airflow/.local/lib/python3.12/site-packages/airflow/example_dags/example_xcom.py took 0.066 seconds
[2026-02-05T13:15:51.379+0000] {processor.py:161} INFO - Started process (PID=2387) to work on /home/airflow/.local/lib/python3.12/site-packages/airflow/example_dags/example_xcom.py
[2026-02-05T13:15:51.380+0000] {processor.py:830} INFO - Processing file /home/airflow/.local/lib/python3.12/site-packages/airflow/example_dags/example_xcom.py for tasks to queue
[2026-02-05T13:15:51.381+0000] {logging_mixin.py:188} INFO - [2026-02-05T13:15:51.381+0000] {dagbag.py:540} INFO - Filling up the DagBag from /home/airflow/.local/lib/python3.12/site-packages/airflow/example_dags/example_xcom.py
[2026-02-05T13:15:51.386+0000] {processor.py:840} INFO - DAG(s) 'example_xcom' retrieved from /home/airflow/.local/lib/python3.12/site-packages/airflow/example_dags/example_xcom.py
[2026-02-05T13:15:51.400+0000] {logging_mixin.py:188} INFO - [2026-02-05T13:15:51.399+0000] {dag.py:3096} INFO - Sync 1 DAGs
[2026-02-05T13:15:51.411+0000] {logging_mixin.py:188} INFO - [2026-02-05T13:15:51.411+0000] {dag.py:3954} INFO - Setting next_dagrun for example_xcom to 2021-01-01 00:00:00+00:00, run_after=2021-01-01 00:00:00+00:00
[2026-02-05T13:15:51.420+0000] {processor.py:183} INFO - Processing /home/airflow/.local/lib/python3.12/site-packages/airflow/example_dags/example_xcom.py took 0.044 seconds
[2026-02-05T13:16:22.380+0000] {processor.py:161} INFO - Started process (PID=2445) to work on /home/airflow/.local/lib/python3.12/site-packages/airflow/example_dags/example_xcom.py
[2026-02-05T13:16:22.381+0000] {processor.py:830} INFO - Processing file /home/airflow/.local/lib/python3.12/site-packages/airflow/example_dags/example_xcom.py for tasks to queue
[2026-02-05T13:16:22.383+0000] {logging_mixin.py:188} INFO - [2026-02-05T13:16:22.383+0000] {dagbag.py:540} INFO - Filling up the DagBag from /home/airflow/.local/lib/python3.12/site-packages/airflow/example_dags/example_xcom.py
[2026-02-05T13:16:22.388+0000] {processor.py:840} INFO - DAG(s) 'example_xcom' retrieved from /home/airflow/.local/lib/python3.12/site-packages/airflow/example_dags/example_xcom.py
[2026-02-05T13:16:22.402+0000] {logging_mixin.py:188} INFO - [2026-02-05T13:16:22.401+0000] {dag.py:3096} INFO - Sync 1 DAGs
[2026-02-05T13:16:22.413+0000] {logging_mixin.py:188} INFO - [2026-02-05T13:16:22.412+0000] {dag.py:3954} INFO - Setting next_dagrun for example_xcom to 2021-01-01 00:00:00+00:00, run_after=2021-01-01 00:00:00+00:00
[2026-02-05T13:16:22.423+0000] {processor.py:183} INFO - Processing /home/airflow/.local/lib/python3.12/site-packages/airflow/example_dags/example_xcom.py took 0.046 seconds
[2026-02-05T13:16:53.450+0000] {processor.py:161} INFO - Started process (PID=2503) to work on /home/airflow/.local/lib/python3.12/site-packages/airflow/example_dags/example_xcom.py
[2026-02-05T13:16:53.451+0000] {processor.py:830} INFO - Processing file /home/airflow/.local/lib/python3.12/site-packages/airflow/example_dags/example_xcom.py for tasks to queue
[2026-02-05T13:16:53.453+0000] {logging_mixin.py:188} INFO - [2026-02-05T13:16:53.453+0000] {dagbag.py:540} INFO - Filling up the DagBag from /home/airflow/.local/lib/python3.12/site-packages/airflow/example_dags/example_xcom.py
[2026-02-05T13:16:53.459+0000] {processor.py:840} INFO - DAG(s) 'example_xcom' retrieved from /home/airflow/.local/lib/python3.12/site-packages/airflow/example_dags/example_xcom.py
[2026-02-05T13:16:53.475+0000] {logging_mixin.py:188} INFO - [2026-02-05T13:16:53.475+0000] {dag.py:3096} INFO - Sync 1 DAGs
[2026-02-05T13:16:53.486+0000] {logging_mixin.py:188} INFO - [2026-02-05T13:16:53.486+0000] {dag.py:3954} INFO - Setting next_dagrun for example_xcom to 2021-01-01 00:00:00+00:00, run_after=2021-01-01 00:00:00+00:00
[2026-02-05T13:16:53.497+0000] {processor.py:183} INFO - Processing /home/airflow/.local/lib/python3.12/site-packages/airflow/example_dags/example_xcom.py took 0.051 seconds
[2026-02-05T13:17:24.517+0000] {processor.py:161} INFO - Started process (PID=2561) to work on /home/airflow/.local/lib/python3.12/site-packages/airflow/example_dags/example_xcom.py
[2026-02-05T13:17:24.518+0000] {processor.py:830} INFO - Processing file /home/airflow/.local/lib/python3.12/site-packages/airflow/example_dags/example_xcom.py for tasks to queue
[2026-02-05T13:17:24.520+0000] {logging_mixin.py:188} INFO - [2026-02-05T13:17:24.520+0000] {dagbag.py:540} INFO - Filling up the DagBag from /home/airflow/.local/lib/python3.12/site-packages/airflow/example_dags/example_xcom.py
[2026-02-05T13:17:24.525+0000] {processor.py:840} INFO - DAG(s) 'example_xcom' retrieved from /home/airflow/.local/lib/python3.12/site-packages/airflow/example_dags/example_xcom.py
[2026-02-05T13:17:24.538+0000] {logging_mixin.py:188} INFO - [2026-02-05T13:17:24.538+0000] {dag.py:3096} INFO - Sync 1 DAGs
[2026-02-05T13:17:24.550+0000] {logging_mixin.py:188} INFO - [2026-02-05T13:17:24.550+0000] {dag.py:3954} INFO - Setting next_dagrun for example_xcom to 2021-01-01 00:00:00+00:00, run_after=2021-01-01 00:00:00+00:00
[2026-02-05T13:17:24.563+0000] {processor.py:183} INFO - Processing /home/airflow/.local/lib/python3.12/site-packages/airflow/example_dags/example_xcom.py took 0.050 seconds
[2026-02-05T13:17:54.651+0000] {processor.py:161} INFO - Started process (PID=2618) to work on /home/airflow/.local/lib/python3.12/site-packages/airflow/example_dags/example_xcom.py
[2026-02-05T13:17:54.652+0000] {processor.py:830} INFO - Processing file /home/airflow/.local/lib/python3.12/site-packages/airflow/example_dags/example_xcom.py for tasks to queue
[2026-02-05T13:17:54.654+0000] {logging_mixin.py:188} INFO - [2026-02-05T13:17:54.653+0000] {dagbag.py:540} INFO - Filling up the DagBag from /home/airflow/.local/lib/python3.12/site-packages/airflow/example_dags/example_xcom.py
[2026-02-05T13:17:54.658+0000] {processor.py:840} INFO - DAG(s) 'example_xcom' retrieved from /home/airflow/.local/lib/python3.12/site-packages/airflow/example_dags/example_xcom.py
[2026-02-05T13:17:54.672+0000] {logging_mixin.py:188} INFO - [2026-02-05T13:17:54.672+0000] {dag.py:3096} INFO - Sync 1 DAGs
[2026-02-05T13:17:54.683+0000] {logging_mixin.py:188} INFO - [2026-02-05T13:17:54.683+0000] {dag.py:3954} INFO - Setting next_dagrun for example_xcom to 2021-01-01 00:00:00+00:00, run_after=2021-01-01 00:00:00+00:00
[2026-02-05T13:17:54.696+0000] {processor.py:183} INFO - Processing /home/airflow/.local/lib/python3.12/site-packages/airflow/example_dags/example_xcom.py took 0.048 seconds
