[2026-02-05T12:55:33.710+0000] {processor.py:161} INFO - Started process (PID=70) to work on /home/airflow/.local/lib/python3.12/site-packages/airflow/example_dags/example_latest_only.py
[2026-02-05T12:55:33.711+0000] {processor.py:830} INFO - Processing file /home/airflow/.local/lib/python3.12/site-packages/airflow/example_dags/example_latest_only.py for tasks to queue
[2026-02-05T12:55:33.712+0000] {logging_mixin.py:188} INFO - [2026-02-05T12:55:33.712+0000] {dagbag.py:540} INFO - Filling up the DagBag from /home/airflow/.local/lib/python3.12/site-packages/airflow/example_dags/example_latest_only.py
[2026-02-05T12:55:33.717+0000] {processor.py:840} INFO - DAG(s) 'latest_only' retrieved from /home/airflow/.local/lib/python3.12/site-packages/airflow/example_dags/example_latest_only.py
[2026-02-05T12:55:33.738+0000] {logging_mixin.py:188} INFO - [2026-02-05T12:55:33.738+0000] {dag.py:3096} INFO - Sync 1 DAGs
[2026-02-05T12:55:33.767+0000] {logging_mixin.py:188} INFO - [2026-02-05T12:55:33.766+0000] {dag.py:3954} INFO - Setting next_dagrun for latest_only to 2026-02-05 08:00:00+00:00, run_after=2026-02-05 12:00:00+00:00
[2026-02-05T12:55:33.797+0000] {processor.py:183} INFO - Processing /home/airflow/.local/lib/python3.12/site-packages/airflow/example_dags/example_latest_only.py took 0.091 seconds
[2026-02-05T12:56:04.527+0000] {processor.py:161} INFO - Started process (PID=128) to work on /home/airflow/.local/lib/python3.12/site-packages/airflow/example_dags/example_latest_only.py
[2026-02-05T12:56:04.528+0000] {processor.py:830} INFO - Processing file /home/airflow/.local/lib/python3.12/site-packages/airflow/example_dags/example_latest_only.py for tasks to queue
[2026-02-05T12:56:04.532+0000] {logging_mixin.py:188} INFO - [2026-02-05T12:56:04.531+0000] {dagbag.py:540} INFO - Filling up the DagBag from /home/airflow/.local/lib/python3.12/site-packages/airflow/example_dags/example_latest_only.py
[2026-02-05T12:56:04.535+0000] {processor.py:840} INFO - DAG(s) 'latest_only' retrieved from /home/airflow/.local/lib/python3.12/site-packages/airflow/example_dags/example_latest_only.py
[2026-02-05T12:56:04.594+0000] {logging_mixin.py:188} INFO - [2026-02-05T12:56:04.594+0000] {dag.py:3096} INFO - Sync 1 DAGs
[2026-02-05T12:56:04.606+0000] {logging_mixin.py:188} INFO - [2026-02-05T12:56:04.606+0000] {dag.py:3954} INFO - Setting next_dagrun for latest_only to 2026-02-05 08:00:00+00:00, run_after=2026-02-05 12:00:00+00:00
[2026-02-05T12:56:04.617+0000] {processor.py:183} INFO - Processing /home/airflow/.local/lib/python3.12/site-packages/airflow/example_dags/example_latest_only.py took 0.093 seconds
[2026-02-05T12:56:35.454+0000] {processor.py:161} INFO - Started process (PID=186) to work on /home/airflow/.local/lib/python3.12/site-packages/airflow/example_dags/example_latest_only.py
[2026-02-05T12:56:35.457+0000] {processor.py:830} INFO - Processing file /home/airflow/.local/lib/python3.12/site-packages/airflow/example_dags/example_latest_only.py for tasks to queue
[2026-02-05T12:56:35.462+0000] {logging_mixin.py:188} INFO - [2026-02-05T12:56:35.461+0000] {dagbag.py:540} INFO - Filling up the DagBag from /home/airflow/.local/lib/python3.12/site-packages/airflow/example_dags/example_latest_only.py
[2026-02-05T12:56:35.466+0000] {processor.py:840} INFO - DAG(s) 'latest_only' retrieved from /home/airflow/.local/lib/python3.12/site-packages/airflow/example_dags/example_latest_only.py
[2026-02-05T12:56:35.489+0000] {logging_mixin.py:188} INFO - [2026-02-05T12:56:35.489+0000] {dag.py:3096} INFO - Sync 1 DAGs
[2026-02-05T12:56:35.503+0000] {logging_mixin.py:188} INFO - [2026-02-05T12:56:35.503+0000] {dag.py:3954} INFO - Setting next_dagrun for latest_only to 2026-02-05 08:00:00+00:00, run_after=2026-02-05 12:00:00+00:00
[2026-02-05T12:56:35.516+0000] {processor.py:183} INFO - Processing /home/airflow/.local/lib/python3.12/site-packages/airflow/example_dags/example_latest_only.py took 0.066 seconds
[2026-02-05T12:57:05.582+0000] {processor.py:161} INFO - Started process (PID=244) to work on /home/airflow/.local/lib/python3.12/site-packages/airflow/example_dags/example_latest_only.py
[2026-02-05T12:57:05.583+0000] {processor.py:830} INFO - Processing file /home/airflow/.local/lib/python3.12/site-packages/airflow/example_dags/example_latest_only.py for tasks to queue
[2026-02-05T12:57:05.584+0000] {logging_mixin.py:188} INFO - [2026-02-05T12:57:05.584+0000] {dagbag.py:540} INFO - Filling up the DagBag from /home/airflow/.local/lib/python3.12/site-packages/airflow/example_dags/example_latest_only.py
[2026-02-05T12:57:05.587+0000] {processor.py:840} INFO - DAG(s) 'latest_only' retrieved from /home/airflow/.local/lib/python3.12/site-packages/airflow/example_dags/example_latest_only.py
[2026-02-05T12:57:05.600+0000] {logging_mixin.py:188} INFO - [2026-02-05T12:57:05.600+0000] {dag.py:3096} INFO - Sync 1 DAGs
[2026-02-05T12:57:05.611+0000] {logging_mixin.py:188} INFO - [2026-02-05T12:57:05.611+0000] {dag.py:3954} INFO - Setting next_dagrun for latest_only to 2026-02-05 08:00:00+00:00, run_after=2026-02-05 12:00:00+00:00
[2026-02-05T12:57:05.623+0000] {processor.py:183} INFO - Processing /home/airflow/.local/lib/python3.12/site-packages/airflow/example_dags/example_latest_only.py took 0.044 seconds
[2026-02-05T12:57:36.123+0000] {processor.py:161} INFO - Started process (PID=302) to work on /home/airflow/.local/lib/python3.12/site-packages/airflow/example_dags/example_latest_only.py
[2026-02-05T12:57:36.123+0000] {processor.py:830} INFO - Processing file /home/airflow/.local/lib/python3.12/site-packages/airflow/example_dags/example_latest_only.py for tasks to queue
[2026-02-05T12:57:36.125+0000] {logging_mixin.py:188} INFO - [2026-02-05T12:57:36.124+0000] {dagbag.py:540} INFO - Filling up the DagBag from /home/airflow/.local/lib/python3.12/site-packages/airflow/example_dags/example_latest_only.py
[2026-02-05T12:57:36.128+0000] {processor.py:840} INFO - DAG(s) 'latest_only' retrieved from /home/airflow/.local/lib/python3.12/site-packages/airflow/example_dags/example_latest_only.py
[2026-02-05T12:57:36.142+0000] {logging_mixin.py:188} INFO - [2026-02-05T12:57:36.141+0000] {dag.py:3096} INFO - Sync 1 DAGs
[2026-02-05T12:57:36.153+0000] {logging_mixin.py:188} INFO - [2026-02-05T12:57:36.153+0000] {dag.py:3954} INFO - Setting next_dagrun for latest_only to 2026-02-05 08:00:00+00:00, run_after=2026-02-05 12:00:00+00:00
[2026-02-05T12:57:36.166+0000] {processor.py:183} INFO - Processing /home/airflow/.local/lib/python3.12/site-packages/airflow/example_dags/example_latest_only.py took 0.047 seconds
[2026-02-05T12:58:06.426+0000] {processor.py:161} INFO - Started process (PID=360) to work on /home/airflow/.local/lib/python3.12/site-packages/airflow/example_dags/example_latest_only.py
[2026-02-05T12:58:06.427+0000] {processor.py:830} INFO - Processing file /home/airflow/.local/lib/python3.12/site-packages/airflow/example_dags/example_latest_only.py for tasks to queue
[2026-02-05T12:58:06.428+0000] {logging_mixin.py:188} INFO - [2026-02-05T12:58:06.428+0000] {dagbag.py:540} INFO - Filling up the DagBag from /home/airflow/.local/lib/python3.12/site-packages/airflow/example_dags/example_latest_only.py
[2026-02-05T12:58:06.436+0000] {processor.py:840} INFO - DAG(s) 'latest_only' retrieved from /home/airflow/.local/lib/python3.12/site-packages/airflow/example_dags/example_latest_only.py
[2026-02-05T12:58:06.457+0000] {logging_mixin.py:188} INFO - [2026-02-05T12:58:06.457+0000] {dag.py:3096} INFO - Sync 1 DAGs
[2026-02-05T12:58:06.481+0000] {logging_mixin.py:188} INFO - [2026-02-05T12:58:06.480+0000] {dag.py:3954} INFO - Setting next_dagrun for latest_only to 2026-02-05 08:00:00+00:00, run_after=2026-02-05 12:00:00+00:00
[2026-02-05T12:58:06.505+0000] {processor.py:183} INFO - Processing /home/airflow/.local/lib/python3.12/site-packages/airflow/example_dags/example_latest_only.py took 0.083 seconds
[2026-02-05T12:58:36.536+0000] {processor.py:161} INFO - Started process (PID=418) to work on /home/airflow/.local/lib/python3.12/site-packages/airflow/example_dags/example_latest_only.py
[2026-02-05T12:58:36.536+0000] {processor.py:830} INFO - Processing file /home/airflow/.local/lib/python3.12/site-packages/airflow/example_dags/example_latest_only.py for tasks to queue
[2026-02-05T12:58:36.537+0000] {logging_mixin.py:188} INFO - [2026-02-05T12:58:36.537+0000] {dagbag.py:540} INFO - Filling up the DagBag from /home/airflow/.local/lib/python3.12/site-packages/airflow/example_dags/example_latest_only.py
[2026-02-05T12:58:36.540+0000] {processor.py:840} INFO - DAG(s) 'latest_only' retrieved from /home/airflow/.local/lib/python3.12/site-packages/airflow/example_dags/example_latest_only.py
[2026-02-05T12:58:36.551+0000] {logging_mixin.py:188} INFO - [2026-02-05T12:58:36.551+0000] {dag.py:3096} INFO - Sync 1 DAGs
[2026-02-05T12:58:36.562+0000] {logging_mixin.py:188} INFO - [2026-02-05T12:58:36.562+0000] {dag.py:3954} INFO - Setting next_dagrun for latest_only to 2026-02-05 08:00:00+00:00, run_after=2026-02-05 12:00:00+00:00
[2026-02-05T12:58:36.571+0000] {processor.py:183} INFO - Processing /home/airflow/.local/lib/python3.12/site-packages/airflow/example_dags/example_latest_only.py took 0.038 seconds
[2026-02-05T12:59:06.698+0000] {processor.py:161} INFO - Started process (PID=485) to work on /home/airflow/.local/lib/python3.12/site-packages/airflow/example_dags/example_latest_only.py
[2026-02-05T12:59:06.698+0000] {processor.py:830} INFO - Processing file /home/airflow/.local/lib/python3.12/site-packages/airflow/example_dags/example_latest_only.py for tasks to queue
[2026-02-05T12:59:06.699+0000] {logging_mixin.py:188} INFO - [2026-02-05T12:59:06.699+0000] {dagbag.py:540} INFO - Filling up the DagBag from /home/airflow/.local/lib/python3.12/site-packages/airflow/example_dags/example_latest_only.py
[2026-02-05T12:59:06.703+0000] {processor.py:840} INFO - DAG(s) 'latest_only' retrieved from /home/airflow/.local/lib/python3.12/site-packages/airflow/example_dags/example_latest_only.py
[2026-02-05T12:59:06.714+0000] {logging_mixin.py:188} INFO - [2026-02-05T12:59:06.714+0000] {dag.py:3096} INFO - Sync 1 DAGs
[2026-02-05T12:59:06.726+0000] {logging_mixin.py:188} INFO - [2026-02-05T12:59:06.726+0000] {dag.py:3954} INFO - Setting next_dagrun for latest_only to 2026-02-05 08:00:00+00:00, run_after=2026-02-05 12:00:00+00:00
[2026-02-05T12:59:06.737+0000] {processor.py:183} INFO - Processing /home/airflow/.local/lib/python3.12/site-packages/airflow/example_dags/example_latest_only.py took 0.043 seconds
[2026-02-05T12:59:36.943+0000] {processor.py:161} INFO - Started process (PID=544) to work on /home/airflow/.local/lib/python3.12/site-packages/airflow/example_dags/example_latest_only.py
[2026-02-05T12:59:36.945+0000] {processor.py:830} INFO - Processing file /home/airflow/.local/lib/python3.12/site-packages/airflow/example_dags/example_latest_only.py for tasks to queue
[2026-02-05T12:59:36.947+0000] {logging_mixin.py:188} INFO - [2026-02-05T12:59:36.946+0000] {dagbag.py:540} INFO - Filling up the DagBag from /home/airflow/.local/lib/python3.12/site-packages/airflow/example_dags/example_latest_only.py
[2026-02-05T12:59:36.950+0000] {processor.py:840} INFO - DAG(s) 'latest_only' retrieved from /home/airflow/.local/lib/python3.12/site-packages/airflow/example_dags/example_latest_only.py
[2026-02-05T12:59:36.963+0000] {logging_mixin.py:188} INFO - [2026-02-05T12:59:36.963+0000] {dag.py:3096} INFO - Sync 1 DAGs
[2026-02-05T12:59:36.977+0000] {logging_mixin.py:188} INFO - [2026-02-05T12:59:36.977+0000] {dag.py:3954} INFO - Setting next_dagrun for latest_only to 2026-02-05 08:00:00+00:00, run_after=2026-02-05 12:00:00+00:00
[2026-02-05T12:59:36.987+0000] {processor.py:183} INFO - Processing /home/airflow/.local/lib/python3.12/site-packages/airflow/example_dags/example_latest_only.py took 0.048 seconds
[2026-02-05T13:00:07.194+0000] {processor.py:161} INFO - Started process (PID=602) to work on /home/airflow/.local/lib/python3.12/site-packages/airflow/example_dags/example_latest_only.py
[2026-02-05T13:00:07.195+0000] {processor.py:830} INFO - Processing file /home/airflow/.local/lib/python3.12/site-packages/airflow/example_dags/example_latest_only.py for tasks to queue
[2026-02-05T13:00:07.197+0000] {logging_mixin.py:188} INFO - [2026-02-05T13:00:07.196+0000] {dagbag.py:540} INFO - Filling up the DagBag from /home/airflow/.local/lib/python3.12/site-packages/airflow/example_dags/example_latest_only.py
[2026-02-05T13:00:07.200+0000] {processor.py:840} INFO - DAG(s) 'latest_only' retrieved from /home/airflow/.local/lib/python3.12/site-packages/airflow/example_dags/example_latest_only.py
[2026-02-05T13:00:07.212+0000] {logging_mixin.py:188} INFO - [2026-02-05T13:00:07.211+0000] {dag.py:3096} INFO - Sync 1 DAGs
[2026-02-05T13:00:07.223+0000] {logging_mixin.py:188} INFO - [2026-02-05T13:00:07.223+0000] {dag.py:3954} INFO - Setting next_dagrun for latest_only to 2026-02-05 08:00:00+00:00, run_after=2026-02-05 12:00:00+00:00
[2026-02-05T13:00:07.235+0000] {processor.py:183} INFO - Processing /home/airflow/.local/lib/python3.12/site-packages/airflow/example_dags/example_latest_only.py took 0.044 seconds
[2026-02-05T13:00:37.408+0000] {processor.py:161} INFO - Started process (PID=660) to work on /home/airflow/.local/lib/python3.12/site-packages/airflow/example_dags/example_latest_only.py
[2026-02-05T13:00:37.409+0000] {processor.py:830} INFO - Processing file /home/airflow/.local/lib/python3.12/site-packages/airflow/example_dags/example_latest_only.py for tasks to queue
[2026-02-05T13:00:37.411+0000] {logging_mixin.py:188} INFO - [2026-02-05T13:00:37.410+0000] {dagbag.py:540} INFO - Filling up the DagBag from /home/airflow/.local/lib/python3.12/site-packages/airflow/example_dags/example_latest_only.py
[2026-02-05T13:00:37.417+0000] {processor.py:840} INFO - DAG(s) 'latest_only' retrieved from /home/airflow/.local/lib/python3.12/site-packages/airflow/example_dags/example_latest_only.py
[2026-02-05T13:00:37.431+0000] {logging_mixin.py:188} INFO - [2026-02-05T13:00:37.431+0000] {dag.py:3096} INFO - Sync 1 DAGs
[2026-02-05T13:00:37.443+0000] {logging_mixin.py:188} INFO - [2026-02-05T13:00:37.443+0000] {dag.py:3954} INFO - Setting next_dagrun for latest_only to 2026-02-05 08:00:00+00:00, run_after=2026-02-05 12:00:00+00:00
[2026-02-05T13:00:37.456+0000] {processor.py:183} INFO - Processing /home/airflow/.local/lib/python3.12/site-packages/airflow/example_dags/example_latest_only.py took 0.051 seconds
[2026-02-05T13:01:08.410+0000] {processor.py:161} INFO - Started process (PID=718) to work on /home/airflow/.local/lib/python3.12/site-packages/airflow/example_dags/example_latest_only.py
[2026-02-05T13:01:08.411+0000] {processor.py:830} INFO - Processing file /home/airflow/.local/lib/python3.12/site-packages/airflow/example_dags/example_latest_only.py for tasks to queue
[2026-02-05T13:01:08.412+0000] {logging_mixin.py:188} INFO - [2026-02-05T13:01:08.412+0000] {dagbag.py:540} INFO - Filling up the DagBag from /home/airflow/.local/lib/python3.12/site-packages/airflow/example_dags/example_latest_only.py
[2026-02-05T13:01:08.415+0000] {processor.py:840} INFO - DAG(s) 'latest_only' retrieved from /home/airflow/.local/lib/python3.12/site-packages/airflow/example_dags/example_latest_only.py
[2026-02-05T13:01:08.427+0000] {logging_mixin.py:188} INFO - [2026-02-05T13:01:08.426+0000] {dag.py:3096} INFO - Sync 1 DAGs
[2026-02-05T13:01:08.438+0000] {logging_mixin.py:188} INFO - [2026-02-05T13:01:08.437+0000] {dag.py:3954} INFO - Setting next_dagrun for latest_only to 2026-02-05 08:00:00+00:00, run_after=2026-02-05 12:00:00+00:00
[2026-02-05T13:01:08.447+0000] {processor.py:183} INFO - Processing /home/airflow/.local/lib/python3.12/site-packages/airflow/example_dags/example_latest_only.py took 0.040 seconds
[2026-02-05T13:01:38.615+0000] {processor.py:161} INFO - Started process (PID=776) to work on /home/airflow/.local/lib/python3.12/site-packages/airflow/example_dags/example_latest_only.py
[2026-02-05T13:01:38.616+0000] {processor.py:830} INFO - Processing file /home/airflow/.local/lib/python3.12/site-packages/airflow/example_dags/example_latest_only.py for tasks to queue
[2026-02-05T13:01:38.620+0000] {logging_mixin.py:188} INFO - [2026-02-05T13:01:38.619+0000] {dagbag.py:540} INFO - Filling up the DagBag from /home/airflow/.local/lib/python3.12/site-packages/airflow/example_dags/example_latest_only.py
[2026-02-05T13:01:38.624+0000] {processor.py:840} INFO - DAG(s) 'latest_only' retrieved from /home/airflow/.local/lib/python3.12/site-packages/airflow/example_dags/example_latest_only.py
[2026-02-05T13:01:38.650+0000] {logging_mixin.py:188} INFO - [2026-02-05T13:01:38.650+0000] {dag.py:3096} INFO - Sync 1 DAGs
[2026-02-05T13:01:38.665+0000] {logging_mixin.py:188} INFO - [2026-02-05T13:01:38.665+0000] {dag.py:3954} INFO - Setting next_dagrun for latest_only to 2026-02-05 08:00:00+00:00, run_after=2026-02-05 12:00:00+00:00
[2026-02-05T13:01:38.678+0000] {processor.py:183} INFO - Processing /home/airflow/.local/lib/python3.12/site-packages/airflow/example_dags/example_latest_only.py took 0.068 seconds
[2026-02-05T13:02:09.039+0000] {processor.py:161} INFO - Started process (PID=833) to work on /home/airflow/.local/lib/python3.12/site-packages/airflow/example_dags/example_latest_only.py
[2026-02-05T13:02:09.040+0000] {processor.py:830} INFO - Processing file /home/airflow/.local/lib/python3.12/site-packages/airflow/example_dags/example_latest_only.py for tasks to queue
[2026-02-05T13:02:09.044+0000] {logging_mixin.py:188} INFO - [2026-02-05T13:02:09.044+0000] {dagbag.py:540} INFO - Filling up the DagBag from /home/airflow/.local/lib/python3.12/site-packages/airflow/example_dags/example_latest_only.py
[2026-02-05T13:02:09.047+0000] {processor.py:840} INFO - DAG(s) 'latest_only' retrieved from /home/airflow/.local/lib/python3.12/site-packages/airflow/example_dags/example_latest_only.py
[2026-02-05T13:02:09.060+0000] {logging_mixin.py:188} INFO - [2026-02-05T13:02:09.060+0000] {dag.py:3096} INFO - Sync 1 DAGs
[2026-02-05T13:02:09.072+0000] {logging_mixin.py:188} INFO - [2026-02-05T13:02:09.072+0000] {dag.py:3954} INFO - Setting next_dagrun for latest_only to 2026-02-05 08:00:00+00:00, run_after=2026-02-05 12:00:00+00:00
[2026-02-05T13:02:09.082+0000] {processor.py:183} INFO - Processing /home/airflow/.local/lib/python3.12/site-packages/airflow/example_dags/example_latest_only.py took 0.046 seconds
[2026-02-05T13:02:39.124+0000] {processor.py:161} INFO - Started process (PID=891) to work on /home/airflow/.local/lib/python3.12/site-packages/airflow/example_dags/example_latest_only.py
[2026-02-05T13:02:39.125+0000] {processor.py:830} INFO - Processing file /home/airflow/.local/lib/python3.12/site-packages/airflow/example_dags/example_latest_only.py for tasks to queue
[2026-02-05T13:02:39.126+0000] {logging_mixin.py:188} INFO - [2026-02-05T13:02:39.126+0000] {dagbag.py:540} INFO - Filling up the DagBag from /home/airflow/.local/lib/python3.12/site-packages/airflow/example_dags/example_latest_only.py
[2026-02-05T13:02:39.130+0000] {processor.py:840} INFO - DAG(s) 'latest_only' retrieved from /home/airflow/.local/lib/python3.12/site-packages/airflow/example_dags/example_latest_only.py
[2026-02-05T13:02:39.142+0000] {logging_mixin.py:188} INFO - [2026-02-05T13:02:39.142+0000] {dag.py:3096} INFO - Sync 1 DAGs
[2026-02-05T13:02:39.155+0000] {logging_mixin.py:188} INFO - [2026-02-05T13:02:39.155+0000] {dag.py:3954} INFO - Setting next_dagrun for latest_only to 2026-02-05 08:00:00+00:00, run_after=2026-02-05 12:00:00+00:00
[2026-02-05T13:02:39.170+0000] {processor.py:183} INFO - Processing /home/airflow/.local/lib/python3.12/site-packages/airflow/example_dags/example_latest_only.py took 0.052 seconds
[2026-02-05T13:03:09.542+0000] {processor.py:161} INFO - Started process (PID=949) to work on /home/airflow/.local/lib/python3.12/site-packages/airflow/example_dags/example_latest_only.py
[2026-02-05T13:03:09.542+0000] {processor.py:830} INFO - Processing file /home/airflow/.local/lib/python3.12/site-packages/airflow/example_dags/example_latest_only.py for tasks to queue
[2026-02-05T13:03:09.544+0000] {logging_mixin.py:188} INFO - [2026-02-05T13:03:09.544+0000] {dagbag.py:540} INFO - Filling up the DagBag from /home/airflow/.local/lib/python3.12/site-packages/airflow/example_dags/example_latest_only.py
[2026-02-05T13:03:09.547+0000] {processor.py:840} INFO - DAG(s) 'latest_only' retrieved from /home/airflow/.local/lib/python3.12/site-packages/airflow/example_dags/example_latest_only.py
[2026-02-05T13:03:09.558+0000] {logging_mixin.py:188} INFO - [2026-02-05T13:03:09.558+0000] {dag.py:3096} INFO - Sync 1 DAGs
[2026-02-05T13:03:09.569+0000] {logging_mixin.py:188} INFO - [2026-02-05T13:03:09.569+0000] {dag.py:3954} INFO - Setting next_dagrun for latest_only to 2026-02-05 08:00:00+00:00, run_after=2026-02-05 12:00:00+00:00
[2026-02-05T13:03:09.676+0000] {processor.py:183} INFO - Processing /home/airflow/.local/lib/python3.12/site-packages/airflow/example_dags/example_latest_only.py took 0.138 seconds
[2026-02-05T13:03:40.384+0000] {processor.py:161} INFO - Started process (PID=1007) to work on /home/airflow/.local/lib/python3.12/site-packages/airflow/example_dags/example_latest_only.py
[2026-02-05T13:03:40.385+0000] {processor.py:830} INFO - Processing file /home/airflow/.local/lib/python3.12/site-packages/airflow/example_dags/example_latest_only.py for tasks to queue
[2026-02-05T13:03:40.389+0000] {logging_mixin.py:188} INFO - [2026-02-05T13:03:40.389+0000] {dagbag.py:540} INFO - Filling up the DagBag from /home/airflow/.local/lib/python3.12/site-packages/airflow/example_dags/example_latest_only.py
[2026-02-05T13:03:40.392+0000] {processor.py:840} INFO - DAG(s) 'latest_only' retrieved from /home/airflow/.local/lib/python3.12/site-packages/airflow/example_dags/example_latest_only.py
[2026-02-05T13:03:40.407+0000] {logging_mixin.py:188} INFO - [2026-02-05T13:03:40.406+0000] {dag.py:3096} INFO - Sync 1 DAGs
[2026-02-05T13:03:40.421+0000] {logging_mixin.py:188} INFO - [2026-02-05T13:03:40.420+0000] {dag.py:3954} INFO - Setting next_dagrun for latest_only to 2026-02-05 08:00:00+00:00, run_after=2026-02-05 12:00:00+00:00
[2026-02-05T13:03:40.431+0000] {processor.py:183} INFO - Processing /home/airflow/.local/lib/python3.12/site-packages/airflow/example_dags/example_latest_only.py took 0.050 seconds
[2026-02-05T13:04:10.458+0000] {processor.py:161} INFO - Started process (PID=1065) to work on /home/airflow/.local/lib/python3.12/site-packages/airflow/example_dags/example_latest_only.py
[2026-02-05T13:04:10.459+0000] {processor.py:830} INFO - Processing file /home/airflow/.local/lib/python3.12/site-packages/airflow/example_dags/example_latest_only.py for tasks to queue
[2026-02-05T13:04:10.461+0000] {logging_mixin.py:188} INFO - [2026-02-05T13:04:10.460+0000] {dagbag.py:540} INFO - Filling up the DagBag from /home/airflow/.local/lib/python3.12/site-packages/airflow/example_dags/example_latest_only.py
[2026-02-05T13:04:10.464+0000] {processor.py:840} INFO - DAG(s) 'latest_only' retrieved from /home/airflow/.local/lib/python3.12/site-packages/airflow/example_dags/example_latest_only.py
[2026-02-05T13:04:10.476+0000] {logging_mixin.py:188} INFO - [2026-02-05T13:04:10.475+0000] {dag.py:3096} INFO - Sync 1 DAGs
[2026-02-05T13:04:10.488+0000] {logging_mixin.py:188} INFO - [2026-02-05T13:04:10.487+0000] {dag.py:3954} INFO - Setting next_dagrun for latest_only to 2026-02-05 08:00:00+00:00, run_after=2026-02-05 12:00:00+00:00
[2026-02-05T13:04:10.501+0000] {processor.py:183} INFO - Processing /home/airflow/.local/lib/python3.12/site-packages/airflow/example_dags/example_latest_only.py took 0.046 seconds
[2026-02-05T13:04:40.806+0000] {processor.py:161} INFO - Started process (PID=1123) to work on /home/airflow/.local/lib/python3.12/site-packages/airflow/example_dags/example_latest_only.py
[2026-02-05T13:04:40.807+0000] {processor.py:830} INFO - Processing file /home/airflow/.local/lib/python3.12/site-packages/airflow/example_dags/example_latest_only.py for tasks to queue
[2026-02-05T13:04:40.808+0000] {logging_mixin.py:188} INFO - [2026-02-05T13:04:40.808+0000] {dagbag.py:540} INFO - Filling up the DagBag from /home/airflow/.local/lib/python3.12/site-packages/airflow/example_dags/example_latest_only.py
[2026-02-05T13:04:40.812+0000] {processor.py:840} INFO - DAG(s) 'latest_only' retrieved from /home/airflow/.local/lib/python3.12/site-packages/airflow/example_dags/example_latest_only.py
[2026-02-05T13:04:40.826+0000] {logging_mixin.py:188} INFO - [2026-02-05T13:04:40.825+0000] {dag.py:3096} INFO - Sync 1 DAGs
[2026-02-05T13:04:40.840+0000] {logging_mixin.py:188} INFO - [2026-02-05T13:04:40.840+0000] {dag.py:3954} INFO - Setting next_dagrun for latest_only to 2026-02-05 08:00:00+00:00, run_after=2026-02-05 12:00:00+00:00
[2026-02-05T13:04:40.855+0000] {processor.py:183} INFO - Processing /home/airflow/.local/lib/python3.12/site-packages/airflow/example_dags/example_latest_only.py took 0.053 seconds
[2026-02-05T13:05:11.690+0000] {processor.py:161} INFO - Started process (PID=1181) to work on /home/airflow/.local/lib/python3.12/site-packages/airflow/example_dags/example_latest_only.py
[2026-02-05T13:05:11.691+0000] {processor.py:830} INFO - Processing file /home/airflow/.local/lib/python3.12/site-packages/airflow/example_dags/example_latest_only.py for tasks to queue
[2026-02-05T13:05:11.695+0000] {logging_mixin.py:188} INFO - [2026-02-05T13:05:11.695+0000] {dagbag.py:540} INFO - Filling up the DagBag from /home/airflow/.local/lib/python3.12/site-packages/airflow/example_dags/example_latest_only.py
[2026-02-05T13:05:11.698+0000] {processor.py:840} INFO - DAG(s) 'latest_only' retrieved from /home/airflow/.local/lib/python3.12/site-packages/airflow/example_dags/example_latest_only.py
[2026-02-05T13:05:11.711+0000] {logging_mixin.py:188} INFO - [2026-02-05T13:05:11.711+0000] {dag.py:3096} INFO - Sync 1 DAGs
[2026-02-05T13:05:11.722+0000] {logging_mixin.py:188} INFO - [2026-02-05T13:05:11.722+0000] {dag.py:3954} INFO - Setting next_dagrun for latest_only to 2026-02-05 08:00:00+00:00, run_after=2026-02-05 12:00:00+00:00
[2026-02-05T13:05:11.733+0000] {processor.py:183} INFO - Processing /home/airflow/.local/lib/python3.12/site-packages/airflow/example_dags/example_latest_only.py took 0.046 seconds
[2026-02-05T13:05:42.303+0000] {processor.py:161} INFO - Started process (PID=1239) to work on /home/airflow/.local/lib/python3.12/site-packages/airflow/example_dags/example_latest_only.py
[2026-02-05T13:05:42.303+0000] {processor.py:830} INFO - Processing file /home/airflow/.local/lib/python3.12/site-packages/airflow/example_dags/example_latest_only.py for tasks to queue
[2026-02-05T13:05:42.307+0000] {logging_mixin.py:188} INFO - [2026-02-05T13:05:42.307+0000] {dagbag.py:540} INFO - Filling up the DagBag from /home/airflow/.local/lib/python3.12/site-packages/airflow/example_dags/example_latest_only.py
[2026-02-05T13:05:42.312+0000] {processor.py:840} INFO - DAG(s) 'latest_only' retrieved from /home/airflow/.local/lib/python3.12/site-packages/airflow/example_dags/example_latest_only.py
[2026-02-05T13:05:42.324+0000] {logging_mixin.py:188} INFO - [2026-02-05T13:05:42.323+0000] {dag.py:3096} INFO - Sync 1 DAGs
[2026-02-05T13:05:42.436+0000] {logging_mixin.py:188} INFO - [2026-02-05T13:05:42.436+0000] {dag.py:3954} INFO - Setting next_dagrun for latest_only to 2026-02-05 08:00:00+00:00, run_after=2026-02-05 12:00:00+00:00
[2026-02-05T13:05:42.447+0000] {processor.py:183} INFO - Processing /home/airflow/.local/lib/python3.12/site-packages/airflow/example_dags/example_latest_only.py took 0.148 seconds
[2026-02-05T13:06:12.590+0000] {processor.py:161} INFO - Started process (PID=1296) to work on /home/airflow/.local/lib/python3.12/site-packages/airflow/example_dags/example_latest_only.py
[2026-02-05T13:06:12.590+0000] {processor.py:830} INFO - Processing file /home/airflow/.local/lib/python3.12/site-packages/airflow/example_dags/example_latest_only.py for tasks to queue
[2026-02-05T13:06:12.592+0000] {logging_mixin.py:188} INFO - [2026-02-05T13:06:12.592+0000] {dagbag.py:540} INFO - Filling up the DagBag from /home/airflow/.local/lib/python3.12/site-packages/airflow/example_dags/example_latest_only.py
[2026-02-05T13:06:12.595+0000] {processor.py:840} INFO - DAG(s) 'latest_only' retrieved from /home/airflow/.local/lib/python3.12/site-packages/airflow/example_dags/example_latest_only.py
[2026-02-05T13:06:12.607+0000] {logging_mixin.py:188} INFO - [2026-02-05T13:06:12.607+0000] {dag.py:3096} INFO - Sync 1 DAGs
[2026-02-05T13:06:12.621+0000] {logging_mixin.py:188} INFO - [2026-02-05T13:06:12.621+0000] {dag.py:3954} INFO - Setting next_dagrun for latest_only to 2026-02-05 08:00:00+00:00, run_after=2026-02-05 12:00:00+00:00
[2026-02-05T13:06:12.633+0000] {processor.py:183} INFO - Processing /home/airflow/.local/lib/python3.12/site-packages/airflow/example_dags/example_latest_only.py took 0.047 seconds
[2026-02-05T13:06:42.749+0000] {processor.py:161} INFO - Started process (PID=1354) to work on /home/airflow/.local/lib/python3.12/site-packages/airflow/example_dags/example_latest_only.py
[2026-02-05T13:06:42.749+0000] {processor.py:830} INFO - Processing file /home/airflow/.local/lib/python3.12/site-packages/airflow/example_dags/example_latest_only.py for tasks to queue
[2026-02-05T13:06:42.750+0000] {logging_mixin.py:188} INFO - [2026-02-05T13:06:42.750+0000] {dagbag.py:540} INFO - Filling up the DagBag from /home/airflow/.local/lib/python3.12/site-packages/airflow/example_dags/example_latest_only.py
[2026-02-05T13:06:42.754+0000] {processor.py:840} INFO - DAG(s) 'latest_only' retrieved from /home/airflow/.local/lib/python3.12/site-packages/airflow/example_dags/example_latest_only.py
[2026-02-05T13:06:42.767+0000] {logging_mixin.py:188} INFO - [2026-02-05T13:06:42.767+0000] {dag.py:3096} INFO - Sync 1 DAGs
[2026-02-05T13:06:42.779+0000] {logging_mixin.py:188} INFO - [2026-02-05T13:06:42.779+0000] {dag.py:3954} INFO - Setting next_dagrun for latest_only to 2026-02-05 08:00:00+00:00, run_after=2026-02-05 12:00:00+00:00
[2026-02-05T13:06:42.791+0000] {processor.py:183} INFO - Processing /home/airflow/.local/lib/python3.12/site-packages/airflow/example_dags/example_latest_only.py took 0.047 seconds
[2026-02-05T13:07:12.964+0000] {processor.py:161} INFO - Started process (PID=1412) to work on /home/airflow/.local/lib/python3.12/site-packages/airflow/example_dags/example_latest_only.py
[2026-02-05T13:07:12.964+0000] {processor.py:830} INFO - Processing file /home/airflow/.local/lib/python3.12/site-packages/airflow/example_dags/example_latest_only.py for tasks to queue
[2026-02-05T13:07:12.965+0000] {logging_mixin.py:188} INFO - [2026-02-05T13:07:12.965+0000] {dagbag.py:540} INFO - Filling up the DagBag from /home/airflow/.local/lib/python3.12/site-packages/airflow/example_dags/example_latest_only.py
[2026-02-05T13:07:12.968+0000] {processor.py:840} INFO - DAG(s) 'latest_only' retrieved from /home/airflow/.local/lib/python3.12/site-packages/airflow/example_dags/example_latest_only.py
[2026-02-05T13:07:12.980+0000] {logging_mixin.py:188} INFO - [2026-02-05T13:07:12.980+0000] {dag.py:3096} INFO - Sync 1 DAGs
[2026-02-05T13:07:12.991+0000] {logging_mixin.py:188} INFO - [2026-02-05T13:07:12.991+0000] {dag.py:3954} INFO - Setting next_dagrun for latest_only to 2026-02-05 08:00:00+00:00, run_after=2026-02-05 12:00:00+00:00
[2026-02-05T13:07:13.001+0000] {processor.py:183} INFO - Processing /home/airflow/.local/lib/python3.12/site-packages/airflow/example_dags/example_latest_only.py took 0.040 seconds
[2026-02-05T13:07:43.060+0000] {processor.py:161} INFO - Started process (PID=1470) to work on /home/airflow/.local/lib/python3.12/site-packages/airflow/example_dags/example_latest_only.py
[2026-02-05T13:07:43.061+0000] {processor.py:830} INFO - Processing file /home/airflow/.local/lib/python3.12/site-packages/airflow/example_dags/example_latest_only.py for tasks to queue
[2026-02-05T13:07:43.062+0000] {logging_mixin.py:188} INFO - [2026-02-05T13:07:43.062+0000] {dagbag.py:540} INFO - Filling up the DagBag from /home/airflow/.local/lib/python3.12/site-packages/airflow/example_dags/example_latest_only.py
[2026-02-05T13:07:43.065+0000] {processor.py:840} INFO - DAG(s) 'latest_only' retrieved from /home/airflow/.local/lib/python3.12/site-packages/airflow/example_dags/example_latest_only.py
[2026-02-05T13:07:43.087+0000] {logging_mixin.py:188} INFO - [2026-02-05T13:07:43.087+0000] {dag.py:3096} INFO - Sync 1 DAGs
[2026-02-05T13:07:43.113+0000] {logging_mixin.py:188} INFO - [2026-02-05T13:07:43.113+0000] {dag.py:3954} INFO - Setting next_dagrun for latest_only to 2026-02-05 08:00:00+00:00, run_after=2026-02-05 12:00:00+00:00
[2026-02-05T13:07:43.128+0000] {processor.py:183} INFO - Processing /home/airflow/.local/lib/python3.12/site-packages/airflow/example_dags/example_latest_only.py took 0.072 seconds
[2026-02-05T13:08:13.380+0000] {processor.py:161} INFO - Started process (PID=1528) to work on /home/airflow/.local/lib/python3.12/site-packages/airflow/example_dags/example_latest_only.py
[2026-02-05T13:08:13.381+0000] {processor.py:830} INFO - Processing file /home/airflow/.local/lib/python3.12/site-packages/airflow/example_dags/example_latest_only.py for tasks to queue
[2026-02-05T13:08:13.382+0000] {logging_mixin.py:188} INFO - [2026-02-05T13:08:13.382+0000] {dagbag.py:540} INFO - Filling up the DagBag from /home/airflow/.local/lib/python3.12/site-packages/airflow/example_dags/example_latest_only.py
[2026-02-05T13:08:13.385+0000] {processor.py:840} INFO - DAG(s) 'latest_only' retrieved from /home/airflow/.local/lib/python3.12/site-packages/airflow/example_dags/example_latest_only.py
[2026-02-05T13:08:13.397+0000] {logging_mixin.py:188} INFO - [2026-02-05T13:08:13.397+0000] {dag.py:3096} INFO - Sync 1 DAGs
[2026-02-05T13:08:13.410+0000] {logging_mixin.py:188} INFO - [2026-02-05T13:08:13.409+0000] {dag.py:3954} INFO - Setting next_dagrun for latest_only to 2026-02-05 08:00:00+00:00, run_after=2026-02-05 12:00:00+00:00
[2026-02-05T13:08:13.422+0000] {processor.py:183} INFO - Processing /home/airflow/.local/lib/python3.12/site-packages/airflow/example_dags/example_latest_only.py took 0.046 seconds
[2026-02-05T13:08:43.521+0000] {processor.py:161} INFO - Started process (PID=1585) to work on /home/airflow/.local/lib/python3.12/site-packages/airflow/example_dags/example_latest_only.py
[2026-02-05T13:08:43.521+0000] {processor.py:830} INFO - Processing file /home/airflow/.local/lib/python3.12/site-packages/airflow/example_dags/example_latest_only.py for tasks to queue
[2026-02-05T13:08:43.523+0000] {logging_mixin.py:188} INFO - [2026-02-05T13:08:43.523+0000] {dagbag.py:540} INFO - Filling up the DagBag from /home/airflow/.local/lib/python3.12/site-packages/airflow/example_dags/example_latest_only.py
[2026-02-05T13:08:43.526+0000] {processor.py:840} INFO - DAG(s) 'latest_only' retrieved from /home/airflow/.local/lib/python3.12/site-packages/airflow/example_dags/example_latest_only.py
[2026-02-05T13:08:43.537+0000] {logging_mixin.py:188} INFO - [2026-02-05T13:08:43.537+0000] {dag.py:3096} INFO - Sync 1 DAGs
[2026-02-05T13:08:43.549+0000] {logging_mixin.py:188} INFO - [2026-02-05T13:08:43.548+0000] {dag.py:3954} INFO - Setting next_dagrun for latest_only to 2026-02-05 08:00:00+00:00, run_after=2026-02-05 12:00:00+00:00
[2026-02-05T13:08:43.558+0000] {processor.py:183} INFO - Processing /home/airflow/.local/lib/python3.12/site-packages/airflow/example_dags/example_latest_only.py took 0.041 seconds
[2026-02-05T13:09:13.641+0000] {processor.py:161} INFO - Started process (PID=1643) to work on /home/airflow/.local/lib/python3.12/site-packages/airflow/example_dags/example_latest_only.py
[2026-02-05T13:09:13.641+0000] {processor.py:830} INFO - Processing file /home/airflow/.local/lib/python3.12/site-packages/airflow/example_dags/example_latest_only.py for tasks to queue
[2026-02-05T13:09:13.646+0000] {logging_mixin.py:188} INFO - [2026-02-05T13:09:13.646+0000] {dagbag.py:540} INFO - Filling up the DagBag from /home/airflow/.local/lib/python3.12/site-packages/airflow/example_dags/example_latest_only.py
[2026-02-05T13:09:13.648+0000] {processor.py:840} INFO - DAG(s) 'latest_only' retrieved from /home/airflow/.local/lib/python3.12/site-packages/airflow/example_dags/example_latest_only.py
[2026-02-05T13:09:13.660+0000] {logging_mixin.py:188} INFO - [2026-02-05T13:09:13.660+0000] {dag.py:3096} INFO - Sync 1 DAGs
[2026-02-05T13:09:13.671+0000] {logging_mixin.py:188} INFO - [2026-02-05T13:09:13.671+0000] {dag.py:3954} INFO - Setting next_dagrun for latest_only to 2026-02-05 08:00:00+00:00, run_after=2026-02-05 12:00:00+00:00
[2026-02-05T13:09:13.681+0000] {processor.py:183} INFO - Processing /home/airflow/.local/lib/python3.12/site-packages/airflow/example_dags/example_latest_only.py took 0.044 seconds
[2026-02-05T13:09:44.100+0000] {processor.py:161} INFO - Started process (PID=1701) to work on /home/airflow/.local/lib/python3.12/site-packages/airflow/example_dags/example_latest_only.py
[2026-02-05T13:09:44.101+0000] {processor.py:830} INFO - Processing file /home/airflow/.local/lib/python3.12/site-packages/airflow/example_dags/example_latest_only.py for tasks to queue
[2026-02-05T13:09:44.102+0000] {logging_mixin.py:188} INFO - [2026-02-05T13:09:44.102+0000] {dagbag.py:540} INFO - Filling up the DagBag from /home/airflow/.local/lib/python3.12/site-packages/airflow/example_dags/example_latest_only.py
[2026-02-05T13:09:44.106+0000] {processor.py:840} INFO - DAG(s) 'latest_only' retrieved from /home/airflow/.local/lib/python3.12/site-packages/airflow/example_dags/example_latest_only.py
[2026-02-05T13:09:44.122+0000] {logging_mixin.py:188} INFO - [2026-02-05T13:09:44.122+0000] {dag.py:3096} INFO - Sync 1 DAGs
[2026-02-05T13:09:44.134+0000] {logging_mixin.py:188} INFO - [2026-02-05T13:09:44.134+0000] {dag.py:3954} INFO - Setting next_dagrun for latest_only to 2026-02-05 08:00:00+00:00, run_after=2026-02-05 12:00:00+00:00
[2026-02-05T13:09:44.145+0000] {processor.py:183} INFO - Processing /home/airflow/.local/lib/python3.12/site-packages/airflow/example_dags/example_latest_only.py took 0.049 seconds
[2026-02-05T13:10:14.345+0000] {processor.py:161} INFO - Started process (PID=1758) to work on /home/airflow/.local/lib/python3.12/site-packages/airflow/example_dags/example_latest_only.py
[2026-02-05T13:10:14.346+0000] {processor.py:830} INFO - Processing file /home/airflow/.local/lib/python3.12/site-packages/airflow/example_dags/example_latest_only.py for tasks to queue
[2026-02-05T13:10:14.347+0000] {logging_mixin.py:188} INFO - [2026-02-05T13:10:14.347+0000] {dagbag.py:540} INFO - Filling up the DagBag from /home/airflow/.local/lib/python3.12/site-packages/airflow/example_dags/example_latest_only.py
[2026-02-05T13:10:14.350+0000] {processor.py:840} INFO - DAG(s) 'latest_only' retrieved from /home/airflow/.local/lib/python3.12/site-packages/airflow/example_dags/example_latest_only.py
[2026-02-05T13:10:14.362+0000] {logging_mixin.py:188} INFO - [2026-02-05T13:10:14.362+0000] {dag.py:3096} INFO - Sync 1 DAGs
[2026-02-05T13:10:14.374+0000] {logging_mixin.py:188} INFO - [2026-02-05T13:10:14.373+0000] {dag.py:3954} INFO - Setting next_dagrun for latest_only to 2026-02-05 08:00:00+00:00, run_after=2026-02-05 12:00:00+00:00
[2026-02-05T13:10:14.383+0000] {processor.py:183} INFO - Processing /home/airflow/.local/lib/python3.12/site-packages/airflow/example_dags/example_latest_only.py took 0.042 seconds
[2026-02-05T13:10:44.449+0000] {processor.py:161} INFO - Started process (PID=1816) to work on /home/airflow/.local/lib/python3.12/site-packages/airflow/example_dags/example_latest_only.py
[2026-02-05T13:10:44.450+0000] {processor.py:830} INFO - Processing file /home/airflow/.local/lib/python3.12/site-packages/airflow/example_dags/example_latest_only.py for tasks to queue
[2026-02-05T13:10:44.451+0000] {logging_mixin.py:188} INFO - [2026-02-05T13:10:44.451+0000] {dagbag.py:540} INFO - Filling up the DagBag from /home/airflow/.local/lib/python3.12/site-packages/airflow/example_dags/example_latest_only.py
[2026-02-05T13:10:44.454+0000] {processor.py:840} INFO - DAG(s) 'latest_only' retrieved from /home/airflow/.local/lib/python3.12/site-packages/airflow/example_dags/example_latest_only.py
[2026-02-05T13:10:44.466+0000] {logging_mixin.py:188} INFO - [2026-02-05T13:10:44.465+0000] {dag.py:3096} INFO - Sync 1 DAGs
[2026-02-05T13:10:44.477+0000] {logging_mixin.py:188} INFO - [2026-02-05T13:10:44.477+0000] {dag.py:3954} INFO - Setting next_dagrun for latest_only to 2026-02-05 08:00:00+00:00, run_after=2026-02-05 12:00:00+00:00
[2026-02-05T13:10:44.487+0000] {processor.py:183} INFO - Processing /home/airflow/.local/lib/python3.12/site-packages/airflow/example_dags/example_latest_only.py took 0.042 seconds
[2026-02-05T13:11:15.281+0000] {processor.py:161} INFO - Started process (PID=1874) to work on /home/airflow/.local/lib/python3.12/site-packages/airflow/example_dags/example_latest_only.py
[2026-02-05T13:11:15.282+0000] {processor.py:830} INFO - Processing file /home/airflow/.local/lib/python3.12/site-packages/airflow/example_dags/example_latest_only.py for tasks to queue
[2026-02-05T13:11:15.283+0000] {logging_mixin.py:188} INFO - [2026-02-05T13:11:15.283+0000] {dagbag.py:540} INFO - Filling up the DagBag from /home/airflow/.local/lib/python3.12/site-packages/airflow/example_dags/example_latest_only.py
[2026-02-05T13:11:15.287+0000] {processor.py:840} INFO - DAG(s) 'latest_only' retrieved from /home/airflow/.local/lib/python3.12/site-packages/airflow/example_dags/example_latest_only.py
[2026-02-05T13:11:15.299+0000] {logging_mixin.py:188} INFO - [2026-02-05T13:11:15.299+0000] {dag.py:3096} INFO - Sync 1 DAGs
[2026-02-05T13:11:15.311+0000] {logging_mixin.py:188} INFO - [2026-02-05T13:11:15.311+0000] {dag.py:3954} INFO - Setting next_dagrun for latest_only to 2026-02-05 08:00:00+00:00, run_after=2026-02-05 12:00:00+00:00
[2026-02-05T13:11:15.322+0000] {processor.py:183} INFO - Processing /home/airflow/.local/lib/python3.12/site-packages/airflow/example_dags/example_latest_only.py took 0.044 seconds
[2026-02-05T13:11:46.177+0000] {processor.py:161} INFO - Started process (PID=1932) to work on /home/airflow/.local/lib/python3.12/site-packages/airflow/example_dags/example_latest_only.py
[2026-02-05T13:11:46.177+0000] {processor.py:830} INFO - Processing file /home/airflow/.local/lib/python3.12/site-packages/airflow/example_dags/example_latest_only.py for tasks to queue
[2026-02-05T13:11:46.178+0000] {logging_mixin.py:188} INFO - [2026-02-05T13:11:46.178+0000] {dagbag.py:540} INFO - Filling up the DagBag from /home/airflow/.local/lib/python3.12/site-packages/airflow/example_dags/example_latest_only.py
[2026-02-05T13:11:46.181+0000] {processor.py:840} INFO - DAG(s) 'latest_only' retrieved from /home/airflow/.local/lib/python3.12/site-packages/airflow/example_dags/example_latest_only.py
[2026-02-05T13:11:46.192+0000] {logging_mixin.py:188} INFO - [2026-02-05T13:11:46.192+0000] {dag.py:3096} INFO - Sync 1 DAGs
[2026-02-05T13:11:46.203+0000] {logging_mixin.py:188} INFO - [2026-02-05T13:11:46.202+0000] {dag.py:3954} INFO - Setting next_dagrun for latest_only to 2026-02-05 08:00:00+00:00, run_after=2026-02-05 12:00:00+00:00
[2026-02-05T13:11:46.212+0000] {processor.py:183} INFO - Processing /home/airflow/.local/lib/python3.12/site-packages/airflow/example_dags/example_latest_only.py took 0.038 seconds
[2026-02-05T13:12:17.044+0000] {processor.py:161} INFO - Started process (PID=1990) to work on /home/airflow/.local/lib/python3.12/site-packages/airflow/example_dags/example_latest_only.py
[2026-02-05T13:12:17.045+0000] {processor.py:830} INFO - Processing file /home/airflow/.local/lib/python3.12/site-packages/airflow/example_dags/example_latest_only.py for tasks to queue
[2026-02-05T13:12:17.046+0000] {logging_mixin.py:188} INFO - [2026-02-05T13:12:17.046+0000] {dagbag.py:540} INFO - Filling up the DagBag from /home/airflow/.local/lib/python3.12/site-packages/airflow/example_dags/example_latest_only.py
[2026-02-05T13:12:17.050+0000] {processor.py:840} INFO - DAG(s) 'latest_only' retrieved from /home/airflow/.local/lib/python3.12/site-packages/airflow/example_dags/example_latest_only.py
[2026-02-05T13:12:17.062+0000] {logging_mixin.py:188} INFO - [2026-02-05T13:12:17.062+0000] {dag.py:3096} INFO - Sync 1 DAGs
[2026-02-05T13:12:17.074+0000] {logging_mixin.py:188} INFO - [2026-02-05T13:12:17.074+0000] {dag.py:3954} INFO - Setting next_dagrun for latest_only to 2026-02-05 08:00:00+00:00, run_after=2026-02-05 12:00:00+00:00
[2026-02-05T13:12:17.085+0000] {processor.py:183} INFO - Processing /home/airflow/.local/lib/python3.12/site-packages/airflow/example_dags/example_latest_only.py took 0.044 seconds
[2026-02-05T13:12:48.028+0000] {processor.py:161} INFO - Started process (PID=2048) to work on /home/airflow/.local/lib/python3.12/site-packages/airflow/example_dags/example_latest_only.py
[2026-02-05T13:12:48.028+0000] {processor.py:830} INFO - Processing file /home/airflow/.local/lib/python3.12/site-packages/airflow/example_dags/example_latest_only.py for tasks to queue
[2026-02-05T13:12:48.030+0000] {logging_mixin.py:188} INFO - [2026-02-05T13:12:48.030+0000] {dagbag.py:540} INFO - Filling up the DagBag from /home/airflow/.local/lib/python3.12/site-packages/airflow/example_dags/example_latest_only.py
[2026-02-05T13:12:48.033+0000] {processor.py:840} INFO - DAG(s) 'latest_only' retrieved from /home/airflow/.local/lib/python3.12/site-packages/airflow/example_dags/example_latest_only.py
[2026-02-05T13:12:48.045+0000] {logging_mixin.py:188} INFO - [2026-02-05T13:12:48.045+0000] {dag.py:3096} INFO - Sync 1 DAGs
[2026-02-05T13:12:48.058+0000] {logging_mixin.py:188} INFO - [2026-02-05T13:12:48.058+0000] {dag.py:3954} INFO - Setting next_dagrun for latest_only to 2026-02-05 08:00:00+00:00, run_after=2026-02-05 12:00:00+00:00
[2026-02-05T13:12:48.068+0000] {processor.py:183} INFO - Processing /home/airflow/.local/lib/python3.12/site-packages/airflow/example_dags/example_latest_only.py took 0.043 seconds
[2026-02-05T13:13:18.798+0000] {processor.py:161} INFO - Started process (PID=2105) to work on /home/airflow/.local/lib/python3.12/site-packages/airflow/example_dags/example_latest_only.py
[2026-02-05T13:13:18.799+0000] {processor.py:830} INFO - Processing file /home/airflow/.local/lib/python3.12/site-packages/airflow/example_dags/example_latest_only.py for tasks to queue
[2026-02-05T13:13:18.800+0000] {logging_mixin.py:188} INFO - [2026-02-05T13:13:18.800+0000] {dagbag.py:540} INFO - Filling up the DagBag from /home/airflow/.local/lib/python3.12/site-packages/airflow/example_dags/example_latest_only.py
[2026-02-05T13:13:18.803+0000] {processor.py:840} INFO - DAG(s) 'latest_only' retrieved from /home/airflow/.local/lib/python3.12/site-packages/airflow/example_dags/example_latest_only.py
[2026-02-05T13:13:18.815+0000] {logging_mixin.py:188} INFO - [2026-02-05T13:13:18.814+0000] {dag.py:3096} INFO - Sync 1 DAGs
[2026-02-05T13:13:18.826+0000] {logging_mixin.py:188} INFO - [2026-02-05T13:13:18.826+0000] {dag.py:3954} INFO - Setting next_dagrun for latest_only to 2026-02-05 08:00:00+00:00, run_after=2026-02-05 12:00:00+00:00
[2026-02-05T13:13:18.837+0000] {processor.py:183} INFO - Processing /home/airflow/.local/lib/python3.12/site-packages/airflow/example_dags/example_latest_only.py took 0.043 seconds
[2026-02-05T13:13:49.655+0000] {processor.py:161} INFO - Started process (PID=2163) to work on /home/airflow/.local/lib/python3.12/site-packages/airflow/example_dags/example_latest_only.py
[2026-02-05T13:13:49.656+0000] {processor.py:830} INFO - Processing file /home/airflow/.local/lib/python3.12/site-packages/airflow/example_dags/example_latest_only.py for tasks to queue
[2026-02-05T13:13:49.657+0000] {logging_mixin.py:188} INFO - [2026-02-05T13:13:49.657+0000] {dagbag.py:540} INFO - Filling up the DagBag from /home/airflow/.local/lib/python3.12/site-packages/airflow/example_dags/example_latest_only.py
[2026-02-05T13:13:49.660+0000] {processor.py:840} INFO - DAG(s) 'latest_only' retrieved from /home/airflow/.local/lib/python3.12/site-packages/airflow/example_dags/example_latest_only.py
[2026-02-05T13:13:49.672+0000] {logging_mixin.py:188} INFO - [2026-02-05T13:13:49.672+0000] {dag.py:3096} INFO - Sync 1 DAGs
[2026-02-05T13:13:49.682+0000] {logging_mixin.py:188} INFO - [2026-02-05T13:13:49.682+0000] {dag.py:3954} INFO - Setting next_dagrun for latest_only to 2026-02-05 08:00:00+00:00, run_after=2026-02-05 12:00:00+00:00
[2026-02-05T13:13:49.692+0000] {processor.py:183} INFO - Processing /home/airflow/.local/lib/python3.12/site-packages/airflow/example_dags/example_latest_only.py took 0.040 seconds
[2026-02-05T13:14:20.642+0000] {processor.py:161} INFO - Started process (PID=2221) to work on /home/airflow/.local/lib/python3.12/site-packages/airflow/example_dags/example_latest_only.py
[2026-02-05T13:14:20.643+0000] {processor.py:830} INFO - Processing file /home/airflow/.local/lib/python3.12/site-packages/airflow/example_dags/example_latest_only.py for tasks to queue
[2026-02-05T13:14:20.644+0000] {logging_mixin.py:188} INFO - [2026-02-05T13:14:20.644+0000] {dagbag.py:540} INFO - Filling up the DagBag from /home/airflow/.local/lib/python3.12/site-packages/airflow/example_dags/example_latest_only.py
[2026-02-05T13:14:20.647+0000] {processor.py:840} INFO - DAG(s) 'latest_only' retrieved from /home/airflow/.local/lib/python3.12/site-packages/airflow/example_dags/example_latest_only.py
[2026-02-05T13:14:20.663+0000] {logging_mixin.py:188} INFO - [2026-02-05T13:14:20.663+0000] {dag.py:3096} INFO - Sync 1 DAGs
[2026-02-05T13:14:20.675+0000] {logging_mixin.py:188} INFO - [2026-02-05T13:14:20.674+0000] {dag.py:3954} INFO - Setting next_dagrun for latest_only to 2026-02-05 08:00:00+00:00, run_after=2026-02-05 12:00:00+00:00
[2026-02-05T13:14:20.686+0000] {processor.py:183} INFO - Processing /home/airflow/.local/lib/python3.12/site-packages/airflow/example_dags/example_latest_only.py took 0.048 seconds
[2026-02-05T13:14:50.803+0000] {processor.py:161} INFO - Started process (PID=2279) to work on /home/airflow/.local/lib/python3.12/site-packages/airflow/example_dags/example_latest_only.py
[2026-02-05T13:14:50.803+0000] {processor.py:830} INFO - Processing file /home/airflow/.local/lib/python3.12/site-packages/airflow/example_dags/example_latest_only.py for tasks to queue
[2026-02-05T13:14:50.804+0000] {logging_mixin.py:188} INFO - [2026-02-05T13:14:50.804+0000] {dagbag.py:540} INFO - Filling up the DagBag from /home/airflow/.local/lib/python3.12/site-packages/airflow/example_dags/example_latest_only.py
[2026-02-05T13:14:50.808+0000] {processor.py:840} INFO - DAG(s) 'latest_only' retrieved from /home/airflow/.local/lib/python3.12/site-packages/airflow/example_dags/example_latest_only.py
[2026-02-05T13:14:50.819+0000] {logging_mixin.py:188} INFO - [2026-02-05T13:14:50.819+0000] {dag.py:3096} INFO - Sync 1 DAGs
[2026-02-05T13:14:50.831+0000] {logging_mixin.py:188} INFO - [2026-02-05T13:14:50.831+0000] {dag.py:3954} INFO - Setting next_dagrun for latest_only to 2026-02-05 08:00:00+00:00, run_after=2026-02-05 12:00:00+00:00
[2026-02-05T13:14:50.842+0000] {processor.py:183} INFO - Processing /home/airflow/.local/lib/python3.12/site-packages/airflow/example_dags/example_latest_only.py took 0.043 seconds
[2026-02-05T13:15:21.736+0000] {processor.py:161} INFO - Started process (PID=2336) to work on /home/airflow/.local/lib/python3.12/site-packages/airflow/example_dags/example_latest_only.py
[2026-02-05T13:15:21.738+0000] {processor.py:830} INFO - Processing file /home/airflow/.local/lib/python3.12/site-packages/airflow/example_dags/example_latest_only.py for tasks to queue
[2026-02-05T13:15:21.739+0000] {logging_mixin.py:188} INFO - [2026-02-05T13:15:21.739+0000] {dagbag.py:540} INFO - Filling up the DagBag from /home/airflow/.local/lib/python3.12/site-packages/airflow/example_dags/example_latest_only.py
[2026-02-05T13:15:21.742+0000] {processor.py:840} INFO - DAG(s) 'latest_only' retrieved from /home/airflow/.local/lib/python3.12/site-packages/airflow/example_dags/example_latest_only.py
[2026-02-05T13:15:21.754+0000] {logging_mixin.py:188} INFO - [2026-02-05T13:15:21.754+0000] {dag.py:3096} INFO - Sync 1 DAGs
[2026-02-05T13:15:21.766+0000] {logging_mixin.py:188} INFO - [2026-02-05T13:15:21.766+0000] {dag.py:3954} INFO - Setting next_dagrun for latest_only to 2026-02-05 08:00:00+00:00, run_after=2026-02-05 12:00:00+00:00
[2026-02-05T13:15:21.784+0000] {processor.py:183} INFO - Processing /home/airflow/.local/lib/python3.12/site-packages/airflow/example_dags/example_latest_only.py took 0.051 seconds
[2026-02-05T13:15:52.556+0000] {processor.py:161} INFO - Started process (PID=2394) to work on /home/airflow/.local/lib/python3.12/site-packages/airflow/example_dags/example_latest_only.py
[2026-02-05T13:15:52.557+0000] {processor.py:830} INFO - Processing file /home/airflow/.local/lib/python3.12/site-packages/airflow/example_dags/example_latest_only.py for tasks to queue
[2026-02-05T13:15:52.559+0000] {logging_mixin.py:188} INFO - [2026-02-05T13:15:52.558+0000] {dagbag.py:540} INFO - Filling up the DagBag from /home/airflow/.local/lib/python3.12/site-packages/airflow/example_dags/example_latest_only.py
[2026-02-05T13:15:52.562+0000] {processor.py:840} INFO - DAG(s) 'latest_only' retrieved from /home/airflow/.local/lib/python3.12/site-packages/airflow/example_dags/example_latest_only.py
[2026-02-05T13:15:52.578+0000] {logging_mixin.py:188} INFO - [2026-02-05T13:15:52.578+0000] {dag.py:3096} INFO - Sync 1 DAGs
[2026-02-05T13:15:52.588+0000] {logging_mixin.py:188} INFO - [2026-02-05T13:15:52.588+0000] {dag.py:3954} INFO - Setting next_dagrun for latest_only to 2026-02-05 08:00:00+00:00, run_after=2026-02-05 12:00:00+00:00
[2026-02-05T13:15:52.598+0000] {processor.py:183} INFO - Processing /home/airflow/.local/lib/python3.12/site-packages/airflow/example_dags/example_latest_only.py took 0.045 seconds
[2026-02-05T13:16:23.604+0000] {processor.py:161} INFO - Started process (PID=2452) to work on /home/airflow/.local/lib/python3.12/site-packages/airflow/example_dags/example_latest_only.py
[2026-02-05T13:16:23.607+0000] {processor.py:830} INFO - Processing file /home/airflow/.local/lib/python3.12/site-packages/airflow/example_dags/example_latest_only.py for tasks to queue
[2026-02-05T13:16:23.609+0000] {logging_mixin.py:188} INFO - [2026-02-05T13:16:23.608+0000] {dagbag.py:540} INFO - Filling up the DagBag from /home/airflow/.local/lib/python3.12/site-packages/airflow/example_dags/example_latest_only.py
[2026-02-05T13:16:23.612+0000] {processor.py:840} INFO - DAG(s) 'latest_only' retrieved from /home/airflow/.local/lib/python3.12/site-packages/airflow/example_dags/example_latest_only.py
[2026-02-05T13:16:23.625+0000] {logging_mixin.py:188} INFO - [2026-02-05T13:16:23.625+0000] {dag.py:3096} INFO - Sync 1 DAGs
[2026-02-05T13:16:23.636+0000] {logging_mixin.py:188} INFO - [2026-02-05T13:16:23.636+0000] {dag.py:3954} INFO - Setting next_dagrun for latest_only to 2026-02-05 08:00:00+00:00, run_after=2026-02-05 12:00:00+00:00
[2026-02-05T13:16:23.651+0000] {processor.py:183} INFO - Processing /home/airflow/.local/lib/python3.12/site-packages/airflow/example_dags/example_latest_only.py took 0.050 seconds
[2026-02-05T13:16:53.693+0000] {processor.py:161} INFO - Started process (PID=2510) to work on /home/airflow/.local/lib/python3.12/site-packages/airflow/example_dags/example_latest_only.py
[2026-02-05T13:16:53.694+0000] {processor.py:830} INFO - Processing file /home/airflow/.local/lib/python3.12/site-packages/airflow/example_dags/example_latest_only.py for tasks to queue
[2026-02-05T13:16:53.695+0000] {logging_mixin.py:188} INFO - [2026-02-05T13:16:53.695+0000] {dagbag.py:540} INFO - Filling up the DagBag from /home/airflow/.local/lib/python3.12/site-packages/airflow/example_dags/example_latest_only.py
[2026-02-05T13:16:53.698+0000] {processor.py:840} INFO - DAG(s) 'latest_only' retrieved from /home/airflow/.local/lib/python3.12/site-packages/airflow/example_dags/example_latest_only.py
[2026-02-05T13:16:53.709+0000] {logging_mixin.py:188} INFO - [2026-02-05T13:16:53.709+0000] {dag.py:3096} INFO - Sync 1 DAGs
[2026-02-05T13:16:53.719+0000] {logging_mixin.py:188} INFO - [2026-02-05T13:16:53.719+0000] {dag.py:3954} INFO - Setting next_dagrun for latest_only to 2026-02-05 08:00:00+00:00, run_after=2026-02-05 12:00:00+00:00
[2026-02-05T13:16:53.728+0000] {processor.py:183} INFO - Processing /home/airflow/.local/lib/python3.12/site-packages/airflow/example_dags/example_latest_only.py took 0.038 seconds
[2026-02-05T13:17:24.765+0000] {processor.py:161} INFO - Started process (PID=2568) to work on /home/airflow/.local/lib/python3.12/site-packages/airflow/example_dags/example_latest_only.py
[2026-02-05T13:17:24.766+0000] {processor.py:830} INFO - Processing file /home/airflow/.local/lib/python3.12/site-packages/airflow/example_dags/example_latest_only.py for tasks to queue
[2026-02-05T13:17:24.767+0000] {logging_mixin.py:188} INFO - [2026-02-05T13:17:24.767+0000] {dagbag.py:540} INFO - Filling up the DagBag from /home/airflow/.local/lib/python3.12/site-packages/airflow/example_dags/example_latest_only.py
[2026-02-05T13:17:24.770+0000] {processor.py:840} INFO - DAG(s) 'latest_only' retrieved from /home/airflow/.local/lib/python3.12/site-packages/airflow/example_dags/example_latest_only.py
[2026-02-05T13:17:24.782+0000] {logging_mixin.py:188} INFO - [2026-02-05T13:17:24.782+0000] {dag.py:3096} INFO - Sync 1 DAGs
[2026-02-05T13:17:24.793+0000] {logging_mixin.py:188} INFO - [2026-02-05T13:17:24.793+0000] {dag.py:3954} INFO - Setting next_dagrun for latest_only to 2026-02-05 08:00:00+00:00, run_after=2026-02-05 12:00:00+00:00
[2026-02-05T13:17:24.803+0000] {processor.py:183} INFO - Processing /home/airflow/.local/lib/python3.12/site-packages/airflow/example_dags/example_latest_only.py took 0.041 seconds
[2026-02-05T13:17:55.012+0000] {processor.py:161} INFO - Started process (PID=2625) to work on /home/airflow/.local/lib/python3.12/site-packages/airflow/example_dags/example_latest_only.py
[2026-02-05T13:17:55.013+0000] {processor.py:830} INFO - Processing file /home/airflow/.local/lib/python3.12/site-packages/airflow/example_dags/example_latest_only.py for tasks to queue
[2026-02-05T13:17:55.014+0000] {logging_mixin.py:188} INFO - [2026-02-05T13:17:55.014+0000] {dagbag.py:540} INFO - Filling up the DagBag from /home/airflow/.local/lib/python3.12/site-packages/airflow/example_dags/example_latest_only.py
[2026-02-05T13:17:55.019+0000] {processor.py:840} INFO - DAG(s) 'latest_only' retrieved from /home/airflow/.local/lib/python3.12/site-packages/airflow/example_dags/example_latest_only.py
[2026-02-05T13:17:55.040+0000] {logging_mixin.py:188} INFO - [2026-02-05T13:17:55.040+0000] {dag.py:3096} INFO - Sync 1 DAGs
[2026-02-05T13:17:55.059+0000] {logging_mixin.py:188} INFO - [2026-02-05T13:17:55.059+0000] {dag.py:3954} INFO - Setting next_dagrun for latest_only to 2026-02-05 08:00:00+00:00, run_after=2026-02-05 12:00:00+00:00
[2026-02-05T13:17:55.078+0000] {processor.py:183} INFO - Processing /home/airflow/.local/lib/python3.12/site-packages/airflow/example_dags/example_latest_only.py took 0.071 seconds
