[2026-02-05T12:55:34.143+0000] {processor.py:161} INFO - Started process (PID=78) to work on /home/airflow/.local/lib/python3.12/site-packages/airflow/example_dags/example_python_operator.py
[2026-02-05T12:55:34.144+0000] {processor.py:830} INFO - Processing file /home/airflow/.local/lib/python3.12/site-packages/airflow/example_dags/example_python_operator.py for tasks to queue
[2026-02-05T12:55:34.148+0000] {logging_mixin.py:188} INFO - [2026-02-05T12:55:34.148+0000] {dagbag.py:540} INFO - Filling up the DagBag from /home/airflow/.local/lib/python3.12/site-packages/airflow/example_dags/example_python_operator.py
[2026-02-05T12:55:34.157+0000] {processor.py:840} INFO - DAG(s) 'example_python_operator' retrieved from /home/airflow/.local/lib/python3.12/site-packages/airflow/example_dags/example_python_operator.py
[2026-02-05T12:55:34.167+0000] {logging_mixin.py:188} INFO - [2026-02-05T12:55:34.167+0000] {dag.py:3096} INFO - Sync 1 DAGs
[2026-02-05T12:55:34.177+0000] {logging_mixin.py:188} INFO - [2026-02-05T12:55:34.177+0000] {dag.py:3954} INFO - Setting next_dagrun for example_python_operator to None, run_after=None
[2026-02-05T12:55:34.200+0000] {processor.py:183} INFO - Processing /home/airflow/.local/lib/python3.12/site-packages/airflow/example_dags/example_python_operator.py took 0.061 seconds
[2026-02-05T12:56:05.031+0000] {processor.py:161} INFO - Started process (PID=136) to work on /home/airflow/.local/lib/python3.12/site-packages/airflow/example_dags/example_python_operator.py
[2026-02-05T12:56:05.032+0000] {processor.py:830} INFO - Processing file /home/airflow/.local/lib/python3.12/site-packages/airflow/example_dags/example_python_operator.py for tasks to queue
[2026-02-05T12:56:05.033+0000] {logging_mixin.py:188} INFO - [2026-02-05T12:56:05.033+0000] {dagbag.py:540} INFO - Filling up the DagBag from /home/airflow/.local/lib/python3.12/site-packages/airflow/example_dags/example_python_operator.py
[2026-02-05T12:56:05.039+0000] {processor.py:840} INFO - DAG(s) 'example_python_operator' retrieved from /home/airflow/.local/lib/python3.12/site-packages/airflow/example_dags/example_python_operator.py
[2026-02-05T12:56:05.093+0000] {logging_mixin.py:188} INFO - [2026-02-05T12:56:05.093+0000] {dag.py:3096} INFO - Sync 1 DAGs
[2026-02-05T12:56:05.099+0000] {logging_mixin.py:188} INFO - [2026-02-05T12:56:05.099+0000] {dag.py:3954} INFO - Setting next_dagrun for example_python_operator to None, run_after=None
[2026-02-05T12:56:05.111+0000] {processor.py:183} INFO - Processing /home/airflow/.local/lib/python3.12/site-packages/airflow/example_dags/example_python_operator.py took 0.083 seconds
[2026-02-05T12:56:35.748+0000] {processor.py:161} INFO - Started process (PID=194) to work on /home/airflow/.local/lib/python3.12/site-packages/airflow/example_dags/example_python_operator.py
[2026-02-05T12:56:35.748+0000] {processor.py:830} INFO - Processing file /home/airflow/.local/lib/python3.12/site-packages/airflow/example_dags/example_python_operator.py for tasks to queue
[2026-02-05T12:56:35.750+0000] {logging_mixin.py:188} INFO - [2026-02-05T12:56:35.750+0000] {dagbag.py:540} INFO - Filling up the DagBag from /home/airflow/.local/lib/python3.12/site-packages/airflow/example_dags/example_python_operator.py
[2026-02-05T12:56:35.756+0000] {processor.py:840} INFO - DAG(s) 'example_python_operator' retrieved from /home/airflow/.local/lib/python3.12/site-packages/airflow/example_dags/example_python_operator.py
[2026-02-05T12:56:35.774+0000] {logging_mixin.py:188} INFO - [2026-02-05T12:56:35.774+0000] {dag.py:3096} INFO - Sync 1 DAGs
[2026-02-05T12:56:35.782+0000] {logging_mixin.py:188} INFO - [2026-02-05T12:56:35.782+0000] {dag.py:3954} INFO - Setting next_dagrun for example_python_operator to None, run_after=None
[2026-02-05T12:56:35.797+0000] {processor.py:183} INFO - Processing /home/airflow/.local/lib/python3.12/site-packages/airflow/example_dags/example_python_operator.py took 0.053 seconds
[2026-02-05T12:57:05.825+0000] {processor.py:161} INFO - Started process (PID=252) to work on /home/airflow/.local/lib/python3.12/site-packages/airflow/example_dags/example_python_operator.py
[2026-02-05T12:57:05.826+0000] {processor.py:830} INFO - Processing file /home/airflow/.local/lib/python3.12/site-packages/airflow/example_dags/example_python_operator.py for tasks to queue
[2026-02-05T12:57:05.827+0000] {logging_mixin.py:188} INFO - [2026-02-05T12:57:05.827+0000] {dagbag.py:540} INFO - Filling up the DagBag from /home/airflow/.local/lib/python3.12/site-packages/airflow/example_dags/example_python_operator.py
[2026-02-05T12:57:05.832+0000] {processor.py:840} INFO - DAG(s) 'example_python_operator' retrieved from /home/airflow/.local/lib/python3.12/site-packages/airflow/example_dags/example_python_operator.py
[2026-02-05T12:57:05.844+0000] {logging_mixin.py:188} INFO - [2026-02-05T12:57:05.844+0000] {dag.py:3096} INFO - Sync 1 DAGs
[2026-02-05T12:57:05.852+0000] {logging_mixin.py:188} INFO - [2026-02-05T12:57:05.852+0000] {dag.py:3954} INFO - Setting next_dagrun for example_python_operator to None, run_after=None
[2026-02-05T12:57:05.862+0000] {processor.py:183} INFO - Processing /home/airflow/.local/lib/python3.12/site-packages/airflow/example_dags/example_python_operator.py took 0.039 seconds
[2026-02-05T12:57:36.365+0000] {processor.py:161} INFO - Started process (PID=310) to work on /home/airflow/.local/lib/python3.12/site-packages/airflow/example_dags/example_python_operator.py
[2026-02-05T12:57:36.365+0000] {processor.py:830} INFO - Processing file /home/airflow/.local/lib/python3.12/site-packages/airflow/example_dags/example_python_operator.py for tasks to queue
[2026-02-05T12:57:36.367+0000] {logging_mixin.py:188} INFO - [2026-02-05T12:57:36.366+0000] {dagbag.py:540} INFO - Filling up the DagBag from /home/airflow/.local/lib/python3.12/site-packages/airflow/example_dags/example_python_operator.py
[2026-02-05T12:57:36.373+0000] {processor.py:840} INFO - DAG(s) 'example_python_operator' retrieved from /home/airflow/.local/lib/python3.12/site-packages/airflow/example_dags/example_python_operator.py
[2026-02-05T12:57:36.387+0000] {logging_mixin.py:188} INFO - [2026-02-05T12:57:36.387+0000] {dag.py:3096} INFO - Sync 1 DAGs
[2026-02-05T12:57:36.394+0000] {logging_mixin.py:188} INFO - [2026-02-05T12:57:36.394+0000] {dag.py:3954} INFO - Setting next_dagrun for example_python_operator to None, run_after=None
[2026-02-05T12:57:36.405+0000] {processor.py:183} INFO - Processing /home/airflow/.local/lib/python3.12/site-packages/airflow/example_dags/example_python_operator.py took 0.043 seconds
[2026-02-05T12:58:06.775+0000] {processor.py:161} INFO - Started process (PID=368) to work on /home/airflow/.local/lib/python3.12/site-packages/airflow/example_dags/example_python_operator.py
[2026-02-05T12:58:06.776+0000] {processor.py:830} INFO - Processing file /home/airflow/.local/lib/python3.12/site-packages/airflow/example_dags/example_python_operator.py for tasks to queue
[2026-02-05T12:58:06.778+0000] {logging_mixin.py:188} INFO - [2026-02-05T12:58:06.778+0000] {dagbag.py:540} INFO - Filling up the DagBag from /home/airflow/.local/lib/python3.12/site-packages/airflow/example_dags/example_python_operator.py
[2026-02-05T12:58:06.784+0000] {processor.py:840} INFO - DAG(s) 'example_python_operator' retrieved from /home/airflow/.local/lib/python3.12/site-packages/airflow/example_dags/example_python_operator.py
[2026-02-05T12:58:06.799+0000] {logging_mixin.py:188} INFO - [2026-02-05T12:58:06.799+0000] {dag.py:3096} INFO - Sync 1 DAGs
[2026-02-05T12:58:06.806+0000] {logging_mixin.py:188} INFO - [2026-02-05T12:58:06.806+0000] {dag.py:3954} INFO - Setting next_dagrun for example_python_operator to None, run_after=None
[2026-02-05T12:58:06.817+0000] {processor.py:183} INFO - Processing /home/airflow/.local/lib/python3.12/site-packages/airflow/example_dags/example_python_operator.py took 0.046 seconds
[2026-02-05T12:58:36.832+0000] {processor.py:161} INFO - Started process (PID=426) to work on /home/airflow/.local/lib/python3.12/site-packages/airflow/example_dags/example_python_operator.py
[2026-02-05T12:58:36.833+0000] {processor.py:830} INFO - Processing file /home/airflow/.local/lib/python3.12/site-packages/airflow/example_dags/example_python_operator.py for tasks to queue
[2026-02-05T12:58:36.834+0000] {logging_mixin.py:188} INFO - [2026-02-05T12:58:36.834+0000] {dagbag.py:540} INFO - Filling up the DagBag from /home/airflow/.local/lib/python3.12/site-packages/airflow/example_dags/example_python_operator.py
[2026-02-05T12:58:36.839+0000] {processor.py:840} INFO - DAG(s) 'example_python_operator' retrieved from /home/airflow/.local/lib/python3.12/site-packages/airflow/example_dags/example_python_operator.py
[2026-02-05T12:58:36.851+0000] {logging_mixin.py:188} INFO - [2026-02-05T12:58:36.851+0000] {dag.py:3096} INFO - Sync 1 DAGs
[2026-02-05T12:58:36.857+0000] {logging_mixin.py:188} INFO - [2026-02-05T12:58:36.857+0000] {dag.py:3954} INFO - Setting next_dagrun for example_python_operator to None, run_after=None
[2026-02-05T12:58:36.866+0000] {processor.py:183} INFO - Processing /home/airflow/.local/lib/python3.12/site-packages/airflow/example_dags/example_python_operator.py took 0.037 seconds
[2026-02-05T12:59:06.921+0000] {processor.py:161} INFO - Started process (PID=493) to work on /home/airflow/.local/lib/python3.12/site-packages/airflow/example_dags/example_python_operator.py
[2026-02-05T12:59:06.922+0000] {processor.py:830} INFO - Processing file /home/airflow/.local/lib/python3.12/site-packages/airflow/example_dags/example_python_operator.py for tasks to queue
[2026-02-05T12:59:06.926+0000] {logging_mixin.py:188} INFO - [2026-02-05T12:59:06.926+0000] {dagbag.py:540} INFO - Filling up the DagBag from /home/airflow/.local/lib/python3.12/site-packages/airflow/example_dags/example_python_operator.py
[2026-02-05T12:59:06.932+0000] {processor.py:840} INFO - DAG(s) 'example_python_operator' retrieved from /home/airflow/.local/lib/python3.12/site-packages/airflow/example_dags/example_python_operator.py
[2026-02-05T12:59:06.946+0000] {logging_mixin.py:188} INFO - [2026-02-05T12:59:06.946+0000] {dag.py:3096} INFO - Sync 1 DAGs
[2026-02-05T12:59:06.952+0000] {logging_mixin.py:188} INFO - [2026-02-05T12:59:06.951+0000] {dag.py:3954} INFO - Setting next_dagrun for example_python_operator to None, run_after=None
[2026-02-05T12:59:06.962+0000] {processor.py:183} INFO - Processing /home/airflow/.local/lib/python3.12/site-packages/airflow/example_dags/example_python_operator.py took 0.044 seconds
[2026-02-05T12:59:37.175+0000] {processor.py:161} INFO - Started process (PID=552) to work on /home/airflow/.local/lib/python3.12/site-packages/airflow/example_dags/example_python_operator.py
[2026-02-05T12:59:37.177+0000] {processor.py:830} INFO - Processing file /home/airflow/.local/lib/python3.12/site-packages/airflow/example_dags/example_python_operator.py for tasks to queue
[2026-02-05T12:59:37.179+0000] {logging_mixin.py:188} INFO - [2026-02-05T12:59:37.179+0000] {dagbag.py:540} INFO - Filling up the DagBag from /home/airflow/.local/lib/python3.12/site-packages/airflow/example_dags/example_python_operator.py
[2026-02-05T12:59:37.185+0000] {processor.py:840} INFO - DAG(s) 'example_python_operator' retrieved from /home/airflow/.local/lib/python3.12/site-packages/airflow/example_dags/example_python_operator.py
[2026-02-05T12:59:37.198+0000] {logging_mixin.py:188} INFO - [2026-02-05T12:59:37.198+0000] {dag.py:3096} INFO - Sync 1 DAGs
[2026-02-05T12:59:37.204+0000] {logging_mixin.py:188} INFO - [2026-02-05T12:59:37.204+0000] {dag.py:3954} INFO - Setting next_dagrun for example_python_operator to None, run_after=None
[2026-02-05T12:59:37.214+0000] {processor.py:183} INFO - Processing /home/airflow/.local/lib/python3.12/site-packages/airflow/example_dags/example_python_operator.py took 0.042 seconds
[2026-02-05T13:00:07.428+0000] {processor.py:161} INFO - Started process (PID=610) to work on /home/airflow/.local/lib/python3.12/site-packages/airflow/example_dags/example_python_operator.py
[2026-02-05T13:00:07.428+0000] {processor.py:830} INFO - Processing file /home/airflow/.local/lib/python3.12/site-packages/airflow/example_dags/example_python_operator.py for tasks to queue
[2026-02-05T13:00:07.429+0000] {logging_mixin.py:188} INFO - [2026-02-05T13:00:07.429+0000] {dagbag.py:540} INFO - Filling up the DagBag from /home/airflow/.local/lib/python3.12/site-packages/airflow/example_dags/example_python_operator.py
[2026-02-05T13:00:07.435+0000] {processor.py:840} INFO - DAG(s) 'example_python_operator' retrieved from /home/airflow/.local/lib/python3.12/site-packages/airflow/example_dags/example_python_operator.py
[2026-02-05T13:00:07.448+0000] {logging_mixin.py:188} INFO - [2026-02-05T13:00:07.448+0000] {dag.py:3096} INFO - Sync 1 DAGs
[2026-02-05T13:00:07.454+0000] {logging_mixin.py:188} INFO - [2026-02-05T13:00:07.454+0000] {dag.py:3954} INFO - Setting next_dagrun for example_python_operator to None, run_after=None
[2026-02-05T13:00:07.468+0000] {processor.py:183} INFO - Processing /home/airflow/.local/lib/python3.12/site-packages/airflow/example_dags/example_python_operator.py took 0.043 seconds
[2026-02-05T13:00:37.660+0000] {processor.py:161} INFO - Started process (PID=668) to work on /home/airflow/.local/lib/python3.12/site-packages/airflow/example_dags/example_python_operator.py
[2026-02-05T13:00:37.661+0000] {processor.py:830} INFO - Processing file /home/airflow/.local/lib/python3.12/site-packages/airflow/example_dags/example_python_operator.py for tasks to queue
[2026-02-05T13:00:37.662+0000] {logging_mixin.py:188} INFO - [2026-02-05T13:00:37.662+0000] {dagbag.py:540} INFO - Filling up the DagBag from /home/airflow/.local/lib/python3.12/site-packages/airflow/example_dags/example_python_operator.py
[2026-02-05T13:00:37.669+0000] {processor.py:840} INFO - DAG(s) 'example_python_operator' retrieved from /home/airflow/.local/lib/python3.12/site-packages/airflow/example_dags/example_python_operator.py
[2026-02-05T13:00:37.690+0000] {logging_mixin.py:188} INFO - [2026-02-05T13:00:37.690+0000] {dag.py:3096} INFO - Sync 1 DAGs
[2026-02-05T13:00:37.700+0000] {logging_mixin.py:188} INFO - [2026-02-05T13:00:37.700+0000] {dag.py:3954} INFO - Setting next_dagrun for example_python_operator to None, run_after=None
[2026-02-05T13:00:37.714+0000] {processor.py:183} INFO - Processing /home/airflow/.local/lib/python3.12/site-packages/airflow/example_dags/example_python_operator.py took 0.064 seconds
[2026-02-05T13:01:08.660+0000] {processor.py:161} INFO - Started process (PID=726) to work on /home/airflow/.local/lib/python3.12/site-packages/airflow/example_dags/example_python_operator.py
[2026-02-05T13:01:08.661+0000] {processor.py:830} INFO - Processing file /home/airflow/.local/lib/python3.12/site-packages/airflow/example_dags/example_python_operator.py for tasks to queue
[2026-02-05T13:01:08.662+0000] {logging_mixin.py:188} INFO - [2026-02-05T13:01:08.662+0000] {dagbag.py:540} INFO - Filling up the DagBag from /home/airflow/.local/lib/python3.12/site-packages/airflow/example_dags/example_python_operator.py
[2026-02-05T13:01:08.667+0000] {processor.py:840} INFO - DAG(s) 'example_python_operator' retrieved from /home/airflow/.local/lib/python3.12/site-packages/airflow/example_dags/example_python_operator.py
[2026-02-05T13:01:08.678+0000] {logging_mixin.py:188} INFO - [2026-02-05T13:01:08.678+0000] {dag.py:3096} INFO - Sync 1 DAGs
[2026-02-05T13:01:08.684+0000] {logging_mixin.py:188} INFO - [2026-02-05T13:01:08.683+0000] {dag.py:3954} INFO - Setting next_dagrun for example_python_operator to None, run_after=None
[2026-02-05T13:01:08.692+0000] {processor.py:183} INFO - Processing /home/airflow/.local/lib/python3.12/site-packages/airflow/example_dags/example_python_operator.py took 0.035 seconds
[2026-02-05T13:01:38.936+0000] {processor.py:161} INFO - Started process (PID=784) to work on /home/airflow/.local/lib/python3.12/site-packages/airflow/example_dags/example_python_operator.py
[2026-02-05T13:01:38.955+0000] {processor.py:830} INFO - Processing file /home/airflow/.local/lib/python3.12/site-packages/airflow/example_dags/example_python_operator.py for tasks to queue
[2026-02-05T13:01:38.965+0000] {logging_mixin.py:188} INFO - [2026-02-05T13:01:38.963+0000] {dagbag.py:540} INFO - Filling up the DagBag from /home/airflow/.local/lib/python3.12/site-packages/airflow/example_dags/example_python_operator.py
[2026-02-05T13:01:38.988+0000] {processor.py:840} INFO - DAG(s) 'example_python_operator' retrieved from /home/airflow/.local/lib/python3.12/site-packages/airflow/example_dags/example_python_operator.py
[2026-02-05T13:01:39.002+0000] {logging_mixin.py:188} INFO - [2026-02-05T13:01:39.002+0000] {dag.py:3096} INFO - Sync 1 DAGs
[2026-02-05T13:01:39.012+0000] {logging_mixin.py:188} INFO - [2026-02-05T13:01:39.012+0000] {dag.py:3954} INFO - Setting next_dagrun for example_python_operator to None, run_after=None
[2026-02-05T13:01:39.024+0000] {processor.py:183} INFO - Processing /home/airflow/.local/lib/python3.12/site-packages/airflow/example_dags/example_python_operator.py took 0.094 seconds
[2026-02-05T13:02:09.280+0000] {processor.py:161} INFO - Started process (PID=841) to work on /home/airflow/.local/lib/python3.12/site-packages/airflow/example_dags/example_python_operator.py
[2026-02-05T13:02:09.281+0000] {processor.py:830} INFO - Processing file /home/airflow/.local/lib/python3.12/site-packages/airflow/example_dags/example_python_operator.py for tasks to queue
[2026-02-05T13:02:09.283+0000] {logging_mixin.py:188} INFO - [2026-02-05T13:02:09.282+0000] {dagbag.py:540} INFO - Filling up the DagBag from /home/airflow/.local/lib/python3.12/site-packages/airflow/example_dags/example_python_operator.py
[2026-02-05T13:02:09.291+0000] {processor.py:840} INFO - DAG(s) 'example_python_operator' retrieved from /home/airflow/.local/lib/python3.12/site-packages/airflow/example_dags/example_python_operator.py
[2026-02-05T13:02:09.304+0000] {logging_mixin.py:188} INFO - [2026-02-05T13:02:09.304+0000] {dag.py:3096} INFO - Sync 1 DAGs
[2026-02-05T13:02:09.311+0000] {logging_mixin.py:188} INFO - [2026-02-05T13:02:09.311+0000] {dag.py:3954} INFO - Setting next_dagrun for example_python_operator to None, run_after=None
[2026-02-05T13:02:09.321+0000] {processor.py:183} INFO - Processing /home/airflow/.local/lib/python3.12/site-packages/airflow/example_dags/example_python_operator.py took 0.045 seconds
[2026-02-05T13:02:39.392+0000] {processor.py:161} INFO - Started process (PID=899) to work on /home/airflow/.local/lib/python3.12/site-packages/airflow/example_dags/example_python_operator.py
[2026-02-05T13:02:39.393+0000] {processor.py:830} INFO - Processing file /home/airflow/.local/lib/python3.12/site-packages/airflow/example_dags/example_python_operator.py for tasks to queue
[2026-02-05T13:02:39.394+0000] {logging_mixin.py:188} INFO - [2026-02-05T13:02:39.394+0000] {dagbag.py:540} INFO - Filling up the DagBag from /home/airflow/.local/lib/python3.12/site-packages/airflow/example_dags/example_python_operator.py
[2026-02-05T13:02:39.401+0000] {processor.py:840} INFO - DAG(s) 'example_python_operator' retrieved from /home/airflow/.local/lib/python3.12/site-packages/airflow/example_dags/example_python_operator.py
[2026-02-05T13:02:39.415+0000] {logging_mixin.py:188} INFO - [2026-02-05T13:02:39.415+0000] {dag.py:3096} INFO - Sync 1 DAGs
[2026-02-05T13:02:39.422+0000] {logging_mixin.py:188} INFO - [2026-02-05T13:02:39.422+0000] {dag.py:3954} INFO - Setting next_dagrun for example_python_operator to None, run_after=None
[2026-02-05T13:02:39.435+0000] {processor.py:183} INFO - Processing /home/airflow/.local/lib/python3.12/site-packages/airflow/example_dags/example_python_operator.py took 0.048 seconds
[2026-02-05T13:03:10.056+0000] {processor.py:161} INFO - Started process (PID=957) to work on /home/airflow/.local/lib/python3.12/site-packages/airflow/example_dags/example_python_operator.py
[2026-02-05T13:03:10.058+0000] {processor.py:830} INFO - Processing file /home/airflow/.local/lib/python3.12/site-packages/airflow/example_dags/example_python_operator.py for tasks to queue
[2026-02-05T13:03:10.059+0000] {logging_mixin.py:188} INFO - [2026-02-05T13:03:10.059+0000] {dagbag.py:540} INFO - Filling up the DagBag from /home/airflow/.local/lib/python3.12/site-packages/airflow/example_dags/example_python_operator.py
[2026-02-05T13:03:10.065+0000] {processor.py:840} INFO - DAG(s) 'example_python_operator' retrieved from /home/airflow/.local/lib/python3.12/site-packages/airflow/example_dags/example_python_operator.py
[2026-02-05T13:03:10.078+0000] {logging_mixin.py:188} INFO - [2026-02-05T13:03:10.078+0000] {dag.py:3096} INFO - Sync 1 DAGs
[2026-02-05T13:03:10.086+0000] {logging_mixin.py:188} INFO - [2026-02-05T13:03:10.085+0000] {dag.py:3954} INFO - Setting next_dagrun for example_python_operator to None, run_after=None
[2026-02-05T13:03:10.211+0000] {processor.py:183} INFO - Processing /home/airflow/.local/lib/python3.12/site-packages/airflow/example_dags/example_python_operator.py took 0.158 seconds
[2026-02-05T13:03:40.617+0000] {processor.py:161} INFO - Started process (PID=1015) to work on /home/airflow/.local/lib/python3.12/site-packages/airflow/example_dags/example_python_operator.py
[2026-02-05T13:03:40.618+0000] {processor.py:830} INFO - Processing file /home/airflow/.local/lib/python3.12/site-packages/airflow/example_dags/example_python_operator.py for tasks to queue
[2026-02-05T13:03:40.620+0000] {logging_mixin.py:188} INFO - [2026-02-05T13:03:40.620+0000] {dagbag.py:540} INFO - Filling up the DagBag from /home/airflow/.local/lib/python3.12/site-packages/airflow/example_dags/example_python_operator.py
[2026-02-05T13:03:40.625+0000] {processor.py:840} INFO - DAG(s) 'example_python_operator' retrieved from /home/airflow/.local/lib/python3.12/site-packages/airflow/example_dags/example_python_operator.py
[2026-02-05T13:03:40.637+0000] {logging_mixin.py:188} INFO - [2026-02-05T13:03:40.637+0000] {dag.py:3096} INFO - Sync 1 DAGs
[2026-02-05T13:03:40.643+0000] {logging_mixin.py:188} INFO - [2026-02-05T13:03:40.643+0000] {dag.py:3954} INFO - Setting next_dagrun for example_python_operator to None, run_after=None
[2026-02-05T13:03:40.657+0000] {processor.py:183} INFO - Processing /home/airflow/.local/lib/python3.12/site-packages/airflow/example_dags/example_python_operator.py took 0.043 seconds
[2026-02-05T13:04:10.690+0000] {processor.py:161} INFO - Started process (PID=1073) to work on /home/airflow/.local/lib/python3.12/site-packages/airflow/example_dags/example_python_operator.py
[2026-02-05T13:04:10.691+0000] {processor.py:830} INFO - Processing file /home/airflow/.local/lib/python3.12/site-packages/airflow/example_dags/example_python_operator.py for tasks to queue
[2026-02-05T13:04:10.692+0000] {logging_mixin.py:188} INFO - [2026-02-05T13:04:10.691+0000] {dagbag.py:540} INFO - Filling up the DagBag from /home/airflow/.local/lib/python3.12/site-packages/airflow/example_dags/example_python_operator.py
[2026-02-05T13:04:10.698+0000] {processor.py:840} INFO - DAG(s) 'example_python_operator' retrieved from /home/airflow/.local/lib/python3.12/site-packages/airflow/example_dags/example_python_operator.py
[2026-02-05T13:04:10.710+0000] {logging_mixin.py:188} INFO - [2026-02-05T13:04:10.709+0000] {dag.py:3096} INFO - Sync 1 DAGs
[2026-02-05T13:04:10.716+0000] {logging_mixin.py:188} INFO - [2026-02-05T13:04:10.715+0000] {dag.py:3954} INFO - Setting next_dagrun for example_python_operator to None, run_after=None
[2026-02-05T13:04:10.725+0000] {processor.py:183} INFO - Processing /home/airflow/.local/lib/python3.12/site-packages/airflow/example_dags/example_python_operator.py took 0.038 seconds
[2026-02-05T13:04:41.071+0000] {processor.py:161} INFO - Started process (PID=1131) to work on /home/airflow/.local/lib/python3.12/site-packages/airflow/example_dags/example_python_operator.py
[2026-02-05T13:04:41.071+0000] {processor.py:830} INFO - Processing file /home/airflow/.local/lib/python3.12/site-packages/airflow/example_dags/example_python_operator.py for tasks to queue
[2026-02-05T13:04:41.073+0000] {logging_mixin.py:188} INFO - [2026-02-05T13:04:41.072+0000] {dagbag.py:540} INFO - Filling up the DagBag from /home/airflow/.local/lib/python3.12/site-packages/airflow/example_dags/example_python_operator.py
[2026-02-05T13:04:41.079+0000] {processor.py:840} INFO - DAG(s) 'example_python_operator' retrieved from /home/airflow/.local/lib/python3.12/site-packages/airflow/example_dags/example_python_operator.py
[2026-02-05T13:04:41.093+0000] {logging_mixin.py:188} INFO - [2026-02-05T13:04:41.093+0000] {dag.py:3096} INFO - Sync 1 DAGs
[2026-02-05T13:04:41.102+0000] {logging_mixin.py:188} INFO - [2026-02-05T13:04:41.102+0000] {dag.py:3954} INFO - Setting next_dagrun for example_python_operator to None, run_after=None
[2026-02-05T13:04:41.112+0000] {processor.py:183} INFO - Processing /home/airflow/.local/lib/python3.12/site-packages/airflow/example_dags/example_python_operator.py took 0.045 seconds
[2026-02-05T13:05:11.918+0000] {processor.py:161} INFO - Started process (PID=1189) to work on /home/airflow/.local/lib/python3.12/site-packages/airflow/example_dags/example_python_operator.py
[2026-02-05T13:05:11.919+0000] {processor.py:830} INFO - Processing file /home/airflow/.local/lib/python3.12/site-packages/airflow/example_dags/example_python_operator.py for tasks to queue
[2026-02-05T13:05:11.920+0000] {logging_mixin.py:188} INFO - [2026-02-05T13:05:11.920+0000] {dagbag.py:540} INFO - Filling up the DagBag from /home/airflow/.local/lib/python3.12/site-packages/airflow/example_dags/example_python_operator.py
[2026-02-05T13:05:11.928+0000] {processor.py:840} INFO - DAG(s) 'example_python_operator' retrieved from /home/airflow/.local/lib/python3.12/site-packages/airflow/example_dags/example_python_operator.py
[2026-02-05T13:05:11.939+0000] {logging_mixin.py:188} INFO - [2026-02-05T13:05:11.939+0000] {dag.py:3096} INFO - Sync 1 DAGs
[2026-02-05T13:05:11.944+0000] {logging_mixin.py:188} INFO - [2026-02-05T13:05:11.944+0000] {dag.py:3954} INFO - Setting next_dagrun for example_python_operator to None, run_after=None
[2026-02-05T13:05:11.952+0000] {processor.py:183} INFO - Processing /home/airflow/.local/lib/python3.12/site-packages/airflow/example_dags/example_python_operator.py took 0.037 seconds
[2026-02-05T13:05:42.970+0000] {processor.py:161} INFO - Started process (PID=1247) to work on /home/airflow/.local/lib/python3.12/site-packages/airflow/example_dags/example_python_operator.py
[2026-02-05T13:05:42.971+0000] {processor.py:830} INFO - Processing file /home/airflow/.local/lib/python3.12/site-packages/airflow/example_dags/example_python_operator.py for tasks to queue
[2026-02-05T13:05:42.972+0000] {logging_mixin.py:188} INFO - [2026-02-05T13:05:42.972+0000] {dagbag.py:540} INFO - Filling up the DagBag from /home/airflow/.local/lib/python3.12/site-packages/airflow/example_dags/example_python_operator.py
[2026-02-05T13:05:42.978+0000] {processor.py:840} INFO - DAG(s) 'example_python_operator' retrieved from /home/airflow/.local/lib/python3.12/site-packages/airflow/example_dags/example_python_operator.py
[2026-02-05T13:05:43.088+0000] {logging_mixin.py:188} INFO - [2026-02-05T13:05:43.087+0000] {dag.py:3096} INFO - Sync 1 DAGs
[2026-02-05T13:05:43.094+0000] {logging_mixin.py:188} INFO - [2026-02-05T13:05:43.094+0000] {dag.py:3954} INFO - Setting next_dagrun for example_python_operator to None, run_after=None
[2026-02-05T13:05:43.105+0000] {processor.py:183} INFO - Processing /home/airflow/.local/lib/python3.12/site-packages/airflow/example_dags/example_python_operator.py took 0.138 seconds
[2026-02-05T13:06:13.859+0000] {processor.py:161} INFO - Started process (PID=1304) to work on /home/airflow/.local/lib/python3.12/site-packages/airflow/example_dags/example_python_operator.py
[2026-02-05T13:06:13.861+0000] {processor.py:830} INFO - Processing file /home/airflow/.local/lib/python3.12/site-packages/airflow/example_dags/example_python_operator.py for tasks to queue
[2026-02-05T13:06:13.862+0000] {logging_mixin.py:188} INFO - [2026-02-05T13:06:13.862+0000] {dagbag.py:540} INFO - Filling up the DagBag from /home/airflow/.local/lib/python3.12/site-packages/airflow/example_dags/example_python_operator.py
[2026-02-05T13:06:13.868+0000] {processor.py:840} INFO - DAG(s) 'example_python_operator' retrieved from /home/airflow/.local/lib/python3.12/site-packages/airflow/example_dags/example_python_operator.py
[2026-02-05T13:06:13.881+0000] {logging_mixin.py:188} INFO - [2026-02-05T13:06:13.881+0000] {dag.py:3096} INFO - Sync 1 DAGs
[2026-02-05T13:06:13.888+0000] {logging_mixin.py:188} INFO - [2026-02-05T13:06:13.888+0000] {dag.py:3954} INFO - Setting next_dagrun for example_python_operator to None, run_after=None
[2026-02-05T13:06:13.898+0000] {processor.py:183} INFO - Processing /home/airflow/.local/lib/python3.12/site-packages/airflow/example_dags/example_python_operator.py took 0.042 seconds
[2026-02-05T13:06:44.002+0000] {processor.py:161} INFO - Started process (PID=1362) to work on /home/airflow/.local/lib/python3.12/site-packages/airflow/example_dags/example_python_operator.py
[2026-02-05T13:06:44.003+0000] {processor.py:830} INFO - Processing file /home/airflow/.local/lib/python3.12/site-packages/airflow/example_dags/example_python_operator.py for tasks to queue
[2026-02-05T13:06:44.004+0000] {logging_mixin.py:188} INFO - [2026-02-05T13:06:44.004+0000] {dagbag.py:540} INFO - Filling up the DagBag from /home/airflow/.local/lib/python3.12/site-packages/airflow/example_dags/example_python_operator.py
[2026-02-05T13:06:44.011+0000] {processor.py:840} INFO - DAG(s) 'example_python_operator' retrieved from /home/airflow/.local/lib/python3.12/site-packages/airflow/example_dags/example_python_operator.py
[2026-02-05T13:06:44.029+0000] {logging_mixin.py:188} INFO - [2026-02-05T13:06:44.029+0000] {dag.py:3096} INFO - Sync 1 DAGs
[2026-02-05T13:06:44.036+0000] {logging_mixin.py:188} INFO - [2026-02-05T13:06:44.036+0000] {dag.py:3954} INFO - Setting next_dagrun for example_python_operator to None, run_after=None
[2026-02-05T13:06:44.045+0000] {processor.py:183} INFO - Processing /home/airflow/.local/lib/python3.12/site-packages/airflow/example_dags/example_python_operator.py took 0.047 seconds
[2026-02-05T13:07:14.193+0000] {processor.py:161} INFO - Started process (PID=1420) to work on /home/airflow/.local/lib/python3.12/site-packages/airflow/example_dags/example_python_operator.py
[2026-02-05T13:07:14.194+0000] {processor.py:830} INFO - Processing file /home/airflow/.local/lib/python3.12/site-packages/airflow/example_dags/example_python_operator.py for tasks to queue
[2026-02-05T13:07:14.195+0000] {logging_mixin.py:188} INFO - [2026-02-05T13:07:14.195+0000] {dagbag.py:540} INFO - Filling up the DagBag from /home/airflow/.local/lib/python3.12/site-packages/airflow/example_dags/example_python_operator.py
[2026-02-05T13:07:14.202+0000] {processor.py:840} INFO - DAG(s) 'example_python_operator' retrieved from /home/airflow/.local/lib/python3.12/site-packages/airflow/example_dags/example_python_operator.py
[2026-02-05T13:07:14.216+0000] {logging_mixin.py:188} INFO - [2026-02-05T13:07:14.216+0000] {dag.py:3096} INFO - Sync 1 DAGs
[2026-02-05T13:07:14.226+0000] {logging_mixin.py:188} INFO - [2026-02-05T13:07:14.225+0000] {dag.py:3954} INFO - Setting next_dagrun for example_python_operator to None, run_after=None
[2026-02-05T13:07:14.236+0000] {processor.py:183} INFO - Processing /home/airflow/.local/lib/python3.12/site-packages/airflow/example_dags/example_python_operator.py took 0.047 seconds
[2026-02-05T13:07:44.377+0000] {processor.py:161} INFO - Started process (PID=1478) to work on /home/airflow/.local/lib/python3.12/site-packages/airflow/example_dags/example_python_operator.py
[2026-02-05T13:07:44.377+0000] {processor.py:830} INFO - Processing file /home/airflow/.local/lib/python3.12/site-packages/airflow/example_dags/example_python_operator.py for tasks to queue
[2026-02-05T13:07:44.381+0000] {logging_mixin.py:188} INFO - [2026-02-05T13:07:44.381+0000] {dagbag.py:540} INFO - Filling up the DagBag from /home/airflow/.local/lib/python3.12/site-packages/airflow/example_dags/example_python_operator.py
[2026-02-05T13:07:44.388+0000] {processor.py:840} INFO - DAG(s) 'example_python_operator' retrieved from /home/airflow/.local/lib/python3.12/site-packages/airflow/example_dags/example_python_operator.py
[2026-02-05T13:07:44.403+0000] {logging_mixin.py:188} INFO - [2026-02-05T13:07:44.402+0000] {dag.py:3096} INFO - Sync 1 DAGs
[2026-02-05T13:07:44.409+0000] {logging_mixin.py:188} INFO - [2026-02-05T13:07:44.409+0000] {dag.py:3954} INFO - Setting next_dagrun for example_python_operator to None, run_after=None
[2026-02-05T13:07:44.421+0000] {processor.py:183} INFO - Processing /home/airflow/.local/lib/python3.12/site-packages/airflow/example_dags/example_python_operator.py took 0.049 seconds
[2026-02-05T13:08:14.722+0000] {processor.py:161} INFO - Started process (PID=1536) to work on /home/airflow/.local/lib/python3.12/site-packages/airflow/example_dags/example_python_operator.py
[2026-02-05T13:08:14.723+0000] {processor.py:830} INFO - Processing file /home/airflow/.local/lib/python3.12/site-packages/airflow/example_dags/example_python_operator.py for tasks to queue
[2026-02-05T13:08:14.725+0000] {logging_mixin.py:188} INFO - [2026-02-05T13:08:14.724+0000] {dagbag.py:540} INFO - Filling up the DagBag from /home/airflow/.local/lib/python3.12/site-packages/airflow/example_dags/example_python_operator.py
[2026-02-05T13:08:14.732+0000] {processor.py:840} INFO - DAG(s) 'example_python_operator' retrieved from /home/airflow/.local/lib/python3.12/site-packages/airflow/example_dags/example_python_operator.py
[2026-02-05T13:08:14.750+0000] {logging_mixin.py:188} INFO - [2026-02-05T13:08:14.750+0000] {dag.py:3096} INFO - Sync 1 DAGs
[2026-02-05T13:08:14.756+0000] {logging_mixin.py:188} INFO - [2026-02-05T13:08:14.756+0000] {dag.py:3954} INFO - Setting next_dagrun for example_python_operator to None, run_after=None
[2026-02-05T13:08:14.768+0000] {processor.py:183} INFO - Processing /home/airflow/.local/lib/python3.12/site-packages/airflow/example_dags/example_python_operator.py took 0.049 seconds
[2026-02-05T13:08:44.812+0000] {processor.py:161} INFO - Started process (PID=1593) to work on /home/airflow/.local/lib/python3.12/site-packages/airflow/example_dags/example_python_operator.py
[2026-02-05T13:08:44.813+0000] {processor.py:830} INFO - Processing file /home/airflow/.local/lib/python3.12/site-packages/airflow/example_dags/example_python_operator.py for tasks to queue
[2026-02-05T13:08:44.814+0000] {logging_mixin.py:188} INFO - [2026-02-05T13:08:44.814+0000] {dagbag.py:540} INFO - Filling up the DagBag from /home/airflow/.local/lib/python3.12/site-packages/airflow/example_dags/example_python_operator.py
[2026-02-05T13:08:44.819+0000] {processor.py:840} INFO - DAG(s) 'example_python_operator' retrieved from /home/airflow/.local/lib/python3.12/site-packages/airflow/example_dags/example_python_operator.py
[2026-02-05T13:08:44.832+0000] {logging_mixin.py:188} INFO - [2026-02-05T13:08:44.832+0000] {dag.py:3096} INFO - Sync 1 DAGs
[2026-02-05T13:08:44.839+0000] {logging_mixin.py:188} INFO - [2026-02-05T13:08:44.839+0000] {dag.py:3954} INFO - Setting next_dagrun for example_python_operator to None, run_after=None
[2026-02-05T13:08:44.849+0000] {processor.py:183} INFO - Processing /home/airflow/.local/lib/python3.12/site-packages/airflow/example_dags/example_python_operator.py took 0.041 seconds
[2026-02-05T13:09:14.897+0000] {processor.py:161} INFO - Started process (PID=1651) to work on /home/airflow/.local/lib/python3.12/site-packages/airflow/example_dags/example_python_operator.py
[2026-02-05T13:09:14.898+0000] {processor.py:830} INFO - Processing file /home/airflow/.local/lib/python3.12/site-packages/airflow/example_dags/example_python_operator.py for tasks to queue
[2026-02-05T13:09:14.899+0000] {logging_mixin.py:188} INFO - [2026-02-05T13:09:14.899+0000] {dagbag.py:540} INFO - Filling up the DagBag from /home/airflow/.local/lib/python3.12/site-packages/airflow/example_dags/example_python_operator.py
[2026-02-05T13:09:14.904+0000] {processor.py:840} INFO - DAG(s) 'example_python_operator' retrieved from /home/airflow/.local/lib/python3.12/site-packages/airflow/example_dags/example_python_operator.py
[2026-02-05T13:09:14.916+0000] {logging_mixin.py:188} INFO - [2026-02-05T13:09:14.916+0000] {dag.py:3096} INFO - Sync 1 DAGs
[2026-02-05T13:09:14.922+0000] {logging_mixin.py:188} INFO - [2026-02-05T13:09:14.922+0000] {dag.py:3954} INFO - Setting next_dagrun for example_python_operator to None, run_after=None
[2026-02-05T13:09:14.930+0000] {processor.py:183} INFO - Processing /home/airflow/.local/lib/python3.12/site-packages/airflow/example_dags/example_python_operator.py took 0.036 seconds
[2026-02-05T13:09:45.410+0000] {processor.py:161} INFO - Started process (PID=1709) to work on /home/airflow/.local/lib/python3.12/site-packages/airflow/example_dags/example_python_operator.py
[2026-02-05T13:09:45.415+0000] {processor.py:830} INFO - Processing file /home/airflow/.local/lib/python3.12/site-packages/airflow/example_dags/example_python_operator.py for tasks to queue
[2026-02-05T13:09:45.417+0000] {logging_mixin.py:188} INFO - [2026-02-05T13:09:45.417+0000] {dagbag.py:540} INFO - Filling up the DagBag from /home/airflow/.local/lib/python3.12/site-packages/airflow/example_dags/example_python_operator.py
[2026-02-05T13:09:45.430+0000] {processor.py:840} INFO - DAG(s) 'example_python_operator' retrieved from /home/airflow/.local/lib/python3.12/site-packages/airflow/example_dags/example_python_operator.py
[2026-02-05T13:09:45.451+0000] {logging_mixin.py:188} INFO - [2026-02-05T13:09:45.451+0000] {dag.py:3096} INFO - Sync 1 DAGs
[2026-02-05T13:09:45.461+0000] {logging_mixin.py:188} INFO - [2026-02-05T13:09:45.461+0000] {dag.py:3954} INFO - Setting next_dagrun for example_python_operator to None, run_after=None
[2026-02-05T13:09:45.476+0000] {processor.py:183} INFO - Processing /home/airflow/.local/lib/python3.12/site-packages/airflow/example_dags/example_python_operator.py took 0.071 seconds
[2026-02-05T13:10:15.611+0000] {processor.py:161} INFO - Started process (PID=1766) to work on /home/airflow/.local/lib/python3.12/site-packages/airflow/example_dags/example_python_operator.py
[2026-02-05T13:10:15.612+0000] {processor.py:830} INFO - Processing file /home/airflow/.local/lib/python3.12/site-packages/airflow/example_dags/example_python_operator.py for tasks to queue
[2026-02-05T13:10:15.614+0000] {logging_mixin.py:188} INFO - [2026-02-05T13:10:15.613+0000] {dagbag.py:540} INFO - Filling up the DagBag from /home/airflow/.local/lib/python3.12/site-packages/airflow/example_dags/example_python_operator.py
[2026-02-05T13:10:15.621+0000] {processor.py:840} INFO - DAG(s) 'example_python_operator' retrieved from /home/airflow/.local/lib/python3.12/site-packages/airflow/example_dags/example_python_operator.py
[2026-02-05T13:10:15.636+0000] {logging_mixin.py:188} INFO - [2026-02-05T13:10:15.636+0000] {dag.py:3096} INFO - Sync 1 DAGs
[2026-02-05T13:10:15.643+0000] {logging_mixin.py:188} INFO - [2026-02-05T13:10:15.643+0000] {dag.py:3954} INFO - Setting next_dagrun for example_python_operator to None, run_after=None
[2026-02-05T13:10:15.654+0000] {processor.py:183} INFO - Processing /home/airflow/.local/lib/python3.12/site-packages/airflow/example_dags/example_python_operator.py took 0.047 seconds
[2026-02-05T13:10:45.681+0000] {processor.py:161} INFO - Started process (PID=1824) to work on /home/airflow/.local/lib/python3.12/site-packages/airflow/example_dags/example_python_operator.py
[2026-02-05T13:10:45.682+0000] {processor.py:830} INFO - Processing file /home/airflow/.local/lib/python3.12/site-packages/airflow/example_dags/example_python_operator.py for tasks to queue
[2026-02-05T13:10:45.684+0000] {logging_mixin.py:188} INFO - [2026-02-05T13:10:45.683+0000] {dagbag.py:540} INFO - Filling up the DagBag from /home/airflow/.local/lib/python3.12/site-packages/airflow/example_dags/example_python_operator.py
[2026-02-05T13:10:45.692+0000] {processor.py:840} INFO - DAG(s) 'example_python_operator' retrieved from /home/airflow/.local/lib/python3.12/site-packages/airflow/example_dags/example_python_operator.py
[2026-02-05T13:10:45.704+0000] {logging_mixin.py:188} INFO - [2026-02-05T13:10:45.704+0000] {dag.py:3096} INFO - Sync 1 DAGs
[2026-02-05T13:10:45.712+0000] {logging_mixin.py:188} INFO - [2026-02-05T13:10:45.712+0000] {dag.py:3954} INFO - Setting next_dagrun for example_python_operator to None, run_after=None
[2026-02-05T13:10:45.724+0000] {processor.py:183} INFO - Processing /home/airflow/.local/lib/python3.12/site-packages/airflow/example_dags/example_python_operator.py took 0.046 seconds
[2026-02-05T13:11:16.564+0000] {processor.py:161} INFO - Started process (PID=1882) to work on /home/airflow/.local/lib/python3.12/site-packages/airflow/example_dags/example_python_operator.py
[2026-02-05T13:11:16.565+0000] {processor.py:830} INFO - Processing file /home/airflow/.local/lib/python3.12/site-packages/airflow/example_dags/example_python_operator.py for tasks to queue
[2026-02-05T13:11:16.566+0000] {logging_mixin.py:188} INFO - [2026-02-05T13:11:16.566+0000] {dagbag.py:540} INFO - Filling up the DagBag from /home/airflow/.local/lib/python3.12/site-packages/airflow/example_dags/example_python_operator.py
[2026-02-05T13:11:16.572+0000] {processor.py:840} INFO - DAG(s) 'example_python_operator' retrieved from /home/airflow/.local/lib/python3.12/site-packages/airflow/example_dags/example_python_operator.py
[2026-02-05T13:11:16.587+0000] {logging_mixin.py:188} INFO - [2026-02-05T13:11:16.587+0000] {dag.py:3096} INFO - Sync 1 DAGs
[2026-02-05T13:11:16.593+0000] {logging_mixin.py:188} INFO - [2026-02-05T13:11:16.593+0000] {dag.py:3954} INFO - Setting next_dagrun for example_python_operator to None, run_after=None
[2026-02-05T13:11:16.603+0000] {processor.py:183} INFO - Processing /home/airflow/.local/lib/python3.12/site-packages/airflow/example_dags/example_python_operator.py took 0.042 seconds
[2026-02-05T13:11:47.403+0000] {processor.py:161} INFO - Started process (PID=1940) to work on /home/airflow/.local/lib/python3.12/site-packages/airflow/example_dags/example_python_operator.py
[2026-02-05T13:11:47.404+0000] {processor.py:830} INFO - Processing file /home/airflow/.local/lib/python3.12/site-packages/airflow/example_dags/example_python_operator.py for tasks to queue
[2026-02-05T13:11:47.407+0000] {logging_mixin.py:188} INFO - [2026-02-05T13:11:47.407+0000] {dagbag.py:540} INFO - Filling up the DagBag from /home/airflow/.local/lib/python3.12/site-packages/airflow/example_dags/example_python_operator.py
[2026-02-05T13:11:47.413+0000] {processor.py:840} INFO - DAG(s) 'example_python_operator' retrieved from /home/airflow/.local/lib/python3.12/site-packages/airflow/example_dags/example_python_operator.py
[2026-02-05T13:11:47.425+0000] {logging_mixin.py:188} INFO - [2026-02-05T13:11:47.425+0000] {dag.py:3096} INFO - Sync 1 DAGs
[2026-02-05T13:11:47.431+0000] {logging_mixin.py:188} INFO - [2026-02-05T13:11:47.431+0000] {dag.py:3954} INFO - Setting next_dagrun for example_python_operator to None, run_after=None
[2026-02-05T13:11:47.446+0000] {processor.py:183} INFO - Processing /home/airflow/.local/lib/python3.12/site-packages/airflow/example_dags/example_python_operator.py took 0.046 seconds
[2026-02-05T13:12:18.358+0000] {processor.py:161} INFO - Started process (PID=1998) to work on /home/airflow/.local/lib/python3.12/site-packages/airflow/example_dags/example_python_operator.py
[2026-02-05T13:12:18.360+0000] {processor.py:830} INFO - Processing file /home/airflow/.local/lib/python3.12/site-packages/airflow/example_dags/example_python_operator.py for tasks to queue
[2026-02-05T13:12:18.362+0000] {logging_mixin.py:188} INFO - [2026-02-05T13:12:18.362+0000] {dagbag.py:540} INFO - Filling up the DagBag from /home/airflow/.local/lib/python3.12/site-packages/airflow/example_dags/example_python_operator.py
[2026-02-05T13:12:18.371+0000] {processor.py:840} INFO - DAG(s) 'example_python_operator' retrieved from /home/airflow/.local/lib/python3.12/site-packages/airflow/example_dags/example_python_operator.py
[2026-02-05T13:12:18.385+0000] {logging_mixin.py:188} INFO - [2026-02-05T13:12:18.385+0000] {dag.py:3096} INFO - Sync 1 DAGs
[2026-02-05T13:12:18.392+0000] {logging_mixin.py:188} INFO - [2026-02-05T13:12:18.392+0000] {dag.py:3954} INFO - Setting next_dagrun for example_python_operator to None, run_after=None
[2026-02-05T13:12:18.402+0000] {processor.py:183} INFO - Processing /home/airflow/.local/lib/python3.12/site-packages/airflow/example_dags/example_python_operator.py took 0.048 seconds
[2026-02-05T13:12:49.254+0000] {processor.py:161} INFO - Started process (PID=2056) to work on /home/airflow/.local/lib/python3.12/site-packages/airflow/example_dags/example_python_operator.py
[2026-02-05T13:12:49.255+0000] {processor.py:830} INFO - Processing file /home/airflow/.local/lib/python3.12/site-packages/airflow/example_dags/example_python_operator.py for tasks to queue
[2026-02-05T13:12:49.257+0000] {logging_mixin.py:188} INFO - [2026-02-05T13:12:49.257+0000] {dagbag.py:540} INFO - Filling up the DagBag from /home/airflow/.local/lib/python3.12/site-packages/airflow/example_dags/example_python_operator.py
[2026-02-05T13:12:49.263+0000] {processor.py:840} INFO - DAG(s) 'example_python_operator' retrieved from /home/airflow/.local/lib/python3.12/site-packages/airflow/example_dags/example_python_operator.py
[2026-02-05T13:12:49.276+0000] {logging_mixin.py:188} INFO - [2026-02-05T13:12:49.276+0000] {dag.py:3096} INFO - Sync 1 DAGs
[2026-02-05T13:12:49.283+0000] {logging_mixin.py:188} INFO - [2026-02-05T13:12:49.283+0000] {dag.py:3954} INFO - Setting next_dagrun for example_python_operator to None, run_after=None
[2026-02-05T13:12:49.293+0000] {processor.py:183} INFO - Processing /home/airflow/.local/lib/python3.12/site-packages/airflow/example_dags/example_python_operator.py took 0.042 seconds
[2026-02-05T13:13:20.015+0000] {processor.py:161} INFO - Started process (PID=2113) to work on /home/airflow/.local/lib/python3.12/site-packages/airflow/example_dags/example_python_operator.py
[2026-02-05T13:13:20.016+0000] {processor.py:830} INFO - Processing file /home/airflow/.local/lib/python3.12/site-packages/airflow/example_dags/example_python_operator.py for tasks to queue
[2026-02-05T13:13:20.017+0000] {logging_mixin.py:188} INFO - [2026-02-05T13:13:20.017+0000] {dagbag.py:540} INFO - Filling up the DagBag from /home/airflow/.local/lib/python3.12/site-packages/airflow/example_dags/example_python_operator.py
[2026-02-05T13:13:20.023+0000] {processor.py:840} INFO - DAG(s) 'example_python_operator' retrieved from /home/airflow/.local/lib/python3.12/site-packages/airflow/example_dags/example_python_operator.py
[2026-02-05T13:13:20.038+0000] {logging_mixin.py:188} INFO - [2026-02-05T13:13:20.038+0000] {dag.py:3096} INFO - Sync 1 DAGs
[2026-02-05T13:13:20.045+0000] {logging_mixin.py:188} INFO - [2026-02-05T13:13:20.045+0000] {dag.py:3954} INFO - Setting next_dagrun for example_python_operator to None, run_after=None
[2026-02-05T13:13:20.057+0000] {processor.py:183} INFO - Processing /home/airflow/.local/lib/python3.12/site-packages/airflow/example_dags/example_python_operator.py took 0.046 seconds
[2026-02-05T13:13:50.891+0000] {processor.py:161} INFO - Started process (PID=2171) to work on /home/airflow/.local/lib/python3.12/site-packages/airflow/example_dags/example_python_operator.py
[2026-02-05T13:13:50.892+0000] {processor.py:830} INFO - Processing file /home/airflow/.local/lib/python3.12/site-packages/airflow/example_dags/example_python_operator.py for tasks to queue
[2026-02-05T13:13:50.893+0000] {logging_mixin.py:188} INFO - [2026-02-05T13:13:50.893+0000] {dagbag.py:540} INFO - Filling up the DagBag from /home/airflow/.local/lib/python3.12/site-packages/airflow/example_dags/example_python_operator.py
[2026-02-05T13:13:50.898+0000] {processor.py:840} INFO - DAG(s) 'example_python_operator' retrieved from /home/airflow/.local/lib/python3.12/site-packages/airflow/example_dags/example_python_operator.py
[2026-02-05T13:13:50.910+0000] {logging_mixin.py:188} INFO - [2026-02-05T13:13:50.909+0000] {dag.py:3096} INFO - Sync 1 DAGs
[2026-02-05T13:13:50.916+0000] {logging_mixin.py:188} INFO - [2026-02-05T13:13:50.916+0000] {dag.py:3954} INFO - Setting next_dagrun for example_python_operator to None, run_after=None
[2026-02-05T13:13:50.926+0000] {processor.py:183} INFO - Processing /home/airflow/.local/lib/python3.12/site-packages/airflow/example_dags/example_python_operator.py took 0.038 seconds
[2026-02-05T13:14:21.918+0000] {processor.py:161} INFO - Started process (PID=2229) to work on /home/airflow/.local/lib/python3.12/site-packages/airflow/example_dags/example_python_operator.py
[2026-02-05T13:14:21.918+0000] {processor.py:830} INFO - Processing file /home/airflow/.local/lib/python3.12/site-packages/airflow/example_dags/example_python_operator.py for tasks to queue
[2026-02-05T13:14:21.920+0000] {logging_mixin.py:188} INFO - [2026-02-05T13:14:21.919+0000] {dagbag.py:540} INFO - Filling up the DagBag from /home/airflow/.local/lib/python3.12/site-packages/airflow/example_dags/example_python_operator.py
[2026-02-05T13:14:21.927+0000] {processor.py:840} INFO - DAG(s) 'example_python_operator' retrieved from /home/airflow/.local/lib/python3.12/site-packages/airflow/example_dags/example_python_operator.py
[2026-02-05T13:14:21.942+0000] {logging_mixin.py:188} INFO - [2026-02-05T13:14:21.942+0000] {dag.py:3096} INFO - Sync 1 DAGs
[2026-02-05T13:14:21.948+0000] {logging_mixin.py:188} INFO - [2026-02-05T13:14:21.948+0000] {dag.py:3954} INFO - Setting next_dagrun for example_python_operator to None, run_after=None
[2026-02-05T13:14:21.961+0000] {processor.py:183} INFO - Processing /home/airflow/.local/lib/python3.12/site-packages/airflow/example_dags/example_python_operator.py took 0.047 seconds
[2026-02-05T13:14:52.035+0000] {processor.py:161} INFO - Started process (PID=2287) to work on /home/airflow/.local/lib/python3.12/site-packages/airflow/example_dags/example_python_operator.py
[2026-02-05T13:14:52.036+0000] {processor.py:830} INFO - Processing file /home/airflow/.local/lib/python3.12/site-packages/airflow/example_dags/example_python_operator.py for tasks to queue
[2026-02-05T13:14:52.037+0000] {logging_mixin.py:188} INFO - [2026-02-05T13:14:52.037+0000] {dagbag.py:540} INFO - Filling up the DagBag from /home/airflow/.local/lib/python3.12/site-packages/airflow/example_dags/example_python_operator.py
[2026-02-05T13:14:52.045+0000] {processor.py:840} INFO - DAG(s) 'example_python_operator' retrieved from /home/airflow/.local/lib/python3.12/site-packages/airflow/example_dags/example_python_operator.py
[2026-02-05T13:14:52.058+0000] {logging_mixin.py:188} INFO - [2026-02-05T13:14:52.058+0000] {dag.py:3096} INFO - Sync 1 DAGs
[2026-02-05T13:14:52.066+0000] {logging_mixin.py:188} INFO - [2026-02-05T13:14:52.065+0000] {dag.py:3954} INFO - Setting next_dagrun for example_python_operator to None, run_after=None
[2026-02-05T13:14:52.087+0000] {processor.py:183} INFO - Processing /home/airflow/.local/lib/python3.12/site-packages/airflow/example_dags/example_python_operator.py took 0.055 seconds
[2026-02-05T13:15:23.004+0000] {processor.py:161} INFO - Started process (PID=2344) to work on /home/airflow/.local/lib/python3.12/site-packages/airflow/example_dags/example_python_operator.py
[2026-02-05T13:15:23.005+0000] {processor.py:830} INFO - Processing file /home/airflow/.local/lib/python3.12/site-packages/airflow/example_dags/example_python_operator.py for tasks to queue
[2026-02-05T13:15:23.006+0000] {logging_mixin.py:188} INFO - [2026-02-05T13:15:23.006+0000] {dagbag.py:540} INFO - Filling up the DagBag from /home/airflow/.local/lib/python3.12/site-packages/airflow/example_dags/example_python_operator.py
[2026-02-05T13:15:23.014+0000] {processor.py:840} INFO - DAG(s) 'example_python_operator' retrieved from /home/airflow/.local/lib/python3.12/site-packages/airflow/example_dags/example_python_operator.py
[2026-02-05T13:15:23.030+0000] {logging_mixin.py:188} INFO - [2026-02-05T13:15:23.030+0000] {dag.py:3096} INFO - Sync 1 DAGs
[2026-02-05T13:15:23.038+0000] {logging_mixin.py:188} INFO - [2026-02-05T13:15:23.038+0000] {dag.py:3954} INFO - Setting next_dagrun for example_python_operator to None, run_after=None
[2026-02-05T13:15:23.048+0000] {processor.py:183} INFO - Processing /home/airflow/.local/lib/python3.12/site-packages/airflow/example_dags/example_python_operator.py took 0.047 seconds
[2026-02-05T13:15:53.825+0000] {processor.py:161} INFO - Started process (PID=2402) to work on /home/airflow/.local/lib/python3.12/site-packages/airflow/example_dags/example_python_operator.py
[2026-02-05T13:15:53.826+0000] {processor.py:830} INFO - Processing file /home/airflow/.local/lib/python3.12/site-packages/airflow/example_dags/example_python_operator.py for tasks to queue
[2026-02-05T13:15:53.827+0000] {logging_mixin.py:188} INFO - [2026-02-05T13:15:53.827+0000] {dagbag.py:540} INFO - Filling up the DagBag from /home/airflow/.local/lib/python3.12/site-packages/airflow/example_dags/example_python_operator.py
[2026-02-05T13:15:53.833+0000] {processor.py:840} INFO - DAG(s) 'example_python_operator' retrieved from /home/airflow/.local/lib/python3.12/site-packages/airflow/example_dags/example_python_operator.py
[2026-02-05T13:15:53.847+0000] {logging_mixin.py:188} INFO - [2026-02-05T13:15:53.847+0000] {dag.py:3096} INFO - Sync 1 DAGs
[2026-02-05T13:15:53.854+0000] {logging_mixin.py:188} INFO - [2026-02-05T13:15:53.854+0000] {dag.py:3954} INFO - Setting next_dagrun for example_python_operator to None, run_after=None
[2026-02-05T13:15:53.868+0000] {processor.py:183} INFO - Processing /home/airflow/.local/lib/python3.12/site-packages/airflow/example_dags/example_python_operator.py took 0.046 seconds
[2026-02-05T13:16:24.923+0000] {processor.py:161} INFO - Started process (PID=2460) to work on /home/airflow/.local/lib/python3.12/site-packages/airflow/example_dags/example_python_operator.py
[2026-02-05T13:16:24.923+0000] {processor.py:830} INFO - Processing file /home/airflow/.local/lib/python3.12/site-packages/airflow/example_dags/example_python_operator.py for tasks to queue
[2026-02-05T13:16:24.925+0000] {logging_mixin.py:188} INFO - [2026-02-05T13:16:24.925+0000] {dagbag.py:540} INFO - Filling up the DagBag from /home/airflow/.local/lib/python3.12/site-packages/airflow/example_dags/example_python_operator.py
[2026-02-05T13:16:24.932+0000] {processor.py:840} INFO - DAG(s) 'example_python_operator' retrieved from /home/airflow/.local/lib/python3.12/site-packages/airflow/example_dags/example_python_operator.py
[2026-02-05T13:16:24.948+0000] {logging_mixin.py:188} INFO - [2026-02-05T13:16:24.948+0000] {dag.py:3096} INFO - Sync 1 DAGs
[2026-02-05T13:16:24.956+0000] {logging_mixin.py:188} INFO - [2026-02-05T13:16:24.956+0000] {dag.py:3954} INFO - Setting next_dagrun for example_python_operator to None, run_after=None
[2026-02-05T13:16:24.974+0000] {processor.py:183} INFO - Processing /home/airflow/.local/lib/python3.12/site-packages/airflow/example_dags/example_python_operator.py took 0.055 seconds
[2026-02-05T13:16:55.014+0000] {processor.py:161} INFO - Started process (PID=2518) to work on /home/airflow/.local/lib/python3.12/site-packages/airflow/example_dags/example_python_operator.py
[2026-02-05T13:16:55.018+0000] {processor.py:830} INFO - Processing file /home/airflow/.local/lib/python3.12/site-packages/airflow/example_dags/example_python_operator.py for tasks to queue
[2026-02-05T13:16:55.019+0000] {logging_mixin.py:188} INFO - [2026-02-05T13:16:55.019+0000] {dagbag.py:540} INFO - Filling up the DagBag from /home/airflow/.local/lib/python3.12/site-packages/airflow/example_dags/example_python_operator.py
[2026-02-05T13:16:55.025+0000] {processor.py:840} INFO - DAG(s) 'example_python_operator' retrieved from /home/airflow/.local/lib/python3.12/site-packages/airflow/example_dags/example_python_operator.py
[2026-02-05T13:16:55.041+0000] {logging_mixin.py:188} INFO - [2026-02-05T13:16:55.041+0000] {dag.py:3096} INFO - Sync 1 DAGs
[2026-02-05T13:16:55.048+0000] {logging_mixin.py:188} INFO - [2026-02-05T13:16:55.048+0000] {dag.py:3954} INFO - Setting next_dagrun for example_python_operator to None, run_after=None
[2026-02-05T13:16:55.067+0000] {processor.py:183} INFO - Processing /home/airflow/.local/lib/python3.12/site-packages/airflow/example_dags/example_python_operator.py took 0.056 seconds
[2026-02-05T13:17:25.092+0000] {processor.py:161} INFO - Started process (PID=2576) to work on /home/airflow/.local/lib/python3.12/site-packages/airflow/example_dags/example_python_operator.py
[2026-02-05T13:17:25.095+0000] {processor.py:830} INFO - Processing file /home/airflow/.local/lib/python3.12/site-packages/airflow/example_dags/example_python_operator.py for tasks to queue
[2026-02-05T13:17:25.097+0000] {logging_mixin.py:188} INFO - [2026-02-05T13:17:25.096+0000] {dagbag.py:540} INFO - Filling up the DagBag from /home/airflow/.local/lib/python3.12/site-packages/airflow/example_dags/example_python_operator.py
[2026-02-05T13:17:25.105+0000] {processor.py:840} INFO - DAG(s) 'example_python_operator' retrieved from /home/airflow/.local/lib/python3.12/site-packages/airflow/example_dags/example_python_operator.py
[2026-02-05T13:17:25.119+0000] {logging_mixin.py:188} INFO - [2026-02-05T13:17:25.119+0000] {dag.py:3096} INFO - Sync 1 DAGs
[2026-02-05T13:17:25.125+0000] {logging_mixin.py:188} INFO - [2026-02-05T13:17:25.125+0000] {dag.py:3954} INFO - Setting next_dagrun for example_python_operator to None, run_after=None
[2026-02-05T13:17:25.139+0000] {processor.py:183} INFO - Processing /home/airflow/.local/lib/python3.12/site-packages/airflow/example_dags/example_python_operator.py took 0.051 seconds
[2026-02-05T13:17:55.464+0000] {processor.py:161} INFO - Started process (PID=2633) to work on /home/airflow/.local/lib/python3.12/site-packages/airflow/example_dags/example_python_operator.py
[2026-02-05T13:17:55.464+0000] {processor.py:830} INFO - Processing file /home/airflow/.local/lib/python3.12/site-packages/airflow/example_dags/example_python_operator.py for tasks to queue
[2026-02-05T13:17:55.465+0000] {logging_mixin.py:188} INFO - [2026-02-05T13:17:55.465+0000] {dagbag.py:540} INFO - Filling up the DagBag from /home/airflow/.local/lib/python3.12/site-packages/airflow/example_dags/example_python_operator.py
[2026-02-05T13:17:55.472+0000] {processor.py:840} INFO - DAG(s) 'example_python_operator' retrieved from /home/airflow/.local/lib/python3.12/site-packages/airflow/example_dags/example_python_operator.py
[2026-02-05T13:17:55.486+0000] {logging_mixin.py:188} INFO - [2026-02-05T13:17:55.486+0000] {dag.py:3096} INFO - Sync 1 DAGs
[2026-02-05T13:17:55.496+0000] {logging_mixin.py:188} INFO - [2026-02-05T13:17:55.496+0000] {dag.py:3954} INFO - Setting next_dagrun for example_python_operator to None, run_after=None
[2026-02-05T13:17:55.514+0000] {processor.py:183} INFO - Processing /home/airflow/.local/lib/python3.12/site-packages/airflow/example_dags/example_python_operator.py took 0.054 seconds
