[2026-02-05T12:55:33.446+0000] {processor.py:161} INFO - Started process (PID=67) to work on /home/airflow/.local/lib/python3.12/site-packages/airflow/example_dags/example_latest_only_with_trigger.py
[2026-02-05T12:55:33.447+0000] {processor.py:830} INFO - Processing file /home/airflow/.local/lib/python3.12/site-packages/airflow/example_dags/example_latest_only_with_trigger.py for tasks to queue
[2026-02-05T12:55:33.450+0000] {logging_mixin.py:188} INFO - [2026-02-05T12:55:33.450+0000] {dagbag.py:540} INFO - Filling up the DagBag from /home/airflow/.local/lib/python3.12/site-packages/airflow/example_dags/example_latest_only_with_trigger.py
[2026-02-05T12:55:33.466+0000] {processor.py:840} INFO - DAG(s) 'latest_only_with_trigger' retrieved from /home/airflow/.local/lib/python3.12/site-packages/airflow/example_dags/example_latest_only_with_trigger.py
[2026-02-05T12:55:33.523+0000] {logging_mixin.py:188} INFO - [2026-02-05T12:55:33.523+0000] {dag.py:3096} INFO - Sync 1 DAGs
[2026-02-05T12:55:33.559+0000] {logging_mixin.py:188} INFO - [2026-02-05T12:55:33.558+0000] {dag.py:3954} INFO - Setting next_dagrun for latest_only_with_trigger to 2026-02-05 08:00:00+00:00, run_after=2026-02-05 12:00:00+00:00
[2026-02-05T12:55:33.595+0000] {processor.py:183} INFO - Processing /home/airflow/.local/lib/python3.12/site-packages/airflow/example_dags/example_latest_only_with_trigger.py took 0.157 seconds
[2026-02-05T12:56:04.323+0000] {processor.py:161} INFO - Started process (PID=125) to work on /home/airflow/.local/lib/python3.12/site-packages/airflow/example_dags/example_latest_only_with_trigger.py
[2026-02-05T12:56:04.327+0000] {processor.py:830} INFO - Processing file /home/airflow/.local/lib/python3.12/site-packages/airflow/example_dags/example_latest_only_with_trigger.py for tasks to queue
[2026-02-05T12:56:04.329+0000] {logging_mixin.py:188} INFO - [2026-02-05T12:56:04.328+0000] {dagbag.py:540} INFO - Filling up the DagBag from /home/airflow/.local/lib/python3.12/site-packages/airflow/example_dags/example_latest_only_with_trigger.py
[2026-02-05T12:56:04.333+0000] {processor.py:840} INFO - DAG(s) 'latest_only_with_trigger' retrieved from /home/airflow/.local/lib/python3.12/site-packages/airflow/example_dags/example_latest_only_with_trigger.py
[2026-02-05T12:56:04.386+0000] {logging_mixin.py:188} INFO - [2026-02-05T12:56:04.385+0000] {dag.py:3096} INFO - Sync 1 DAGs
[2026-02-05T12:56:04.399+0000] {logging_mixin.py:188} INFO - [2026-02-05T12:56:04.399+0000] {dag.py:3954} INFO - Setting next_dagrun for latest_only_with_trigger to 2026-02-05 08:00:00+00:00, run_after=2026-02-05 12:00:00+00:00
[2026-02-05T12:56:04.411+0000] {processor.py:183} INFO - Processing /home/airflow/.local/lib/python3.12/site-packages/airflow/example_dags/example_latest_only_with_trigger.py took 0.091 seconds
[2026-02-05T12:56:35.368+0000] {processor.py:161} INFO - Started process (PID=183) to work on /home/airflow/.local/lib/python3.12/site-packages/airflow/example_dags/example_latest_only_with_trigger.py
[2026-02-05T12:56:35.370+0000] {processor.py:830} INFO - Processing file /home/airflow/.local/lib/python3.12/site-packages/airflow/example_dags/example_latest_only_with_trigger.py for tasks to queue
[2026-02-05T12:56:35.371+0000] {logging_mixin.py:188} INFO - [2026-02-05T12:56:35.371+0000] {dagbag.py:540} INFO - Filling up the DagBag from /home/airflow/.local/lib/python3.12/site-packages/airflow/example_dags/example_latest_only_with_trigger.py
[2026-02-05T12:56:35.376+0000] {processor.py:840} INFO - DAG(s) 'latest_only_with_trigger' retrieved from /home/airflow/.local/lib/python3.12/site-packages/airflow/example_dags/example_latest_only_with_trigger.py
[2026-02-05T12:56:35.395+0000] {logging_mixin.py:188} INFO - [2026-02-05T12:56:35.395+0000] {dag.py:3096} INFO - Sync 1 DAGs
[2026-02-05T12:56:35.406+0000] {logging_mixin.py:188} INFO - [2026-02-05T12:56:35.406+0000] {dag.py:3954} INFO - Setting next_dagrun for latest_only_with_trigger to 2026-02-05 08:00:00+00:00, run_after=2026-02-05 12:00:00+00:00
[2026-02-05T12:56:35.418+0000] {processor.py:183} INFO - Processing /home/airflow/.local/lib/python3.12/site-packages/airflow/example_dags/example_latest_only_with_trigger.py took 0.053 seconds
[2026-02-05T12:57:05.500+0000] {processor.py:161} INFO - Started process (PID=241) to work on /home/airflow/.local/lib/python3.12/site-packages/airflow/example_dags/example_latest_only_with_trigger.py
[2026-02-05T12:57:05.500+0000] {processor.py:830} INFO - Processing file /home/airflow/.local/lib/python3.12/site-packages/airflow/example_dags/example_latest_only_with_trigger.py for tasks to queue
[2026-02-05T12:57:05.501+0000] {logging_mixin.py:188} INFO - [2026-02-05T12:57:05.501+0000] {dagbag.py:540} INFO - Filling up the DagBag from /home/airflow/.local/lib/python3.12/site-packages/airflow/example_dags/example_latest_only_with_trigger.py
[2026-02-05T12:57:05.507+0000] {processor.py:840} INFO - DAG(s) 'latest_only_with_trigger' retrieved from /home/airflow/.local/lib/python3.12/site-packages/airflow/example_dags/example_latest_only_with_trigger.py
[2026-02-05T12:57:05.520+0000] {logging_mixin.py:188} INFO - [2026-02-05T12:57:05.519+0000] {dag.py:3096} INFO - Sync 1 DAGs
[2026-02-05T12:57:05.532+0000] {logging_mixin.py:188} INFO - [2026-02-05T12:57:05.532+0000] {dag.py:3954} INFO - Setting next_dagrun for latest_only_with_trigger to 2026-02-05 08:00:00+00:00, run_after=2026-02-05 12:00:00+00:00
[2026-02-05T12:57:05.542+0000] {processor.py:183} INFO - Processing /home/airflow/.local/lib/python3.12/site-packages/airflow/example_dags/example_latest_only_with_trigger.py took 0.045 seconds
[2026-02-05T12:57:36.053+0000] {processor.py:161} INFO - Started process (PID=299) to work on /home/airflow/.local/lib/python3.12/site-packages/airflow/example_dags/example_latest_only_with_trigger.py
[2026-02-05T12:57:36.055+0000] {processor.py:830} INFO - Processing file /home/airflow/.local/lib/python3.12/site-packages/airflow/example_dags/example_latest_only_with_trigger.py for tasks to queue
[2026-02-05T12:57:36.056+0000] {logging_mixin.py:188} INFO - [2026-02-05T12:57:36.056+0000] {dagbag.py:540} INFO - Filling up the DagBag from /home/airflow/.local/lib/python3.12/site-packages/airflow/example_dags/example_latest_only_with_trigger.py
[2026-02-05T12:57:36.060+0000] {processor.py:840} INFO - DAG(s) 'latest_only_with_trigger' retrieved from /home/airflow/.local/lib/python3.12/site-packages/airflow/example_dags/example_latest_only_with_trigger.py
[2026-02-05T12:57:36.073+0000] {logging_mixin.py:188} INFO - [2026-02-05T12:57:36.073+0000] {dag.py:3096} INFO - Sync 1 DAGs
[2026-02-05T12:57:36.085+0000] {logging_mixin.py:188} INFO - [2026-02-05T12:57:36.085+0000] {dag.py:3954} INFO - Setting next_dagrun for latest_only_with_trigger to 2026-02-05 08:00:00+00:00, run_after=2026-02-05 12:00:00+00:00
[2026-02-05T12:57:36.096+0000] {processor.py:183} INFO - Processing /home/airflow/.local/lib/python3.12/site-packages/airflow/example_dags/example_latest_only_with_trigger.py took 0.046 seconds
[2026-02-05T12:58:06.322+0000] {processor.py:161} INFO - Started process (PID=357) to work on /home/airflow/.local/lib/python3.12/site-packages/airflow/example_dags/example_latest_only_with_trigger.py
[2026-02-05T12:58:06.324+0000] {processor.py:830} INFO - Processing file /home/airflow/.local/lib/python3.12/site-packages/airflow/example_dags/example_latest_only_with_trigger.py for tasks to queue
[2026-02-05T12:58:06.326+0000] {logging_mixin.py:188} INFO - [2026-02-05T12:58:06.326+0000] {dagbag.py:540} INFO - Filling up the DagBag from /home/airflow/.local/lib/python3.12/site-packages/airflow/example_dags/example_latest_only_with_trigger.py
[2026-02-05T12:58:06.332+0000] {processor.py:840} INFO - DAG(s) 'latest_only_with_trigger' retrieved from /home/airflow/.local/lib/python3.12/site-packages/airflow/example_dags/example_latest_only_with_trigger.py
[2026-02-05T12:58:06.350+0000] {logging_mixin.py:188} INFO - [2026-02-05T12:58:06.349+0000] {dag.py:3096} INFO - Sync 1 DAGs
[2026-02-05T12:58:06.366+0000] {logging_mixin.py:188} INFO - [2026-02-05T12:58:06.365+0000] {dag.py:3954} INFO - Setting next_dagrun for latest_only_with_trigger to 2026-02-05 08:00:00+00:00, run_after=2026-02-05 12:00:00+00:00
[2026-02-05T12:58:06.379+0000] {processor.py:183} INFO - Processing /home/airflow/.local/lib/python3.12/site-packages/airflow/example_dags/example_latest_only_with_trigger.py took 0.062 seconds
[2026-02-05T12:58:36.438+0000] {processor.py:161} INFO - Started process (PID=415) to work on /home/airflow/.local/lib/python3.12/site-packages/airflow/example_dags/example_latest_only_with_trigger.py
[2026-02-05T12:58:36.439+0000] {processor.py:830} INFO - Processing file /home/airflow/.local/lib/python3.12/site-packages/airflow/example_dags/example_latest_only_with_trigger.py for tasks to queue
[2026-02-05T12:58:36.440+0000] {logging_mixin.py:188} INFO - [2026-02-05T12:58:36.440+0000] {dagbag.py:540} INFO - Filling up the DagBag from /home/airflow/.local/lib/python3.12/site-packages/airflow/example_dags/example_latest_only_with_trigger.py
[2026-02-05T12:58:36.443+0000] {processor.py:840} INFO - DAG(s) 'latest_only_with_trigger' retrieved from /home/airflow/.local/lib/python3.12/site-packages/airflow/example_dags/example_latest_only_with_trigger.py
[2026-02-05T12:58:36.458+0000] {logging_mixin.py:188} INFO - [2026-02-05T12:58:36.458+0000] {dag.py:3096} INFO - Sync 1 DAGs
[2026-02-05T12:58:36.470+0000] {logging_mixin.py:188} INFO - [2026-02-05T12:58:36.470+0000] {dag.py:3954} INFO - Setting next_dagrun for latest_only_with_trigger to 2026-02-05 08:00:00+00:00, run_after=2026-02-05 12:00:00+00:00
[2026-02-05T12:58:36.480+0000] {processor.py:183} INFO - Processing /home/airflow/.local/lib/python3.12/site-packages/airflow/example_dags/example_latest_only_with_trigger.py took 0.044 seconds
[2026-02-05T12:59:06.615+0000] {processor.py:161} INFO - Started process (PID=482) to work on /home/airflow/.local/lib/python3.12/site-packages/airflow/example_dags/example_latest_only_with_trigger.py
[2026-02-05T12:59:06.618+0000] {processor.py:830} INFO - Processing file /home/airflow/.local/lib/python3.12/site-packages/airflow/example_dags/example_latest_only_with_trigger.py for tasks to queue
[2026-02-05T12:59:06.619+0000] {logging_mixin.py:188} INFO - [2026-02-05T12:59:06.619+0000] {dagbag.py:540} INFO - Filling up the DagBag from /home/airflow/.local/lib/python3.12/site-packages/airflow/example_dags/example_latest_only_with_trigger.py
[2026-02-05T12:59:06.623+0000] {processor.py:840} INFO - DAG(s) 'latest_only_with_trigger' retrieved from /home/airflow/.local/lib/python3.12/site-packages/airflow/example_dags/example_latest_only_with_trigger.py
[2026-02-05T12:59:06.637+0000] {logging_mixin.py:188} INFO - [2026-02-05T12:59:06.636+0000] {dag.py:3096} INFO - Sync 1 DAGs
[2026-02-05T12:59:06.649+0000] {logging_mixin.py:188} INFO - [2026-02-05T12:59:06.648+0000] {dag.py:3954} INFO - Setting next_dagrun for latest_only_with_trigger to 2026-02-05 08:00:00+00:00, run_after=2026-02-05 12:00:00+00:00
[2026-02-05T12:59:06.658+0000] {processor.py:183} INFO - Processing /home/airflow/.local/lib/python3.12/site-packages/airflow/example_dags/example_latest_only_with_trigger.py took 0.047 seconds
[2026-02-05T12:59:36.874+0000] {processor.py:161} INFO - Started process (PID=541) to work on /home/airflow/.local/lib/python3.12/site-packages/airflow/example_dags/example_latest_only_with_trigger.py
[2026-02-05T12:59:36.875+0000] {processor.py:830} INFO - Processing file /home/airflow/.local/lib/python3.12/site-packages/airflow/example_dags/example_latest_only_with_trigger.py for tasks to queue
[2026-02-05T12:59:36.877+0000] {logging_mixin.py:188} INFO - [2026-02-05T12:59:36.876+0000] {dagbag.py:540} INFO - Filling up the DagBag from /home/airflow/.local/lib/python3.12/site-packages/airflow/example_dags/example_latest_only_with_trigger.py
[2026-02-05T12:59:36.880+0000] {processor.py:840} INFO - DAG(s) 'latest_only_with_trigger' retrieved from /home/airflow/.local/lib/python3.12/site-packages/airflow/example_dags/example_latest_only_with_trigger.py
[2026-02-05T12:59:36.892+0000] {logging_mixin.py:188} INFO - [2026-02-05T12:59:36.892+0000] {dag.py:3096} INFO - Sync 1 DAGs
[2026-02-05T12:59:36.904+0000] {logging_mixin.py:188} INFO - [2026-02-05T12:59:36.904+0000] {dag.py:3954} INFO - Setting next_dagrun for latest_only_with_trigger to 2026-02-05 08:00:00+00:00, run_after=2026-02-05 12:00:00+00:00
[2026-02-05T12:59:36.915+0000] {processor.py:183} INFO - Processing /home/airflow/.local/lib/python3.12/site-packages/airflow/example_dags/example_latest_only_with_trigger.py took 0.044 seconds
[2026-02-05T13:00:07.120+0000] {processor.py:161} INFO - Started process (PID=599) to work on /home/airflow/.local/lib/python3.12/site-packages/airflow/example_dags/example_latest_only_with_trigger.py
[2026-02-05T13:00:07.121+0000] {processor.py:830} INFO - Processing file /home/airflow/.local/lib/python3.12/site-packages/airflow/example_dags/example_latest_only_with_trigger.py for tasks to queue
[2026-02-05T13:00:07.122+0000] {logging_mixin.py:188} INFO - [2026-02-05T13:00:07.121+0000] {dagbag.py:540} INFO - Filling up the DagBag from /home/airflow/.local/lib/python3.12/site-packages/airflow/example_dags/example_latest_only_with_trigger.py
[2026-02-05T13:00:07.126+0000] {processor.py:840} INFO - DAG(s) 'latest_only_with_trigger' retrieved from /home/airflow/.local/lib/python3.12/site-packages/airflow/example_dags/example_latest_only_with_trigger.py
[2026-02-05T13:00:07.140+0000] {logging_mixin.py:188} INFO - [2026-02-05T13:00:07.140+0000] {dag.py:3096} INFO - Sync 1 DAGs
[2026-02-05T13:00:07.150+0000] {logging_mixin.py:188} INFO - [2026-02-05T13:00:07.150+0000] {dag.py:3954} INFO - Setting next_dagrun for latest_only_with_trigger to 2026-02-05 08:00:00+00:00, run_after=2026-02-05 12:00:00+00:00
[2026-02-05T13:00:07.162+0000] {processor.py:183} INFO - Processing /home/airflow/.local/lib/python3.12/site-packages/airflow/example_dags/example_latest_only_with_trigger.py took 0.045 seconds
[2026-02-05T13:00:37.207+0000] {processor.py:161} INFO - Started process (PID=657) to work on /home/airflow/.local/lib/python3.12/site-packages/airflow/example_dags/example_latest_only_with_trigger.py
[2026-02-05T13:00:37.208+0000] {processor.py:830} INFO - Processing file /home/airflow/.local/lib/python3.12/site-packages/airflow/example_dags/example_latest_only_with_trigger.py for tasks to queue
[2026-02-05T13:00:37.210+0000] {logging_mixin.py:188} INFO - [2026-02-05T13:00:37.209+0000] {dagbag.py:540} INFO - Filling up the DagBag from /home/airflow/.local/lib/python3.12/site-packages/airflow/example_dags/example_latest_only_with_trigger.py
[2026-02-05T13:00:37.214+0000] {processor.py:840} INFO - DAG(s) 'latest_only_with_trigger' retrieved from /home/airflow/.local/lib/python3.12/site-packages/airflow/example_dags/example_latest_only_with_trigger.py
[2026-02-05T13:00:37.228+0000] {logging_mixin.py:188} INFO - [2026-02-05T13:00:37.228+0000] {dag.py:3096} INFO - Sync 1 DAGs
[2026-02-05T13:00:37.242+0000] {logging_mixin.py:188} INFO - [2026-02-05T13:00:37.242+0000] {dag.py:3954} INFO - Setting next_dagrun for latest_only_with_trigger to 2026-02-05 08:00:00+00:00, run_after=2026-02-05 12:00:00+00:00
[2026-02-05T13:00:37.371+0000] {processor.py:183} INFO - Processing /home/airflow/.local/lib/python3.12/site-packages/airflow/example_dags/example_latest_only_with_trigger.py took 0.167 seconds
[2026-02-05T13:01:08.296+0000] {processor.py:161} INFO - Started process (PID=715) to work on /home/airflow/.local/lib/python3.12/site-packages/airflow/example_dags/example_latest_only_with_trigger.py
[2026-02-05T13:01:08.297+0000] {processor.py:830} INFO - Processing file /home/airflow/.local/lib/python3.12/site-packages/airflow/example_dags/example_latest_only_with_trigger.py for tasks to queue
[2026-02-05T13:01:08.298+0000] {logging_mixin.py:188} INFO - [2026-02-05T13:01:08.298+0000] {dagbag.py:540} INFO - Filling up the DagBag from /home/airflow/.local/lib/python3.12/site-packages/airflow/example_dags/example_latest_only_with_trigger.py
[2026-02-05T13:01:08.301+0000] {processor.py:840} INFO - DAG(s) 'latest_only_with_trigger' retrieved from /home/airflow/.local/lib/python3.12/site-packages/airflow/example_dags/example_latest_only_with_trigger.py
[2026-02-05T13:01:08.312+0000] {logging_mixin.py:188} INFO - [2026-02-05T13:01:08.312+0000] {dag.py:3096} INFO - Sync 1 DAGs
[2026-02-05T13:01:08.325+0000] {logging_mixin.py:188} INFO - [2026-02-05T13:01:08.325+0000] {dag.py:3954} INFO - Setting next_dagrun for latest_only_with_trigger to 2026-02-05 08:00:00+00:00, run_after=2026-02-05 12:00:00+00:00
[2026-02-05T13:01:08.336+0000] {processor.py:183} INFO - Processing /home/airflow/.local/lib/python3.12/site-packages/airflow/example_dags/example_latest_only_with_trigger.py took 0.043 seconds
[2026-02-05T13:01:38.484+0000] {processor.py:161} INFO - Started process (PID=773) to work on /home/airflow/.local/lib/python3.12/site-packages/airflow/example_dags/example_latest_only_with_trigger.py
[2026-02-05T13:01:38.486+0000] {processor.py:830} INFO - Processing file /home/airflow/.local/lib/python3.12/site-packages/airflow/example_dags/example_latest_only_with_trigger.py for tasks to queue
[2026-02-05T13:01:38.488+0000] {logging_mixin.py:188} INFO - [2026-02-05T13:01:38.488+0000] {dagbag.py:540} INFO - Filling up the DagBag from /home/airflow/.local/lib/python3.12/site-packages/airflow/example_dags/example_latest_only_with_trigger.py
[2026-02-05T13:01:38.493+0000] {processor.py:840} INFO - DAG(s) 'latest_only_with_trigger' retrieved from /home/airflow/.local/lib/python3.12/site-packages/airflow/example_dags/example_latest_only_with_trigger.py
[2026-02-05T13:01:38.526+0000] {logging_mixin.py:188} INFO - [2026-02-05T13:01:38.526+0000] {dag.py:3096} INFO - Sync 1 DAGs
[2026-02-05T13:01:38.548+0000] {logging_mixin.py:188} INFO - [2026-02-05T13:01:38.548+0000] {dag.py:3954} INFO - Setting next_dagrun for latest_only_with_trigger to 2026-02-05 08:00:00+00:00, run_after=2026-02-05 12:00:00+00:00
[2026-02-05T13:01:38.574+0000] {processor.py:183} INFO - Processing /home/airflow/.local/lib/python3.12/site-packages/airflow/example_dags/example_latest_only_with_trigger.py took 0.100 seconds
[2026-02-05T13:02:08.973+0000] {processor.py:161} INFO - Started process (PID=830) to work on /home/airflow/.local/lib/python3.12/site-packages/airflow/example_dags/example_latest_only_with_trigger.py
[2026-02-05T13:02:08.974+0000] {processor.py:830} INFO - Processing file /home/airflow/.local/lib/python3.12/site-packages/airflow/example_dags/example_latest_only_with_trigger.py for tasks to queue
[2026-02-05T13:02:08.975+0000] {logging_mixin.py:188} INFO - [2026-02-05T13:02:08.975+0000] {dagbag.py:540} INFO - Filling up the DagBag from /home/airflow/.local/lib/python3.12/site-packages/airflow/example_dags/example_latest_only_with_trigger.py
[2026-02-05T13:02:08.978+0000] {processor.py:840} INFO - DAG(s) 'latest_only_with_trigger' retrieved from /home/airflow/.local/lib/python3.12/site-packages/airflow/example_dags/example_latest_only_with_trigger.py
[2026-02-05T13:02:08.990+0000] {logging_mixin.py:188} INFO - [2026-02-05T13:02:08.990+0000] {dag.py:3096} INFO - Sync 1 DAGs
[2026-02-05T13:02:09.001+0000] {logging_mixin.py:188} INFO - [2026-02-05T13:02:09.000+0000] {dag.py:3954} INFO - Setting next_dagrun for latest_only_with_trigger to 2026-02-05 08:00:00+00:00, run_after=2026-02-05 12:00:00+00:00
[2026-02-05T13:02:09.011+0000] {processor.py:183} INFO - Processing /home/airflow/.local/lib/python3.12/site-packages/airflow/example_dags/example_latest_only_with_trigger.py took 0.041 seconds
[2026-02-05T13:02:39.043+0000] {processor.py:161} INFO - Started process (PID=888) to work on /home/airflow/.local/lib/python3.12/site-packages/airflow/example_dags/example_latest_only_with_trigger.py
[2026-02-05T13:02:39.043+0000] {processor.py:830} INFO - Processing file /home/airflow/.local/lib/python3.12/site-packages/airflow/example_dags/example_latest_only_with_trigger.py for tasks to queue
[2026-02-05T13:02:39.044+0000] {logging_mixin.py:188} INFO - [2026-02-05T13:02:39.044+0000] {dagbag.py:540} INFO - Filling up the DagBag from /home/airflow/.local/lib/python3.12/site-packages/airflow/example_dags/example_latest_only_with_trigger.py
[2026-02-05T13:02:39.048+0000] {processor.py:840} INFO - DAG(s) 'latest_only_with_trigger' retrieved from /home/airflow/.local/lib/python3.12/site-packages/airflow/example_dags/example_latest_only_with_trigger.py
[2026-02-05T13:02:39.061+0000] {logging_mixin.py:188} INFO - [2026-02-05T13:02:39.060+0000] {dag.py:3096} INFO - Sync 1 DAGs
[2026-02-05T13:02:39.073+0000] {logging_mixin.py:188} INFO - [2026-02-05T13:02:39.073+0000] {dag.py:3954} INFO - Setting next_dagrun for latest_only_with_trigger to 2026-02-05 08:00:00+00:00, run_after=2026-02-05 12:00:00+00:00
[2026-02-05T13:02:39.082+0000] {processor.py:183} INFO - Processing /home/airflow/.local/lib/python3.12/site-packages/airflow/example_dags/example_latest_only_with_trigger.py took 0.043 seconds
[2026-02-05T13:03:09.342+0000] {processor.py:161} INFO - Started process (PID=946) to work on /home/airflow/.local/lib/python3.12/site-packages/airflow/example_dags/example_latest_only_with_trigger.py
[2026-02-05T13:03:09.344+0000] {processor.py:830} INFO - Processing file /home/airflow/.local/lib/python3.12/site-packages/airflow/example_dags/example_latest_only_with_trigger.py for tasks to queue
[2026-02-05T13:03:09.345+0000] {logging_mixin.py:188} INFO - [2026-02-05T13:03:09.345+0000] {dagbag.py:540} INFO - Filling up the DagBag from /home/airflow/.local/lib/python3.12/site-packages/airflow/example_dags/example_latest_only_with_trigger.py
[2026-02-05T13:03:09.349+0000] {processor.py:840} INFO - DAG(s) 'latest_only_with_trigger' retrieved from /home/airflow/.local/lib/python3.12/site-packages/airflow/example_dags/example_latest_only_with_trigger.py
[2026-02-05T13:03:09.362+0000] {logging_mixin.py:188} INFO - [2026-02-05T13:03:09.362+0000] {dag.py:3096} INFO - Sync 1 DAGs
[2026-02-05T13:03:09.373+0000] {logging_mixin.py:188} INFO - [2026-02-05T13:03:09.373+0000] {dag.py:3954} INFO - Setting next_dagrun for latest_only_with_trigger to 2026-02-05 08:00:00+00:00, run_after=2026-02-05 12:00:00+00:00
[2026-02-05T13:03:09.480+0000] {processor.py:183} INFO - Processing /home/airflow/.local/lib/python3.12/site-packages/airflow/example_dags/example_latest_only_with_trigger.py took 0.142 seconds
[2026-02-05T13:03:40.316+0000] {processor.py:161} INFO - Started process (PID=1004) to work on /home/airflow/.local/lib/python3.12/site-packages/airflow/example_dags/example_latest_only_with_trigger.py
[2026-02-05T13:03:40.316+0000] {processor.py:830} INFO - Processing file /home/airflow/.local/lib/python3.12/site-packages/airflow/example_dags/example_latest_only_with_trigger.py for tasks to queue
[2026-02-05T13:03:40.317+0000] {logging_mixin.py:188} INFO - [2026-02-05T13:03:40.317+0000] {dagbag.py:540} INFO - Filling up the DagBag from /home/airflow/.local/lib/python3.12/site-packages/airflow/example_dags/example_latest_only_with_trigger.py
[2026-02-05T13:03:40.321+0000] {processor.py:840} INFO - DAG(s) 'latest_only_with_trigger' retrieved from /home/airflow/.local/lib/python3.12/site-packages/airflow/example_dags/example_latest_only_with_trigger.py
[2026-02-05T13:03:40.334+0000] {logging_mixin.py:188} INFO - [2026-02-05T13:03:40.334+0000] {dag.py:3096} INFO - Sync 1 DAGs
[2026-02-05T13:03:40.348+0000] {logging_mixin.py:188} INFO - [2026-02-05T13:03:40.348+0000] {dag.py:3954} INFO - Setting next_dagrun for latest_only_with_trigger to 2026-02-05 08:00:00+00:00, run_after=2026-02-05 12:00:00+00:00
[2026-02-05T13:03:40.359+0000] {processor.py:183} INFO - Processing /home/airflow/.local/lib/python3.12/site-packages/airflow/example_dags/example_latest_only_with_trigger.py took 0.046 seconds
[2026-02-05T13:04:10.399+0000] {processor.py:161} INFO - Started process (PID=1062) to work on /home/airflow/.local/lib/python3.12/site-packages/airflow/example_dags/example_latest_only_with_trigger.py
[2026-02-05T13:04:10.399+0000] {processor.py:830} INFO - Processing file /home/airflow/.local/lib/python3.12/site-packages/airflow/example_dags/example_latest_only_with_trigger.py for tasks to queue
[2026-02-05T13:04:10.401+0000] {logging_mixin.py:188} INFO - [2026-02-05T13:04:10.400+0000] {dagbag.py:540} INFO - Filling up the DagBag from /home/airflow/.local/lib/python3.12/site-packages/airflow/example_dags/example_latest_only_with_trigger.py
[2026-02-05T13:04:10.404+0000] {processor.py:840} INFO - DAG(s) 'latest_only_with_trigger' retrieved from /home/airflow/.local/lib/python3.12/site-packages/airflow/example_dags/example_latest_only_with_trigger.py
[2026-02-05T13:04:10.416+0000] {logging_mixin.py:188} INFO - [2026-02-05T13:04:10.416+0000] {dag.py:3096} INFO - Sync 1 DAGs
[2026-02-05T13:04:10.426+0000] {logging_mixin.py:188} INFO - [2026-02-05T13:04:10.426+0000] {dag.py:3954} INFO - Setting next_dagrun for latest_only_with_trigger to 2026-02-05 08:00:00+00:00, run_after=2026-02-05 12:00:00+00:00
[2026-02-05T13:04:10.437+0000] {processor.py:183} INFO - Processing /home/airflow/.local/lib/python3.12/site-packages/airflow/example_dags/example_latest_only_with_trigger.py took 0.041 seconds
[2026-02-05T13:04:40.741+0000] {processor.py:161} INFO - Started process (PID=1120) to work on /home/airflow/.local/lib/python3.12/site-packages/airflow/example_dags/example_latest_only_with_trigger.py
[2026-02-05T13:04:40.742+0000] {processor.py:830} INFO - Processing file /home/airflow/.local/lib/python3.12/site-packages/airflow/example_dags/example_latest_only_with_trigger.py for tasks to queue
[2026-02-05T13:04:40.743+0000] {logging_mixin.py:188} INFO - [2026-02-05T13:04:40.743+0000] {dagbag.py:540} INFO - Filling up the DagBag from /home/airflow/.local/lib/python3.12/site-packages/airflow/example_dags/example_latest_only_with_trigger.py
[2026-02-05T13:04:40.747+0000] {processor.py:840} INFO - DAG(s) 'latest_only_with_trigger' retrieved from /home/airflow/.local/lib/python3.12/site-packages/airflow/example_dags/example_latest_only_with_trigger.py
[2026-02-05T13:04:40.760+0000] {logging_mixin.py:188} INFO - [2026-02-05T13:04:40.760+0000] {dag.py:3096} INFO - Sync 1 DAGs
[2026-02-05T13:04:40.774+0000] {logging_mixin.py:188} INFO - [2026-02-05T13:04:40.774+0000] {dag.py:3954} INFO - Setting next_dagrun for latest_only_with_trigger to 2026-02-05 08:00:00+00:00, run_after=2026-02-05 12:00:00+00:00
[2026-02-05T13:04:40.784+0000] {processor.py:183} INFO - Processing /home/airflow/.local/lib/python3.12/site-packages/airflow/example_dags/example_latest_only_with_trigger.py took 0.046 seconds
[2026-02-05T13:05:11.625+0000] {processor.py:161} INFO - Started process (PID=1178) to work on /home/airflow/.local/lib/python3.12/site-packages/airflow/example_dags/example_latest_only_with_trigger.py
[2026-02-05T13:05:11.626+0000] {processor.py:830} INFO - Processing file /home/airflow/.local/lib/python3.12/site-packages/airflow/example_dags/example_latest_only_with_trigger.py for tasks to queue
[2026-02-05T13:05:11.627+0000] {logging_mixin.py:188} INFO - [2026-02-05T13:05:11.627+0000] {dagbag.py:540} INFO - Filling up the DagBag from /home/airflow/.local/lib/python3.12/site-packages/airflow/example_dags/example_latest_only_with_trigger.py
[2026-02-05T13:05:11.631+0000] {processor.py:840} INFO - DAG(s) 'latest_only_with_trigger' retrieved from /home/airflow/.local/lib/python3.12/site-packages/airflow/example_dags/example_latest_only_with_trigger.py
[2026-02-05T13:05:11.643+0000] {logging_mixin.py:188} INFO - [2026-02-05T13:05:11.642+0000] {dag.py:3096} INFO - Sync 1 DAGs
[2026-02-05T13:05:11.653+0000] {logging_mixin.py:188} INFO - [2026-02-05T13:05:11.653+0000] {dag.py:3954} INFO - Setting next_dagrun for latest_only_with_trigger to 2026-02-05 08:00:00+00:00, run_after=2026-02-05 12:00:00+00:00
[2026-02-05T13:05:11.662+0000] {processor.py:183} INFO - Processing /home/airflow/.local/lib/python3.12/site-packages/airflow/example_dags/example_latest_only_with_trigger.py took 0.041 seconds
[2026-02-05T13:05:42.148+0000] {processor.py:161} INFO - Started process (PID=1236) to work on /home/airflow/.local/lib/python3.12/site-packages/airflow/example_dags/example_latest_only_with_trigger.py
[2026-02-05T13:05:42.149+0000] {processor.py:830} INFO - Processing file /home/airflow/.local/lib/python3.12/site-packages/airflow/example_dags/example_latest_only_with_trigger.py for tasks to queue
[2026-02-05T13:05:42.150+0000] {logging_mixin.py:188} INFO - [2026-02-05T13:05:42.150+0000] {dagbag.py:540} INFO - Filling up the DagBag from /home/airflow/.local/lib/python3.12/site-packages/airflow/example_dags/example_latest_only_with_trigger.py
[2026-02-05T13:05:42.156+0000] {processor.py:840} INFO - DAG(s) 'latest_only_with_trigger' retrieved from /home/airflow/.local/lib/python3.12/site-packages/airflow/example_dags/example_latest_only_with_trigger.py
[2026-02-05T13:05:42.170+0000] {logging_mixin.py:188} INFO - [2026-02-05T13:05:42.170+0000] {dag.py:3096} INFO - Sync 1 DAGs
[2026-02-05T13:05:42.278+0000] {logging_mixin.py:188} INFO - [2026-02-05T13:05:42.278+0000] {dag.py:3954} INFO - Setting next_dagrun for latest_only_with_trigger to 2026-02-05 08:00:00+00:00, run_after=2026-02-05 12:00:00+00:00
[2026-02-05T13:05:42.287+0000] {processor.py:183} INFO - Processing /home/airflow/.local/lib/python3.12/site-packages/airflow/example_dags/example_latest_only_with_trigger.py took 0.142 seconds
[2026-02-05T13:06:12.525+0000] {processor.py:161} INFO - Started process (PID=1293) to work on /home/airflow/.local/lib/python3.12/site-packages/airflow/example_dags/example_latest_only_with_trigger.py
[2026-02-05T13:06:12.525+0000] {processor.py:830} INFO - Processing file /home/airflow/.local/lib/python3.12/site-packages/airflow/example_dags/example_latest_only_with_trigger.py for tasks to queue
[2026-02-05T13:06:12.526+0000] {logging_mixin.py:188} INFO - [2026-02-05T13:06:12.526+0000] {dagbag.py:540} INFO - Filling up the DagBag from /home/airflow/.local/lib/python3.12/site-packages/airflow/example_dags/example_latest_only_with_trigger.py
[2026-02-05T13:06:12.530+0000] {processor.py:840} INFO - DAG(s) 'latest_only_with_trigger' retrieved from /home/airflow/.local/lib/python3.12/site-packages/airflow/example_dags/example_latest_only_with_trigger.py
[2026-02-05T13:06:12.542+0000] {logging_mixin.py:188} INFO - [2026-02-05T13:06:12.542+0000] {dag.py:3096} INFO - Sync 1 DAGs
[2026-02-05T13:06:12.553+0000] {logging_mixin.py:188} INFO - [2026-02-05T13:06:12.553+0000] {dag.py:3954} INFO - Setting next_dagrun for latest_only_with_trigger to 2026-02-05 08:00:00+00:00, run_after=2026-02-05 12:00:00+00:00
[2026-02-05T13:06:12.564+0000] {processor.py:183} INFO - Processing /home/airflow/.local/lib/python3.12/site-packages/airflow/example_dags/example_latest_only_with_trigger.py took 0.042 seconds
[2026-02-05T13:06:42.672+0000] {processor.py:161} INFO - Started process (PID=1351) to work on /home/airflow/.local/lib/python3.12/site-packages/airflow/example_dags/example_latest_only_with_trigger.py
[2026-02-05T13:06:42.673+0000] {processor.py:830} INFO - Processing file /home/airflow/.local/lib/python3.12/site-packages/airflow/example_dags/example_latest_only_with_trigger.py for tasks to queue
[2026-02-05T13:06:42.674+0000] {logging_mixin.py:188} INFO - [2026-02-05T13:06:42.674+0000] {dagbag.py:540} INFO - Filling up the DagBag from /home/airflow/.local/lib/python3.12/site-packages/airflow/example_dags/example_latest_only_with_trigger.py
[2026-02-05T13:06:42.678+0000] {processor.py:840} INFO - DAG(s) 'latest_only_with_trigger' retrieved from /home/airflow/.local/lib/python3.12/site-packages/airflow/example_dags/example_latest_only_with_trigger.py
[2026-02-05T13:06:42.693+0000] {logging_mixin.py:188} INFO - [2026-02-05T13:06:42.692+0000] {dag.py:3096} INFO - Sync 1 DAGs
[2026-02-05T13:06:42.706+0000] {logging_mixin.py:188} INFO - [2026-02-05T13:06:42.706+0000] {dag.py:3954} INFO - Setting next_dagrun for latest_only_with_trigger to 2026-02-05 08:00:00+00:00, run_after=2026-02-05 12:00:00+00:00
[2026-02-05T13:06:42.719+0000] {processor.py:183} INFO - Processing /home/airflow/.local/lib/python3.12/site-packages/airflow/example_dags/example_latest_only_with_trigger.py took 0.052 seconds
[2026-02-05T13:07:12.867+0000] {processor.py:161} INFO - Started process (PID=1409) to work on /home/airflow/.local/lib/python3.12/site-packages/airflow/example_dags/example_latest_only_with_trigger.py
[2026-02-05T13:07:12.867+0000] {processor.py:830} INFO - Processing file /home/airflow/.local/lib/python3.12/site-packages/airflow/example_dags/example_latest_only_with_trigger.py for tasks to queue
[2026-02-05T13:07:12.869+0000] {logging_mixin.py:188} INFO - [2026-02-05T13:07:12.868+0000] {dagbag.py:540} INFO - Filling up the DagBag from /home/airflow/.local/lib/python3.12/site-packages/airflow/example_dags/example_latest_only_with_trigger.py
[2026-02-05T13:07:12.872+0000] {processor.py:840} INFO - DAG(s) 'latest_only_with_trigger' retrieved from /home/airflow/.local/lib/python3.12/site-packages/airflow/example_dags/example_latest_only_with_trigger.py
[2026-02-05T13:07:12.884+0000] {logging_mixin.py:188} INFO - [2026-02-05T13:07:12.884+0000] {dag.py:3096} INFO - Sync 1 DAGs
[2026-02-05T13:07:12.895+0000] {logging_mixin.py:188} INFO - [2026-02-05T13:07:12.895+0000] {dag.py:3954} INFO - Setting next_dagrun for latest_only_with_trigger to 2026-02-05 08:00:00+00:00, run_after=2026-02-05 12:00:00+00:00
[2026-02-05T13:07:12.906+0000] {processor.py:183} INFO - Processing /home/airflow/.local/lib/python3.12/site-packages/airflow/example_dags/example_latest_only_with_trigger.py took 0.043 seconds
[2026-02-05T13:07:42.929+0000] {processor.py:161} INFO - Started process (PID=1467) to work on /home/airflow/.local/lib/python3.12/site-packages/airflow/example_dags/example_latest_only_with_trigger.py
[2026-02-05T13:07:42.929+0000] {processor.py:830} INFO - Processing file /home/airflow/.local/lib/python3.12/site-packages/airflow/example_dags/example_latest_only_with_trigger.py for tasks to queue
[2026-02-05T13:07:42.931+0000] {logging_mixin.py:188} INFO - [2026-02-05T13:07:42.930+0000] {dagbag.py:540} INFO - Filling up the DagBag from /home/airflow/.local/lib/python3.12/site-packages/airflow/example_dags/example_latest_only_with_trigger.py
[2026-02-05T13:07:42.936+0000] {processor.py:840} INFO - DAG(s) 'latest_only_with_trigger' retrieved from /home/airflow/.local/lib/python3.12/site-packages/airflow/example_dags/example_latest_only_with_trigger.py
[2026-02-05T13:07:42.966+0000] {logging_mixin.py:188} INFO - [2026-02-05T13:07:42.966+0000] {dag.py:3096} INFO - Sync 1 DAGs
[2026-02-05T13:07:42.990+0000] {logging_mixin.py:188} INFO - [2026-02-05T13:07:42.989+0000] {dag.py:3954} INFO - Setting next_dagrun for latest_only_with_trigger to 2026-02-05 08:00:00+00:00, run_after=2026-02-05 12:00:00+00:00
[2026-02-05T13:07:43.018+0000] {processor.py:183} INFO - Processing /home/airflow/.local/lib/python3.12/site-packages/airflow/example_dags/example_latest_only_with_trigger.py took 0.094 seconds
[2026-02-05T13:08:13.312+0000] {processor.py:161} INFO - Started process (PID=1525) to work on /home/airflow/.local/lib/python3.12/site-packages/airflow/example_dags/example_latest_only_with_trigger.py
[2026-02-05T13:08:13.312+0000] {processor.py:830} INFO - Processing file /home/airflow/.local/lib/python3.12/site-packages/airflow/example_dags/example_latest_only_with_trigger.py for tasks to queue
[2026-02-05T13:08:13.314+0000] {logging_mixin.py:188} INFO - [2026-02-05T13:08:13.314+0000] {dagbag.py:540} INFO - Filling up the DagBag from /home/airflow/.local/lib/python3.12/site-packages/airflow/example_dags/example_latest_only_with_trigger.py
[2026-02-05T13:08:13.317+0000] {processor.py:840} INFO - DAG(s) 'latest_only_with_trigger' retrieved from /home/airflow/.local/lib/python3.12/site-packages/airflow/example_dags/example_latest_only_with_trigger.py
[2026-02-05T13:08:13.333+0000] {logging_mixin.py:188} INFO - [2026-02-05T13:08:13.333+0000] {dag.py:3096} INFO - Sync 1 DAGs
[2026-02-05T13:08:13.345+0000] {logging_mixin.py:188} INFO - [2026-02-05T13:08:13.345+0000] {dag.py:3954} INFO - Setting next_dagrun for latest_only_with_trigger to 2026-02-05 08:00:00+00:00, run_after=2026-02-05 12:00:00+00:00
[2026-02-05T13:08:13.356+0000] {processor.py:183} INFO - Processing /home/airflow/.local/lib/python3.12/site-packages/airflow/example_dags/example_latest_only_with_trigger.py took 0.050 seconds
[2026-02-05T13:08:43.418+0000] {processor.py:161} INFO - Started process (PID=1582) to work on /home/airflow/.local/lib/python3.12/site-packages/airflow/example_dags/example_latest_only_with_trigger.py
[2026-02-05T13:08:43.420+0000] {processor.py:830} INFO - Processing file /home/airflow/.local/lib/python3.12/site-packages/airflow/example_dags/example_latest_only_with_trigger.py for tasks to queue
[2026-02-05T13:08:43.422+0000] {logging_mixin.py:188} INFO - [2026-02-05T13:08:43.422+0000] {dagbag.py:540} INFO - Filling up the DagBag from /home/airflow/.local/lib/python3.12/site-packages/airflow/example_dags/example_latest_only_with_trigger.py
[2026-02-05T13:08:43.425+0000] {processor.py:840} INFO - DAG(s) 'latest_only_with_trigger' retrieved from /home/airflow/.local/lib/python3.12/site-packages/airflow/example_dags/example_latest_only_with_trigger.py
[2026-02-05T13:08:43.439+0000] {logging_mixin.py:188} INFO - [2026-02-05T13:08:43.439+0000] {dag.py:3096} INFO - Sync 1 DAGs
[2026-02-05T13:08:43.451+0000] {logging_mixin.py:188} INFO - [2026-02-05T13:08:43.451+0000] {dag.py:3954} INFO - Setting next_dagrun for latest_only_with_trigger to 2026-02-05 08:00:00+00:00, run_after=2026-02-05 12:00:00+00:00
[2026-02-05T13:08:43.461+0000] {processor.py:183} INFO - Processing /home/airflow/.local/lib/python3.12/site-packages/airflow/example_dags/example_latest_only_with_trigger.py took 0.046 seconds
[2026-02-05T13:09:13.577+0000] {processor.py:161} INFO - Started process (PID=1640) to work on /home/airflow/.local/lib/python3.12/site-packages/airflow/example_dags/example_latest_only_with_trigger.py
[2026-02-05T13:09:13.577+0000] {processor.py:830} INFO - Processing file /home/airflow/.local/lib/python3.12/site-packages/airflow/example_dags/example_latest_only_with_trigger.py for tasks to queue
[2026-02-05T13:09:13.578+0000] {logging_mixin.py:188} INFO - [2026-02-05T13:09:13.578+0000] {dagbag.py:540} INFO - Filling up the DagBag from /home/airflow/.local/lib/python3.12/site-packages/airflow/example_dags/example_latest_only_with_trigger.py
[2026-02-05T13:09:13.582+0000] {processor.py:840} INFO - DAG(s) 'latest_only_with_trigger' retrieved from /home/airflow/.local/lib/python3.12/site-packages/airflow/example_dags/example_latest_only_with_trigger.py
[2026-02-05T13:09:13.594+0000] {logging_mixin.py:188} INFO - [2026-02-05T13:09:13.593+0000] {dag.py:3096} INFO - Sync 1 DAGs
[2026-02-05T13:09:13.604+0000] {logging_mixin.py:188} INFO - [2026-02-05T13:09:13.604+0000] {dag.py:3954} INFO - Setting next_dagrun for latest_only_with_trigger to 2026-02-05 08:00:00+00:00, run_after=2026-02-05 12:00:00+00:00
[2026-02-05T13:09:13.615+0000] {processor.py:183} INFO - Processing /home/airflow/.local/lib/python3.12/site-packages/airflow/example_dags/example_latest_only_with_trigger.py took 0.041 seconds
[2026-02-05T13:09:43.936+0000] {processor.py:161} INFO - Started process (PID=1698) to work on /home/airflow/.local/lib/python3.12/site-packages/airflow/example_dags/example_latest_only_with_trigger.py
[2026-02-05T13:09:43.939+0000] {processor.py:830} INFO - Processing file /home/airflow/.local/lib/python3.12/site-packages/airflow/example_dags/example_latest_only_with_trigger.py for tasks to queue
[2026-02-05T13:09:43.944+0000] {logging_mixin.py:188} INFO - [2026-02-05T13:09:43.944+0000] {dagbag.py:540} INFO - Filling up the DagBag from /home/airflow/.local/lib/python3.12/site-packages/airflow/example_dags/example_latest_only_with_trigger.py
[2026-02-05T13:09:43.957+0000] {processor.py:840} INFO - DAG(s) 'latest_only_with_trigger' retrieved from /home/airflow/.local/lib/python3.12/site-packages/airflow/example_dags/example_latest_only_with_trigger.py
[2026-02-05T13:09:43.988+0000] {logging_mixin.py:188} INFO - [2026-02-05T13:09:43.988+0000] {dag.py:3096} INFO - Sync 1 DAGs
[2026-02-05T13:09:44.011+0000] {logging_mixin.py:188} INFO - [2026-02-05T13:09:44.011+0000] {dag.py:3954} INFO - Setting next_dagrun for latest_only_with_trigger to 2026-02-05 08:00:00+00:00, run_after=2026-02-05 12:00:00+00:00
[2026-02-05T13:09:44.025+0000] {processor.py:183} INFO - Processing /home/airflow/.local/lib/python3.12/site-packages/airflow/example_dags/example_latest_only_with_trigger.py took 0.104 seconds
[2026-02-05T13:10:14.223+0000] {processor.py:161} INFO - Started process (PID=1755) to work on /home/airflow/.local/lib/python3.12/site-packages/airflow/example_dags/example_latest_only_with_trigger.py
[2026-02-05T13:10:14.242+0000] {processor.py:830} INFO - Processing file /home/airflow/.local/lib/python3.12/site-packages/airflow/example_dags/example_latest_only_with_trigger.py for tasks to queue
[2026-02-05T13:10:14.243+0000] {logging_mixin.py:188} INFO - [2026-02-05T13:10:14.243+0000] {dagbag.py:540} INFO - Filling up the DagBag from /home/airflow/.local/lib/python3.12/site-packages/airflow/example_dags/example_latest_only_with_trigger.py
[2026-02-05T13:10:14.248+0000] {processor.py:840} INFO - DAG(s) 'latest_only_with_trigger' retrieved from /home/airflow/.local/lib/python3.12/site-packages/airflow/example_dags/example_latest_only_with_trigger.py
[2026-02-05T13:10:14.263+0000] {logging_mixin.py:188} INFO - [2026-02-05T13:10:14.263+0000] {dag.py:3096} INFO - Sync 1 DAGs
[2026-02-05T13:10:14.277+0000] {logging_mixin.py:188} INFO - [2026-02-05T13:10:14.277+0000] {dag.py:3954} INFO - Setting next_dagrun for latest_only_with_trigger to 2026-02-05 08:00:00+00:00, run_after=2026-02-05 12:00:00+00:00
[2026-02-05T13:10:14.288+0000] {processor.py:183} INFO - Processing /home/airflow/.local/lib/python3.12/site-packages/airflow/example_dags/example_latest_only_with_trigger.py took 0.069 seconds
[2026-02-05T13:10:44.354+0000] {processor.py:161} INFO - Started process (PID=1813) to work on /home/airflow/.local/lib/python3.12/site-packages/airflow/example_dags/example_latest_only_with_trigger.py
[2026-02-05T13:10:44.355+0000] {processor.py:830} INFO - Processing file /home/airflow/.local/lib/python3.12/site-packages/airflow/example_dags/example_latest_only_with_trigger.py for tasks to queue
[2026-02-05T13:10:44.356+0000] {logging_mixin.py:188} INFO - [2026-02-05T13:10:44.356+0000] {dagbag.py:540} INFO - Filling up the DagBag from /home/airflow/.local/lib/python3.12/site-packages/airflow/example_dags/example_latest_only_with_trigger.py
[2026-02-05T13:10:44.359+0000] {processor.py:840} INFO - DAG(s) 'latest_only_with_trigger' retrieved from /home/airflow/.local/lib/python3.12/site-packages/airflow/example_dags/example_latest_only_with_trigger.py
[2026-02-05T13:10:44.371+0000] {logging_mixin.py:188} INFO - [2026-02-05T13:10:44.371+0000] {dag.py:3096} INFO - Sync 1 DAGs
[2026-02-05T13:10:44.383+0000] {logging_mixin.py:188} INFO - [2026-02-05T13:10:44.383+0000] {dag.py:3954} INFO - Setting next_dagrun for latest_only_with_trigger to 2026-02-05 08:00:00+00:00, run_after=2026-02-05 12:00:00+00:00
[2026-02-05T13:10:44.393+0000] {processor.py:183} INFO - Processing /home/airflow/.local/lib/python3.12/site-packages/airflow/example_dags/example_latest_only_with_trigger.py took 0.042 seconds
[2026-02-05T13:11:15.184+0000] {processor.py:161} INFO - Started process (PID=1871) to work on /home/airflow/.local/lib/python3.12/site-packages/airflow/example_dags/example_latest_only_with_trigger.py
[2026-02-05T13:11:15.184+0000] {processor.py:830} INFO - Processing file /home/airflow/.local/lib/python3.12/site-packages/airflow/example_dags/example_latest_only_with_trigger.py for tasks to queue
[2026-02-05T13:11:15.186+0000] {logging_mixin.py:188} INFO - [2026-02-05T13:11:15.185+0000] {dagbag.py:540} INFO - Filling up the DagBag from /home/airflow/.local/lib/python3.12/site-packages/airflow/example_dags/example_latest_only_with_trigger.py
[2026-02-05T13:11:15.189+0000] {processor.py:840} INFO - DAG(s) 'latest_only_with_trigger' retrieved from /home/airflow/.local/lib/python3.12/site-packages/airflow/example_dags/example_latest_only_with_trigger.py
[2026-02-05T13:11:15.201+0000] {logging_mixin.py:188} INFO - [2026-02-05T13:11:15.201+0000] {dag.py:3096} INFO - Sync 1 DAGs
[2026-02-05T13:11:15.212+0000] {logging_mixin.py:188} INFO - [2026-02-05T13:11:15.212+0000] {dag.py:3954} INFO - Setting next_dagrun for latest_only_with_trigger to 2026-02-05 08:00:00+00:00, run_after=2026-02-05 12:00:00+00:00
[2026-02-05T13:11:15.222+0000] {processor.py:183} INFO - Processing /home/airflow/.local/lib/python3.12/site-packages/airflow/example_dags/example_latest_only_with_trigger.py took 0.041 seconds
[2026-02-05T13:11:46.088+0000] {processor.py:161} INFO - Started process (PID=1929) to work on /home/airflow/.local/lib/python3.12/site-packages/airflow/example_dags/example_latest_only_with_trigger.py
[2026-02-05T13:11:46.088+0000] {processor.py:830} INFO - Processing file /home/airflow/.local/lib/python3.12/site-packages/airflow/example_dags/example_latest_only_with_trigger.py for tasks to queue
[2026-02-05T13:11:46.089+0000] {logging_mixin.py:188} INFO - [2026-02-05T13:11:46.089+0000] {dagbag.py:540} INFO - Filling up the DagBag from /home/airflow/.local/lib/python3.12/site-packages/airflow/example_dags/example_latest_only_with_trigger.py
[2026-02-05T13:11:46.093+0000] {processor.py:840} INFO - DAG(s) 'latest_only_with_trigger' retrieved from /home/airflow/.local/lib/python3.12/site-packages/airflow/example_dags/example_latest_only_with_trigger.py
[2026-02-05T13:11:46.103+0000] {logging_mixin.py:188} INFO - [2026-02-05T13:11:46.103+0000] {dag.py:3096} INFO - Sync 1 DAGs
[2026-02-05T13:11:46.115+0000] {logging_mixin.py:188} INFO - [2026-02-05T13:11:46.115+0000] {dag.py:3954} INFO - Setting next_dagrun for latest_only_with_trigger to 2026-02-05 08:00:00+00:00, run_after=2026-02-05 12:00:00+00:00
[2026-02-05T13:11:46.123+0000] {processor.py:183} INFO - Processing /home/airflow/.local/lib/python3.12/site-packages/airflow/example_dags/example_latest_only_with_trigger.py took 0.038 seconds
[2026-02-05T13:12:16.979+0000] {processor.py:161} INFO - Started process (PID=1987) to work on /home/airflow/.local/lib/python3.12/site-packages/airflow/example_dags/example_latest_only_with_trigger.py
[2026-02-05T13:12:16.980+0000] {processor.py:830} INFO - Processing file /home/airflow/.local/lib/python3.12/site-packages/airflow/example_dags/example_latest_only_with_trigger.py for tasks to queue
[2026-02-05T13:12:16.981+0000] {logging_mixin.py:188} INFO - [2026-02-05T13:12:16.980+0000] {dagbag.py:540} INFO - Filling up the DagBag from /home/airflow/.local/lib/python3.12/site-packages/airflow/example_dags/example_latest_only_with_trigger.py
[2026-02-05T13:12:16.984+0000] {processor.py:840} INFO - DAG(s) 'latest_only_with_trigger' retrieved from /home/airflow/.local/lib/python3.12/site-packages/airflow/example_dags/example_latest_only_with_trigger.py
[2026-02-05T13:12:16.998+0000] {logging_mixin.py:188} INFO - [2026-02-05T13:12:16.997+0000] {dag.py:3096} INFO - Sync 1 DAGs
[2026-02-05T13:12:17.014+0000] {logging_mixin.py:188} INFO - [2026-02-05T13:12:17.013+0000] {dag.py:3954} INFO - Setting next_dagrun for latest_only_with_trigger to 2026-02-05 08:00:00+00:00, run_after=2026-02-05 12:00:00+00:00
[2026-02-05T13:12:17.026+0000] {processor.py:183} INFO - Processing /home/airflow/.local/lib/python3.12/site-packages/airflow/example_dags/example_latest_only_with_trigger.py took 0.051 seconds
[2026-02-05T13:12:47.929+0000] {processor.py:161} INFO - Started process (PID=2045) to work on /home/airflow/.local/lib/python3.12/site-packages/airflow/example_dags/example_latest_only_with_trigger.py
[2026-02-05T13:12:47.932+0000] {processor.py:830} INFO - Processing file /home/airflow/.local/lib/python3.12/site-packages/airflow/example_dags/example_latest_only_with_trigger.py for tasks to queue
[2026-02-05T13:12:47.934+0000] {logging_mixin.py:188} INFO - [2026-02-05T13:12:47.933+0000] {dagbag.py:540} INFO - Filling up the DagBag from /home/airflow/.local/lib/python3.12/site-packages/airflow/example_dags/example_latest_only_with_trigger.py
[2026-02-05T13:12:47.937+0000] {processor.py:840} INFO - DAG(s) 'latest_only_with_trigger' retrieved from /home/airflow/.local/lib/python3.12/site-packages/airflow/example_dags/example_latest_only_with_trigger.py
[2026-02-05T13:12:47.949+0000] {logging_mixin.py:188} INFO - [2026-02-05T13:12:47.949+0000] {dag.py:3096} INFO - Sync 1 DAGs
[2026-02-05T13:12:47.961+0000] {logging_mixin.py:188} INFO - [2026-02-05T13:12:47.961+0000] {dag.py:3954} INFO - Setting next_dagrun for latest_only_with_trigger to 2026-02-05 08:00:00+00:00, run_after=2026-02-05 12:00:00+00:00
[2026-02-05T13:12:47.971+0000] {processor.py:183} INFO - Processing /home/airflow/.local/lib/python3.12/site-packages/airflow/example_dags/example_latest_only_with_trigger.py took 0.046 seconds
[2026-02-05T13:13:18.738+0000] {processor.py:161} INFO - Started process (PID=2102) to work on /home/airflow/.local/lib/python3.12/site-packages/airflow/example_dags/example_latest_only_with_trigger.py
[2026-02-05T13:13:18.738+0000] {processor.py:830} INFO - Processing file /home/airflow/.local/lib/python3.12/site-packages/airflow/example_dags/example_latest_only_with_trigger.py for tasks to queue
[2026-02-05T13:13:18.739+0000] {logging_mixin.py:188} INFO - [2026-02-05T13:13:18.739+0000] {dagbag.py:540} INFO - Filling up the DagBag from /home/airflow/.local/lib/python3.12/site-packages/airflow/example_dags/example_latest_only_with_trigger.py
[2026-02-05T13:13:18.743+0000] {processor.py:840} INFO - DAG(s) 'latest_only_with_trigger' retrieved from /home/airflow/.local/lib/python3.12/site-packages/airflow/example_dags/example_latest_only_with_trigger.py
[2026-02-05T13:13:18.755+0000] {logging_mixin.py:188} INFO - [2026-02-05T13:13:18.754+0000] {dag.py:3096} INFO - Sync 1 DAGs
[2026-02-05T13:13:18.766+0000] {logging_mixin.py:188} INFO - [2026-02-05T13:13:18.766+0000] {dag.py:3954} INFO - Setting next_dagrun for latest_only_with_trigger to 2026-02-05 08:00:00+00:00, run_after=2026-02-05 12:00:00+00:00
[2026-02-05T13:13:18.776+0000] {processor.py:183} INFO - Processing /home/airflow/.local/lib/python3.12/site-packages/airflow/example_dags/example_latest_only_with_trigger.py took 0.042 seconds
[2026-02-05T13:13:49.558+0000] {processor.py:161} INFO - Started process (PID=2160) to work on /home/airflow/.local/lib/python3.12/site-packages/airflow/example_dags/example_latest_only_with_trigger.py
[2026-02-05T13:13:49.559+0000] {processor.py:830} INFO - Processing file /home/airflow/.local/lib/python3.12/site-packages/airflow/example_dags/example_latest_only_with_trigger.py for tasks to queue
[2026-02-05T13:13:49.560+0000] {logging_mixin.py:188} INFO - [2026-02-05T13:13:49.560+0000] {dagbag.py:540} INFO - Filling up the DagBag from /home/airflow/.local/lib/python3.12/site-packages/airflow/example_dags/example_latest_only_with_trigger.py
[2026-02-05T13:13:49.563+0000] {processor.py:840} INFO - DAG(s) 'latest_only_with_trigger' retrieved from /home/airflow/.local/lib/python3.12/site-packages/airflow/example_dags/example_latest_only_with_trigger.py
[2026-02-05T13:13:49.576+0000] {logging_mixin.py:188} INFO - [2026-02-05T13:13:49.576+0000] {dag.py:3096} INFO - Sync 1 DAGs
[2026-02-05T13:13:49.587+0000] {logging_mixin.py:188} INFO - [2026-02-05T13:13:49.587+0000] {dag.py:3954} INFO - Setting next_dagrun for latest_only_with_trigger to 2026-02-05 08:00:00+00:00, run_after=2026-02-05 12:00:00+00:00
[2026-02-05T13:13:49.597+0000] {processor.py:183} INFO - Processing /home/airflow/.local/lib/python3.12/site-packages/airflow/example_dags/example_latest_only_with_trigger.py took 0.042 seconds
[2026-02-05T13:14:20.580+0000] {processor.py:161} INFO - Started process (PID=2218) to work on /home/airflow/.local/lib/python3.12/site-packages/airflow/example_dags/example_latest_only_with_trigger.py
[2026-02-05T13:14:20.581+0000] {processor.py:830} INFO - Processing file /home/airflow/.local/lib/python3.12/site-packages/airflow/example_dags/example_latest_only_with_trigger.py for tasks to queue
[2026-02-05T13:14:20.582+0000] {logging_mixin.py:188} INFO - [2026-02-05T13:14:20.581+0000] {dagbag.py:540} INFO - Filling up the DagBag from /home/airflow/.local/lib/python3.12/site-packages/airflow/example_dags/example_latest_only_with_trigger.py
[2026-02-05T13:14:20.585+0000] {processor.py:840} INFO - DAG(s) 'latest_only_with_trigger' retrieved from /home/airflow/.local/lib/python3.12/site-packages/airflow/example_dags/example_latest_only_with_trigger.py
[2026-02-05T13:14:20.597+0000] {logging_mixin.py:188} INFO - [2026-02-05T13:14:20.597+0000] {dag.py:3096} INFO - Sync 1 DAGs
[2026-02-05T13:14:20.608+0000] {logging_mixin.py:188} INFO - [2026-02-05T13:14:20.608+0000] {dag.py:3954} INFO - Setting next_dagrun for latest_only_with_trigger to 2026-02-05 08:00:00+00:00, run_after=2026-02-05 12:00:00+00:00
[2026-02-05T13:14:20.617+0000] {processor.py:183} INFO - Processing /home/airflow/.local/lib/python3.12/site-packages/airflow/example_dags/example_latest_only_with_trigger.py took 0.040 seconds
[2026-02-05T13:14:50.701+0000] {processor.py:161} INFO - Started process (PID=2276) to work on /home/airflow/.local/lib/python3.12/site-packages/airflow/example_dags/example_latest_only_with_trigger.py
[2026-02-05T13:14:50.701+0000] {processor.py:830} INFO - Processing file /home/airflow/.local/lib/python3.12/site-packages/airflow/example_dags/example_latest_only_with_trigger.py for tasks to queue
[2026-02-05T13:14:50.703+0000] {logging_mixin.py:188} INFO - [2026-02-05T13:14:50.703+0000] {dagbag.py:540} INFO - Filling up the DagBag from /home/airflow/.local/lib/python3.12/site-packages/airflow/example_dags/example_latest_only_with_trigger.py
[2026-02-05T13:14:50.707+0000] {processor.py:840} INFO - DAG(s) 'latest_only_with_trigger' retrieved from /home/airflow/.local/lib/python3.12/site-packages/airflow/example_dags/example_latest_only_with_trigger.py
[2026-02-05T13:14:50.720+0000] {logging_mixin.py:188} INFO - [2026-02-05T13:14:50.719+0000] {dag.py:3096} INFO - Sync 1 DAGs
[2026-02-05T13:14:50.732+0000] {logging_mixin.py:188} INFO - [2026-02-05T13:14:50.732+0000] {dag.py:3954} INFO - Setting next_dagrun for latest_only_with_trigger to 2026-02-05 08:00:00+00:00, run_after=2026-02-05 12:00:00+00:00
[2026-02-05T13:14:50.742+0000] {processor.py:183} INFO - Processing /home/airflow/.local/lib/python3.12/site-packages/airflow/example_dags/example_latest_only_with_trigger.py took 0.045 seconds
[2026-02-05T13:15:21.673+0000] {processor.py:161} INFO - Started process (PID=2333) to work on /home/airflow/.local/lib/python3.12/site-packages/airflow/example_dags/example_latest_only_with_trigger.py
[2026-02-05T13:15:21.674+0000] {processor.py:830} INFO - Processing file /home/airflow/.local/lib/python3.12/site-packages/airflow/example_dags/example_latest_only_with_trigger.py for tasks to queue
[2026-02-05T13:15:21.675+0000] {logging_mixin.py:188} INFO - [2026-02-05T13:15:21.675+0000] {dagbag.py:540} INFO - Filling up the DagBag from /home/airflow/.local/lib/python3.12/site-packages/airflow/example_dags/example_latest_only_with_trigger.py
[2026-02-05T13:15:21.678+0000] {processor.py:840} INFO - DAG(s) 'latest_only_with_trigger' retrieved from /home/airflow/.local/lib/python3.12/site-packages/airflow/example_dags/example_latest_only_with_trigger.py
[2026-02-05T13:15:21.691+0000] {logging_mixin.py:188} INFO - [2026-02-05T13:15:21.691+0000] {dag.py:3096} INFO - Sync 1 DAGs
[2026-02-05T13:15:21.702+0000] {logging_mixin.py:188} INFO - [2026-02-05T13:15:21.702+0000] {dag.py:3954} INFO - Setting next_dagrun for latest_only_with_trigger to 2026-02-05 08:00:00+00:00, run_after=2026-02-05 12:00:00+00:00
[2026-02-05T13:15:21.712+0000] {processor.py:183} INFO - Processing /home/airflow/.local/lib/python3.12/site-packages/airflow/example_dags/example_latest_only_with_trigger.py took 0.044 seconds
[2026-02-05T13:15:52.496+0000] {processor.py:161} INFO - Started process (PID=2391) to work on /home/airflow/.local/lib/python3.12/site-packages/airflow/example_dags/example_latest_only_with_trigger.py
[2026-02-05T13:15:52.496+0000] {processor.py:830} INFO - Processing file /home/airflow/.local/lib/python3.12/site-packages/airflow/example_dags/example_latest_only_with_trigger.py for tasks to queue
[2026-02-05T13:15:52.497+0000] {logging_mixin.py:188} INFO - [2026-02-05T13:15:52.497+0000] {dagbag.py:540} INFO - Filling up the DagBag from /home/airflow/.local/lib/python3.12/site-packages/airflow/example_dags/example_latest_only_with_trigger.py
[2026-02-05T13:15:52.500+0000] {processor.py:840} INFO - DAG(s) 'latest_only_with_trigger' retrieved from /home/airflow/.local/lib/python3.12/site-packages/airflow/example_dags/example_latest_only_with_trigger.py
[2026-02-05T13:15:52.515+0000] {logging_mixin.py:188} INFO - [2026-02-05T13:15:52.515+0000] {dag.py:3096} INFO - Sync 1 DAGs
[2026-02-05T13:15:52.528+0000] {logging_mixin.py:188} INFO - [2026-02-05T13:15:52.528+0000] {dag.py:3954} INFO - Setting next_dagrun for latest_only_with_trigger to 2026-02-05 08:00:00+00:00, run_after=2026-02-05 12:00:00+00:00
[2026-02-05T13:15:52.538+0000] {processor.py:183} INFO - Processing /home/airflow/.local/lib/python3.12/site-packages/airflow/example_dags/example_latest_only_with_trigger.py took 0.046 seconds
[2026-02-05T13:16:23.502+0000] {processor.py:161} INFO - Started process (PID=2449) to work on /home/airflow/.local/lib/python3.12/site-packages/airflow/example_dags/example_latest_only_with_trigger.py
[2026-02-05T13:16:23.503+0000] {processor.py:830} INFO - Processing file /home/airflow/.local/lib/python3.12/site-packages/airflow/example_dags/example_latest_only_with_trigger.py for tasks to queue
[2026-02-05T13:16:23.504+0000] {logging_mixin.py:188} INFO - [2026-02-05T13:16:23.504+0000] {dagbag.py:540} INFO - Filling up the DagBag from /home/airflow/.local/lib/python3.12/site-packages/airflow/example_dags/example_latest_only_with_trigger.py
[2026-02-05T13:16:23.508+0000] {processor.py:840} INFO - DAG(s) 'latest_only_with_trigger' retrieved from /home/airflow/.local/lib/python3.12/site-packages/airflow/example_dags/example_latest_only_with_trigger.py
[2026-02-05T13:16:23.522+0000] {logging_mixin.py:188} INFO - [2026-02-05T13:16:23.522+0000] {dag.py:3096} INFO - Sync 1 DAGs
[2026-02-05T13:16:23.534+0000] {logging_mixin.py:188} INFO - [2026-02-05T13:16:23.534+0000] {dag.py:3954} INFO - Setting next_dagrun for latest_only_with_trigger to 2026-02-05 08:00:00+00:00, run_after=2026-02-05 12:00:00+00:00
[2026-02-05T13:16:23.546+0000] {processor.py:183} INFO - Processing /home/airflow/.local/lib/python3.12/site-packages/airflow/example_dags/example_latest_only_with_trigger.py took 0.047 seconds
[2026-02-05T13:16:53.578+0000] {processor.py:161} INFO - Started process (PID=2507) to work on /home/airflow/.local/lib/python3.12/site-packages/airflow/example_dags/example_latest_only_with_trigger.py
[2026-02-05T13:16:53.579+0000] {processor.py:830} INFO - Processing file /home/airflow/.local/lib/python3.12/site-packages/airflow/example_dags/example_latest_only_with_trigger.py for tasks to queue
[2026-02-05T13:16:53.581+0000] {logging_mixin.py:188} INFO - [2026-02-05T13:16:53.581+0000] {dagbag.py:540} INFO - Filling up the DagBag from /home/airflow/.local/lib/python3.12/site-packages/airflow/example_dags/example_latest_only_with_trigger.py
[2026-02-05T13:16:53.588+0000] {processor.py:840} INFO - DAG(s) 'latest_only_with_trigger' retrieved from /home/airflow/.local/lib/python3.12/site-packages/airflow/example_dags/example_latest_only_with_trigger.py
[2026-02-05T13:16:53.603+0000] {logging_mixin.py:188} INFO - [2026-02-05T13:16:53.603+0000] {dag.py:3096} INFO - Sync 1 DAGs
[2026-02-05T13:16:53.619+0000] {logging_mixin.py:188} INFO - [2026-02-05T13:16:53.619+0000] {dag.py:3954} INFO - Setting next_dagrun for latest_only_with_trigger to 2026-02-05 08:00:00+00:00, run_after=2026-02-05 12:00:00+00:00
[2026-02-05T13:16:53.629+0000] {processor.py:183} INFO - Processing /home/airflow/.local/lib/python3.12/site-packages/airflow/example_dags/example_latest_only_with_trigger.py took 0.055 seconds
[2026-02-05T13:17:24.638+0000] {processor.py:161} INFO - Started process (PID=2565) to work on /home/airflow/.local/lib/python3.12/site-packages/airflow/example_dags/example_latest_only_with_trigger.py
[2026-02-05T13:17:24.638+0000] {processor.py:830} INFO - Processing file /home/airflow/.local/lib/python3.12/site-packages/airflow/example_dags/example_latest_only_with_trigger.py for tasks to queue
[2026-02-05T13:17:24.643+0000] {logging_mixin.py:188} INFO - [2026-02-05T13:17:24.642+0000] {dagbag.py:540} INFO - Filling up the DagBag from /home/airflow/.local/lib/python3.12/site-packages/airflow/example_dags/example_latest_only_with_trigger.py
[2026-02-05T13:17:24.647+0000] {processor.py:840} INFO - DAG(s) 'latest_only_with_trigger' retrieved from /home/airflow/.local/lib/python3.12/site-packages/airflow/example_dags/example_latest_only_with_trigger.py
[2026-02-05T13:17:24.666+0000] {logging_mixin.py:188} INFO - [2026-02-05T13:17:24.665+0000] {dag.py:3096} INFO - Sync 1 DAGs
[2026-02-05T13:17:24.678+0000] {logging_mixin.py:188} INFO - [2026-02-05T13:17:24.678+0000] {dag.py:3954} INFO - Setting next_dagrun for latest_only_with_trigger to 2026-02-05 08:00:00+00:00, run_after=2026-02-05 12:00:00+00:00
[2026-02-05T13:17:24.690+0000] {processor.py:183} INFO - Processing /home/airflow/.local/lib/python3.12/site-packages/airflow/example_dags/example_latest_only_with_trigger.py took 0.056 seconds
[2026-02-05T13:17:54.807+0000] {processor.py:161} INFO - Started process (PID=2622) to work on /home/airflow/.local/lib/python3.12/site-packages/airflow/example_dags/example_latest_only_with_trigger.py
[2026-02-05T13:17:54.808+0000] {processor.py:830} INFO - Processing file /home/airflow/.local/lib/python3.12/site-packages/airflow/example_dags/example_latest_only_with_trigger.py for tasks to queue
[2026-02-05T13:17:54.809+0000] {logging_mixin.py:188} INFO - [2026-02-05T13:17:54.809+0000] {dagbag.py:540} INFO - Filling up the DagBag from /home/airflow/.local/lib/python3.12/site-packages/airflow/example_dags/example_latest_only_with_trigger.py
[2026-02-05T13:17:54.812+0000] {processor.py:840} INFO - DAG(s) 'latest_only_with_trigger' retrieved from /home/airflow/.local/lib/python3.12/site-packages/airflow/example_dags/example_latest_only_with_trigger.py
[2026-02-05T13:17:54.833+0000] {logging_mixin.py:188} INFO - [2026-02-05T13:17:54.833+0000] {dag.py:3096} INFO - Sync 1 DAGs
[2026-02-05T13:17:54.846+0000] {logging_mixin.py:188} INFO - [2026-02-05T13:17:54.845+0000] {dag.py:3954} INFO - Setting next_dagrun for latest_only_with_trigger to 2026-02-05 08:00:00+00:00, run_after=2026-02-05 12:00:00+00:00
[2026-02-05T13:17:54.857+0000] {processor.py:183} INFO - Processing /home/airflow/.local/lib/python3.12/site-packages/airflow/example_dags/example_latest_only_with_trigger.py took 0.053 seconds
