[2026-02-05T12:55:34.004+0000] {processor.py:161} INFO - Started process (PID=75) to work on /home/airflow/.local/lib/python3.12/site-packages/airflow/example_dags/example_branch_python_dop_operator_3.py
[2026-02-05T12:55:34.010+0000] {processor.py:830} INFO - Processing file /home/airflow/.local/lib/python3.12/site-packages/airflow/example_dags/example_branch_python_dop_operator_3.py for tasks to queue
[2026-02-05T12:55:34.021+0000] {logging_mixin.py:188} INFO - [2026-02-05T12:55:34.020+0000] {dagbag.py:540} INFO - Filling up the DagBag from /home/airflow/.local/lib/python3.12/site-packages/airflow/example_dags/example_branch_python_dop_operator_3.py
[2026-02-05T12:55:34.038+0000] {processor.py:840} INFO - DAG(s) 'example_branch_dop_operator_v3' retrieved from /home/airflow/.local/lib/python3.12/site-packages/airflow/example_dags/example_branch_python_dop_operator_3.py
[2026-02-05T12:55:34.070+0000] {logging_mixin.py:188} INFO - [2026-02-05T12:55:34.069+0000] {dag.py:3096} INFO - Sync 1 DAGs
[2026-02-05T12:55:34.087+0000] {logging_mixin.py:188} INFO - [2026-02-05T12:55:34.087+0000] {dag.py:3954} INFO - Setting next_dagrun for example_branch_dop_operator_v3 to 2026-02-05 12:54:00+00:00, run_after=2026-02-05 12:55:00+00:00
[2026-02-05T12:55:34.103+0000] {processor.py:183} INFO - Processing /home/airflow/.local/lib/python3.12/site-packages/airflow/example_dags/example_branch_python_dop_operator_3.py took 0.110 seconds
[2026-02-05T12:56:04.830+0000] {processor.py:161} INFO - Started process (PID=133) to work on /home/airflow/.local/lib/python3.12/site-packages/airflow/example_dags/example_branch_python_dop_operator_3.py
[2026-02-05T12:56:04.831+0000] {processor.py:830} INFO - Processing file /home/airflow/.local/lib/python3.12/site-packages/airflow/example_dags/example_branch_python_dop_operator_3.py for tasks to queue
[2026-02-05T12:56:04.833+0000] {logging_mixin.py:188} INFO - [2026-02-05T12:56:04.833+0000] {dagbag.py:540} INFO - Filling up the DagBag from /home/airflow/.local/lib/python3.12/site-packages/airflow/example_dags/example_branch_python_dop_operator_3.py
[2026-02-05T12:56:04.839+0000] {processor.py:840} INFO - DAG(s) 'example_branch_dop_operator_v3' retrieved from /home/airflow/.local/lib/python3.12/site-packages/airflow/example_dags/example_branch_python_dop_operator_3.py
[2026-02-05T12:56:04.893+0000] {logging_mixin.py:188} INFO - [2026-02-05T12:56:04.893+0000] {dag.py:3096} INFO - Sync 1 DAGs
[2026-02-05T12:56:04.905+0000] {logging_mixin.py:188} INFO - [2026-02-05T12:56:04.905+0000] {dag.py:3954} INFO - Setting next_dagrun for example_branch_dop_operator_v3 to 2026-02-05 12:55:00+00:00, run_after=2026-02-05 12:56:00+00:00
[2026-02-05T12:56:04.917+0000] {processor.py:183} INFO - Processing /home/airflow/.local/lib/python3.12/site-packages/airflow/example_dags/example_branch_python_dop_operator_3.py took 0.090 seconds
[2026-02-05T12:56:35.622+0000] {processor.py:161} INFO - Started process (PID=191) to work on /home/airflow/.local/lib/python3.12/site-packages/airflow/example_dags/example_branch_python_dop_operator_3.py
[2026-02-05T12:56:35.623+0000] {processor.py:830} INFO - Processing file /home/airflow/.local/lib/python3.12/site-packages/airflow/example_dags/example_branch_python_dop_operator_3.py for tasks to queue
[2026-02-05T12:56:35.625+0000] {logging_mixin.py:188} INFO - [2026-02-05T12:56:35.625+0000] {dagbag.py:540} INFO - Filling up the DagBag from /home/airflow/.local/lib/python3.12/site-packages/airflow/example_dags/example_branch_python_dop_operator_3.py
[2026-02-05T12:56:35.630+0000] {processor.py:840} INFO - DAG(s) 'example_branch_dop_operator_v3' retrieved from /home/airflow/.local/lib/python3.12/site-packages/airflow/example_dags/example_branch_python_dop_operator_3.py
[2026-02-05T12:56:35.645+0000] {logging_mixin.py:188} INFO - [2026-02-05T12:56:35.645+0000] {dag.py:3096} INFO - Sync 1 DAGs
[2026-02-05T12:56:35.676+0000] {logging_mixin.py:188} INFO - [2026-02-05T12:56:35.676+0000] {dag.py:3954} INFO - Setting next_dagrun for example_branch_dop_operator_v3 to 2026-02-05 12:55:00+00:00, run_after=2026-02-05 12:56:00+00:00
[2026-02-05T12:56:35.689+0000] {processor.py:183} INFO - Processing /home/airflow/.local/lib/python3.12/site-packages/airflow/example_dags/example_branch_python_dop_operator_3.py took 0.070 seconds
[2026-02-05T12:57:05.747+0000] {processor.py:161} INFO - Started process (PID=249) to work on /home/airflow/.local/lib/python3.12/site-packages/airflow/example_dags/example_branch_python_dop_operator_3.py
[2026-02-05T12:57:05.748+0000] {processor.py:830} INFO - Processing file /home/airflow/.local/lib/python3.12/site-packages/airflow/example_dags/example_branch_python_dop_operator_3.py for tasks to queue
[2026-02-05T12:57:05.749+0000] {logging_mixin.py:188} INFO - [2026-02-05T12:57:05.749+0000] {dagbag.py:540} INFO - Filling up the DagBag from /home/airflow/.local/lib/python3.12/site-packages/airflow/example_dags/example_branch_python_dop_operator_3.py
[2026-02-05T12:57:05.754+0000] {processor.py:840} INFO - DAG(s) 'example_branch_dop_operator_v3' retrieved from /home/airflow/.local/lib/python3.12/site-packages/airflow/example_dags/example_branch_python_dop_operator_3.py
[2026-02-05T12:57:05.769+0000] {logging_mixin.py:188} INFO - [2026-02-05T12:57:05.769+0000] {dag.py:3096} INFO - Sync 1 DAGs
[2026-02-05T12:57:05.780+0000] {logging_mixin.py:188} INFO - [2026-02-05T12:57:05.780+0000] {dag.py:3954} INFO - Setting next_dagrun for example_branch_dop_operator_v3 to 2026-02-05 12:56:00+00:00, run_after=2026-02-05 12:57:00+00:00
[2026-02-05T12:57:05.790+0000] {processor.py:183} INFO - Processing /home/airflow/.local/lib/python3.12/site-packages/airflow/example_dags/example_branch_python_dop_operator_3.py took 0.046 seconds
[2026-02-05T12:57:36.280+0000] {processor.py:161} INFO - Started process (PID=307) to work on /home/airflow/.local/lib/python3.12/site-packages/airflow/example_dags/example_branch_python_dop_operator_3.py
[2026-02-05T12:57:36.281+0000] {processor.py:830} INFO - Processing file /home/airflow/.local/lib/python3.12/site-packages/airflow/example_dags/example_branch_python_dop_operator_3.py for tasks to queue
[2026-02-05T12:57:36.283+0000] {logging_mixin.py:188} INFO - [2026-02-05T12:57:36.282+0000] {dagbag.py:540} INFO - Filling up the DagBag from /home/airflow/.local/lib/python3.12/site-packages/airflow/example_dags/example_branch_python_dop_operator_3.py
[2026-02-05T12:57:36.287+0000] {processor.py:840} INFO - DAG(s) 'example_branch_dop_operator_v3' retrieved from /home/airflow/.local/lib/python3.12/site-packages/airflow/example_dags/example_branch_python_dop_operator_3.py
[2026-02-05T12:57:36.302+0000] {logging_mixin.py:188} INFO - [2026-02-05T12:57:36.302+0000] {dag.py:3096} INFO - Sync 1 DAGs
[2026-02-05T12:57:36.315+0000] {logging_mixin.py:188} INFO - [2026-02-05T12:57:36.315+0000] {dag.py:3954} INFO - Setting next_dagrun for example_branch_dop_operator_v3 to 2026-02-05 12:56:00+00:00, run_after=2026-02-05 12:57:00+00:00
[2026-02-05T12:57:36.325+0000] {processor.py:183} INFO - Processing /home/airflow/.local/lib/python3.12/site-packages/airflow/example_dags/example_branch_python_dop_operator_3.py took 0.048 seconds
[2026-02-05T12:58:06.656+0000] {processor.py:161} INFO - Started process (PID=365) to work on /home/airflow/.local/lib/python3.12/site-packages/airflow/example_dags/example_branch_python_dop_operator_3.py
[2026-02-05T12:58:06.659+0000] {processor.py:830} INFO - Processing file /home/airflow/.local/lib/python3.12/site-packages/airflow/example_dags/example_branch_python_dop_operator_3.py for tasks to queue
[2026-02-05T12:58:06.662+0000] {logging_mixin.py:188} INFO - [2026-02-05T12:58:06.661+0000] {dagbag.py:540} INFO - Filling up the DagBag from /home/airflow/.local/lib/python3.12/site-packages/airflow/example_dags/example_branch_python_dop_operator_3.py
[2026-02-05T12:58:06.667+0000] {processor.py:840} INFO - DAG(s) 'example_branch_dop_operator_v3' retrieved from /home/airflow/.local/lib/python3.12/site-packages/airflow/example_dags/example_branch_python_dop_operator_3.py
[2026-02-05T12:58:06.683+0000] {logging_mixin.py:188} INFO - [2026-02-05T12:58:06.683+0000] {dag.py:3096} INFO - Sync 1 DAGs
[2026-02-05T12:58:06.698+0000] {logging_mixin.py:188} INFO - [2026-02-05T12:58:06.698+0000] {dag.py:3954} INFO - Setting next_dagrun for example_branch_dop_operator_v3 to 2026-02-05 12:57:00+00:00, run_after=2026-02-05 12:58:00+00:00
[2026-02-05T12:58:06.710+0000] {processor.py:183} INFO - Processing /home/airflow/.local/lib/python3.12/site-packages/airflow/example_dags/example_branch_python_dop_operator_3.py took 0.057 seconds
[2026-02-05T12:58:36.730+0000] {processor.py:161} INFO - Started process (PID=423) to work on /home/airflow/.local/lib/python3.12/site-packages/airflow/example_dags/example_branch_python_dop_operator_3.py
[2026-02-05T12:58:36.733+0000] {processor.py:830} INFO - Processing file /home/airflow/.local/lib/python3.12/site-packages/airflow/example_dags/example_branch_python_dop_operator_3.py for tasks to queue
[2026-02-05T12:58:36.735+0000] {logging_mixin.py:188} INFO - [2026-02-05T12:58:36.734+0000] {dagbag.py:540} INFO - Filling up the DagBag from /home/airflow/.local/lib/python3.12/site-packages/airflow/example_dags/example_branch_python_dop_operator_3.py
[2026-02-05T12:58:36.740+0000] {processor.py:840} INFO - DAG(s) 'example_branch_dop_operator_v3' retrieved from /home/airflow/.local/lib/python3.12/site-packages/airflow/example_dags/example_branch_python_dop_operator_3.py
[2026-02-05T12:58:36.752+0000] {logging_mixin.py:188} INFO - [2026-02-05T12:58:36.752+0000] {dag.py:3096} INFO - Sync 1 DAGs
[2026-02-05T12:58:36.766+0000] {logging_mixin.py:188} INFO - [2026-02-05T12:58:36.766+0000] {dag.py:3954} INFO - Setting next_dagrun for example_branch_dop_operator_v3 to 2026-02-05 12:57:00+00:00, run_after=2026-02-05 12:58:00+00:00
[2026-02-05T12:58:36.778+0000] {processor.py:183} INFO - Processing /home/airflow/.local/lib/python3.12/site-packages/airflow/example_dags/example_branch_python_dop_operator_3.py took 0.051 seconds
[2026-02-05T12:59:06.841+0000] {processor.py:161} INFO - Started process (PID=490) to work on /home/airflow/.local/lib/python3.12/site-packages/airflow/example_dags/example_branch_python_dop_operator_3.py
[2026-02-05T12:59:06.843+0000] {processor.py:830} INFO - Processing file /home/airflow/.local/lib/python3.12/site-packages/airflow/example_dags/example_branch_python_dop_operator_3.py for tasks to queue
[2026-02-05T12:59:06.845+0000] {logging_mixin.py:188} INFO - [2026-02-05T12:59:06.845+0000] {dagbag.py:540} INFO - Filling up the DagBag from /home/airflow/.local/lib/python3.12/site-packages/airflow/example_dags/example_branch_python_dop_operator_3.py
[2026-02-05T12:59:06.850+0000] {processor.py:840} INFO - DAG(s) 'example_branch_dop_operator_v3' retrieved from /home/airflow/.local/lib/python3.12/site-packages/airflow/example_dags/example_branch_python_dop_operator_3.py
[2026-02-05T12:59:06.862+0000] {logging_mixin.py:188} INFO - [2026-02-05T12:59:06.862+0000] {dag.py:3096} INFO - Sync 1 DAGs
[2026-02-05T12:59:06.875+0000] {logging_mixin.py:188} INFO - [2026-02-05T12:59:06.875+0000] {dag.py:3954} INFO - Setting next_dagrun for example_branch_dop_operator_v3 to 2026-02-05 12:58:00+00:00, run_after=2026-02-05 12:59:00+00:00
[2026-02-05T12:59:06.886+0000] {processor.py:183} INFO - Processing /home/airflow/.local/lib/python3.12/site-packages/airflow/example_dags/example_branch_python_dop_operator_3.py took 0.049 seconds
[2026-02-05T12:59:37.083+0000] {processor.py:161} INFO - Started process (PID=549) to work on /home/airflow/.local/lib/python3.12/site-packages/airflow/example_dags/example_branch_python_dop_operator_3.py
[2026-02-05T12:59:37.086+0000] {processor.py:830} INFO - Processing file /home/airflow/.local/lib/python3.12/site-packages/airflow/example_dags/example_branch_python_dop_operator_3.py for tasks to queue
[2026-02-05T12:59:37.088+0000] {logging_mixin.py:188} INFO - [2026-02-05T12:59:37.087+0000] {dagbag.py:540} INFO - Filling up the DagBag from /home/airflow/.local/lib/python3.12/site-packages/airflow/example_dags/example_branch_python_dop_operator_3.py
[2026-02-05T12:59:37.092+0000] {processor.py:840} INFO - DAG(s) 'example_branch_dop_operator_v3' retrieved from /home/airflow/.local/lib/python3.12/site-packages/airflow/example_dags/example_branch_python_dop_operator_3.py
[2026-02-05T12:59:37.103+0000] {logging_mixin.py:188} INFO - [2026-02-05T12:59:37.103+0000] {dag.py:3096} INFO - Sync 1 DAGs
[2026-02-05T12:59:37.116+0000] {logging_mixin.py:188} INFO - [2026-02-05T12:59:37.116+0000] {dag.py:3954} INFO - Setting next_dagrun for example_branch_dop_operator_v3 to 2026-02-05 12:58:00+00:00, run_after=2026-02-05 12:59:00+00:00
[2026-02-05T12:59:37.127+0000] {processor.py:183} INFO - Processing /home/airflow/.local/lib/python3.12/site-packages/airflow/example_dags/example_branch_python_dop_operator_3.py took 0.047 seconds
[2026-02-05T13:00:07.336+0000] {processor.py:161} INFO - Started process (PID=607) to work on /home/airflow/.local/lib/python3.12/site-packages/airflow/example_dags/example_branch_python_dop_operator_3.py
[2026-02-05T13:00:07.338+0000] {processor.py:830} INFO - Processing file /home/airflow/.local/lib/python3.12/site-packages/airflow/example_dags/example_branch_python_dop_operator_3.py for tasks to queue
[2026-02-05T13:00:07.339+0000] {logging_mixin.py:188} INFO - [2026-02-05T13:00:07.339+0000] {dagbag.py:540} INFO - Filling up the DagBag from /home/airflow/.local/lib/python3.12/site-packages/airflow/example_dags/example_branch_python_dop_operator_3.py
[2026-02-05T13:00:07.343+0000] {processor.py:840} INFO - DAG(s) 'example_branch_dop_operator_v3' retrieved from /home/airflow/.local/lib/python3.12/site-packages/airflow/example_dags/example_branch_python_dop_operator_3.py
[2026-02-05T13:00:07.356+0000] {logging_mixin.py:188} INFO - [2026-02-05T13:00:07.356+0000] {dag.py:3096} INFO - Sync 1 DAGs
[2026-02-05T13:00:07.369+0000] {logging_mixin.py:188} INFO - [2026-02-05T13:00:07.369+0000] {dag.py:3954} INFO - Setting next_dagrun for example_branch_dop_operator_v3 to 2026-02-05 12:59:00+00:00, run_after=2026-02-05 13:00:00+00:00
[2026-02-05T13:00:07.380+0000] {processor.py:183} INFO - Processing /home/airflow/.local/lib/python3.12/site-packages/airflow/example_dags/example_branch_python_dop_operator_3.py took 0.047 seconds
[2026-02-05T13:00:37.566+0000] {processor.py:161} INFO - Started process (PID=665) to work on /home/airflow/.local/lib/python3.12/site-packages/airflow/example_dags/example_branch_python_dop_operator_3.py
[2026-02-05T13:00:37.567+0000] {processor.py:830} INFO - Processing file /home/airflow/.local/lib/python3.12/site-packages/airflow/example_dags/example_branch_python_dop_operator_3.py for tasks to queue
[2026-02-05T13:00:37.568+0000] {logging_mixin.py:188} INFO - [2026-02-05T13:00:37.568+0000] {dagbag.py:540} INFO - Filling up the DagBag from /home/airflow/.local/lib/python3.12/site-packages/airflow/example_dags/example_branch_python_dop_operator_3.py
[2026-02-05T13:00:37.574+0000] {processor.py:840} INFO - DAG(s) 'example_branch_dop_operator_v3' retrieved from /home/airflow/.local/lib/python3.12/site-packages/airflow/example_dags/example_branch_python_dop_operator_3.py
[2026-02-05T13:00:37.585+0000] {logging_mixin.py:188} INFO - [2026-02-05T13:00:37.585+0000] {dag.py:3096} INFO - Sync 1 DAGs
[2026-02-05T13:00:37.598+0000] {logging_mixin.py:188} INFO - [2026-02-05T13:00:37.598+0000] {dag.py:3954} INFO - Setting next_dagrun for example_branch_dop_operator_v3 to 2026-02-05 12:59:00+00:00, run_after=2026-02-05 13:00:00+00:00
[2026-02-05T13:00:37.609+0000] {processor.py:183} INFO - Processing /home/airflow/.local/lib/python3.12/site-packages/airflow/example_dags/example_branch_python_dop_operator_3.py took 0.046 seconds
[2026-02-05T13:01:08.563+0000] {processor.py:161} INFO - Started process (PID=723) to work on /home/airflow/.local/lib/python3.12/site-packages/airflow/example_dags/example_branch_python_dop_operator_3.py
[2026-02-05T13:01:08.564+0000] {processor.py:830} INFO - Processing file /home/airflow/.local/lib/python3.12/site-packages/airflow/example_dags/example_branch_python_dop_operator_3.py for tasks to queue
[2026-02-05T13:01:08.565+0000] {logging_mixin.py:188} INFO - [2026-02-05T13:01:08.565+0000] {dagbag.py:540} INFO - Filling up the DagBag from /home/airflow/.local/lib/python3.12/site-packages/airflow/example_dags/example_branch_python_dop_operator_3.py
[2026-02-05T13:01:08.570+0000] {processor.py:840} INFO - DAG(s) 'example_branch_dop_operator_v3' retrieved from /home/airflow/.local/lib/python3.12/site-packages/airflow/example_dags/example_branch_python_dop_operator_3.py
[2026-02-05T13:01:08.580+0000] {logging_mixin.py:188} INFO - [2026-02-05T13:01:08.579+0000] {dag.py:3096} INFO - Sync 1 DAGs
[2026-02-05T13:01:08.590+0000] {logging_mixin.py:188} INFO - [2026-02-05T13:01:08.590+0000] {dag.py:3954} INFO - Setting next_dagrun for example_branch_dop_operator_v3 to 2026-02-05 13:00:00+00:00, run_after=2026-02-05 13:01:00+00:00
[2026-02-05T13:01:08.598+0000] {processor.py:183} INFO - Processing /home/airflow/.local/lib/python3.12/site-packages/airflow/example_dags/example_branch_python_dop_operator_3.py took 0.038 seconds
[2026-02-05T13:01:38.813+0000] {processor.py:161} INFO - Started process (PID=781) to work on /home/airflow/.local/lib/python3.12/site-packages/airflow/example_dags/example_branch_python_dop_operator_3.py
[2026-02-05T13:01:38.814+0000] {processor.py:830} INFO - Processing file /home/airflow/.local/lib/python3.12/site-packages/airflow/example_dags/example_branch_python_dop_operator_3.py for tasks to queue
[2026-02-05T13:01:38.815+0000] {logging_mixin.py:188} INFO - [2026-02-05T13:01:38.814+0000] {dagbag.py:540} INFO - Filling up the DagBag from /home/airflow/.local/lib/python3.12/site-packages/airflow/example_dags/example_branch_python_dop_operator_3.py
[2026-02-05T13:01:38.820+0000] {processor.py:840} INFO - DAG(s) 'example_branch_dop_operator_v3' retrieved from /home/airflow/.local/lib/python3.12/site-packages/airflow/example_dags/example_branch_python_dop_operator_3.py
[2026-02-05T13:01:38.832+0000] {logging_mixin.py:188} INFO - [2026-02-05T13:01:38.832+0000] {dag.py:3096} INFO - Sync 1 DAGs
[2026-02-05T13:01:38.845+0000] {logging_mixin.py:188} INFO - [2026-02-05T13:01:38.845+0000] {dag.py:3954} INFO - Setting next_dagrun for example_branch_dop_operator_v3 to 2026-02-05 13:00:00+00:00, run_after=2026-02-05 13:01:00+00:00
[2026-02-05T13:01:38.859+0000] {processor.py:183} INFO - Processing /home/airflow/.local/lib/python3.12/site-packages/airflow/example_dags/example_branch_python_dop_operator_3.py took 0.049 seconds
[2026-02-05T13:02:09.197+0000] {processor.py:161} INFO - Started process (PID=838) to work on /home/airflow/.local/lib/python3.12/site-packages/airflow/example_dags/example_branch_python_dop_operator_3.py
[2026-02-05T13:02:09.199+0000] {processor.py:830} INFO - Processing file /home/airflow/.local/lib/python3.12/site-packages/airflow/example_dags/example_branch_python_dop_operator_3.py for tasks to queue
[2026-02-05T13:02:09.201+0000] {logging_mixin.py:188} INFO - [2026-02-05T13:02:09.201+0000] {dagbag.py:540} INFO - Filling up the DagBag from /home/airflow/.local/lib/python3.12/site-packages/airflow/example_dags/example_branch_python_dop_operator_3.py
[2026-02-05T13:02:09.205+0000] {processor.py:840} INFO - DAG(s) 'example_branch_dop_operator_v3' retrieved from /home/airflow/.local/lib/python3.12/site-packages/airflow/example_dags/example_branch_python_dop_operator_3.py
[2026-02-05T13:02:09.217+0000] {logging_mixin.py:188} INFO - [2026-02-05T13:02:09.217+0000] {dag.py:3096} INFO - Sync 1 DAGs
[2026-02-05T13:02:09.229+0000] {logging_mixin.py:188} INFO - [2026-02-05T13:02:09.229+0000] {dag.py:3954} INFO - Setting next_dagrun for example_branch_dop_operator_v3 to 2026-02-05 13:01:00+00:00, run_after=2026-02-05 13:02:00+00:00
[2026-02-05T13:02:09.238+0000] {processor.py:183} INFO - Processing /home/airflow/.local/lib/python3.12/site-packages/airflow/example_dags/example_branch_python_dop_operator_3.py took 0.045 seconds
[2026-02-05T13:02:39.287+0000] {processor.py:161} INFO - Started process (PID=896) to work on /home/airflow/.local/lib/python3.12/site-packages/airflow/example_dags/example_branch_python_dop_operator_3.py
[2026-02-05T13:02:39.289+0000] {processor.py:830} INFO - Processing file /home/airflow/.local/lib/python3.12/site-packages/airflow/example_dags/example_branch_python_dop_operator_3.py for tasks to queue
[2026-02-05T13:02:39.290+0000] {logging_mixin.py:188} INFO - [2026-02-05T13:02:39.290+0000] {dagbag.py:540} INFO - Filling up the DagBag from /home/airflow/.local/lib/python3.12/site-packages/airflow/example_dags/example_branch_python_dop_operator_3.py
[2026-02-05T13:02:39.295+0000] {processor.py:840} INFO - DAG(s) 'example_branch_dop_operator_v3' retrieved from /home/airflow/.local/lib/python3.12/site-packages/airflow/example_dags/example_branch_python_dop_operator_3.py
[2026-02-05T13:02:39.310+0000] {logging_mixin.py:188} INFO - [2026-02-05T13:02:39.310+0000] {dag.py:3096} INFO - Sync 1 DAGs
[2026-02-05T13:02:39.326+0000] {logging_mixin.py:188} INFO - [2026-02-05T13:02:39.326+0000] {dag.py:3954} INFO - Setting next_dagrun for example_branch_dop_operator_v3 to 2026-02-05 13:01:00+00:00, run_after=2026-02-05 13:02:00+00:00
[2026-02-05T13:02:39.344+0000] {processor.py:183} INFO - Processing /home/airflow/.local/lib/python3.12/site-packages/airflow/example_dags/example_branch_python_dop_operator_3.py took 0.059 seconds
[2026-02-05T13:03:09.862+0000] {processor.py:161} INFO - Started process (PID=954) to work on /home/airflow/.local/lib/python3.12/site-packages/airflow/example_dags/example_branch_python_dop_operator_3.py
[2026-02-05T13:03:09.863+0000] {processor.py:830} INFO - Processing file /home/airflow/.local/lib/python3.12/site-packages/airflow/example_dags/example_branch_python_dop_operator_3.py for tasks to queue
[2026-02-05T13:03:09.864+0000] {logging_mixin.py:188} INFO - [2026-02-05T13:03:09.864+0000] {dagbag.py:540} INFO - Filling up the DagBag from /home/airflow/.local/lib/python3.12/site-packages/airflow/example_dags/example_branch_python_dop_operator_3.py
[2026-02-05T13:03:09.869+0000] {processor.py:840} INFO - DAG(s) 'example_branch_dop_operator_v3' retrieved from /home/airflow/.local/lib/python3.12/site-packages/airflow/example_dags/example_branch_python_dop_operator_3.py
[2026-02-05T13:03:09.883+0000] {logging_mixin.py:188} INFO - [2026-02-05T13:03:09.883+0000] {dag.py:3096} INFO - Sync 1 DAGs
[2026-02-05T13:03:09.896+0000] {logging_mixin.py:188} INFO - [2026-02-05T13:03:09.896+0000] {dag.py:3954} INFO - Setting next_dagrun for example_branch_dop_operator_v3 to 2026-02-05 13:02:00+00:00, run_after=2026-02-05 13:03:00+00:00
[2026-02-05T13:03:10.002+0000] {processor.py:183} INFO - Processing /home/airflow/.local/lib/python3.12/site-packages/airflow/example_dags/example_branch_python_dop_operator_3.py took 0.144 seconds
[2026-02-05T13:03:40.532+0000] {processor.py:161} INFO - Started process (PID=1012) to work on /home/airflow/.local/lib/python3.12/site-packages/airflow/example_dags/example_branch_python_dop_operator_3.py
[2026-02-05T13:03:40.532+0000] {processor.py:830} INFO - Processing file /home/airflow/.local/lib/python3.12/site-packages/airflow/example_dags/example_branch_python_dop_operator_3.py for tasks to queue
[2026-02-05T13:03:40.534+0000] {logging_mixin.py:188} INFO - [2026-02-05T13:03:40.533+0000] {dagbag.py:540} INFO - Filling up the DagBag from /home/airflow/.local/lib/python3.12/site-packages/airflow/example_dags/example_branch_python_dop_operator_3.py
[2026-02-05T13:03:40.538+0000] {processor.py:840} INFO - DAG(s) 'example_branch_dop_operator_v3' retrieved from /home/airflow/.local/lib/python3.12/site-packages/airflow/example_dags/example_branch_python_dop_operator_3.py
[2026-02-05T13:03:40.550+0000] {logging_mixin.py:188} INFO - [2026-02-05T13:03:40.549+0000] {dag.py:3096} INFO - Sync 1 DAGs
[2026-02-05T13:03:40.563+0000] {logging_mixin.py:188} INFO - [2026-02-05T13:03:40.563+0000] {dag.py:3954} INFO - Setting next_dagrun for example_branch_dop_operator_v3 to 2026-02-05 13:02:00+00:00, run_after=2026-02-05 13:03:00+00:00
[2026-02-05T13:03:40.573+0000] {processor.py:183} INFO - Processing /home/airflow/.local/lib/python3.12/site-packages/airflow/example_dags/example_branch_python_dop_operator_3.py took 0.044 seconds
[2026-02-05T13:04:10.609+0000] {processor.py:161} INFO - Started process (PID=1070) to work on /home/airflow/.local/lib/python3.12/site-packages/airflow/example_dags/example_branch_python_dop_operator_3.py
[2026-02-05T13:04:10.610+0000] {processor.py:830} INFO - Processing file /home/airflow/.local/lib/python3.12/site-packages/airflow/example_dags/example_branch_python_dop_operator_3.py for tasks to queue
[2026-02-05T13:04:10.611+0000] {logging_mixin.py:188} INFO - [2026-02-05T13:04:10.611+0000] {dagbag.py:540} INFO - Filling up the DagBag from /home/airflow/.local/lib/python3.12/site-packages/airflow/example_dags/example_branch_python_dop_operator_3.py
[2026-02-05T13:04:10.616+0000] {processor.py:840} INFO - DAG(s) 'example_branch_dop_operator_v3' retrieved from /home/airflow/.local/lib/python3.12/site-packages/airflow/example_dags/example_branch_python_dop_operator_3.py
[2026-02-05T13:04:10.629+0000] {logging_mixin.py:188} INFO - [2026-02-05T13:04:10.629+0000] {dag.py:3096} INFO - Sync 1 DAGs
[2026-02-05T13:04:10.642+0000] {logging_mixin.py:188} INFO - [2026-02-05T13:04:10.642+0000] {dag.py:3954} INFO - Setting next_dagrun for example_branch_dop_operator_v3 to 2026-02-05 13:03:00+00:00, run_after=2026-02-05 13:04:00+00:00
[2026-02-05T13:04:10.652+0000] {processor.py:183} INFO - Processing /home/airflow/.local/lib/python3.12/site-packages/airflow/example_dags/example_branch_python_dop_operator_3.py took 0.046 seconds
[2026-02-05T13:04:40.980+0000] {processor.py:161} INFO - Started process (PID=1128) to work on /home/airflow/.local/lib/python3.12/site-packages/airflow/example_dags/example_branch_python_dop_operator_3.py
[2026-02-05T13:04:40.984+0000] {processor.py:830} INFO - Processing file /home/airflow/.local/lib/python3.12/site-packages/airflow/example_dags/example_branch_python_dop_operator_3.py for tasks to queue
[2026-02-05T13:04:40.985+0000] {logging_mixin.py:188} INFO - [2026-02-05T13:04:40.985+0000] {dagbag.py:540} INFO - Filling up the DagBag from /home/airflow/.local/lib/python3.12/site-packages/airflow/example_dags/example_branch_python_dop_operator_3.py
[2026-02-05T13:04:40.990+0000] {processor.py:840} INFO - DAG(s) 'example_branch_dop_operator_v3' retrieved from /home/airflow/.local/lib/python3.12/site-packages/airflow/example_dags/example_branch_python_dop_operator_3.py
[2026-02-05T13:04:41.004+0000] {logging_mixin.py:188} INFO - [2026-02-05T13:04:41.004+0000] {dag.py:3096} INFO - Sync 1 DAGs
[2026-02-05T13:04:41.018+0000] {logging_mixin.py:188} INFO - [2026-02-05T13:04:41.018+0000] {dag.py:3954} INFO - Setting next_dagrun for example_branch_dop_operator_v3 to 2026-02-05 13:03:00+00:00, run_after=2026-02-05 13:04:00+00:00
[2026-02-05T13:04:41.029+0000] {processor.py:183} INFO - Processing /home/airflow/.local/lib/python3.12/site-packages/airflow/example_dags/example_branch_python_dop_operator_3.py took 0.052 seconds
[2026-02-05T13:05:11.828+0000] {processor.py:161} INFO - Started process (PID=1186) to work on /home/airflow/.local/lib/python3.12/site-packages/airflow/example_dags/example_branch_python_dop_operator_3.py
[2026-02-05T13:05:11.828+0000] {processor.py:830} INFO - Processing file /home/airflow/.local/lib/python3.12/site-packages/airflow/example_dags/example_branch_python_dop_operator_3.py for tasks to queue
[2026-02-05T13:05:11.830+0000] {logging_mixin.py:188} INFO - [2026-02-05T13:05:11.829+0000] {dagbag.py:540} INFO - Filling up the DagBag from /home/airflow/.local/lib/python3.12/site-packages/airflow/example_dags/example_branch_python_dop_operator_3.py
[2026-02-05T13:05:11.835+0000] {processor.py:840} INFO - DAG(s) 'example_branch_dop_operator_v3' retrieved from /home/airflow/.local/lib/python3.12/site-packages/airflow/example_dags/example_branch_python_dop_operator_3.py
[2026-02-05T13:05:11.845+0000] {logging_mixin.py:188} INFO - [2026-02-05T13:05:11.845+0000] {dag.py:3096} INFO - Sync 1 DAGs
[2026-02-05T13:05:11.857+0000] {logging_mixin.py:188} INFO - [2026-02-05T13:05:11.857+0000] {dag.py:3954} INFO - Setting next_dagrun for example_branch_dop_operator_v3 to 2026-02-05 13:04:00+00:00, run_after=2026-02-05 13:05:00+00:00
[2026-02-05T13:05:11.866+0000] {processor.py:183} INFO - Processing /home/airflow/.local/lib/python3.12/site-packages/airflow/example_dags/example_branch_python_dop_operator_3.py took 0.041 seconds
[2026-02-05T13:05:42.793+0000] {processor.py:161} INFO - Started process (PID=1244) to work on /home/airflow/.local/lib/python3.12/site-packages/airflow/example_dags/example_branch_python_dop_operator_3.py
[2026-02-05T13:05:42.794+0000] {processor.py:830} INFO - Processing file /home/airflow/.local/lib/python3.12/site-packages/airflow/example_dags/example_branch_python_dop_operator_3.py for tasks to queue
[2026-02-05T13:05:42.796+0000] {logging_mixin.py:188} INFO - [2026-02-05T13:05:42.795+0000] {dagbag.py:540} INFO - Filling up the DagBag from /home/airflow/.local/lib/python3.12/site-packages/airflow/example_dags/example_branch_python_dop_operator_3.py
[2026-02-05T13:05:42.803+0000] {processor.py:840} INFO - DAG(s) 'example_branch_dop_operator_v3' retrieved from /home/airflow/.local/lib/python3.12/site-packages/airflow/example_dags/example_branch_python_dop_operator_3.py
[2026-02-05T13:05:42.815+0000] {logging_mixin.py:188} INFO - [2026-02-05T13:05:42.815+0000] {dag.py:3096} INFO - Sync 1 DAGs
[2026-02-05T13:05:42.933+0000] {logging_mixin.py:188} INFO - [2026-02-05T13:05:42.933+0000] {dag.py:3954} INFO - Setting next_dagrun for example_branch_dop_operator_v3 to 2026-02-05 13:04:00+00:00, run_after=2026-02-05 13:05:00+00:00
[2026-02-05T13:05:42.942+0000] {processor.py:183} INFO - Processing /home/airflow/.local/lib/python3.12/site-packages/airflow/example_dags/example_branch_python_dop_operator_3.py took 0.154 seconds
[2026-02-05T13:06:13.748+0000] {processor.py:161} INFO - Started process (PID=1301) to work on /home/airflow/.local/lib/python3.12/site-packages/airflow/example_dags/example_branch_python_dop_operator_3.py
[2026-02-05T13:06:13.748+0000] {processor.py:830} INFO - Processing file /home/airflow/.local/lib/python3.12/site-packages/airflow/example_dags/example_branch_python_dop_operator_3.py for tasks to queue
[2026-02-05T13:06:13.749+0000] {logging_mixin.py:188} INFO - [2026-02-05T13:06:13.749+0000] {dagbag.py:540} INFO - Filling up the DagBag from /home/airflow/.local/lib/python3.12/site-packages/airflow/example_dags/example_branch_python_dop_operator_3.py
[2026-02-05T13:06:13.754+0000] {processor.py:840} INFO - DAG(s) 'example_branch_dop_operator_v3' retrieved from /home/airflow/.local/lib/python3.12/site-packages/airflow/example_dags/example_branch_python_dop_operator_3.py
[2026-02-05T13:06:13.767+0000] {logging_mixin.py:188} INFO - [2026-02-05T13:06:13.766+0000] {dag.py:3096} INFO - Sync 1 DAGs
[2026-02-05T13:06:13.780+0000] {logging_mixin.py:188} INFO - [2026-02-05T13:06:13.780+0000] {dag.py:3954} INFO - Setting next_dagrun for example_branch_dop_operator_v3 to 2026-02-05 13:05:00+00:00, run_after=2026-02-05 13:06:00+00:00
[2026-02-05T13:06:13.789+0000] {processor.py:183} INFO - Processing /home/airflow/.local/lib/python3.12/site-packages/airflow/example_dags/example_branch_python_dop_operator_3.py took 0.045 seconds
[2026-02-05T13:06:43.924+0000] {processor.py:161} INFO - Started process (PID=1359) to work on /home/airflow/.local/lib/python3.12/site-packages/airflow/example_dags/example_branch_python_dop_operator_3.py
[2026-02-05T13:06:43.925+0000] {processor.py:830} INFO - Processing file /home/airflow/.local/lib/python3.12/site-packages/airflow/example_dags/example_branch_python_dop_operator_3.py for tasks to queue
[2026-02-05T13:06:43.927+0000] {logging_mixin.py:188} INFO - [2026-02-05T13:06:43.926+0000] {dagbag.py:540} INFO - Filling up the DagBag from /home/airflow/.local/lib/python3.12/site-packages/airflow/example_dags/example_branch_python_dop_operator_3.py
[2026-02-05T13:06:43.931+0000] {processor.py:840} INFO - DAG(s) 'example_branch_dop_operator_v3' retrieved from /home/airflow/.local/lib/python3.12/site-packages/airflow/example_dags/example_branch_python_dop_operator_3.py
[2026-02-05T13:06:43.942+0000] {logging_mixin.py:188} INFO - [2026-02-05T13:06:43.942+0000] {dag.py:3096} INFO - Sync 1 DAGs
[2026-02-05T13:06:43.954+0000] {logging_mixin.py:188} INFO - [2026-02-05T13:06:43.954+0000] {dag.py:3954} INFO - Setting next_dagrun for example_branch_dop_operator_v3 to 2026-02-05 13:05:00+00:00, run_after=2026-02-05 13:06:00+00:00
[2026-02-05T13:06:43.964+0000] {processor.py:183} INFO - Processing /home/airflow/.local/lib/python3.12/site-packages/airflow/example_dags/example_branch_python_dop_operator_3.py took 0.043 seconds
[2026-02-05T13:07:14.085+0000] {processor.py:161} INFO - Started process (PID=1417) to work on /home/airflow/.local/lib/python3.12/site-packages/airflow/example_dags/example_branch_python_dop_operator_3.py
[2026-02-05T13:07:14.086+0000] {processor.py:830} INFO - Processing file /home/airflow/.local/lib/python3.12/site-packages/airflow/example_dags/example_branch_python_dop_operator_3.py for tasks to queue
[2026-02-05T13:07:14.087+0000] {logging_mixin.py:188} INFO - [2026-02-05T13:07:14.087+0000] {dagbag.py:540} INFO - Filling up the DagBag from /home/airflow/.local/lib/python3.12/site-packages/airflow/example_dags/example_branch_python_dop_operator_3.py
[2026-02-05T13:07:14.092+0000] {processor.py:840} INFO - DAG(s) 'example_branch_dop_operator_v3' retrieved from /home/airflow/.local/lib/python3.12/site-packages/airflow/example_dags/example_branch_python_dop_operator_3.py
[2026-02-05T13:07:14.102+0000] {logging_mixin.py:188} INFO - [2026-02-05T13:07:14.102+0000] {dag.py:3096} INFO - Sync 1 DAGs
[2026-02-05T13:07:14.113+0000] {logging_mixin.py:188} INFO - [2026-02-05T13:07:14.113+0000] {dag.py:3954} INFO - Setting next_dagrun for example_branch_dop_operator_v3 to 2026-02-05 13:06:00+00:00, run_after=2026-02-05 13:07:00+00:00
[2026-02-05T13:07:14.123+0000] {processor.py:183} INFO - Processing /home/airflow/.local/lib/python3.12/site-packages/airflow/example_dags/example_branch_python_dop_operator_3.py took 0.040 seconds
[2026-02-05T13:07:44.268+0000] {processor.py:161} INFO - Started process (PID=1475) to work on /home/airflow/.local/lib/python3.12/site-packages/airflow/example_dags/example_branch_python_dop_operator_3.py
[2026-02-05T13:07:44.269+0000] {processor.py:830} INFO - Processing file /home/airflow/.local/lib/python3.12/site-packages/airflow/example_dags/example_branch_python_dop_operator_3.py for tasks to queue
[2026-02-05T13:07:44.270+0000] {logging_mixin.py:188} INFO - [2026-02-05T13:07:44.270+0000] {dagbag.py:540} INFO - Filling up the DagBag from /home/airflow/.local/lib/python3.12/site-packages/airflow/example_dags/example_branch_python_dop_operator_3.py
[2026-02-05T13:07:44.275+0000] {processor.py:840} INFO - DAG(s) 'example_branch_dop_operator_v3' retrieved from /home/airflow/.local/lib/python3.12/site-packages/airflow/example_dags/example_branch_python_dop_operator_3.py
[2026-02-05T13:07:44.286+0000] {logging_mixin.py:188} INFO - [2026-02-05T13:07:44.286+0000] {dag.py:3096} INFO - Sync 1 DAGs
[2026-02-05T13:07:44.298+0000] {logging_mixin.py:188} INFO - [2026-02-05T13:07:44.298+0000] {dag.py:3954} INFO - Setting next_dagrun for example_branch_dop_operator_v3 to 2026-02-05 13:06:00+00:00, run_after=2026-02-05 13:07:00+00:00
[2026-02-05T13:07:44.307+0000] {processor.py:183} INFO - Processing /home/airflow/.local/lib/python3.12/site-packages/airflow/example_dags/example_branch_python_dop_operator_3.py took 0.043 seconds
[2026-02-05T13:08:14.584+0000] {processor.py:161} INFO - Started process (PID=1533) to work on /home/airflow/.local/lib/python3.12/site-packages/airflow/example_dags/example_branch_python_dop_operator_3.py
[2026-02-05T13:08:14.584+0000] {processor.py:830} INFO - Processing file /home/airflow/.local/lib/python3.12/site-packages/airflow/example_dags/example_branch_python_dop_operator_3.py for tasks to queue
[2026-02-05T13:08:14.586+0000] {logging_mixin.py:188} INFO - [2026-02-05T13:08:14.586+0000] {dagbag.py:540} INFO - Filling up the DagBag from /home/airflow/.local/lib/python3.12/site-packages/airflow/example_dags/example_branch_python_dop_operator_3.py
[2026-02-05T13:08:14.591+0000] {processor.py:840} INFO - DAG(s) 'example_branch_dop_operator_v3' retrieved from /home/airflow/.local/lib/python3.12/site-packages/airflow/example_dags/example_branch_python_dop_operator_3.py
[2026-02-05T13:08:14.606+0000] {logging_mixin.py:188} INFO - [2026-02-05T13:08:14.605+0000] {dag.py:3096} INFO - Sync 1 DAGs
[2026-02-05T13:08:14.620+0000] {logging_mixin.py:188} INFO - [2026-02-05T13:08:14.620+0000] {dag.py:3954} INFO - Setting next_dagrun for example_branch_dop_operator_v3 to 2026-02-05 13:07:00+00:00, run_after=2026-02-05 13:08:00+00:00
[2026-02-05T13:08:14.631+0000] {processor.py:183} INFO - Processing /home/airflow/.local/lib/python3.12/site-packages/airflow/example_dags/example_branch_python_dop_operator_3.py took 0.054 seconds
[2026-02-05T13:08:44.689+0000] {processor.py:161} INFO - Started process (PID=1590) to work on /home/airflow/.local/lib/python3.12/site-packages/airflow/example_dags/example_branch_python_dop_operator_3.py
[2026-02-05T13:08:44.690+0000] {processor.py:830} INFO - Processing file /home/airflow/.local/lib/python3.12/site-packages/airflow/example_dags/example_branch_python_dop_operator_3.py for tasks to queue
[2026-02-05T13:08:44.692+0000] {logging_mixin.py:188} INFO - [2026-02-05T13:08:44.692+0000] {dagbag.py:540} INFO - Filling up the DagBag from /home/airflow/.local/lib/python3.12/site-packages/airflow/example_dags/example_branch_python_dop_operator_3.py
[2026-02-05T13:08:44.698+0000] {processor.py:840} INFO - DAG(s) 'example_branch_dop_operator_v3' retrieved from /home/airflow/.local/lib/python3.12/site-packages/airflow/example_dags/example_branch_python_dop_operator_3.py
[2026-02-05T13:08:44.710+0000] {logging_mixin.py:188} INFO - [2026-02-05T13:08:44.710+0000] {dag.py:3096} INFO - Sync 1 DAGs
[2026-02-05T13:08:44.726+0000] {logging_mixin.py:188} INFO - [2026-02-05T13:08:44.726+0000] {dag.py:3954} INFO - Setting next_dagrun for example_branch_dop_operator_v3 to 2026-02-05 13:07:00+00:00, run_after=2026-02-05 13:08:00+00:00
[2026-02-05T13:08:44.737+0000] {processor.py:183} INFO - Processing /home/airflow/.local/lib/python3.12/site-packages/airflow/example_dags/example_branch_python_dop_operator_3.py took 0.053 seconds
[2026-02-05T13:09:14.783+0000] {processor.py:161} INFO - Started process (PID=1648) to work on /home/airflow/.local/lib/python3.12/site-packages/airflow/example_dags/example_branch_python_dop_operator_3.py
[2026-02-05T13:09:14.784+0000] {processor.py:830} INFO - Processing file /home/airflow/.local/lib/python3.12/site-packages/airflow/example_dags/example_branch_python_dop_operator_3.py for tasks to queue
[2026-02-05T13:09:14.785+0000] {logging_mixin.py:188} INFO - [2026-02-05T13:09:14.785+0000] {dagbag.py:540} INFO - Filling up the DagBag from /home/airflow/.local/lib/python3.12/site-packages/airflow/example_dags/example_branch_python_dop_operator_3.py
[2026-02-05T13:09:14.789+0000] {processor.py:840} INFO - DAG(s) 'example_branch_dop_operator_v3' retrieved from /home/airflow/.local/lib/python3.12/site-packages/airflow/example_dags/example_branch_python_dop_operator_3.py
[2026-02-05T13:09:14.798+0000] {logging_mixin.py:188} INFO - [2026-02-05T13:09:14.798+0000] {dag.py:3096} INFO - Sync 1 DAGs
[2026-02-05T13:09:14.811+0000] {logging_mixin.py:188} INFO - [2026-02-05T13:09:14.810+0000] {dag.py:3954} INFO - Setting next_dagrun for example_branch_dop_operator_v3 to 2026-02-05 13:08:00+00:00, run_after=2026-02-05 13:09:00+00:00
[2026-02-05T13:09:14.821+0000] {processor.py:183} INFO - Processing /home/airflow/.local/lib/python3.12/site-packages/airflow/example_dags/example_branch_python_dop_operator_3.py took 0.041 seconds
[2026-02-05T13:09:45.250+0000] {processor.py:161} INFO - Started process (PID=1706) to work on /home/airflow/.local/lib/python3.12/site-packages/airflow/example_dags/example_branch_python_dop_operator_3.py
[2026-02-05T13:09:45.251+0000] {processor.py:830} INFO - Processing file /home/airflow/.local/lib/python3.12/site-packages/airflow/example_dags/example_branch_python_dop_operator_3.py for tasks to queue
[2026-02-05T13:09:45.253+0000] {logging_mixin.py:188} INFO - [2026-02-05T13:09:45.253+0000] {dagbag.py:540} INFO - Filling up the DagBag from /home/airflow/.local/lib/python3.12/site-packages/airflow/example_dags/example_branch_python_dop_operator_3.py
[2026-02-05T13:09:45.258+0000] {processor.py:840} INFO - DAG(s) 'example_branch_dop_operator_v3' retrieved from /home/airflow/.local/lib/python3.12/site-packages/airflow/example_dags/example_branch_python_dop_operator_3.py
[2026-02-05T13:09:45.274+0000] {logging_mixin.py:188} INFO - [2026-02-05T13:09:45.274+0000] {dag.py:3096} INFO - Sync 1 DAGs
[2026-02-05T13:09:45.292+0000] {logging_mixin.py:188} INFO - [2026-02-05T13:09:45.292+0000] {dag.py:3954} INFO - Setting next_dagrun for example_branch_dop_operator_v3 to 2026-02-05 13:08:00+00:00, run_after=2026-02-05 13:09:00+00:00
[2026-02-05T13:09:45.307+0000] {processor.py:183} INFO - Processing /home/airflow/.local/lib/python3.12/site-packages/airflow/example_dags/example_branch_python_dop_operator_3.py took 0.060 seconds
[2026-02-05T13:10:15.493+0000] {processor.py:161} INFO - Started process (PID=1763) to work on /home/airflow/.local/lib/python3.12/site-packages/airflow/example_dags/example_branch_python_dop_operator_3.py
[2026-02-05T13:10:15.493+0000] {processor.py:830} INFO - Processing file /home/airflow/.local/lib/python3.12/site-packages/airflow/example_dags/example_branch_python_dop_operator_3.py for tasks to queue
[2026-02-05T13:10:15.495+0000] {logging_mixin.py:188} INFO - [2026-02-05T13:10:15.494+0000] {dagbag.py:540} INFO - Filling up the DagBag from /home/airflow/.local/lib/python3.12/site-packages/airflow/example_dags/example_branch_python_dop_operator_3.py
[2026-02-05T13:10:15.501+0000] {processor.py:840} INFO - DAG(s) 'example_branch_dop_operator_v3' retrieved from /home/airflow/.local/lib/python3.12/site-packages/airflow/example_dags/example_branch_python_dop_operator_3.py
[2026-02-05T13:10:15.513+0000] {logging_mixin.py:188} INFO - [2026-02-05T13:10:15.513+0000] {dag.py:3096} INFO - Sync 1 DAGs
[2026-02-05T13:10:15.526+0000] {logging_mixin.py:188} INFO - [2026-02-05T13:10:15.526+0000] {dag.py:3954} INFO - Setting next_dagrun for example_branch_dop_operator_v3 to 2026-02-05 13:09:00+00:00, run_after=2026-02-05 13:10:00+00:00
[2026-02-05T13:10:15.536+0000] {processor.py:183} INFO - Processing /home/airflow/.local/lib/python3.12/site-packages/airflow/example_dags/example_branch_python_dop_operator_3.py took 0.049 seconds
[2026-02-05T13:10:45.570+0000] {processor.py:161} INFO - Started process (PID=1821) to work on /home/airflow/.local/lib/python3.12/site-packages/airflow/example_dags/example_branch_python_dop_operator_3.py
[2026-02-05T13:10:45.573+0000] {processor.py:830} INFO - Processing file /home/airflow/.local/lib/python3.12/site-packages/airflow/example_dags/example_branch_python_dop_operator_3.py for tasks to queue
[2026-02-05T13:10:45.576+0000] {logging_mixin.py:188} INFO - [2026-02-05T13:10:45.575+0000] {dagbag.py:540} INFO - Filling up the DagBag from /home/airflow/.local/lib/python3.12/site-packages/airflow/example_dags/example_branch_python_dop_operator_3.py
[2026-02-05T13:10:45.581+0000] {processor.py:840} INFO - DAG(s) 'example_branch_dop_operator_v3' retrieved from /home/airflow/.local/lib/python3.12/site-packages/airflow/example_dags/example_branch_python_dop_operator_3.py
[2026-02-05T13:10:45.592+0000] {logging_mixin.py:188} INFO - [2026-02-05T13:10:45.592+0000] {dag.py:3096} INFO - Sync 1 DAGs
[2026-02-05T13:10:45.603+0000] {logging_mixin.py:188} INFO - [2026-02-05T13:10:45.603+0000] {dag.py:3954} INFO - Setting next_dagrun for example_branch_dop_operator_v3 to 2026-02-05 13:09:00+00:00, run_after=2026-02-05 13:10:00+00:00
[2026-02-05T13:10:45.612+0000] {processor.py:183} INFO - Processing /home/airflow/.local/lib/python3.12/site-packages/airflow/example_dags/example_branch_python_dop_operator_3.py took 0.046 seconds
[2026-02-05T13:11:16.450+0000] {processor.py:161} INFO - Started process (PID=1879) to work on /home/airflow/.local/lib/python3.12/site-packages/airflow/example_dags/example_branch_python_dop_operator_3.py
[2026-02-05T13:11:16.450+0000] {processor.py:830} INFO - Processing file /home/airflow/.local/lib/python3.12/site-packages/airflow/example_dags/example_branch_python_dop_operator_3.py for tasks to queue
[2026-02-05T13:11:16.452+0000] {logging_mixin.py:188} INFO - [2026-02-05T13:11:16.451+0000] {dagbag.py:540} INFO - Filling up the DagBag from /home/airflow/.local/lib/python3.12/site-packages/airflow/example_dags/example_branch_python_dop_operator_3.py
[2026-02-05T13:11:16.457+0000] {processor.py:840} INFO - DAG(s) 'example_branch_dop_operator_v3' retrieved from /home/airflow/.local/lib/python3.12/site-packages/airflow/example_dags/example_branch_python_dop_operator_3.py
[2026-02-05T13:11:16.469+0000] {logging_mixin.py:188} INFO - [2026-02-05T13:11:16.469+0000] {dag.py:3096} INFO - Sync 1 DAGs
[2026-02-05T13:11:16.482+0000] {logging_mixin.py:188} INFO - [2026-02-05T13:11:16.482+0000] {dag.py:3954} INFO - Setting next_dagrun for example_branch_dop_operator_v3 to 2026-02-05 13:10:00+00:00, run_after=2026-02-05 13:11:00+00:00
[2026-02-05T13:11:16.493+0000] {processor.py:183} INFO - Processing /home/airflow/.local/lib/python3.12/site-packages/airflow/example_dags/example_branch_python_dop_operator_3.py took 0.046 seconds
[2026-02-05T13:11:47.334+0000] {processor.py:161} INFO - Started process (PID=1937) to work on /home/airflow/.local/lib/python3.12/site-packages/airflow/example_dags/example_branch_python_dop_operator_3.py
[2026-02-05T13:11:47.335+0000] {processor.py:830} INFO - Processing file /home/airflow/.local/lib/python3.12/site-packages/airflow/example_dags/example_branch_python_dop_operator_3.py for tasks to queue
[2026-02-05T13:11:47.336+0000] {logging_mixin.py:188} INFO - [2026-02-05T13:11:47.336+0000] {dagbag.py:540} INFO - Filling up the DagBag from /home/airflow/.local/lib/python3.12/site-packages/airflow/example_dags/example_branch_python_dop_operator_3.py
[2026-02-05T13:11:47.341+0000] {processor.py:840} INFO - DAG(s) 'example_branch_dop_operator_v3' retrieved from /home/airflow/.local/lib/python3.12/site-packages/airflow/example_dags/example_branch_python_dop_operator_3.py
[2026-02-05T13:11:47.353+0000] {logging_mixin.py:188} INFO - [2026-02-05T13:11:47.353+0000] {dag.py:3096} INFO - Sync 1 DAGs
[2026-02-05T13:11:47.366+0000] {logging_mixin.py:188} INFO - [2026-02-05T13:11:47.366+0000] {dag.py:3954} INFO - Setting next_dagrun for example_branch_dop_operator_v3 to 2026-02-05 13:10:00+00:00, run_after=2026-02-05 13:11:00+00:00
[2026-02-05T13:11:47.376+0000] {processor.py:183} INFO - Processing /home/airflow/.local/lib/python3.12/site-packages/airflow/example_dags/example_branch_python_dop_operator_3.py took 0.045 seconds
[2026-02-05T13:12:18.257+0000] {processor.py:161} INFO - Started process (PID=1995) to work on /home/airflow/.local/lib/python3.12/site-packages/airflow/example_dags/example_branch_python_dop_operator_3.py
[2026-02-05T13:12:18.258+0000] {processor.py:830} INFO - Processing file /home/airflow/.local/lib/python3.12/site-packages/airflow/example_dags/example_branch_python_dop_operator_3.py for tasks to queue
[2026-02-05T13:12:18.259+0000] {logging_mixin.py:188} INFO - [2026-02-05T13:12:18.259+0000] {dagbag.py:540} INFO - Filling up the DagBag from /home/airflow/.local/lib/python3.12/site-packages/airflow/example_dags/example_branch_python_dop_operator_3.py
[2026-02-05T13:12:18.264+0000] {processor.py:840} INFO - DAG(s) 'example_branch_dop_operator_v3' retrieved from /home/airflow/.local/lib/python3.12/site-packages/airflow/example_dags/example_branch_python_dop_operator_3.py
[2026-02-05T13:12:18.276+0000] {logging_mixin.py:188} INFO - [2026-02-05T13:12:18.276+0000] {dag.py:3096} INFO - Sync 1 DAGs
[2026-02-05T13:12:18.308+0000] {logging_mixin.py:188} INFO - [2026-02-05T13:12:18.308+0000] {dag.py:3954} INFO - Setting next_dagrun for example_branch_dop_operator_v3 to 2026-02-05 13:11:00+00:00, run_after=2026-02-05 13:12:00+00:00
[2026-02-05T13:12:18.328+0000] {processor.py:183} INFO - Processing /home/airflow/.local/lib/python3.12/site-packages/airflow/example_dags/example_branch_python_dop_operator_3.py took 0.074 seconds
[2026-02-05T13:12:49.156+0000] {processor.py:161} INFO - Started process (PID=2053) to work on /home/airflow/.local/lib/python3.12/site-packages/airflow/example_dags/example_branch_python_dop_operator_3.py
[2026-02-05T13:12:49.157+0000] {processor.py:830} INFO - Processing file /home/airflow/.local/lib/python3.12/site-packages/airflow/example_dags/example_branch_python_dop_operator_3.py for tasks to queue
[2026-02-05T13:12:49.159+0000] {logging_mixin.py:188} INFO - [2026-02-05T13:12:49.158+0000] {dagbag.py:540} INFO - Filling up the DagBag from /home/airflow/.local/lib/python3.12/site-packages/airflow/example_dags/example_branch_python_dop_operator_3.py
[2026-02-05T13:12:49.164+0000] {processor.py:840} INFO - DAG(s) 'example_branch_dop_operator_v3' retrieved from /home/airflow/.local/lib/python3.12/site-packages/airflow/example_dags/example_branch_python_dop_operator_3.py
[2026-02-05T13:12:49.177+0000] {logging_mixin.py:188} INFO - [2026-02-05T13:12:49.177+0000] {dag.py:3096} INFO - Sync 1 DAGs
[2026-02-05T13:12:49.190+0000] {logging_mixin.py:188} INFO - [2026-02-05T13:12:49.189+0000] {dag.py:3954} INFO - Setting next_dagrun for example_branch_dop_operator_v3 to 2026-02-05 13:11:00+00:00, run_after=2026-02-05 13:12:00+00:00
[2026-02-05T13:12:49.200+0000] {processor.py:183} INFO - Processing /home/airflow/.local/lib/python3.12/site-packages/airflow/example_dags/example_branch_python_dop_operator_3.py took 0.048 seconds
[2026-02-05T13:13:19.918+0000] {processor.py:161} INFO - Started process (PID=2110) to work on /home/airflow/.local/lib/python3.12/site-packages/airflow/example_dags/example_branch_python_dop_operator_3.py
[2026-02-05T13:13:19.919+0000] {processor.py:830} INFO - Processing file /home/airflow/.local/lib/python3.12/site-packages/airflow/example_dags/example_branch_python_dop_operator_3.py for tasks to queue
[2026-02-05T13:13:19.921+0000] {logging_mixin.py:188} INFO - [2026-02-05T13:13:19.921+0000] {dagbag.py:540} INFO - Filling up the DagBag from /home/airflow/.local/lib/python3.12/site-packages/airflow/example_dags/example_branch_python_dop_operator_3.py
[2026-02-05T13:13:19.926+0000] {processor.py:840} INFO - DAG(s) 'example_branch_dop_operator_v3' retrieved from /home/airflow/.local/lib/python3.12/site-packages/airflow/example_dags/example_branch_python_dop_operator_3.py
[2026-02-05T13:13:19.939+0000] {logging_mixin.py:188} INFO - [2026-02-05T13:13:19.939+0000] {dag.py:3096} INFO - Sync 1 DAGs
[2026-02-05T13:13:19.951+0000] {logging_mixin.py:188} INFO - [2026-02-05T13:13:19.951+0000] {dag.py:3954} INFO - Setting next_dagrun for example_branch_dop_operator_v3 to 2026-02-05 13:12:00+00:00, run_after=2026-02-05 13:13:00+00:00
[2026-02-05T13:13:19.962+0000] {processor.py:183} INFO - Processing /home/airflow/.local/lib/python3.12/site-packages/airflow/example_dags/example_branch_python_dop_operator_3.py took 0.048 seconds
[2026-02-05T13:13:50.783+0000] {processor.py:161} INFO - Started process (PID=2168) to work on /home/airflow/.local/lib/python3.12/site-packages/airflow/example_dags/example_branch_python_dop_operator_3.py
[2026-02-05T13:13:50.786+0000] {processor.py:830} INFO - Processing file /home/airflow/.local/lib/python3.12/site-packages/airflow/example_dags/example_branch_python_dop_operator_3.py for tasks to queue
[2026-02-05T13:13:50.788+0000] {logging_mixin.py:188} INFO - [2026-02-05T13:13:50.788+0000] {dagbag.py:540} INFO - Filling up the DagBag from /home/airflow/.local/lib/python3.12/site-packages/airflow/example_dags/example_branch_python_dop_operator_3.py
[2026-02-05T13:13:50.794+0000] {processor.py:840} INFO - DAG(s) 'example_branch_dop_operator_v3' retrieved from /home/airflow/.local/lib/python3.12/site-packages/airflow/example_dags/example_branch_python_dop_operator_3.py
[2026-02-05T13:13:50.811+0000] {logging_mixin.py:188} INFO - [2026-02-05T13:13:50.811+0000] {dag.py:3096} INFO - Sync 1 DAGs
[2026-02-05T13:13:50.824+0000] {logging_mixin.py:188} INFO - [2026-02-05T13:13:50.824+0000] {dag.py:3954} INFO - Setting next_dagrun for example_branch_dop_operator_v3 to 2026-02-05 13:12:00+00:00, run_after=2026-02-05 13:13:00+00:00
[2026-02-05T13:13:50.838+0000] {processor.py:183} INFO - Processing /home/airflow/.local/lib/python3.12/site-packages/airflow/example_dags/example_branch_python_dop_operator_3.py took 0.059 seconds
[2026-02-05T13:14:21.778+0000] {processor.py:161} INFO - Started process (PID=2226) to work on /home/airflow/.local/lib/python3.12/site-packages/airflow/example_dags/example_branch_python_dop_operator_3.py
[2026-02-05T13:14:21.779+0000] {processor.py:830} INFO - Processing file /home/airflow/.local/lib/python3.12/site-packages/airflow/example_dags/example_branch_python_dop_operator_3.py for tasks to queue
[2026-02-05T13:14:21.781+0000] {logging_mixin.py:188} INFO - [2026-02-05T13:14:21.781+0000] {dagbag.py:540} INFO - Filling up the DagBag from /home/airflow/.local/lib/python3.12/site-packages/airflow/example_dags/example_branch_python_dop_operator_3.py
[2026-02-05T13:14:21.788+0000] {processor.py:840} INFO - DAG(s) 'example_branch_dop_operator_v3' retrieved from /home/airflow/.local/lib/python3.12/site-packages/airflow/example_dags/example_branch_python_dop_operator_3.py
[2026-02-05T13:14:21.817+0000] {logging_mixin.py:188} INFO - [2026-02-05T13:14:21.817+0000] {dag.py:3096} INFO - Sync 1 DAGs
[2026-02-05T13:14:21.834+0000] {logging_mixin.py:188} INFO - [2026-02-05T13:14:21.834+0000] {dag.py:3954} INFO - Setting next_dagrun for example_branch_dop_operator_v3 to 2026-02-05 13:13:00+00:00, run_after=2026-02-05 13:14:00+00:00
[2026-02-05T13:14:21.852+0000] {processor.py:183} INFO - Processing /home/airflow/.local/lib/python3.12/site-packages/airflow/example_dags/example_branch_python_dop_operator_3.py took 0.079 seconds
[2026-02-05T13:14:51.954+0000] {processor.py:161} INFO - Started process (PID=2284) to work on /home/airflow/.local/lib/python3.12/site-packages/airflow/example_dags/example_branch_python_dop_operator_3.py
[2026-02-05T13:14:51.955+0000] {processor.py:830} INFO - Processing file /home/airflow/.local/lib/python3.12/site-packages/airflow/example_dags/example_branch_python_dop_operator_3.py for tasks to queue
[2026-02-05T13:14:51.956+0000] {logging_mixin.py:188} INFO - [2026-02-05T13:14:51.956+0000] {dagbag.py:540} INFO - Filling up the DagBag from /home/airflow/.local/lib/python3.12/site-packages/airflow/example_dags/example_branch_python_dop_operator_3.py
[2026-02-05T13:14:51.962+0000] {processor.py:840} INFO - DAG(s) 'example_branch_dop_operator_v3' retrieved from /home/airflow/.local/lib/python3.12/site-packages/airflow/example_dags/example_branch_python_dop_operator_3.py
[2026-02-05T13:14:51.979+0000] {logging_mixin.py:188} INFO - [2026-02-05T13:14:51.978+0000] {dag.py:3096} INFO - Sync 1 DAGs
[2026-02-05T13:14:51.995+0000] {logging_mixin.py:188} INFO - [2026-02-05T13:14:51.995+0000] {dag.py:3954} INFO - Setting next_dagrun for example_branch_dop_operator_v3 to 2026-02-05 13:13:00+00:00, run_after=2026-02-05 13:14:00+00:00
[2026-02-05T13:14:52.007+0000] {processor.py:183} INFO - Processing /home/airflow/.local/lib/python3.12/site-packages/airflow/example_dags/example_branch_python_dop_operator_3.py took 0.057 seconds
[2026-02-05T13:15:22.932+0000] {processor.py:161} INFO - Started process (PID=2341) to work on /home/airflow/.local/lib/python3.12/site-packages/airflow/example_dags/example_branch_python_dop_operator_3.py
[2026-02-05T13:15:22.932+0000] {processor.py:830} INFO - Processing file /home/airflow/.local/lib/python3.12/site-packages/airflow/example_dags/example_branch_python_dop_operator_3.py for tasks to queue
[2026-02-05T13:15:22.934+0000] {logging_mixin.py:188} INFO - [2026-02-05T13:15:22.933+0000] {dagbag.py:540} INFO - Filling up the DagBag from /home/airflow/.local/lib/python3.12/site-packages/airflow/example_dags/example_branch_python_dop_operator_3.py
[2026-02-05T13:15:22.939+0000] {processor.py:840} INFO - DAG(s) 'example_branch_dop_operator_v3' retrieved from /home/airflow/.local/lib/python3.12/site-packages/airflow/example_dags/example_branch_python_dop_operator_3.py
[2026-02-05T13:15:22.950+0000] {logging_mixin.py:188} INFO - [2026-02-05T13:15:22.950+0000] {dag.py:3096} INFO - Sync 1 DAGs
[2026-02-05T13:15:22.963+0000] {logging_mixin.py:188} INFO - [2026-02-05T13:15:22.962+0000] {dag.py:3954} INFO - Setting next_dagrun for example_branch_dop_operator_v3 to 2026-02-05 13:14:00+00:00, run_after=2026-02-05 13:15:00+00:00
[2026-02-05T13:15:22.976+0000] {processor.py:183} INFO - Processing /home/airflow/.local/lib/python3.12/site-packages/airflow/example_dags/example_branch_python_dop_operator_3.py took 0.048 seconds
[2026-02-05T13:15:53.710+0000] {processor.py:161} INFO - Started process (PID=2399) to work on /home/airflow/.local/lib/python3.12/site-packages/airflow/example_dags/example_branch_python_dop_operator_3.py
[2026-02-05T13:15:53.711+0000] {processor.py:830} INFO - Processing file /home/airflow/.local/lib/python3.12/site-packages/airflow/example_dags/example_branch_python_dop_operator_3.py for tasks to queue
[2026-02-05T13:15:53.713+0000] {logging_mixin.py:188} INFO - [2026-02-05T13:15:53.712+0000] {dagbag.py:540} INFO - Filling up the DagBag from /home/airflow/.local/lib/python3.12/site-packages/airflow/example_dags/example_branch_python_dop_operator_3.py
[2026-02-05T13:15:53.722+0000] {processor.py:840} INFO - DAG(s) 'example_branch_dop_operator_v3' retrieved from /home/airflow/.local/lib/python3.12/site-packages/airflow/example_dags/example_branch_python_dop_operator_3.py
[2026-02-05T13:15:53.739+0000] {logging_mixin.py:188} INFO - [2026-02-05T13:15:53.739+0000] {dag.py:3096} INFO - Sync 1 DAGs
[2026-02-05T13:15:53.755+0000] {logging_mixin.py:188} INFO - [2026-02-05T13:15:53.754+0000] {dag.py:3954} INFO - Setting next_dagrun for example_branch_dop_operator_v3 to 2026-02-05 13:14:00+00:00, run_after=2026-02-05 13:15:00+00:00
[2026-02-05T13:15:53.765+0000] {processor.py:183} INFO - Processing /home/airflow/.local/lib/python3.12/site-packages/airflow/example_dags/example_branch_python_dop_operator_3.py took 0.059 seconds
[2026-02-05T13:16:24.795+0000] {processor.py:161} INFO - Started process (PID=2457) to work on /home/airflow/.local/lib/python3.12/site-packages/airflow/example_dags/example_branch_python_dop_operator_3.py
[2026-02-05T13:16:24.797+0000] {processor.py:830} INFO - Processing file /home/airflow/.local/lib/python3.12/site-packages/airflow/example_dags/example_branch_python_dop_operator_3.py for tasks to queue
[2026-02-05T13:16:24.800+0000] {logging_mixin.py:188} INFO - [2026-02-05T13:16:24.799+0000] {dagbag.py:540} INFO - Filling up the DagBag from /home/airflow/.local/lib/python3.12/site-packages/airflow/example_dags/example_branch_python_dop_operator_3.py
[2026-02-05T13:16:24.806+0000] {processor.py:840} INFO - DAG(s) 'example_branch_dop_operator_v3' retrieved from /home/airflow/.local/lib/python3.12/site-packages/airflow/example_dags/example_branch_python_dop_operator_3.py
[2026-02-05T13:16:24.822+0000] {logging_mixin.py:188} INFO - [2026-02-05T13:16:24.822+0000] {dag.py:3096} INFO - Sync 1 DAGs
[2026-02-05T13:16:24.834+0000] {logging_mixin.py:188} INFO - [2026-02-05T13:16:24.834+0000] {dag.py:3954} INFO - Setting next_dagrun for example_branch_dop_operator_v3 to 2026-02-05 13:15:00+00:00, run_after=2026-02-05 13:16:00+00:00
[2026-02-05T13:16:24.850+0000] {processor.py:183} INFO - Processing /home/airflow/.local/lib/python3.12/site-packages/airflow/example_dags/example_branch_python_dop_operator_3.py took 0.059 seconds
[2026-02-05T13:16:54.910+0000] {processor.py:161} INFO - Started process (PID=2516) to work on /home/airflow/.local/lib/python3.12/site-packages/airflow/example_dags/example_branch_python_dop_operator_3.py
[2026-02-05T13:16:54.911+0000] {processor.py:830} INFO - Processing file /home/airflow/.local/lib/python3.12/site-packages/airflow/example_dags/example_branch_python_dop_operator_3.py for tasks to queue
[2026-02-05T13:16:54.912+0000] {logging_mixin.py:188} INFO - [2026-02-05T13:16:54.912+0000] {dagbag.py:540} INFO - Filling up the DagBag from /home/airflow/.local/lib/python3.12/site-packages/airflow/example_dags/example_branch_python_dop_operator_3.py
[2026-02-05T13:16:54.917+0000] {processor.py:840} INFO - DAG(s) 'example_branch_dop_operator_v3' retrieved from /home/airflow/.local/lib/python3.12/site-packages/airflow/example_dags/example_branch_python_dop_operator_3.py
[2026-02-05T13:16:54.928+0000] {logging_mixin.py:188} INFO - [2026-02-05T13:16:54.927+0000] {dag.py:3096} INFO - Sync 1 DAGs
[2026-02-05T13:16:54.939+0000] {logging_mixin.py:188} INFO - [2026-02-05T13:16:54.939+0000] {dag.py:3954} INFO - Setting next_dagrun for example_branch_dop_operator_v3 to 2026-02-05 13:15:00+00:00, run_after=2026-02-05 13:16:00+00:00
[2026-02-05T13:16:54.948+0000] {processor.py:183} INFO - Processing /home/airflow/.local/lib/python3.12/site-packages/airflow/example_dags/example_branch_python_dop_operator_3.py took 0.040 seconds
[2026-02-05T13:17:24.977+0000] {processor.py:161} INFO - Started process (PID=2573) to work on /home/airflow/.local/lib/python3.12/site-packages/airflow/example_dags/example_branch_python_dop_operator_3.py
[2026-02-05T13:17:24.977+0000] {processor.py:830} INFO - Processing file /home/airflow/.local/lib/python3.12/site-packages/airflow/example_dags/example_branch_python_dop_operator_3.py for tasks to queue
[2026-02-05T13:17:24.979+0000] {logging_mixin.py:188} INFO - [2026-02-05T13:17:24.978+0000] {dagbag.py:540} INFO - Filling up the DagBag from /home/airflow/.local/lib/python3.12/site-packages/airflow/example_dags/example_branch_python_dop_operator_3.py
[2026-02-05T13:17:24.985+0000] {processor.py:840} INFO - DAG(s) 'example_branch_dop_operator_v3' retrieved from /home/airflow/.local/lib/python3.12/site-packages/airflow/example_dags/example_branch_python_dop_operator_3.py
[2026-02-05T13:17:24.999+0000] {logging_mixin.py:188} INFO - [2026-02-05T13:17:24.999+0000] {dag.py:3096} INFO - Sync 1 DAGs
[2026-02-05T13:17:25.013+0000] {logging_mixin.py:188} INFO - [2026-02-05T13:17:25.013+0000] {dag.py:3954} INFO - Setting next_dagrun for example_branch_dop_operator_v3 to 2026-02-05 13:16:00+00:00, run_after=2026-02-05 13:17:00+00:00
[2026-02-05T13:17:25.029+0000] {processor.py:183} INFO - Processing /home/airflow/.local/lib/python3.12/site-packages/airflow/example_dags/example_branch_python_dop_operator_3.py took 0.056 seconds
[2026-02-05T13:17:55.339+0000] {processor.py:161} INFO - Started process (PID=2630) to work on /home/airflow/.local/lib/python3.12/site-packages/airflow/example_dags/example_branch_python_dop_operator_3.py
[2026-02-05T13:17:55.340+0000] {processor.py:830} INFO - Processing file /home/airflow/.local/lib/python3.12/site-packages/airflow/example_dags/example_branch_python_dop_operator_3.py for tasks to queue
[2026-02-05T13:17:55.341+0000] {logging_mixin.py:188} INFO - [2026-02-05T13:17:55.341+0000] {dagbag.py:540} INFO - Filling up the DagBag from /home/airflow/.local/lib/python3.12/site-packages/airflow/example_dags/example_branch_python_dop_operator_3.py
[2026-02-05T13:17:55.348+0000] {processor.py:840} INFO - DAG(s) 'example_branch_dop_operator_v3' retrieved from /home/airflow/.local/lib/python3.12/site-packages/airflow/example_dags/example_branch_python_dop_operator_3.py
[2026-02-05T13:17:55.361+0000] {logging_mixin.py:188} INFO - [2026-02-05T13:17:55.361+0000] {dag.py:3096} INFO - Sync 1 DAGs
[2026-02-05T13:17:55.376+0000] {logging_mixin.py:188} INFO - [2026-02-05T13:17:55.376+0000] {dag.py:3954} INFO - Setting next_dagrun for example_branch_dop_operator_v3 to 2026-02-05 13:16:00+00:00, run_after=2026-02-05 13:17:00+00:00
[2026-02-05T13:17:55.387+0000] {processor.py:183} INFO - Processing /home/airflow/.local/lib/python3.12/site-packages/airflow/example_dags/example_branch_python_dop_operator_3.py took 0.053 seconds
