[2026-02-05T12:55:32.990+0000] {processor.py:161} INFO - Started process (PID=61) to work on /home/airflow/.local/lib/python3.12/site-packages/airflow/example_dags/example_kubernetes_executor.py
[2026-02-05T12:55:32.991+0000] {processor.py:830} INFO - Processing file /home/airflow/.local/lib/python3.12/site-packages/airflow/example_dags/example_kubernetes_executor.py for tasks to queue
[2026-02-05T12:55:32.992+0000] {logging_mixin.py:188} INFO - [2026-02-05T12:55:32.992+0000] {dagbag.py:540} INFO - Filling up the DagBag from /home/airflow/.local/lib/python3.12/site-packages/airflow/example_dags/example_kubernetes_executor.py
[2026-02-05T12:55:33.012+0000] {processor.py:840} INFO - DAG(s) 'example_kubernetes_executor' retrieved from /home/airflow/.local/lib/python3.12/site-packages/airflow/example_dags/example_kubernetes_executor.py
[2026-02-05T12:55:33.028+0000] {logging_mixin.py:188} INFO - [2026-02-05T12:55:33.028+0000] {dag.py:3096} INFO - Sync 1 DAGs
[2026-02-05T12:55:33.047+0000] {logging_mixin.py:188} INFO - [2026-02-05T12:55:33.047+0000] {dag.py:3954} INFO - Setting next_dagrun for example_kubernetes_executor to None, run_after=None
[2026-02-05T12:55:33.071+0000] {processor.py:183} INFO - Processing /home/airflow/.local/lib/python3.12/site-packages/airflow/example_dags/example_kubernetes_executor.py took 0.087 seconds
[2026-02-05T12:56:03.886+0000] {processor.py:161} INFO - Started process (PID=119) to work on /home/airflow/.local/lib/python3.12/site-packages/airflow/example_dags/example_kubernetes_executor.py
[2026-02-05T12:56:03.887+0000] {processor.py:830} INFO - Processing file /home/airflow/.local/lib/python3.12/site-packages/airflow/example_dags/example_kubernetes_executor.py for tasks to queue
[2026-02-05T12:56:03.888+0000] {logging_mixin.py:188} INFO - [2026-02-05T12:56:03.888+0000] {dagbag.py:540} INFO - Filling up the DagBag from /home/airflow/.local/lib/python3.12/site-packages/airflow/example_dags/example_kubernetes_executor.py
[2026-02-05T12:56:03.900+0000] {processor.py:840} INFO - DAG(s) 'example_kubernetes_executor' retrieved from /home/airflow/.local/lib/python3.12/site-packages/airflow/example_dags/example_kubernetes_executor.py
[2026-02-05T12:56:03.981+0000] {logging_mixin.py:188} INFO - [2026-02-05T12:56:03.981+0000] {dag.py:3096} INFO - Sync 1 DAGs
[2026-02-05T12:56:03.989+0000] {logging_mixin.py:188} INFO - [2026-02-05T12:56:03.989+0000] {dag.py:3954} INFO - Setting next_dagrun for example_kubernetes_executor to None, run_after=None
[2026-02-05T12:56:04.001+0000] {processor.py:183} INFO - Processing /home/airflow/.local/lib/python3.12/site-packages/airflow/example_dags/example_kubernetes_executor.py took 0.118 seconds
[2026-02-05T12:56:34.069+0000] {processor.py:161} INFO - Started process (PID=177) to work on /home/airflow/.local/lib/python3.12/site-packages/airflow/example_dags/example_kubernetes_executor.py
[2026-02-05T12:56:34.072+0000] {processor.py:830} INFO - Processing file /home/airflow/.local/lib/python3.12/site-packages/airflow/example_dags/example_kubernetes_executor.py for tasks to queue
[2026-02-05T12:56:34.073+0000] {logging_mixin.py:188} INFO - [2026-02-05T12:56:34.073+0000] {dagbag.py:540} INFO - Filling up the DagBag from /home/airflow/.local/lib/python3.12/site-packages/airflow/example_dags/example_kubernetes_executor.py
[2026-02-05T12:56:34.082+0000] {processor.py:840} INFO - DAG(s) 'example_kubernetes_executor' retrieved from /home/airflow/.local/lib/python3.12/site-packages/airflow/example_dags/example_kubernetes_executor.py
[2026-02-05T12:56:34.104+0000] {logging_mixin.py:188} INFO - [2026-02-05T12:56:34.104+0000] {dag.py:3096} INFO - Sync 1 DAGs
[2026-02-05T12:56:34.110+0000] {logging_mixin.py:188} INFO - [2026-02-05T12:56:34.110+0000] {dag.py:3954} INFO - Setting next_dagrun for example_kubernetes_executor to None, run_after=None
[2026-02-05T12:56:34.120+0000] {processor.py:183} INFO - Processing /home/airflow/.local/lib/python3.12/site-packages/airflow/example_dags/example_kubernetes_executor.py took 0.055 seconds
[2026-02-05T12:57:04.256+0000] {processor.py:161} INFO - Started process (PID=235) to work on /home/airflow/.local/lib/python3.12/site-packages/airflow/example_dags/example_kubernetes_executor.py
[2026-02-05T12:57:04.257+0000] {processor.py:830} INFO - Processing file /home/airflow/.local/lib/python3.12/site-packages/airflow/example_dags/example_kubernetes_executor.py for tasks to queue
[2026-02-05T12:57:04.262+0000] {logging_mixin.py:188} INFO - [2026-02-05T12:57:04.261+0000] {dagbag.py:540} INFO - Filling up the DagBag from /home/airflow/.local/lib/python3.12/site-packages/airflow/example_dags/example_kubernetes_executor.py
[2026-02-05T12:57:04.271+0000] {processor.py:840} INFO - DAG(s) 'example_kubernetes_executor' retrieved from /home/airflow/.local/lib/python3.12/site-packages/airflow/example_dags/example_kubernetes_executor.py
[2026-02-05T12:57:04.297+0000] {logging_mixin.py:188} INFO - [2026-02-05T12:57:04.297+0000] {dag.py:3096} INFO - Sync 1 DAGs
[2026-02-05T12:57:04.303+0000] {logging_mixin.py:188} INFO - [2026-02-05T12:57:04.303+0000] {dag.py:3954} INFO - Setting next_dagrun for example_kubernetes_executor to None, run_after=None
[2026-02-05T12:57:04.314+0000] {processor.py:183} INFO - Processing /home/airflow/.local/lib/python3.12/site-packages/airflow/example_dags/example_kubernetes_executor.py took 0.062 seconds
[2026-02-05T12:57:34.797+0000] {processor.py:161} INFO - Started process (PID=293) to work on /home/airflow/.local/lib/python3.12/site-packages/airflow/example_dags/example_kubernetes_executor.py
[2026-02-05T12:57:34.800+0000] {processor.py:830} INFO - Processing file /home/airflow/.local/lib/python3.12/site-packages/airflow/example_dags/example_kubernetes_executor.py for tasks to queue
[2026-02-05T12:57:34.801+0000] {logging_mixin.py:188} INFO - [2026-02-05T12:57:34.801+0000] {dagbag.py:540} INFO - Filling up the DagBag from /home/airflow/.local/lib/python3.12/site-packages/airflow/example_dags/example_kubernetes_executor.py
[2026-02-05T12:57:34.809+0000] {processor.py:840} INFO - DAG(s) 'example_kubernetes_executor' retrieved from /home/airflow/.local/lib/python3.12/site-packages/airflow/example_dags/example_kubernetes_executor.py
[2026-02-05T12:57:34.834+0000] {logging_mixin.py:188} INFO - [2026-02-05T12:57:34.834+0000] {dag.py:3096} INFO - Sync 1 DAGs
[2026-02-05T12:57:34.842+0000] {logging_mixin.py:188} INFO - [2026-02-05T12:57:34.841+0000] {dag.py:3954} INFO - Setting next_dagrun for example_kubernetes_executor to None, run_after=None
[2026-02-05T12:57:34.855+0000] {processor.py:183} INFO - Processing /home/airflow/.local/lib/python3.12/site-packages/airflow/example_dags/example_kubernetes_executor.py took 0.061 seconds
[2026-02-05T12:58:05.104+0000] {processor.py:161} INFO - Started process (PID=351) to work on /home/airflow/.local/lib/python3.12/site-packages/airflow/example_dags/example_kubernetes_executor.py
[2026-02-05T12:58:05.105+0000] {processor.py:830} INFO - Processing file /home/airflow/.local/lib/python3.12/site-packages/airflow/example_dags/example_kubernetes_executor.py for tasks to queue
[2026-02-05T12:58:05.110+0000] {logging_mixin.py:188} INFO - [2026-02-05T12:58:05.109+0000] {dagbag.py:540} INFO - Filling up the DagBag from /home/airflow/.local/lib/python3.12/site-packages/airflow/example_dags/example_kubernetes_executor.py
[2026-02-05T12:58:05.117+0000] {processor.py:840} INFO - DAG(s) 'example_kubernetes_executor' retrieved from /home/airflow/.local/lib/python3.12/site-packages/airflow/example_dags/example_kubernetes_executor.py
[2026-02-05T12:58:05.139+0000] {logging_mixin.py:188} INFO - [2026-02-05T12:58:05.139+0000] {dag.py:3096} INFO - Sync 1 DAGs
[2026-02-05T12:58:05.148+0000] {logging_mixin.py:188} INFO - [2026-02-05T12:58:05.148+0000] {dag.py:3954} INFO - Setting next_dagrun for example_kubernetes_executor to None, run_after=None
[2026-02-05T12:58:05.158+0000] {processor.py:183} INFO - Processing /home/airflow/.local/lib/python3.12/site-packages/airflow/example_dags/example_kubernetes_executor.py took 0.057 seconds
[2026-02-05T12:58:35.253+0000] {processor.py:161} INFO - Started process (PID=409) to work on /home/airflow/.local/lib/python3.12/site-packages/airflow/example_dags/example_kubernetes_executor.py
[2026-02-05T12:58:35.253+0000] {processor.py:830} INFO - Processing file /home/airflow/.local/lib/python3.12/site-packages/airflow/example_dags/example_kubernetes_executor.py for tasks to queue
[2026-02-05T12:58:35.254+0000] {logging_mixin.py:188} INFO - [2026-02-05T12:58:35.254+0000] {dagbag.py:540} INFO - Filling up the DagBag from /home/airflow/.local/lib/python3.12/site-packages/airflow/example_dags/example_kubernetes_executor.py
[2026-02-05T12:58:35.262+0000] {processor.py:840} INFO - DAG(s) 'example_kubernetes_executor' retrieved from /home/airflow/.local/lib/python3.12/site-packages/airflow/example_dags/example_kubernetes_executor.py
[2026-02-05T12:58:35.287+0000] {logging_mixin.py:188} INFO - [2026-02-05T12:58:35.286+0000] {dag.py:3096} INFO - Sync 1 DAGs
[2026-02-05T12:58:35.294+0000] {logging_mixin.py:188} INFO - [2026-02-05T12:58:35.294+0000] {dag.py:3954} INFO - Setting next_dagrun for example_kubernetes_executor to None, run_after=None
[2026-02-05T12:58:35.305+0000] {processor.py:183} INFO - Processing /home/airflow/.local/lib/python3.12/site-packages/airflow/example_dags/example_kubernetes_executor.py took 0.055 seconds
[2026-02-05T12:59:05.415+0000] {processor.py:161} INFO - Started process (PID=476) to work on /home/airflow/.local/lib/python3.12/site-packages/airflow/example_dags/example_kubernetes_executor.py
[2026-02-05T12:59:05.419+0000] {processor.py:830} INFO - Processing file /home/airflow/.local/lib/python3.12/site-packages/airflow/example_dags/example_kubernetes_executor.py for tasks to queue
[2026-02-05T12:59:05.421+0000] {logging_mixin.py:188} INFO - [2026-02-05T12:59:05.420+0000] {dagbag.py:540} INFO - Filling up the DagBag from /home/airflow/.local/lib/python3.12/site-packages/airflow/example_dags/example_kubernetes_executor.py
[2026-02-05T12:59:05.428+0000] {processor.py:840} INFO - DAG(s) 'example_kubernetes_executor' retrieved from /home/airflow/.local/lib/python3.12/site-packages/airflow/example_dags/example_kubernetes_executor.py
[2026-02-05T12:59:05.456+0000] {logging_mixin.py:188} INFO - [2026-02-05T12:59:05.456+0000] {dag.py:3096} INFO - Sync 1 DAGs
[2026-02-05T12:59:05.468+0000] {logging_mixin.py:188} INFO - [2026-02-05T12:59:05.467+0000] {dag.py:3954} INFO - Setting next_dagrun for example_kubernetes_executor to None, run_after=None
[2026-02-05T12:59:05.482+0000] {processor.py:183} INFO - Processing /home/airflow/.local/lib/python3.12/site-packages/airflow/example_dags/example_kubernetes_executor.py took 0.071 seconds
[2026-02-05T12:59:35.625+0000] {processor.py:161} INFO - Started process (PID=535) to work on /home/airflow/.local/lib/python3.12/site-packages/airflow/example_dags/example_kubernetes_executor.py
[2026-02-05T12:59:35.625+0000] {processor.py:830} INFO - Processing file /home/airflow/.local/lib/python3.12/site-packages/airflow/example_dags/example_kubernetes_executor.py for tasks to queue
[2026-02-05T12:59:35.626+0000] {logging_mixin.py:188} INFO - [2026-02-05T12:59:35.626+0000] {dagbag.py:540} INFO - Filling up the DagBag from /home/airflow/.local/lib/python3.12/site-packages/airflow/example_dags/example_kubernetes_executor.py
[2026-02-05T12:59:35.635+0000] {processor.py:840} INFO - DAG(s) 'example_kubernetes_executor' retrieved from /home/airflow/.local/lib/python3.12/site-packages/airflow/example_dags/example_kubernetes_executor.py
[2026-02-05T12:59:35.659+0000] {logging_mixin.py:188} INFO - [2026-02-05T12:59:35.659+0000] {dag.py:3096} INFO - Sync 1 DAGs
[2026-02-05T12:59:35.666+0000] {logging_mixin.py:188} INFO - [2026-02-05T12:59:35.666+0000] {dag.py:3954} INFO - Setting next_dagrun for example_kubernetes_executor to None, run_after=None
[2026-02-05T12:59:35.677+0000] {processor.py:183} INFO - Processing /home/airflow/.local/lib/python3.12/site-packages/airflow/example_dags/example_kubernetes_executor.py took 0.055 seconds
[2026-02-05T13:00:05.878+0000] {processor.py:161} INFO - Started process (PID=593) to work on /home/airflow/.local/lib/python3.12/site-packages/airflow/example_dags/example_kubernetes_executor.py
[2026-02-05T13:00:05.879+0000] {processor.py:830} INFO - Processing file /home/airflow/.local/lib/python3.12/site-packages/airflow/example_dags/example_kubernetes_executor.py for tasks to queue
[2026-02-05T13:00:05.880+0000] {logging_mixin.py:188} INFO - [2026-02-05T13:00:05.880+0000] {dagbag.py:540} INFO - Filling up the DagBag from /home/airflow/.local/lib/python3.12/site-packages/airflow/example_dags/example_kubernetes_executor.py
[2026-02-05T13:00:05.888+0000] {processor.py:840} INFO - DAG(s) 'example_kubernetes_executor' retrieved from /home/airflow/.local/lib/python3.12/site-packages/airflow/example_dags/example_kubernetes_executor.py
[2026-02-05T13:00:05.912+0000] {logging_mixin.py:188} INFO - [2026-02-05T13:00:05.912+0000] {dag.py:3096} INFO - Sync 1 DAGs
[2026-02-05T13:00:05.920+0000] {logging_mixin.py:188} INFO - [2026-02-05T13:00:05.919+0000] {dag.py:3954} INFO - Setting next_dagrun for example_kubernetes_executor to None, run_after=None
[2026-02-05T13:00:05.934+0000] {processor.py:183} INFO - Processing /home/airflow/.local/lib/python3.12/site-packages/airflow/example_dags/example_kubernetes_executor.py took 0.059 seconds
[2026-02-05T13:00:36.013+0000] {processor.py:161} INFO - Started process (PID=651) to work on /home/airflow/.local/lib/python3.12/site-packages/airflow/example_dags/example_kubernetes_executor.py
[2026-02-05T13:00:36.014+0000] {processor.py:830} INFO - Processing file /home/airflow/.local/lib/python3.12/site-packages/airflow/example_dags/example_kubernetes_executor.py for tasks to queue
[2026-02-05T13:00:36.015+0000] {logging_mixin.py:188} INFO - [2026-02-05T13:00:36.015+0000] {dagbag.py:540} INFO - Filling up the DagBag from /home/airflow/.local/lib/python3.12/site-packages/airflow/example_dags/example_kubernetes_executor.py
[2026-02-05T13:00:36.024+0000] {processor.py:840} INFO - DAG(s) 'example_kubernetes_executor' retrieved from /home/airflow/.local/lib/python3.12/site-packages/airflow/example_dags/example_kubernetes_executor.py
[2026-02-05T13:00:36.049+0000] {logging_mixin.py:188} INFO - [2026-02-05T13:00:36.049+0000] {dag.py:3096} INFO - Sync 1 DAGs
[2026-02-05T13:00:36.056+0000] {logging_mixin.py:188} INFO - [2026-02-05T13:00:36.056+0000] {dag.py:3954} INFO - Setting next_dagrun for example_kubernetes_executor to None, run_after=None
[2026-02-05T13:00:36.068+0000] {processor.py:183} INFO - Processing /home/airflow/.local/lib/python3.12/site-packages/airflow/example_dags/example_kubernetes_executor.py took 0.058 seconds
[2026-02-05T13:01:06.102+0000] {processor.py:161} INFO - Started process (PID=709) to work on /home/airflow/.local/lib/python3.12/site-packages/airflow/example_dags/example_kubernetes_executor.py
[2026-02-05T13:01:06.105+0000] {processor.py:830} INFO - Processing file /home/airflow/.local/lib/python3.12/site-packages/airflow/example_dags/example_kubernetes_executor.py for tasks to queue
[2026-02-05T13:01:06.107+0000] {logging_mixin.py:188} INFO - [2026-02-05T13:01:06.106+0000] {dagbag.py:540} INFO - Filling up the DagBag from /home/airflow/.local/lib/python3.12/site-packages/airflow/example_dags/example_kubernetes_executor.py
[2026-02-05T13:01:06.116+0000] {processor.py:840} INFO - DAG(s) 'example_kubernetes_executor' retrieved from /home/airflow/.local/lib/python3.12/site-packages/airflow/example_dags/example_kubernetes_executor.py
[2026-02-05T13:01:06.137+0000] {logging_mixin.py:188} INFO - [2026-02-05T13:01:06.136+0000] {dag.py:3096} INFO - Sync 1 DAGs
[2026-02-05T13:01:06.142+0000] {logging_mixin.py:188} INFO - [2026-02-05T13:01:06.142+0000] {dag.py:3954} INFO - Setting next_dagrun for example_kubernetes_executor to None, run_after=None
[2026-02-05T13:01:06.152+0000] {processor.py:183} INFO - Processing /home/airflow/.local/lib/python3.12/site-packages/airflow/example_dags/example_kubernetes_executor.py took 0.053 seconds
[2026-02-05T13:01:36.270+0000] {processor.py:161} INFO - Started process (PID=767) to work on /home/airflow/.local/lib/python3.12/site-packages/airflow/example_dags/example_kubernetes_executor.py
[2026-02-05T13:01:36.273+0000] {processor.py:830} INFO - Processing file /home/airflow/.local/lib/python3.12/site-packages/airflow/example_dags/example_kubernetes_executor.py for tasks to queue
[2026-02-05T13:01:36.275+0000] {logging_mixin.py:188} INFO - [2026-02-05T13:01:36.274+0000] {dagbag.py:540} INFO - Filling up the DagBag from /home/airflow/.local/lib/python3.12/site-packages/airflow/example_dags/example_kubernetes_executor.py
[2026-02-05T13:01:36.285+0000] {processor.py:840} INFO - DAG(s) 'example_kubernetes_executor' retrieved from /home/airflow/.local/lib/python3.12/site-packages/airflow/example_dags/example_kubernetes_executor.py
[2026-02-05T13:01:36.308+0000] {logging_mixin.py:188} INFO - [2026-02-05T13:01:36.308+0000] {dag.py:3096} INFO - Sync 1 DAGs
[2026-02-05T13:01:36.316+0000] {logging_mixin.py:188} INFO - [2026-02-05T13:01:36.316+0000] {dag.py:3954} INFO - Setting next_dagrun for example_kubernetes_executor to None, run_after=None
[2026-02-05T13:01:36.327+0000] {processor.py:183} INFO - Processing /home/airflow/.local/lib/python3.12/site-packages/airflow/example_dags/example_kubernetes_executor.py took 0.062 seconds
[2026-02-05T13:02:06.747+0000] {processor.py:161} INFO - Started process (PID=824) to work on /home/airflow/.local/lib/python3.12/site-packages/airflow/example_dags/example_kubernetes_executor.py
[2026-02-05T13:02:06.749+0000] {processor.py:830} INFO - Processing file /home/airflow/.local/lib/python3.12/site-packages/airflow/example_dags/example_kubernetes_executor.py for tasks to queue
[2026-02-05T13:02:06.750+0000] {logging_mixin.py:188} INFO - [2026-02-05T13:02:06.750+0000] {dagbag.py:540} INFO - Filling up the DagBag from /home/airflow/.local/lib/python3.12/site-packages/airflow/example_dags/example_kubernetes_executor.py
[2026-02-05T13:02:06.758+0000] {processor.py:840} INFO - DAG(s) 'example_kubernetes_executor' retrieved from /home/airflow/.local/lib/python3.12/site-packages/airflow/example_dags/example_kubernetes_executor.py
[2026-02-05T13:02:06.790+0000] {logging_mixin.py:188} INFO - [2026-02-05T13:02:06.790+0000] {dag.py:3096} INFO - Sync 1 DAGs
[2026-02-05T13:02:06.800+0000] {logging_mixin.py:188} INFO - [2026-02-05T13:02:06.800+0000] {dag.py:3954} INFO - Setting next_dagrun for example_kubernetes_executor to None, run_after=None
[2026-02-05T13:02:06.812+0000] {processor.py:183} INFO - Processing /home/airflow/.local/lib/python3.12/site-packages/airflow/example_dags/example_kubernetes_executor.py took 0.068 seconds
[2026-02-05T13:02:37.755+0000] {processor.py:161} INFO - Started process (PID=882) to work on /home/airflow/.local/lib/python3.12/site-packages/airflow/example_dags/example_kubernetes_executor.py
[2026-02-05T13:02:37.758+0000] {processor.py:830} INFO - Processing file /home/airflow/.local/lib/python3.12/site-packages/airflow/example_dags/example_kubernetes_executor.py for tasks to queue
[2026-02-05T13:02:37.759+0000] {logging_mixin.py:188} INFO - [2026-02-05T13:02:37.759+0000] {dagbag.py:540} INFO - Filling up the DagBag from /home/airflow/.local/lib/python3.12/site-packages/airflow/example_dags/example_kubernetes_executor.py
[2026-02-05T13:02:37.769+0000] {processor.py:840} INFO - DAG(s) 'example_kubernetes_executor' retrieved from /home/airflow/.local/lib/python3.12/site-packages/airflow/example_dags/example_kubernetes_executor.py
[2026-02-05T13:02:37.806+0000] {logging_mixin.py:188} INFO - [2026-02-05T13:02:37.806+0000] {dag.py:3096} INFO - Sync 1 DAGs
[2026-02-05T13:02:37.818+0000] {logging_mixin.py:188} INFO - [2026-02-05T13:02:37.818+0000] {dag.py:3954} INFO - Setting next_dagrun for example_kubernetes_executor to None, run_after=None
[2026-02-05T13:02:37.831+0000] {processor.py:183} INFO - Processing /home/airflow/.local/lib/python3.12/site-packages/airflow/example_dags/example_kubernetes_executor.py took 0.079 seconds
[2026-02-05T13:03:07.880+0000] {processor.py:161} INFO - Started process (PID=940) to work on /home/airflow/.local/lib/python3.12/site-packages/airflow/example_dags/example_kubernetes_executor.py
[2026-02-05T13:03:07.880+0000] {processor.py:830} INFO - Processing file /home/airflow/.local/lib/python3.12/site-packages/airflow/example_dags/example_kubernetes_executor.py for tasks to queue
[2026-02-05T13:03:07.882+0000] {logging_mixin.py:188} INFO - [2026-02-05T13:03:07.882+0000] {dagbag.py:540} INFO - Filling up the DagBag from /home/airflow/.local/lib/python3.12/site-packages/airflow/example_dags/example_kubernetes_executor.py
[2026-02-05T13:03:07.889+0000] {processor.py:840} INFO - DAG(s) 'example_kubernetes_executor' retrieved from /home/airflow/.local/lib/python3.12/site-packages/airflow/example_dags/example_kubernetes_executor.py
[2026-02-05T13:03:07.912+0000] {logging_mixin.py:188} INFO - [2026-02-05T13:03:07.911+0000] {dag.py:3096} INFO - Sync 1 DAGs
[2026-02-05T13:03:07.920+0000] {logging_mixin.py:188} INFO - [2026-02-05T13:03:07.920+0000] {dag.py:3954} INFO - Setting next_dagrun for example_kubernetes_executor to None, run_after=None
[2026-02-05T13:03:07.930+0000] {processor.py:183} INFO - Processing /home/airflow/.local/lib/python3.12/site-packages/airflow/example_dags/example_kubernetes_executor.py took 0.052 seconds
[2026-02-05T13:03:38.080+0000] {processor.py:161} INFO - Started process (PID=998) to work on /home/airflow/.local/lib/python3.12/site-packages/airflow/example_dags/example_kubernetes_executor.py
[2026-02-05T13:03:38.083+0000] {processor.py:830} INFO - Processing file /home/airflow/.local/lib/python3.12/site-packages/airflow/example_dags/example_kubernetes_executor.py for tasks to queue
[2026-02-05T13:03:38.084+0000] {logging_mixin.py:188} INFO - [2026-02-05T13:03:38.084+0000] {dagbag.py:540} INFO - Filling up the DagBag from /home/airflow/.local/lib/python3.12/site-packages/airflow/example_dags/example_kubernetes_executor.py
[2026-02-05T13:03:38.098+0000] {processor.py:840} INFO - DAG(s) 'example_kubernetes_executor' retrieved from /home/airflow/.local/lib/python3.12/site-packages/airflow/example_dags/example_kubernetes_executor.py
[2026-02-05T13:03:38.130+0000] {logging_mixin.py:188} INFO - [2026-02-05T13:03:38.130+0000] {dag.py:3096} INFO - Sync 1 DAGs
[2026-02-05T13:03:38.148+0000] {logging_mixin.py:188} INFO - [2026-02-05T13:03:38.148+0000] {dag.py:3954} INFO - Setting next_dagrun for example_kubernetes_executor to None, run_after=None
[2026-02-05T13:03:38.173+0000] {processor.py:183} INFO - Processing /home/airflow/.local/lib/python3.12/site-packages/airflow/example_dags/example_kubernetes_executor.py took 0.098 seconds
[2026-02-05T13:04:08.212+0000] {processor.py:161} INFO - Started process (PID=1056) to work on /home/airflow/.local/lib/python3.12/site-packages/airflow/example_dags/example_kubernetes_executor.py
[2026-02-05T13:04:08.212+0000] {processor.py:830} INFO - Processing file /home/airflow/.local/lib/python3.12/site-packages/airflow/example_dags/example_kubernetes_executor.py for tasks to queue
[2026-02-05T13:04:08.213+0000] {logging_mixin.py:188} INFO - [2026-02-05T13:04:08.213+0000] {dagbag.py:540} INFO - Filling up the DagBag from /home/airflow/.local/lib/python3.12/site-packages/airflow/example_dags/example_kubernetes_executor.py
[2026-02-05T13:04:08.221+0000] {processor.py:840} INFO - DAG(s) 'example_kubernetes_executor' retrieved from /home/airflow/.local/lib/python3.12/site-packages/airflow/example_dags/example_kubernetes_executor.py
[2026-02-05T13:04:08.244+0000] {logging_mixin.py:188} INFO - [2026-02-05T13:04:08.243+0000] {dag.py:3096} INFO - Sync 1 DAGs
[2026-02-05T13:04:08.250+0000] {logging_mixin.py:188} INFO - [2026-02-05T13:04:08.250+0000] {dag.py:3954} INFO - Setting next_dagrun for example_kubernetes_executor to None, run_after=None
[2026-02-05T13:04:08.259+0000] {processor.py:183} INFO - Processing /home/airflow/.local/lib/python3.12/site-packages/airflow/example_dags/example_kubernetes_executor.py took 0.050 seconds
[2026-02-05T13:04:38.550+0000] {processor.py:161} INFO - Started process (PID=1114) to work on /home/airflow/.local/lib/python3.12/site-packages/airflow/example_dags/example_kubernetes_executor.py
[2026-02-05T13:04:38.551+0000] {processor.py:830} INFO - Processing file /home/airflow/.local/lib/python3.12/site-packages/airflow/example_dags/example_kubernetes_executor.py for tasks to queue
[2026-02-05T13:04:38.552+0000] {logging_mixin.py:188} INFO - [2026-02-05T13:04:38.552+0000] {dagbag.py:540} INFO - Filling up the DagBag from /home/airflow/.local/lib/python3.12/site-packages/airflow/example_dags/example_kubernetes_executor.py
[2026-02-05T13:04:38.559+0000] {processor.py:840} INFO - DAG(s) 'example_kubernetes_executor' retrieved from /home/airflow/.local/lib/python3.12/site-packages/airflow/example_dags/example_kubernetes_executor.py
[2026-02-05T13:04:38.583+0000] {logging_mixin.py:188} INFO - [2026-02-05T13:04:38.583+0000] {dag.py:3096} INFO - Sync 1 DAGs
[2026-02-05T13:04:38.590+0000] {logging_mixin.py:188} INFO - [2026-02-05T13:04:38.589+0000] {dag.py:3954} INFO - Setting next_dagrun for example_kubernetes_executor to None, run_after=None
[2026-02-05T13:04:38.600+0000] {processor.py:183} INFO - Processing /home/airflow/.local/lib/python3.12/site-packages/airflow/example_dags/example_kubernetes_executor.py took 0.053 seconds
[2026-02-05T13:05:09.367+0000] {processor.py:161} INFO - Started process (PID=1172) to work on /home/airflow/.local/lib/python3.12/site-packages/airflow/example_dags/example_kubernetes_executor.py
[2026-02-05T13:05:09.367+0000] {processor.py:830} INFO - Processing file /home/airflow/.local/lib/python3.12/site-packages/airflow/example_dags/example_kubernetes_executor.py for tasks to queue
[2026-02-05T13:05:09.368+0000] {logging_mixin.py:188} INFO - [2026-02-05T13:05:09.368+0000] {dagbag.py:540} INFO - Filling up the DagBag from /home/airflow/.local/lib/python3.12/site-packages/airflow/example_dags/example_kubernetes_executor.py
[2026-02-05T13:05:09.376+0000] {processor.py:840} INFO - DAG(s) 'example_kubernetes_executor' retrieved from /home/airflow/.local/lib/python3.12/site-packages/airflow/example_dags/example_kubernetes_executor.py
[2026-02-05T13:05:09.503+0000] {logging_mixin.py:188} INFO - [2026-02-05T13:05:09.503+0000] {dag.py:3096} INFO - Sync 1 DAGs
[2026-02-05T13:05:09.509+0000] {logging_mixin.py:188} INFO - [2026-02-05T13:05:09.509+0000] {dag.py:3954} INFO - Setting next_dagrun for example_kubernetes_executor to None, run_after=None
[2026-02-05T13:05:09.518+0000] {processor.py:183} INFO - Processing /home/airflow/.local/lib/python3.12/site-packages/airflow/example_dags/example_kubernetes_executor.py took 0.155 seconds
[2026-02-05T13:05:39.677+0000] {processor.py:161} INFO - Started process (PID=1230) to work on /home/airflow/.local/lib/python3.12/site-packages/airflow/example_dags/example_kubernetes_executor.py
[2026-02-05T13:05:39.678+0000] {processor.py:830} INFO - Processing file /home/airflow/.local/lib/python3.12/site-packages/airflow/example_dags/example_kubernetes_executor.py for tasks to queue
[2026-02-05T13:05:39.679+0000] {logging_mixin.py:188} INFO - [2026-02-05T13:05:39.679+0000] {dagbag.py:540} INFO - Filling up the DagBag from /home/airflow/.local/lib/python3.12/site-packages/airflow/example_dags/example_kubernetes_executor.py
[2026-02-05T13:05:39.685+0000] {processor.py:840} INFO - DAG(s) 'example_kubernetes_executor' retrieved from /home/airflow/.local/lib/python3.12/site-packages/airflow/example_dags/example_kubernetes_executor.py
[2026-02-05T13:05:39.707+0000] {logging_mixin.py:188} INFO - [2026-02-05T13:05:39.707+0000] {dag.py:3096} INFO - Sync 1 DAGs
[2026-02-05T13:05:39.814+0000] {logging_mixin.py:188} INFO - [2026-02-05T13:05:39.814+0000] {dag.py:3954} INFO - Setting next_dagrun for example_kubernetes_executor to None, run_after=None
[2026-02-05T13:05:39.824+0000] {processor.py:183} INFO - Processing /home/airflow/.local/lib/python3.12/site-packages/airflow/example_dags/example_kubernetes_executor.py took 0.150 seconds
[2026-02-05T13:06:10.327+0000] {processor.py:161} INFO - Started process (PID=1287) to work on /home/airflow/.local/lib/python3.12/site-packages/airflow/example_dags/example_kubernetes_executor.py
[2026-02-05T13:06:10.327+0000] {processor.py:830} INFO - Processing file /home/airflow/.local/lib/python3.12/site-packages/airflow/example_dags/example_kubernetes_executor.py for tasks to queue
[2026-02-05T13:06:10.329+0000] {logging_mixin.py:188} INFO - [2026-02-05T13:06:10.328+0000] {dagbag.py:540} INFO - Filling up the DagBag from /home/airflow/.local/lib/python3.12/site-packages/airflow/example_dags/example_kubernetes_executor.py
[2026-02-05T13:06:10.336+0000] {processor.py:840} INFO - DAG(s) 'example_kubernetes_executor' retrieved from /home/airflow/.local/lib/python3.12/site-packages/airflow/example_dags/example_kubernetes_executor.py
[2026-02-05T13:06:10.363+0000] {logging_mixin.py:188} INFO - [2026-02-05T13:06:10.363+0000] {dag.py:3096} INFO - Sync 1 DAGs
[2026-02-05T13:06:10.370+0000] {logging_mixin.py:188} INFO - [2026-02-05T13:06:10.370+0000] {dag.py:3954} INFO - Setting next_dagrun for example_kubernetes_executor to None, run_after=None
[2026-02-05T13:06:10.382+0000] {processor.py:183} INFO - Processing /home/airflow/.local/lib/python3.12/site-packages/airflow/example_dags/example_kubernetes_executor.py took 0.059 seconds
[2026-02-05T13:06:41.463+0000] {processor.py:161} INFO - Started process (PID=1345) to work on /home/airflow/.local/lib/python3.12/site-packages/airflow/example_dags/example_kubernetes_executor.py
[2026-02-05T13:06:41.463+0000] {processor.py:830} INFO - Processing file /home/airflow/.local/lib/python3.12/site-packages/airflow/example_dags/example_kubernetes_executor.py for tasks to queue
[2026-02-05T13:06:41.465+0000] {logging_mixin.py:188} INFO - [2026-02-05T13:06:41.465+0000] {dagbag.py:540} INFO - Filling up the DagBag from /home/airflow/.local/lib/python3.12/site-packages/airflow/example_dags/example_kubernetes_executor.py
[2026-02-05T13:06:41.473+0000] {processor.py:840} INFO - DAG(s) 'example_kubernetes_executor' retrieved from /home/airflow/.local/lib/python3.12/site-packages/airflow/example_dags/example_kubernetes_executor.py
[2026-02-05T13:06:41.496+0000] {logging_mixin.py:188} INFO - [2026-02-05T13:06:41.496+0000] {dag.py:3096} INFO - Sync 1 DAGs
[2026-02-05T13:06:41.502+0000] {logging_mixin.py:188} INFO - [2026-02-05T13:06:41.502+0000] {dag.py:3954} INFO - Setting next_dagrun for example_kubernetes_executor to None, run_after=None
[2026-02-05T13:06:41.513+0000] {processor.py:183} INFO - Processing /home/airflow/.local/lib/python3.12/site-packages/airflow/example_dags/example_kubernetes_executor.py took 0.053 seconds
[2026-02-05T13:07:11.613+0000] {processor.py:161} INFO - Started process (PID=1403) to work on /home/airflow/.local/lib/python3.12/site-packages/airflow/example_dags/example_kubernetes_executor.py
[2026-02-05T13:07:11.614+0000] {processor.py:830} INFO - Processing file /home/airflow/.local/lib/python3.12/site-packages/airflow/example_dags/example_kubernetes_executor.py for tasks to queue
[2026-02-05T13:07:11.615+0000] {logging_mixin.py:188} INFO - [2026-02-05T13:07:11.615+0000] {dagbag.py:540} INFO - Filling up the DagBag from /home/airflow/.local/lib/python3.12/site-packages/airflow/example_dags/example_kubernetes_executor.py
[2026-02-05T13:07:11.625+0000] {processor.py:840} INFO - DAG(s) 'example_kubernetes_executor' retrieved from /home/airflow/.local/lib/python3.12/site-packages/airflow/example_dags/example_kubernetes_executor.py
[2026-02-05T13:07:11.660+0000] {logging_mixin.py:188} INFO - [2026-02-05T13:07:11.659+0000] {dag.py:3096} INFO - Sync 1 DAGs
[2026-02-05T13:07:11.669+0000] {logging_mixin.py:188} INFO - [2026-02-05T13:07:11.669+0000] {dag.py:3954} INFO - Setting next_dagrun for example_kubernetes_executor to None, run_after=None
[2026-02-05T13:07:11.689+0000] {processor.py:183} INFO - Processing /home/airflow/.local/lib/python3.12/site-packages/airflow/example_dags/example_kubernetes_executor.py took 0.084 seconds
[2026-02-05T13:07:41.746+0000] {processor.py:161} INFO - Started process (PID=1461) to work on /home/airflow/.local/lib/python3.12/site-packages/airflow/example_dags/example_kubernetes_executor.py
[2026-02-05T13:07:41.747+0000] {processor.py:830} INFO - Processing file /home/airflow/.local/lib/python3.12/site-packages/airflow/example_dags/example_kubernetes_executor.py for tasks to queue
[2026-02-05T13:07:41.748+0000] {logging_mixin.py:188} INFO - [2026-02-05T13:07:41.747+0000] {dagbag.py:540} INFO - Filling up the DagBag from /home/airflow/.local/lib/python3.12/site-packages/airflow/example_dags/example_kubernetes_executor.py
[2026-02-05T13:07:41.755+0000] {processor.py:840} INFO - DAG(s) 'example_kubernetes_executor' retrieved from /home/airflow/.local/lib/python3.12/site-packages/airflow/example_dags/example_kubernetes_executor.py
[2026-02-05T13:07:41.777+0000] {logging_mixin.py:188} INFO - [2026-02-05T13:07:41.777+0000] {dag.py:3096} INFO - Sync 1 DAGs
[2026-02-05T13:07:41.783+0000] {logging_mixin.py:188} INFO - [2026-02-05T13:07:41.783+0000] {dag.py:3954} INFO - Setting next_dagrun for example_kubernetes_executor to None, run_after=None
[2026-02-05T13:07:41.791+0000] {processor.py:183} INFO - Processing /home/airflow/.local/lib/python3.12/site-packages/airflow/example_dags/example_kubernetes_executor.py took 0.049 seconds
[2026-02-05T13:08:11.989+0000] {processor.py:161} INFO - Started process (PID=1519) to work on /home/airflow/.local/lib/python3.12/site-packages/airflow/example_dags/example_kubernetes_executor.py
[2026-02-05T13:08:11.990+0000] {processor.py:830} INFO - Processing file /home/airflow/.local/lib/python3.12/site-packages/airflow/example_dags/example_kubernetes_executor.py for tasks to queue
[2026-02-05T13:08:11.991+0000] {logging_mixin.py:188} INFO - [2026-02-05T13:08:11.990+0000] {dagbag.py:540} INFO - Filling up the DagBag from /home/airflow/.local/lib/python3.12/site-packages/airflow/example_dags/example_kubernetes_executor.py
[2026-02-05T13:08:11.999+0000] {processor.py:840} INFO - DAG(s) 'example_kubernetes_executor' retrieved from /home/airflow/.local/lib/python3.12/site-packages/airflow/example_dags/example_kubernetes_executor.py
[2026-02-05T13:08:12.024+0000] {logging_mixin.py:188} INFO - [2026-02-05T13:08:12.024+0000] {dag.py:3096} INFO - Sync 1 DAGs
[2026-02-05T13:08:12.032+0000] {logging_mixin.py:188} INFO - [2026-02-05T13:08:12.032+0000] {dag.py:3954} INFO - Setting next_dagrun for example_kubernetes_executor to None, run_after=None
[2026-02-05T13:08:12.042+0000] {processor.py:183} INFO - Processing /home/airflow/.local/lib/python3.12/site-packages/airflow/example_dags/example_kubernetes_executor.py took 0.057 seconds
[2026-02-05T13:08:42.219+0000] {processor.py:161} INFO - Started process (PID=1576) to work on /home/airflow/.local/lib/python3.12/site-packages/airflow/example_dags/example_kubernetes_executor.py
[2026-02-05T13:08:42.220+0000] {processor.py:830} INFO - Processing file /home/airflow/.local/lib/python3.12/site-packages/airflow/example_dags/example_kubernetes_executor.py for tasks to queue
[2026-02-05T13:08:42.221+0000] {logging_mixin.py:188} INFO - [2026-02-05T13:08:42.220+0000] {dagbag.py:540} INFO - Filling up the DagBag from /home/airflow/.local/lib/python3.12/site-packages/airflow/example_dags/example_kubernetes_executor.py
[2026-02-05T13:08:42.232+0000] {processor.py:840} INFO - DAG(s) 'example_kubernetes_executor' retrieved from /home/airflow/.local/lib/python3.12/site-packages/airflow/example_dags/example_kubernetes_executor.py
[2026-02-05T13:08:42.258+0000] {logging_mixin.py:188} INFO - [2026-02-05T13:08:42.258+0000] {dag.py:3096} INFO - Sync 1 DAGs
[2026-02-05T13:08:42.267+0000] {logging_mixin.py:188} INFO - [2026-02-05T13:08:42.267+0000] {dag.py:3954} INFO - Setting next_dagrun for example_kubernetes_executor to None, run_after=None
[2026-02-05T13:08:42.281+0000] {processor.py:183} INFO - Processing /home/airflow/.local/lib/python3.12/site-packages/airflow/example_dags/example_kubernetes_executor.py took 0.065 seconds
[2026-02-05T13:09:12.378+0000] {processor.py:161} INFO - Started process (PID=1634) to work on /home/airflow/.local/lib/python3.12/site-packages/airflow/example_dags/example_kubernetes_executor.py
[2026-02-05T13:09:12.378+0000] {processor.py:830} INFO - Processing file /home/airflow/.local/lib/python3.12/site-packages/airflow/example_dags/example_kubernetes_executor.py for tasks to queue
[2026-02-05T13:09:12.379+0000] {logging_mixin.py:188} INFO - [2026-02-05T13:09:12.379+0000] {dagbag.py:540} INFO - Filling up the DagBag from /home/airflow/.local/lib/python3.12/site-packages/airflow/example_dags/example_kubernetes_executor.py
[2026-02-05T13:09:12.391+0000] {processor.py:840} INFO - DAG(s) 'example_kubernetes_executor' retrieved from /home/airflow/.local/lib/python3.12/site-packages/airflow/example_dags/example_kubernetes_executor.py
[2026-02-05T13:09:12.414+0000] {logging_mixin.py:188} INFO - [2026-02-05T13:09:12.414+0000] {dag.py:3096} INFO - Sync 1 DAGs
[2026-02-05T13:09:12.421+0000] {logging_mixin.py:188} INFO - [2026-02-05T13:09:12.420+0000] {dag.py:3954} INFO - Setting next_dagrun for example_kubernetes_executor to None, run_after=None
[2026-02-05T13:09:12.433+0000] {processor.py:183} INFO - Processing /home/airflow/.local/lib/python3.12/site-packages/airflow/example_dags/example_kubernetes_executor.py took 0.058 seconds
[2026-02-05T13:09:42.704+0000] {processor.py:161} INFO - Started process (PID=1692) to work on /home/airflow/.local/lib/python3.12/site-packages/airflow/example_dags/example_kubernetes_executor.py
[2026-02-05T13:09:42.704+0000] {processor.py:830} INFO - Processing file /home/airflow/.local/lib/python3.12/site-packages/airflow/example_dags/example_kubernetes_executor.py for tasks to queue
[2026-02-05T13:09:42.705+0000] {logging_mixin.py:188} INFO - [2026-02-05T13:09:42.705+0000] {dagbag.py:540} INFO - Filling up the DagBag from /home/airflow/.local/lib/python3.12/site-packages/airflow/example_dags/example_kubernetes_executor.py
[2026-02-05T13:09:42.712+0000] {processor.py:840} INFO - DAG(s) 'example_kubernetes_executor' retrieved from /home/airflow/.local/lib/python3.12/site-packages/airflow/example_dags/example_kubernetes_executor.py
[2026-02-05T13:09:42.734+0000] {logging_mixin.py:188} INFO - [2026-02-05T13:09:42.734+0000] {dag.py:3096} INFO - Sync 1 DAGs
[2026-02-05T13:09:42.741+0000] {logging_mixin.py:188} INFO - [2026-02-05T13:09:42.741+0000] {dag.py:3954} INFO - Setting next_dagrun for example_kubernetes_executor to None, run_after=None
[2026-02-05T13:09:42.751+0000] {processor.py:183} INFO - Processing /home/airflow/.local/lib/python3.12/site-packages/airflow/example_dags/example_kubernetes_executor.py took 0.053 seconds
[2026-02-05T13:10:13.020+0000] {processor.py:161} INFO - Started process (PID=1749) to work on /home/airflow/.local/lib/python3.12/site-packages/airflow/example_dags/example_kubernetes_executor.py
[2026-02-05T13:10:13.021+0000] {processor.py:830} INFO - Processing file /home/airflow/.local/lib/python3.12/site-packages/airflow/example_dags/example_kubernetes_executor.py for tasks to queue
[2026-02-05T13:10:13.022+0000] {logging_mixin.py:188} INFO - [2026-02-05T13:10:13.022+0000] {dagbag.py:540} INFO - Filling up the DagBag from /home/airflow/.local/lib/python3.12/site-packages/airflow/example_dags/example_kubernetes_executor.py
[2026-02-05T13:10:13.030+0000] {processor.py:840} INFO - DAG(s) 'example_kubernetes_executor' retrieved from /home/airflow/.local/lib/python3.12/site-packages/airflow/example_dags/example_kubernetes_executor.py
[2026-02-05T13:10:13.054+0000] {logging_mixin.py:188} INFO - [2026-02-05T13:10:13.054+0000] {dag.py:3096} INFO - Sync 1 DAGs
[2026-02-05T13:10:13.062+0000] {logging_mixin.py:188} INFO - [2026-02-05T13:10:13.062+0000] {dag.py:3954} INFO - Setting next_dagrun for example_kubernetes_executor to None, run_after=None
[2026-02-05T13:10:13.073+0000] {processor.py:183} INFO - Processing /home/airflow/.local/lib/python3.12/site-packages/airflow/example_dags/example_kubernetes_executor.py took 0.057 seconds
[2026-02-05T13:10:43.164+0000] {processor.py:161} INFO - Started process (PID=1807) to work on /home/airflow/.local/lib/python3.12/site-packages/airflow/example_dags/example_kubernetes_executor.py
[2026-02-05T13:10:43.164+0000] {processor.py:830} INFO - Processing file /home/airflow/.local/lib/python3.12/site-packages/airflow/example_dags/example_kubernetes_executor.py for tasks to queue
[2026-02-05T13:10:43.165+0000] {logging_mixin.py:188} INFO - [2026-02-05T13:10:43.165+0000] {dagbag.py:540} INFO - Filling up the DagBag from /home/airflow/.local/lib/python3.12/site-packages/airflow/example_dags/example_kubernetes_executor.py
[2026-02-05T13:10:43.172+0000] {processor.py:840} INFO - DAG(s) 'example_kubernetes_executor' retrieved from /home/airflow/.local/lib/python3.12/site-packages/airflow/example_dags/example_kubernetes_executor.py
[2026-02-05T13:10:43.194+0000] {logging_mixin.py:188} INFO - [2026-02-05T13:10:43.194+0000] {dag.py:3096} INFO - Sync 1 DAGs
[2026-02-05T13:10:43.201+0000] {logging_mixin.py:188} INFO - [2026-02-05T13:10:43.201+0000] {dag.py:3954} INFO - Setting next_dagrun for example_kubernetes_executor to None, run_after=None
[2026-02-05T13:10:43.211+0000] {processor.py:183} INFO - Processing /home/airflow/.local/lib/python3.12/site-packages/airflow/example_dags/example_kubernetes_executor.py took 0.051 seconds
[2026-02-05T13:11:13.992+0000] {processor.py:161} INFO - Started process (PID=1865) to work on /home/airflow/.local/lib/python3.12/site-packages/airflow/example_dags/example_kubernetes_executor.py
[2026-02-05T13:11:13.992+0000] {processor.py:830} INFO - Processing file /home/airflow/.local/lib/python3.12/site-packages/airflow/example_dags/example_kubernetes_executor.py for tasks to queue
[2026-02-05T13:11:13.994+0000] {logging_mixin.py:188} INFO - [2026-02-05T13:11:13.993+0000] {dagbag.py:540} INFO - Filling up the DagBag from /home/airflow/.local/lib/python3.12/site-packages/airflow/example_dags/example_kubernetes_executor.py
[2026-02-05T13:11:14.001+0000] {processor.py:840} INFO - DAG(s) 'example_kubernetes_executor' retrieved from /home/airflow/.local/lib/python3.12/site-packages/airflow/example_dags/example_kubernetes_executor.py
[2026-02-05T13:11:14.026+0000] {logging_mixin.py:188} INFO - [2026-02-05T13:11:14.026+0000] {dag.py:3096} INFO - Sync 1 DAGs
[2026-02-05T13:11:14.033+0000] {logging_mixin.py:188} INFO - [2026-02-05T13:11:14.032+0000] {dag.py:3954} INFO - Setting next_dagrun for example_kubernetes_executor to None, run_after=None
[2026-02-05T13:11:14.042+0000] {processor.py:183} INFO - Processing /home/airflow/.local/lib/python3.12/site-packages/airflow/example_dags/example_kubernetes_executor.py took 0.054 seconds
[2026-02-05T13:11:44.889+0000] {processor.py:161} INFO - Started process (PID=1923) to work on /home/airflow/.local/lib/python3.12/site-packages/airflow/example_dags/example_kubernetes_executor.py
[2026-02-05T13:11:44.890+0000] {processor.py:830} INFO - Processing file /home/airflow/.local/lib/python3.12/site-packages/airflow/example_dags/example_kubernetes_executor.py for tasks to queue
[2026-02-05T13:11:44.891+0000] {logging_mixin.py:188} INFO - [2026-02-05T13:11:44.891+0000] {dagbag.py:540} INFO - Filling up the DagBag from /home/airflow/.local/lib/python3.12/site-packages/airflow/example_dags/example_kubernetes_executor.py
[2026-02-05T13:11:44.899+0000] {processor.py:840} INFO - DAG(s) 'example_kubernetes_executor' retrieved from /home/airflow/.local/lib/python3.12/site-packages/airflow/example_dags/example_kubernetes_executor.py
[2026-02-05T13:11:44.919+0000] {logging_mixin.py:188} INFO - [2026-02-05T13:11:44.919+0000] {dag.py:3096} INFO - Sync 1 DAGs
[2026-02-05T13:11:44.927+0000] {logging_mixin.py:188} INFO - [2026-02-05T13:11:44.927+0000] {dag.py:3954} INFO - Setting next_dagrun for example_kubernetes_executor to None, run_after=None
[2026-02-05T13:11:44.940+0000] {processor.py:183} INFO - Processing /home/airflow/.local/lib/python3.12/site-packages/airflow/example_dags/example_kubernetes_executor.py took 0.054 seconds
[2026-02-05T13:12:15.790+0000] {processor.py:161} INFO - Started process (PID=1981) to work on /home/airflow/.local/lib/python3.12/site-packages/airflow/example_dags/example_kubernetes_executor.py
[2026-02-05T13:12:15.790+0000] {processor.py:830} INFO - Processing file /home/airflow/.local/lib/python3.12/site-packages/airflow/example_dags/example_kubernetes_executor.py for tasks to queue
[2026-02-05T13:12:15.792+0000] {logging_mixin.py:188} INFO - [2026-02-05T13:12:15.791+0000] {dagbag.py:540} INFO - Filling up the DagBag from /home/airflow/.local/lib/python3.12/site-packages/airflow/example_dags/example_kubernetes_executor.py
[2026-02-05T13:12:15.799+0000] {processor.py:840} INFO - DAG(s) 'example_kubernetes_executor' retrieved from /home/airflow/.local/lib/python3.12/site-packages/airflow/example_dags/example_kubernetes_executor.py
[2026-02-05T13:12:15.819+0000] {logging_mixin.py:188} INFO - [2026-02-05T13:12:15.819+0000] {dag.py:3096} INFO - Sync 1 DAGs
[2026-02-05T13:12:15.826+0000] {logging_mixin.py:188} INFO - [2026-02-05T13:12:15.825+0000] {dag.py:3954} INFO - Setting next_dagrun for example_kubernetes_executor to None, run_after=None
[2026-02-05T13:12:15.836+0000] {processor.py:183} INFO - Processing /home/airflow/.local/lib/python3.12/site-packages/airflow/example_dags/example_kubernetes_executor.py took 0.050 seconds
[2026-02-05T13:12:46.743+0000] {processor.py:161} INFO - Started process (PID=2039) to work on /home/airflow/.local/lib/python3.12/site-packages/airflow/example_dags/example_kubernetes_executor.py
[2026-02-05T13:12:46.743+0000] {processor.py:830} INFO - Processing file /home/airflow/.local/lib/python3.12/site-packages/airflow/example_dags/example_kubernetes_executor.py for tasks to queue
[2026-02-05T13:12:46.744+0000] {logging_mixin.py:188} INFO - [2026-02-05T13:12:46.744+0000] {dagbag.py:540} INFO - Filling up the DagBag from /home/airflow/.local/lib/python3.12/site-packages/airflow/example_dags/example_kubernetes_executor.py
[2026-02-05T13:12:46.753+0000] {processor.py:840} INFO - DAG(s) 'example_kubernetes_executor' retrieved from /home/airflow/.local/lib/python3.12/site-packages/airflow/example_dags/example_kubernetes_executor.py
[2026-02-05T13:12:46.778+0000] {logging_mixin.py:188} INFO - [2026-02-05T13:12:46.778+0000] {dag.py:3096} INFO - Sync 1 DAGs
[2026-02-05T13:12:46.785+0000] {logging_mixin.py:188} INFO - [2026-02-05T13:12:46.785+0000] {dag.py:3954} INFO - Setting next_dagrun for example_kubernetes_executor to None, run_after=None
[2026-02-05T13:12:46.796+0000] {processor.py:183} INFO - Processing /home/airflow/.local/lib/python3.12/site-packages/airflow/example_dags/example_kubernetes_executor.py took 0.057 seconds
[2026-02-05T13:13:17.533+0000] {processor.py:161} INFO - Started process (PID=2096) to work on /home/airflow/.local/lib/python3.12/site-packages/airflow/example_dags/example_kubernetes_executor.py
[2026-02-05T13:13:17.534+0000] {processor.py:830} INFO - Processing file /home/airflow/.local/lib/python3.12/site-packages/airflow/example_dags/example_kubernetes_executor.py for tasks to queue
[2026-02-05T13:13:17.535+0000] {logging_mixin.py:188} INFO - [2026-02-05T13:13:17.535+0000] {dagbag.py:540} INFO - Filling up the DagBag from /home/airflow/.local/lib/python3.12/site-packages/airflow/example_dags/example_kubernetes_executor.py
[2026-02-05T13:13:17.542+0000] {processor.py:840} INFO - DAG(s) 'example_kubernetes_executor' retrieved from /home/airflow/.local/lib/python3.12/site-packages/airflow/example_dags/example_kubernetes_executor.py
[2026-02-05T13:13:17.562+0000] {logging_mixin.py:188} INFO - [2026-02-05T13:13:17.562+0000] {dag.py:3096} INFO - Sync 1 DAGs
[2026-02-05T13:13:17.568+0000] {logging_mixin.py:188} INFO - [2026-02-05T13:13:17.568+0000] {dag.py:3954} INFO - Setting next_dagrun for example_kubernetes_executor to None, run_after=None
[2026-02-05T13:13:17.578+0000] {processor.py:183} INFO - Processing /home/airflow/.local/lib/python3.12/site-packages/airflow/example_dags/example_kubernetes_executor.py took 0.049 seconds
[2026-02-05T13:13:48.342+0000] {processor.py:161} INFO - Started process (PID=2154) to work on /home/airflow/.local/lib/python3.12/site-packages/airflow/example_dags/example_kubernetes_executor.py
[2026-02-05T13:13:48.344+0000] {processor.py:830} INFO - Processing file /home/airflow/.local/lib/python3.12/site-packages/airflow/example_dags/example_kubernetes_executor.py for tasks to queue
[2026-02-05T13:13:48.345+0000] {logging_mixin.py:188} INFO - [2026-02-05T13:13:48.345+0000] {dagbag.py:540} INFO - Filling up the DagBag from /home/airflow/.local/lib/python3.12/site-packages/airflow/example_dags/example_kubernetes_executor.py
[2026-02-05T13:13:48.354+0000] {processor.py:840} INFO - DAG(s) 'example_kubernetes_executor' retrieved from /home/airflow/.local/lib/python3.12/site-packages/airflow/example_dags/example_kubernetes_executor.py
[2026-02-05T13:13:48.379+0000] {logging_mixin.py:188} INFO - [2026-02-05T13:13:48.379+0000] {dag.py:3096} INFO - Sync 1 DAGs
[2026-02-05T13:13:48.388+0000] {logging_mixin.py:188} INFO - [2026-02-05T13:13:48.388+0000] {dag.py:3954} INFO - Setting next_dagrun for example_kubernetes_executor to None, run_after=None
[2026-02-05T13:13:48.398+0000] {processor.py:183} INFO - Processing /home/airflow/.local/lib/python3.12/site-packages/airflow/example_dags/example_kubernetes_executor.py took 0.060 seconds
[2026-02-05T13:14:19.369+0000] {processor.py:161} INFO - Started process (PID=2212) to work on /home/airflow/.local/lib/python3.12/site-packages/airflow/example_dags/example_kubernetes_executor.py
[2026-02-05T13:14:19.369+0000] {processor.py:830} INFO - Processing file /home/airflow/.local/lib/python3.12/site-packages/airflow/example_dags/example_kubernetes_executor.py for tasks to queue
[2026-02-05T13:14:19.371+0000] {logging_mixin.py:188} INFO - [2026-02-05T13:14:19.371+0000] {dagbag.py:540} INFO - Filling up the DagBag from /home/airflow/.local/lib/python3.12/site-packages/airflow/example_dags/example_kubernetes_executor.py
[2026-02-05T13:14:19.379+0000] {processor.py:840} INFO - DAG(s) 'example_kubernetes_executor' retrieved from /home/airflow/.local/lib/python3.12/site-packages/airflow/example_dags/example_kubernetes_executor.py
[2026-02-05T13:14:19.404+0000] {logging_mixin.py:188} INFO - [2026-02-05T13:14:19.404+0000] {dag.py:3096} INFO - Sync 1 DAGs
[2026-02-05T13:14:19.412+0000] {logging_mixin.py:188} INFO - [2026-02-05T13:14:19.412+0000] {dag.py:3954} INFO - Setting next_dagrun for example_kubernetes_executor to None, run_after=None
[2026-02-05T13:14:19.422+0000] {processor.py:183} INFO - Processing /home/airflow/.local/lib/python3.12/site-packages/airflow/example_dags/example_kubernetes_executor.py took 0.057 seconds
[2026-02-05T13:14:49.477+0000] {processor.py:161} INFO - Started process (PID=2270) to work on /home/airflow/.local/lib/python3.12/site-packages/airflow/example_dags/example_kubernetes_executor.py
[2026-02-05T13:14:49.478+0000] {processor.py:830} INFO - Processing file /home/airflow/.local/lib/python3.12/site-packages/airflow/example_dags/example_kubernetes_executor.py for tasks to queue
[2026-02-05T13:14:49.479+0000] {logging_mixin.py:188} INFO - [2026-02-05T13:14:49.479+0000] {dagbag.py:540} INFO - Filling up the DagBag from /home/airflow/.local/lib/python3.12/site-packages/airflow/example_dags/example_kubernetes_executor.py
[2026-02-05T13:14:49.487+0000] {processor.py:840} INFO - DAG(s) 'example_kubernetes_executor' retrieved from /home/airflow/.local/lib/python3.12/site-packages/airflow/example_dags/example_kubernetes_executor.py
[2026-02-05T13:14:49.510+0000] {logging_mixin.py:188} INFO - [2026-02-05T13:14:49.510+0000] {dag.py:3096} INFO - Sync 1 DAGs
[2026-02-05T13:14:49.517+0000] {logging_mixin.py:188} INFO - [2026-02-05T13:14:49.517+0000] {dag.py:3954} INFO - Setting next_dagrun for example_kubernetes_executor to None, run_after=None
[2026-02-05T13:14:49.528+0000] {processor.py:183} INFO - Processing /home/airflow/.local/lib/python3.12/site-packages/airflow/example_dags/example_kubernetes_executor.py took 0.055 seconds
[2026-02-05T13:15:20.455+0000] {processor.py:161} INFO - Started process (PID=2327) to work on /home/airflow/.local/lib/python3.12/site-packages/airflow/example_dags/example_kubernetes_executor.py
[2026-02-05T13:15:20.456+0000] {processor.py:830} INFO - Processing file /home/airflow/.local/lib/python3.12/site-packages/airflow/example_dags/example_kubernetes_executor.py for tasks to queue
[2026-02-05T13:15:20.457+0000] {logging_mixin.py:188} INFO - [2026-02-05T13:15:20.457+0000] {dagbag.py:540} INFO - Filling up the DagBag from /home/airflow/.local/lib/python3.12/site-packages/airflow/example_dags/example_kubernetes_executor.py
[2026-02-05T13:15:20.466+0000] {processor.py:840} INFO - DAG(s) 'example_kubernetes_executor' retrieved from /home/airflow/.local/lib/python3.12/site-packages/airflow/example_dags/example_kubernetes_executor.py
[2026-02-05T13:15:20.489+0000] {logging_mixin.py:188} INFO - [2026-02-05T13:15:20.489+0000] {dag.py:3096} INFO - Sync 1 DAGs
[2026-02-05T13:15:20.496+0000] {logging_mixin.py:188} INFO - [2026-02-05T13:15:20.496+0000] {dag.py:3954} INFO - Setting next_dagrun for example_kubernetes_executor to None, run_after=None
[2026-02-05T13:15:20.508+0000] {processor.py:183} INFO - Processing /home/airflow/.local/lib/python3.12/site-packages/airflow/example_dags/example_kubernetes_executor.py took 0.057 seconds
[2026-02-05T13:15:51.317+0000] {processor.py:161} INFO - Started process (PID=2385) to work on /home/airflow/.local/lib/python3.12/site-packages/airflow/example_dags/example_kubernetes_executor.py
[2026-02-05T13:15:51.318+0000] {processor.py:830} INFO - Processing file /home/airflow/.local/lib/python3.12/site-packages/airflow/example_dags/example_kubernetes_executor.py for tasks to queue
[2026-02-05T13:15:51.319+0000] {logging_mixin.py:188} INFO - [2026-02-05T13:15:51.319+0000] {dagbag.py:540} INFO - Filling up the DagBag from /home/airflow/.local/lib/python3.12/site-packages/airflow/example_dags/example_kubernetes_executor.py
[2026-02-05T13:15:51.325+0000] {processor.py:840} INFO - DAG(s) 'example_kubernetes_executor' retrieved from /home/airflow/.local/lib/python3.12/site-packages/airflow/example_dags/example_kubernetes_executor.py
[2026-02-05T13:15:51.347+0000] {logging_mixin.py:188} INFO - [2026-02-05T13:15:51.347+0000] {dag.py:3096} INFO - Sync 1 DAGs
[2026-02-05T13:15:51.354+0000] {logging_mixin.py:188} INFO - [2026-02-05T13:15:51.354+0000] {dag.py:3954} INFO - Setting next_dagrun for example_kubernetes_executor to None, run_after=None
[2026-02-05T13:15:51.364+0000] {processor.py:183} INFO - Processing /home/airflow/.local/lib/python3.12/site-packages/airflow/example_dags/example_kubernetes_executor.py took 0.051 seconds
[2026-02-05T13:16:22.301+0000] {processor.py:161} INFO - Started process (PID=2443) to work on /home/airflow/.local/lib/python3.12/site-packages/airflow/example_dags/example_kubernetes_executor.py
[2026-02-05T13:16:22.305+0000] {processor.py:830} INFO - Processing file /home/airflow/.local/lib/python3.12/site-packages/airflow/example_dags/example_kubernetes_executor.py for tasks to queue
[2026-02-05T13:16:22.306+0000] {logging_mixin.py:188} INFO - [2026-02-05T13:16:22.306+0000] {dagbag.py:540} INFO - Filling up the DagBag from /home/airflow/.local/lib/python3.12/site-packages/airflow/example_dags/example_kubernetes_executor.py
[2026-02-05T13:16:22.314+0000] {processor.py:840} INFO - DAG(s) 'example_kubernetes_executor' retrieved from /home/airflow/.local/lib/python3.12/site-packages/airflow/example_dags/example_kubernetes_executor.py
[2026-02-05T13:16:22.336+0000] {logging_mixin.py:188} INFO - [2026-02-05T13:16:22.336+0000] {dag.py:3096} INFO - Sync 1 DAGs
[2026-02-05T13:16:22.343+0000] {logging_mixin.py:188} INFO - [2026-02-05T13:16:22.343+0000] {dag.py:3954} INFO - Setting next_dagrun for example_kubernetes_executor to None, run_after=None
[2026-02-05T13:16:22.362+0000] {processor.py:183} INFO - Processing /home/airflow/.local/lib/python3.12/site-packages/airflow/example_dags/example_kubernetes_executor.py took 0.064 seconds
[2026-02-05T13:16:53.373+0000] {processor.py:161} INFO - Started process (PID=2501) to work on /home/airflow/.local/lib/python3.12/site-packages/airflow/example_dags/example_kubernetes_executor.py
[2026-02-05T13:16:53.374+0000] {processor.py:830} INFO - Processing file /home/airflow/.local/lib/python3.12/site-packages/airflow/example_dags/example_kubernetes_executor.py for tasks to queue
[2026-02-05T13:16:53.375+0000] {logging_mixin.py:188} INFO - [2026-02-05T13:16:53.375+0000] {dagbag.py:540} INFO - Filling up the DagBag from /home/airflow/.local/lib/python3.12/site-packages/airflow/example_dags/example_kubernetes_executor.py
[2026-02-05T13:16:53.384+0000] {processor.py:840} INFO - DAG(s) 'example_kubernetes_executor' retrieved from /home/airflow/.local/lib/python3.12/site-packages/airflow/example_dags/example_kubernetes_executor.py
[2026-02-05T13:16:53.413+0000] {logging_mixin.py:188} INFO - [2026-02-05T13:16:53.413+0000] {dag.py:3096} INFO - Sync 1 DAGs
[2026-02-05T13:16:53.420+0000] {logging_mixin.py:188} INFO - [2026-02-05T13:16:53.420+0000] {dag.py:3954} INFO - Setting next_dagrun for example_kubernetes_executor to None, run_after=None
[2026-02-05T13:16:53.434+0000] {processor.py:183} INFO - Processing /home/airflow/.local/lib/python3.12/site-packages/airflow/example_dags/example_kubernetes_executor.py took 0.065 seconds
[2026-02-05T13:17:24.430+0000] {processor.py:161} INFO - Started process (PID=2559) to work on /home/airflow/.local/lib/python3.12/site-packages/airflow/example_dags/example_kubernetes_executor.py
[2026-02-05T13:17:24.431+0000] {processor.py:830} INFO - Processing file /home/airflow/.local/lib/python3.12/site-packages/airflow/example_dags/example_kubernetes_executor.py for tasks to queue
[2026-02-05T13:17:24.433+0000] {logging_mixin.py:188} INFO - [2026-02-05T13:17:24.433+0000] {dagbag.py:540} INFO - Filling up the DagBag from /home/airflow/.local/lib/python3.12/site-packages/airflow/example_dags/example_kubernetes_executor.py
[2026-02-05T13:17:24.448+0000] {processor.py:840} INFO - DAG(s) 'example_kubernetes_executor' retrieved from /home/airflow/.local/lib/python3.12/site-packages/airflow/example_dags/example_kubernetes_executor.py
[2026-02-05T13:17:24.478+0000] {logging_mixin.py:188} INFO - [2026-02-05T13:17:24.477+0000] {dag.py:3096} INFO - Sync 1 DAGs
[2026-02-05T13:17:24.488+0000] {logging_mixin.py:188} INFO - [2026-02-05T13:17:24.488+0000] {dag.py:3954} INFO - Setting next_dagrun for example_kubernetes_executor to None, run_after=None
[2026-02-05T13:17:24.500+0000] {processor.py:183} INFO - Processing /home/airflow/.local/lib/python3.12/site-packages/airflow/example_dags/example_kubernetes_executor.py took 0.076 seconds
[2026-02-05T13:17:54.576+0000] {processor.py:161} INFO - Started process (PID=2616) to work on /home/airflow/.local/lib/python3.12/site-packages/airflow/example_dags/example_kubernetes_executor.py
[2026-02-05T13:17:54.577+0000] {processor.py:830} INFO - Processing file /home/airflow/.local/lib/python3.12/site-packages/airflow/example_dags/example_kubernetes_executor.py for tasks to queue
[2026-02-05T13:17:54.578+0000] {logging_mixin.py:188} INFO - [2026-02-05T13:17:54.578+0000] {dagbag.py:540} INFO - Filling up the DagBag from /home/airflow/.local/lib/python3.12/site-packages/airflow/example_dags/example_kubernetes_executor.py
[2026-02-05T13:17:54.586+0000] {processor.py:840} INFO - DAG(s) 'example_kubernetes_executor' retrieved from /home/airflow/.local/lib/python3.12/site-packages/airflow/example_dags/example_kubernetes_executor.py
[2026-02-05T13:17:54.613+0000] {logging_mixin.py:188} INFO - [2026-02-05T13:17:54.612+0000] {dag.py:3096} INFO - Sync 1 DAGs
[2026-02-05T13:17:54.621+0000] {logging_mixin.py:188} INFO - [2026-02-05T13:17:54.620+0000] {dag.py:3954} INFO - Setting next_dagrun for example_kubernetes_executor to None, run_after=None
[2026-02-05T13:17:54.632+0000] {processor.py:183} INFO - Processing /home/airflow/.local/lib/python3.12/site-packages/airflow/example_dags/example_kubernetes_executor.py took 0.059 seconds
