[2026-02-05T12:55:34.454+0000] {processor.py:161} INFO - Started process (PID=87) to work on /home/airflow/.local/lib/python3.12/site-packages/airflow/example_dags/example_dag_decorator.py
[2026-02-05T12:55:34.455+0000] {processor.py:830} INFO - Processing file /home/airflow/.local/lib/python3.12/site-packages/airflow/example_dags/example_dag_decorator.py for tasks to queue
[2026-02-05T12:55:34.456+0000] {logging_mixin.py:188} INFO - [2026-02-05T12:55:34.456+0000] {dagbag.py:540} INFO - Filling up the DagBag from /home/airflow/.local/lib/python3.12/site-packages/airflow/example_dags/example_dag_decorator.py
[2026-02-05T12:55:34.660+0000] {processor.py:840} INFO - DAG(s) 'example_dag_decorator' retrieved from /home/airflow/.local/lib/python3.12/site-packages/airflow/example_dags/example_dag_decorator.py
[2026-02-05T12:55:34.670+0000] {logging_mixin.py:188} INFO - [2026-02-05T12:55:34.670+0000] {dag.py:3096} INFO - Sync 1 DAGs
[2026-02-05T12:55:34.685+0000] {logging_mixin.py:188} INFO - [2026-02-05T12:55:34.685+0000] {dag.py:3954} INFO - Setting next_dagrun for example_dag_decorator to None, run_after=None
[2026-02-05T12:55:34.706+0000] {processor.py:183} INFO - Processing /home/airflow/.local/lib/python3.12/site-packages/airflow/example_dags/example_dag_decorator.py took 0.255 seconds
[2026-02-05T12:56:05.562+0000] {processor.py:161} INFO - Started process (PID=147) to work on /home/airflow/.local/lib/python3.12/site-packages/airflow/example_dags/example_dag_decorator.py
[2026-02-05T12:56:05.564+0000] {processor.py:830} INFO - Processing file /home/airflow/.local/lib/python3.12/site-packages/airflow/example_dags/example_dag_decorator.py for tasks to queue
[2026-02-05T12:56:05.565+0000] {logging_mixin.py:188} INFO - [2026-02-05T12:56:05.565+0000] {dagbag.py:540} INFO - Filling up the DagBag from /home/airflow/.local/lib/python3.12/site-packages/airflow/example_dags/example_dag_decorator.py
[2026-02-05T12:56:05.623+0000] {processor.py:840} INFO - DAG(s) 'example_dag_decorator' retrieved from /home/airflow/.local/lib/python3.12/site-packages/airflow/example_dags/example_dag_decorator.py
[2026-02-05T12:56:05.700+0000] {logging_mixin.py:188} INFO - [2026-02-05T12:56:05.700+0000] {dag.py:3096} INFO - Sync 1 DAGs
[2026-02-05T12:56:05.709+0000] {logging_mixin.py:188} INFO - [2026-02-05T12:56:05.709+0000] {dag.py:3954} INFO - Setting next_dagrun for example_dag_decorator to None, run_after=None
[2026-02-05T12:56:05.719+0000] {processor.py:183} INFO - Processing /home/airflow/.local/lib/python3.12/site-packages/airflow/example_dags/example_dag_decorator.py took 0.160 seconds
[2026-02-05T12:56:36.047+0000] {processor.py:161} INFO - Started process (PID=203) to work on /home/airflow/.local/lib/python3.12/site-packages/airflow/example_dags/example_dag_decorator.py
[2026-02-05T12:56:36.048+0000] {processor.py:830} INFO - Processing file /home/airflow/.local/lib/python3.12/site-packages/airflow/example_dags/example_dag_decorator.py for tasks to queue
[2026-02-05T12:56:36.049+0000] {logging_mixin.py:188} INFO - [2026-02-05T12:56:36.049+0000] {dagbag.py:540} INFO - Filling up the DagBag from /home/airflow/.local/lib/python3.12/site-packages/airflow/example_dags/example_dag_decorator.py
[2026-02-05T12:56:36.109+0000] {processor.py:840} INFO - DAG(s) 'example_dag_decorator' retrieved from /home/airflow/.local/lib/python3.12/site-packages/airflow/example_dags/example_dag_decorator.py
[2026-02-05T12:56:36.187+0000] {logging_mixin.py:188} INFO - [2026-02-05T12:56:36.187+0000] {dag.py:3096} INFO - Sync 1 DAGs
[2026-02-05T12:56:36.193+0000] {logging_mixin.py:188} INFO - [2026-02-05T12:56:36.193+0000] {dag.py:3954} INFO - Setting next_dagrun for example_dag_decorator to None, run_after=None
[2026-02-05T12:56:36.377+0000] {processor.py:183} INFO - Processing /home/airflow/.local/lib/python3.12/site-packages/airflow/example_dags/example_dag_decorator.py took 0.334 seconds
[2026-02-05T12:57:07.236+0000] {processor.py:161} INFO - Started process (PID=263) to work on /home/airflow/.local/lib/python3.12/site-packages/airflow/example_dags/example_dag_decorator.py
[2026-02-05T12:57:07.238+0000] {processor.py:830} INFO - Processing file /home/airflow/.local/lib/python3.12/site-packages/airflow/example_dags/example_dag_decorator.py for tasks to queue
[2026-02-05T12:57:07.240+0000] {logging_mixin.py:188} INFO - [2026-02-05T12:57:07.240+0000] {dagbag.py:540} INFO - Filling up the DagBag from /home/airflow/.local/lib/python3.12/site-packages/airflow/example_dags/example_dag_decorator.py
[2026-02-05T12:57:07.301+0000] {processor.py:840} INFO - DAG(s) 'example_dag_decorator' retrieved from /home/airflow/.local/lib/python3.12/site-packages/airflow/example_dags/example_dag_decorator.py
[2026-02-05T12:57:07.369+0000] {logging_mixin.py:188} INFO - [2026-02-05T12:57:07.369+0000] {dag.py:3096} INFO - Sync 1 DAGs
[2026-02-05T12:57:07.375+0000] {logging_mixin.py:188} INFO - [2026-02-05T12:57:07.375+0000] {dag.py:3954} INFO - Setting next_dagrun for example_dag_decorator to None, run_after=None
[2026-02-05T12:57:07.387+0000] {processor.py:183} INFO - Processing /home/airflow/.local/lib/python3.12/site-packages/airflow/example_dags/example_dag_decorator.py took 0.154 seconds
[2026-02-05T12:57:37.742+0000] {processor.py:161} INFO - Started process (PID=321) to work on /home/airflow/.local/lib/python3.12/site-packages/airflow/example_dags/example_dag_decorator.py
[2026-02-05T12:57:37.742+0000] {processor.py:830} INFO - Processing file /home/airflow/.local/lib/python3.12/site-packages/airflow/example_dags/example_dag_decorator.py for tasks to queue
[2026-02-05T12:57:37.743+0000] {logging_mixin.py:188} INFO - [2026-02-05T12:57:37.743+0000] {dagbag.py:540} INFO - Filling up the DagBag from /home/airflow/.local/lib/python3.12/site-packages/airflow/example_dags/example_dag_decorator.py
[2026-02-05T12:57:37.806+0000] {processor.py:840} INFO - DAG(s) 'example_dag_decorator' retrieved from /home/airflow/.local/lib/python3.12/site-packages/airflow/example_dags/example_dag_decorator.py
[2026-02-05T12:57:38.032+0000] {logging_mixin.py:188} INFO - [2026-02-05T12:57:38.032+0000] {dag.py:3096} INFO - Sync 1 DAGs
[2026-02-05T12:57:38.037+0000] {logging_mixin.py:188} INFO - [2026-02-05T12:57:38.037+0000] {dag.py:3954} INFO - Setting next_dagrun for example_dag_decorator to None, run_after=None
[2026-02-05T12:57:38.047+0000] {processor.py:183} INFO - Processing /home/airflow/.local/lib/python3.12/site-packages/airflow/example_dags/example_dag_decorator.py took 0.308 seconds
[2026-02-05T12:58:08.126+0000] {processor.py:161} INFO - Started process (PID=379) to work on /home/airflow/.local/lib/python3.12/site-packages/airflow/example_dags/example_dag_decorator.py
[2026-02-05T12:58:08.127+0000] {processor.py:830} INFO - Processing file /home/airflow/.local/lib/python3.12/site-packages/airflow/example_dags/example_dag_decorator.py for tasks to queue
[2026-02-05T12:58:08.128+0000] {logging_mixin.py:188} INFO - [2026-02-05T12:58:08.128+0000] {dagbag.py:540} INFO - Filling up the DagBag from /home/airflow/.local/lib/python3.12/site-packages/airflow/example_dags/example_dag_decorator.py
[2026-02-05T12:58:08.193+0000] {processor.py:840} INFO - DAG(s) 'example_dag_decorator' retrieved from /home/airflow/.local/lib/python3.12/site-packages/airflow/example_dags/example_dag_decorator.py
[2026-02-05T12:58:08.508+0000] {logging_mixin.py:188} INFO - [2026-02-05T12:58:08.508+0000] {dag.py:3096} INFO - Sync 1 DAGs
[2026-02-05T12:58:08.514+0000] {logging_mixin.py:188} INFO - [2026-02-05T12:58:08.514+0000] {dag.py:3954} INFO - Setting next_dagrun for example_dag_decorator to None, run_after=None
[2026-02-05T12:58:08.526+0000] {processor.py:183} INFO - Processing /home/airflow/.local/lib/python3.12/site-packages/airflow/example_dags/example_dag_decorator.py took 0.404 seconds
[2026-02-05T12:58:38.665+0000] {processor.py:161} INFO - Started process (PID=441) to work on /home/airflow/.local/lib/python3.12/site-packages/airflow/example_dags/example_dag_decorator.py
[2026-02-05T12:58:38.666+0000] {processor.py:830} INFO - Processing file /home/airflow/.local/lib/python3.12/site-packages/airflow/example_dags/example_dag_decorator.py for tasks to queue
[2026-02-05T12:58:38.667+0000] {logging_mixin.py:188} INFO - [2026-02-05T12:58:38.667+0000] {dagbag.py:540} INFO - Filling up the DagBag from /home/airflow/.local/lib/python3.12/site-packages/airflow/example_dags/example_dag_decorator.py
[2026-02-05T12:58:38.732+0000] {processor.py:840} INFO - DAG(s) 'example_dag_decorator' retrieved from /home/airflow/.local/lib/python3.12/site-packages/airflow/example_dags/example_dag_decorator.py
[2026-02-05T12:58:38.747+0000] {logging_mixin.py:188} INFO - [2026-02-05T12:58:38.747+0000] {dag.py:3096} INFO - Sync 1 DAGs
[2026-02-05T12:58:38.754+0000] {logging_mixin.py:188} INFO - [2026-02-05T12:58:38.754+0000] {dag.py:3954} INFO - Setting next_dagrun for example_dag_decorator to None, run_after=None
[2026-02-05T12:58:38.769+0000] {processor.py:183} INFO - Processing /home/airflow/.local/lib/python3.12/site-packages/airflow/example_dags/example_dag_decorator.py took 0.107 seconds
[2026-02-05T12:59:09.323+0000] {processor.py:161} INFO - Started process (PID=504) to work on /home/airflow/.local/lib/python3.12/site-packages/airflow/example_dags/example_dag_decorator.py
[2026-02-05T12:59:09.324+0000] {processor.py:830} INFO - Processing file /home/airflow/.local/lib/python3.12/site-packages/airflow/example_dags/example_dag_decorator.py for tasks to queue
[2026-02-05T12:59:09.325+0000] {logging_mixin.py:188} INFO - [2026-02-05T12:59:09.325+0000] {dagbag.py:540} INFO - Filling up the DagBag from /home/airflow/.local/lib/python3.12/site-packages/airflow/example_dags/example_dag_decorator.py
[2026-02-05T12:59:09.392+0000] {processor.py:840} INFO - DAG(s) 'example_dag_decorator' retrieved from /home/airflow/.local/lib/python3.12/site-packages/airflow/example_dags/example_dag_decorator.py
[2026-02-05T12:59:09.408+0000] {logging_mixin.py:188} INFO - [2026-02-05T12:59:09.408+0000] {dag.py:3096} INFO - Sync 1 DAGs
[2026-02-05T12:59:09.595+0000] {logging_mixin.py:188} INFO - [2026-02-05T12:59:09.595+0000] {dag.py:3954} INFO - Setting next_dagrun for example_dag_decorator to None, run_after=None
[2026-02-05T12:59:09.607+0000] {processor.py:183} INFO - Processing /home/airflow/.local/lib/python3.12/site-packages/airflow/example_dags/example_dag_decorator.py took 0.288 seconds
[2026-02-05T12:59:39.627+0000] {processor.py:161} INFO - Started process (PID=565) to work on /home/airflow/.local/lib/python3.12/site-packages/airflow/example_dags/example_dag_decorator.py
[2026-02-05T12:59:39.628+0000] {processor.py:830} INFO - Processing file /home/airflow/.local/lib/python3.12/site-packages/airflow/example_dags/example_dag_decorator.py for tasks to queue
[2026-02-05T12:59:39.629+0000] {logging_mixin.py:188} INFO - [2026-02-05T12:59:39.629+0000] {dagbag.py:540} INFO - Filling up the DagBag from /home/airflow/.local/lib/python3.12/site-packages/airflow/example_dags/example_dag_decorator.py
[2026-02-05T12:59:39.686+0000] {processor.py:840} INFO - DAG(s) 'example_dag_decorator' retrieved from /home/airflow/.local/lib/python3.12/site-packages/airflow/example_dags/example_dag_decorator.py
[2026-02-05T12:59:39.894+0000] {logging_mixin.py:188} INFO - [2026-02-05T12:59:39.894+0000] {dag.py:3096} INFO - Sync 1 DAGs
[2026-02-05T12:59:39.899+0000] {logging_mixin.py:188} INFO - [2026-02-05T12:59:39.899+0000] {dag.py:3954} INFO - Setting next_dagrun for example_dag_decorator to None, run_after=None
[2026-02-05T12:59:39.907+0000] {processor.py:183} INFO - Processing /home/airflow/.local/lib/python3.12/site-packages/airflow/example_dags/example_dag_decorator.py took 0.284 seconds
[2026-02-05T13:00:10.083+0000] {processor.py:161} INFO - Started process (PID=629) to work on /home/airflow/.local/lib/python3.12/site-packages/airflow/example_dags/example_dag_decorator.py
[2026-02-05T13:00:10.085+0000] {processor.py:830} INFO - Processing file /home/airflow/.local/lib/python3.12/site-packages/airflow/example_dags/example_dag_decorator.py for tasks to queue
[2026-02-05T13:00:10.086+0000] {logging_mixin.py:188} INFO - [2026-02-05T13:00:10.086+0000] {dagbag.py:540} INFO - Filling up the DagBag from /home/airflow/.local/lib/python3.12/site-packages/airflow/example_dags/example_dag_decorator.py
[2026-02-05T13:00:10.138+0000] {processor.py:840} INFO - DAG(s) 'example_dag_decorator' retrieved from /home/airflow/.local/lib/python3.12/site-packages/airflow/example_dags/example_dag_decorator.py
[2026-02-05T13:00:10.335+0000] {logging_mixin.py:188} INFO - [2026-02-05T13:00:10.335+0000] {dag.py:3096} INFO - Sync 1 DAGs
[2026-02-05T13:00:10.340+0000] {logging_mixin.py:188} INFO - [2026-02-05T13:00:10.340+0000] {dag.py:3954} INFO - Setting next_dagrun for example_dag_decorator to None, run_after=None
[2026-02-05T13:00:10.348+0000] {processor.py:183} INFO - Processing /home/airflow/.local/lib/python3.12/site-packages/airflow/example_dags/example_dag_decorator.py took 0.268 seconds
[2026-02-05T13:00:41.243+0000] {processor.py:161} INFO - Started process (PID=687) to work on /home/airflow/.local/lib/python3.12/site-packages/airflow/example_dags/example_dag_decorator.py
[2026-02-05T13:00:41.243+0000] {processor.py:830} INFO - Processing file /home/airflow/.local/lib/python3.12/site-packages/airflow/example_dags/example_dag_decorator.py for tasks to queue
[2026-02-05T13:00:41.244+0000] {logging_mixin.py:188} INFO - [2026-02-05T13:00:41.244+0000] {dagbag.py:540} INFO - Filling up the DagBag from /home/airflow/.local/lib/python3.12/site-packages/airflow/example_dags/example_dag_decorator.py
[2026-02-05T13:00:41.294+0000] {processor.py:840} INFO - DAG(s) 'example_dag_decorator' retrieved from /home/airflow/.local/lib/python3.12/site-packages/airflow/example_dags/example_dag_decorator.py
[2026-02-05T13:00:41.491+0000] {logging_mixin.py:188} INFO - [2026-02-05T13:00:41.491+0000] {dag.py:3096} INFO - Sync 1 DAGs
[2026-02-05T13:00:41.495+0000] {logging_mixin.py:188} INFO - [2026-02-05T13:00:41.495+0000] {dag.py:3954} INFO - Setting next_dagrun for example_dag_decorator to None, run_after=None
[2026-02-05T13:00:41.505+0000] {processor.py:183} INFO - Processing /home/airflow/.local/lib/python3.12/site-packages/airflow/example_dags/example_dag_decorator.py took 0.265 seconds
[2026-02-05T13:01:12.160+0000] {processor.py:161} INFO - Started process (PID=745) to work on /home/airflow/.local/lib/python3.12/site-packages/airflow/example_dags/example_dag_decorator.py
[2026-02-05T13:01:12.161+0000] {processor.py:830} INFO - Processing file /home/airflow/.local/lib/python3.12/site-packages/airflow/example_dags/example_dag_decorator.py for tasks to queue
[2026-02-05T13:01:12.162+0000] {logging_mixin.py:188} INFO - [2026-02-05T13:01:12.162+0000] {dagbag.py:540} INFO - Filling up the DagBag from /home/airflow/.local/lib/python3.12/site-packages/airflow/example_dags/example_dag_decorator.py
[2026-02-05T13:01:12.211+0000] {processor.py:840} INFO - DAG(s) 'example_dag_decorator' retrieved from /home/airflow/.local/lib/python3.12/site-packages/airflow/example_dags/example_dag_decorator.py
[2026-02-05T13:01:12.373+0000] {logging_mixin.py:188} INFO - [2026-02-05T13:01:12.373+0000] {dag.py:3096} INFO - Sync 1 DAGs
[2026-02-05T13:01:12.378+0000] {logging_mixin.py:188} INFO - [2026-02-05T13:01:12.378+0000] {dag.py:3954} INFO - Setting next_dagrun for example_dag_decorator to None, run_after=None
[2026-02-05T13:01:12.386+0000] {processor.py:183} INFO - Processing /home/airflow/.local/lib/python3.12/site-packages/airflow/example_dags/example_dag_decorator.py took 0.230 seconds
[2026-02-05T13:01:42.666+0000] {processor.py:161} INFO - Started process (PID=803) to work on /home/airflow/.local/lib/python3.12/site-packages/airflow/example_dags/example_dag_decorator.py
[2026-02-05T13:01:42.667+0000] {processor.py:830} INFO - Processing file /home/airflow/.local/lib/python3.12/site-packages/airflow/example_dags/example_dag_decorator.py for tasks to queue
[2026-02-05T13:01:42.668+0000] {logging_mixin.py:188} INFO - [2026-02-05T13:01:42.668+0000] {dagbag.py:540} INFO - Filling up the DagBag from /home/airflow/.local/lib/python3.12/site-packages/airflow/example_dags/example_dag_decorator.py
[2026-02-05T13:01:42.745+0000] {processor.py:840} INFO - DAG(s) 'example_dag_decorator' retrieved from /home/airflow/.local/lib/python3.12/site-packages/airflow/example_dags/example_dag_decorator.py
[2026-02-05T13:01:42.950+0000] {logging_mixin.py:188} INFO - [2026-02-05T13:01:42.950+0000] {dag.py:3096} INFO - Sync 1 DAGs
[2026-02-05T13:01:42.956+0000] {logging_mixin.py:188} INFO - [2026-02-05T13:01:42.956+0000] {dag.py:3954} INFO - Setting next_dagrun for example_dag_decorator to None, run_after=None
[2026-02-05T13:01:42.967+0000] {processor.py:183} INFO - Processing /home/airflow/.local/lib/python3.12/site-packages/airflow/example_dags/example_dag_decorator.py took 0.306 seconds
[2026-02-05T13:02:13.841+0000] {processor.py:161} INFO - Started process (PID=860) to work on /home/airflow/.local/lib/python3.12/site-packages/airflow/example_dags/example_dag_decorator.py
[2026-02-05T13:02:13.841+0000] {processor.py:830} INFO - Processing file /home/airflow/.local/lib/python3.12/site-packages/airflow/example_dags/example_dag_decorator.py for tasks to queue
[2026-02-05T13:02:13.842+0000] {logging_mixin.py:188} INFO - [2026-02-05T13:02:13.842+0000] {dagbag.py:540} INFO - Filling up the DagBag from /home/airflow/.local/lib/python3.12/site-packages/airflow/example_dags/example_dag_decorator.py
[2026-02-05T13:02:14.042+0000] {processor.py:840} INFO - DAG(s) 'example_dag_decorator' retrieved from /home/airflow/.local/lib/python3.12/site-packages/airflow/example_dags/example_dag_decorator.py
[2026-02-05T13:02:14.053+0000] {logging_mixin.py:188} INFO - [2026-02-05T13:02:14.053+0000] {dag.py:3096} INFO - Sync 1 DAGs
[2026-02-05T13:02:14.058+0000] {logging_mixin.py:188} INFO - [2026-02-05T13:02:14.058+0000] {dag.py:3954} INFO - Setting next_dagrun for example_dag_decorator to None, run_after=None
[2026-02-05T13:02:14.066+0000] {processor.py:183} INFO - Processing /home/airflow/.local/lib/python3.12/site-packages/airflow/example_dags/example_dag_decorator.py took 0.228 seconds
[2026-02-05T13:02:45.015+0000] {processor.py:161} INFO - Started process (PID=918) to work on /home/airflow/.local/lib/python3.12/site-packages/airflow/example_dags/example_dag_decorator.py
[2026-02-05T13:02:45.017+0000] {processor.py:830} INFO - Processing file /home/airflow/.local/lib/python3.12/site-packages/airflow/example_dags/example_dag_decorator.py for tasks to queue
[2026-02-05T13:02:45.020+0000] {logging_mixin.py:188} INFO - [2026-02-05T13:02:45.019+0000] {dagbag.py:540} INFO - Filling up the DagBag from /home/airflow/.local/lib/python3.12/site-packages/airflow/example_dags/example_dag_decorator.py
[2026-02-05T13:02:45.103+0000] {processor.py:840} INFO - DAG(s) 'example_dag_decorator' retrieved from /home/airflow/.local/lib/python3.12/site-packages/airflow/example_dags/example_dag_decorator.py
[2026-02-05T13:02:45.315+0000] {logging_mixin.py:188} INFO - [2026-02-05T13:02:45.315+0000] {dag.py:3096} INFO - Sync 1 DAGs
[2026-02-05T13:02:45.321+0000] {logging_mixin.py:188} INFO - [2026-02-05T13:02:45.321+0000] {dag.py:3954} INFO - Setting next_dagrun for example_dag_decorator to None, run_after=None
[2026-02-05T13:02:45.330+0000] {processor.py:183} INFO - Processing /home/airflow/.local/lib/python3.12/site-packages/airflow/example_dags/example_dag_decorator.py took 0.327 seconds
[2026-02-05T13:03:16.039+0000] {processor.py:161} INFO - Started process (PID=976) to work on /home/airflow/.local/lib/python3.12/site-packages/airflow/example_dags/example_dag_decorator.py
[2026-02-05T13:03:16.040+0000] {processor.py:830} INFO - Processing file /home/airflow/.local/lib/python3.12/site-packages/airflow/example_dags/example_dag_decorator.py for tasks to queue
[2026-02-05T13:03:16.042+0000] {logging_mixin.py:188} INFO - [2026-02-05T13:03:16.041+0000] {dagbag.py:540} INFO - Filling up the DagBag from /home/airflow/.local/lib/python3.12/site-packages/airflow/example_dags/example_dag_decorator.py
[2026-02-05T13:03:16.100+0000] {processor.py:840} INFO - DAG(s) 'example_dag_decorator' retrieved from /home/airflow/.local/lib/python3.12/site-packages/airflow/example_dags/example_dag_decorator.py
[2026-02-05T13:03:16.119+0000] {logging_mixin.py:188} INFO - [2026-02-05T13:03:16.119+0000] {dag.py:3096} INFO - Sync 1 DAGs
[2026-02-05T13:03:16.288+0000] {logging_mixin.py:188} INFO - [2026-02-05T13:03:16.287+0000] {dag.py:3954} INFO - Setting next_dagrun for example_dag_decorator to None, run_after=None
[2026-02-05T13:03:16.297+0000] {processor.py:183} INFO - Processing /home/airflow/.local/lib/python3.12/site-packages/airflow/example_dags/example_dag_decorator.py took 0.264 seconds
[2026-02-05T13:03:46.409+0000] {processor.py:161} INFO - Started process (PID=1034) to work on /home/airflow/.local/lib/python3.12/site-packages/airflow/example_dags/example_dag_decorator.py
[2026-02-05T13:03:46.410+0000] {processor.py:830} INFO - Processing file /home/airflow/.local/lib/python3.12/site-packages/airflow/example_dags/example_dag_decorator.py for tasks to queue
[2026-02-05T13:03:46.411+0000] {logging_mixin.py:188} INFO - [2026-02-05T13:03:46.411+0000] {dagbag.py:540} INFO - Filling up the DagBag from /home/airflow/.local/lib/python3.12/site-packages/airflow/example_dags/example_dag_decorator.py
[2026-02-05T13:03:46.457+0000] {processor.py:840} INFO - DAG(s) 'example_dag_decorator' retrieved from /home/airflow/.local/lib/python3.12/site-packages/airflow/example_dags/example_dag_decorator.py
[2026-02-05T13:03:46.599+0000] {logging_mixin.py:188} INFO - [2026-02-05T13:03:46.599+0000] {dag.py:3096} INFO - Sync 1 DAGs
[2026-02-05T13:03:46.604+0000] {logging_mixin.py:188} INFO - [2026-02-05T13:03:46.603+0000] {dag.py:3954} INFO - Setting next_dagrun for example_dag_decorator to None, run_after=None
[2026-02-05T13:03:46.613+0000] {processor.py:183} INFO - Processing /home/airflow/.local/lib/python3.12/site-packages/airflow/example_dags/example_dag_decorator.py took 0.208 seconds
[2026-02-05T13:04:17.413+0000] {processor.py:161} INFO - Started process (PID=1092) to work on /home/airflow/.local/lib/python3.12/site-packages/airflow/example_dags/example_dag_decorator.py
[2026-02-05T13:04:17.413+0000] {processor.py:830} INFO - Processing file /home/airflow/.local/lib/python3.12/site-packages/airflow/example_dags/example_dag_decorator.py for tasks to queue
[2026-02-05T13:04:17.414+0000] {logging_mixin.py:188} INFO - [2026-02-05T13:04:17.414+0000] {dagbag.py:540} INFO - Filling up the DagBag from /home/airflow/.local/lib/python3.12/site-packages/airflow/example_dags/example_dag_decorator.py
[2026-02-05T13:04:17.555+0000] {processor.py:840} INFO - DAG(s) 'example_dag_decorator' retrieved from /home/airflow/.local/lib/python3.12/site-packages/airflow/example_dags/example_dag_decorator.py
[2026-02-05T13:04:17.602+0000] {logging_mixin.py:188} INFO - [2026-02-05T13:04:17.602+0000] {dag.py:3096} INFO - Sync 1 DAGs
[2026-02-05T13:04:17.607+0000] {logging_mixin.py:188} INFO - [2026-02-05T13:04:17.607+0000] {dag.py:3954} INFO - Setting next_dagrun for example_dag_decorator to None, run_after=None
[2026-02-05T13:04:17.616+0000] {processor.py:183} INFO - Processing /home/airflow/.local/lib/python3.12/site-packages/airflow/example_dags/example_dag_decorator.py took 0.207 seconds
[2026-02-05T13:04:48.023+0000] {processor.py:161} INFO - Started process (PID=1150) to work on /home/airflow/.local/lib/python3.12/site-packages/airflow/example_dags/example_dag_decorator.py
[2026-02-05T13:04:48.024+0000] {processor.py:830} INFO - Processing file /home/airflow/.local/lib/python3.12/site-packages/airflow/example_dags/example_dag_decorator.py for tasks to queue
[2026-02-05T13:04:48.025+0000] {logging_mixin.py:188} INFO - [2026-02-05T13:04:48.025+0000] {dagbag.py:540} INFO - Filling up the DagBag from /home/airflow/.local/lib/python3.12/site-packages/airflow/example_dags/example_dag_decorator.py
[2026-02-05T13:04:48.178+0000] {processor.py:840} INFO - DAG(s) 'example_dag_decorator' retrieved from /home/airflow/.local/lib/python3.12/site-packages/airflow/example_dags/example_dag_decorator.py
[2026-02-05T13:04:48.189+0000] {logging_mixin.py:188} INFO - [2026-02-05T13:04:48.188+0000] {dag.py:3096} INFO - Sync 1 DAGs
[2026-02-05T13:04:48.194+0000] {logging_mixin.py:188} INFO - [2026-02-05T13:04:48.194+0000] {dag.py:3954} INFO - Setting next_dagrun for example_dag_decorator to None, run_after=None
[2026-02-05T13:04:48.202+0000] {processor.py:183} INFO - Processing /home/airflow/.local/lib/python3.12/site-packages/airflow/example_dags/example_dag_decorator.py took 0.183 seconds
[2026-02-05T13:05:18.483+0000] {processor.py:161} INFO - Started process (PID=1208) to work on /home/airflow/.local/lib/python3.12/site-packages/airflow/example_dags/example_dag_decorator.py
[2026-02-05T13:05:18.484+0000] {processor.py:830} INFO - Processing file /home/airflow/.local/lib/python3.12/site-packages/airflow/example_dags/example_dag_decorator.py for tasks to queue
[2026-02-05T13:05:18.485+0000] {logging_mixin.py:188} INFO - [2026-02-05T13:05:18.485+0000] {dagbag.py:540} INFO - Filling up the DagBag from /home/airflow/.local/lib/python3.12/site-packages/airflow/example_dags/example_dag_decorator.py
[2026-02-05T13:05:18.643+0000] {processor.py:840} INFO - DAG(s) 'example_dag_decorator' retrieved from /home/airflow/.local/lib/python3.12/site-packages/airflow/example_dags/example_dag_decorator.py
[2026-02-05T13:05:18.694+0000] {logging_mixin.py:188} INFO - [2026-02-05T13:05:18.694+0000] {dag.py:3096} INFO - Sync 1 DAGs
[2026-02-05T13:05:18.699+0000] {logging_mixin.py:188} INFO - [2026-02-05T13:05:18.699+0000] {dag.py:3954} INFO - Setting next_dagrun for example_dag_decorator to None, run_after=None
[2026-02-05T13:05:18.707+0000] {processor.py:183} INFO - Processing /home/airflow/.local/lib/python3.12/site-packages/airflow/example_dags/example_dag_decorator.py took 0.228 seconds
[2026-02-05T13:05:49.399+0000] {processor.py:161} INFO - Started process (PID=1266) to work on /home/airflow/.local/lib/python3.12/site-packages/airflow/example_dags/example_dag_decorator.py
[2026-02-05T13:05:49.399+0000] {processor.py:830} INFO - Processing file /home/airflow/.local/lib/python3.12/site-packages/airflow/example_dags/example_dag_decorator.py for tasks to queue
[2026-02-05T13:05:49.401+0000] {logging_mixin.py:188} INFO - [2026-02-05T13:05:49.400+0000] {dagbag.py:540} INFO - Filling up the DagBag from /home/airflow/.local/lib/python3.12/site-packages/airflow/example_dags/example_dag_decorator.py
[2026-02-05T13:05:49.572+0000] {processor.py:840} INFO - DAG(s) 'example_dag_decorator' retrieved from /home/airflow/.local/lib/python3.12/site-packages/airflow/example_dags/example_dag_decorator.py
[2026-02-05T13:05:49.626+0000] {logging_mixin.py:188} INFO - [2026-02-05T13:05:49.626+0000] {dag.py:3096} INFO - Sync 1 DAGs
[2026-02-05T13:05:49.631+0000] {logging_mixin.py:188} INFO - [2026-02-05T13:05:49.631+0000] {dag.py:3954} INFO - Setting next_dagrun for example_dag_decorator to None, run_after=None
[2026-02-05T13:05:49.639+0000] {processor.py:183} INFO - Processing /home/airflow/.local/lib/python3.12/site-packages/airflow/example_dags/example_dag_decorator.py took 0.245 seconds
[2026-02-05T13:06:20.489+0000] {processor.py:161} INFO - Started process (PID=1323) to work on /home/airflow/.local/lib/python3.12/site-packages/airflow/example_dags/example_dag_decorator.py
[2026-02-05T13:06:20.489+0000] {processor.py:830} INFO - Processing file /home/airflow/.local/lib/python3.12/site-packages/airflow/example_dags/example_dag_decorator.py for tasks to queue
[2026-02-05T13:06:20.491+0000] {logging_mixin.py:188} INFO - [2026-02-05T13:06:20.490+0000] {dagbag.py:540} INFO - Filling up the DagBag from /home/airflow/.local/lib/python3.12/site-packages/airflow/example_dags/example_dag_decorator.py
[2026-02-05T13:06:20.632+0000] {processor.py:840} INFO - DAG(s) 'example_dag_decorator' retrieved from /home/airflow/.local/lib/python3.12/site-packages/airflow/example_dags/example_dag_decorator.py
[2026-02-05T13:06:20.740+0000] {logging_mixin.py:188} INFO - [2026-02-05T13:06:20.740+0000] {dag.py:3096} INFO - Sync 1 DAGs
[2026-02-05T13:06:20.747+0000] {logging_mixin.py:188} INFO - [2026-02-05T13:06:20.747+0000] {dag.py:3954} INFO - Setting next_dagrun for example_dag_decorator to None, run_after=None
[2026-02-05T13:06:20.761+0000] {processor.py:183} INFO - Processing /home/airflow/.local/lib/python3.12/site-packages/airflow/example_dags/example_dag_decorator.py took 0.276 seconds
[2026-02-05T13:06:50.799+0000] {processor.py:161} INFO - Started process (PID=1381) to work on /home/airflow/.local/lib/python3.12/site-packages/airflow/example_dags/example_dag_decorator.py
[2026-02-05T13:06:50.800+0000] {processor.py:830} INFO - Processing file /home/airflow/.local/lib/python3.12/site-packages/airflow/example_dags/example_dag_decorator.py for tasks to queue
[2026-02-05T13:06:50.802+0000] {logging_mixin.py:188} INFO - [2026-02-05T13:06:50.802+0000] {dagbag.py:540} INFO - Filling up the DagBag from /home/airflow/.local/lib/python3.12/site-packages/airflow/example_dags/example_dag_decorator.py
[2026-02-05T13:06:50.863+0000] {processor.py:840} INFO - DAG(s) 'example_dag_decorator' retrieved from /home/airflow/.local/lib/python3.12/site-packages/airflow/example_dags/example_dag_decorator.py
[2026-02-05T13:06:50.880+0000] {logging_mixin.py:188} INFO - [2026-02-05T13:06:50.880+0000] {dag.py:3096} INFO - Sync 1 DAGs
[2026-02-05T13:06:50.888+0000] {logging_mixin.py:188} INFO - [2026-02-05T13:06:50.888+0000] {dag.py:3954} INFO - Setting next_dagrun for example_dag_decorator to None, run_after=None
[2026-02-05T13:06:50.899+0000] {processor.py:183} INFO - Processing /home/airflow/.local/lib/python3.12/site-packages/airflow/example_dags/example_dag_decorator.py took 0.104 seconds
[2026-02-05T13:07:21.921+0000] {processor.py:161} INFO - Started process (PID=1439) to work on /home/airflow/.local/lib/python3.12/site-packages/airflow/example_dags/example_dag_decorator.py
[2026-02-05T13:07:21.922+0000] {processor.py:830} INFO - Processing file /home/airflow/.local/lib/python3.12/site-packages/airflow/example_dags/example_dag_decorator.py for tasks to queue
[2026-02-05T13:07:21.923+0000] {logging_mixin.py:188} INFO - [2026-02-05T13:07:21.923+0000] {dagbag.py:540} INFO - Filling up the DagBag from /home/airflow/.local/lib/python3.12/site-packages/airflow/example_dags/example_dag_decorator.py
[2026-02-05T13:07:21.979+0000] {processor.py:840} INFO - DAG(s) 'example_dag_decorator' retrieved from /home/airflow/.local/lib/python3.12/site-packages/airflow/example_dags/example_dag_decorator.py
[2026-02-05T13:07:21.993+0000] {logging_mixin.py:188} INFO - [2026-02-05T13:07:21.993+0000] {dag.py:3096} INFO - Sync 1 DAGs
[2026-02-05T13:07:22.000+0000] {logging_mixin.py:188} INFO - [2026-02-05T13:07:22.000+0000] {dag.py:3954} INFO - Setting next_dagrun for example_dag_decorator to None, run_after=None
[2026-02-05T13:07:22.011+0000] {processor.py:183} INFO - Processing /home/airflow/.local/lib/python3.12/site-packages/airflow/example_dags/example_dag_decorator.py took 0.093 seconds
[2026-02-05T13:07:52.095+0000] {processor.py:161} INFO - Started process (PID=1497) to work on /home/airflow/.local/lib/python3.12/site-packages/airflow/example_dags/example_dag_decorator.py
[2026-02-05T13:07:52.095+0000] {processor.py:830} INFO - Processing file /home/airflow/.local/lib/python3.12/site-packages/airflow/example_dags/example_dag_decorator.py for tasks to queue
[2026-02-05T13:07:52.096+0000] {logging_mixin.py:188} INFO - [2026-02-05T13:07:52.096+0000] {dagbag.py:540} INFO - Filling up the DagBag from /home/airflow/.local/lib/python3.12/site-packages/airflow/example_dags/example_dag_decorator.py
[2026-02-05T13:07:52.146+0000] {processor.py:840} INFO - DAG(s) 'example_dag_decorator' retrieved from /home/airflow/.local/lib/python3.12/site-packages/airflow/example_dags/example_dag_decorator.py
[2026-02-05T13:07:52.215+0000] {logging_mixin.py:188} INFO - [2026-02-05T13:07:52.215+0000] {dag.py:3096} INFO - Sync 1 DAGs
[2026-02-05T13:07:52.220+0000] {logging_mixin.py:188} INFO - [2026-02-05T13:07:52.220+0000] {dag.py:3954} INFO - Setting next_dagrun for example_dag_decorator to None, run_after=None
[2026-02-05T13:07:52.230+0000] {processor.py:183} INFO - Processing /home/airflow/.local/lib/python3.12/site-packages/airflow/example_dags/example_dag_decorator.py took 0.138 seconds
[2026-02-05T13:08:22.434+0000] {processor.py:161} INFO - Started process (PID=1555) to work on /home/airflow/.local/lib/python3.12/site-packages/airflow/example_dags/example_dag_decorator.py
[2026-02-05T13:08:22.435+0000] {processor.py:830} INFO - Processing file /home/airflow/.local/lib/python3.12/site-packages/airflow/example_dags/example_dag_decorator.py for tasks to queue
[2026-02-05T13:08:22.437+0000] {logging_mixin.py:188} INFO - [2026-02-05T13:08:22.436+0000] {dagbag.py:540} INFO - Filling up the DagBag from /home/airflow/.local/lib/python3.12/site-packages/airflow/example_dags/example_dag_decorator.py
[2026-02-05T13:08:22.502+0000] {processor.py:840} INFO - DAG(s) 'example_dag_decorator' retrieved from /home/airflow/.local/lib/python3.12/site-packages/airflow/example_dags/example_dag_decorator.py
[2026-02-05T13:08:22.581+0000] {logging_mixin.py:188} INFO - [2026-02-05T13:08:22.581+0000] {dag.py:3096} INFO - Sync 1 DAGs
[2026-02-05T13:08:22.586+0000] {logging_mixin.py:188} INFO - [2026-02-05T13:08:22.586+0000] {dag.py:3954} INFO - Setting next_dagrun for example_dag_decorator to None, run_after=None
[2026-02-05T13:08:22.597+0000] {processor.py:183} INFO - Processing /home/airflow/.local/lib/python3.12/site-packages/airflow/example_dags/example_dag_decorator.py took 0.166 seconds
[2026-02-05T13:08:53.587+0000] {processor.py:161} INFO - Started process (PID=1612) to work on /home/airflow/.local/lib/python3.12/site-packages/airflow/example_dags/example_dag_decorator.py
[2026-02-05T13:08:53.588+0000] {processor.py:830} INFO - Processing file /home/airflow/.local/lib/python3.12/site-packages/airflow/example_dags/example_dag_decorator.py for tasks to queue
[2026-02-05T13:08:53.597+0000] {logging_mixin.py:188} INFO - [2026-02-05T13:08:53.594+0000] {dagbag.py:540} INFO - Filling up the DagBag from /home/airflow/.local/lib/python3.12/site-packages/airflow/example_dags/example_dag_decorator.py
[2026-02-05T13:08:53.693+0000] {processor.py:840} INFO - DAG(s) 'example_dag_decorator' retrieved from /home/airflow/.local/lib/python3.12/site-packages/airflow/example_dags/example_dag_decorator.py
[2026-02-05T13:08:53.724+0000] {logging_mixin.py:188} INFO - [2026-02-05T13:08:53.724+0000] {dag.py:3096} INFO - Sync 1 DAGs
[2026-02-05T13:08:53.731+0000] {logging_mixin.py:188} INFO - [2026-02-05T13:08:53.731+0000] {dag.py:3954} INFO - Setting next_dagrun for example_dag_decorator to None, run_after=None
[2026-02-05T13:08:53.741+0000] {processor.py:183} INFO - Processing /home/airflow/.local/lib/python3.12/site-packages/airflow/example_dags/example_dag_decorator.py took 0.159 seconds
[2026-02-05T13:09:24.687+0000] {processor.py:161} INFO - Started process (PID=1670) to work on /home/airflow/.local/lib/python3.12/site-packages/airflow/example_dags/example_dag_decorator.py
[2026-02-05T13:09:24.688+0000] {processor.py:830} INFO - Processing file /home/airflow/.local/lib/python3.12/site-packages/airflow/example_dags/example_dag_decorator.py for tasks to queue
[2026-02-05T13:09:24.691+0000] {logging_mixin.py:188} INFO - [2026-02-05T13:09:24.691+0000] {dagbag.py:540} INFO - Filling up the DagBag from /home/airflow/.local/lib/python3.12/site-packages/airflow/example_dags/example_dag_decorator.py
[2026-02-05T13:09:24.768+0000] {processor.py:840} INFO - DAG(s) 'example_dag_decorator' retrieved from /home/airflow/.local/lib/python3.12/site-packages/airflow/example_dags/example_dag_decorator.py
[2026-02-05T13:09:24.863+0000] {logging_mixin.py:188} INFO - [2026-02-05T13:09:24.863+0000] {dag.py:3096} INFO - Sync 1 DAGs
[2026-02-05T13:09:24.869+0000] {logging_mixin.py:188} INFO - [2026-02-05T13:09:24.869+0000] {dag.py:3954} INFO - Setting next_dagrun for example_dag_decorator to None, run_after=None
[2026-02-05T13:09:24.880+0000] {processor.py:183} INFO - Processing /home/airflow/.local/lib/python3.12/site-packages/airflow/example_dags/example_dag_decorator.py took 0.198 seconds
[2026-02-05T13:09:55.198+0000] {processor.py:161} INFO - Started process (PID=1728) to work on /home/airflow/.local/lib/python3.12/site-packages/airflow/example_dags/example_dag_decorator.py
[2026-02-05T13:09:55.201+0000] {processor.py:830} INFO - Processing file /home/airflow/.local/lib/python3.12/site-packages/airflow/example_dags/example_dag_decorator.py for tasks to queue
[2026-02-05T13:09:55.209+0000] {logging_mixin.py:188} INFO - [2026-02-05T13:09:55.209+0000] {dagbag.py:540} INFO - Filling up the DagBag from /home/airflow/.local/lib/python3.12/site-packages/airflow/example_dags/example_dag_decorator.py
[2026-02-05T13:09:55.295+0000] {processor.py:840} INFO - DAG(s) 'example_dag_decorator' retrieved from /home/airflow/.local/lib/python3.12/site-packages/airflow/example_dags/example_dag_decorator.py
[2026-02-05T13:09:55.395+0000] {logging_mixin.py:188} INFO - [2026-02-05T13:09:55.395+0000] {dag.py:3096} INFO - Sync 1 DAGs
[2026-02-05T13:09:55.402+0000] {logging_mixin.py:188} INFO - [2026-02-05T13:09:55.402+0000] {dag.py:3954} INFO - Setting next_dagrun for example_dag_decorator to None, run_after=None
[2026-02-05T13:09:55.416+0000] {processor.py:183} INFO - Processing /home/airflow/.local/lib/python3.12/site-packages/airflow/example_dags/example_dag_decorator.py took 0.226 seconds
[2026-02-05T13:10:26.302+0000] {processor.py:161} INFO - Started process (PID=1785) to work on /home/airflow/.local/lib/python3.12/site-packages/airflow/example_dags/example_dag_decorator.py
[2026-02-05T13:10:26.303+0000] {processor.py:830} INFO - Processing file /home/airflow/.local/lib/python3.12/site-packages/airflow/example_dags/example_dag_decorator.py for tasks to queue
[2026-02-05T13:10:26.305+0000] {logging_mixin.py:188} INFO - [2026-02-05T13:10:26.305+0000] {dagbag.py:540} INFO - Filling up the DagBag from /home/airflow/.local/lib/python3.12/site-packages/airflow/example_dags/example_dag_decorator.py
[2026-02-05T13:10:26.363+0000] {processor.py:840} INFO - DAG(s) 'example_dag_decorator' retrieved from /home/airflow/.local/lib/python3.12/site-packages/airflow/example_dags/example_dag_decorator.py
[2026-02-05T13:10:26.426+0000] {logging_mixin.py:188} INFO - [2026-02-05T13:10:26.425+0000] {dag.py:3096} INFO - Sync 1 DAGs
[2026-02-05T13:10:26.431+0000] {logging_mixin.py:188} INFO - [2026-02-05T13:10:26.431+0000] {dag.py:3954} INFO - Setting next_dagrun for example_dag_decorator to None, run_after=None
[2026-02-05T13:10:26.440+0000] {processor.py:183} INFO - Processing /home/airflow/.local/lib/python3.12/site-packages/airflow/example_dags/example_dag_decorator.py took 0.142 seconds
[2026-02-05T13:10:57.234+0000] {processor.py:161} INFO - Started process (PID=1843) to work on /home/airflow/.local/lib/python3.12/site-packages/airflow/example_dags/example_dag_decorator.py
[2026-02-05T13:10:57.235+0000] {processor.py:830} INFO - Processing file /home/airflow/.local/lib/python3.12/site-packages/airflow/example_dags/example_dag_decorator.py for tasks to queue
[2026-02-05T13:10:57.236+0000] {logging_mixin.py:188} INFO - [2026-02-05T13:10:57.236+0000] {dagbag.py:540} INFO - Filling up the DagBag from /home/airflow/.local/lib/python3.12/site-packages/airflow/example_dags/example_dag_decorator.py
[2026-02-05T13:10:57.289+0000] {processor.py:840} INFO - DAG(s) 'example_dag_decorator' retrieved from /home/airflow/.local/lib/python3.12/site-packages/airflow/example_dags/example_dag_decorator.py
[2026-02-05T13:10:57.345+0000] {logging_mixin.py:188} INFO - [2026-02-05T13:10:57.344+0000] {dag.py:3096} INFO - Sync 1 DAGs
[2026-02-05T13:10:57.350+0000] {logging_mixin.py:188} INFO - [2026-02-05T13:10:57.350+0000] {dag.py:3954} INFO - Setting next_dagrun for example_dag_decorator to None, run_after=None
[2026-02-05T13:10:57.361+0000] {processor.py:183} INFO - Processing /home/airflow/.local/lib/python3.12/site-packages/airflow/example_dags/example_dag_decorator.py took 0.133 seconds
[2026-02-05T13:11:28.170+0000] {processor.py:161} INFO - Started process (PID=1901) to work on /home/airflow/.local/lib/python3.12/site-packages/airflow/example_dags/example_dag_decorator.py
[2026-02-05T13:11:28.172+0000] {processor.py:830} INFO - Processing file /home/airflow/.local/lib/python3.12/site-packages/airflow/example_dags/example_dag_decorator.py for tasks to queue
[2026-02-05T13:11:28.174+0000] {logging_mixin.py:188} INFO - [2026-02-05T13:11:28.174+0000] {dagbag.py:540} INFO - Filling up the DagBag from /home/airflow/.local/lib/python3.12/site-packages/airflow/example_dags/example_dag_decorator.py
[2026-02-05T13:11:28.230+0000] {processor.py:840} INFO - DAG(s) 'example_dag_decorator' retrieved from /home/airflow/.local/lib/python3.12/site-packages/airflow/example_dags/example_dag_decorator.py
[2026-02-05T13:11:28.294+0000] {logging_mixin.py:188} INFO - [2026-02-05T13:11:28.294+0000] {dag.py:3096} INFO - Sync 1 DAGs
[2026-02-05T13:11:28.300+0000] {logging_mixin.py:188} INFO - [2026-02-05T13:11:28.300+0000] {dag.py:3954} INFO - Setting next_dagrun for example_dag_decorator to None, run_after=None
[2026-02-05T13:11:28.313+0000] {processor.py:183} INFO - Processing /home/airflow/.local/lib/python3.12/site-packages/airflow/example_dags/example_dag_decorator.py took 0.147 seconds
[2026-02-05T13:11:59.031+0000] {processor.py:161} INFO - Started process (PID=1959) to work on /home/airflow/.local/lib/python3.12/site-packages/airflow/example_dags/example_dag_decorator.py
[2026-02-05T13:11:59.032+0000] {processor.py:830} INFO - Processing file /home/airflow/.local/lib/python3.12/site-packages/airflow/example_dags/example_dag_decorator.py for tasks to queue
[2026-02-05T13:11:59.034+0000] {logging_mixin.py:188} INFO - [2026-02-05T13:11:59.034+0000] {dagbag.py:540} INFO - Filling up the DagBag from /home/airflow/.local/lib/python3.12/site-packages/airflow/example_dags/example_dag_decorator.py
[2026-02-05T13:11:59.091+0000] {processor.py:840} INFO - DAG(s) 'example_dag_decorator' retrieved from /home/airflow/.local/lib/python3.12/site-packages/airflow/example_dags/example_dag_decorator.py
[2026-02-05T13:11:59.153+0000] {logging_mixin.py:188} INFO - [2026-02-05T13:11:59.153+0000] {dag.py:3096} INFO - Sync 1 DAGs
[2026-02-05T13:11:59.159+0000] {logging_mixin.py:188} INFO - [2026-02-05T13:11:59.159+0000] {dag.py:3954} INFO - Setting next_dagrun for example_dag_decorator to None, run_after=None
[2026-02-05T13:11:59.169+0000] {processor.py:183} INFO - Processing /home/airflow/.local/lib/python3.12/site-packages/airflow/example_dags/example_dag_decorator.py took 0.142 seconds
[2026-02-05T13:12:30.039+0000] {processor.py:161} INFO - Started process (PID=2017) to work on /home/airflow/.local/lib/python3.12/site-packages/airflow/example_dags/example_dag_decorator.py
[2026-02-05T13:12:30.039+0000] {processor.py:830} INFO - Processing file /home/airflow/.local/lib/python3.12/site-packages/airflow/example_dags/example_dag_decorator.py for tasks to queue
[2026-02-05T13:12:30.040+0000] {logging_mixin.py:188} INFO - [2026-02-05T13:12:30.040+0000] {dagbag.py:540} INFO - Filling up the DagBag from /home/airflow/.local/lib/python3.12/site-packages/airflow/example_dags/example_dag_decorator.py
[2026-02-05T13:12:30.085+0000] {processor.py:840} INFO - DAG(s) 'example_dag_decorator' retrieved from /home/airflow/.local/lib/python3.12/site-packages/airflow/example_dags/example_dag_decorator.py
[2026-02-05T13:12:30.142+0000] {logging_mixin.py:188} INFO - [2026-02-05T13:12:30.141+0000] {dag.py:3096} INFO - Sync 1 DAGs
[2026-02-05T13:12:30.147+0000] {logging_mixin.py:188} INFO - [2026-02-05T13:12:30.147+0000] {dag.py:3954} INFO - Setting next_dagrun for example_dag_decorator to None, run_after=None
[2026-02-05T13:12:30.156+0000] {processor.py:183} INFO - Processing /home/airflow/.local/lib/python3.12/site-packages/airflow/example_dags/example_dag_decorator.py took 0.121 seconds
[2026-02-05T13:13:00.851+0000] {processor.py:161} INFO - Started process (PID=2075) to work on /home/airflow/.local/lib/python3.12/site-packages/airflow/example_dags/example_dag_decorator.py
[2026-02-05T13:13:00.852+0000] {processor.py:830} INFO - Processing file /home/airflow/.local/lib/python3.12/site-packages/airflow/example_dags/example_dag_decorator.py for tasks to queue
[2026-02-05T13:13:00.853+0000] {logging_mixin.py:188} INFO - [2026-02-05T13:13:00.853+0000] {dagbag.py:540} INFO - Filling up the DagBag from /home/airflow/.local/lib/python3.12/site-packages/airflow/example_dags/example_dag_decorator.py
[2026-02-05T13:13:00.904+0000] {processor.py:840} INFO - DAG(s) 'example_dag_decorator' retrieved from /home/airflow/.local/lib/python3.12/site-packages/airflow/example_dags/example_dag_decorator.py
[2026-02-05T13:13:00.967+0000] {logging_mixin.py:188} INFO - [2026-02-05T13:13:00.967+0000] {dag.py:3096} INFO - Sync 1 DAGs
[2026-02-05T13:13:00.973+0000] {logging_mixin.py:188} INFO - [2026-02-05T13:13:00.973+0000] {dag.py:3954} INFO - Setting next_dagrun for example_dag_decorator to None, run_after=None
[2026-02-05T13:13:00.982+0000] {processor.py:183} INFO - Processing /home/airflow/.local/lib/python3.12/site-packages/airflow/example_dags/example_dag_decorator.py took 0.135 seconds
[2026-02-05T13:13:31.609+0000] {processor.py:161} INFO - Started process (PID=2132) to work on /home/airflow/.local/lib/python3.12/site-packages/airflow/example_dags/example_dag_decorator.py
[2026-02-05T13:13:31.609+0000] {processor.py:830} INFO - Processing file /home/airflow/.local/lib/python3.12/site-packages/airflow/example_dags/example_dag_decorator.py for tasks to queue
[2026-02-05T13:13:31.611+0000] {logging_mixin.py:188} INFO - [2026-02-05T13:13:31.610+0000] {dagbag.py:540} INFO - Filling up the DagBag from /home/airflow/.local/lib/python3.12/site-packages/airflow/example_dags/example_dag_decorator.py
[2026-02-05T13:13:31.656+0000] {processor.py:840} INFO - DAG(s) 'example_dag_decorator' retrieved from /home/airflow/.local/lib/python3.12/site-packages/airflow/example_dags/example_dag_decorator.py
[2026-02-05T13:13:31.712+0000] {logging_mixin.py:188} INFO - [2026-02-05T13:13:31.712+0000] {dag.py:3096} INFO - Sync 1 DAGs
[2026-02-05T13:13:31.719+0000] {logging_mixin.py:188} INFO - [2026-02-05T13:13:31.718+0000] {dag.py:3954} INFO - Setting next_dagrun for example_dag_decorator to None, run_after=None
[2026-02-05T13:13:31.733+0000] {processor.py:183} INFO - Processing /home/airflow/.local/lib/python3.12/site-packages/airflow/example_dags/example_dag_decorator.py took 0.127 seconds
[2026-02-05T13:14:02.516+0000] {processor.py:161} INFO - Started process (PID=2190) to work on /home/airflow/.local/lib/python3.12/site-packages/airflow/example_dags/example_dag_decorator.py
[2026-02-05T13:14:02.517+0000] {processor.py:830} INFO - Processing file /home/airflow/.local/lib/python3.12/site-packages/airflow/example_dags/example_dag_decorator.py for tasks to queue
[2026-02-05T13:14:02.519+0000] {logging_mixin.py:188} INFO - [2026-02-05T13:14:02.519+0000] {dagbag.py:540} INFO - Filling up the DagBag from /home/airflow/.local/lib/python3.12/site-packages/airflow/example_dags/example_dag_decorator.py
[2026-02-05T13:14:02.574+0000] {processor.py:840} INFO - DAG(s) 'example_dag_decorator' retrieved from /home/airflow/.local/lib/python3.12/site-packages/airflow/example_dags/example_dag_decorator.py
[2026-02-05T13:14:02.589+0000] {logging_mixin.py:188} INFO - [2026-02-05T13:14:02.589+0000] {dag.py:3096} INFO - Sync 1 DAGs
[2026-02-05T13:14:02.598+0000] {logging_mixin.py:188} INFO - [2026-02-05T13:14:02.598+0000] {dag.py:3954} INFO - Setting next_dagrun for example_dag_decorator to None, run_after=None
[2026-02-05T13:14:02.612+0000] {processor.py:183} INFO - Processing /home/airflow/.local/lib/python3.12/site-packages/airflow/example_dags/example_dag_decorator.py took 0.100 seconds
[2026-02-05T13:14:32.676+0000] {processor.py:161} INFO - Started process (PID=2248) to work on /home/airflow/.local/lib/python3.12/site-packages/airflow/example_dags/example_dag_decorator.py
[2026-02-05T13:14:32.676+0000] {processor.py:830} INFO - Processing file /home/airflow/.local/lib/python3.12/site-packages/airflow/example_dags/example_dag_decorator.py for tasks to queue
[2026-02-05T13:14:32.678+0000] {logging_mixin.py:188} INFO - [2026-02-05T13:14:32.678+0000] {dagbag.py:540} INFO - Filling up the DagBag from /home/airflow/.local/lib/python3.12/site-packages/airflow/example_dags/example_dag_decorator.py
[2026-02-05T13:14:32.737+0000] {processor.py:840} INFO - DAG(s) 'example_dag_decorator' retrieved from /home/airflow/.local/lib/python3.12/site-packages/airflow/example_dags/example_dag_decorator.py
[2026-02-05T13:14:32.804+0000] {logging_mixin.py:188} INFO - [2026-02-05T13:14:32.804+0000] {dag.py:3096} INFO - Sync 1 DAGs
[2026-02-05T13:14:32.810+0000] {logging_mixin.py:188} INFO - [2026-02-05T13:14:32.809+0000] {dag.py:3954} INFO - Setting next_dagrun for example_dag_decorator to None, run_after=None
[2026-02-05T13:14:32.819+0000] {processor.py:183} INFO - Processing /home/airflow/.local/lib/python3.12/site-packages/airflow/example_dags/example_dag_decorator.py took 0.148 seconds
[2026-02-05T13:15:03.750+0000] {processor.py:161} INFO - Started process (PID=2306) to work on /home/airflow/.local/lib/python3.12/site-packages/airflow/example_dags/example_dag_decorator.py
[2026-02-05T13:15:03.751+0000] {processor.py:830} INFO - Processing file /home/airflow/.local/lib/python3.12/site-packages/airflow/example_dags/example_dag_decorator.py for tasks to queue
[2026-02-05T13:15:03.752+0000] {logging_mixin.py:188} INFO - [2026-02-05T13:15:03.752+0000] {dagbag.py:540} INFO - Filling up the DagBag from /home/airflow/.local/lib/python3.12/site-packages/airflow/example_dags/example_dag_decorator.py
[2026-02-05T13:15:03.804+0000] {processor.py:840} INFO - DAG(s) 'example_dag_decorator' retrieved from /home/airflow/.local/lib/python3.12/site-packages/airflow/example_dags/example_dag_decorator.py
[2026-02-05T13:15:03.868+0000] {logging_mixin.py:188} INFO - [2026-02-05T13:15:03.868+0000] {dag.py:3096} INFO - Sync 1 DAGs
[2026-02-05T13:15:03.874+0000] {logging_mixin.py:188} INFO - [2026-02-05T13:15:03.873+0000] {dag.py:3954} INFO - Setting next_dagrun for example_dag_decorator to None, run_after=None
[2026-02-05T13:15:03.884+0000] {processor.py:183} INFO - Processing /home/airflow/.local/lib/python3.12/site-packages/airflow/example_dags/example_dag_decorator.py took 0.138 seconds
[2026-02-05T13:15:34.599+0000] {processor.py:161} INFO - Started process (PID=2363) to work on /home/airflow/.local/lib/python3.12/site-packages/airflow/example_dags/example_dag_decorator.py
[2026-02-05T13:15:34.601+0000] {processor.py:830} INFO - Processing file /home/airflow/.local/lib/python3.12/site-packages/airflow/example_dags/example_dag_decorator.py for tasks to queue
[2026-02-05T13:15:34.603+0000] {logging_mixin.py:188} INFO - [2026-02-05T13:15:34.603+0000] {dagbag.py:540} INFO - Filling up the DagBag from /home/airflow/.local/lib/python3.12/site-packages/airflow/example_dags/example_dag_decorator.py
[2026-02-05T13:15:34.661+0000] {processor.py:840} INFO - DAG(s) 'example_dag_decorator' retrieved from /home/airflow/.local/lib/python3.12/site-packages/airflow/example_dags/example_dag_decorator.py
[2026-02-05T13:15:34.732+0000] {logging_mixin.py:188} INFO - [2026-02-05T13:15:34.732+0000] {dag.py:3096} INFO - Sync 1 DAGs
[2026-02-05T13:15:34.740+0000] {logging_mixin.py:188} INFO - [2026-02-05T13:15:34.740+0000] {dag.py:3954} INFO - Setting next_dagrun for example_dag_decorator to None, run_after=None
[2026-02-05T13:15:34.757+0000] {processor.py:183} INFO - Processing /home/airflow/.local/lib/python3.12/site-packages/airflow/example_dags/example_dag_decorator.py took 0.162 seconds
[2026-02-05T13:16:05.568+0000] {processor.py:161} INFO - Started process (PID=2421) to work on /home/airflow/.local/lib/python3.12/site-packages/airflow/example_dags/example_dag_decorator.py
[2026-02-05T13:16:05.568+0000] {processor.py:830} INFO - Processing file /home/airflow/.local/lib/python3.12/site-packages/airflow/example_dags/example_dag_decorator.py for tasks to queue
[2026-02-05T13:16:05.571+0000] {logging_mixin.py:188} INFO - [2026-02-05T13:16:05.570+0000] {dagbag.py:540} INFO - Filling up the DagBag from /home/airflow/.local/lib/python3.12/site-packages/airflow/example_dags/example_dag_decorator.py
[2026-02-05T13:16:05.629+0000] {processor.py:840} INFO - DAG(s) 'example_dag_decorator' retrieved from /home/airflow/.local/lib/python3.12/site-packages/airflow/example_dags/example_dag_decorator.py
[2026-02-05T13:16:05.693+0000] {logging_mixin.py:188} INFO - [2026-02-05T13:16:05.693+0000] {dag.py:3096} INFO - Sync 1 DAGs
[2026-02-05T13:16:05.701+0000] {logging_mixin.py:188} INFO - [2026-02-05T13:16:05.701+0000] {dag.py:3954} INFO - Setting next_dagrun for example_dag_decorator to None, run_after=None
[2026-02-05T13:16:05.712+0000] {processor.py:183} INFO - Processing /home/airflow/.local/lib/python3.12/site-packages/airflow/example_dags/example_dag_decorator.py took 0.149 seconds
[2026-02-05T13:16:36.550+0000] {processor.py:161} INFO - Started process (PID=2485) to work on /home/airflow/.local/lib/python3.12/site-packages/airflow/example_dags/example_dag_decorator.py
[2026-02-05T13:16:36.551+0000] {processor.py:830} INFO - Processing file /home/airflow/.local/lib/python3.12/site-packages/airflow/example_dags/example_dag_decorator.py for tasks to queue
[2026-02-05T13:16:36.554+0000] {logging_mixin.py:188} INFO - [2026-02-05T13:16:36.554+0000] {dagbag.py:540} INFO - Filling up the DagBag from /home/airflow/.local/lib/python3.12/site-packages/airflow/example_dags/example_dag_decorator.py
[2026-02-05T13:16:36.619+0000] {processor.py:840} INFO - DAG(s) 'example_dag_decorator' retrieved from /home/airflow/.local/lib/python3.12/site-packages/airflow/example_dags/example_dag_decorator.py
[2026-02-05T13:16:36.715+0000] {logging_mixin.py:188} INFO - [2026-02-05T13:16:36.714+0000] {dag.py:3096} INFO - Sync 1 DAGs
[2026-02-05T13:16:36.722+0000] {logging_mixin.py:188} INFO - [2026-02-05T13:16:36.722+0000] {dag.py:3954} INFO - Setting next_dagrun for example_dag_decorator to None, run_after=None
[2026-02-05T13:16:36.743+0000] {processor.py:183} INFO - Processing /home/airflow/.local/lib/python3.12/site-packages/airflow/example_dags/example_dag_decorator.py took 0.197 seconds
[2026-02-05T13:17:07.690+0000] {processor.py:161} INFO - Started process (PID=2543) to work on /home/airflow/.local/lib/python3.12/site-packages/airflow/example_dags/example_dag_decorator.py
[2026-02-05T13:17:07.690+0000] {processor.py:830} INFO - Processing file /home/airflow/.local/lib/python3.12/site-packages/airflow/example_dags/example_dag_decorator.py for tasks to queue
[2026-02-05T13:17:07.691+0000] {logging_mixin.py:188} INFO - [2026-02-05T13:17:07.691+0000] {dagbag.py:540} INFO - Filling up the DagBag from /home/airflow/.local/lib/python3.12/site-packages/airflow/example_dags/example_dag_decorator.py
[2026-02-05T13:17:07.740+0000] {processor.py:840} INFO - DAG(s) 'example_dag_decorator' retrieved from /home/airflow/.local/lib/python3.12/site-packages/airflow/example_dags/example_dag_decorator.py
[2026-02-05T13:17:07.797+0000] {logging_mixin.py:188} INFO - [2026-02-05T13:17:07.797+0000] {dag.py:3096} INFO - Sync 1 DAGs
[2026-02-05T13:17:07.803+0000] {logging_mixin.py:188} INFO - [2026-02-05T13:17:07.803+0000] {dag.py:3954} INFO - Setting next_dagrun for example_dag_decorator to None, run_after=None
[2026-02-05T13:17:07.813+0000] {processor.py:183} INFO - Processing /home/airflow/.local/lib/python3.12/site-packages/airflow/example_dags/example_dag_decorator.py took 0.127 seconds
[2026-02-05T13:17:38.813+0000] {processor.py:161} INFO - Started process (PID=2600) to work on /home/airflow/.local/lib/python3.12/site-packages/airflow/example_dags/example_dag_decorator.py
[2026-02-05T13:17:38.815+0000] {processor.py:830} INFO - Processing file /home/airflow/.local/lib/python3.12/site-packages/airflow/example_dags/example_dag_decorator.py for tasks to queue
[2026-02-05T13:17:38.817+0000] {logging_mixin.py:188} INFO - [2026-02-05T13:17:38.817+0000] {dagbag.py:540} INFO - Filling up the DagBag from /home/airflow/.local/lib/python3.12/site-packages/airflow/example_dags/example_dag_decorator.py
[2026-02-05T13:17:38.885+0000] {processor.py:840} INFO - DAG(s) 'example_dag_decorator' retrieved from /home/airflow/.local/lib/python3.12/site-packages/airflow/example_dags/example_dag_decorator.py
[2026-02-05T13:17:38.958+0000] {logging_mixin.py:188} INFO - [2026-02-05T13:17:38.957+0000] {dag.py:3096} INFO - Sync 1 DAGs
[2026-02-05T13:17:38.963+0000] {logging_mixin.py:188} INFO - [2026-02-05T13:17:38.963+0000] {dag.py:3954} INFO - Setting next_dagrun for example_dag_decorator to None, run_after=None
[2026-02-05T13:17:38.976+0000] {processor.py:183} INFO - Processing /home/airflow/.local/lib/python3.12/site-packages/airflow/example_dags/example_dag_decorator.py took 0.170 seconds
