[2026-02-05T12:55:34.412+0000] {processor.py:161} INFO - Started process (PID=86) to work on /home/airflow/.local/lib/python3.12/site-packages/airflow/example_dags/example_branch_day_of_week_operator.py
[2026-02-05T12:55:34.413+0000] {processor.py:830} INFO - Processing file /home/airflow/.local/lib/python3.12/site-packages/airflow/example_dags/example_branch_day_of_week_operator.py for tasks to queue
[2026-02-05T12:55:34.414+0000] {logging_mixin.py:188} INFO - [2026-02-05T12:55:34.414+0000] {dagbag.py:540} INFO - Filling up the DagBag from /home/airflow/.local/lib/python3.12/site-packages/airflow/example_dags/example_branch_day_of_week_operator.py
[2026-02-05T12:55:34.419+0000] {processor.py:840} INFO - DAG(s) 'example_weekday_branch_operator' retrieved from /home/airflow/.local/lib/python3.12/site-packages/airflow/example_dags/example_branch_day_of_week_operator.py
[2026-02-05T12:55:34.432+0000] {logging_mixin.py:188} INFO - [2026-02-05T12:55:34.432+0000] {dag.py:3096} INFO - Sync 1 DAGs
[2026-02-05T12:55:34.445+0000] {logging_mixin.py:188} INFO - [2026-02-05T12:55:34.444+0000] {dag.py:3954} INFO - Setting next_dagrun for example_weekday_branch_operator to 2026-02-04 00:00:00+00:00, run_after=2026-02-05 00:00:00+00:00
[2026-02-05T12:55:34.458+0000] {processor.py:183} INFO - Processing /home/airflow/.local/lib/python3.12/site-packages/airflow/example_dags/example_branch_day_of_week_operator.py took 0.049 seconds
[2026-02-05T12:56:05.447+0000] {processor.py:161} INFO - Started process (PID=144) to work on /home/airflow/.local/lib/python3.12/site-packages/airflow/example_dags/example_branch_day_of_week_operator.py
[2026-02-05T12:56:05.447+0000] {processor.py:830} INFO - Processing file /home/airflow/.local/lib/python3.12/site-packages/airflow/example_dags/example_branch_day_of_week_operator.py for tasks to queue
[2026-02-05T12:56:05.449+0000] {logging_mixin.py:188} INFO - [2026-02-05T12:56:05.448+0000] {dagbag.py:540} INFO - Filling up the DagBag from /home/airflow/.local/lib/python3.12/site-packages/airflow/example_dags/example_branch_day_of_week_operator.py
[2026-02-05T12:56:05.453+0000] {processor.py:840} INFO - DAG(s) 'example_weekday_branch_operator' retrieved from /home/airflow/.local/lib/python3.12/site-packages/airflow/example_dags/example_branch_day_of_week_operator.py
[2026-02-05T12:56:05.507+0000] {logging_mixin.py:188} INFO - [2026-02-05T12:56:05.507+0000] {dag.py:3096} INFO - Sync 1 DAGs
[2026-02-05T12:56:05.518+0000] {logging_mixin.py:188} INFO - [2026-02-05T12:56:05.518+0000] {dag.py:3954} INFO - Setting next_dagrun for example_weekday_branch_operator to 2026-02-04 00:00:00+00:00, run_after=2026-02-05 00:00:00+00:00
[2026-02-05T12:56:05.527+0000] {processor.py:183} INFO - Processing /home/airflow/.local/lib/python3.12/site-packages/airflow/example_dags/example_branch_day_of_week_operator.py took 0.083 seconds
[2026-02-05T12:56:36.023+0000] {processor.py:161} INFO - Started process (PID=202) to work on /home/airflow/.local/lib/python3.12/site-packages/airflow/example_dags/example_branch_day_of_week_operator.py
[2026-02-05T12:56:36.023+0000] {processor.py:830} INFO - Processing file /home/airflow/.local/lib/python3.12/site-packages/airflow/example_dags/example_branch_day_of_week_operator.py for tasks to queue
[2026-02-05T12:56:36.025+0000] {logging_mixin.py:188} INFO - [2026-02-05T12:56:36.025+0000] {dagbag.py:540} INFO - Filling up the DagBag from /home/airflow/.local/lib/python3.12/site-packages/airflow/example_dags/example_branch_day_of_week_operator.py
[2026-02-05T12:56:36.030+0000] {processor.py:840} INFO - DAG(s) 'example_weekday_branch_operator' retrieved from /home/airflow/.local/lib/python3.12/site-packages/airflow/example_dags/example_branch_day_of_week_operator.py
[2026-02-05T12:56:36.044+0000] {logging_mixin.py:188} INFO - [2026-02-05T12:56:36.044+0000] {dag.py:3096} INFO - Sync 1 DAGs
[2026-02-05T12:56:36.058+0000] {logging_mixin.py:188} INFO - [2026-02-05T12:56:36.058+0000] {dag.py:3954} INFO - Setting next_dagrun for example_weekday_branch_operator to 2026-02-04 00:00:00+00:00, run_after=2026-02-05 00:00:00+00:00
[2026-02-05T12:56:36.071+0000] {processor.py:183} INFO - Processing /home/airflow/.local/lib/python3.12/site-packages/airflow/example_dags/example_branch_day_of_week_operator.py took 0.053 seconds
[2026-02-05T12:57:06.169+0000] {processor.py:161} INFO - Started process (PID=260) to work on /home/airflow/.local/lib/python3.12/site-packages/airflow/example_dags/example_branch_day_of_week_operator.py
[2026-02-05T12:57:06.170+0000] {processor.py:830} INFO - Processing file /home/airflow/.local/lib/python3.12/site-packages/airflow/example_dags/example_branch_day_of_week_operator.py for tasks to queue
[2026-02-05T12:57:06.171+0000] {logging_mixin.py:188} INFO - [2026-02-05T12:57:06.171+0000] {dagbag.py:540} INFO - Filling up the DagBag from /home/airflow/.local/lib/python3.12/site-packages/airflow/example_dags/example_branch_day_of_week_operator.py
[2026-02-05T12:57:06.175+0000] {processor.py:840} INFO - DAG(s) 'example_weekday_branch_operator' retrieved from /home/airflow/.local/lib/python3.12/site-packages/airflow/example_dags/example_branch_day_of_week_operator.py
[2026-02-05T12:57:06.188+0000] {logging_mixin.py:188} INFO - [2026-02-05T12:57:06.188+0000] {dag.py:3096} INFO - Sync 1 DAGs
[2026-02-05T12:57:06.199+0000] {logging_mixin.py:188} INFO - [2026-02-05T12:57:06.199+0000] {dag.py:3954} INFO - Setting next_dagrun for example_weekday_branch_operator to 2026-02-04 00:00:00+00:00, run_after=2026-02-05 00:00:00+00:00
[2026-02-05T12:57:06.207+0000] {processor.py:183} INFO - Processing /home/airflow/.local/lib/python3.12/site-packages/airflow/example_dags/example_branch_day_of_week_operator.py took 0.041 seconds
[2026-02-05T12:57:36.642+0000] {processor.py:161} INFO - Started process (PID=318) to work on /home/airflow/.local/lib/python3.12/site-packages/airflow/example_dags/example_branch_day_of_week_operator.py
[2026-02-05T12:57:36.643+0000] {processor.py:830} INFO - Processing file /home/airflow/.local/lib/python3.12/site-packages/airflow/example_dags/example_branch_day_of_week_operator.py for tasks to queue
[2026-02-05T12:57:36.644+0000] {logging_mixin.py:188} INFO - [2026-02-05T12:57:36.644+0000] {dagbag.py:540} INFO - Filling up the DagBag from /home/airflow/.local/lib/python3.12/site-packages/airflow/example_dags/example_branch_day_of_week_operator.py
[2026-02-05T12:57:36.649+0000] {processor.py:840} INFO - DAG(s) 'example_weekday_branch_operator' retrieved from /home/airflow/.local/lib/python3.12/site-packages/airflow/example_dags/example_branch_day_of_week_operator.py
[2026-02-05T12:57:36.662+0000] {logging_mixin.py:188} INFO - [2026-02-05T12:57:36.662+0000] {dag.py:3096} INFO - Sync 1 DAGs
[2026-02-05T12:57:36.680+0000] {logging_mixin.py:188} INFO - [2026-02-05T12:57:36.680+0000] {dag.py:3954} INFO - Setting next_dagrun for example_weekday_branch_operator to 2026-02-04 00:00:00+00:00, run_after=2026-02-05 00:00:00+00:00
[2026-02-05T12:57:36.707+0000] {processor.py:183} INFO - Processing /home/airflow/.local/lib/python3.12/site-packages/airflow/example_dags/example_branch_day_of_week_operator.py took 0.069 seconds
[2026-02-05T12:58:07.010+0000] {processor.py:161} INFO - Started process (PID=376) to work on /home/airflow/.local/lib/python3.12/site-packages/airflow/example_dags/example_branch_day_of_week_operator.py
[2026-02-05T12:58:07.010+0000] {processor.py:830} INFO - Processing file /home/airflow/.local/lib/python3.12/site-packages/airflow/example_dags/example_branch_day_of_week_operator.py for tasks to queue
[2026-02-05T12:58:07.014+0000] {logging_mixin.py:188} INFO - [2026-02-05T12:58:07.014+0000] {dagbag.py:540} INFO - Filling up the DagBag from /home/airflow/.local/lib/python3.12/site-packages/airflow/example_dags/example_branch_day_of_week_operator.py
[2026-02-05T12:58:07.019+0000] {processor.py:840} INFO - DAG(s) 'example_weekday_branch_operator' retrieved from /home/airflow/.local/lib/python3.12/site-packages/airflow/example_dags/example_branch_day_of_week_operator.py
[2026-02-05T12:58:07.039+0000] {logging_mixin.py:188} INFO - [2026-02-05T12:58:07.038+0000] {dag.py:3096} INFO - Sync 1 DAGs
[2026-02-05T12:58:07.052+0000] {logging_mixin.py:188} INFO - [2026-02-05T12:58:07.052+0000] {dag.py:3954} INFO - Setting next_dagrun for example_weekday_branch_operator to 2026-02-04 00:00:00+00:00, run_after=2026-02-05 00:00:00+00:00
[2026-02-05T12:58:07.062+0000] {processor.py:183} INFO - Processing /home/airflow/.local/lib/python3.12/site-packages/airflow/example_dags/example_branch_day_of_week_operator.py took 0.056 seconds
[2026-02-05T12:58:37.140+0000] {processor.py:161} INFO - Started process (PID=434) to work on /home/airflow/.local/lib/python3.12/site-packages/airflow/example_dags/example_branch_day_of_week_operator.py
[2026-02-05T12:58:37.140+0000] {processor.py:830} INFO - Processing file /home/airflow/.local/lib/python3.12/site-packages/airflow/example_dags/example_branch_day_of_week_operator.py for tasks to queue
[2026-02-05T12:58:37.141+0000] {logging_mixin.py:188} INFO - [2026-02-05T12:58:37.141+0000] {dagbag.py:540} INFO - Filling up the DagBag from /home/airflow/.local/lib/python3.12/site-packages/airflow/example_dags/example_branch_day_of_week_operator.py
[2026-02-05T12:58:37.145+0000] {processor.py:840} INFO - DAG(s) 'example_weekday_branch_operator' retrieved from /home/airflow/.local/lib/python3.12/site-packages/airflow/example_dags/example_branch_day_of_week_operator.py
[2026-02-05T12:58:37.156+0000] {logging_mixin.py:188} INFO - [2026-02-05T12:58:37.155+0000] {dag.py:3096} INFO - Sync 1 DAGs
[2026-02-05T12:58:37.166+0000] {logging_mixin.py:188} INFO - [2026-02-05T12:58:37.166+0000] {dag.py:3954} INFO - Setting next_dagrun for example_weekday_branch_operator to 2026-02-04 00:00:00+00:00, run_after=2026-02-05 00:00:00+00:00
[2026-02-05T12:58:37.176+0000] {processor.py:183} INFO - Processing /home/airflow/.local/lib/python3.12/site-packages/airflow/example_dags/example_branch_day_of_week_operator.py took 0.039 seconds
[2026-02-05T12:59:07.206+0000] {processor.py:161} INFO - Started process (PID=501) to work on /home/airflow/.local/lib/python3.12/site-packages/airflow/example_dags/example_branch_day_of_week_operator.py
[2026-02-05T12:59:07.206+0000] {processor.py:830} INFO - Processing file /home/airflow/.local/lib/python3.12/site-packages/airflow/example_dags/example_branch_day_of_week_operator.py for tasks to queue
[2026-02-05T12:59:07.207+0000] {logging_mixin.py:188} INFO - [2026-02-05T12:59:07.207+0000] {dagbag.py:540} INFO - Filling up the DagBag from /home/airflow/.local/lib/python3.12/site-packages/airflow/example_dags/example_branch_day_of_week_operator.py
[2026-02-05T12:59:07.214+0000] {processor.py:840} INFO - DAG(s) 'example_weekday_branch_operator' retrieved from /home/airflow/.local/lib/python3.12/site-packages/airflow/example_dags/example_branch_day_of_week_operator.py
[2026-02-05T12:59:07.226+0000] {logging_mixin.py:188} INFO - [2026-02-05T12:59:07.226+0000] {dag.py:3096} INFO - Sync 1 DAGs
[2026-02-05T12:59:07.236+0000] {logging_mixin.py:188} INFO - [2026-02-05T12:59:07.236+0000] {dag.py:3954} INFO - Setting next_dagrun for example_weekday_branch_operator to 2026-02-04 00:00:00+00:00, run_after=2026-02-05 00:00:00+00:00
[2026-02-05T12:59:07.245+0000] {processor.py:183} INFO - Processing /home/airflow/.local/lib/python3.12/site-packages/airflow/example_dags/example_branch_day_of_week_operator.py took 0.042 seconds
[2026-02-05T12:59:37.430+0000] {processor.py:161} INFO - Started process (PID=560) to work on /home/airflow/.local/lib/python3.12/site-packages/airflow/example_dags/example_branch_day_of_week_operator.py
[2026-02-05T12:59:37.430+0000] {processor.py:830} INFO - Processing file /home/airflow/.local/lib/python3.12/site-packages/airflow/example_dags/example_branch_day_of_week_operator.py for tasks to queue
[2026-02-05T12:59:37.431+0000] {logging_mixin.py:188} INFO - [2026-02-05T12:59:37.431+0000] {dagbag.py:540} INFO - Filling up the DagBag from /home/airflow/.local/lib/python3.12/site-packages/airflow/example_dags/example_branch_day_of_week_operator.py
[2026-02-05T12:59:37.435+0000] {processor.py:840} INFO - DAG(s) 'example_weekday_branch_operator' retrieved from /home/airflow/.local/lib/python3.12/site-packages/airflow/example_dags/example_branch_day_of_week_operator.py
[2026-02-05T12:59:37.449+0000] {logging_mixin.py:188} INFO - [2026-02-05T12:59:37.449+0000] {dag.py:3096} INFO - Sync 1 DAGs
[2026-02-05T12:59:37.460+0000] {logging_mixin.py:188} INFO - [2026-02-05T12:59:37.460+0000] {dag.py:3954} INFO - Setting next_dagrun for example_weekday_branch_operator to 2026-02-04 00:00:00+00:00, run_after=2026-02-05 00:00:00+00:00
[2026-02-05T12:59:37.469+0000] {processor.py:183} INFO - Processing /home/airflow/.local/lib/python3.12/site-packages/airflow/example_dags/example_branch_day_of_week_operator.py took 0.043 seconds
[2026-02-05T13:00:07.660+0000] {processor.py:161} INFO - Started process (PID=618) to work on /home/airflow/.local/lib/python3.12/site-packages/airflow/example_dags/example_branch_day_of_week_operator.py
[2026-02-05T13:00:07.662+0000] {processor.py:830} INFO - Processing file /home/airflow/.local/lib/python3.12/site-packages/airflow/example_dags/example_branch_day_of_week_operator.py for tasks to queue
[2026-02-05T13:00:07.663+0000] {logging_mixin.py:188} INFO - [2026-02-05T13:00:07.663+0000] {dagbag.py:540} INFO - Filling up the DagBag from /home/airflow/.local/lib/python3.12/site-packages/airflow/example_dags/example_branch_day_of_week_operator.py
[2026-02-05T13:00:07.668+0000] {processor.py:840} INFO - DAG(s) 'example_weekday_branch_operator' retrieved from /home/airflow/.local/lib/python3.12/site-packages/airflow/example_dags/example_branch_day_of_week_operator.py
[2026-02-05T13:00:07.680+0000] {logging_mixin.py:188} INFO - [2026-02-05T13:00:07.680+0000] {dag.py:3096} INFO - Sync 1 DAGs
[2026-02-05T13:00:07.692+0000] {logging_mixin.py:188} INFO - [2026-02-05T13:00:07.692+0000] {dag.py:3954} INFO - Setting next_dagrun for example_weekday_branch_operator to 2026-02-04 00:00:00+00:00, run_after=2026-02-05 00:00:00+00:00
[2026-02-05T13:00:07.706+0000] {processor.py:183} INFO - Processing /home/airflow/.local/lib/python3.12/site-packages/airflow/example_dags/example_branch_day_of_week_operator.py took 0.049 seconds
[2026-02-05T13:00:37.940+0000] {processor.py:161} INFO - Started process (PID=676) to work on /home/airflow/.local/lib/python3.12/site-packages/airflow/example_dags/example_branch_day_of_week_operator.py
[2026-02-05T13:00:37.941+0000] {processor.py:830} INFO - Processing file /home/airflow/.local/lib/python3.12/site-packages/airflow/example_dags/example_branch_day_of_week_operator.py for tasks to queue
[2026-02-05T13:00:37.942+0000] {logging_mixin.py:188} INFO - [2026-02-05T13:00:37.942+0000] {dagbag.py:540} INFO - Filling up the DagBag from /home/airflow/.local/lib/python3.12/site-packages/airflow/example_dags/example_branch_day_of_week_operator.py
[2026-02-05T13:00:37.946+0000] {processor.py:840} INFO - DAG(s) 'example_weekday_branch_operator' retrieved from /home/airflow/.local/lib/python3.12/site-packages/airflow/example_dags/example_branch_day_of_week_operator.py
[2026-02-05T13:00:37.959+0000] {logging_mixin.py:188} INFO - [2026-02-05T13:00:37.959+0000] {dag.py:3096} INFO - Sync 1 DAGs
[2026-02-05T13:00:37.970+0000] {logging_mixin.py:188} INFO - [2026-02-05T13:00:37.970+0000] {dag.py:3954} INFO - Setting next_dagrun for example_weekday_branch_operator to 2026-02-04 00:00:00+00:00, run_after=2026-02-05 00:00:00+00:00
[2026-02-05T13:00:37.981+0000] {processor.py:183} INFO - Processing /home/airflow/.local/lib/python3.12/site-packages/airflow/example_dags/example_branch_day_of_week_operator.py took 0.045 seconds
[2026-02-05T13:01:08.888+0000] {processor.py:161} INFO - Started process (PID=734) to work on /home/airflow/.local/lib/python3.12/site-packages/airflow/example_dags/example_branch_day_of_week_operator.py
[2026-02-05T13:01:08.890+0000] {processor.py:830} INFO - Processing file /home/airflow/.local/lib/python3.12/site-packages/airflow/example_dags/example_branch_day_of_week_operator.py for tasks to queue
[2026-02-05T13:01:08.891+0000] {logging_mixin.py:188} INFO - [2026-02-05T13:01:08.891+0000] {dagbag.py:540} INFO - Filling up the DagBag from /home/airflow/.local/lib/python3.12/site-packages/airflow/example_dags/example_branch_day_of_week_operator.py
[2026-02-05T13:01:08.896+0000] {processor.py:840} INFO - DAG(s) 'example_weekday_branch_operator' retrieved from /home/airflow/.local/lib/python3.12/site-packages/airflow/example_dags/example_branch_day_of_week_operator.py
[2026-02-05T13:01:08.908+0000] {logging_mixin.py:188} INFO - [2026-02-05T13:01:08.908+0000] {dag.py:3096} INFO - Sync 1 DAGs
[2026-02-05T13:01:08.918+0000] {logging_mixin.py:188} INFO - [2026-02-05T13:01:08.918+0000] {dag.py:3954} INFO - Setting next_dagrun for example_weekday_branch_operator to 2026-02-04 00:00:00+00:00, run_after=2026-02-05 00:00:00+00:00
[2026-02-05T13:01:08.926+0000] {processor.py:183} INFO - Processing /home/airflow/.local/lib/python3.12/site-packages/airflow/example_dags/example_branch_day_of_week_operator.py took 0.041 seconds
[2026-02-05T13:01:39.206+0000] {processor.py:161} INFO - Started process (PID=792) to work on /home/airflow/.local/lib/python3.12/site-packages/airflow/example_dags/example_branch_day_of_week_operator.py
[2026-02-05T13:01:39.206+0000] {processor.py:830} INFO - Processing file /home/airflow/.local/lib/python3.12/site-packages/airflow/example_dags/example_branch_day_of_week_operator.py for tasks to queue
[2026-02-05T13:01:39.207+0000] {logging_mixin.py:188} INFO - [2026-02-05T13:01:39.207+0000] {dagbag.py:540} INFO - Filling up the DagBag from /home/airflow/.local/lib/python3.12/site-packages/airflow/example_dags/example_branch_day_of_week_operator.py
[2026-02-05T13:01:39.212+0000] {processor.py:840} INFO - DAG(s) 'example_weekday_branch_operator' retrieved from /home/airflow/.local/lib/python3.12/site-packages/airflow/example_dags/example_branch_day_of_week_operator.py
[2026-02-05T13:01:39.225+0000] {logging_mixin.py:188} INFO - [2026-02-05T13:01:39.225+0000] {dag.py:3096} INFO - Sync 1 DAGs
[2026-02-05T13:01:39.239+0000] {logging_mixin.py:188} INFO - [2026-02-05T13:01:39.239+0000] {dag.py:3954} INFO - Setting next_dagrun for example_weekday_branch_operator to 2026-02-04 00:00:00+00:00, run_after=2026-02-05 00:00:00+00:00
[2026-02-05T13:01:39.250+0000] {processor.py:183} INFO - Processing /home/airflow/.local/lib/python3.12/site-packages/airflow/example_dags/example_branch_day_of_week_operator.py took 0.048 seconds
[2026-02-05T13:02:09.512+0000] {processor.py:161} INFO - Started process (PID=849) to work on /home/airflow/.local/lib/python3.12/site-packages/airflow/example_dags/example_branch_day_of_week_operator.py
[2026-02-05T13:02:09.513+0000] {processor.py:830} INFO - Processing file /home/airflow/.local/lib/python3.12/site-packages/airflow/example_dags/example_branch_day_of_week_operator.py for tasks to queue
[2026-02-05T13:02:09.514+0000] {logging_mixin.py:188} INFO - [2026-02-05T13:02:09.513+0000] {dagbag.py:540} INFO - Filling up the DagBag from /home/airflow/.local/lib/python3.12/site-packages/airflow/example_dags/example_branch_day_of_week_operator.py
[2026-02-05T13:02:09.518+0000] {processor.py:840} INFO - DAG(s) 'example_weekday_branch_operator' retrieved from /home/airflow/.local/lib/python3.12/site-packages/airflow/example_dags/example_branch_day_of_week_operator.py
[2026-02-05T13:02:09.534+0000] {logging_mixin.py:188} INFO - [2026-02-05T13:02:09.533+0000] {dag.py:3096} INFO - Sync 1 DAGs
[2026-02-05T13:02:09.546+0000] {logging_mixin.py:188} INFO - [2026-02-05T13:02:09.546+0000] {dag.py:3954} INFO - Setting next_dagrun for example_weekday_branch_operator to 2026-02-04 00:00:00+00:00, run_after=2026-02-05 00:00:00+00:00
[2026-02-05T13:02:09.557+0000] {processor.py:183} INFO - Processing /home/airflow/.local/lib/python3.12/site-packages/airflow/example_dags/example_branch_day_of_week_operator.py took 0.048 seconds
[2026-02-05T13:02:39.634+0000] {processor.py:161} INFO - Started process (PID=907) to work on /home/airflow/.local/lib/python3.12/site-packages/airflow/example_dags/example_branch_day_of_week_operator.py
[2026-02-05T13:02:39.637+0000] {processor.py:830} INFO - Processing file /home/airflow/.local/lib/python3.12/site-packages/airflow/example_dags/example_branch_day_of_week_operator.py for tasks to queue
[2026-02-05T13:02:39.638+0000] {logging_mixin.py:188} INFO - [2026-02-05T13:02:39.638+0000] {dagbag.py:540} INFO - Filling up the DagBag from /home/airflow/.local/lib/python3.12/site-packages/airflow/example_dags/example_branch_day_of_week_operator.py
[2026-02-05T13:02:39.643+0000] {processor.py:840} INFO - DAG(s) 'example_weekday_branch_operator' retrieved from /home/airflow/.local/lib/python3.12/site-packages/airflow/example_dags/example_branch_day_of_week_operator.py
[2026-02-05T13:02:39.655+0000] {logging_mixin.py:188} INFO - [2026-02-05T13:02:39.655+0000] {dag.py:3096} INFO - Sync 1 DAGs
[2026-02-05T13:02:39.669+0000] {logging_mixin.py:188} INFO - [2026-02-05T13:02:39.669+0000] {dag.py:3954} INFO - Setting next_dagrun for example_weekday_branch_operator to 2026-02-04 00:00:00+00:00, run_after=2026-02-05 00:00:00+00:00
[2026-02-05T13:02:39.681+0000] {processor.py:183} INFO - Processing /home/airflow/.local/lib/python3.12/site-packages/airflow/example_dags/example_branch_day_of_week_operator.py took 0.052 seconds
[2026-02-05T13:03:10.680+0000] {processor.py:161} INFO - Started process (PID=965) to work on /home/airflow/.local/lib/python3.12/site-packages/airflow/example_dags/example_branch_day_of_week_operator.py
[2026-02-05T13:03:10.681+0000] {processor.py:830} INFO - Processing file /home/airflow/.local/lib/python3.12/site-packages/airflow/example_dags/example_branch_day_of_week_operator.py for tasks to queue
[2026-02-05T13:03:10.682+0000] {logging_mixin.py:188} INFO - [2026-02-05T13:03:10.682+0000] {dagbag.py:540} INFO - Filling up the DagBag from /home/airflow/.local/lib/python3.12/site-packages/airflow/example_dags/example_branch_day_of_week_operator.py
[2026-02-05T13:03:10.687+0000] {processor.py:840} INFO - DAG(s) 'example_weekday_branch_operator' retrieved from /home/airflow/.local/lib/python3.12/site-packages/airflow/example_dags/example_branch_day_of_week_operator.py
[2026-02-05T13:03:10.700+0000] {logging_mixin.py:188} INFO - [2026-02-05T13:03:10.700+0000] {dag.py:3096} INFO - Sync 1 DAGs
[2026-02-05T13:03:10.712+0000] {logging_mixin.py:188} INFO - [2026-02-05T13:03:10.712+0000] {dag.py:3954} INFO - Setting next_dagrun for example_weekday_branch_operator to 2026-02-04 00:00:00+00:00, run_after=2026-02-05 00:00:00+00:00
[2026-02-05T13:03:10.722+0000] {processor.py:183} INFO - Processing /home/airflow/.local/lib/python3.12/site-packages/airflow/example_dags/example_branch_day_of_week_operator.py took 0.045 seconds
[2026-02-05T13:03:40.940+0000] {processor.py:161} INFO - Started process (PID=1023) to work on /home/airflow/.local/lib/python3.12/site-packages/airflow/example_dags/example_branch_day_of_week_operator.py
[2026-02-05T13:03:40.941+0000] {processor.py:830} INFO - Processing file /home/airflow/.local/lib/python3.12/site-packages/airflow/example_dags/example_branch_day_of_week_operator.py for tasks to queue
[2026-02-05T13:03:40.942+0000] {logging_mixin.py:188} INFO - [2026-02-05T13:03:40.942+0000] {dagbag.py:540} INFO - Filling up the DagBag from /home/airflow/.local/lib/python3.12/site-packages/airflow/example_dags/example_branch_day_of_week_operator.py
[2026-02-05T13:03:40.947+0000] {processor.py:840} INFO - DAG(s) 'example_weekday_branch_operator' retrieved from /home/airflow/.local/lib/python3.12/site-packages/airflow/example_dags/example_branch_day_of_week_operator.py
[2026-02-05T13:03:40.959+0000] {logging_mixin.py:188} INFO - [2026-02-05T13:03:40.959+0000] {dag.py:3096} INFO - Sync 1 DAGs
[2026-02-05T13:03:40.970+0000] {logging_mixin.py:188} INFO - [2026-02-05T13:03:40.970+0000] {dag.py:3954} INFO - Setting next_dagrun for example_weekday_branch_operator to 2026-02-04 00:00:00+00:00, run_after=2026-02-05 00:00:00+00:00
[2026-02-05T13:03:40.980+0000] {processor.py:183} INFO - Processing /home/airflow/.local/lib/python3.12/site-packages/airflow/example_dags/example_branch_day_of_week_operator.py took 0.043 seconds
[2026-02-05T13:04:11.945+0000] {processor.py:161} INFO - Started process (PID=1081) to work on /home/airflow/.local/lib/python3.12/site-packages/airflow/example_dags/example_branch_day_of_week_operator.py
[2026-02-05T13:04:11.945+0000] {processor.py:830} INFO - Processing file /home/airflow/.local/lib/python3.12/site-packages/airflow/example_dags/example_branch_day_of_week_operator.py for tasks to queue
[2026-02-05T13:04:11.946+0000] {logging_mixin.py:188} INFO - [2026-02-05T13:04:11.946+0000] {dagbag.py:540} INFO - Filling up the DagBag from /home/airflow/.local/lib/python3.12/site-packages/airflow/example_dags/example_branch_day_of_week_operator.py
[2026-02-05T13:04:11.951+0000] {processor.py:840} INFO - DAG(s) 'example_weekday_branch_operator' retrieved from /home/airflow/.local/lib/python3.12/site-packages/airflow/example_dags/example_branch_day_of_week_operator.py
[2026-02-05T13:04:11.964+0000] {logging_mixin.py:188} INFO - [2026-02-05T13:04:11.964+0000] {dag.py:3096} INFO - Sync 1 DAGs
[2026-02-05T13:04:11.976+0000] {logging_mixin.py:188} INFO - [2026-02-05T13:04:11.975+0000] {dag.py:3954} INFO - Setting next_dagrun for example_weekday_branch_operator to 2026-02-04 00:00:00+00:00, run_after=2026-02-05 00:00:00+00:00
[2026-02-05T13:04:11.985+0000] {processor.py:183} INFO - Processing /home/airflow/.local/lib/python3.12/site-packages/airflow/example_dags/example_branch_day_of_week_operator.py took 0.044 seconds
[2026-02-05T13:04:42.369+0000] {processor.py:161} INFO - Started process (PID=1139) to work on /home/airflow/.local/lib/python3.12/site-packages/airflow/example_dags/example_branch_day_of_week_operator.py
[2026-02-05T13:04:42.372+0000] {processor.py:830} INFO - Processing file /home/airflow/.local/lib/python3.12/site-packages/airflow/example_dags/example_branch_day_of_week_operator.py for tasks to queue
[2026-02-05T13:04:42.374+0000] {logging_mixin.py:188} INFO - [2026-02-05T13:04:42.373+0000] {dagbag.py:540} INFO - Filling up the DagBag from /home/airflow/.local/lib/python3.12/site-packages/airflow/example_dags/example_branch_day_of_week_operator.py
[2026-02-05T13:04:42.379+0000] {processor.py:840} INFO - DAG(s) 'example_weekday_branch_operator' retrieved from /home/airflow/.local/lib/python3.12/site-packages/airflow/example_dags/example_branch_day_of_week_operator.py
[2026-02-05T13:04:42.396+0000] {logging_mixin.py:188} INFO - [2026-02-05T13:04:42.395+0000] {dag.py:3096} INFO - Sync 1 DAGs
[2026-02-05T13:04:42.409+0000] {logging_mixin.py:188} INFO - [2026-02-05T13:04:42.409+0000] {dag.py:3954} INFO - Setting next_dagrun for example_weekday_branch_operator to 2026-02-04 00:00:00+00:00, run_after=2026-02-05 00:00:00+00:00
[2026-02-05T13:04:42.424+0000] {processor.py:183} INFO - Processing /home/airflow/.local/lib/python3.12/site-packages/airflow/example_dags/example_branch_day_of_week_operator.py took 0.058 seconds
[2026-02-05T13:05:13.155+0000] {processor.py:161} INFO - Started process (PID=1197) to work on /home/airflow/.local/lib/python3.12/site-packages/airflow/example_dags/example_branch_day_of_week_operator.py
[2026-02-05T13:05:13.155+0000] {processor.py:830} INFO - Processing file /home/airflow/.local/lib/python3.12/site-packages/airflow/example_dags/example_branch_day_of_week_operator.py for tasks to queue
[2026-02-05T13:05:13.156+0000] {logging_mixin.py:188} INFO - [2026-02-05T13:05:13.156+0000] {dagbag.py:540} INFO - Filling up the DagBag from /home/airflow/.local/lib/python3.12/site-packages/airflow/example_dags/example_branch_day_of_week_operator.py
[2026-02-05T13:05:13.160+0000] {processor.py:840} INFO - DAG(s) 'example_weekday_branch_operator' retrieved from /home/airflow/.local/lib/python3.12/site-packages/airflow/example_dags/example_branch_day_of_week_operator.py
[2026-02-05T13:05:13.172+0000] {logging_mixin.py:188} INFO - [2026-02-05T13:05:13.172+0000] {dag.py:3096} INFO - Sync 1 DAGs
[2026-02-05T13:05:13.183+0000] {logging_mixin.py:188} INFO - [2026-02-05T13:05:13.183+0000] {dag.py:3954} INFO - Setting next_dagrun for example_weekday_branch_operator to 2026-02-04 00:00:00+00:00, run_after=2026-02-05 00:00:00+00:00
[2026-02-05T13:05:13.193+0000] {processor.py:183} INFO - Processing /home/airflow/.local/lib/python3.12/site-packages/airflow/example_dags/example_branch_day_of_week_operator.py took 0.041 seconds
[2026-02-05T13:05:43.873+0000] {processor.py:161} INFO - Started process (PID=1255) to work on /home/airflow/.local/lib/python3.12/site-packages/airflow/example_dags/example_branch_day_of_week_operator.py
[2026-02-05T13:05:43.873+0000] {processor.py:830} INFO - Processing file /home/airflow/.local/lib/python3.12/site-packages/airflow/example_dags/example_branch_day_of_week_operator.py for tasks to queue
[2026-02-05T13:05:43.875+0000] {logging_mixin.py:188} INFO - [2026-02-05T13:05:43.874+0000] {dagbag.py:540} INFO - Filling up the DagBag from /home/airflow/.local/lib/python3.12/site-packages/airflow/example_dags/example_branch_day_of_week_operator.py
[2026-02-05T13:05:43.879+0000] {processor.py:840} INFO - DAG(s) 'example_weekday_branch_operator' retrieved from /home/airflow/.local/lib/python3.12/site-packages/airflow/example_dags/example_branch_day_of_week_operator.py
[2026-02-05T13:05:43.891+0000] {logging_mixin.py:188} INFO - [2026-02-05T13:05:43.891+0000] {dag.py:3096} INFO - Sync 1 DAGs
[2026-02-05T13:05:44.000+0000] {logging_mixin.py:188} INFO - [2026-02-05T13:05:44.000+0000] {dag.py:3954} INFO - Setting next_dagrun for example_weekday_branch_operator to 2026-02-04 00:00:00+00:00, run_after=2026-02-05 00:00:00+00:00
[2026-02-05T13:05:44.010+0000] {processor.py:183} INFO - Processing /home/airflow/.local/lib/python3.12/site-packages/airflow/example_dags/example_branch_day_of_week_operator.py took 0.141 seconds
[2026-02-05T13:06:14.126+0000] {processor.py:161} INFO - Started process (PID=1312) to work on /home/airflow/.local/lib/python3.12/site-packages/airflow/example_dags/example_branch_day_of_week_operator.py
[2026-02-05T13:06:14.129+0000] {processor.py:830} INFO - Processing file /home/airflow/.local/lib/python3.12/site-packages/airflow/example_dags/example_branch_day_of_week_operator.py for tasks to queue
[2026-02-05T13:06:14.130+0000] {logging_mixin.py:188} INFO - [2026-02-05T13:06:14.130+0000] {dagbag.py:540} INFO - Filling up the DagBag from /home/airflow/.local/lib/python3.12/site-packages/airflow/example_dags/example_branch_day_of_week_operator.py
[2026-02-05T13:06:14.134+0000] {processor.py:840} INFO - DAG(s) 'example_weekday_branch_operator' retrieved from /home/airflow/.local/lib/python3.12/site-packages/airflow/example_dags/example_branch_day_of_week_operator.py
[2026-02-05T13:06:14.147+0000] {logging_mixin.py:188} INFO - [2026-02-05T13:06:14.147+0000] {dag.py:3096} INFO - Sync 1 DAGs
[2026-02-05T13:06:14.160+0000] {logging_mixin.py:188} INFO - [2026-02-05T13:06:14.160+0000] {dag.py:3954} INFO - Setting next_dagrun for example_weekday_branch_operator to 2026-02-04 00:00:00+00:00, run_after=2026-02-05 00:00:00+00:00
[2026-02-05T13:06:14.173+0000] {processor.py:183} INFO - Processing /home/airflow/.local/lib/python3.12/site-packages/airflow/example_dags/example_branch_day_of_week_operator.py took 0.050 seconds
[2026-02-05T13:06:44.329+0000] {processor.py:161} INFO - Started process (PID=1370) to work on /home/airflow/.local/lib/python3.12/site-packages/airflow/example_dags/example_branch_day_of_week_operator.py
[2026-02-05T13:06:44.329+0000] {processor.py:830} INFO - Processing file /home/airflow/.local/lib/python3.12/site-packages/airflow/example_dags/example_branch_day_of_week_operator.py for tasks to queue
[2026-02-05T13:06:44.330+0000] {logging_mixin.py:188} INFO - [2026-02-05T13:06:44.330+0000] {dagbag.py:540} INFO - Filling up the DagBag from /home/airflow/.local/lib/python3.12/site-packages/airflow/example_dags/example_branch_day_of_week_operator.py
[2026-02-05T13:06:44.335+0000] {processor.py:840} INFO - DAG(s) 'example_weekday_branch_operator' retrieved from /home/airflow/.local/lib/python3.12/site-packages/airflow/example_dags/example_branch_day_of_week_operator.py
[2026-02-05T13:06:44.349+0000] {logging_mixin.py:188} INFO - [2026-02-05T13:06:44.349+0000] {dag.py:3096} INFO - Sync 1 DAGs
[2026-02-05T13:06:44.362+0000] {logging_mixin.py:188} INFO - [2026-02-05T13:06:44.362+0000] {dag.py:3954} INFO - Setting next_dagrun for example_weekday_branch_operator to 2026-02-04 00:00:00+00:00, run_after=2026-02-05 00:00:00+00:00
[2026-02-05T13:06:44.373+0000] {processor.py:183} INFO - Processing /home/airflow/.local/lib/python3.12/site-packages/airflow/example_dags/example_branch_day_of_week_operator.py took 0.048 seconds
[2026-02-05T13:07:14.509+0000] {processor.py:161} INFO - Started process (PID=1428) to work on /home/airflow/.local/lib/python3.12/site-packages/airflow/example_dags/example_branch_day_of_week_operator.py
[2026-02-05T13:07:14.510+0000] {processor.py:830} INFO - Processing file /home/airflow/.local/lib/python3.12/site-packages/airflow/example_dags/example_branch_day_of_week_operator.py for tasks to queue
[2026-02-05T13:07:14.511+0000] {logging_mixin.py:188} INFO - [2026-02-05T13:07:14.511+0000] {dagbag.py:540} INFO - Filling up the DagBag from /home/airflow/.local/lib/python3.12/site-packages/airflow/example_dags/example_branch_day_of_week_operator.py
[2026-02-05T13:07:14.515+0000] {processor.py:840} INFO - DAG(s) 'example_weekday_branch_operator' retrieved from /home/airflow/.local/lib/python3.12/site-packages/airflow/example_dags/example_branch_day_of_week_operator.py
[2026-02-05T13:07:14.527+0000] {logging_mixin.py:188} INFO - [2026-02-05T13:07:14.527+0000] {dag.py:3096} INFO - Sync 1 DAGs
[2026-02-05T13:07:14.538+0000] {logging_mixin.py:188} INFO - [2026-02-05T13:07:14.538+0000] {dag.py:3954} INFO - Setting next_dagrun for example_weekday_branch_operator to 2026-02-04 00:00:00+00:00, run_after=2026-02-05 00:00:00+00:00
[2026-02-05T13:07:14.548+0000] {processor.py:183} INFO - Processing /home/airflow/.local/lib/python3.12/site-packages/airflow/example_dags/example_branch_day_of_week_operator.py took 0.042 seconds
[2026-02-05T13:07:44.734+0000] {processor.py:161} INFO - Started process (PID=1486) to work on /home/airflow/.local/lib/python3.12/site-packages/airflow/example_dags/example_branch_day_of_week_operator.py
[2026-02-05T13:07:44.735+0000] {processor.py:830} INFO - Processing file /home/airflow/.local/lib/python3.12/site-packages/airflow/example_dags/example_branch_day_of_week_operator.py for tasks to queue
[2026-02-05T13:07:44.736+0000] {logging_mixin.py:188} INFO - [2026-02-05T13:07:44.736+0000] {dagbag.py:540} INFO - Filling up the DagBag from /home/airflow/.local/lib/python3.12/site-packages/airflow/example_dags/example_branch_day_of_week_operator.py
[2026-02-05T13:07:44.741+0000] {processor.py:840} INFO - DAG(s) 'example_weekday_branch_operator' retrieved from /home/airflow/.local/lib/python3.12/site-packages/airflow/example_dags/example_branch_day_of_week_operator.py
[2026-02-05T13:07:44.756+0000] {logging_mixin.py:188} INFO - [2026-02-05T13:07:44.756+0000] {dag.py:3096} INFO - Sync 1 DAGs
[2026-02-05T13:07:44.768+0000] {logging_mixin.py:188} INFO - [2026-02-05T13:07:44.767+0000] {dag.py:3954} INFO - Setting next_dagrun for example_weekday_branch_operator to 2026-02-04 00:00:00+00:00, run_after=2026-02-05 00:00:00+00:00
[2026-02-05T13:07:44.777+0000] {processor.py:183} INFO - Processing /home/airflow/.local/lib/python3.12/site-packages/airflow/example_dags/example_branch_day_of_week_operator.py took 0.046 seconds
[2026-02-05T13:08:14.977+0000] {processor.py:161} INFO - Started process (PID=1544) to work on /home/airflow/.local/lib/python3.12/site-packages/airflow/example_dags/example_branch_day_of_week_operator.py
[2026-02-05T13:08:14.979+0000] {processor.py:830} INFO - Processing file /home/airflow/.local/lib/python3.12/site-packages/airflow/example_dags/example_branch_day_of_week_operator.py for tasks to queue
[2026-02-05T13:08:14.980+0000] {logging_mixin.py:188} INFO - [2026-02-05T13:08:14.980+0000] {dagbag.py:540} INFO - Filling up the DagBag from /home/airflow/.local/lib/python3.12/site-packages/airflow/example_dags/example_branch_day_of_week_operator.py
[2026-02-05T13:08:14.985+0000] {processor.py:840} INFO - DAG(s) 'example_weekday_branch_operator' retrieved from /home/airflow/.local/lib/python3.12/site-packages/airflow/example_dags/example_branch_day_of_week_operator.py
[2026-02-05T13:08:15.020+0000] {logging_mixin.py:188} INFO - [2026-02-05T13:08:15.020+0000] {dag.py:3096} INFO - Sync 1 DAGs
[2026-02-05T13:08:15.037+0000] {logging_mixin.py:188} INFO - [2026-02-05T13:08:15.037+0000] {dag.py:3954} INFO - Setting next_dagrun for example_weekday_branch_operator to 2026-02-04 00:00:00+00:00, run_after=2026-02-05 00:00:00+00:00
[2026-02-05T13:08:15.057+0000] {processor.py:183} INFO - Processing /home/airflow/.local/lib/python3.12/site-packages/airflow/example_dags/example_branch_day_of_week_operator.py took 0.084 seconds
[2026-02-05T13:08:45.089+0000] {processor.py:161} INFO - Started process (PID=1601) to work on /home/airflow/.local/lib/python3.12/site-packages/airflow/example_dags/example_branch_day_of_week_operator.py
[2026-02-05T13:08:45.091+0000] {processor.py:830} INFO - Processing file /home/airflow/.local/lib/python3.12/site-packages/airflow/example_dags/example_branch_day_of_week_operator.py for tasks to queue
[2026-02-05T13:08:45.093+0000] {logging_mixin.py:188} INFO - [2026-02-05T13:08:45.093+0000] {dagbag.py:540} INFO - Filling up the DagBag from /home/airflow/.local/lib/python3.12/site-packages/airflow/example_dags/example_branch_day_of_week_operator.py
[2026-02-05T13:08:45.098+0000] {processor.py:840} INFO - DAG(s) 'example_weekday_branch_operator' retrieved from /home/airflow/.local/lib/python3.12/site-packages/airflow/example_dags/example_branch_day_of_week_operator.py
[2026-02-05T13:08:45.112+0000] {logging_mixin.py:188} INFO - [2026-02-05T13:08:45.112+0000] {dag.py:3096} INFO - Sync 1 DAGs
[2026-02-05T13:08:45.126+0000] {logging_mixin.py:188} INFO - [2026-02-05T13:08:45.126+0000] {dag.py:3954} INFO - Setting next_dagrun for example_weekday_branch_operator to 2026-02-04 00:00:00+00:00, run_after=2026-02-05 00:00:00+00:00
[2026-02-05T13:08:45.136+0000] {processor.py:183} INFO - Processing /home/airflow/.local/lib/python3.12/site-packages/airflow/example_dags/example_branch_day_of_week_operator.py took 0.052 seconds
[2026-02-05T13:09:15.271+0000] {processor.py:161} INFO - Started process (PID=1659) to work on /home/airflow/.local/lib/python3.12/site-packages/airflow/example_dags/example_branch_day_of_week_operator.py
[2026-02-05T13:09:15.271+0000] {processor.py:830} INFO - Processing file /home/airflow/.local/lib/python3.12/site-packages/airflow/example_dags/example_branch_day_of_week_operator.py for tasks to queue
[2026-02-05T13:09:15.272+0000] {logging_mixin.py:188} INFO - [2026-02-05T13:09:15.272+0000] {dagbag.py:540} INFO - Filling up the DagBag from /home/airflow/.local/lib/python3.12/site-packages/airflow/example_dags/example_branch_day_of_week_operator.py
[2026-02-05T13:09:15.277+0000] {processor.py:840} INFO - DAG(s) 'example_weekday_branch_operator' retrieved from /home/airflow/.local/lib/python3.12/site-packages/airflow/example_dags/example_branch_day_of_week_operator.py
[2026-02-05T13:09:15.342+0000] {logging_mixin.py:188} INFO - [2026-02-05T13:09:15.341+0000] {dag.py:3096} INFO - Sync 1 DAGs
[2026-02-05T13:09:15.360+0000] {logging_mixin.py:188} INFO - [2026-02-05T13:09:15.360+0000] {dag.py:3954} INFO - Setting next_dagrun for example_weekday_branch_operator to 2026-02-04 00:00:00+00:00, run_after=2026-02-05 00:00:00+00:00
[2026-02-05T13:09:15.378+0000] {processor.py:183} INFO - Processing /home/airflow/.local/lib/python3.12/site-packages/airflow/example_dags/example_branch_day_of_week_operator.py took 0.111 seconds
[2026-02-05T13:09:45.682+0000] {processor.py:161} INFO - Started process (PID=1717) to work on /home/airflow/.local/lib/python3.12/site-packages/airflow/example_dags/example_branch_day_of_week_operator.py
[2026-02-05T13:09:45.683+0000] {processor.py:830} INFO - Processing file /home/airflow/.local/lib/python3.12/site-packages/airflow/example_dags/example_branch_day_of_week_operator.py for tasks to queue
[2026-02-05T13:09:45.685+0000] {logging_mixin.py:188} INFO - [2026-02-05T13:09:45.685+0000] {dagbag.py:540} INFO - Filling up the DagBag from /home/airflow/.local/lib/python3.12/site-packages/airflow/example_dags/example_branch_day_of_week_operator.py
[2026-02-05T13:09:45.690+0000] {processor.py:840} INFO - DAG(s) 'example_weekday_branch_operator' retrieved from /home/airflow/.local/lib/python3.12/site-packages/airflow/example_dags/example_branch_day_of_week_operator.py
[2026-02-05T13:09:45.704+0000] {logging_mixin.py:188} INFO - [2026-02-05T13:09:45.704+0000] {dag.py:3096} INFO - Sync 1 DAGs
[2026-02-05T13:09:45.717+0000] {logging_mixin.py:188} INFO - [2026-02-05T13:09:45.717+0000] {dag.py:3954} INFO - Setting next_dagrun for example_weekday_branch_operator to 2026-02-04 00:00:00+00:00, run_after=2026-02-05 00:00:00+00:00
[2026-02-05T13:09:45.739+0000] {processor.py:183} INFO - Processing /home/airflow/.local/lib/python3.12/site-packages/airflow/example_dags/example_branch_day_of_week_operator.py took 0.060 seconds
[2026-02-05T13:10:15.911+0000] {processor.py:161} INFO - Started process (PID=1774) to work on /home/airflow/.local/lib/python3.12/site-packages/airflow/example_dags/example_branch_day_of_week_operator.py
[2026-02-05T13:10:15.912+0000] {processor.py:830} INFO - Processing file /home/airflow/.local/lib/python3.12/site-packages/airflow/example_dags/example_branch_day_of_week_operator.py for tasks to queue
[2026-02-05T13:10:15.914+0000] {logging_mixin.py:188} INFO - [2026-02-05T13:10:15.914+0000] {dagbag.py:540} INFO - Filling up the DagBag from /home/airflow/.local/lib/python3.12/site-packages/airflow/example_dags/example_branch_day_of_week_operator.py
[2026-02-05T13:10:15.918+0000] {processor.py:840} INFO - DAG(s) 'example_weekday_branch_operator' retrieved from /home/airflow/.local/lib/python3.12/site-packages/airflow/example_dags/example_branch_day_of_week_operator.py
[2026-02-05T13:10:15.932+0000] {logging_mixin.py:188} INFO - [2026-02-05T13:10:15.932+0000] {dag.py:3096} INFO - Sync 1 DAGs
[2026-02-05T13:10:15.944+0000] {logging_mixin.py:188} INFO - [2026-02-05T13:10:15.944+0000] {dag.py:3954} INFO - Setting next_dagrun for example_weekday_branch_operator to 2026-02-04 00:00:00+00:00, run_after=2026-02-05 00:00:00+00:00
[2026-02-05T13:10:15.955+0000] {processor.py:183} INFO - Processing /home/airflow/.local/lib/python3.12/site-packages/airflow/example_dags/example_branch_day_of_week_operator.py took 0.048 seconds
[2026-02-05T13:10:46.904+0000] {processor.py:161} INFO - Started process (PID=1832) to work on /home/airflow/.local/lib/python3.12/site-packages/airflow/example_dags/example_branch_day_of_week_operator.py
[2026-02-05T13:10:46.907+0000] {processor.py:830} INFO - Processing file /home/airflow/.local/lib/python3.12/site-packages/airflow/example_dags/example_branch_day_of_week_operator.py for tasks to queue
[2026-02-05T13:10:46.909+0000] {logging_mixin.py:188} INFO - [2026-02-05T13:10:46.909+0000] {dagbag.py:540} INFO - Filling up the DagBag from /home/airflow/.local/lib/python3.12/site-packages/airflow/example_dags/example_branch_day_of_week_operator.py
[2026-02-05T13:10:46.913+0000] {processor.py:840} INFO - DAG(s) 'example_weekday_branch_operator' retrieved from /home/airflow/.local/lib/python3.12/site-packages/airflow/example_dags/example_branch_day_of_week_operator.py
[2026-02-05T13:10:46.925+0000] {logging_mixin.py:188} INFO - [2026-02-05T13:10:46.925+0000] {dag.py:3096} INFO - Sync 1 DAGs
[2026-02-05T13:10:46.937+0000] {logging_mixin.py:188} INFO - [2026-02-05T13:10:46.936+0000] {dag.py:3954} INFO - Setting next_dagrun for example_weekday_branch_operator to 2026-02-04 00:00:00+00:00, run_after=2026-02-05 00:00:00+00:00
[2026-02-05T13:10:46.946+0000] {processor.py:183} INFO - Processing /home/airflow/.local/lib/python3.12/site-packages/airflow/example_dags/example_branch_day_of_week_operator.py took 0.046 seconds
[2026-02-05T13:11:17.798+0000] {processor.py:161} INFO - Started process (PID=1890) to work on /home/airflow/.local/lib/python3.12/site-packages/airflow/example_dags/example_branch_day_of_week_operator.py
[2026-02-05T13:11:17.798+0000] {processor.py:830} INFO - Processing file /home/airflow/.local/lib/python3.12/site-packages/airflow/example_dags/example_branch_day_of_week_operator.py for tasks to queue
[2026-02-05T13:11:17.802+0000] {logging_mixin.py:188} INFO - [2026-02-05T13:11:17.802+0000] {dagbag.py:540} INFO - Filling up the DagBag from /home/airflow/.local/lib/python3.12/site-packages/airflow/example_dags/example_branch_day_of_week_operator.py
[2026-02-05T13:11:17.806+0000] {processor.py:840} INFO - DAG(s) 'example_weekday_branch_operator' retrieved from /home/airflow/.local/lib/python3.12/site-packages/airflow/example_dags/example_branch_day_of_week_operator.py
[2026-02-05T13:11:17.818+0000] {logging_mixin.py:188} INFO - [2026-02-05T13:11:17.818+0000] {dag.py:3096} INFO - Sync 1 DAGs
[2026-02-05T13:11:17.829+0000] {logging_mixin.py:188} INFO - [2026-02-05T13:11:17.829+0000] {dag.py:3954} INFO - Setting next_dagrun for example_weekday_branch_operator to 2026-02-04 00:00:00+00:00, run_after=2026-02-05 00:00:00+00:00
[2026-02-05T13:11:17.839+0000] {processor.py:183} INFO - Processing /home/airflow/.local/lib/python3.12/site-packages/airflow/example_dags/example_branch_day_of_week_operator.py took 0.044 seconds
[2026-02-05T13:11:48.693+0000] {processor.py:161} INFO - Started process (PID=1948) to work on /home/airflow/.local/lib/python3.12/site-packages/airflow/example_dags/example_branch_day_of_week_operator.py
[2026-02-05T13:11:48.693+0000] {processor.py:830} INFO - Processing file /home/airflow/.local/lib/python3.12/site-packages/airflow/example_dags/example_branch_day_of_week_operator.py for tasks to queue
[2026-02-05T13:11:48.694+0000] {logging_mixin.py:188} INFO - [2026-02-05T13:11:48.694+0000] {dagbag.py:540} INFO - Filling up the DagBag from /home/airflow/.local/lib/python3.12/site-packages/airflow/example_dags/example_branch_day_of_week_operator.py
[2026-02-05T13:11:48.699+0000] {processor.py:840} INFO - DAG(s) 'example_weekday_branch_operator' retrieved from /home/airflow/.local/lib/python3.12/site-packages/airflow/example_dags/example_branch_day_of_week_operator.py
[2026-02-05T13:11:48.711+0000] {logging_mixin.py:188} INFO - [2026-02-05T13:11:48.710+0000] {dag.py:3096} INFO - Sync 1 DAGs
[2026-02-05T13:11:48.722+0000] {logging_mixin.py:188} INFO - [2026-02-05T13:11:48.722+0000] {dag.py:3954} INFO - Setting next_dagrun for example_weekday_branch_operator to 2026-02-04 00:00:00+00:00, run_after=2026-02-05 00:00:00+00:00
[2026-02-05T13:11:48.732+0000] {processor.py:183} INFO - Processing /home/airflow/.local/lib/python3.12/site-packages/airflow/example_dags/example_branch_day_of_week_operator.py took 0.043 seconds
[2026-02-05T13:12:19.578+0000] {processor.py:161} INFO - Started process (PID=2006) to work on /home/airflow/.local/lib/python3.12/site-packages/airflow/example_dags/example_branch_day_of_week_operator.py
[2026-02-05T13:12:19.579+0000] {processor.py:830} INFO - Processing file /home/airflow/.local/lib/python3.12/site-packages/airflow/example_dags/example_branch_day_of_week_operator.py for tasks to queue
[2026-02-05T13:12:19.580+0000] {logging_mixin.py:188} INFO - [2026-02-05T13:12:19.580+0000] {dagbag.py:540} INFO - Filling up the DagBag from /home/airflow/.local/lib/python3.12/site-packages/airflow/example_dags/example_branch_day_of_week_operator.py
[2026-02-05T13:12:19.584+0000] {processor.py:840} INFO - DAG(s) 'example_weekday_branch_operator' retrieved from /home/airflow/.local/lib/python3.12/site-packages/airflow/example_dags/example_branch_day_of_week_operator.py
[2026-02-05T13:12:19.596+0000] {logging_mixin.py:188} INFO - [2026-02-05T13:12:19.596+0000] {dag.py:3096} INFO - Sync 1 DAGs
[2026-02-05T13:12:19.607+0000] {logging_mixin.py:188} INFO - [2026-02-05T13:12:19.607+0000] {dag.py:3954} INFO - Setting next_dagrun for example_weekday_branch_operator to 2026-02-04 00:00:00+00:00, run_after=2026-02-05 00:00:00+00:00
[2026-02-05T13:12:19.618+0000] {processor.py:183} INFO - Processing /home/airflow/.local/lib/python3.12/site-packages/airflow/example_dags/example_branch_day_of_week_operator.py took 0.043 seconds
[2026-02-05T13:12:50.478+0000] {processor.py:161} INFO - Started process (PID=2064) to work on /home/airflow/.local/lib/python3.12/site-packages/airflow/example_dags/example_branch_day_of_week_operator.py
[2026-02-05T13:12:50.478+0000] {processor.py:830} INFO - Processing file /home/airflow/.local/lib/python3.12/site-packages/airflow/example_dags/example_branch_day_of_week_operator.py for tasks to queue
[2026-02-05T13:12:50.482+0000] {logging_mixin.py:188} INFO - [2026-02-05T13:12:50.482+0000] {dagbag.py:540} INFO - Filling up the DagBag from /home/airflow/.local/lib/python3.12/site-packages/airflow/example_dags/example_branch_day_of_week_operator.py
[2026-02-05T13:12:50.486+0000] {processor.py:840} INFO - DAG(s) 'example_weekday_branch_operator' retrieved from /home/airflow/.local/lib/python3.12/site-packages/airflow/example_dags/example_branch_day_of_week_operator.py
[2026-02-05T13:12:50.498+0000] {logging_mixin.py:188} INFO - [2026-02-05T13:12:50.498+0000] {dag.py:3096} INFO - Sync 1 DAGs
[2026-02-05T13:12:50.514+0000] {logging_mixin.py:188} INFO - [2026-02-05T13:12:50.514+0000] {dag.py:3954} INFO - Setting next_dagrun for example_weekday_branch_operator to 2026-02-04 00:00:00+00:00, run_after=2026-02-05 00:00:00+00:00
[2026-02-05T13:12:50.525+0000] {processor.py:183} INFO - Processing /home/airflow/.local/lib/python3.12/site-packages/airflow/example_dags/example_branch_day_of_week_operator.py took 0.050 seconds
[2026-02-05T13:13:21.297+0000] {processor.py:161} INFO - Started process (PID=2121) to work on /home/airflow/.local/lib/python3.12/site-packages/airflow/example_dags/example_branch_day_of_week_operator.py
[2026-02-05T13:13:21.297+0000] {processor.py:830} INFO - Processing file /home/airflow/.local/lib/python3.12/site-packages/airflow/example_dags/example_branch_day_of_week_operator.py for tasks to queue
[2026-02-05T13:13:21.299+0000] {logging_mixin.py:188} INFO - [2026-02-05T13:13:21.298+0000] {dagbag.py:540} INFO - Filling up the DagBag from /home/airflow/.local/lib/python3.12/site-packages/airflow/example_dags/example_branch_day_of_week_operator.py
[2026-02-05T13:13:21.303+0000] {processor.py:840} INFO - DAG(s) 'example_weekday_branch_operator' retrieved from /home/airflow/.local/lib/python3.12/site-packages/airflow/example_dags/example_branch_day_of_week_operator.py
[2026-02-05T13:13:21.316+0000] {logging_mixin.py:188} INFO - [2026-02-05T13:13:21.316+0000] {dag.py:3096} INFO - Sync 1 DAGs
[2026-02-05T13:13:21.328+0000] {logging_mixin.py:188} INFO - [2026-02-05T13:13:21.328+0000] {dag.py:3954} INFO - Setting next_dagrun for example_weekday_branch_operator to 2026-02-04 00:00:00+00:00, run_after=2026-02-05 00:00:00+00:00
[2026-02-05T13:13:21.339+0000] {processor.py:183} INFO - Processing /home/airflow/.local/lib/python3.12/site-packages/airflow/example_dags/example_branch_day_of_week_operator.py took 0.046 seconds
[2026-02-05T13:13:52.176+0000] {processor.py:161} INFO - Started process (PID=2179) to work on /home/airflow/.local/lib/python3.12/site-packages/airflow/example_dags/example_branch_day_of_week_operator.py
[2026-02-05T13:13:52.177+0000] {processor.py:830} INFO - Processing file /home/airflow/.local/lib/python3.12/site-packages/airflow/example_dags/example_branch_day_of_week_operator.py for tasks to queue
[2026-02-05T13:13:52.178+0000] {logging_mixin.py:188} INFO - [2026-02-05T13:13:52.178+0000] {dagbag.py:540} INFO - Filling up the DagBag from /home/airflow/.local/lib/python3.12/site-packages/airflow/example_dags/example_branch_day_of_week_operator.py
[2026-02-05T13:13:52.183+0000] {processor.py:840} INFO - DAG(s) 'example_weekday_branch_operator' retrieved from /home/airflow/.local/lib/python3.12/site-packages/airflow/example_dags/example_branch_day_of_week_operator.py
[2026-02-05T13:13:52.195+0000] {logging_mixin.py:188} INFO - [2026-02-05T13:13:52.195+0000] {dag.py:3096} INFO - Sync 1 DAGs
[2026-02-05T13:13:52.207+0000] {logging_mixin.py:188} INFO - [2026-02-05T13:13:52.206+0000] {dag.py:3954} INFO - Setting next_dagrun for example_weekday_branch_operator to 2026-02-04 00:00:00+00:00, run_after=2026-02-05 00:00:00+00:00
[2026-02-05T13:13:52.217+0000] {processor.py:183} INFO - Processing /home/airflow/.local/lib/python3.12/site-packages/airflow/example_dags/example_branch_day_of_week_operator.py took 0.045 seconds
[2026-02-05T13:14:23.203+0000] {processor.py:161} INFO - Started process (PID=2237) to work on /home/airflow/.local/lib/python3.12/site-packages/airflow/example_dags/example_branch_day_of_week_operator.py
[2026-02-05T13:14:23.203+0000] {processor.py:830} INFO - Processing file /home/airflow/.local/lib/python3.12/site-packages/airflow/example_dags/example_branch_day_of_week_operator.py for tasks to queue
[2026-02-05T13:14:23.205+0000] {logging_mixin.py:188} INFO - [2026-02-05T13:14:23.204+0000] {dagbag.py:540} INFO - Filling up the DagBag from /home/airflow/.local/lib/python3.12/site-packages/airflow/example_dags/example_branch_day_of_week_operator.py
[2026-02-05T13:14:23.209+0000] {processor.py:840} INFO - DAG(s) 'example_weekday_branch_operator' retrieved from /home/airflow/.local/lib/python3.12/site-packages/airflow/example_dags/example_branch_day_of_week_operator.py
[2026-02-05T13:14:23.222+0000] {logging_mixin.py:188} INFO - [2026-02-05T13:14:23.221+0000] {dag.py:3096} INFO - Sync 1 DAGs
[2026-02-05T13:14:23.234+0000] {logging_mixin.py:188} INFO - [2026-02-05T13:14:23.234+0000] {dag.py:3954} INFO - Setting next_dagrun for example_weekday_branch_operator to 2026-02-04 00:00:00+00:00, run_after=2026-02-05 00:00:00+00:00
[2026-02-05T13:14:23.244+0000] {processor.py:183} INFO - Processing /home/airflow/.local/lib/python3.12/site-packages/airflow/example_dags/example_branch_day_of_week_operator.py took 0.044 seconds
[2026-02-05T13:14:53.282+0000] {processor.py:161} INFO - Started process (PID=2295) to work on /home/airflow/.local/lib/python3.12/site-packages/airflow/example_dags/example_branch_day_of_week_operator.py
[2026-02-05T13:14:53.283+0000] {processor.py:830} INFO - Processing file /home/airflow/.local/lib/python3.12/site-packages/airflow/example_dags/example_branch_day_of_week_operator.py for tasks to queue
[2026-02-05T13:14:53.285+0000] {logging_mixin.py:188} INFO - [2026-02-05T13:14:53.284+0000] {dagbag.py:540} INFO - Filling up the DagBag from /home/airflow/.local/lib/python3.12/site-packages/airflow/example_dags/example_branch_day_of_week_operator.py
[2026-02-05T13:14:53.291+0000] {processor.py:840} INFO - DAG(s) 'example_weekday_branch_operator' retrieved from /home/airflow/.local/lib/python3.12/site-packages/airflow/example_dags/example_branch_day_of_week_operator.py
[2026-02-05T13:14:53.306+0000] {logging_mixin.py:188} INFO - [2026-02-05T13:14:53.305+0000] {dag.py:3096} INFO - Sync 1 DAGs
[2026-02-05T13:14:53.318+0000] {logging_mixin.py:188} INFO - [2026-02-05T13:14:53.318+0000] {dag.py:3954} INFO - Setting next_dagrun for example_weekday_branch_operator to 2026-02-04 00:00:00+00:00, run_after=2026-02-05 00:00:00+00:00
[2026-02-05T13:14:53.329+0000] {processor.py:183} INFO - Processing /home/airflow/.local/lib/python3.12/site-packages/airflow/example_dags/example_branch_day_of_week_operator.py took 0.051 seconds
[2026-02-05T13:15:24.229+0000] {processor.py:161} INFO - Started process (PID=2352) to work on /home/airflow/.local/lib/python3.12/site-packages/airflow/example_dags/example_branch_day_of_week_operator.py
[2026-02-05T13:15:24.230+0000] {processor.py:830} INFO - Processing file /home/airflow/.local/lib/python3.12/site-packages/airflow/example_dags/example_branch_day_of_week_operator.py for tasks to queue
[2026-02-05T13:15:24.232+0000] {logging_mixin.py:188} INFO - [2026-02-05T13:15:24.231+0000] {dagbag.py:540} INFO - Filling up the DagBag from /home/airflow/.local/lib/python3.12/site-packages/airflow/example_dags/example_branch_day_of_week_operator.py
[2026-02-05T13:15:24.236+0000] {processor.py:840} INFO - DAG(s) 'example_weekday_branch_operator' retrieved from /home/airflow/.local/lib/python3.12/site-packages/airflow/example_dags/example_branch_day_of_week_operator.py
[2026-02-05T13:15:24.247+0000] {logging_mixin.py:188} INFO - [2026-02-05T13:15:24.247+0000] {dag.py:3096} INFO - Sync 1 DAGs
[2026-02-05T13:15:24.259+0000] {logging_mixin.py:188} INFO - [2026-02-05T13:15:24.259+0000] {dag.py:3954} INFO - Setting next_dagrun for example_weekday_branch_operator to 2026-02-04 00:00:00+00:00, run_after=2026-02-05 00:00:00+00:00
[2026-02-05T13:15:24.269+0000] {processor.py:183} INFO - Processing /home/airflow/.local/lib/python3.12/site-packages/airflow/example_dags/example_branch_day_of_week_operator.py took 0.044 seconds
[2026-02-05T13:15:55.105+0000] {processor.py:161} INFO - Started process (PID=2410) to work on /home/airflow/.local/lib/python3.12/site-packages/airflow/example_dags/example_branch_day_of_week_operator.py
[2026-02-05T13:15:55.106+0000] {processor.py:830} INFO - Processing file /home/airflow/.local/lib/python3.12/site-packages/airflow/example_dags/example_branch_day_of_week_operator.py for tasks to queue
[2026-02-05T13:15:55.108+0000] {logging_mixin.py:188} INFO - [2026-02-05T13:15:55.107+0000] {dagbag.py:540} INFO - Filling up the DagBag from /home/airflow/.local/lib/python3.12/site-packages/airflow/example_dags/example_branch_day_of_week_operator.py
[2026-02-05T13:15:55.113+0000] {processor.py:840} INFO - DAG(s) 'example_weekday_branch_operator' retrieved from /home/airflow/.local/lib/python3.12/site-packages/airflow/example_dags/example_branch_day_of_week_operator.py
[2026-02-05T13:15:55.126+0000] {logging_mixin.py:188} INFO - [2026-02-05T13:15:55.126+0000] {dag.py:3096} INFO - Sync 1 DAGs
[2026-02-05T13:15:55.162+0000] {logging_mixin.py:188} INFO - [2026-02-05T13:15:55.161+0000] {dag.py:3954} INFO - Setting next_dagrun for example_weekday_branch_operator to 2026-02-04 00:00:00+00:00, run_after=2026-02-05 00:00:00+00:00
[2026-02-05T13:15:55.188+0000] {processor.py:183} INFO - Processing /home/airflow/.local/lib/python3.12/site-packages/airflow/example_dags/example_branch_day_of_week_operator.py took 0.088 seconds
[2026-02-05T13:16:26.188+0000] {processor.py:161} INFO - Started process (PID=2468) to work on /home/airflow/.local/lib/python3.12/site-packages/airflow/example_dags/example_branch_day_of_week_operator.py
[2026-02-05T13:16:26.189+0000] {processor.py:830} INFO - Processing file /home/airflow/.local/lib/python3.12/site-packages/airflow/example_dags/example_branch_day_of_week_operator.py for tasks to queue
[2026-02-05T13:16:26.191+0000] {logging_mixin.py:188} INFO - [2026-02-05T13:16:26.190+0000] {dagbag.py:540} INFO - Filling up the DagBag from /home/airflow/.local/lib/python3.12/site-packages/airflow/example_dags/example_branch_day_of_week_operator.py
[2026-02-05T13:16:26.196+0000] {processor.py:840} INFO - DAG(s) 'example_weekday_branch_operator' retrieved from /home/airflow/.local/lib/python3.12/site-packages/airflow/example_dags/example_branch_day_of_week_operator.py
[2026-02-05T13:16:26.214+0000] {logging_mixin.py:188} INFO - [2026-02-05T13:16:26.214+0000] {dag.py:3096} INFO - Sync 1 DAGs
[2026-02-05T13:16:26.227+0000] {logging_mixin.py:188} INFO - [2026-02-05T13:16:26.226+0000] {dag.py:3954} INFO - Setting next_dagrun for example_weekday_branch_operator to 2026-02-04 00:00:00+00:00, run_after=2026-02-05 00:00:00+00:00
[2026-02-05T13:16:26.237+0000] {processor.py:183} INFO - Processing /home/airflow/.local/lib/python3.12/site-packages/airflow/example_dags/example_branch_day_of_week_operator.py took 0.054 seconds
[2026-02-05T13:16:56.281+0000] {processor.py:161} INFO - Started process (PID=2526) to work on /home/airflow/.local/lib/python3.12/site-packages/airflow/example_dags/example_branch_day_of_week_operator.py
[2026-02-05T13:16:56.282+0000] {processor.py:830} INFO - Processing file /home/airflow/.local/lib/python3.12/site-packages/airflow/example_dags/example_branch_day_of_week_operator.py for tasks to queue
[2026-02-05T13:16:56.283+0000] {logging_mixin.py:188} INFO - [2026-02-05T13:16:56.283+0000] {dagbag.py:540} INFO - Filling up the DagBag from /home/airflow/.local/lib/python3.12/site-packages/airflow/example_dags/example_branch_day_of_week_operator.py
[2026-02-05T13:16:56.288+0000] {processor.py:840} INFO - DAG(s) 'example_weekday_branch_operator' retrieved from /home/airflow/.local/lib/python3.12/site-packages/airflow/example_dags/example_branch_day_of_week_operator.py
[2026-02-05T13:16:56.304+0000] {logging_mixin.py:188} INFO - [2026-02-05T13:16:56.304+0000] {dag.py:3096} INFO - Sync 1 DAGs
[2026-02-05T13:16:56.315+0000] {logging_mixin.py:188} INFO - [2026-02-05T13:16:56.315+0000] {dag.py:3954} INFO - Setting next_dagrun for example_weekday_branch_operator to 2026-02-04 00:00:00+00:00, run_after=2026-02-05 00:00:00+00:00
[2026-02-05T13:16:56.329+0000] {processor.py:183} INFO - Processing /home/airflow/.local/lib/python3.12/site-packages/airflow/example_dags/example_branch_day_of_week_operator.py took 0.051 seconds
[2026-02-05T13:17:26.361+0000] {processor.py:161} INFO - Started process (PID=2584) to work on /home/airflow/.local/lib/python3.12/site-packages/airflow/example_dags/example_branch_day_of_week_operator.py
[2026-02-05T13:17:26.363+0000] {processor.py:830} INFO - Processing file /home/airflow/.local/lib/python3.12/site-packages/airflow/example_dags/example_branch_day_of_week_operator.py for tasks to queue
[2026-02-05T13:17:26.365+0000] {logging_mixin.py:188} INFO - [2026-02-05T13:17:26.365+0000] {dagbag.py:540} INFO - Filling up the DagBag from /home/airflow/.local/lib/python3.12/site-packages/airflow/example_dags/example_branch_day_of_week_operator.py
[2026-02-05T13:17:26.371+0000] {processor.py:840} INFO - DAG(s) 'example_weekday_branch_operator' retrieved from /home/airflow/.local/lib/python3.12/site-packages/airflow/example_dags/example_branch_day_of_week_operator.py
[2026-02-05T13:17:26.388+0000] {logging_mixin.py:188} INFO - [2026-02-05T13:17:26.388+0000] {dag.py:3096} INFO - Sync 1 DAGs
[2026-02-05T13:17:26.402+0000] {logging_mixin.py:188} INFO - [2026-02-05T13:17:26.402+0000] {dag.py:3954} INFO - Setting next_dagrun for example_weekday_branch_operator to 2026-02-04 00:00:00+00:00, run_after=2026-02-05 00:00:00+00:00
[2026-02-05T13:17:26.418+0000] {processor.py:183} INFO - Processing /home/airflow/.local/lib/python3.12/site-packages/airflow/example_dags/example_branch_day_of_week_operator.py took 0.062 seconds
[2026-02-05T13:17:56.734+0000] {processor.py:161} INFO - Started process (PID=2641) to work on /home/airflow/.local/lib/python3.12/site-packages/airflow/example_dags/example_branch_day_of_week_operator.py
[2026-02-05T13:17:56.735+0000] {processor.py:830} INFO - Processing file /home/airflow/.local/lib/python3.12/site-packages/airflow/example_dags/example_branch_day_of_week_operator.py for tasks to queue
[2026-02-05T13:17:56.736+0000] {logging_mixin.py:188} INFO - [2026-02-05T13:17:56.736+0000] {dagbag.py:540} INFO - Filling up the DagBag from /home/airflow/.local/lib/python3.12/site-packages/airflow/example_dags/example_branch_day_of_week_operator.py
[2026-02-05T13:17:56.742+0000] {processor.py:840} INFO - DAG(s) 'example_weekday_branch_operator' retrieved from /home/airflow/.local/lib/python3.12/site-packages/airflow/example_dags/example_branch_day_of_week_operator.py
[2026-02-05T13:17:56.762+0000] {logging_mixin.py:188} INFO - [2026-02-05T13:17:56.762+0000] {dag.py:3096} INFO - Sync 1 DAGs
[2026-02-05T13:17:56.785+0000] {logging_mixin.py:188} INFO - [2026-02-05T13:17:56.785+0000] {dag.py:3954} INFO - Setting next_dagrun for example_weekday_branch_operator to 2026-02-04 00:00:00+00:00, run_after=2026-02-05 00:00:00+00:00
[2026-02-05T13:17:56.804+0000] {processor.py:183} INFO - Processing /home/airflow/.local/lib/python3.12/site-packages/airflow/example_dags/example_branch_day_of_week_operator.py took 0.074 seconds
