[2026-02-05T12:55:34.123+0000] {processor.py:161} INFO - Started process (PID=77) to work on /home/airflow/.local/lib/python3.12/site-packages/airflow/example_dags/example_local_kubernetes_executor.py
[2026-02-05T12:55:34.124+0000] {processor.py:830} INFO - Processing file /home/airflow/.local/lib/python3.12/site-packages/airflow/example_dags/example_local_kubernetes_executor.py for tasks to queue
[2026-02-05T12:55:34.128+0000] {logging_mixin.py:188} INFO - [2026-02-05T12:55:34.127+0000] {dagbag.py:540} INFO - Filling up the DagBag from /home/airflow/.local/lib/python3.12/site-packages/airflow/example_dags/example_local_kubernetes_executor.py
[2026-02-05T12:55:34.135+0000] {processor.py:840} INFO - DAG(s) 'example_local_kubernetes_executor' retrieved from /home/airflow/.local/lib/python3.12/site-packages/airflow/example_dags/example_local_kubernetes_executor.py
[2026-02-05T12:55:34.144+0000] {logging_mixin.py:188} INFO - [2026-02-05T12:55:34.143+0000] {dag.py:3096} INFO - Sync 1 DAGs
[2026-02-05T12:55:34.153+0000] {logging_mixin.py:188} INFO - [2026-02-05T12:55:34.153+0000] {dag.py:3954} INFO - Setting next_dagrun for example_local_kubernetes_executor to None, run_after=None
[2026-02-05T12:55:34.165+0000] {processor.py:183} INFO - Processing /home/airflow/.local/lib/python3.12/site-packages/airflow/example_dags/example_local_kubernetes_executor.py took 0.047 seconds
[2026-02-05T12:56:04.934+0000] {processor.py:161} INFO - Started process (PID=135) to work on /home/airflow/.local/lib/python3.12/site-packages/airflow/example_dags/example_local_kubernetes_executor.py
[2026-02-05T12:56:04.935+0000] {processor.py:830} INFO - Processing file /home/airflow/.local/lib/python3.12/site-packages/airflow/example_dags/example_local_kubernetes_executor.py for tasks to queue
[2026-02-05T12:56:04.938+0000] {logging_mixin.py:188} INFO - [2026-02-05T12:56:04.937+0000] {dagbag.py:540} INFO - Filling up the DagBag from /home/airflow/.local/lib/python3.12/site-packages/airflow/example_dags/example_local_kubernetes_executor.py
[2026-02-05T12:56:04.944+0000] {processor.py:840} INFO - DAG(s) 'example_local_kubernetes_executor' retrieved from /home/airflow/.local/lib/python3.12/site-packages/airflow/example_dags/example_local_kubernetes_executor.py
[2026-02-05T12:56:05.003+0000] {logging_mixin.py:188} INFO - [2026-02-05T12:56:05.003+0000] {dag.py:3096} INFO - Sync 1 DAGs
[2026-02-05T12:56:05.009+0000] {logging_mixin.py:188} INFO - [2026-02-05T12:56:05.008+0000] {dag.py:3954} INFO - Setting next_dagrun for example_local_kubernetes_executor to None, run_after=None
[2026-02-05T12:56:05.018+0000] {processor.py:183} INFO - Processing /home/airflow/.local/lib/python3.12/site-packages/airflow/example_dags/example_local_kubernetes_executor.py took 0.088 seconds
[2026-02-05T12:56:35.707+0000] {processor.py:161} INFO - Started process (PID=193) to work on /home/airflow/.local/lib/python3.12/site-packages/airflow/example_dags/example_local_kubernetes_executor.py
[2026-02-05T12:56:35.708+0000] {processor.py:830} INFO - Processing file /home/airflow/.local/lib/python3.12/site-packages/airflow/example_dags/example_local_kubernetes_executor.py for tasks to queue
[2026-02-05T12:56:35.709+0000] {logging_mixin.py:188} INFO - [2026-02-05T12:56:35.709+0000] {dagbag.py:540} INFO - Filling up the DagBag from /home/airflow/.local/lib/python3.12/site-packages/airflow/example_dags/example_local_kubernetes_executor.py
[2026-02-05T12:56:35.713+0000] {processor.py:840} INFO - DAG(s) 'example_local_kubernetes_executor' retrieved from /home/airflow/.local/lib/python3.12/site-packages/airflow/example_dags/example_local_kubernetes_executor.py
[2026-02-05T12:56:35.733+0000] {logging_mixin.py:188} INFO - [2026-02-05T12:56:35.733+0000] {dag.py:3096} INFO - Sync 1 DAGs
[2026-02-05T12:56:35.741+0000] {logging_mixin.py:188} INFO - [2026-02-05T12:56:35.740+0000] {dag.py:3954} INFO - Setting next_dagrun for example_local_kubernetes_executor to None, run_after=None
[2026-02-05T12:56:35.757+0000] {processor.py:183} INFO - Processing /home/airflow/.local/lib/python3.12/site-packages/airflow/example_dags/example_local_kubernetes_executor.py took 0.055 seconds
[2026-02-05T12:57:05.803+0000] {processor.py:161} INFO - Started process (PID=251) to work on /home/airflow/.local/lib/python3.12/site-packages/airflow/example_dags/example_local_kubernetes_executor.py
[2026-02-05T12:57:05.803+0000] {processor.py:830} INFO - Processing file /home/airflow/.local/lib/python3.12/site-packages/airflow/example_dags/example_local_kubernetes_executor.py for tasks to queue
[2026-02-05T12:57:05.805+0000] {logging_mixin.py:188} INFO - [2026-02-05T12:57:05.805+0000] {dagbag.py:540} INFO - Filling up the DagBag from /home/airflow/.local/lib/python3.12/site-packages/airflow/example_dags/example_local_kubernetes_executor.py
[2026-02-05T12:57:05.809+0000] {processor.py:840} INFO - DAG(s) 'example_local_kubernetes_executor' retrieved from /home/airflow/.local/lib/python3.12/site-packages/airflow/example_dags/example_local_kubernetes_executor.py
[2026-02-05T12:57:05.828+0000] {logging_mixin.py:188} INFO - [2026-02-05T12:57:05.828+0000] {dag.py:3096} INFO - Sync 1 DAGs
[2026-02-05T12:57:05.834+0000] {logging_mixin.py:188} INFO - [2026-02-05T12:57:05.834+0000] {dag.py:3954} INFO - Setting next_dagrun for example_local_kubernetes_executor to None, run_after=None
[2026-02-05T12:57:05.843+0000] {processor.py:183} INFO - Processing /home/airflow/.local/lib/python3.12/site-packages/airflow/example_dags/example_local_kubernetes_executor.py took 0.044 seconds
[2026-02-05T12:57:36.340+0000] {processor.py:161} INFO - Started process (PID=309) to work on /home/airflow/.local/lib/python3.12/site-packages/airflow/example_dags/example_local_kubernetes_executor.py
[2026-02-05T12:57:36.341+0000] {processor.py:830} INFO - Processing file /home/airflow/.local/lib/python3.12/site-packages/airflow/example_dags/example_local_kubernetes_executor.py for tasks to queue
[2026-02-05T12:57:36.342+0000] {logging_mixin.py:188} INFO - [2026-02-05T12:57:36.342+0000] {dagbag.py:540} INFO - Filling up the DagBag from /home/airflow/.local/lib/python3.12/site-packages/airflow/example_dags/example_local_kubernetes_executor.py
[2026-02-05T12:57:36.346+0000] {processor.py:840} INFO - DAG(s) 'example_local_kubernetes_executor' retrieved from /home/airflow/.local/lib/python3.12/site-packages/airflow/example_dags/example_local_kubernetes_executor.py
[2026-02-05T12:57:36.368+0000] {logging_mixin.py:188} INFO - [2026-02-05T12:57:36.368+0000] {dag.py:3096} INFO - Sync 1 DAGs
[2026-02-05T12:57:36.374+0000] {logging_mixin.py:188} INFO - [2026-02-05T12:57:36.374+0000] {dag.py:3954} INFO - Setting next_dagrun for example_local_kubernetes_executor to None, run_after=None
[2026-02-05T12:57:36.384+0000] {processor.py:183} INFO - Processing /home/airflow/.local/lib/python3.12/site-packages/airflow/example_dags/example_local_kubernetes_executor.py took 0.048 seconds
[2026-02-05T12:58:06.728+0000] {processor.py:161} INFO - Started process (PID=367) to work on /home/airflow/.local/lib/python3.12/site-packages/airflow/example_dags/example_local_kubernetes_executor.py
[2026-02-05T12:58:06.729+0000] {processor.py:830} INFO - Processing file /home/airflow/.local/lib/python3.12/site-packages/airflow/example_dags/example_local_kubernetes_executor.py for tasks to queue
[2026-02-05T12:58:06.730+0000] {logging_mixin.py:188} INFO - [2026-02-05T12:58:06.730+0000] {dagbag.py:540} INFO - Filling up the DagBag from /home/airflow/.local/lib/python3.12/site-packages/airflow/example_dags/example_local_kubernetes_executor.py
[2026-02-05T12:58:06.735+0000] {processor.py:840} INFO - DAG(s) 'example_local_kubernetes_executor' retrieved from /home/airflow/.local/lib/python3.12/site-packages/airflow/example_dags/example_local_kubernetes_executor.py
[2026-02-05T12:58:06.756+0000] {logging_mixin.py:188} INFO - [2026-02-05T12:58:06.755+0000] {dag.py:3096} INFO - Sync 1 DAGs
[2026-02-05T12:58:06.763+0000] {logging_mixin.py:188} INFO - [2026-02-05T12:58:06.762+0000] {dag.py:3954} INFO - Setting next_dagrun for example_local_kubernetes_executor to None, run_after=None
[2026-02-05T12:58:06.778+0000] {processor.py:183} INFO - Processing /home/airflow/.local/lib/python3.12/site-packages/airflow/example_dags/example_local_kubernetes_executor.py took 0.055 seconds
[2026-02-05T12:58:36.792+0000] {processor.py:161} INFO - Started process (PID=425) to work on /home/airflow/.local/lib/python3.12/site-packages/airflow/example_dags/example_local_kubernetes_executor.py
[2026-02-05T12:58:36.796+0000] {processor.py:830} INFO - Processing file /home/airflow/.local/lib/python3.12/site-packages/airflow/example_dags/example_local_kubernetes_executor.py for tasks to queue
[2026-02-05T12:58:36.797+0000] {logging_mixin.py:188} INFO - [2026-02-05T12:58:36.797+0000] {dagbag.py:540} INFO - Filling up the DagBag from /home/airflow/.local/lib/python3.12/site-packages/airflow/example_dags/example_local_kubernetes_executor.py
[2026-02-05T12:58:36.802+0000] {processor.py:840} INFO - DAG(s) 'example_local_kubernetes_executor' retrieved from /home/airflow/.local/lib/python3.12/site-packages/airflow/example_dags/example_local_kubernetes_executor.py
[2026-02-05T12:58:36.820+0000] {logging_mixin.py:188} INFO - [2026-02-05T12:58:36.820+0000] {dag.py:3096} INFO - Sync 1 DAGs
[2026-02-05T12:58:36.826+0000] {logging_mixin.py:188} INFO - [2026-02-05T12:58:36.826+0000] {dag.py:3954} INFO - Setting next_dagrun for example_local_kubernetes_executor to None, run_after=None
[2026-02-05T12:58:36.835+0000] {processor.py:183} INFO - Processing /home/airflow/.local/lib/python3.12/site-packages/airflow/example_dags/example_local_kubernetes_executor.py took 0.047 seconds
[2026-02-05T12:59:06.907+0000] {processor.py:161} INFO - Started process (PID=492) to work on /home/airflow/.local/lib/python3.12/site-packages/airflow/example_dags/example_local_kubernetes_executor.py
[2026-02-05T12:59:06.907+0000] {processor.py:830} INFO - Processing file /home/airflow/.local/lib/python3.12/site-packages/airflow/example_dags/example_local_kubernetes_executor.py for tasks to queue
[2026-02-05T12:59:06.908+0000] {logging_mixin.py:188} INFO - [2026-02-05T12:59:06.908+0000] {dagbag.py:540} INFO - Filling up the DagBag from /home/airflow/.local/lib/python3.12/site-packages/airflow/example_dags/example_local_kubernetes_executor.py
[2026-02-05T12:59:06.915+0000] {processor.py:840} INFO - DAG(s) 'example_local_kubernetes_executor' retrieved from /home/airflow/.local/lib/python3.12/site-packages/airflow/example_dags/example_local_kubernetes_executor.py
[2026-02-05T12:59:06.934+0000] {logging_mixin.py:188} INFO - [2026-02-05T12:59:06.934+0000] {dag.py:3096} INFO - Sync 1 DAGs
[2026-02-05T12:59:06.941+0000] {logging_mixin.py:188} INFO - [2026-02-05T12:59:06.941+0000] {dag.py:3954} INFO - Setting next_dagrun for example_local_kubernetes_executor to None, run_after=None
[2026-02-05T12:59:06.950+0000] {processor.py:183} INFO - Processing /home/airflow/.local/lib/python3.12/site-packages/airflow/example_dags/example_local_kubernetes_executor.py took 0.046 seconds
[2026-02-05T12:59:37.148+0000] {processor.py:161} INFO - Started process (PID=551) to work on /home/airflow/.local/lib/python3.12/site-packages/airflow/example_dags/example_local_kubernetes_executor.py
[2026-02-05T12:59:37.148+0000] {processor.py:830} INFO - Processing file /home/airflow/.local/lib/python3.12/site-packages/airflow/example_dags/example_local_kubernetes_executor.py for tasks to queue
[2026-02-05T12:59:37.150+0000] {logging_mixin.py:188} INFO - [2026-02-05T12:59:37.150+0000] {dagbag.py:540} INFO - Filling up the DagBag from /home/airflow/.local/lib/python3.12/site-packages/airflow/example_dags/example_local_kubernetes_executor.py
[2026-02-05T12:59:37.155+0000] {processor.py:840} INFO - DAG(s) 'example_local_kubernetes_executor' retrieved from /home/airflow/.local/lib/python3.12/site-packages/airflow/example_dags/example_local_kubernetes_executor.py
[2026-02-05T12:59:37.174+0000] {logging_mixin.py:188} INFO - [2026-02-05T12:59:37.174+0000] {dag.py:3096} INFO - Sync 1 DAGs
[2026-02-05T12:59:37.181+0000] {logging_mixin.py:188} INFO - [2026-02-05T12:59:37.181+0000] {dag.py:3954} INFO - Setting next_dagrun for example_local_kubernetes_executor to None, run_after=None
[2026-02-05T12:59:37.193+0000] {processor.py:183} INFO - Processing /home/airflow/.local/lib/python3.12/site-packages/airflow/example_dags/example_local_kubernetes_executor.py took 0.050 seconds
[2026-02-05T13:00:07.393+0000] {processor.py:161} INFO - Started process (PID=609) to work on /home/airflow/.local/lib/python3.12/site-packages/airflow/example_dags/example_local_kubernetes_executor.py
[2026-02-05T13:00:07.395+0000] {processor.py:830} INFO - Processing file /home/airflow/.local/lib/python3.12/site-packages/airflow/example_dags/example_local_kubernetes_executor.py for tasks to queue
[2026-02-05T13:00:07.396+0000] {logging_mixin.py:188} INFO - [2026-02-05T13:00:07.396+0000] {dagbag.py:540} INFO - Filling up the DagBag from /home/airflow/.local/lib/python3.12/site-packages/airflow/example_dags/example_local_kubernetes_executor.py
[2026-02-05T13:00:07.401+0000] {processor.py:840} INFO - DAG(s) 'example_local_kubernetes_executor' retrieved from /home/airflow/.local/lib/python3.12/site-packages/airflow/example_dags/example_local_kubernetes_executor.py
[2026-02-05T13:00:07.418+0000] {logging_mixin.py:188} INFO - [2026-02-05T13:00:07.418+0000] {dag.py:3096} INFO - Sync 1 DAGs
[2026-02-05T13:00:07.425+0000] {logging_mixin.py:188} INFO - [2026-02-05T13:00:07.425+0000] {dag.py:3954} INFO - Setting next_dagrun for example_local_kubernetes_executor to None, run_after=None
[2026-02-05T13:00:07.436+0000] {processor.py:183} INFO - Processing /home/airflow/.local/lib/python3.12/site-packages/airflow/example_dags/example_local_kubernetes_executor.py took 0.046 seconds
[2026-02-05T13:00:37.624+0000] {processor.py:161} INFO - Started process (PID=667) to work on /home/airflow/.local/lib/python3.12/site-packages/airflow/example_dags/example_local_kubernetes_executor.py
[2026-02-05T13:00:37.626+0000] {processor.py:830} INFO - Processing file /home/airflow/.local/lib/python3.12/site-packages/airflow/example_dags/example_local_kubernetes_executor.py for tasks to queue
[2026-02-05T13:00:37.627+0000] {logging_mixin.py:188} INFO - [2026-02-05T13:00:37.627+0000] {dagbag.py:540} INFO - Filling up the DagBag from /home/airflow/.local/lib/python3.12/site-packages/airflow/example_dags/example_local_kubernetes_executor.py
[2026-02-05T13:00:37.632+0000] {processor.py:840} INFO - DAG(s) 'example_local_kubernetes_executor' retrieved from /home/airflow/.local/lib/python3.12/site-packages/airflow/example_dags/example_local_kubernetes_executor.py
[2026-02-05T13:00:37.663+0000] {logging_mixin.py:188} INFO - [2026-02-05T13:00:37.663+0000] {dag.py:3096} INFO - Sync 1 DAGs
[2026-02-05T13:00:37.680+0000] {logging_mixin.py:188} INFO - [2026-02-05T13:00:37.680+0000] {dag.py:3954} INFO - Setting next_dagrun for example_local_kubernetes_executor to None, run_after=None
[2026-02-05T13:00:37.698+0000] {processor.py:183} INFO - Processing /home/airflow/.local/lib/python3.12/site-packages/airflow/example_dags/example_local_kubernetes_executor.py took 0.078 seconds
[2026-02-05T13:01:08.611+0000] {processor.py:161} INFO - Started process (PID=725) to work on /home/airflow/.local/lib/python3.12/site-packages/airflow/example_dags/example_local_kubernetes_executor.py
[2026-02-05T13:01:08.614+0000] {processor.py:830} INFO - Processing file /home/airflow/.local/lib/python3.12/site-packages/airflow/example_dags/example_local_kubernetes_executor.py for tasks to queue
[2026-02-05T13:01:08.615+0000] {logging_mixin.py:188} INFO - [2026-02-05T13:01:08.615+0000] {dagbag.py:540} INFO - Filling up the DagBag from /home/airflow/.local/lib/python3.12/site-packages/airflow/example_dags/example_local_kubernetes_executor.py
[2026-02-05T13:01:08.619+0000] {processor.py:840} INFO - DAG(s) 'example_local_kubernetes_executor' retrieved from /home/airflow/.local/lib/python3.12/site-packages/airflow/example_dags/example_local_kubernetes_executor.py
[2026-02-05T13:01:08.634+0000] {logging_mixin.py:188} INFO - [2026-02-05T13:01:08.634+0000] {dag.py:3096} INFO - Sync 1 DAGs
[2026-02-05T13:01:08.640+0000] {logging_mixin.py:188} INFO - [2026-02-05T13:01:08.640+0000] {dag.py:3954} INFO - Setting next_dagrun for example_local_kubernetes_executor to None, run_after=None
[2026-02-05T13:01:08.649+0000] {processor.py:183} INFO - Processing /home/airflow/.local/lib/python3.12/site-packages/airflow/example_dags/example_local_kubernetes_executor.py took 0.041 seconds
[2026-02-05T13:01:38.874+0000] {processor.py:161} INFO - Started process (PID=783) to work on /home/airflow/.local/lib/python3.12/site-packages/airflow/example_dags/example_local_kubernetes_executor.py
[2026-02-05T13:01:38.875+0000] {processor.py:830} INFO - Processing file /home/airflow/.local/lib/python3.12/site-packages/airflow/example_dags/example_local_kubernetes_executor.py for tasks to queue
[2026-02-05T13:01:38.876+0000] {logging_mixin.py:188} INFO - [2026-02-05T13:01:38.876+0000] {dagbag.py:540} INFO - Filling up the DagBag from /home/airflow/.local/lib/python3.12/site-packages/airflow/example_dags/example_local_kubernetes_executor.py
[2026-02-05T13:01:38.881+0000] {processor.py:840} INFO - DAG(s) 'example_local_kubernetes_executor' retrieved from /home/airflow/.local/lib/python3.12/site-packages/airflow/example_dags/example_local_kubernetes_executor.py
[2026-02-05T13:01:38.900+0000] {logging_mixin.py:188} INFO - [2026-02-05T13:01:38.900+0000] {dag.py:3096} INFO - Sync 1 DAGs
[2026-02-05T13:01:38.907+0000] {logging_mixin.py:188} INFO - [2026-02-05T13:01:38.907+0000] {dag.py:3954} INFO - Setting next_dagrun for example_local_kubernetes_executor to None, run_after=None
[2026-02-05T13:01:38.960+0000] {processor.py:183} INFO - Processing /home/airflow/.local/lib/python3.12/site-packages/airflow/example_dags/example_local_kubernetes_executor.py took 0.090 seconds
[2026-02-05T13:02:09.252+0000] {processor.py:161} INFO - Started process (PID=840) to work on /home/airflow/.local/lib/python3.12/site-packages/airflow/example_dags/example_local_kubernetes_executor.py
[2026-02-05T13:02:09.252+0000] {processor.py:830} INFO - Processing file /home/airflow/.local/lib/python3.12/site-packages/airflow/example_dags/example_local_kubernetes_executor.py for tasks to queue
[2026-02-05T13:02:09.254+0000] {logging_mixin.py:188} INFO - [2026-02-05T13:02:09.253+0000] {dagbag.py:540} INFO - Filling up the DagBag from /home/airflow/.local/lib/python3.12/site-packages/airflow/example_dags/example_local_kubernetes_executor.py
[2026-02-05T13:02:09.258+0000] {processor.py:840} INFO - DAG(s) 'example_local_kubernetes_executor' retrieved from /home/airflow/.local/lib/python3.12/site-packages/airflow/example_dags/example_local_kubernetes_executor.py
[2026-02-05T13:02:09.278+0000] {logging_mixin.py:188} INFO - [2026-02-05T13:02:09.277+0000] {dag.py:3096} INFO - Sync 1 DAGs
[2026-02-05T13:02:09.284+0000] {logging_mixin.py:188} INFO - [2026-02-05T13:02:09.284+0000] {dag.py:3954} INFO - Setting next_dagrun for example_local_kubernetes_executor to None, run_after=None
[2026-02-05T13:02:09.294+0000] {processor.py:183} INFO - Processing /home/airflow/.local/lib/python3.12/site-packages/airflow/example_dags/example_local_kubernetes_executor.py took 0.045 seconds
[2026-02-05T13:02:39.363+0000] {processor.py:161} INFO - Started process (PID=898) to work on /home/airflow/.local/lib/python3.12/site-packages/airflow/example_dags/example_local_kubernetes_executor.py
[2026-02-05T13:02:39.363+0000] {processor.py:830} INFO - Processing file /home/airflow/.local/lib/python3.12/site-packages/airflow/example_dags/example_local_kubernetes_executor.py for tasks to queue
[2026-02-05T13:02:39.365+0000] {logging_mixin.py:188} INFO - [2026-02-05T13:02:39.365+0000] {dagbag.py:540} INFO - Filling up the DagBag from /home/airflow/.local/lib/python3.12/site-packages/airflow/example_dags/example_local_kubernetes_executor.py
[2026-02-05T13:02:39.370+0000] {processor.py:840} INFO - DAG(s) 'example_local_kubernetes_executor' retrieved from /home/airflow/.local/lib/python3.12/site-packages/airflow/example_dags/example_local_kubernetes_executor.py
[2026-02-05T13:02:39.399+0000] {logging_mixin.py:188} INFO - [2026-02-05T13:02:39.399+0000] {dag.py:3096} INFO - Sync 1 DAGs
[2026-02-05T13:02:39.408+0000] {logging_mixin.py:188} INFO - [2026-02-05T13:02:39.408+0000] {dag.py:3954} INFO - Setting next_dagrun for example_local_kubernetes_executor to None, run_after=None
[2026-02-05T13:02:39.420+0000] {processor.py:183} INFO - Processing /home/airflow/.local/lib/python3.12/site-packages/airflow/example_dags/example_local_kubernetes_executor.py took 0.061 seconds
[2026-02-05T13:03:10.027+0000] {processor.py:161} INFO - Started process (PID=956) to work on /home/airflow/.local/lib/python3.12/site-packages/airflow/example_dags/example_local_kubernetes_executor.py
[2026-02-05T13:03:10.028+0000] {processor.py:830} INFO - Processing file /home/airflow/.local/lib/python3.12/site-packages/airflow/example_dags/example_local_kubernetes_executor.py for tasks to queue
[2026-02-05T13:03:10.030+0000] {logging_mixin.py:188} INFO - [2026-02-05T13:03:10.029+0000] {dagbag.py:540} INFO - Filling up the DagBag from /home/airflow/.local/lib/python3.12/site-packages/airflow/example_dags/example_local_kubernetes_executor.py
[2026-02-05T13:03:10.036+0000] {processor.py:840} INFO - DAG(s) 'example_local_kubernetes_executor' retrieved from /home/airflow/.local/lib/python3.12/site-packages/airflow/example_dags/example_local_kubernetes_executor.py
[2026-02-05T13:03:10.054+0000] {logging_mixin.py:188} INFO - [2026-02-05T13:03:10.053+0000] {dag.py:3096} INFO - Sync 1 DAGs
[2026-02-05T13:03:10.060+0000] {logging_mixin.py:188} INFO - [2026-02-05T13:03:10.060+0000] {dag.py:3954} INFO - Setting next_dagrun for example_local_kubernetes_executor to None, run_after=None
[2026-02-05T13:03:10.182+0000] {processor.py:183} INFO - Processing /home/airflow/.local/lib/python3.12/site-packages/airflow/example_dags/example_local_kubernetes_executor.py took 0.162 seconds
[2026-02-05T13:03:40.588+0000] {processor.py:161} INFO - Started process (PID=1014) to work on /home/airflow/.local/lib/python3.12/site-packages/airflow/example_dags/example_local_kubernetes_executor.py
[2026-02-05T13:03:40.589+0000] {processor.py:830} INFO - Processing file /home/airflow/.local/lib/python3.12/site-packages/airflow/example_dags/example_local_kubernetes_executor.py for tasks to queue
[2026-02-05T13:03:40.590+0000] {logging_mixin.py:188} INFO - [2026-02-05T13:03:40.590+0000] {dagbag.py:540} INFO - Filling up the DagBag from /home/airflow/.local/lib/python3.12/site-packages/airflow/example_dags/example_local_kubernetes_executor.py
[2026-02-05T13:03:40.595+0000] {processor.py:840} INFO - DAG(s) 'example_local_kubernetes_executor' retrieved from /home/airflow/.local/lib/python3.12/site-packages/airflow/example_dags/example_local_kubernetes_executor.py
[2026-02-05T13:03:40.614+0000] {logging_mixin.py:188} INFO - [2026-02-05T13:03:40.614+0000] {dag.py:3096} INFO - Sync 1 DAGs
[2026-02-05T13:03:40.620+0000] {logging_mixin.py:188} INFO - [2026-02-05T13:03:40.620+0000] {dag.py:3954} INFO - Setting next_dagrun for example_local_kubernetes_executor to None, run_after=None
[2026-02-05T13:03:40.632+0000] {processor.py:183} INFO - Processing /home/airflow/.local/lib/python3.12/site-packages/airflow/example_dags/example_local_kubernetes_executor.py took 0.048 seconds
[2026-02-05T13:04:10.669+0000] {processor.py:161} INFO - Started process (PID=1072) to work on /home/airflow/.local/lib/python3.12/site-packages/airflow/example_dags/example_local_kubernetes_executor.py
[2026-02-05T13:04:10.669+0000] {processor.py:830} INFO - Processing file /home/airflow/.local/lib/python3.12/site-packages/airflow/example_dags/example_local_kubernetes_executor.py for tasks to queue
[2026-02-05T13:04:10.671+0000] {logging_mixin.py:188} INFO - [2026-02-05T13:04:10.671+0000] {dagbag.py:540} INFO - Filling up the DagBag from /home/airflow/.local/lib/python3.12/site-packages/airflow/example_dags/example_local_kubernetes_executor.py
[2026-02-05T13:04:10.676+0000] {processor.py:840} INFO - DAG(s) 'example_local_kubernetes_executor' retrieved from /home/airflow/.local/lib/python3.12/site-packages/airflow/example_dags/example_local_kubernetes_executor.py
[2026-02-05T13:04:10.693+0000] {logging_mixin.py:188} INFO - [2026-02-05T13:04:10.693+0000] {dag.py:3096} INFO - Sync 1 DAGs
[2026-02-05T13:04:10.702+0000] {logging_mixin.py:188} INFO - [2026-02-05T13:04:10.702+0000] {dag.py:3954} INFO - Setting next_dagrun for example_local_kubernetes_executor to None, run_after=None
[2026-02-05T13:04:10.712+0000] {processor.py:183} INFO - Processing /home/airflow/.local/lib/python3.12/site-packages/airflow/example_dags/example_local_kubernetes_executor.py took 0.046 seconds
[2026-02-05T13:04:41.045+0000] {processor.py:161} INFO - Started process (PID=1130) to work on /home/airflow/.local/lib/python3.12/site-packages/airflow/example_dags/example_local_kubernetes_executor.py
[2026-02-05T13:04:41.046+0000] {processor.py:830} INFO - Processing file /home/airflow/.local/lib/python3.12/site-packages/airflow/example_dags/example_local_kubernetes_executor.py for tasks to queue
[2026-02-05T13:04:41.047+0000] {logging_mixin.py:188} INFO - [2026-02-05T13:04:41.047+0000] {dagbag.py:540} INFO - Filling up the DagBag from /home/airflow/.local/lib/python3.12/site-packages/airflow/example_dags/example_local_kubernetes_executor.py
[2026-02-05T13:04:41.052+0000] {processor.py:840} INFO - DAG(s) 'example_local_kubernetes_executor' retrieved from /home/airflow/.local/lib/python3.12/site-packages/airflow/example_dags/example_local_kubernetes_executor.py
[2026-02-05T13:04:41.075+0000] {logging_mixin.py:188} INFO - [2026-02-05T13:04:41.075+0000] {dag.py:3096} INFO - Sync 1 DAGs
[2026-02-05T13:04:41.082+0000] {logging_mixin.py:188} INFO - [2026-02-05T13:04:41.081+0000] {dag.py:3954} INFO - Setting next_dagrun for example_local_kubernetes_executor to None, run_after=None
[2026-02-05T13:04:41.092+0000] {processor.py:183} INFO - Processing /home/airflow/.local/lib/python3.12/site-packages/airflow/example_dags/example_local_kubernetes_executor.py took 0.051 seconds
[2026-02-05T13:05:11.878+0000] {processor.py:161} INFO - Started process (PID=1188) to work on /home/airflow/.local/lib/python3.12/site-packages/airflow/example_dags/example_local_kubernetes_executor.py
[2026-02-05T13:05:11.881+0000] {processor.py:830} INFO - Processing file /home/airflow/.local/lib/python3.12/site-packages/airflow/example_dags/example_local_kubernetes_executor.py for tasks to queue
[2026-02-05T13:05:11.882+0000] {logging_mixin.py:188} INFO - [2026-02-05T13:05:11.882+0000] {dagbag.py:540} INFO - Filling up the DagBag from /home/airflow/.local/lib/python3.12/site-packages/airflow/example_dags/example_local_kubernetes_executor.py
[2026-02-05T13:05:11.887+0000] {processor.py:840} INFO - DAG(s) 'example_local_kubernetes_executor' retrieved from /home/airflow/.local/lib/python3.12/site-packages/airflow/example_dags/example_local_kubernetes_executor.py
[2026-02-05T13:05:11.903+0000] {logging_mixin.py:188} INFO - [2026-02-05T13:05:11.903+0000] {dag.py:3096} INFO - Sync 1 DAGs
[2026-02-05T13:05:11.911+0000] {logging_mixin.py:188} INFO - [2026-02-05T13:05:11.910+0000] {dag.py:3954} INFO - Setting next_dagrun for example_local_kubernetes_executor to None, run_after=None
[2026-02-05T13:05:11.920+0000] {processor.py:183} INFO - Processing /home/airflow/.local/lib/python3.12/site-packages/airflow/example_dags/example_local_kubernetes_executor.py took 0.044 seconds
[2026-02-05T13:05:42.958+0000] {processor.py:161} INFO - Started process (PID=1246) to work on /home/airflow/.local/lib/python3.12/site-packages/airflow/example_dags/example_local_kubernetes_executor.py
[2026-02-05T13:05:42.959+0000] {processor.py:830} INFO - Processing file /home/airflow/.local/lib/python3.12/site-packages/airflow/example_dags/example_local_kubernetes_executor.py for tasks to queue
[2026-02-05T13:05:42.961+0000] {logging_mixin.py:188} INFO - [2026-02-05T13:05:42.961+0000] {dagbag.py:540} INFO - Filling up the DagBag from /home/airflow/.local/lib/python3.12/site-packages/airflow/example_dags/example_local_kubernetes_executor.py
[2026-02-05T13:05:42.967+0000] {processor.py:840} INFO - DAG(s) 'example_local_kubernetes_executor' retrieved from /home/airflow/.local/lib/python3.12/site-packages/airflow/example_dags/example_local_kubernetes_executor.py
[2026-02-05T13:05:43.085+0000] {logging_mixin.py:188} INFO - [2026-02-05T13:05:43.085+0000] {dag.py:3096} INFO - Sync 1 DAGs
[2026-02-05T13:05:43.091+0000] {logging_mixin.py:188} INFO - [2026-02-05T13:05:43.091+0000] {dag.py:3954} INFO - Setting next_dagrun for example_local_kubernetes_executor to None, run_after=None
[2026-02-05T13:05:43.102+0000] {processor.py:183} INFO - Processing /home/airflow/.local/lib/python3.12/site-packages/airflow/example_dags/example_local_kubernetes_executor.py took 0.147 seconds
[2026-02-05T13:06:13.806+0000] {processor.py:161} INFO - Started process (PID=1303) to work on /home/airflow/.local/lib/python3.12/site-packages/airflow/example_dags/example_local_kubernetes_executor.py
[2026-02-05T13:06:13.809+0000] {processor.py:830} INFO - Processing file /home/airflow/.local/lib/python3.12/site-packages/airflow/example_dags/example_local_kubernetes_executor.py for tasks to queue
[2026-02-05T13:06:13.810+0000] {logging_mixin.py:188} INFO - [2026-02-05T13:06:13.810+0000] {dagbag.py:540} INFO - Filling up the DagBag from /home/airflow/.local/lib/python3.12/site-packages/airflow/example_dags/example_local_kubernetes_executor.py
[2026-02-05T13:06:13.814+0000] {processor.py:840} INFO - DAG(s) 'example_local_kubernetes_executor' retrieved from /home/airflow/.local/lib/python3.12/site-packages/airflow/example_dags/example_local_kubernetes_executor.py
[2026-02-05T13:06:13.832+0000] {logging_mixin.py:188} INFO - [2026-02-05T13:06:13.832+0000] {dag.py:3096} INFO - Sync 1 DAGs
[2026-02-05T13:06:13.839+0000] {logging_mixin.py:188} INFO - [2026-02-05T13:06:13.839+0000] {dag.py:3954} INFO - Setting next_dagrun for example_local_kubernetes_executor to None, run_after=None
[2026-02-05T13:06:13.849+0000] {processor.py:183} INFO - Processing /home/airflow/.local/lib/python3.12/site-packages/airflow/example_dags/example_local_kubernetes_executor.py took 0.046 seconds
[2026-02-05T13:06:43.980+0000] {processor.py:161} INFO - Started process (PID=1361) to work on /home/airflow/.local/lib/python3.12/site-packages/airflow/example_dags/example_local_kubernetes_executor.py
[2026-02-05T13:06:43.980+0000] {processor.py:830} INFO - Processing file /home/airflow/.local/lib/python3.12/site-packages/airflow/example_dags/example_local_kubernetes_executor.py for tasks to queue
[2026-02-05T13:06:43.982+0000] {logging_mixin.py:188} INFO - [2026-02-05T13:06:43.981+0000] {dagbag.py:540} INFO - Filling up the DagBag from /home/airflow/.local/lib/python3.12/site-packages/airflow/example_dags/example_local_kubernetes_executor.py
[2026-02-05T13:06:43.986+0000] {processor.py:840} INFO - DAG(s) 'example_local_kubernetes_executor' retrieved from /home/airflow/.local/lib/python3.12/site-packages/airflow/example_dags/example_local_kubernetes_executor.py
[2026-02-05T13:06:44.009+0000] {logging_mixin.py:188} INFO - [2026-02-05T13:06:44.008+0000] {dag.py:3096} INFO - Sync 1 DAGs
[2026-02-05T13:06:44.015+0000] {logging_mixin.py:188} INFO - [2026-02-05T13:06:44.015+0000] {dag.py:3954} INFO - Setting next_dagrun for example_local_kubernetes_executor to None, run_after=None
[2026-02-05T13:06:44.027+0000] {processor.py:183} INFO - Processing /home/airflow/.local/lib/python3.12/site-packages/airflow/example_dags/example_local_kubernetes_executor.py took 0.050 seconds
[2026-02-05T13:07:14.189+0000] {processor.py:161} INFO - Started process (PID=1419) to work on /home/airflow/.local/lib/python3.12/site-packages/airflow/example_dags/example_local_kubernetes_executor.py
[2026-02-05T13:07:14.189+0000] {processor.py:830} INFO - Processing file /home/airflow/.local/lib/python3.12/site-packages/airflow/example_dags/example_local_kubernetes_executor.py for tasks to queue
[2026-02-05T13:07:14.190+0000] {logging_mixin.py:188} INFO - [2026-02-05T13:07:14.190+0000] {dagbag.py:540} INFO - Filling up the DagBag from /home/airflow/.local/lib/python3.12/site-packages/airflow/example_dags/example_local_kubernetes_executor.py
[2026-02-05T13:07:14.195+0000] {processor.py:840} INFO - DAG(s) 'example_local_kubernetes_executor' retrieved from /home/airflow/.local/lib/python3.12/site-packages/airflow/example_dags/example_local_kubernetes_executor.py
[2026-02-05T13:07:14.216+0000] {logging_mixin.py:188} INFO - [2026-02-05T13:07:14.216+0000] {dag.py:3096} INFO - Sync 1 DAGs
[2026-02-05T13:07:14.222+0000] {logging_mixin.py:188} INFO - [2026-02-05T13:07:14.222+0000] {dag.py:3954} INFO - Setting next_dagrun for example_local_kubernetes_executor to None, run_after=None
[2026-02-05T13:07:14.232+0000] {processor.py:183} INFO - Processing /home/airflow/.local/lib/python3.12/site-packages/airflow/example_dags/example_local_kubernetes_executor.py took 0.047 seconds
[2026-02-05T13:07:44.375+0000] {processor.py:161} INFO - Started process (PID=1477) to work on /home/airflow/.local/lib/python3.12/site-packages/airflow/example_dags/example_local_kubernetes_executor.py
[2026-02-05T13:07:44.376+0000] {processor.py:830} INFO - Processing file /home/airflow/.local/lib/python3.12/site-packages/airflow/example_dags/example_local_kubernetes_executor.py for tasks to queue
[2026-02-05T13:07:44.377+0000] {logging_mixin.py:188} INFO - [2026-02-05T13:07:44.377+0000] {dagbag.py:540} INFO - Filling up the DagBag from /home/airflow/.local/lib/python3.12/site-packages/airflow/example_dags/example_local_kubernetes_executor.py
[2026-02-05T13:07:44.382+0000] {processor.py:840} INFO - DAG(s) 'example_local_kubernetes_executor' retrieved from /home/airflow/.local/lib/python3.12/site-packages/airflow/example_dags/example_local_kubernetes_executor.py
[2026-02-05T13:07:44.403+0000] {logging_mixin.py:188} INFO - [2026-02-05T13:07:44.402+0000] {dag.py:3096} INFO - Sync 1 DAGs
[2026-02-05T13:07:44.409+0000] {logging_mixin.py:188} INFO - [2026-02-05T13:07:44.409+0000] {dag.py:3954} INFO - Setting next_dagrun for example_local_kubernetes_executor to None, run_after=None
[2026-02-05T13:07:44.420+0000] {processor.py:183} INFO - Processing /home/airflow/.local/lib/python3.12/site-packages/airflow/example_dags/example_local_kubernetes_executor.py took 0.048 seconds
[2026-02-05T13:08:14.656+0000] {processor.py:161} INFO - Started process (PID=1535) to work on /home/airflow/.local/lib/python3.12/site-packages/airflow/example_dags/example_local_kubernetes_executor.py
[2026-02-05T13:08:14.657+0000] {processor.py:830} INFO - Processing file /home/airflow/.local/lib/python3.12/site-packages/airflow/example_dags/example_local_kubernetes_executor.py for tasks to queue
[2026-02-05T13:08:14.659+0000] {logging_mixin.py:188} INFO - [2026-02-05T13:08:14.659+0000] {dagbag.py:540} INFO - Filling up the DagBag from /home/airflow/.local/lib/python3.12/site-packages/airflow/example_dags/example_local_kubernetes_executor.py
[2026-02-05T13:08:14.665+0000] {processor.py:840} INFO - DAG(s) 'example_local_kubernetes_executor' retrieved from /home/airflow/.local/lib/python3.12/site-packages/airflow/example_dags/example_local_kubernetes_executor.py
[2026-02-05T13:08:14.692+0000] {logging_mixin.py:188} INFO - [2026-02-05T13:08:14.692+0000] {dag.py:3096} INFO - Sync 1 DAGs
[2026-02-05T13:08:14.702+0000] {logging_mixin.py:188} INFO - [2026-02-05T13:08:14.702+0000] {dag.py:3954} INFO - Setting next_dagrun for example_local_kubernetes_executor to None, run_after=None
[2026-02-05T13:08:14.723+0000] {processor.py:183} INFO - Processing /home/airflow/.local/lib/python3.12/site-packages/airflow/example_dags/example_local_kubernetes_executor.py took 0.071 seconds
[2026-02-05T13:08:44.753+0000] {processor.py:161} INFO - Started process (PID=1592) to work on /home/airflow/.local/lib/python3.12/site-packages/airflow/example_dags/example_local_kubernetes_executor.py
[2026-02-05T13:08:44.754+0000] {processor.py:830} INFO - Processing file /home/airflow/.local/lib/python3.12/site-packages/airflow/example_dags/example_local_kubernetes_executor.py for tasks to queue
[2026-02-05T13:08:44.756+0000] {logging_mixin.py:188} INFO - [2026-02-05T13:08:44.755+0000] {dagbag.py:540} INFO - Filling up the DagBag from /home/airflow/.local/lib/python3.12/site-packages/airflow/example_dags/example_local_kubernetes_executor.py
[2026-02-05T13:08:44.760+0000] {processor.py:840} INFO - DAG(s) 'example_local_kubernetes_executor' retrieved from /home/airflow/.local/lib/python3.12/site-packages/airflow/example_dags/example_local_kubernetes_executor.py
[2026-02-05T13:08:44.783+0000] {logging_mixin.py:188} INFO - [2026-02-05T13:08:44.783+0000] {dag.py:3096} INFO - Sync 1 DAGs
[2026-02-05T13:08:44.793+0000] {logging_mixin.py:188} INFO - [2026-02-05T13:08:44.792+0000] {dag.py:3954} INFO - Setting next_dagrun for example_local_kubernetes_executor to None, run_after=None
[2026-02-05T13:08:44.804+0000] {processor.py:183} INFO - Processing /home/airflow/.local/lib/python3.12/site-packages/airflow/example_dags/example_local_kubernetes_executor.py took 0.053 seconds
[2026-02-05T13:09:14.838+0000] {processor.py:161} INFO - Started process (PID=1650) to work on /home/airflow/.local/lib/python3.12/site-packages/airflow/example_dags/example_local_kubernetes_executor.py
[2026-02-05T13:09:14.842+0000] {processor.py:830} INFO - Processing file /home/airflow/.local/lib/python3.12/site-packages/airflow/example_dags/example_local_kubernetes_executor.py for tasks to queue
[2026-02-05T13:09:14.845+0000] {logging_mixin.py:188} INFO - [2026-02-05T13:09:14.845+0000] {dagbag.py:540} INFO - Filling up the DagBag from /home/airflow/.local/lib/python3.12/site-packages/airflow/example_dags/example_local_kubernetes_executor.py
[2026-02-05T13:09:14.850+0000] {processor.py:840} INFO - DAG(s) 'example_local_kubernetes_executor' retrieved from /home/airflow/.local/lib/python3.12/site-packages/airflow/example_dags/example_local_kubernetes_executor.py
[2026-02-05T13:09:14.873+0000] {logging_mixin.py:188} INFO - [2026-02-05T13:09:14.873+0000] {dag.py:3096} INFO - Sync 1 DAGs
[2026-02-05T13:09:14.880+0000] {logging_mixin.py:188} INFO - [2026-02-05T13:09:14.879+0000] {dag.py:3954} INFO - Setting next_dagrun for example_local_kubernetes_executor to None, run_after=None
[2026-02-05T13:09:14.890+0000] {processor.py:183} INFO - Processing /home/airflow/.local/lib/python3.12/site-packages/airflow/example_dags/example_local_kubernetes_executor.py took 0.054 seconds
[2026-02-05T13:09:45.337+0000] {processor.py:161} INFO - Started process (PID=1708) to work on /home/airflow/.local/lib/python3.12/site-packages/airflow/example_dags/example_local_kubernetes_executor.py
[2026-02-05T13:09:45.338+0000] {processor.py:830} INFO - Processing file /home/airflow/.local/lib/python3.12/site-packages/airflow/example_dags/example_local_kubernetes_executor.py for tasks to queue
[2026-02-05T13:09:45.341+0000] {logging_mixin.py:188} INFO - [2026-02-05T13:09:45.341+0000] {dagbag.py:540} INFO - Filling up the DagBag from /home/airflow/.local/lib/python3.12/site-packages/airflow/example_dags/example_local_kubernetes_executor.py
[2026-02-05T13:09:45.349+0000] {processor.py:840} INFO - DAG(s) 'example_local_kubernetes_executor' retrieved from /home/airflow/.local/lib/python3.12/site-packages/airflow/example_dags/example_local_kubernetes_executor.py
[2026-02-05T13:09:45.381+0000] {logging_mixin.py:188} INFO - [2026-02-05T13:09:45.381+0000] {dag.py:3096} INFO - Sync 1 DAGs
[2026-02-05T13:09:45.390+0000] {logging_mixin.py:188} INFO - [2026-02-05T13:09:45.389+0000] {dag.py:3954} INFO - Setting next_dagrun for example_local_kubernetes_executor to None, run_after=None
[2026-02-05T13:09:45.410+0000] {processor.py:183} INFO - Processing /home/airflow/.local/lib/python3.12/site-packages/airflow/example_dags/example_local_kubernetes_executor.py took 0.078 seconds
[2026-02-05T13:10:15.605+0000] {processor.py:161} INFO - Started process (PID=1765) to work on /home/airflow/.local/lib/python3.12/site-packages/airflow/example_dags/example_local_kubernetes_executor.py
[2026-02-05T13:10:15.606+0000] {processor.py:830} INFO - Processing file /home/airflow/.local/lib/python3.12/site-packages/airflow/example_dags/example_local_kubernetes_executor.py for tasks to queue
[2026-02-05T13:10:15.607+0000] {logging_mixin.py:188} INFO - [2026-02-05T13:10:15.607+0000] {dagbag.py:540} INFO - Filling up the DagBag from /home/airflow/.local/lib/python3.12/site-packages/airflow/example_dags/example_local_kubernetes_executor.py
[2026-02-05T13:10:15.612+0000] {processor.py:840} INFO - DAG(s) 'example_local_kubernetes_executor' retrieved from /home/airflow/.local/lib/python3.12/site-packages/airflow/example_dags/example_local_kubernetes_executor.py
[2026-02-05T13:10:15.636+0000] {logging_mixin.py:188} INFO - [2026-02-05T13:10:15.636+0000] {dag.py:3096} INFO - Sync 1 DAGs
[2026-02-05T13:10:15.643+0000] {logging_mixin.py:188} INFO - [2026-02-05T13:10:15.643+0000] {dag.py:3954} INFO - Setting next_dagrun for example_local_kubernetes_executor to None, run_after=None
[2026-02-05T13:10:15.654+0000] {processor.py:183} INFO - Processing /home/airflow/.local/lib/python3.12/site-packages/airflow/example_dags/example_local_kubernetes_executor.py took 0.052 seconds
[2026-02-05T13:10:45.676+0000] {processor.py:161} INFO - Started process (PID=1823) to work on /home/airflow/.local/lib/python3.12/site-packages/airflow/example_dags/example_local_kubernetes_executor.py
[2026-02-05T13:10:45.676+0000] {processor.py:830} INFO - Processing file /home/airflow/.local/lib/python3.12/site-packages/airflow/example_dags/example_local_kubernetes_executor.py for tasks to queue
[2026-02-05T13:10:45.678+0000] {logging_mixin.py:188} INFO - [2026-02-05T13:10:45.678+0000] {dagbag.py:540} INFO - Filling up the DagBag from /home/airflow/.local/lib/python3.12/site-packages/airflow/example_dags/example_local_kubernetes_executor.py
[2026-02-05T13:10:45.683+0000] {processor.py:840} INFO - DAG(s) 'example_local_kubernetes_executor' retrieved from /home/airflow/.local/lib/python3.12/site-packages/airflow/example_dags/example_local_kubernetes_executor.py
[2026-02-05T13:10:45.703+0000] {logging_mixin.py:188} INFO - [2026-02-05T13:10:45.702+0000] {dag.py:3096} INFO - Sync 1 DAGs
[2026-02-05T13:10:45.709+0000] {logging_mixin.py:188} INFO - [2026-02-05T13:10:45.709+0000] {dag.py:3954} INFO - Setting next_dagrun for example_local_kubernetes_executor to None, run_after=None
[2026-02-05T13:10:45.719+0000] {processor.py:183} INFO - Processing /home/airflow/.local/lib/python3.12/site-packages/airflow/example_dags/example_local_kubernetes_executor.py took 0.047 seconds
[2026-02-05T13:11:16.507+0000] {processor.py:161} INFO - Started process (PID=1881) to work on /home/airflow/.local/lib/python3.12/site-packages/airflow/example_dags/example_local_kubernetes_executor.py
[2026-02-05T13:11:16.508+0000] {processor.py:830} INFO - Processing file /home/airflow/.local/lib/python3.12/site-packages/airflow/example_dags/example_local_kubernetes_executor.py for tasks to queue
[2026-02-05T13:11:16.509+0000] {logging_mixin.py:188} INFO - [2026-02-05T13:11:16.509+0000] {dagbag.py:540} INFO - Filling up the DagBag from /home/airflow/.local/lib/python3.12/site-packages/airflow/example_dags/example_local_kubernetes_executor.py
[2026-02-05T13:11:16.513+0000] {processor.py:840} INFO - DAG(s) 'example_local_kubernetes_executor' retrieved from /home/airflow/.local/lib/python3.12/site-packages/airflow/example_dags/example_local_kubernetes_executor.py
[2026-02-05T13:11:16.535+0000] {logging_mixin.py:188} INFO - [2026-02-05T13:11:16.535+0000] {dag.py:3096} INFO - Sync 1 DAGs
[2026-02-05T13:11:16.541+0000] {logging_mixin.py:188} INFO - [2026-02-05T13:11:16.541+0000] {dag.py:3954} INFO - Setting next_dagrun for example_local_kubernetes_executor to None, run_after=None
[2026-02-05T13:11:16.550+0000] {processor.py:183} INFO - Processing /home/airflow/.local/lib/python3.12/site-packages/airflow/example_dags/example_local_kubernetes_executor.py took 0.046 seconds
[2026-02-05T13:11:47.389+0000] {processor.py:161} INFO - Started process (PID=1939) to work on /home/airflow/.local/lib/python3.12/site-packages/airflow/example_dags/example_local_kubernetes_executor.py
[2026-02-05T13:11:47.391+0000] {processor.py:830} INFO - Processing file /home/airflow/.local/lib/python3.12/site-packages/airflow/example_dags/example_local_kubernetes_executor.py for tasks to queue
[2026-02-05T13:11:47.393+0000] {logging_mixin.py:188} INFO - [2026-02-05T13:11:47.392+0000] {dagbag.py:540} INFO - Filling up the DagBag from /home/airflow/.local/lib/python3.12/site-packages/airflow/example_dags/example_local_kubernetes_executor.py
[2026-02-05T13:11:47.397+0000] {processor.py:840} INFO - DAG(s) 'example_local_kubernetes_executor' retrieved from /home/airflow/.local/lib/python3.12/site-packages/airflow/example_dags/example_local_kubernetes_executor.py
[2026-02-05T13:11:47.414+0000] {logging_mixin.py:188} INFO - [2026-02-05T13:11:47.414+0000] {dag.py:3096} INFO - Sync 1 DAGs
[2026-02-05T13:11:47.421+0000] {logging_mixin.py:188} INFO - [2026-02-05T13:11:47.421+0000] {dag.py:3954} INFO - Setting next_dagrun for example_local_kubernetes_executor to None, run_after=None
[2026-02-05T13:11:47.430+0000] {processor.py:183} INFO - Processing /home/airflow/.local/lib/python3.12/site-packages/airflow/example_dags/example_local_kubernetes_executor.py took 0.044 seconds
[2026-02-05T13:12:18.345+0000] {processor.py:161} INFO - Started process (PID=1997) to work on /home/airflow/.local/lib/python3.12/site-packages/airflow/example_dags/example_local_kubernetes_executor.py
[2026-02-05T13:12:18.346+0000] {processor.py:830} INFO - Processing file /home/airflow/.local/lib/python3.12/site-packages/airflow/example_dags/example_local_kubernetes_executor.py for tasks to queue
[2026-02-05T13:12:18.349+0000] {logging_mixin.py:188} INFO - [2026-02-05T13:12:18.348+0000] {dagbag.py:540} INFO - Filling up the DagBag from /home/airflow/.local/lib/python3.12/site-packages/airflow/example_dags/example_local_kubernetes_executor.py
[2026-02-05T13:12:18.354+0000] {processor.py:840} INFO - DAG(s) 'example_local_kubernetes_executor' retrieved from /home/airflow/.local/lib/python3.12/site-packages/airflow/example_dags/example_local_kubernetes_executor.py
[2026-02-05T13:12:18.377+0000] {logging_mixin.py:188} INFO - [2026-02-05T13:12:18.377+0000] {dag.py:3096} INFO - Sync 1 DAGs
[2026-02-05T13:12:18.384+0000] {logging_mixin.py:188} INFO - [2026-02-05T13:12:18.384+0000] {dag.py:3954} INFO - Setting next_dagrun for example_local_kubernetes_executor to None, run_after=None
[2026-02-05T13:12:18.395+0000] {processor.py:183} INFO - Processing /home/airflow/.local/lib/python3.12/site-packages/airflow/example_dags/example_local_kubernetes_executor.py took 0.053 seconds
[2026-02-05T13:12:49.219+0000] {processor.py:161} INFO - Started process (PID=2055) to work on /home/airflow/.local/lib/python3.12/site-packages/airflow/example_dags/example_local_kubernetes_executor.py
[2026-02-05T13:12:49.221+0000] {processor.py:830} INFO - Processing file /home/airflow/.local/lib/python3.12/site-packages/airflow/example_dags/example_local_kubernetes_executor.py for tasks to queue
[2026-02-05T13:12:49.223+0000] {logging_mixin.py:188} INFO - [2026-02-05T13:12:49.223+0000] {dagbag.py:540} INFO - Filling up the DagBag from /home/airflow/.local/lib/python3.12/site-packages/airflow/example_dags/example_local_kubernetes_executor.py
[2026-02-05T13:12:49.231+0000] {processor.py:840} INFO - DAG(s) 'example_local_kubernetes_executor' retrieved from /home/airflow/.local/lib/python3.12/site-packages/airflow/example_dags/example_local_kubernetes_executor.py
[2026-02-05T13:12:49.248+0000] {logging_mixin.py:188} INFO - [2026-02-05T13:12:49.248+0000] {dag.py:3096} INFO - Sync 1 DAGs
[2026-02-05T13:12:49.255+0000] {logging_mixin.py:188} INFO - [2026-02-05T13:12:49.255+0000] {dag.py:3954} INFO - Setting next_dagrun for example_local_kubernetes_executor to None, run_after=None
[2026-02-05T13:12:49.265+0000] {processor.py:183} INFO - Processing /home/airflow/.local/lib/python3.12/site-packages/airflow/example_dags/example_local_kubernetes_executor.py took 0.049 seconds
[2026-02-05T13:13:19.979+0000] {processor.py:161} INFO - Started process (PID=2112) to work on /home/airflow/.local/lib/python3.12/site-packages/airflow/example_dags/example_local_kubernetes_executor.py
[2026-02-05T13:13:19.979+0000] {processor.py:830} INFO - Processing file /home/airflow/.local/lib/python3.12/site-packages/airflow/example_dags/example_local_kubernetes_executor.py for tasks to queue
[2026-02-05T13:13:19.981+0000] {logging_mixin.py:188} INFO - [2026-02-05T13:13:19.981+0000] {dagbag.py:540} INFO - Filling up the DagBag from /home/airflow/.local/lib/python3.12/site-packages/airflow/example_dags/example_local_kubernetes_executor.py
[2026-02-05T13:13:19.985+0000] {processor.py:840} INFO - DAG(s) 'example_local_kubernetes_executor' retrieved from /home/airflow/.local/lib/python3.12/site-packages/airflow/example_dags/example_local_kubernetes_executor.py
[2026-02-05T13:13:20.002+0000] {logging_mixin.py:188} INFO - [2026-02-05T13:13:20.002+0000] {dag.py:3096} INFO - Sync 1 DAGs
[2026-02-05T13:13:20.010+0000] {logging_mixin.py:188} INFO - [2026-02-05T13:13:20.010+0000] {dag.py:3954} INFO - Setting next_dagrun for example_local_kubernetes_executor to None, run_after=None
[2026-02-05T13:13:20.020+0000] {processor.py:183} INFO - Processing /home/airflow/.local/lib/python3.12/site-packages/airflow/example_dags/example_local_kubernetes_executor.py took 0.045 seconds
[2026-02-05T13:13:50.859+0000] {processor.py:161} INFO - Started process (PID=2170) to work on /home/airflow/.local/lib/python3.12/site-packages/airflow/example_dags/example_local_kubernetes_executor.py
[2026-02-05T13:13:50.861+0000] {processor.py:830} INFO - Processing file /home/airflow/.local/lib/python3.12/site-packages/airflow/example_dags/example_local_kubernetes_executor.py for tasks to queue
[2026-02-05T13:13:50.862+0000] {logging_mixin.py:188} INFO - [2026-02-05T13:13:50.862+0000] {dagbag.py:540} INFO - Filling up the DagBag from /home/airflow/.local/lib/python3.12/site-packages/airflow/example_dags/example_local_kubernetes_executor.py
[2026-02-05T13:13:50.866+0000] {processor.py:840} INFO - DAG(s) 'example_local_kubernetes_executor' retrieved from /home/airflow/.local/lib/python3.12/site-packages/airflow/example_dags/example_local_kubernetes_executor.py
[2026-02-05T13:13:50.884+0000] {logging_mixin.py:188} INFO - [2026-02-05T13:13:50.884+0000] {dag.py:3096} INFO - Sync 1 DAGs
[2026-02-05T13:13:50.892+0000] {logging_mixin.py:188} INFO - [2026-02-05T13:13:50.892+0000] {dag.py:3954} INFO - Setting next_dagrun for example_local_kubernetes_executor to None, run_after=None
[2026-02-05T13:13:50.902+0000] {processor.py:183} INFO - Processing /home/airflow/.local/lib/python3.12/site-packages/airflow/example_dags/example_local_kubernetes_executor.py took 0.046 seconds
[2026-02-05T13:14:21.875+0000] {processor.py:161} INFO - Started process (PID=2228) to work on /home/airflow/.local/lib/python3.12/site-packages/airflow/example_dags/example_local_kubernetes_executor.py
[2026-02-05T13:14:21.876+0000] {processor.py:830} INFO - Processing file /home/airflow/.local/lib/python3.12/site-packages/airflow/example_dags/example_local_kubernetes_executor.py for tasks to queue
[2026-02-05T13:14:21.880+0000] {logging_mixin.py:188} INFO - [2026-02-05T13:14:21.880+0000] {dagbag.py:540} INFO - Filling up the DagBag from /home/airflow/.local/lib/python3.12/site-packages/airflow/example_dags/example_local_kubernetes_executor.py
[2026-02-05T13:14:21.888+0000] {processor.py:840} INFO - DAG(s) 'example_local_kubernetes_executor' retrieved from /home/airflow/.local/lib/python3.12/site-packages/airflow/example_dags/example_local_kubernetes_executor.py
[2026-02-05T13:14:21.909+0000] {logging_mixin.py:188} INFO - [2026-02-05T13:14:21.909+0000] {dag.py:3096} INFO - Sync 1 DAGs
[2026-02-05T13:14:21.916+0000] {logging_mixin.py:188} INFO - [2026-02-05T13:14:21.916+0000] {dag.py:3954} INFO - Setting next_dagrun for example_local_kubernetes_executor to None, run_after=None
[2026-02-05T13:14:21.928+0000] {processor.py:183} INFO - Processing /home/airflow/.local/lib/python3.12/site-packages/airflow/example_dags/example_local_kubernetes_executor.py took 0.057 seconds
[2026-02-05T13:14:52.021+0000] {processor.py:161} INFO - Started process (PID=2286) to work on /home/airflow/.local/lib/python3.12/site-packages/airflow/example_dags/example_local_kubernetes_executor.py
[2026-02-05T13:14:52.022+0000] {processor.py:830} INFO - Processing file /home/airflow/.local/lib/python3.12/site-packages/airflow/example_dags/example_local_kubernetes_executor.py for tasks to queue
[2026-02-05T13:14:52.027+0000] {logging_mixin.py:188} INFO - [2026-02-05T13:14:52.027+0000] {dagbag.py:540} INFO - Filling up the DagBag from /home/airflow/.local/lib/python3.12/site-packages/airflow/example_dags/example_local_kubernetes_executor.py
[2026-02-05T13:14:52.032+0000] {processor.py:840} INFO - DAG(s) 'example_local_kubernetes_executor' retrieved from /home/airflow/.local/lib/python3.12/site-packages/airflow/example_dags/example_local_kubernetes_executor.py
[2026-02-05T13:14:52.051+0000] {logging_mixin.py:188} INFO - [2026-02-05T13:14:52.051+0000] {dag.py:3096} INFO - Sync 1 DAGs
[2026-02-05T13:14:52.057+0000] {logging_mixin.py:188} INFO - [2026-02-05T13:14:52.057+0000] {dag.py:3954} INFO - Setting next_dagrun for example_local_kubernetes_executor to None, run_after=None
[2026-02-05T13:14:52.072+0000] {processor.py:183} INFO - Processing /home/airflow/.local/lib/python3.12/site-packages/airflow/example_dags/example_local_kubernetes_executor.py took 0.054 seconds
[2026-02-05T13:15:22.993+0000] {processor.py:161} INFO - Started process (PID=2343) to work on /home/airflow/.local/lib/python3.12/site-packages/airflow/example_dags/example_local_kubernetes_executor.py
[2026-02-05T13:15:22.993+0000] {processor.py:830} INFO - Processing file /home/airflow/.local/lib/python3.12/site-packages/airflow/example_dags/example_local_kubernetes_executor.py for tasks to queue
[2026-02-05T13:15:22.996+0000] {logging_mixin.py:188} INFO - [2026-02-05T13:15:22.995+0000] {dagbag.py:540} INFO - Filling up the DagBag from /home/airflow/.local/lib/python3.12/site-packages/airflow/example_dags/example_local_kubernetes_executor.py
[2026-02-05T13:15:23.000+0000] {processor.py:840} INFO - DAG(s) 'example_local_kubernetes_executor' retrieved from /home/airflow/.local/lib/python3.12/site-packages/airflow/example_dags/example_local_kubernetes_executor.py
[2026-02-05T13:15:23.023+0000] {logging_mixin.py:188} INFO - [2026-02-05T13:15:23.022+0000] {dag.py:3096} INFO - Sync 1 DAGs
[2026-02-05T13:15:23.029+0000] {logging_mixin.py:188} INFO - [2026-02-05T13:15:23.029+0000] {dag.py:3954} INFO - Setting next_dagrun for example_local_kubernetes_executor to None, run_after=None
[2026-02-05T13:15:23.040+0000] {processor.py:183} INFO - Processing /home/airflow/.local/lib/python3.12/site-packages/airflow/example_dags/example_local_kubernetes_executor.py took 0.051 seconds
[2026-02-05T13:15:53.781+0000] {processor.py:161} INFO - Started process (PID=2401) to work on /home/airflow/.local/lib/python3.12/site-packages/airflow/example_dags/example_local_kubernetes_executor.py
[2026-02-05T13:15:53.784+0000] {processor.py:830} INFO - Processing file /home/airflow/.local/lib/python3.12/site-packages/airflow/example_dags/example_local_kubernetes_executor.py for tasks to queue
[2026-02-05T13:15:53.786+0000] {logging_mixin.py:188} INFO - [2026-02-05T13:15:53.786+0000] {dagbag.py:540} INFO - Filling up the DagBag from /home/airflow/.local/lib/python3.12/site-packages/airflow/example_dags/example_local_kubernetes_executor.py
[2026-02-05T13:15:53.790+0000] {processor.py:840} INFO - DAG(s) 'example_local_kubernetes_executor' retrieved from /home/airflow/.local/lib/python3.12/site-packages/airflow/example_dags/example_local_kubernetes_executor.py
[2026-02-05T13:15:53.814+0000] {logging_mixin.py:188} INFO - [2026-02-05T13:15:53.813+0000] {dag.py:3096} INFO - Sync 1 DAGs
[2026-02-05T13:15:53.820+0000] {logging_mixin.py:188} INFO - [2026-02-05T13:15:53.820+0000] {dag.py:3954} INFO - Setting next_dagrun for example_local_kubernetes_executor to None, run_after=None
[2026-02-05T13:15:53.831+0000] {processor.py:183} INFO - Processing /home/airflow/.local/lib/python3.12/site-packages/airflow/example_dags/example_local_kubernetes_executor.py took 0.053 seconds
[2026-02-05T13:16:24.861+0000] {processor.py:161} INFO - Started process (PID=2459) to work on /home/airflow/.local/lib/python3.12/site-packages/airflow/example_dags/example_local_kubernetes_executor.py
[2026-02-05T13:16:24.862+0000] {processor.py:830} INFO - Processing file /home/airflow/.local/lib/python3.12/site-packages/airflow/example_dags/example_local_kubernetes_executor.py for tasks to queue
[2026-02-05T13:16:24.864+0000] {logging_mixin.py:188} INFO - [2026-02-05T13:16:24.864+0000] {dagbag.py:540} INFO - Filling up the DagBag from /home/airflow/.local/lib/python3.12/site-packages/airflow/example_dags/example_local_kubernetes_executor.py
[2026-02-05T13:16:24.870+0000] {processor.py:840} INFO - DAG(s) 'example_local_kubernetes_executor' retrieved from /home/airflow/.local/lib/python3.12/site-packages/airflow/example_dags/example_local_kubernetes_executor.py
[2026-02-05T13:16:24.892+0000] {logging_mixin.py:188} INFO - [2026-02-05T13:16:24.892+0000] {dag.py:3096} INFO - Sync 1 DAGs
[2026-02-05T13:16:24.898+0000] {logging_mixin.py:188} INFO - [2026-02-05T13:16:24.898+0000] {dag.py:3954} INFO - Setting next_dagrun for example_local_kubernetes_executor to None, run_after=None
[2026-02-05T13:16:24.907+0000] {processor.py:183} INFO - Processing /home/airflow/.local/lib/python3.12/site-packages/airflow/example_dags/example_local_kubernetes_executor.py took 0.050 seconds
[2026-02-05T13:16:54.962+0000] {processor.py:161} INFO - Started process (PID=2517) to work on /home/airflow/.local/lib/python3.12/site-packages/airflow/example_dags/example_local_kubernetes_executor.py
[2026-02-05T13:16:54.962+0000] {processor.py:830} INFO - Processing file /home/airflow/.local/lib/python3.12/site-packages/airflow/example_dags/example_local_kubernetes_executor.py for tasks to queue
[2026-02-05T13:16:54.963+0000] {logging_mixin.py:188} INFO - [2026-02-05T13:16:54.963+0000] {dagbag.py:540} INFO - Filling up the DagBag from /home/airflow/.local/lib/python3.12/site-packages/airflow/example_dags/example_local_kubernetes_executor.py
[2026-02-05T13:16:54.968+0000] {processor.py:840} INFO - DAG(s) 'example_local_kubernetes_executor' retrieved from /home/airflow/.local/lib/python3.12/site-packages/airflow/example_dags/example_local_kubernetes_executor.py
[2026-02-05T13:16:54.985+0000] {logging_mixin.py:188} INFO - [2026-02-05T13:16:54.985+0000] {dag.py:3096} INFO - Sync 1 DAGs
[2026-02-05T13:16:54.991+0000] {logging_mixin.py:188} INFO - [2026-02-05T13:16:54.991+0000] {dag.py:3954} INFO - Setting next_dagrun for example_local_kubernetes_executor to None, run_after=None
[2026-02-05T13:16:55.000+0000] {processor.py:183} INFO - Processing /home/airflow/.local/lib/python3.12/site-packages/airflow/example_dags/example_local_kubernetes_executor.py took 0.041 seconds
[2026-02-05T13:17:25.040+0000] {processor.py:161} INFO - Started process (PID=2575) to work on /home/airflow/.local/lib/python3.12/site-packages/airflow/example_dags/example_local_kubernetes_executor.py
[2026-02-05T13:17:25.040+0000] {processor.py:830} INFO - Processing file /home/airflow/.local/lib/python3.12/site-packages/airflow/example_dags/example_local_kubernetes_executor.py for tasks to queue
[2026-02-05T13:17:25.042+0000] {logging_mixin.py:188} INFO - [2026-02-05T13:17:25.041+0000] {dagbag.py:540} INFO - Filling up the DagBag from /home/airflow/.local/lib/python3.12/site-packages/airflow/example_dags/example_local_kubernetes_executor.py
[2026-02-05T13:17:25.046+0000] {processor.py:840} INFO - DAG(s) 'example_local_kubernetes_executor' retrieved from /home/airflow/.local/lib/python3.12/site-packages/airflow/example_dags/example_local_kubernetes_executor.py
[2026-02-05T13:17:25.063+0000] {logging_mixin.py:188} INFO - [2026-02-05T13:17:25.063+0000] {dag.py:3096} INFO - Sync 1 DAGs
[2026-02-05T13:17:25.069+0000] {logging_mixin.py:188} INFO - [2026-02-05T13:17:25.069+0000] {dag.py:3954} INFO - Setting next_dagrun for example_local_kubernetes_executor to None, run_after=None
[2026-02-05T13:17:25.078+0000] {processor.py:183} INFO - Processing /home/airflow/.local/lib/python3.12/site-packages/airflow/example_dags/example_local_kubernetes_executor.py took 0.042 seconds
[2026-02-05T13:17:55.403+0000] {processor.py:161} INFO - Started process (PID=2632) to work on /home/airflow/.local/lib/python3.12/site-packages/airflow/example_dags/example_local_kubernetes_executor.py
[2026-02-05T13:17:55.406+0000] {processor.py:830} INFO - Processing file /home/airflow/.local/lib/python3.12/site-packages/airflow/example_dags/example_local_kubernetes_executor.py for tasks to queue
[2026-02-05T13:17:55.408+0000] {logging_mixin.py:188} INFO - [2026-02-05T13:17:55.408+0000] {dagbag.py:540} INFO - Filling up the DagBag from /home/airflow/.local/lib/python3.12/site-packages/airflow/example_dags/example_local_kubernetes_executor.py
[2026-02-05T13:17:55.413+0000] {processor.py:840} INFO - DAG(s) 'example_local_kubernetes_executor' retrieved from /home/airflow/.local/lib/python3.12/site-packages/airflow/example_dags/example_local_kubernetes_executor.py
[2026-02-05T13:17:55.437+0000] {logging_mixin.py:188} INFO - [2026-02-05T13:17:55.437+0000] {dag.py:3096} INFO - Sync 1 DAGs
[2026-02-05T13:17:55.448+0000] {logging_mixin.py:188} INFO - [2026-02-05T13:17:55.448+0000] {dag.py:3954} INFO - Setting next_dagrun for example_local_kubernetes_executor to None, run_after=None
[2026-02-05T13:17:55.460+0000] {processor.py:183} INFO - Processing /home/airflow/.local/lib/python3.12/site-packages/airflow/example_dags/example_local_kubernetes_executor.py took 0.060 seconds
