[2026-02-05T12:55:33.400+0000] {processor.py:161} INFO - Started process (PID=66) to work on /home/airflow/.local/lib/python3.12/site-packages/airflow/example_dags/example_setup_teardown_taskflow.py
[2026-02-05T12:55:33.401+0000] {processor.py:830} INFO - Processing file /home/airflow/.local/lib/python3.12/site-packages/airflow/example_dags/example_setup_teardown_taskflow.py for tasks to queue
[2026-02-05T12:55:33.403+0000] {logging_mixin.py:188} INFO - [2026-02-05T12:55:33.403+0000] {dagbag.py:540} INFO - Filling up the DagBag from /home/airflow/.local/lib/python3.12/site-packages/airflow/example_dags/example_setup_teardown_taskflow.py
[2026-02-05T12:55:33.411+0000] {processor.py:840} INFO - DAG(s) 'example_setup_teardown_taskflow' retrieved from /home/airflow/.local/lib/python3.12/site-packages/airflow/example_dags/example_setup_teardown_taskflow.py
[2026-02-05T12:55:33.430+0000] {logging_mixin.py:188} INFO - [2026-02-05T12:55:33.430+0000] {dag.py:3096} INFO - Sync 1 DAGs
[2026-02-05T12:55:33.464+0000] {logging_mixin.py:188} INFO - [2026-02-05T12:55:33.463+0000] {dag.py:3954} INFO - Setting next_dagrun for example_setup_teardown_taskflow to 2026-02-04 00:00:00+00:00, run_after=2026-02-05 00:00:00+00:00
[2026-02-05T12:55:33.524+0000] {processor.py:183} INFO - Processing /home/airflow/.local/lib/python3.12/site-packages/airflow/example_dags/example_setup_teardown_taskflow.py took 0.129 seconds
[2026-02-05T12:56:04.321+0000] {processor.py:161} INFO - Started process (PID=124) to work on /home/airflow/.local/lib/python3.12/site-packages/airflow/example_dags/example_setup_teardown_taskflow.py
[2026-02-05T12:56:04.322+0000] {processor.py:830} INFO - Processing file /home/airflow/.local/lib/python3.12/site-packages/airflow/example_dags/example_setup_teardown_taskflow.py for tasks to queue
[2026-02-05T12:56:04.323+0000] {logging_mixin.py:188} INFO - [2026-02-05T12:56:04.323+0000] {dagbag.py:540} INFO - Filling up the DagBag from /home/airflow/.local/lib/python3.12/site-packages/airflow/example_dags/example_setup_teardown_taskflow.py
[2026-02-05T12:56:04.329+0000] {processor.py:840} INFO - DAG(s) 'example_setup_teardown_taskflow' retrieved from /home/airflow/.local/lib/python3.12/site-packages/airflow/example_dags/example_setup_teardown_taskflow.py
[2026-02-05T12:56:04.386+0000] {logging_mixin.py:188} INFO - [2026-02-05T12:56:04.386+0000] {dag.py:3096} INFO - Sync 1 DAGs
[2026-02-05T12:56:04.399+0000] {logging_mixin.py:188} INFO - [2026-02-05T12:56:04.399+0000] {dag.py:3954} INFO - Setting next_dagrun for example_setup_teardown_taskflow to 2026-02-04 00:00:00+00:00, run_after=2026-02-05 00:00:00+00:00
[2026-02-05T12:56:04.411+0000] {processor.py:183} INFO - Processing /home/airflow/.local/lib/python3.12/site-packages/airflow/example_dags/example_setup_teardown_taskflow.py took 0.093 seconds
[2026-02-05T12:56:35.323+0000] {processor.py:161} INFO - Started process (PID=182) to work on /home/airflow/.local/lib/python3.12/site-packages/airflow/example_dags/example_setup_teardown_taskflow.py
[2026-02-05T12:56:35.325+0000] {processor.py:830} INFO - Processing file /home/airflow/.local/lib/python3.12/site-packages/airflow/example_dags/example_setup_teardown_taskflow.py for tasks to queue
[2026-02-05T12:56:35.327+0000] {logging_mixin.py:188} INFO - [2026-02-05T12:56:35.327+0000] {dagbag.py:540} INFO - Filling up the DagBag from /home/airflow/.local/lib/python3.12/site-packages/airflow/example_dags/example_setup_teardown_taskflow.py
[2026-02-05T12:56:35.332+0000] {processor.py:840} INFO - DAG(s) 'example_setup_teardown_taskflow' retrieved from /home/airflow/.local/lib/python3.12/site-packages/airflow/example_dags/example_setup_teardown_taskflow.py
[2026-02-05T12:56:35.347+0000] {logging_mixin.py:188} INFO - [2026-02-05T12:56:35.346+0000] {dag.py:3096} INFO - Sync 1 DAGs
[2026-02-05T12:56:35.358+0000] {logging_mixin.py:188} INFO - [2026-02-05T12:56:35.358+0000] {dag.py:3954} INFO - Setting next_dagrun for example_setup_teardown_taskflow to 2026-02-04 00:00:00+00:00, run_after=2026-02-05 00:00:00+00:00
[2026-02-05T12:56:35.370+0000] {processor.py:183} INFO - Processing /home/airflow/.local/lib/python3.12/site-packages/airflow/example_dags/example_setup_teardown_taskflow.py took 0.050 seconds
[2026-02-05T12:57:05.452+0000] {processor.py:161} INFO - Started process (PID=240) to work on /home/airflow/.local/lib/python3.12/site-packages/airflow/example_dags/example_setup_teardown_taskflow.py
[2026-02-05T12:57:05.453+0000] {processor.py:830} INFO - Processing file /home/airflow/.local/lib/python3.12/site-packages/airflow/example_dags/example_setup_teardown_taskflow.py for tasks to queue
[2026-02-05T12:57:05.457+0000] {logging_mixin.py:188} INFO - [2026-02-05T12:57:05.457+0000] {dagbag.py:540} INFO - Filling up the DagBag from /home/airflow/.local/lib/python3.12/site-packages/airflow/example_dags/example_setup_teardown_taskflow.py
[2026-02-05T12:57:05.464+0000] {processor.py:840} INFO - DAG(s) 'example_setup_teardown_taskflow' retrieved from /home/airflow/.local/lib/python3.12/site-packages/airflow/example_dags/example_setup_teardown_taskflow.py
[2026-02-05T12:57:05.477+0000] {logging_mixin.py:188} INFO - [2026-02-05T12:57:05.477+0000] {dag.py:3096} INFO - Sync 1 DAGs
[2026-02-05T12:57:05.488+0000] {logging_mixin.py:188} INFO - [2026-02-05T12:57:05.488+0000] {dag.py:3954} INFO - Setting next_dagrun for example_setup_teardown_taskflow to 2026-02-04 00:00:00+00:00, run_after=2026-02-05 00:00:00+00:00
[2026-02-05T12:57:05.501+0000] {processor.py:183} INFO - Processing /home/airflow/.local/lib/python3.12/site-packages/airflow/example_dags/example_setup_teardown_taskflow.py took 0.052 seconds
[2026-02-05T12:57:36.002+0000] {processor.py:161} INFO - Started process (PID=298) to work on /home/airflow/.local/lib/python3.12/site-packages/airflow/example_dags/example_setup_teardown_taskflow.py
[2026-02-05T12:57:36.003+0000] {processor.py:830} INFO - Processing file /home/airflow/.local/lib/python3.12/site-packages/airflow/example_dags/example_setup_teardown_taskflow.py for tasks to queue
[2026-02-05T12:57:36.004+0000] {logging_mixin.py:188} INFO - [2026-02-05T12:57:36.004+0000] {dagbag.py:540} INFO - Filling up the DagBag from /home/airflow/.local/lib/python3.12/site-packages/airflow/example_dags/example_setup_teardown_taskflow.py
[2026-02-05T12:57:36.009+0000] {processor.py:840} INFO - DAG(s) 'example_setup_teardown_taskflow' retrieved from /home/airflow/.local/lib/python3.12/site-packages/airflow/example_dags/example_setup_teardown_taskflow.py
[2026-02-05T12:57:36.022+0000] {logging_mixin.py:188} INFO - [2026-02-05T12:57:36.022+0000] {dag.py:3096} INFO - Sync 1 DAGs
[2026-02-05T12:57:36.035+0000] {logging_mixin.py:188} INFO - [2026-02-05T12:57:36.035+0000] {dag.py:3954} INFO - Setting next_dagrun for example_setup_teardown_taskflow to 2026-02-04 00:00:00+00:00, run_after=2026-02-05 00:00:00+00:00
[2026-02-05T12:57:36.046+0000] {processor.py:183} INFO - Processing /home/airflow/.local/lib/python3.12/site-packages/airflow/example_dags/example_setup_teardown_taskflow.py took 0.047 seconds
[2026-02-05T12:58:06.250+0000] {processor.py:161} INFO - Started process (PID=356) to work on /home/airflow/.local/lib/python3.12/site-packages/airflow/example_dags/example_setup_teardown_taskflow.py
[2026-02-05T12:58:06.251+0000] {processor.py:830} INFO - Processing file /home/airflow/.local/lib/python3.12/site-packages/airflow/example_dags/example_setup_teardown_taskflow.py for tasks to queue
[2026-02-05T12:58:06.254+0000] {logging_mixin.py:188} INFO - [2026-02-05T12:58:06.253+0000] {dagbag.py:540} INFO - Filling up the DagBag from /home/airflow/.local/lib/python3.12/site-packages/airflow/example_dags/example_setup_teardown_taskflow.py
[2026-02-05T12:58:06.262+0000] {processor.py:840} INFO - DAG(s) 'example_setup_teardown_taskflow' retrieved from /home/airflow/.local/lib/python3.12/site-packages/airflow/example_dags/example_setup_teardown_taskflow.py
[2026-02-05T12:58:06.281+0000] {logging_mixin.py:188} INFO - [2026-02-05T12:58:06.281+0000] {dag.py:3096} INFO - Sync 1 DAGs
[2026-02-05T12:58:06.298+0000] {logging_mixin.py:188} INFO - [2026-02-05T12:58:06.298+0000] {dag.py:3954} INFO - Setting next_dagrun for example_setup_teardown_taskflow to 2026-02-04 00:00:00+00:00, run_after=2026-02-05 00:00:00+00:00
[2026-02-05T12:58:06.312+0000] {processor.py:183} INFO - Processing /home/airflow/.local/lib/python3.12/site-packages/airflow/example_dags/example_setup_teardown_taskflow.py took 0.065 seconds
[2026-02-05T12:58:36.394+0000] {processor.py:161} INFO - Started process (PID=414) to work on /home/airflow/.local/lib/python3.12/site-packages/airflow/example_dags/example_setup_teardown_taskflow.py
[2026-02-05T12:58:36.395+0000] {processor.py:830} INFO - Processing file /home/airflow/.local/lib/python3.12/site-packages/airflow/example_dags/example_setup_teardown_taskflow.py for tasks to queue
[2026-02-05T12:58:36.397+0000] {logging_mixin.py:188} INFO - [2026-02-05T12:58:36.397+0000] {dagbag.py:540} INFO - Filling up the DagBag from /home/airflow/.local/lib/python3.12/site-packages/airflow/example_dags/example_setup_teardown_taskflow.py
[2026-02-05T12:58:36.403+0000] {processor.py:840} INFO - DAG(s) 'example_setup_teardown_taskflow' retrieved from /home/airflow/.local/lib/python3.12/site-packages/airflow/example_dags/example_setup_teardown_taskflow.py
[2026-02-05T12:58:36.418+0000] {logging_mixin.py:188} INFO - [2026-02-05T12:58:36.418+0000] {dag.py:3096} INFO - Sync 1 DAGs
[2026-02-05T12:58:36.429+0000] {logging_mixin.py:188} INFO - [2026-02-05T12:58:36.429+0000] {dag.py:3954} INFO - Setting next_dagrun for example_setup_teardown_taskflow to 2026-02-04 00:00:00+00:00, run_after=2026-02-05 00:00:00+00:00
[2026-02-05T12:58:36.439+0000] {processor.py:183} INFO - Processing /home/airflow/.local/lib/python3.12/site-packages/airflow/example_dags/example_setup_teardown_taskflow.py took 0.048 seconds
[2026-02-05T12:59:06.568+0000] {processor.py:161} INFO - Started process (PID=481) to work on /home/airflow/.local/lib/python3.12/site-packages/airflow/example_dags/example_setup_teardown_taskflow.py
[2026-02-05T12:59:06.571+0000] {processor.py:830} INFO - Processing file /home/airflow/.local/lib/python3.12/site-packages/airflow/example_dags/example_setup_teardown_taskflow.py for tasks to queue
[2026-02-05T12:59:06.572+0000] {logging_mixin.py:188} INFO - [2026-02-05T12:59:06.572+0000] {dagbag.py:540} INFO - Filling up the DagBag from /home/airflow/.local/lib/python3.12/site-packages/airflow/example_dags/example_setup_teardown_taskflow.py
[2026-02-05T12:59:06.579+0000] {processor.py:840} INFO - DAG(s) 'example_setup_teardown_taskflow' retrieved from /home/airflow/.local/lib/python3.12/site-packages/airflow/example_dags/example_setup_teardown_taskflow.py
[2026-02-05T12:59:06.592+0000] {logging_mixin.py:188} INFO - [2026-02-05T12:59:06.591+0000] {dag.py:3096} INFO - Sync 1 DAGs
[2026-02-05T12:59:06.603+0000] {logging_mixin.py:188} INFO - [2026-02-05T12:59:06.603+0000] {dag.py:3954} INFO - Setting next_dagrun for example_setup_teardown_taskflow to 2026-02-04 00:00:00+00:00, run_after=2026-02-05 00:00:00+00:00
[2026-02-05T12:59:06.614+0000] {processor.py:183} INFO - Processing /home/airflow/.local/lib/python3.12/site-packages/airflow/example_dags/example_setup_teardown_taskflow.py took 0.050 seconds
[2026-02-05T12:59:36.826+0000] {processor.py:161} INFO - Started process (PID=540) to work on /home/airflow/.local/lib/python3.12/site-packages/airflow/example_dags/example_setup_teardown_taskflow.py
[2026-02-05T12:59:36.826+0000] {processor.py:830} INFO - Processing file /home/airflow/.local/lib/python3.12/site-packages/airflow/example_dags/example_setup_teardown_taskflow.py for tasks to queue
[2026-02-05T12:59:36.828+0000] {logging_mixin.py:188} INFO - [2026-02-05T12:59:36.828+0000] {dagbag.py:540} INFO - Filling up the DagBag from /home/airflow/.local/lib/python3.12/site-packages/airflow/example_dags/example_setup_teardown_taskflow.py
[2026-02-05T12:59:36.834+0000] {processor.py:840} INFO - DAG(s) 'example_setup_teardown_taskflow' retrieved from /home/airflow/.local/lib/python3.12/site-packages/airflow/example_dags/example_setup_teardown_taskflow.py
[2026-02-05T12:59:36.845+0000] {logging_mixin.py:188} INFO - [2026-02-05T12:59:36.845+0000] {dag.py:3096} INFO - Sync 1 DAGs
[2026-02-05T12:59:36.857+0000] {logging_mixin.py:188} INFO - [2026-02-05T12:59:36.857+0000] {dag.py:3954} INFO - Setting next_dagrun for example_setup_teardown_taskflow to 2026-02-04 00:00:00+00:00, run_after=2026-02-05 00:00:00+00:00
[2026-02-05T12:59:36.868+0000] {processor.py:183} INFO - Processing /home/airflow/.local/lib/python3.12/site-packages/airflow/example_dags/example_setup_teardown_taskflow.py took 0.044 seconds
[2026-02-05T13:00:07.076+0000] {processor.py:161} INFO - Started process (PID=598) to work on /home/airflow/.local/lib/python3.12/site-packages/airflow/example_dags/example_setup_teardown_taskflow.py
[2026-02-05T13:00:07.077+0000] {processor.py:830} INFO - Processing file /home/airflow/.local/lib/python3.12/site-packages/airflow/example_dags/example_setup_teardown_taskflow.py for tasks to queue
[2026-02-05T13:00:07.081+0000] {logging_mixin.py:188} INFO - [2026-02-05T13:00:07.081+0000] {dagbag.py:540} INFO - Filling up the DagBag from /home/airflow/.local/lib/python3.12/site-packages/airflow/example_dags/example_setup_teardown_taskflow.py
[2026-02-05T13:00:07.086+0000] {processor.py:840} INFO - DAG(s) 'example_setup_teardown_taskflow' retrieved from /home/airflow/.local/lib/python3.12/site-packages/airflow/example_dags/example_setup_teardown_taskflow.py
[2026-02-05T13:00:07.097+0000] {logging_mixin.py:188} INFO - [2026-02-05T13:00:07.097+0000] {dag.py:3096} INFO - Sync 1 DAGs
[2026-02-05T13:00:07.108+0000] {logging_mixin.py:188} INFO - [2026-02-05T13:00:07.108+0000] {dag.py:3954} INFO - Setting next_dagrun for example_setup_teardown_taskflow to 2026-02-04 00:00:00+00:00, run_after=2026-02-05 00:00:00+00:00
[2026-02-05T13:00:07.121+0000] {processor.py:183} INFO - Processing /home/airflow/.local/lib/python3.12/site-packages/airflow/example_dags/example_setup_teardown_taskflow.py took 0.048 seconds
[2026-02-05T13:00:37.159+0000] {processor.py:161} INFO - Started process (PID=656) to work on /home/airflow/.local/lib/python3.12/site-packages/airflow/example_dags/example_setup_teardown_taskflow.py
[2026-02-05T13:00:37.160+0000] {processor.py:830} INFO - Processing file /home/airflow/.local/lib/python3.12/site-packages/airflow/example_dags/example_setup_teardown_taskflow.py for tasks to queue
[2026-02-05T13:00:37.161+0000] {logging_mixin.py:188} INFO - [2026-02-05T13:00:37.161+0000] {dagbag.py:540} INFO - Filling up the DagBag from /home/airflow/.local/lib/python3.12/site-packages/airflow/example_dags/example_setup_teardown_taskflow.py
[2026-02-05T13:00:37.166+0000] {processor.py:840} INFO - DAG(s) 'example_setup_teardown_taskflow' retrieved from /home/airflow/.local/lib/python3.12/site-packages/airflow/example_dags/example_setup_teardown_taskflow.py
[2026-02-05T13:00:37.178+0000] {logging_mixin.py:188} INFO - [2026-02-05T13:00:37.178+0000] {dag.py:3096} INFO - Sync 1 DAGs
[2026-02-05T13:00:37.191+0000] {logging_mixin.py:188} INFO - [2026-02-05T13:00:37.191+0000] {dag.py:3954} INFO - Setting next_dagrun for example_setup_teardown_taskflow to 2026-02-04 00:00:00+00:00, run_after=2026-02-05 00:00:00+00:00
[2026-02-05T13:00:37.201+0000] {processor.py:183} INFO - Processing /home/airflow/.local/lib/python3.12/site-packages/airflow/example_dags/example_setup_teardown_taskflow.py took 0.044 seconds
[2026-02-05T13:01:07.237+0000] {processor.py:161} INFO - Started process (PID=714) to work on /home/airflow/.local/lib/python3.12/site-packages/airflow/example_dags/example_setup_teardown_taskflow.py
[2026-02-05T13:01:07.241+0000] {processor.py:830} INFO - Processing file /home/airflow/.local/lib/python3.12/site-packages/airflow/example_dags/example_setup_teardown_taskflow.py for tasks to queue
[2026-02-05T13:01:07.242+0000] {logging_mixin.py:188} INFO - [2026-02-05T13:01:07.241+0000] {dagbag.py:540} INFO - Filling up the DagBag from /home/airflow/.local/lib/python3.12/site-packages/airflow/example_dags/example_setup_teardown_taskflow.py
[2026-02-05T13:01:07.246+0000] {processor.py:840} INFO - DAG(s) 'example_setup_teardown_taskflow' retrieved from /home/airflow/.local/lib/python3.12/site-packages/airflow/example_dags/example_setup_teardown_taskflow.py
[2026-02-05T13:01:07.258+0000] {logging_mixin.py:188} INFO - [2026-02-05T13:01:07.258+0000] {dag.py:3096} INFO - Sync 1 DAGs
[2026-02-05T13:01:07.269+0000] {logging_mixin.py:188} INFO - [2026-02-05T13:01:07.269+0000] {dag.py:3954} INFO - Setting next_dagrun for example_setup_teardown_taskflow to 2026-02-04 00:00:00+00:00, run_after=2026-02-05 00:00:00+00:00
[2026-02-05T13:01:07.280+0000] {processor.py:183} INFO - Processing /home/airflow/.local/lib/python3.12/site-packages/airflow/example_dags/example_setup_teardown_taskflow.py took 0.046 seconds
[2026-02-05T13:01:37.413+0000] {processor.py:161} INFO - Started process (PID=772) to work on /home/airflow/.local/lib/python3.12/site-packages/airflow/example_dags/example_setup_teardown_taskflow.py
[2026-02-05T13:01:37.414+0000] {processor.py:830} INFO - Processing file /home/airflow/.local/lib/python3.12/site-packages/airflow/example_dags/example_setup_teardown_taskflow.py for tasks to queue
[2026-02-05T13:01:37.415+0000] {logging_mixin.py:188} INFO - [2026-02-05T13:01:37.415+0000] {dagbag.py:540} INFO - Filling up the DagBag from /home/airflow/.local/lib/python3.12/site-packages/airflow/example_dags/example_setup_teardown_taskflow.py
[2026-02-05T13:01:37.421+0000] {processor.py:840} INFO - DAG(s) 'example_setup_teardown_taskflow' retrieved from /home/airflow/.local/lib/python3.12/site-packages/airflow/example_dags/example_setup_teardown_taskflow.py
[2026-02-05T13:01:37.433+0000] {logging_mixin.py:188} INFO - [2026-02-05T13:01:37.433+0000] {dag.py:3096} INFO - Sync 1 DAGs
[2026-02-05T13:01:37.446+0000] {logging_mixin.py:188} INFO - [2026-02-05T13:01:37.446+0000] {dag.py:3954} INFO - Setting next_dagrun for example_setup_teardown_taskflow to 2026-02-04 00:00:00+00:00, run_after=2026-02-05 00:00:00+00:00
[2026-02-05T13:01:37.456+0000] {processor.py:183} INFO - Processing /home/airflow/.local/lib/python3.12/site-packages/airflow/example_dags/example_setup_teardown_taskflow.py took 0.048 seconds
[2026-02-05T13:02:07.918+0000] {processor.py:161} INFO - Started process (PID=829) to work on /home/airflow/.local/lib/python3.12/site-packages/airflow/example_dags/example_setup_teardown_taskflow.py
[2026-02-05T13:02:07.919+0000] {processor.py:830} INFO - Processing file /home/airflow/.local/lib/python3.12/site-packages/airflow/example_dags/example_setup_teardown_taskflow.py for tasks to queue
[2026-02-05T13:02:07.920+0000] {logging_mixin.py:188} INFO - [2026-02-05T13:02:07.919+0000] {dagbag.py:540} INFO - Filling up the DagBag from /home/airflow/.local/lib/python3.12/site-packages/airflow/example_dags/example_setup_teardown_taskflow.py
[2026-02-05T13:02:07.924+0000] {processor.py:840} INFO - DAG(s) 'example_setup_teardown_taskflow' retrieved from /home/airflow/.local/lib/python3.12/site-packages/airflow/example_dags/example_setup_teardown_taskflow.py
[2026-02-05T13:02:07.938+0000] {logging_mixin.py:188} INFO - [2026-02-05T13:02:07.938+0000] {dag.py:3096} INFO - Sync 1 DAGs
[2026-02-05T13:02:07.952+0000] {logging_mixin.py:188} INFO - [2026-02-05T13:02:07.952+0000] {dag.py:3954} INFO - Setting next_dagrun for example_setup_teardown_taskflow to 2026-02-04 00:00:00+00:00, run_after=2026-02-05 00:00:00+00:00
[2026-02-05T13:02:07.962+0000] {processor.py:183} INFO - Processing /home/airflow/.local/lib/python3.12/site-packages/airflow/example_dags/example_setup_teardown_taskflow.py took 0.048 seconds
[2026-02-05T13:02:37.986+0000] {processor.py:161} INFO - Started process (PID=887) to work on /home/airflow/.local/lib/python3.12/site-packages/airflow/example_dags/example_setup_teardown_taskflow.py
[2026-02-05T13:02:37.988+0000] {processor.py:830} INFO - Processing file /home/airflow/.local/lib/python3.12/site-packages/airflow/example_dags/example_setup_teardown_taskflow.py for tasks to queue
[2026-02-05T13:02:37.989+0000] {logging_mixin.py:188} INFO - [2026-02-05T13:02:37.989+0000] {dagbag.py:540} INFO - Filling up the DagBag from /home/airflow/.local/lib/python3.12/site-packages/airflow/example_dags/example_setup_teardown_taskflow.py
[2026-02-05T13:02:37.994+0000] {processor.py:840} INFO - DAG(s) 'example_setup_teardown_taskflow' retrieved from /home/airflow/.local/lib/python3.12/site-packages/airflow/example_dags/example_setup_teardown_taskflow.py
[2026-02-05T13:02:38.008+0000] {logging_mixin.py:188} INFO - [2026-02-05T13:02:38.008+0000] {dag.py:3096} INFO - Sync 1 DAGs
[2026-02-05T13:02:38.022+0000] {logging_mixin.py:188} INFO - [2026-02-05T13:02:38.022+0000] {dag.py:3954} INFO - Setting next_dagrun for example_setup_teardown_taskflow to 2026-02-04 00:00:00+00:00, run_after=2026-02-05 00:00:00+00:00
[2026-02-05T13:02:38.031+0000] {processor.py:183} INFO - Processing /home/airflow/.local/lib/python3.12/site-packages/airflow/example_dags/example_setup_teardown_taskflow.py took 0.049 seconds
[2026-02-05T13:03:08.329+0000] {processor.py:161} INFO - Started process (PID=945) to work on /home/airflow/.local/lib/python3.12/site-packages/airflow/example_dags/example_setup_teardown_taskflow.py
[2026-02-05T13:03:08.330+0000] {processor.py:830} INFO - Processing file /home/airflow/.local/lib/python3.12/site-packages/airflow/example_dags/example_setup_teardown_taskflow.py for tasks to queue
[2026-02-05T13:03:08.331+0000] {logging_mixin.py:188} INFO - [2026-02-05T13:03:08.330+0000] {dagbag.py:540} INFO - Filling up the DagBag from /home/airflow/.local/lib/python3.12/site-packages/airflow/example_dags/example_setup_teardown_taskflow.py
[2026-02-05T13:03:08.335+0000] {processor.py:840} INFO - DAG(s) 'example_setup_teardown_taskflow' retrieved from /home/airflow/.local/lib/python3.12/site-packages/airflow/example_dags/example_setup_teardown_taskflow.py
[2026-02-05T13:03:08.346+0000] {logging_mixin.py:188} INFO - [2026-02-05T13:03:08.346+0000] {dag.py:3096} INFO - Sync 1 DAGs
[2026-02-05T13:03:08.357+0000] {logging_mixin.py:188} INFO - [2026-02-05T13:03:08.357+0000] {dag.py:3954} INFO - Setting next_dagrun for example_setup_teardown_taskflow to 2026-02-04 00:00:00+00:00, run_after=2026-02-05 00:00:00+00:00
[2026-02-05T13:03:08.471+0000] {processor.py:183} INFO - Processing /home/airflow/.local/lib/python3.12/site-packages/airflow/example_dags/example_setup_teardown_taskflow.py took 0.144 seconds
[2026-02-05T13:03:39.267+0000] {processor.py:161} INFO - Started process (PID=1003) to work on /home/airflow/.local/lib/python3.12/site-packages/airflow/example_dags/example_setup_teardown_taskflow.py
[2026-02-05T13:03:39.268+0000] {processor.py:830} INFO - Processing file /home/airflow/.local/lib/python3.12/site-packages/airflow/example_dags/example_setup_teardown_taskflow.py for tasks to queue
[2026-02-05T13:03:39.269+0000] {logging_mixin.py:188} INFO - [2026-02-05T13:03:39.269+0000] {dagbag.py:540} INFO - Filling up the DagBag from /home/airflow/.local/lib/python3.12/site-packages/airflow/example_dags/example_setup_teardown_taskflow.py
[2026-02-05T13:03:39.274+0000] {processor.py:840} INFO - DAG(s) 'example_setup_teardown_taskflow' retrieved from /home/airflow/.local/lib/python3.12/site-packages/airflow/example_dags/example_setup_teardown_taskflow.py
[2026-02-05T13:03:39.288+0000] {logging_mixin.py:188} INFO - [2026-02-05T13:03:39.288+0000] {dag.py:3096} INFO - Sync 1 DAGs
[2026-02-05T13:03:39.299+0000] {logging_mixin.py:188} INFO - [2026-02-05T13:03:39.299+0000] {dag.py:3954} INFO - Setting next_dagrun for example_setup_teardown_taskflow to 2026-02-04 00:00:00+00:00, run_after=2026-02-05 00:00:00+00:00
[2026-02-05T13:03:39.307+0000] {processor.py:183} INFO - Processing /home/airflow/.local/lib/python3.12/site-packages/airflow/example_dags/example_setup_teardown_taskflow.py took 0.044 seconds
[2026-02-05T13:04:09.383+0000] {processor.py:161} INFO - Started process (PID=1061) to work on /home/airflow/.local/lib/python3.12/site-packages/airflow/example_dags/example_setup_teardown_taskflow.py
[2026-02-05T13:04:09.383+0000] {processor.py:830} INFO - Processing file /home/airflow/.local/lib/python3.12/site-packages/airflow/example_dags/example_setup_teardown_taskflow.py for tasks to queue
[2026-02-05T13:04:09.384+0000] {logging_mixin.py:188} INFO - [2026-02-05T13:04:09.384+0000] {dagbag.py:540} INFO - Filling up the DagBag from /home/airflow/.local/lib/python3.12/site-packages/airflow/example_dags/example_setup_teardown_taskflow.py
[2026-02-05T13:04:09.390+0000] {processor.py:840} INFO - DAG(s) 'example_setup_teardown_taskflow' retrieved from /home/airflow/.local/lib/python3.12/site-packages/airflow/example_dags/example_setup_teardown_taskflow.py
[2026-02-05T13:04:09.402+0000] {logging_mixin.py:188} INFO - [2026-02-05T13:04:09.401+0000] {dag.py:3096} INFO - Sync 1 DAGs
[2026-02-05T13:04:09.412+0000] {logging_mixin.py:188} INFO - [2026-02-05T13:04:09.411+0000] {dag.py:3954} INFO - Setting next_dagrun for example_setup_teardown_taskflow to 2026-02-04 00:00:00+00:00, run_after=2026-02-05 00:00:00+00:00
[2026-02-05T13:04:09.420+0000] {processor.py:183} INFO - Processing /home/airflow/.local/lib/python3.12/site-packages/airflow/example_dags/example_setup_teardown_taskflow.py took 0.040 seconds
[2026-02-05T13:04:39.692+0000] {processor.py:161} INFO - Started process (PID=1119) to work on /home/airflow/.local/lib/python3.12/site-packages/airflow/example_dags/example_setup_teardown_taskflow.py
[2026-02-05T13:04:39.692+0000] {processor.py:830} INFO - Processing file /home/airflow/.local/lib/python3.12/site-packages/airflow/example_dags/example_setup_teardown_taskflow.py for tasks to queue
[2026-02-05T13:04:39.694+0000] {logging_mixin.py:188} INFO - [2026-02-05T13:04:39.694+0000] {dagbag.py:540} INFO - Filling up the DagBag from /home/airflow/.local/lib/python3.12/site-packages/airflow/example_dags/example_setup_teardown_taskflow.py
[2026-02-05T13:04:39.699+0000] {processor.py:840} INFO - DAG(s) 'example_setup_teardown_taskflow' retrieved from /home/airflow/.local/lib/python3.12/site-packages/airflow/example_dags/example_setup_teardown_taskflow.py
[2026-02-05T13:04:39.715+0000] {logging_mixin.py:188} INFO - [2026-02-05T13:04:39.715+0000] {dag.py:3096} INFO - Sync 1 DAGs
[2026-02-05T13:04:39.726+0000] {logging_mixin.py:188} INFO - [2026-02-05T13:04:39.726+0000] {dag.py:3954} INFO - Setting next_dagrun for example_setup_teardown_taskflow to 2026-02-04 00:00:00+00:00, run_after=2026-02-05 00:00:00+00:00
[2026-02-05T13:04:39.736+0000] {processor.py:183} INFO - Processing /home/airflow/.local/lib/python3.12/site-packages/airflow/example_dags/example_setup_teardown_taskflow.py took 0.048 seconds
[2026-02-05T13:05:10.562+0000] {processor.py:161} INFO - Started process (PID=1177) to work on /home/airflow/.local/lib/python3.12/site-packages/airflow/example_dags/example_setup_teardown_taskflow.py
[2026-02-05T13:05:10.563+0000] {processor.py:830} INFO - Processing file /home/airflow/.local/lib/python3.12/site-packages/airflow/example_dags/example_setup_teardown_taskflow.py for tasks to queue
[2026-02-05T13:05:10.566+0000] {logging_mixin.py:188} INFO - [2026-02-05T13:05:10.566+0000] {dagbag.py:540} INFO - Filling up the DagBag from /home/airflow/.local/lib/python3.12/site-packages/airflow/example_dags/example_setup_teardown_taskflow.py
[2026-02-05T13:05:10.572+0000] {processor.py:840} INFO - DAG(s) 'example_setup_teardown_taskflow' retrieved from /home/airflow/.local/lib/python3.12/site-packages/airflow/example_dags/example_setup_teardown_taskflow.py
[2026-02-05T13:05:10.589+0000] {logging_mixin.py:188} INFO - [2026-02-05T13:05:10.589+0000] {dag.py:3096} INFO - Sync 1 DAGs
[2026-02-05T13:05:10.602+0000] {logging_mixin.py:188} INFO - [2026-02-05T13:05:10.602+0000] {dag.py:3954} INFO - Setting next_dagrun for example_setup_teardown_taskflow to 2026-02-04 00:00:00+00:00, run_after=2026-02-05 00:00:00+00:00
[2026-02-05T13:05:10.618+0000] {processor.py:183} INFO - Processing /home/airflow/.local/lib/python3.12/site-packages/airflow/example_dags/example_setup_teardown_taskflow.py took 0.060 seconds
[2026-02-05T13:05:41.139+0000] {processor.py:161} INFO - Started process (PID=1235) to work on /home/airflow/.local/lib/python3.12/site-packages/airflow/example_dags/example_setup_teardown_taskflow.py
[2026-02-05T13:05:41.139+0000] {processor.py:830} INFO - Processing file /home/airflow/.local/lib/python3.12/site-packages/airflow/example_dags/example_setup_teardown_taskflow.py for tasks to queue
[2026-02-05T13:05:41.140+0000] {logging_mixin.py:188} INFO - [2026-02-05T13:05:41.140+0000] {dagbag.py:540} INFO - Filling up the DagBag from /home/airflow/.local/lib/python3.12/site-packages/airflow/example_dags/example_setup_teardown_taskflow.py
[2026-02-05T13:05:41.145+0000] {processor.py:840} INFO - DAG(s) 'example_setup_teardown_taskflow' retrieved from /home/airflow/.local/lib/python3.12/site-packages/airflow/example_dags/example_setup_teardown_taskflow.py
[2026-02-05T13:05:41.157+0000] {logging_mixin.py:188} INFO - [2026-02-05T13:05:41.156+0000] {dag.py:3096} INFO - Sync 1 DAGs
[2026-02-05T13:05:41.257+0000] {logging_mixin.py:188} INFO - [2026-02-05T13:05:41.257+0000] {dag.py:3954} INFO - Setting next_dagrun for example_setup_teardown_taskflow to 2026-02-04 00:00:00+00:00, run_after=2026-02-05 00:00:00+00:00
[2026-02-05T13:05:41.265+0000] {processor.py:183} INFO - Processing /home/airflow/.local/lib/python3.12/site-packages/airflow/example_dags/example_setup_teardown_taskflow.py took 0.129 seconds
[2026-02-05T13:06:11.473+0000] {processor.py:161} INFO - Started process (PID=1292) to work on /home/airflow/.local/lib/python3.12/site-packages/airflow/example_dags/example_setup_teardown_taskflow.py
[2026-02-05T13:06:11.474+0000] {processor.py:830} INFO - Processing file /home/airflow/.local/lib/python3.12/site-packages/airflow/example_dags/example_setup_teardown_taskflow.py for tasks to queue
[2026-02-05T13:06:11.475+0000] {logging_mixin.py:188} INFO - [2026-02-05T13:06:11.475+0000] {dagbag.py:540} INFO - Filling up the DagBag from /home/airflow/.local/lib/python3.12/site-packages/airflow/example_dags/example_setup_teardown_taskflow.py
[2026-02-05T13:06:11.480+0000] {processor.py:840} INFO - DAG(s) 'example_setup_teardown_taskflow' retrieved from /home/airflow/.local/lib/python3.12/site-packages/airflow/example_dags/example_setup_teardown_taskflow.py
[2026-02-05T13:06:11.492+0000] {logging_mixin.py:188} INFO - [2026-02-05T13:06:11.492+0000] {dag.py:3096} INFO - Sync 1 DAGs
[2026-02-05T13:06:11.503+0000] {logging_mixin.py:188} INFO - [2026-02-05T13:06:11.503+0000] {dag.py:3954} INFO - Setting next_dagrun for example_setup_teardown_taskflow to 2026-02-04 00:00:00+00:00, run_after=2026-02-05 00:00:00+00:00
[2026-02-05T13:06:11.513+0000] {processor.py:183} INFO - Processing /home/airflow/.local/lib/python3.12/site-packages/airflow/example_dags/example_setup_teardown_taskflow.py took 0.043 seconds
[2026-02-05T13:06:41.614+0000] {processor.py:161} INFO - Started process (PID=1350) to work on /home/airflow/.local/lib/python3.12/site-packages/airflow/example_dags/example_setup_teardown_taskflow.py
[2026-02-05T13:06:41.615+0000] {processor.py:830} INFO - Processing file /home/airflow/.local/lib/python3.12/site-packages/airflow/example_dags/example_setup_teardown_taskflow.py for tasks to queue
[2026-02-05T13:06:41.616+0000] {logging_mixin.py:188} INFO - [2026-02-05T13:06:41.616+0000] {dagbag.py:540} INFO - Filling up the DagBag from /home/airflow/.local/lib/python3.12/site-packages/airflow/example_dags/example_setup_teardown_taskflow.py
[2026-02-05T13:06:41.621+0000] {processor.py:840} INFO - DAG(s) 'example_setup_teardown_taskflow' retrieved from /home/airflow/.local/lib/python3.12/site-packages/airflow/example_dags/example_setup_teardown_taskflow.py
[2026-02-05T13:06:41.634+0000] {logging_mixin.py:188} INFO - [2026-02-05T13:06:41.633+0000] {dag.py:3096} INFO - Sync 1 DAGs
[2026-02-05T13:06:41.644+0000] {logging_mixin.py:188} INFO - [2026-02-05T13:06:41.644+0000] {dag.py:3954} INFO - Setting next_dagrun for example_setup_teardown_taskflow to 2026-02-04 00:00:00+00:00, run_after=2026-02-05 00:00:00+00:00
[2026-02-05T13:06:41.655+0000] {processor.py:183} INFO - Processing /home/airflow/.local/lib/python3.12/site-packages/airflow/example_dags/example_setup_teardown_taskflow.py took 0.045 seconds
[2026-02-05T13:07:11.842+0000] {processor.py:161} INFO - Started process (PID=1408) to work on /home/airflow/.local/lib/python3.12/site-packages/airflow/example_dags/example_setup_teardown_taskflow.py
[2026-02-05T13:07:11.846+0000] {processor.py:830} INFO - Processing file /home/airflow/.local/lib/python3.12/site-packages/airflow/example_dags/example_setup_teardown_taskflow.py for tasks to queue
[2026-02-05T13:07:11.847+0000] {logging_mixin.py:188} INFO - [2026-02-05T13:07:11.847+0000] {dagbag.py:540} INFO - Filling up the DagBag from /home/airflow/.local/lib/python3.12/site-packages/airflow/example_dags/example_setup_teardown_taskflow.py
[2026-02-05T13:07:11.854+0000] {processor.py:840} INFO - DAG(s) 'example_setup_teardown_taskflow' retrieved from /home/airflow/.local/lib/python3.12/site-packages/airflow/example_dags/example_setup_teardown_taskflow.py
[2026-02-05T13:07:11.872+0000] {logging_mixin.py:188} INFO - [2026-02-05T13:07:11.872+0000] {dag.py:3096} INFO - Sync 1 DAGs
[2026-02-05T13:07:11.885+0000] {logging_mixin.py:188} INFO - [2026-02-05T13:07:11.884+0000] {dag.py:3954} INFO - Setting next_dagrun for example_setup_teardown_taskflow to 2026-02-04 00:00:00+00:00, run_after=2026-02-05 00:00:00+00:00
[2026-02-05T13:07:11.896+0000] {processor.py:183} INFO - Processing /home/airflow/.local/lib/python3.12/site-packages/airflow/example_dags/example_setup_teardown_taskflow.py took 0.059 seconds
[2026-02-05T13:07:41.918+0000] {processor.py:161} INFO - Started process (PID=1466) to work on /home/airflow/.local/lib/python3.12/site-packages/airflow/example_dags/example_setup_teardown_taskflow.py
[2026-02-05T13:07:41.918+0000] {processor.py:830} INFO - Processing file /home/airflow/.local/lib/python3.12/site-packages/airflow/example_dags/example_setup_teardown_taskflow.py for tasks to queue
[2026-02-05T13:07:41.919+0000] {logging_mixin.py:188} INFO - [2026-02-05T13:07:41.919+0000] {dagbag.py:540} INFO - Filling up the DagBag from /home/airflow/.local/lib/python3.12/site-packages/airflow/example_dags/example_setup_teardown_taskflow.py
[2026-02-05T13:07:41.924+0000] {processor.py:840} INFO - DAG(s) 'example_setup_teardown_taskflow' retrieved from /home/airflow/.local/lib/python3.12/site-packages/airflow/example_dags/example_setup_teardown_taskflow.py
[2026-02-05T13:07:41.936+0000] {logging_mixin.py:188} INFO - [2026-02-05T13:07:41.936+0000] {dag.py:3096} INFO - Sync 1 DAGs
[2026-02-05T13:07:41.946+0000] {logging_mixin.py:188} INFO - [2026-02-05T13:07:41.946+0000] {dag.py:3954} INFO - Setting next_dagrun for example_setup_teardown_taskflow to 2026-02-04 00:00:00+00:00, run_after=2026-02-05 00:00:00+00:00
[2026-02-05T13:07:41.955+0000] {processor.py:183} INFO - Processing /home/airflow/.local/lib/python3.12/site-packages/airflow/example_dags/example_setup_teardown_taskflow.py took 0.041 seconds
[2026-02-05T13:08:12.271+0000] {processor.py:161} INFO - Started process (PID=1524) to work on /home/airflow/.local/lib/python3.12/site-packages/airflow/example_dags/example_setup_teardown_taskflow.py
[2026-02-05T13:08:12.272+0000] {processor.py:830} INFO - Processing file /home/airflow/.local/lib/python3.12/site-packages/airflow/example_dags/example_setup_teardown_taskflow.py for tasks to queue
[2026-02-05T13:08:12.273+0000] {logging_mixin.py:188} INFO - [2026-02-05T13:08:12.273+0000] {dagbag.py:540} INFO - Filling up the DagBag from /home/airflow/.local/lib/python3.12/site-packages/airflow/example_dags/example_setup_teardown_taskflow.py
[2026-02-05T13:08:12.279+0000] {processor.py:840} INFO - DAG(s) 'example_setup_teardown_taskflow' retrieved from /home/airflow/.local/lib/python3.12/site-packages/airflow/example_dags/example_setup_teardown_taskflow.py
[2026-02-05T13:08:12.293+0000] {logging_mixin.py:188} INFO - [2026-02-05T13:08:12.293+0000] {dag.py:3096} INFO - Sync 1 DAGs
[2026-02-05T13:08:12.306+0000] {logging_mixin.py:188} INFO - [2026-02-05T13:08:12.306+0000] {dag.py:3954} INFO - Setting next_dagrun for example_setup_teardown_taskflow to 2026-02-04 00:00:00+00:00, run_after=2026-02-05 00:00:00+00:00
[2026-02-05T13:08:12.316+0000] {processor.py:183} INFO - Processing /home/airflow/.local/lib/python3.12/site-packages/airflow/example_dags/example_setup_teardown_taskflow.py took 0.049 seconds
[2026-02-05T13:08:42.405+0000] {processor.py:161} INFO - Started process (PID=1581) to work on /home/airflow/.local/lib/python3.12/site-packages/airflow/example_dags/example_setup_teardown_taskflow.py
[2026-02-05T13:08:42.406+0000] {processor.py:830} INFO - Processing file /home/airflow/.local/lib/python3.12/site-packages/airflow/example_dags/example_setup_teardown_taskflow.py for tasks to queue
[2026-02-05T13:08:42.407+0000] {logging_mixin.py:188} INFO - [2026-02-05T13:08:42.407+0000] {dagbag.py:540} INFO - Filling up the DagBag from /home/airflow/.local/lib/python3.12/site-packages/airflow/example_dags/example_setup_teardown_taskflow.py
[2026-02-05T13:08:42.411+0000] {processor.py:840} INFO - DAG(s) 'example_setup_teardown_taskflow' retrieved from /home/airflow/.local/lib/python3.12/site-packages/airflow/example_dags/example_setup_teardown_taskflow.py
[2026-02-05T13:08:42.422+0000] {logging_mixin.py:188} INFO - [2026-02-05T13:08:42.422+0000] {dag.py:3096} INFO - Sync 1 DAGs
[2026-02-05T13:08:42.433+0000] {logging_mixin.py:188} INFO - [2026-02-05T13:08:42.433+0000] {dag.py:3954} INFO - Setting next_dagrun for example_setup_teardown_taskflow to 2026-02-04 00:00:00+00:00, run_after=2026-02-05 00:00:00+00:00
[2026-02-05T13:08:42.441+0000] {processor.py:183} INFO - Processing /home/airflow/.local/lib/python3.12/site-packages/airflow/example_dags/example_setup_teardown_taskflow.py took 0.039 seconds
[2026-02-05T13:09:12.550+0000] {processor.py:161} INFO - Started process (PID=1639) to work on /home/airflow/.local/lib/python3.12/site-packages/airflow/example_dags/example_setup_teardown_taskflow.py
[2026-02-05T13:09:12.552+0000] {processor.py:830} INFO - Processing file /home/airflow/.local/lib/python3.12/site-packages/airflow/example_dags/example_setup_teardown_taskflow.py for tasks to queue
[2026-02-05T13:09:12.554+0000] {logging_mixin.py:188} INFO - [2026-02-05T13:09:12.553+0000] {dagbag.py:540} INFO - Filling up the DagBag from /home/airflow/.local/lib/python3.12/site-packages/airflow/example_dags/example_setup_teardown_taskflow.py
[2026-02-05T13:09:12.558+0000] {processor.py:840} INFO - DAG(s) 'example_setup_teardown_taskflow' retrieved from /home/airflow/.local/lib/python3.12/site-packages/airflow/example_dags/example_setup_teardown_taskflow.py
[2026-02-05T13:09:12.569+0000] {logging_mixin.py:188} INFO - [2026-02-05T13:09:12.569+0000] {dag.py:3096} INFO - Sync 1 DAGs
[2026-02-05T13:09:12.582+0000] {logging_mixin.py:188} INFO - [2026-02-05T13:09:12.581+0000] {dag.py:3954} INFO - Setting next_dagrun for example_setup_teardown_taskflow to 2026-02-04 00:00:00+00:00, run_after=2026-02-05 00:00:00+00:00
[2026-02-05T13:09:12.593+0000] {processor.py:183} INFO - Processing /home/airflow/.local/lib/python3.12/site-packages/airflow/example_dags/example_setup_teardown_taskflow.py took 0.046 seconds
[2026-02-05T13:09:42.870+0000] {processor.py:161} INFO - Started process (PID=1697) to work on /home/airflow/.local/lib/python3.12/site-packages/airflow/example_dags/example_setup_teardown_taskflow.py
[2026-02-05T13:09:42.873+0000] {processor.py:830} INFO - Processing file /home/airflow/.local/lib/python3.12/site-packages/airflow/example_dags/example_setup_teardown_taskflow.py for tasks to queue
[2026-02-05T13:09:42.874+0000] {logging_mixin.py:188} INFO - [2026-02-05T13:09:42.874+0000] {dagbag.py:540} INFO - Filling up the DagBag from /home/airflow/.local/lib/python3.12/site-packages/airflow/example_dags/example_setup_teardown_taskflow.py
[2026-02-05T13:09:42.880+0000] {processor.py:840} INFO - DAG(s) 'example_setup_teardown_taskflow' retrieved from /home/airflow/.local/lib/python3.12/site-packages/airflow/example_dags/example_setup_teardown_taskflow.py
[2026-02-05T13:09:42.891+0000] {logging_mixin.py:188} INFO - [2026-02-05T13:09:42.890+0000] {dag.py:3096} INFO - Sync 1 DAGs
[2026-02-05T13:09:42.901+0000] {logging_mixin.py:188} INFO - [2026-02-05T13:09:42.901+0000] {dag.py:3954} INFO - Setting next_dagrun for example_setup_teardown_taskflow to 2026-02-04 00:00:00+00:00, run_after=2026-02-05 00:00:00+00:00
[2026-02-05T13:09:42.909+0000] {processor.py:183} INFO - Processing /home/airflow/.local/lib/python3.12/site-packages/airflow/example_dags/example_setup_teardown_taskflow.py took 0.044 seconds
[2026-02-05T13:10:13.193+0000] {processor.py:161} INFO - Started process (PID=1754) to work on /home/airflow/.local/lib/python3.12/site-packages/airflow/example_dags/example_setup_teardown_taskflow.py
[2026-02-05T13:10:13.194+0000] {processor.py:830} INFO - Processing file /home/airflow/.local/lib/python3.12/site-packages/airflow/example_dags/example_setup_teardown_taskflow.py for tasks to queue
[2026-02-05T13:10:13.195+0000] {logging_mixin.py:188} INFO - [2026-02-05T13:10:13.195+0000] {dagbag.py:540} INFO - Filling up the DagBag from /home/airflow/.local/lib/python3.12/site-packages/airflow/example_dags/example_setup_teardown_taskflow.py
[2026-02-05T13:10:13.201+0000] {processor.py:840} INFO - DAG(s) 'example_setup_teardown_taskflow' retrieved from /home/airflow/.local/lib/python3.12/site-packages/airflow/example_dags/example_setup_teardown_taskflow.py
[2026-02-05T13:10:13.214+0000] {logging_mixin.py:188} INFO - [2026-02-05T13:10:13.213+0000] {dag.py:3096} INFO - Sync 1 DAGs
[2026-02-05T13:10:13.224+0000] {logging_mixin.py:188} INFO - [2026-02-05T13:10:13.224+0000] {dag.py:3954} INFO - Setting next_dagrun for example_setup_teardown_taskflow to 2026-02-04 00:00:00+00:00, run_after=2026-02-05 00:00:00+00:00
[2026-02-05T13:10:13.234+0000] {processor.py:183} INFO - Processing /home/airflow/.local/lib/python3.12/site-packages/airflow/example_dags/example_setup_teardown_taskflow.py took 0.044 seconds
[2026-02-05T13:10:43.328+0000] {processor.py:161} INFO - Started process (PID=1812) to work on /home/airflow/.local/lib/python3.12/site-packages/airflow/example_dags/example_setup_teardown_taskflow.py
[2026-02-05T13:10:43.331+0000] {processor.py:830} INFO - Processing file /home/airflow/.local/lib/python3.12/site-packages/airflow/example_dags/example_setup_teardown_taskflow.py for tasks to queue
[2026-02-05T13:10:43.333+0000] {logging_mixin.py:188} INFO - [2026-02-05T13:10:43.333+0000] {dagbag.py:540} INFO - Filling up the DagBag from /home/airflow/.local/lib/python3.12/site-packages/airflow/example_dags/example_setup_teardown_taskflow.py
[2026-02-05T13:10:43.339+0000] {processor.py:840} INFO - DAG(s) 'example_setup_teardown_taskflow' retrieved from /home/airflow/.local/lib/python3.12/site-packages/airflow/example_dags/example_setup_teardown_taskflow.py
[2026-02-05T13:10:43.350+0000] {logging_mixin.py:188} INFO - [2026-02-05T13:10:43.350+0000] {dag.py:3096} INFO - Sync 1 DAGs
[2026-02-05T13:10:43.361+0000] {logging_mixin.py:188} INFO - [2026-02-05T13:10:43.361+0000] {dag.py:3954} INFO - Setting next_dagrun for example_setup_teardown_taskflow to 2026-02-04 00:00:00+00:00, run_after=2026-02-05 00:00:00+00:00
[2026-02-05T13:10:43.369+0000] {processor.py:183} INFO - Processing /home/airflow/.local/lib/python3.12/site-packages/airflow/example_dags/example_setup_teardown_taskflow.py took 0.044 seconds
[2026-02-05T13:11:14.139+0000] {processor.py:161} INFO - Started process (PID=1870) to work on /home/airflow/.local/lib/python3.12/site-packages/airflow/example_dags/example_setup_teardown_taskflow.py
[2026-02-05T13:11:14.140+0000] {processor.py:830} INFO - Processing file /home/airflow/.local/lib/python3.12/site-packages/airflow/example_dags/example_setup_teardown_taskflow.py for tasks to queue
[2026-02-05T13:11:14.141+0000] {logging_mixin.py:188} INFO - [2026-02-05T13:11:14.141+0000] {dagbag.py:540} INFO - Filling up the DagBag from /home/airflow/.local/lib/python3.12/site-packages/airflow/example_dags/example_setup_teardown_taskflow.py
[2026-02-05T13:11:14.149+0000] {processor.py:840} INFO - DAG(s) 'example_setup_teardown_taskflow' retrieved from /home/airflow/.local/lib/python3.12/site-packages/airflow/example_dags/example_setup_teardown_taskflow.py
[2026-02-05T13:11:14.161+0000] {logging_mixin.py:188} INFO - [2026-02-05T13:11:14.161+0000] {dag.py:3096} INFO - Sync 1 DAGs
[2026-02-05T13:11:14.172+0000] {logging_mixin.py:188} INFO - [2026-02-05T13:11:14.172+0000] {dag.py:3954} INFO - Setting next_dagrun for example_setup_teardown_taskflow to 2026-02-04 00:00:00+00:00, run_after=2026-02-05 00:00:00+00:00
[2026-02-05T13:11:14.182+0000] {processor.py:183} INFO - Processing /home/airflow/.local/lib/python3.12/site-packages/airflow/example_dags/example_setup_teardown_taskflow.py took 0.046 seconds
[2026-02-05T13:11:45.045+0000] {processor.py:161} INFO - Started process (PID=1928) to work on /home/airflow/.local/lib/python3.12/site-packages/airflow/example_dags/example_setup_teardown_taskflow.py
[2026-02-05T13:11:45.047+0000] {processor.py:830} INFO - Processing file /home/airflow/.local/lib/python3.12/site-packages/airflow/example_dags/example_setup_teardown_taskflow.py for tasks to queue
[2026-02-05T13:11:45.048+0000] {logging_mixin.py:188} INFO - [2026-02-05T13:11:45.048+0000] {dagbag.py:540} INFO - Filling up the DagBag from /home/airflow/.local/lib/python3.12/site-packages/airflow/example_dags/example_setup_teardown_taskflow.py
[2026-02-05T13:11:45.053+0000] {processor.py:840} INFO - DAG(s) 'example_setup_teardown_taskflow' retrieved from /home/airflow/.local/lib/python3.12/site-packages/airflow/example_dags/example_setup_teardown_taskflow.py
[2026-02-05T13:11:45.066+0000] {logging_mixin.py:188} INFO - [2026-02-05T13:11:45.066+0000] {dag.py:3096} INFO - Sync 1 DAGs
[2026-02-05T13:11:45.087+0000] {logging_mixin.py:188} INFO - [2026-02-05T13:11:45.086+0000] {dag.py:3954} INFO - Setting next_dagrun for example_setup_teardown_taskflow to 2026-02-04 00:00:00+00:00, run_after=2026-02-05 00:00:00+00:00
[2026-02-05T13:11:45.101+0000] {processor.py:183} INFO - Processing /home/airflow/.local/lib/python3.12/site-packages/airflow/example_dags/example_setup_teardown_taskflow.py took 0.058 seconds
[2026-02-05T13:12:15.950+0000] {processor.py:161} INFO - Started process (PID=1986) to work on /home/airflow/.local/lib/python3.12/site-packages/airflow/example_dags/example_setup_teardown_taskflow.py
[2026-02-05T13:12:15.953+0000] {processor.py:830} INFO - Processing file /home/airflow/.local/lib/python3.12/site-packages/airflow/example_dags/example_setup_teardown_taskflow.py for tasks to queue
[2026-02-05T13:12:15.954+0000] {logging_mixin.py:188} INFO - [2026-02-05T13:12:15.954+0000] {dagbag.py:540} INFO - Filling up the DagBag from /home/airflow/.local/lib/python3.12/site-packages/airflow/example_dags/example_setup_teardown_taskflow.py
[2026-02-05T13:12:15.959+0000] {processor.py:840} INFO - DAG(s) 'example_setup_teardown_taskflow' retrieved from /home/airflow/.local/lib/python3.12/site-packages/airflow/example_dags/example_setup_teardown_taskflow.py
[2026-02-05T13:12:15.971+0000] {logging_mixin.py:188} INFO - [2026-02-05T13:12:15.971+0000] {dag.py:3096} INFO - Sync 1 DAGs
[2026-02-05T13:12:15.981+0000] {logging_mixin.py:188} INFO - [2026-02-05T13:12:15.981+0000] {dag.py:3954} INFO - Setting next_dagrun for example_setup_teardown_taskflow to 2026-02-04 00:00:00+00:00, run_after=2026-02-05 00:00:00+00:00
[2026-02-05T13:12:15.991+0000] {processor.py:183} INFO - Processing /home/airflow/.local/lib/python3.12/site-packages/airflow/example_dags/example_setup_teardown_taskflow.py took 0.045 seconds
[2026-02-05T13:12:46.891+0000] {processor.py:161} INFO - Started process (PID=2044) to work on /home/airflow/.local/lib/python3.12/site-packages/airflow/example_dags/example_setup_teardown_taskflow.py
[2026-02-05T13:12:46.893+0000] {processor.py:830} INFO - Processing file /home/airflow/.local/lib/python3.12/site-packages/airflow/example_dags/example_setup_teardown_taskflow.py for tasks to queue
[2026-02-05T13:12:46.894+0000] {logging_mixin.py:188} INFO - [2026-02-05T13:12:46.894+0000] {dagbag.py:540} INFO - Filling up the DagBag from /home/airflow/.local/lib/python3.12/site-packages/airflow/example_dags/example_setup_teardown_taskflow.py
[2026-02-05T13:12:46.899+0000] {processor.py:840} INFO - DAG(s) 'example_setup_teardown_taskflow' retrieved from /home/airflow/.local/lib/python3.12/site-packages/airflow/example_dags/example_setup_teardown_taskflow.py
[2026-02-05T13:12:46.913+0000] {logging_mixin.py:188} INFO - [2026-02-05T13:12:46.913+0000] {dag.py:3096} INFO - Sync 1 DAGs
[2026-02-05T13:12:46.924+0000] {logging_mixin.py:188} INFO - [2026-02-05T13:12:46.924+0000] {dag.py:3954} INFO - Setting next_dagrun for example_setup_teardown_taskflow to 2026-02-04 00:00:00+00:00, run_after=2026-02-05 00:00:00+00:00
[2026-02-05T13:12:46.935+0000] {processor.py:183} INFO - Processing /home/airflow/.local/lib/python3.12/site-packages/airflow/example_dags/example_setup_teardown_taskflow.py took 0.047 seconds
[2026-02-05T13:13:17.722+0000] {processor.py:161} INFO - Started process (PID=2101) to work on /home/airflow/.local/lib/python3.12/site-packages/airflow/example_dags/example_setup_teardown_taskflow.py
[2026-02-05T13:13:17.723+0000] {processor.py:830} INFO - Processing file /home/airflow/.local/lib/python3.12/site-packages/airflow/example_dags/example_setup_teardown_taskflow.py for tasks to queue
[2026-02-05T13:13:17.724+0000] {logging_mixin.py:188} INFO - [2026-02-05T13:13:17.724+0000] {dagbag.py:540} INFO - Filling up the DagBag from /home/airflow/.local/lib/python3.12/site-packages/airflow/example_dags/example_setup_teardown_taskflow.py
[2026-02-05T13:13:17.729+0000] {processor.py:840} INFO - DAG(s) 'example_setup_teardown_taskflow' retrieved from /home/airflow/.local/lib/python3.12/site-packages/airflow/example_dags/example_setup_teardown_taskflow.py
[2026-02-05T13:13:17.740+0000] {logging_mixin.py:188} INFO - [2026-02-05T13:13:17.740+0000] {dag.py:3096} INFO - Sync 1 DAGs
[2026-02-05T13:13:17.751+0000] {logging_mixin.py:188} INFO - [2026-02-05T13:13:17.751+0000] {dag.py:3954} INFO - Setting next_dagrun for example_setup_teardown_taskflow to 2026-02-04 00:00:00+00:00, run_after=2026-02-05 00:00:00+00:00
[2026-02-05T13:13:17.760+0000] {processor.py:183} INFO - Processing /home/airflow/.local/lib/python3.12/site-packages/airflow/example_dags/example_setup_teardown_taskflow.py took 0.041 seconds
[2026-02-05T13:13:48.520+0000] {processor.py:161} INFO - Started process (PID=2159) to work on /home/airflow/.local/lib/python3.12/site-packages/airflow/example_dags/example_setup_teardown_taskflow.py
[2026-02-05T13:13:48.521+0000] {processor.py:830} INFO - Processing file /home/airflow/.local/lib/python3.12/site-packages/airflow/example_dags/example_setup_teardown_taskflow.py for tasks to queue
[2026-02-05T13:13:48.523+0000] {logging_mixin.py:188} INFO - [2026-02-05T13:13:48.522+0000] {dagbag.py:540} INFO - Filling up the DagBag from /home/airflow/.local/lib/python3.12/site-packages/airflow/example_dags/example_setup_teardown_taskflow.py
[2026-02-05T13:13:48.530+0000] {processor.py:840} INFO - DAG(s) 'example_setup_teardown_taskflow' retrieved from /home/airflow/.local/lib/python3.12/site-packages/airflow/example_dags/example_setup_teardown_taskflow.py
[2026-02-05T13:13:48.545+0000] {logging_mixin.py:188} INFO - [2026-02-05T13:13:48.545+0000] {dag.py:3096} INFO - Sync 1 DAGs
[2026-02-05T13:13:48.555+0000] {logging_mixin.py:188} INFO - [2026-02-05T13:13:48.555+0000] {dag.py:3954} INFO - Setting next_dagrun for example_setup_teardown_taskflow to 2026-02-04 00:00:00+00:00, run_after=2026-02-05 00:00:00+00:00
[2026-02-05T13:13:48.565+0000] {processor.py:183} INFO - Processing /home/airflow/.local/lib/python3.12/site-packages/airflow/example_dags/example_setup_teardown_taskflow.py took 0.049 seconds
[2026-02-05T13:14:19.530+0000] {processor.py:161} INFO - Started process (PID=2217) to work on /home/airflow/.local/lib/python3.12/site-packages/airflow/example_dags/example_setup_teardown_taskflow.py
[2026-02-05T13:14:19.531+0000] {processor.py:830} INFO - Processing file /home/airflow/.local/lib/python3.12/site-packages/airflow/example_dags/example_setup_teardown_taskflow.py for tasks to queue
[2026-02-05T13:14:19.533+0000] {logging_mixin.py:188} INFO - [2026-02-05T13:14:19.533+0000] {dagbag.py:540} INFO - Filling up the DagBag from /home/airflow/.local/lib/python3.12/site-packages/airflow/example_dags/example_setup_teardown_taskflow.py
[2026-02-05T13:14:19.538+0000] {processor.py:840} INFO - DAG(s) 'example_setup_teardown_taskflow' retrieved from /home/airflow/.local/lib/python3.12/site-packages/airflow/example_dags/example_setup_teardown_taskflow.py
[2026-02-05T13:14:19.552+0000] {logging_mixin.py:188} INFO - [2026-02-05T13:14:19.552+0000] {dag.py:3096} INFO - Sync 1 DAGs
[2026-02-05T13:14:19.565+0000] {logging_mixin.py:188} INFO - [2026-02-05T13:14:19.565+0000] {dag.py:3954} INFO - Setting next_dagrun for example_setup_teardown_taskflow to 2026-02-04 00:00:00+00:00, run_after=2026-02-05 00:00:00+00:00
[2026-02-05T13:14:19.576+0000] {processor.py:183} INFO - Processing /home/airflow/.local/lib/python3.12/site-packages/airflow/example_dags/example_setup_teardown_taskflow.py took 0.049 seconds
[2026-02-05T13:14:49.650+0000] {processor.py:161} INFO - Started process (PID=2275) to work on /home/airflow/.local/lib/python3.12/site-packages/airflow/example_dags/example_setup_teardown_taskflow.py
[2026-02-05T13:14:49.652+0000] {processor.py:830} INFO - Processing file /home/airflow/.local/lib/python3.12/site-packages/airflow/example_dags/example_setup_teardown_taskflow.py for tasks to queue
[2026-02-05T13:14:49.654+0000] {logging_mixin.py:188} INFO - [2026-02-05T13:14:49.654+0000] {dagbag.py:540} INFO - Filling up the DagBag from /home/airflow/.local/lib/python3.12/site-packages/airflow/example_dags/example_setup_teardown_taskflow.py
[2026-02-05T13:14:49.659+0000] {processor.py:840} INFO - DAG(s) 'example_setup_teardown_taskflow' retrieved from /home/airflow/.local/lib/python3.12/site-packages/airflow/example_dags/example_setup_teardown_taskflow.py
[2026-02-05T13:14:49.676+0000] {logging_mixin.py:188} INFO - [2026-02-05T13:14:49.676+0000] {dag.py:3096} INFO - Sync 1 DAGs
[2026-02-05T13:14:49.687+0000] {logging_mixin.py:188} INFO - [2026-02-05T13:14:49.687+0000] {dag.py:3954} INFO - Setting next_dagrun for example_setup_teardown_taskflow to 2026-02-04 00:00:00+00:00, run_after=2026-02-05 00:00:00+00:00
[2026-02-05T13:14:49.696+0000] {processor.py:183} INFO - Processing /home/airflow/.local/lib/python3.12/site-packages/airflow/example_dags/example_setup_teardown_taskflow.py took 0.050 seconds
[2026-02-05T13:15:20.657+0000] {processor.py:161} INFO - Started process (PID=2332) to work on /home/airflow/.local/lib/python3.12/site-packages/airflow/example_dags/example_setup_teardown_taskflow.py
[2026-02-05T13:15:20.657+0000] {processor.py:830} INFO - Processing file /home/airflow/.local/lib/python3.12/site-packages/airflow/example_dags/example_setup_teardown_taskflow.py for tasks to queue
[2026-02-05T13:15:20.658+0000] {logging_mixin.py:188} INFO - [2026-02-05T13:15:20.658+0000] {dagbag.py:540} INFO - Filling up the DagBag from /home/airflow/.local/lib/python3.12/site-packages/airflow/example_dags/example_setup_teardown_taskflow.py
[2026-02-05T13:15:20.663+0000] {processor.py:840} INFO - DAG(s) 'example_setup_teardown_taskflow' retrieved from /home/airflow/.local/lib/python3.12/site-packages/airflow/example_dags/example_setup_teardown_taskflow.py
[2026-02-05T13:15:20.675+0000] {logging_mixin.py:188} INFO - [2026-02-05T13:15:20.675+0000] {dag.py:3096} INFO - Sync 1 DAGs
[2026-02-05T13:15:20.685+0000] {logging_mixin.py:188} INFO - [2026-02-05T13:15:20.685+0000] {dag.py:3954} INFO - Setting next_dagrun for example_setup_teardown_taskflow to 2026-02-04 00:00:00+00:00, run_after=2026-02-05 00:00:00+00:00
[2026-02-05T13:15:20.694+0000] {processor.py:183} INFO - Processing /home/airflow/.local/lib/python3.12/site-packages/airflow/example_dags/example_setup_teardown_taskflow.py took 0.041 seconds
[2026-02-05T13:15:51.483+0000] {processor.py:161} INFO - Started process (PID=2390) to work on /home/airflow/.local/lib/python3.12/site-packages/airflow/example_dags/example_setup_teardown_taskflow.py
[2026-02-05T13:15:51.484+0000] {processor.py:830} INFO - Processing file /home/airflow/.local/lib/python3.12/site-packages/airflow/example_dags/example_setup_teardown_taskflow.py for tasks to queue
[2026-02-05T13:15:51.485+0000] {logging_mixin.py:188} INFO - [2026-02-05T13:15:51.485+0000] {dagbag.py:540} INFO - Filling up the DagBag from /home/airflow/.local/lib/python3.12/site-packages/airflow/example_dags/example_setup_teardown_taskflow.py
[2026-02-05T13:15:51.489+0000] {processor.py:840} INFO - DAG(s) 'example_setup_teardown_taskflow' retrieved from /home/airflow/.local/lib/python3.12/site-packages/airflow/example_dags/example_setup_teardown_taskflow.py
[2026-02-05T13:15:51.500+0000] {logging_mixin.py:188} INFO - [2026-02-05T13:15:51.500+0000] {dag.py:3096} INFO - Sync 1 DAGs
[2026-02-05T13:15:51.511+0000] {logging_mixin.py:188} INFO - [2026-02-05T13:15:51.511+0000] {dag.py:3954} INFO - Setting next_dagrun for example_setup_teardown_taskflow to 2026-02-04 00:00:00+00:00, run_after=2026-02-05 00:00:00+00:00
[2026-02-05T13:15:51.520+0000] {processor.py:183} INFO - Processing /home/airflow/.local/lib/python3.12/site-packages/airflow/example_dags/example_setup_teardown_taskflow.py took 0.040 seconds
[2026-02-05T13:16:22.480+0000] {processor.py:161} INFO - Started process (PID=2448) to work on /home/airflow/.local/lib/python3.12/site-packages/airflow/example_dags/example_setup_teardown_taskflow.py
[2026-02-05T13:16:22.481+0000] {processor.py:830} INFO - Processing file /home/airflow/.local/lib/python3.12/site-packages/airflow/example_dags/example_setup_teardown_taskflow.py for tasks to queue
[2026-02-05T13:16:22.482+0000] {logging_mixin.py:188} INFO - [2026-02-05T13:16:22.482+0000] {dagbag.py:540} INFO - Filling up the DagBag from /home/airflow/.local/lib/python3.12/site-packages/airflow/example_dags/example_setup_teardown_taskflow.py
[2026-02-05T13:16:22.486+0000] {processor.py:840} INFO - DAG(s) 'example_setup_teardown_taskflow' retrieved from /home/airflow/.local/lib/python3.12/site-packages/airflow/example_dags/example_setup_teardown_taskflow.py
[2026-02-05T13:16:22.497+0000] {logging_mixin.py:188} INFO - [2026-02-05T13:16:22.497+0000] {dag.py:3096} INFO - Sync 1 DAGs
[2026-02-05T13:16:22.508+0000] {logging_mixin.py:188} INFO - [2026-02-05T13:16:22.508+0000] {dag.py:3954} INFO - Setting next_dagrun for example_setup_teardown_taskflow to 2026-02-04 00:00:00+00:00, run_after=2026-02-05 00:00:00+00:00
[2026-02-05T13:16:22.517+0000] {processor.py:183} INFO - Processing /home/airflow/.local/lib/python3.12/site-packages/airflow/example_dags/example_setup_teardown_taskflow.py took 0.040 seconds
[2026-02-05T13:16:53.563+0000] {processor.py:161} INFO - Started process (PID=2506) to work on /home/airflow/.local/lib/python3.12/site-packages/airflow/example_dags/example_setup_teardown_taskflow.py
[2026-02-05T13:16:53.564+0000] {processor.py:830} INFO - Processing file /home/airflow/.local/lib/python3.12/site-packages/airflow/example_dags/example_setup_teardown_taskflow.py for tasks to queue
[2026-02-05T13:16:53.565+0000] {logging_mixin.py:188} INFO - [2026-02-05T13:16:53.565+0000] {dagbag.py:540} INFO - Filling up the DagBag from /home/airflow/.local/lib/python3.12/site-packages/airflow/example_dags/example_setup_teardown_taskflow.py
[2026-02-05T13:16:53.571+0000] {processor.py:840} INFO - DAG(s) 'example_setup_teardown_taskflow' retrieved from /home/airflow/.local/lib/python3.12/site-packages/airflow/example_dags/example_setup_teardown_taskflow.py
[2026-02-05T13:16:53.586+0000] {logging_mixin.py:188} INFO - [2026-02-05T13:16:53.586+0000] {dag.py:3096} INFO - Sync 1 DAGs
[2026-02-05T13:16:53.601+0000] {logging_mixin.py:188} INFO - [2026-02-05T13:16:53.601+0000] {dag.py:3954} INFO - Setting next_dagrun for example_setup_teardown_taskflow to 2026-02-04 00:00:00+00:00, run_after=2026-02-05 00:00:00+00:00
[2026-02-05T13:16:53.615+0000] {processor.py:183} INFO - Processing /home/airflow/.local/lib/python3.12/site-packages/airflow/example_dags/example_setup_teardown_taskflow.py took 0.056 seconds
[2026-02-05T13:17:24.624+0000] {processor.py:161} INFO - Started process (PID=2564) to work on /home/airflow/.local/lib/python3.12/site-packages/airflow/example_dags/example_setup_teardown_taskflow.py
[2026-02-05T13:17:24.625+0000] {processor.py:830} INFO - Processing file /home/airflow/.local/lib/python3.12/site-packages/airflow/example_dags/example_setup_teardown_taskflow.py for tasks to queue
[2026-02-05T13:17:24.626+0000] {logging_mixin.py:188} INFO - [2026-02-05T13:17:24.626+0000] {dagbag.py:540} INFO - Filling up the DagBag from /home/airflow/.local/lib/python3.12/site-packages/airflow/example_dags/example_setup_teardown_taskflow.py
[2026-02-05T13:17:24.631+0000] {processor.py:840} INFO - DAG(s) 'example_setup_teardown_taskflow' retrieved from /home/airflow/.local/lib/python3.12/site-packages/airflow/example_dags/example_setup_teardown_taskflow.py
[2026-02-05T13:17:24.644+0000] {logging_mixin.py:188} INFO - [2026-02-05T13:17:24.644+0000] {dag.py:3096} INFO - Sync 1 DAGs
[2026-02-05T13:17:24.658+0000] {logging_mixin.py:188} INFO - [2026-02-05T13:17:24.658+0000] {dag.py:3954} INFO - Setting next_dagrun for example_setup_teardown_taskflow to 2026-02-04 00:00:00+00:00, run_after=2026-02-05 00:00:00+00:00
[2026-02-05T13:17:24.681+0000] {processor.py:183} INFO - Processing /home/airflow/.local/lib/python3.12/site-packages/airflow/example_dags/example_setup_teardown_taskflow.py took 0.060 seconds
[2026-02-05T13:17:54.800+0000] {processor.py:161} INFO - Started process (PID=2621) to work on /home/airflow/.local/lib/python3.12/site-packages/airflow/example_dags/example_setup_teardown_taskflow.py
[2026-02-05T13:17:54.801+0000] {processor.py:830} INFO - Processing file /home/airflow/.local/lib/python3.12/site-packages/airflow/example_dags/example_setup_teardown_taskflow.py for tasks to queue
[2026-02-05T13:17:54.802+0000] {logging_mixin.py:188} INFO - [2026-02-05T13:17:54.802+0000] {dagbag.py:540} INFO - Filling up the DagBag from /home/airflow/.local/lib/python3.12/site-packages/airflow/example_dags/example_setup_teardown_taskflow.py
[2026-02-05T13:17:54.808+0000] {processor.py:840} INFO - DAG(s) 'example_setup_teardown_taskflow' retrieved from /home/airflow/.local/lib/python3.12/site-packages/airflow/example_dags/example_setup_teardown_taskflow.py
[2026-02-05T13:17:54.822+0000] {logging_mixin.py:188} INFO - [2026-02-05T13:17:54.822+0000] {dag.py:3096} INFO - Sync 1 DAGs
[2026-02-05T13:17:54.836+0000] {logging_mixin.py:188} INFO - [2026-02-05T13:17:54.836+0000] {dag.py:3954} INFO - Setting next_dagrun for example_setup_teardown_taskflow to 2026-02-04 00:00:00+00:00, run_after=2026-02-05 00:00:00+00:00
[2026-02-05T13:17:54.849+0000] {processor.py:183} INFO - Processing /home/airflow/.local/lib/python3.12/site-packages/airflow/example_dags/example_setup_teardown_taskflow.py took 0.052 seconds
