[2026-02-05T12:55:33.332+0000] {processor.py:161} INFO - Started process (PID=65) to work on /home/airflow/.local/lib/python3.12/site-packages/airflow/example_dags/example_display_name.py
[2026-02-05T12:55:33.333+0000] {processor.py:830} INFO - Processing file /home/airflow/.local/lib/python3.12/site-packages/airflow/example_dags/example_display_name.py for tasks to queue
[2026-02-05T12:55:33.337+0000] {logging_mixin.py:188} INFO - [2026-02-05T12:55:33.335+0000] {dagbag.py:540} INFO - Filling up the DagBag from /home/airflow/.local/lib/python3.12/site-packages/airflow/example_dags/example_display_name.py
[2026-02-05T12:55:33.353+0000] {processor.py:840} INFO - DAG(s) 'example_display_name' retrieved from /home/airflow/.local/lib/python3.12/site-packages/airflow/example_dags/example_display_name.py
[2026-02-05T12:55:33.370+0000] {logging_mixin.py:188} INFO - [2026-02-05T12:55:33.369+0000] {dag.py:3096} INFO - Sync 1 DAGs
[2026-02-05T12:55:33.385+0000] {logging_mixin.py:188} INFO - [2026-02-05T12:55:33.384+0000] {dag.py:3954} INFO - Setting next_dagrun for example_display_name to None, run_after=None
[2026-02-05T12:55:33.406+0000] {processor.py:183} INFO - Processing /home/airflow/.local/lib/python3.12/site-packages/airflow/example_dags/example_display_name.py took 0.082 seconds
[2026-02-05T12:56:04.234+0000] {processor.py:161} INFO - Started process (PID=123) to work on /home/airflow/.local/lib/python3.12/site-packages/airflow/example_dags/example_display_name.py
[2026-02-05T12:56:04.235+0000] {processor.py:830} INFO - Processing file /home/airflow/.local/lib/python3.12/site-packages/airflow/example_dags/example_display_name.py for tasks to queue
[2026-02-05T12:56:04.236+0000] {logging_mixin.py:188} INFO - [2026-02-05T12:56:04.236+0000] {dagbag.py:540} INFO - Filling up the DagBag from /home/airflow/.local/lib/python3.12/site-packages/airflow/example_dags/example_display_name.py
[2026-02-05T12:56:04.240+0000] {processor.py:840} INFO - DAG(s) 'example_display_name' retrieved from /home/airflow/.local/lib/python3.12/site-packages/airflow/example_dags/example_display_name.py
[2026-02-05T12:56:04.292+0000] {logging_mixin.py:188} INFO - [2026-02-05T12:56:04.292+0000] {dag.py:3096} INFO - Sync 1 DAGs
[2026-02-05T12:56:04.297+0000] {logging_mixin.py:188} INFO - [2026-02-05T12:56:04.297+0000] {dag.py:3954} INFO - Setting next_dagrun for example_display_name to None, run_after=None
[2026-02-05T12:56:04.308+0000] {processor.py:183} INFO - Processing /home/airflow/.local/lib/python3.12/site-packages/airflow/example_dags/example_display_name.py took 0.077 seconds
[2026-02-05T12:56:35.320+0000] {processor.py:161} INFO - Started process (PID=181) to work on /home/airflow/.local/lib/python3.12/site-packages/airflow/example_dags/example_display_name.py
[2026-02-05T12:56:35.320+0000] {processor.py:830} INFO - Processing file /home/airflow/.local/lib/python3.12/site-packages/airflow/example_dags/example_display_name.py for tasks to queue
[2026-02-05T12:56:35.321+0000] {logging_mixin.py:188} INFO - [2026-02-05T12:56:35.321+0000] {dagbag.py:540} INFO - Filling up the DagBag from /home/airflow/.local/lib/python3.12/site-packages/airflow/example_dags/example_display_name.py
[2026-02-05T12:56:35.325+0000] {processor.py:840} INFO - DAG(s) 'example_display_name' retrieved from /home/airflow/.local/lib/python3.12/site-packages/airflow/example_dags/example_display_name.py
[2026-02-05T12:56:35.336+0000] {logging_mixin.py:188} INFO - [2026-02-05T12:56:35.336+0000] {dag.py:3096} INFO - Sync 1 DAGs
[2026-02-05T12:56:35.343+0000] {logging_mixin.py:188} INFO - [2026-02-05T12:56:35.343+0000] {dag.py:3954} INFO - Setting next_dagrun for example_display_name to None, run_after=None
[2026-02-05T12:56:35.353+0000] {processor.py:183} INFO - Processing /home/airflow/.local/lib/python3.12/site-packages/airflow/example_dags/example_display_name.py took 0.036 seconds
[2026-02-05T12:57:05.452+0000] {processor.py:161} INFO - Started process (PID=239) to work on /home/airflow/.local/lib/python3.12/site-packages/airflow/example_dags/example_display_name.py
[2026-02-05T12:57:05.452+0000] {processor.py:830} INFO - Processing file /home/airflow/.local/lib/python3.12/site-packages/airflow/example_dags/example_display_name.py for tasks to queue
[2026-02-05T12:57:05.454+0000] {logging_mixin.py:188} INFO - [2026-02-05T12:57:05.453+0000] {dagbag.py:540} INFO - Filling up the DagBag from /home/airflow/.local/lib/python3.12/site-packages/airflow/example_dags/example_display_name.py
[2026-02-05T12:57:05.457+0000] {processor.py:840} INFO - DAG(s) 'example_display_name' retrieved from /home/airflow/.local/lib/python3.12/site-packages/airflow/example_dags/example_display_name.py
[2026-02-05T12:57:05.470+0000] {logging_mixin.py:188} INFO - [2026-02-05T12:57:05.470+0000] {dag.py:3096} INFO - Sync 1 DAGs
[2026-02-05T12:57:05.477+0000] {logging_mixin.py:188} INFO - [2026-02-05T12:57:05.477+0000] {dag.py:3954} INFO - Setting next_dagrun for example_display_name to None, run_after=None
[2026-02-05T12:57:05.487+0000] {processor.py:183} INFO - Processing /home/airflow/.local/lib/python3.12/site-packages/airflow/example_dags/example_display_name.py took 0.039 seconds
[2026-02-05T12:57:36.002+0000] {processor.py:161} INFO - Started process (PID=297) to work on /home/airflow/.local/lib/python3.12/site-packages/airflow/example_dags/example_display_name.py
[2026-02-05T12:57:36.002+0000] {processor.py:830} INFO - Processing file /home/airflow/.local/lib/python3.12/site-packages/airflow/example_dags/example_display_name.py for tasks to queue
[2026-02-05T12:57:36.004+0000] {logging_mixin.py:188} INFO - [2026-02-05T12:57:36.003+0000] {dagbag.py:540} INFO - Filling up the DagBag from /home/airflow/.local/lib/python3.12/site-packages/airflow/example_dags/example_display_name.py
[2026-02-05T12:57:36.008+0000] {processor.py:840} INFO - DAG(s) 'example_display_name' retrieved from /home/airflow/.local/lib/python3.12/site-packages/airflow/example_dags/example_display_name.py
[2026-02-05T12:57:36.021+0000] {logging_mixin.py:188} INFO - [2026-02-05T12:57:36.020+0000] {dag.py:3096} INFO - Sync 1 DAGs
[2026-02-05T12:57:36.027+0000] {logging_mixin.py:188} INFO - [2026-02-05T12:57:36.027+0000] {dag.py:3954} INFO - Setting next_dagrun for example_display_name to None, run_after=None
[2026-02-05T12:57:36.038+0000] {processor.py:183} INFO - Processing /home/airflow/.local/lib/python3.12/site-packages/airflow/example_dags/example_display_name.py took 0.040 seconds
[2026-02-05T12:58:06.250+0000] {processor.py:161} INFO - Started process (PID=355) to work on /home/airflow/.local/lib/python3.12/site-packages/airflow/example_dags/example_display_name.py
[2026-02-05T12:58:06.251+0000] {processor.py:830} INFO - Processing file /home/airflow/.local/lib/python3.12/site-packages/airflow/example_dags/example_display_name.py for tasks to queue
[2026-02-05T12:58:06.254+0000] {logging_mixin.py:188} INFO - [2026-02-05T12:58:06.254+0000] {dagbag.py:540} INFO - Filling up the DagBag from /home/airflow/.local/lib/python3.12/site-packages/airflow/example_dags/example_display_name.py
[2026-02-05T12:58:06.260+0000] {processor.py:840} INFO - DAG(s) 'example_display_name' retrieved from /home/airflow/.local/lib/python3.12/site-packages/airflow/example_dags/example_display_name.py
[2026-02-05T12:58:06.280+0000] {logging_mixin.py:188} INFO - [2026-02-05T12:58:06.280+0000] {dag.py:3096} INFO - Sync 1 DAGs
[2026-02-05T12:58:06.288+0000] {logging_mixin.py:188} INFO - [2026-02-05T12:58:06.288+0000] {dag.py:3954} INFO - Setting next_dagrun for example_display_name to None, run_after=None
[2026-02-05T12:58:06.302+0000] {processor.py:183} INFO - Processing /home/airflow/.local/lib/python3.12/site-packages/airflow/example_dags/example_display_name.py took 0.057 seconds
[2026-02-05T12:58:36.390+0000] {processor.py:161} INFO - Started process (PID=413) to work on /home/airflow/.local/lib/python3.12/site-packages/airflow/example_dags/example_display_name.py
[2026-02-05T12:58:36.390+0000] {processor.py:830} INFO - Processing file /home/airflow/.local/lib/python3.12/site-packages/airflow/example_dags/example_display_name.py for tasks to queue
[2026-02-05T12:58:36.391+0000] {logging_mixin.py:188} INFO - [2026-02-05T12:58:36.391+0000] {dagbag.py:540} INFO - Filling up the DagBag from /home/airflow/.local/lib/python3.12/site-packages/airflow/example_dags/example_display_name.py
[2026-02-05T12:58:36.395+0000] {processor.py:840} INFO - DAG(s) 'example_display_name' retrieved from /home/airflow/.local/lib/python3.12/site-packages/airflow/example_dags/example_display_name.py
[2026-02-05T12:58:36.407+0000] {logging_mixin.py:188} INFO - [2026-02-05T12:58:36.406+0000] {dag.py:3096} INFO - Sync 1 DAGs
[2026-02-05T12:58:36.413+0000] {logging_mixin.py:188} INFO - [2026-02-05T12:58:36.413+0000] {dag.py:3954} INFO - Setting next_dagrun for example_display_name to None, run_after=None
[2026-02-05T12:58:36.424+0000] {processor.py:183} INFO - Processing /home/airflow/.local/lib/python3.12/site-packages/airflow/example_dags/example_display_name.py took 0.038 seconds
[2026-02-05T12:59:06.565+0000] {processor.py:161} INFO - Started process (PID=480) to work on /home/airflow/.local/lib/python3.12/site-packages/airflow/example_dags/example_display_name.py
[2026-02-05T12:59:06.565+0000] {processor.py:830} INFO - Processing file /home/airflow/.local/lib/python3.12/site-packages/airflow/example_dags/example_display_name.py for tasks to queue
[2026-02-05T12:59:06.567+0000] {logging_mixin.py:188} INFO - [2026-02-05T12:59:06.566+0000] {dagbag.py:540} INFO - Filling up the DagBag from /home/airflow/.local/lib/python3.12/site-packages/airflow/example_dags/example_display_name.py
[2026-02-05T12:59:06.571+0000] {processor.py:840} INFO - DAG(s) 'example_display_name' retrieved from /home/airflow/.local/lib/python3.12/site-packages/airflow/example_dags/example_display_name.py
[2026-02-05T12:59:06.584+0000] {logging_mixin.py:188} INFO - [2026-02-05T12:59:06.584+0000] {dag.py:3096} INFO - Sync 1 DAGs
[2026-02-05T12:59:06.591+0000] {logging_mixin.py:188} INFO - [2026-02-05T12:59:06.590+0000] {dag.py:3954} INFO - Setting next_dagrun for example_display_name to None, run_after=None
[2026-02-05T12:59:06.600+0000] {processor.py:183} INFO - Processing /home/airflow/.local/lib/python3.12/site-packages/airflow/example_dags/example_display_name.py took 0.040 seconds
[2026-02-05T12:59:36.825+0000] {processor.py:161} INFO - Started process (PID=539) to work on /home/airflow/.local/lib/python3.12/site-packages/airflow/example_dags/example_display_name.py
[2026-02-05T12:59:36.826+0000] {processor.py:830} INFO - Processing file /home/airflow/.local/lib/python3.12/site-packages/airflow/example_dags/example_display_name.py for tasks to queue
[2026-02-05T12:59:36.828+0000] {logging_mixin.py:188} INFO - [2026-02-05T12:59:36.828+0000] {dagbag.py:540} INFO - Filling up the DagBag from /home/airflow/.local/lib/python3.12/site-packages/airflow/example_dags/example_display_name.py
[2026-02-05T12:59:36.832+0000] {processor.py:840} INFO - DAG(s) 'example_display_name' retrieved from /home/airflow/.local/lib/python3.12/site-packages/airflow/example_dags/example_display_name.py
[2026-02-05T12:59:36.843+0000] {logging_mixin.py:188} INFO - [2026-02-05T12:59:36.843+0000] {dag.py:3096} INFO - Sync 1 DAGs
[2026-02-05T12:59:36.849+0000] {logging_mixin.py:188} INFO - [2026-02-05T12:59:36.849+0000] {dag.py:3954} INFO - Setting next_dagrun for example_display_name to None, run_after=None
[2026-02-05T12:59:36.858+0000] {processor.py:183} INFO - Processing /home/airflow/.local/lib/python3.12/site-packages/airflow/example_dags/example_display_name.py took 0.036 seconds
[2026-02-05T13:00:07.076+0000] {processor.py:161} INFO - Started process (PID=597) to work on /home/airflow/.local/lib/python3.12/site-packages/airflow/example_dags/example_display_name.py
[2026-02-05T13:00:07.076+0000] {processor.py:830} INFO - Processing file /home/airflow/.local/lib/python3.12/site-packages/airflow/example_dags/example_display_name.py for tasks to queue
[2026-02-05T13:00:07.077+0000] {logging_mixin.py:188} INFO - [2026-02-05T13:00:07.077+0000] {dagbag.py:540} INFO - Filling up the DagBag from /home/airflow/.local/lib/python3.12/site-packages/airflow/example_dags/example_display_name.py
[2026-02-05T13:00:07.081+0000] {processor.py:840} INFO - DAG(s) 'example_display_name' retrieved from /home/airflow/.local/lib/python3.12/site-packages/airflow/example_dags/example_display_name.py
[2026-02-05T13:00:07.092+0000] {logging_mixin.py:188} INFO - [2026-02-05T13:00:07.092+0000] {dag.py:3096} INFO - Sync 1 DAGs
[2026-02-05T13:00:07.098+0000] {logging_mixin.py:188} INFO - [2026-02-05T13:00:07.098+0000] {dag.py:3954} INFO - Setting next_dagrun for example_display_name to None, run_after=None
[2026-02-05T13:00:07.108+0000] {processor.py:183} INFO - Processing /home/airflow/.local/lib/python3.12/site-packages/airflow/example_dags/example_display_name.py took 0.035 seconds
[2026-02-05T13:00:37.159+0000] {processor.py:161} INFO - Started process (PID=655) to work on /home/airflow/.local/lib/python3.12/site-packages/airflow/example_dags/example_display_name.py
[2026-02-05T13:00:37.159+0000] {processor.py:830} INFO - Processing file /home/airflow/.local/lib/python3.12/site-packages/airflow/example_dags/example_display_name.py for tasks to queue
[2026-02-05T13:00:37.161+0000] {logging_mixin.py:188} INFO - [2026-02-05T13:00:37.160+0000] {dagbag.py:540} INFO - Filling up the DagBag from /home/airflow/.local/lib/python3.12/site-packages/airflow/example_dags/example_display_name.py
[2026-02-05T13:00:37.165+0000] {processor.py:840} INFO - DAG(s) 'example_display_name' retrieved from /home/airflow/.local/lib/python3.12/site-packages/airflow/example_dags/example_display_name.py
[2026-02-05T13:00:37.176+0000] {logging_mixin.py:188} INFO - [2026-02-05T13:00:37.176+0000] {dag.py:3096} INFO - Sync 1 DAGs
[2026-02-05T13:00:37.182+0000] {logging_mixin.py:188} INFO - [2026-02-05T13:00:37.182+0000] {dag.py:3954} INFO - Setting next_dagrun for example_display_name to None, run_after=None
[2026-02-05T13:00:37.193+0000] {processor.py:183} INFO - Processing /home/airflow/.local/lib/python3.12/site-packages/airflow/example_dags/example_display_name.py took 0.037 seconds
[2026-02-05T13:01:07.235+0000] {processor.py:161} INFO - Started process (PID=713) to work on /home/airflow/.local/lib/python3.12/site-packages/airflow/example_dags/example_display_name.py
[2026-02-05T13:01:07.236+0000] {processor.py:830} INFO - Processing file /home/airflow/.local/lib/python3.12/site-packages/airflow/example_dags/example_display_name.py for tasks to queue
[2026-02-05T13:01:07.237+0000] {logging_mixin.py:188} INFO - [2026-02-05T13:01:07.237+0000] {dagbag.py:540} INFO - Filling up the DagBag from /home/airflow/.local/lib/python3.12/site-packages/airflow/example_dags/example_display_name.py
[2026-02-05T13:01:07.240+0000] {processor.py:840} INFO - DAG(s) 'example_display_name' retrieved from /home/airflow/.local/lib/python3.12/site-packages/airflow/example_dags/example_display_name.py
[2026-02-05T13:01:07.252+0000] {logging_mixin.py:188} INFO - [2026-02-05T13:01:07.251+0000] {dag.py:3096} INFO - Sync 1 DAGs
[2026-02-05T13:01:07.257+0000] {logging_mixin.py:188} INFO - [2026-02-05T13:01:07.257+0000] {dag.py:3954} INFO - Setting next_dagrun for example_display_name to None, run_after=None
[2026-02-05T13:01:07.269+0000] {processor.py:183} INFO - Processing /home/airflow/.local/lib/python3.12/site-packages/airflow/example_dags/example_display_name.py took 0.037 seconds
[2026-02-05T13:01:37.413+0000] {processor.py:161} INFO - Started process (PID=771) to work on /home/airflow/.local/lib/python3.12/site-packages/airflow/example_dags/example_display_name.py
[2026-02-05T13:01:37.414+0000] {processor.py:830} INFO - Processing file /home/airflow/.local/lib/python3.12/site-packages/airflow/example_dags/example_display_name.py for tasks to queue
[2026-02-05T13:01:37.415+0000] {logging_mixin.py:188} INFO - [2026-02-05T13:01:37.415+0000] {dagbag.py:540} INFO - Filling up the DagBag from /home/airflow/.local/lib/python3.12/site-packages/airflow/example_dags/example_display_name.py
[2026-02-05T13:01:37.419+0000] {processor.py:840} INFO - DAG(s) 'example_display_name' retrieved from /home/airflow/.local/lib/python3.12/site-packages/airflow/example_dags/example_display_name.py
[2026-02-05T13:01:37.430+0000] {logging_mixin.py:188} INFO - [2026-02-05T13:01:37.430+0000] {dag.py:3096} INFO - Sync 1 DAGs
[2026-02-05T13:01:37.436+0000] {logging_mixin.py:188} INFO - [2026-02-05T13:01:37.436+0000] {dag.py:3954} INFO - Setting next_dagrun for example_display_name to None, run_after=None
[2026-02-05T13:01:37.447+0000] {processor.py:183} INFO - Processing /home/airflow/.local/lib/python3.12/site-packages/airflow/example_dags/example_display_name.py took 0.042 seconds
[2026-02-05T13:02:07.913+0000] {processor.py:161} INFO - Started process (PID=828) to work on /home/airflow/.local/lib/python3.12/site-packages/airflow/example_dags/example_display_name.py
[2026-02-05T13:02:07.914+0000] {processor.py:830} INFO - Processing file /home/airflow/.local/lib/python3.12/site-packages/airflow/example_dags/example_display_name.py for tasks to queue
[2026-02-05T13:02:07.915+0000] {logging_mixin.py:188} INFO - [2026-02-05T13:02:07.915+0000] {dagbag.py:540} INFO - Filling up the DagBag from /home/airflow/.local/lib/python3.12/site-packages/airflow/example_dags/example_display_name.py
[2026-02-05T13:02:07.918+0000] {processor.py:840} INFO - DAG(s) 'example_display_name' retrieved from /home/airflow/.local/lib/python3.12/site-packages/airflow/example_dags/example_display_name.py
[2026-02-05T13:02:07.930+0000] {logging_mixin.py:188} INFO - [2026-02-05T13:02:07.930+0000] {dag.py:3096} INFO - Sync 1 DAGs
[2026-02-05T13:02:07.936+0000] {logging_mixin.py:188} INFO - [2026-02-05T13:02:07.936+0000] {dag.py:3954} INFO - Setting next_dagrun for example_display_name to None, run_after=None
[2026-02-05T13:02:07.949+0000] {processor.py:183} INFO - Processing /home/airflow/.local/lib/python3.12/site-packages/airflow/example_dags/example_display_name.py took 0.039 seconds
[2026-02-05T13:02:37.978+0000] {processor.py:161} INFO - Started process (PID=886) to work on /home/airflow/.local/lib/python3.12/site-packages/airflow/example_dags/example_display_name.py
[2026-02-05T13:02:37.980+0000] {processor.py:830} INFO - Processing file /home/airflow/.local/lib/python3.12/site-packages/airflow/example_dags/example_display_name.py for tasks to queue
[2026-02-05T13:02:37.982+0000] {logging_mixin.py:188} INFO - [2026-02-05T13:02:37.981+0000] {dagbag.py:540} INFO - Filling up the DagBag from /home/airflow/.local/lib/python3.12/site-packages/airflow/example_dags/example_display_name.py
[2026-02-05T13:02:37.985+0000] {processor.py:840} INFO - DAG(s) 'example_display_name' retrieved from /home/airflow/.local/lib/python3.12/site-packages/airflow/example_dags/example_display_name.py
[2026-02-05T13:02:37.997+0000] {logging_mixin.py:188} INFO - [2026-02-05T13:02:37.997+0000] {dag.py:3096} INFO - Sync 1 DAGs
[2026-02-05T13:02:38.004+0000] {logging_mixin.py:188} INFO - [2026-02-05T13:02:38.004+0000] {dag.py:3954} INFO - Setting next_dagrun for example_display_name to None, run_after=None
[2026-02-05T13:02:38.018+0000] {processor.py:183} INFO - Processing /home/airflow/.local/lib/python3.12/site-packages/airflow/example_dags/example_display_name.py took 0.043 seconds
[2026-02-05T13:03:08.288+0000] {processor.py:161} INFO - Started process (PID=944) to work on /home/airflow/.local/lib/python3.12/site-packages/airflow/example_dags/example_display_name.py
[2026-02-05T13:03:08.288+0000] {processor.py:830} INFO - Processing file /home/airflow/.local/lib/python3.12/site-packages/airflow/example_dags/example_display_name.py for tasks to queue
[2026-02-05T13:03:08.289+0000] {logging_mixin.py:188} INFO - [2026-02-05T13:03:08.289+0000] {dagbag.py:540} INFO - Filling up the DagBag from /home/airflow/.local/lib/python3.12/site-packages/airflow/example_dags/example_display_name.py
[2026-02-05T13:03:08.293+0000] {processor.py:840} INFO - DAG(s) 'example_display_name' retrieved from /home/airflow/.local/lib/python3.12/site-packages/airflow/example_dags/example_display_name.py
[2026-02-05T13:03:08.303+0000] {logging_mixin.py:188} INFO - [2026-02-05T13:03:08.303+0000] {dag.py:3096} INFO - Sync 1 DAGs
[2026-02-05T13:03:08.309+0000] {logging_mixin.py:188} INFO - [2026-02-05T13:03:08.309+0000] {dag.py:3954} INFO - Setting next_dagrun for example_display_name to None, run_after=None
[2026-02-05T13:03:08.318+0000] {processor.py:183} INFO - Processing /home/airflow/.local/lib/python3.12/site-packages/airflow/example_dags/example_display_name.py took 0.033 seconds
[2026-02-05T13:03:39.258+0000] {processor.py:161} INFO - Started process (PID=1002) to work on /home/airflow/.local/lib/python3.12/site-packages/airflow/example_dags/example_display_name.py
[2026-02-05T13:03:39.259+0000] {processor.py:830} INFO - Processing file /home/airflow/.local/lib/python3.12/site-packages/airflow/example_dags/example_display_name.py for tasks to queue
[2026-02-05T13:03:39.261+0000] {logging_mixin.py:188} INFO - [2026-02-05T13:03:39.260+0000] {dagbag.py:540} INFO - Filling up the DagBag from /home/airflow/.local/lib/python3.12/site-packages/airflow/example_dags/example_display_name.py
[2026-02-05T13:03:39.265+0000] {processor.py:840} INFO - DAG(s) 'example_display_name' retrieved from /home/airflow/.local/lib/python3.12/site-packages/airflow/example_dags/example_display_name.py
[2026-02-05T13:03:39.276+0000] {logging_mixin.py:188} INFO - [2026-02-05T13:03:39.276+0000] {dag.py:3096} INFO - Sync 1 DAGs
[2026-02-05T13:03:39.282+0000] {logging_mixin.py:188} INFO - [2026-02-05T13:03:39.282+0000] {dag.py:3954} INFO - Setting next_dagrun for example_display_name to None, run_after=None
[2026-02-05T13:03:39.292+0000] {processor.py:183} INFO - Processing /home/airflow/.local/lib/python3.12/site-packages/airflow/example_dags/example_display_name.py took 0.037 seconds
[2026-02-05T13:04:09.341+0000] {processor.py:161} INFO - Started process (PID=1060) to work on /home/airflow/.local/lib/python3.12/site-packages/airflow/example_dags/example_display_name.py
[2026-02-05T13:04:09.342+0000] {processor.py:830} INFO - Processing file /home/airflow/.local/lib/python3.12/site-packages/airflow/example_dags/example_display_name.py for tasks to queue
[2026-02-05T13:04:09.343+0000] {logging_mixin.py:188} INFO - [2026-02-05T13:04:09.343+0000] {dagbag.py:540} INFO - Filling up the DagBag from /home/airflow/.local/lib/python3.12/site-packages/airflow/example_dags/example_display_name.py
[2026-02-05T13:04:09.346+0000] {processor.py:840} INFO - DAG(s) 'example_display_name' retrieved from /home/airflow/.local/lib/python3.12/site-packages/airflow/example_dags/example_display_name.py
[2026-02-05T13:04:09.356+0000] {logging_mixin.py:188} INFO - [2026-02-05T13:04:09.356+0000] {dag.py:3096} INFO - Sync 1 DAGs
[2026-02-05T13:04:09.362+0000] {logging_mixin.py:188} INFO - [2026-02-05T13:04:09.362+0000] {dag.py:3954} INFO - Setting next_dagrun for example_display_name to None, run_after=None
[2026-02-05T13:04:09.371+0000] {processor.py:183} INFO - Processing /home/airflow/.local/lib/python3.12/site-packages/airflow/example_dags/example_display_name.py took 0.033 seconds
[2026-02-05T13:04:39.681+0000] {processor.py:161} INFO - Started process (PID=1118) to work on /home/airflow/.local/lib/python3.12/site-packages/airflow/example_dags/example_display_name.py
[2026-02-05T13:04:39.682+0000] {processor.py:830} INFO - Processing file /home/airflow/.local/lib/python3.12/site-packages/airflow/example_dags/example_display_name.py for tasks to queue
[2026-02-05T13:04:39.684+0000] {logging_mixin.py:188} INFO - [2026-02-05T13:04:39.684+0000] {dagbag.py:540} INFO - Filling up the DagBag from /home/airflow/.local/lib/python3.12/site-packages/airflow/example_dags/example_display_name.py
[2026-02-05T13:04:39.687+0000] {processor.py:840} INFO - DAG(s) 'example_display_name' retrieved from /home/airflow/.local/lib/python3.12/site-packages/airflow/example_dags/example_display_name.py
[2026-02-05T13:04:39.698+0000] {logging_mixin.py:188} INFO - [2026-02-05T13:04:39.698+0000] {dag.py:3096} INFO - Sync 1 DAGs
[2026-02-05T13:04:39.705+0000] {logging_mixin.py:188} INFO - [2026-02-05T13:04:39.705+0000] {dag.py:3954} INFO - Setting next_dagrun for example_display_name to None, run_after=None
[2026-02-05T13:04:39.716+0000] {processor.py:183} INFO - Processing /home/airflow/.local/lib/python3.12/site-packages/airflow/example_dags/example_display_name.py took 0.039 seconds
[2026-02-05T13:05:10.557+0000] {processor.py:161} INFO - Started process (PID=1176) to work on /home/airflow/.local/lib/python3.12/site-packages/airflow/example_dags/example_display_name.py
[2026-02-05T13:05:10.558+0000] {processor.py:830} INFO - Processing file /home/airflow/.local/lib/python3.12/site-packages/airflow/example_dags/example_display_name.py for tasks to queue
[2026-02-05T13:05:10.559+0000] {logging_mixin.py:188} INFO - [2026-02-05T13:05:10.559+0000] {dagbag.py:540} INFO - Filling up the DagBag from /home/airflow/.local/lib/python3.12/site-packages/airflow/example_dags/example_display_name.py
[2026-02-05T13:05:10.563+0000] {processor.py:840} INFO - DAG(s) 'example_display_name' retrieved from /home/airflow/.local/lib/python3.12/site-packages/airflow/example_dags/example_display_name.py
[2026-02-05T13:05:10.579+0000] {logging_mixin.py:188} INFO - [2026-02-05T13:05:10.578+0000] {dag.py:3096} INFO - Sync 1 DAGs
[2026-02-05T13:05:10.588+0000] {logging_mixin.py:188} INFO - [2026-02-05T13:05:10.588+0000] {dag.py:3954} INFO - Setting next_dagrun for example_display_name to None, run_after=None
[2026-02-05T13:05:10.601+0000] {processor.py:183} INFO - Processing /home/airflow/.local/lib/python3.12/site-packages/airflow/example_dags/example_display_name.py took 0.048 seconds
[2026-02-05T13:05:41.000+0000] {processor.py:161} INFO - Started process (PID=1234) to work on /home/airflow/.local/lib/python3.12/site-packages/airflow/example_dags/example_display_name.py
[2026-02-05T13:05:41.000+0000] {processor.py:830} INFO - Processing file /home/airflow/.local/lib/python3.12/site-packages/airflow/example_dags/example_display_name.py for tasks to queue
[2026-02-05T13:05:41.002+0000] {logging_mixin.py:188} INFO - [2026-02-05T13:05:41.001+0000] {dagbag.py:540} INFO - Filling up the DagBag from /home/airflow/.local/lib/python3.12/site-packages/airflow/example_dags/example_display_name.py
[2026-02-05T13:05:41.005+0000] {processor.py:840} INFO - DAG(s) 'example_display_name' retrieved from /home/airflow/.local/lib/python3.12/site-packages/airflow/example_dags/example_display_name.py
[2026-02-05T13:05:41.017+0000] {logging_mixin.py:188} INFO - [2026-02-05T13:05:41.017+0000] {dag.py:3096} INFO - Sync 1 DAGs
[2026-02-05T13:05:41.117+0000] {logging_mixin.py:188} INFO - [2026-02-05T13:05:41.117+0000] {dag.py:3954} INFO - Setting next_dagrun for example_display_name to None, run_after=None
[2026-02-05T13:05:41.125+0000] {processor.py:183} INFO - Processing /home/airflow/.local/lib/python3.12/site-packages/airflow/example_dags/example_display_name.py took 0.129 seconds
[2026-02-05T13:06:11.467+0000] {processor.py:161} INFO - Started process (PID=1291) to work on /home/airflow/.local/lib/python3.12/site-packages/airflow/example_dags/example_display_name.py
[2026-02-05T13:06:11.468+0000] {processor.py:830} INFO - Processing file /home/airflow/.local/lib/python3.12/site-packages/airflow/example_dags/example_display_name.py for tasks to queue
[2026-02-05T13:06:11.469+0000] {logging_mixin.py:188} INFO - [2026-02-05T13:06:11.468+0000] {dagbag.py:540} INFO - Filling up the DagBag from /home/airflow/.local/lib/python3.12/site-packages/airflow/example_dags/example_display_name.py
[2026-02-05T13:06:11.472+0000] {processor.py:840} INFO - DAG(s) 'example_display_name' retrieved from /home/airflow/.local/lib/python3.12/site-packages/airflow/example_dags/example_display_name.py
[2026-02-05T13:06:11.484+0000] {logging_mixin.py:188} INFO - [2026-02-05T13:06:11.484+0000] {dag.py:3096} INFO - Sync 1 DAGs
[2026-02-05T13:06:11.490+0000] {logging_mixin.py:188} INFO - [2026-02-05T13:06:11.490+0000] {dag.py:3954} INFO - Setting next_dagrun for example_display_name to None, run_after=None
[2026-02-05T13:06:11.501+0000] {processor.py:183} INFO - Processing /home/airflow/.local/lib/python3.12/site-packages/airflow/example_dags/example_display_name.py took 0.037 seconds
[2026-02-05T13:06:41.589+0000] {processor.py:161} INFO - Started process (PID=1349) to work on /home/airflow/.local/lib/python3.12/site-packages/airflow/example_dags/example_display_name.py
[2026-02-05T13:06:41.589+0000] {processor.py:830} INFO - Processing file /home/airflow/.local/lib/python3.12/site-packages/airflow/example_dags/example_display_name.py for tasks to queue
[2026-02-05T13:06:41.591+0000] {logging_mixin.py:188} INFO - [2026-02-05T13:06:41.591+0000] {dagbag.py:540} INFO - Filling up the DagBag from /home/airflow/.local/lib/python3.12/site-packages/airflow/example_dags/example_display_name.py
[2026-02-05T13:06:41.594+0000] {processor.py:840} INFO - DAG(s) 'example_display_name' retrieved from /home/airflow/.local/lib/python3.12/site-packages/airflow/example_dags/example_display_name.py
[2026-02-05T13:06:41.611+0000] {logging_mixin.py:188} INFO - [2026-02-05T13:06:41.611+0000] {dag.py:3096} INFO - Sync 1 DAGs
[2026-02-05T13:06:41.618+0000] {logging_mixin.py:188} INFO - [2026-02-05T13:06:41.618+0000] {dag.py:3954} INFO - Setting next_dagrun for example_display_name to None, run_after=None
[2026-02-05T13:06:41.628+0000] {processor.py:183} INFO - Processing /home/airflow/.local/lib/python3.12/site-packages/airflow/example_dags/example_display_name.py took 0.043 seconds
[2026-02-05T13:07:11.789+0000] {processor.py:161} INFO - Started process (PID=1407) to work on /home/airflow/.local/lib/python3.12/site-packages/airflow/example_dags/example_display_name.py
[2026-02-05T13:07:11.790+0000] {processor.py:830} INFO - Processing file /home/airflow/.local/lib/python3.12/site-packages/airflow/example_dags/example_display_name.py for tasks to queue
[2026-02-05T13:07:11.791+0000] {logging_mixin.py:188} INFO - [2026-02-05T13:07:11.791+0000] {dagbag.py:540} INFO - Filling up the DagBag from /home/airflow/.local/lib/python3.12/site-packages/airflow/example_dags/example_display_name.py
[2026-02-05T13:07:11.795+0000] {processor.py:840} INFO - DAG(s) 'example_display_name' retrieved from /home/airflow/.local/lib/python3.12/site-packages/airflow/example_dags/example_display_name.py
[2026-02-05T13:07:11.810+0000] {logging_mixin.py:188} INFO - [2026-02-05T13:07:11.810+0000] {dag.py:3096} INFO - Sync 1 DAGs
[2026-02-05T13:07:11.822+0000] {logging_mixin.py:188} INFO - [2026-02-05T13:07:11.821+0000] {dag.py:3954} INFO - Setting next_dagrun for example_display_name to None, run_after=None
[2026-02-05T13:07:11.840+0000] {processor.py:183} INFO - Processing /home/airflow/.local/lib/python3.12/site-packages/airflow/example_dags/example_display_name.py took 0.055 seconds
[2026-02-05T13:07:41.866+0000] {processor.py:161} INFO - Started process (PID=1465) to work on /home/airflow/.local/lib/python3.12/site-packages/airflow/example_dags/example_display_name.py
[2026-02-05T13:07:41.869+0000] {processor.py:830} INFO - Processing file /home/airflow/.local/lib/python3.12/site-packages/airflow/example_dags/example_display_name.py for tasks to queue
[2026-02-05T13:07:41.871+0000] {logging_mixin.py:188} INFO - [2026-02-05T13:07:41.871+0000] {dagbag.py:540} INFO - Filling up the DagBag from /home/airflow/.local/lib/python3.12/site-packages/airflow/example_dags/example_display_name.py
[2026-02-05T13:07:41.875+0000] {processor.py:840} INFO - DAG(s) 'example_display_name' retrieved from /home/airflow/.local/lib/python3.12/site-packages/airflow/example_dags/example_display_name.py
[2026-02-05T13:07:41.887+0000] {logging_mixin.py:188} INFO - [2026-02-05T13:07:41.887+0000] {dag.py:3096} INFO - Sync 1 DAGs
[2026-02-05T13:07:41.895+0000] {logging_mixin.py:188} INFO - [2026-02-05T13:07:41.895+0000] {dag.py:3954} INFO - Setting next_dagrun for example_display_name to None, run_after=None
[2026-02-05T13:07:41.905+0000] {processor.py:183} INFO - Processing /home/airflow/.local/lib/python3.12/site-packages/airflow/example_dags/example_display_name.py took 0.042 seconds
[2026-02-05T13:08:12.223+0000] {processor.py:161} INFO - Started process (PID=1523) to work on /home/airflow/.local/lib/python3.12/site-packages/airflow/example_dags/example_display_name.py
[2026-02-05T13:08:12.227+0000] {processor.py:830} INFO - Processing file /home/airflow/.local/lib/python3.12/site-packages/airflow/example_dags/example_display_name.py for tasks to queue
[2026-02-05T13:08:12.231+0000] {logging_mixin.py:188} INFO - [2026-02-05T13:08:12.231+0000] {dagbag.py:540} INFO - Filling up the DagBag from /home/airflow/.local/lib/python3.12/site-packages/airflow/example_dags/example_display_name.py
[2026-02-05T13:08:12.236+0000] {processor.py:840} INFO - DAG(s) 'example_display_name' retrieved from /home/airflow/.local/lib/python3.12/site-packages/airflow/example_dags/example_display_name.py
[2026-02-05T13:08:12.251+0000] {logging_mixin.py:188} INFO - [2026-02-05T13:08:12.251+0000] {dag.py:3096} INFO - Sync 1 DAGs
[2026-02-05T13:08:12.262+0000] {logging_mixin.py:188} INFO - [2026-02-05T13:08:12.261+0000] {dag.py:3954} INFO - Setting next_dagrun for example_display_name to None, run_after=None
[2026-02-05T13:08:12.278+0000] {processor.py:183} INFO - Processing /home/airflow/.local/lib/python3.12/site-packages/airflow/example_dags/example_display_name.py took 0.059 seconds
[2026-02-05T13:08:42.361+0000] {processor.py:161} INFO - Started process (PID=1580) to work on /home/airflow/.local/lib/python3.12/site-packages/airflow/example_dags/example_display_name.py
[2026-02-05T13:08:42.362+0000] {processor.py:830} INFO - Processing file /home/airflow/.local/lib/python3.12/site-packages/airflow/example_dags/example_display_name.py for tasks to queue
[2026-02-05T13:08:42.364+0000] {logging_mixin.py:188} INFO - [2026-02-05T13:08:42.364+0000] {dagbag.py:540} INFO - Filling up the DagBag from /home/airflow/.local/lib/python3.12/site-packages/airflow/example_dags/example_display_name.py
[2026-02-05T13:08:42.368+0000] {processor.py:840} INFO - DAG(s) 'example_display_name' retrieved from /home/airflow/.local/lib/python3.12/site-packages/airflow/example_dags/example_display_name.py
[2026-02-05T13:08:42.380+0000] {logging_mixin.py:188} INFO - [2026-02-05T13:08:42.380+0000] {dag.py:3096} INFO - Sync 1 DAGs
[2026-02-05T13:08:42.387+0000] {logging_mixin.py:188} INFO - [2026-02-05T13:08:42.387+0000] {dag.py:3954} INFO - Setting next_dagrun for example_display_name to None, run_after=None
[2026-02-05T13:08:42.398+0000] {processor.py:183} INFO - Processing /home/airflow/.local/lib/python3.12/site-packages/airflow/example_dags/example_display_name.py took 0.040 seconds
[2026-02-05T13:09:12.511+0000] {processor.py:161} INFO - Started process (PID=1638) to work on /home/airflow/.local/lib/python3.12/site-packages/airflow/example_dags/example_display_name.py
[2026-02-05T13:09:12.512+0000] {processor.py:830} INFO - Processing file /home/airflow/.local/lib/python3.12/site-packages/airflow/example_dags/example_display_name.py for tasks to queue
[2026-02-05T13:09:12.513+0000] {logging_mixin.py:188} INFO - [2026-02-05T13:09:12.513+0000] {dagbag.py:540} INFO - Filling up the DagBag from /home/airflow/.local/lib/python3.12/site-packages/airflow/example_dags/example_display_name.py
[2026-02-05T13:09:12.517+0000] {processor.py:840} INFO - DAG(s) 'example_display_name' retrieved from /home/airflow/.local/lib/python3.12/site-packages/airflow/example_dags/example_display_name.py
[2026-02-05T13:09:12.531+0000] {logging_mixin.py:188} INFO - [2026-02-05T13:09:12.531+0000] {dag.py:3096} INFO - Sync 1 DAGs
[2026-02-05T13:09:12.539+0000] {logging_mixin.py:188} INFO - [2026-02-05T13:09:12.539+0000] {dag.py:3954} INFO - Setting next_dagrun for example_display_name to None, run_after=None
[2026-02-05T13:09:12.549+0000] {processor.py:183} INFO - Processing /home/airflow/.local/lib/python3.12/site-packages/airflow/example_dags/example_display_name.py took 0.041 seconds
[2026-02-05T13:09:42.827+0000] {processor.py:161} INFO - Started process (PID=1696) to work on /home/airflow/.local/lib/python3.12/site-packages/airflow/example_dags/example_display_name.py
[2026-02-05T13:09:42.831+0000] {processor.py:830} INFO - Processing file /home/airflow/.local/lib/python3.12/site-packages/airflow/example_dags/example_display_name.py for tasks to queue
[2026-02-05T13:09:42.835+0000] {logging_mixin.py:188} INFO - [2026-02-05T13:09:42.835+0000] {dagbag.py:540} INFO - Filling up the DagBag from /home/airflow/.local/lib/python3.12/site-packages/airflow/example_dags/example_display_name.py
[2026-02-05T13:09:42.839+0000] {processor.py:840} INFO - DAG(s) 'example_display_name' retrieved from /home/airflow/.local/lib/python3.12/site-packages/airflow/example_dags/example_display_name.py
[2026-02-05T13:09:42.850+0000] {logging_mixin.py:188} INFO - [2026-02-05T13:09:42.850+0000] {dag.py:3096} INFO - Sync 1 DAGs
[2026-02-05T13:09:42.857+0000] {logging_mixin.py:188} INFO - [2026-02-05T13:09:42.857+0000] {dag.py:3954} INFO - Setting next_dagrun for example_display_name to None, run_after=None
[2026-02-05T13:09:42.870+0000] {processor.py:183} INFO - Processing /home/airflow/.local/lib/python3.12/site-packages/airflow/example_dags/example_display_name.py took 0.046 seconds
[2026-02-05T13:10:13.152+0000] {processor.py:161} INFO - Started process (PID=1753) to work on /home/airflow/.local/lib/python3.12/site-packages/airflow/example_dags/example_display_name.py
[2026-02-05T13:10:13.153+0000] {processor.py:830} INFO - Processing file /home/airflow/.local/lib/python3.12/site-packages/airflow/example_dags/example_display_name.py for tasks to queue
[2026-02-05T13:10:13.157+0000] {logging_mixin.py:188} INFO - [2026-02-05T13:10:13.157+0000] {dagbag.py:540} INFO - Filling up the DagBag from /home/airflow/.local/lib/python3.12/site-packages/airflow/example_dags/example_display_name.py
[2026-02-05T13:10:13.162+0000] {processor.py:840} INFO - DAG(s) 'example_display_name' retrieved from /home/airflow/.local/lib/python3.12/site-packages/airflow/example_dags/example_display_name.py
[2026-02-05T13:10:13.174+0000] {logging_mixin.py:188} INFO - [2026-02-05T13:10:13.174+0000] {dag.py:3096} INFO - Sync 1 DAGs
[2026-02-05T13:10:13.181+0000] {logging_mixin.py:188} INFO - [2026-02-05T13:10:13.181+0000] {dag.py:3954} INFO - Setting next_dagrun for example_display_name to None, run_after=None
[2026-02-05T13:10:13.193+0000] {processor.py:183} INFO - Processing /home/airflow/.local/lib/python3.12/site-packages/airflow/example_dags/example_display_name.py took 0.045 seconds
[2026-02-05T13:10:43.287+0000] {processor.py:161} INFO - Started process (PID=1811) to work on /home/airflow/.local/lib/python3.12/site-packages/airflow/example_dags/example_display_name.py
[2026-02-05T13:10:43.287+0000] {processor.py:830} INFO - Processing file /home/airflow/.local/lib/python3.12/site-packages/airflow/example_dags/example_display_name.py for tasks to queue
[2026-02-05T13:10:43.291+0000] {logging_mixin.py:188} INFO - [2026-02-05T13:10:43.291+0000] {dagbag.py:540} INFO - Filling up the DagBag from /home/airflow/.local/lib/python3.12/site-packages/airflow/example_dags/example_display_name.py
[2026-02-05T13:10:43.295+0000] {processor.py:840} INFO - DAG(s) 'example_display_name' retrieved from /home/airflow/.local/lib/python3.12/site-packages/airflow/example_dags/example_display_name.py
[2026-02-05T13:10:43.310+0000] {logging_mixin.py:188} INFO - [2026-02-05T13:10:43.310+0000] {dag.py:3096} INFO - Sync 1 DAGs
[2026-02-05T13:10:43.317+0000] {logging_mixin.py:188} INFO - [2026-02-05T13:10:43.317+0000] {dag.py:3954} INFO - Setting next_dagrun for example_display_name to None, run_after=None
[2026-02-05T13:10:43.328+0000] {processor.py:183} INFO - Processing /home/airflow/.local/lib/python3.12/site-packages/airflow/example_dags/example_display_name.py took 0.044 seconds
[2026-02-05T13:11:14.120+0000] {processor.py:161} INFO - Started process (PID=1869) to work on /home/airflow/.local/lib/python3.12/site-packages/airflow/example_dags/example_display_name.py
[2026-02-05T13:11:14.121+0000] {processor.py:830} INFO - Processing file /home/airflow/.local/lib/python3.12/site-packages/airflow/example_dags/example_display_name.py for tasks to queue
[2026-02-05T13:11:14.122+0000] {logging_mixin.py:188} INFO - [2026-02-05T13:11:14.122+0000] {dagbag.py:540} INFO - Filling up the DagBag from /home/airflow/.local/lib/python3.12/site-packages/airflow/example_dags/example_display_name.py
[2026-02-05T13:11:14.126+0000] {processor.py:840} INFO - DAG(s) 'example_display_name' retrieved from /home/airflow/.local/lib/python3.12/site-packages/airflow/example_dags/example_display_name.py
[2026-02-05T13:11:14.141+0000] {logging_mixin.py:188} INFO - [2026-02-05T13:11:14.141+0000] {dag.py:3096} INFO - Sync 1 DAGs
[2026-02-05T13:11:14.148+0000] {logging_mixin.py:188} INFO - [2026-02-05T13:11:14.147+0000] {dag.py:3954} INFO - Setting next_dagrun for example_display_name to None, run_after=None
[2026-02-05T13:11:14.158+0000] {processor.py:183} INFO - Processing /home/airflow/.local/lib/python3.12/site-packages/airflow/example_dags/example_display_name.py took 0.041 seconds
[2026-02-05T13:11:45.024+0000] {processor.py:161} INFO - Started process (PID=1927) to work on /home/airflow/.local/lib/python3.12/site-packages/airflow/example_dags/example_display_name.py
[2026-02-05T13:11:45.026+0000] {processor.py:830} INFO - Processing file /home/airflow/.local/lib/python3.12/site-packages/airflow/example_dags/example_display_name.py for tasks to queue
[2026-02-05T13:11:45.027+0000] {logging_mixin.py:188} INFO - [2026-02-05T13:11:45.027+0000] {dagbag.py:540} INFO - Filling up the DagBag from /home/airflow/.local/lib/python3.12/site-packages/airflow/example_dags/example_display_name.py
[2026-02-05T13:11:45.031+0000] {processor.py:840} INFO - DAG(s) 'example_display_name' retrieved from /home/airflow/.local/lib/python3.12/site-packages/airflow/example_dags/example_display_name.py
[2026-02-05T13:11:45.042+0000] {logging_mixin.py:188} INFO - [2026-02-05T13:11:45.042+0000] {dag.py:3096} INFO - Sync 1 DAGs
[2026-02-05T13:11:45.049+0000] {logging_mixin.py:188} INFO - [2026-02-05T13:11:45.049+0000] {dag.py:3954} INFO - Setting next_dagrun for example_display_name to None, run_after=None
[2026-02-05T13:11:45.063+0000] {processor.py:183} INFO - Processing /home/airflow/.local/lib/python3.12/site-packages/airflow/example_dags/example_display_name.py took 0.043 seconds
[2026-02-05T13:12:15.908+0000] {processor.py:161} INFO - Started process (PID=1985) to work on /home/airflow/.local/lib/python3.12/site-packages/airflow/example_dags/example_display_name.py
[2026-02-05T13:12:15.909+0000] {processor.py:830} INFO - Processing file /home/airflow/.local/lib/python3.12/site-packages/airflow/example_dags/example_display_name.py for tasks to queue
[2026-02-05T13:12:15.910+0000] {logging_mixin.py:188} INFO - [2026-02-05T13:12:15.910+0000] {dagbag.py:540} INFO - Filling up the DagBag from /home/airflow/.local/lib/python3.12/site-packages/airflow/example_dags/example_display_name.py
[2026-02-05T13:12:15.918+0000] {processor.py:840} INFO - DAG(s) 'example_display_name' retrieved from /home/airflow/.local/lib/python3.12/site-packages/airflow/example_dags/example_display_name.py
[2026-02-05T13:12:15.930+0000] {logging_mixin.py:188} INFO - [2026-02-05T13:12:15.930+0000] {dag.py:3096} INFO - Sync 1 DAGs
[2026-02-05T13:12:15.937+0000] {logging_mixin.py:188} INFO - [2026-02-05T13:12:15.937+0000] {dag.py:3954} INFO - Setting next_dagrun for example_display_name to None, run_after=None
[2026-02-05T13:12:15.949+0000] {processor.py:183} INFO - Processing /home/airflow/.local/lib/python3.12/site-packages/airflow/example_dags/example_display_name.py took 0.044 seconds
[2026-02-05T13:12:46.872+0000] {processor.py:161} INFO - Started process (PID=2043) to work on /home/airflow/.local/lib/python3.12/site-packages/airflow/example_dags/example_display_name.py
[2026-02-05T13:12:46.873+0000] {processor.py:830} INFO - Processing file /home/airflow/.local/lib/python3.12/site-packages/airflow/example_dags/example_display_name.py for tasks to queue
[2026-02-05T13:12:46.874+0000] {logging_mixin.py:188} INFO - [2026-02-05T13:12:46.874+0000] {dagbag.py:540} INFO - Filling up the DagBag from /home/airflow/.local/lib/python3.12/site-packages/airflow/example_dags/example_display_name.py
[2026-02-05T13:12:46.877+0000] {processor.py:840} INFO - DAG(s) 'example_display_name' retrieved from /home/airflow/.local/lib/python3.12/site-packages/airflow/example_dags/example_display_name.py
[2026-02-05T13:12:46.889+0000] {logging_mixin.py:188} INFO - [2026-02-05T13:12:46.889+0000] {dag.py:3096} INFO - Sync 1 DAGs
[2026-02-05T13:12:46.896+0000] {logging_mixin.py:188} INFO - [2026-02-05T13:12:46.895+0000] {dag.py:3954} INFO - Setting next_dagrun for example_display_name to None, run_after=None
[2026-02-05T13:12:46.907+0000] {processor.py:183} INFO - Processing /home/airflow/.local/lib/python3.12/site-packages/airflow/example_dags/example_display_name.py took 0.038 seconds
[2026-02-05T13:13:17.678+0000] {processor.py:161} INFO - Started process (PID=2100) to work on /home/airflow/.local/lib/python3.12/site-packages/airflow/example_dags/example_display_name.py
[2026-02-05T13:13:17.679+0000] {processor.py:830} INFO - Processing file /home/airflow/.local/lib/python3.12/site-packages/airflow/example_dags/example_display_name.py for tasks to queue
[2026-02-05T13:13:17.680+0000] {logging_mixin.py:188} INFO - [2026-02-05T13:13:17.680+0000] {dagbag.py:540} INFO - Filling up the DagBag from /home/airflow/.local/lib/python3.12/site-packages/airflow/example_dags/example_display_name.py
[2026-02-05T13:13:17.684+0000] {processor.py:840} INFO - DAG(s) 'example_display_name' retrieved from /home/airflow/.local/lib/python3.12/site-packages/airflow/example_dags/example_display_name.py
[2026-02-05T13:13:17.696+0000] {logging_mixin.py:188} INFO - [2026-02-05T13:13:17.696+0000] {dag.py:3096} INFO - Sync 1 DAGs
[2026-02-05T13:13:17.703+0000] {logging_mixin.py:188} INFO - [2026-02-05T13:13:17.703+0000] {dag.py:3954} INFO - Setting next_dagrun for example_display_name to None, run_after=None
[2026-02-05T13:13:17.714+0000] {processor.py:183} INFO - Processing /home/airflow/.local/lib/python3.12/site-packages/airflow/example_dags/example_display_name.py took 0.039 seconds
[2026-02-05T13:13:48.488+0000] {processor.py:161} INFO - Started process (PID=2158) to work on /home/airflow/.local/lib/python3.12/site-packages/airflow/example_dags/example_display_name.py
[2026-02-05T13:13:48.489+0000] {processor.py:830} INFO - Processing file /home/airflow/.local/lib/python3.12/site-packages/airflow/example_dags/example_display_name.py for tasks to queue
[2026-02-05T13:13:48.491+0000] {logging_mixin.py:188} INFO - [2026-02-05T13:13:48.490+0000] {dagbag.py:540} INFO - Filling up the DagBag from /home/airflow/.local/lib/python3.12/site-packages/airflow/example_dags/example_display_name.py
[2026-02-05T13:13:48.495+0000] {processor.py:840} INFO - DAG(s) 'example_display_name' retrieved from /home/airflow/.local/lib/python3.12/site-packages/airflow/example_dags/example_display_name.py
[2026-02-05T13:13:48.507+0000] {logging_mixin.py:188} INFO - [2026-02-05T13:13:48.507+0000] {dag.py:3096} INFO - Sync 1 DAGs
[2026-02-05T13:13:48.515+0000] {logging_mixin.py:188} INFO - [2026-02-05T13:13:48.515+0000] {dag.py:3954} INFO - Setting next_dagrun for example_display_name to None, run_after=None
[2026-02-05T13:13:48.529+0000] {processor.py:183} INFO - Processing /home/airflow/.local/lib/python3.12/site-packages/airflow/example_dags/example_display_name.py took 0.045 seconds
[2026-02-05T13:14:19.504+0000] {processor.py:161} INFO - Started process (PID=2216) to work on /home/airflow/.local/lib/python3.12/site-packages/airflow/example_dags/example_display_name.py
[2026-02-05T13:14:19.505+0000] {processor.py:830} INFO - Processing file /home/airflow/.local/lib/python3.12/site-packages/airflow/example_dags/example_display_name.py for tasks to queue
[2026-02-05T13:14:19.506+0000] {logging_mixin.py:188} INFO - [2026-02-05T13:14:19.506+0000] {dagbag.py:540} INFO - Filling up the DagBag from /home/airflow/.local/lib/python3.12/site-packages/airflow/example_dags/example_display_name.py
[2026-02-05T13:14:19.510+0000] {processor.py:840} INFO - DAG(s) 'example_display_name' retrieved from /home/airflow/.local/lib/python3.12/site-packages/airflow/example_dags/example_display_name.py
[2026-02-05T13:14:19.524+0000] {logging_mixin.py:188} INFO - [2026-02-05T13:14:19.523+0000] {dag.py:3096} INFO - Sync 1 DAGs
[2026-02-05T13:14:19.532+0000] {logging_mixin.py:188} INFO - [2026-02-05T13:14:19.532+0000] {dag.py:3954} INFO - Setting next_dagrun for example_display_name to None, run_after=None
[2026-02-05T13:14:19.543+0000] {processor.py:183} INFO - Processing /home/airflow/.local/lib/python3.12/site-packages/airflow/example_dags/example_display_name.py took 0.043 seconds
[2026-02-05T13:14:49.646+0000] {processor.py:161} INFO - Started process (PID=2274) to work on /home/airflow/.local/lib/python3.12/site-packages/airflow/example_dags/example_display_name.py
[2026-02-05T13:14:49.647+0000] {processor.py:830} INFO - Processing file /home/airflow/.local/lib/python3.12/site-packages/airflow/example_dags/example_display_name.py for tasks to queue
[2026-02-05T13:14:49.648+0000] {logging_mixin.py:188} INFO - [2026-02-05T13:14:49.648+0000] {dagbag.py:540} INFO - Filling up the DagBag from /home/airflow/.local/lib/python3.12/site-packages/airflow/example_dags/example_display_name.py
[2026-02-05T13:14:49.652+0000] {processor.py:840} INFO - DAG(s) 'example_display_name' retrieved from /home/airflow/.local/lib/python3.12/site-packages/airflow/example_dags/example_display_name.py
[2026-02-05T13:14:49.663+0000] {logging_mixin.py:188} INFO - [2026-02-05T13:14:49.663+0000] {dag.py:3096} INFO - Sync 1 DAGs
[2026-02-05T13:14:49.671+0000] {logging_mixin.py:188} INFO - [2026-02-05T13:14:49.671+0000] {dag.py:3954} INFO - Setting next_dagrun for example_display_name to None, run_after=None
[2026-02-05T13:14:49.681+0000] {processor.py:183} INFO - Processing /home/airflow/.local/lib/python3.12/site-packages/airflow/example_dags/example_display_name.py took 0.038 seconds
[2026-02-05T13:15:20.608+0000] {processor.py:161} INFO - Started process (PID=2331) to work on /home/airflow/.local/lib/python3.12/site-packages/airflow/example_dags/example_display_name.py
[2026-02-05T13:15:20.610+0000] {processor.py:830} INFO - Processing file /home/airflow/.local/lib/python3.12/site-packages/airflow/example_dags/example_display_name.py for tasks to queue
[2026-02-05T13:15:20.611+0000] {logging_mixin.py:188} INFO - [2026-02-05T13:15:20.611+0000] {dagbag.py:540} INFO - Filling up the DagBag from /home/airflow/.local/lib/python3.12/site-packages/airflow/example_dags/example_display_name.py
[2026-02-05T13:15:20.615+0000] {processor.py:840} INFO - DAG(s) 'example_display_name' retrieved from /home/airflow/.local/lib/python3.12/site-packages/airflow/example_dags/example_display_name.py
[2026-02-05T13:15:20.627+0000] {logging_mixin.py:188} INFO - [2026-02-05T13:15:20.627+0000] {dag.py:3096} INFO - Sync 1 DAGs
[2026-02-05T13:15:20.635+0000] {logging_mixin.py:188} INFO - [2026-02-05T13:15:20.635+0000] {dag.py:3954} INFO - Setting next_dagrun for example_display_name to None, run_after=None
[2026-02-05T13:15:20.645+0000] {processor.py:183} INFO - Processing /home/airflow/.local/lib/python3.12/site-packages/airflow/example_dags/example_display_name.py took 0.042 seconds
[2026-02-05T13:15:51.436+0000] {processor.py:161} INFO - Started process (PID=2389) to work on /home/airflow/.local/lib/python3.12/site-packages/airflow/example_dags/example_display_name.py
[2026-02-05T13:15:51.440+0000] {processor.py:830} INFO - Processing file /home/airflow/.local/lib/python3.12/site-packages/airflow/example_dags/example_display_name.py for tasks to queue
[2026-02-05T13:15:51.441+0000] {logging_mixin.py:188} INFO - [2026-02-05T13:15:51.441+0000] {dagbag.py:540} INFO - Filling up the DagBag from /home/airflow/.local/lib/python3.12/site-packages/airflow/example_dags/example_display_name.py
[2026-02-05T13:15:51.446+0000] {processor.py:840} INFO - DAG(s) 'example_display_name' retrieved from /home/airflow/.local/lib/python3.12/site-packages/airflow/example_dags/example_display_name.py
[2026-02-05T13:15:51.459+0000] {logging_mixin.py:188} INFO - [2026-02-05T13:15:51.459+0000] {dag.py:3096} INFO - Sync 1 DAGs
[2026-02-05T13:15:51.465+0000] {logging_mixin.py:188} INFO - [2026-02-05T13:15:51.465+0000] {dag.py:3954} INFO - Setting next_dagrun for example_display_name to None, run_after=None
[2026-02-05T13:15:51.476+0000] {processor.py:183} INFO - Processing /home/airflow/.local/lib/python3.12/site-packages/airflow/example_dags/example_display_name.py took 0.044 seconds
[2026-02-05T13:16:22.438+0000] {processor.py:161} INFO - Started process (PID=2447) to work on /home/airflow/.local/lib/python3.12/site-packages/airflow/example_dags/example_display_name.py
[2026-02-05T13:16:22.439+0000] {processor.py:830} INFO - Processing file /home/airflow/.local/lib/python3.12/site-packages/airflow/example_dags/example_display_name.py for tasks to queue
[2026-02-05T13:16:22.441+0000] {logging_mixin.py:188} INFO - [2026-02-05T13:16:22.441+0000] {dagbag.py:540} INFO - Filling up the DagBag from /home/airflow/.local/lib/python3.12/site-packages/airflow/example_dags/example_display_name.py
[2026-02-05T13:16:22.445+0000] {processor.py:840} INFO - DAG(s) 'example_display_name' retrieved from /home/airflow/.local/lib/python3.12/site-packages/airflow/example_dags/example_display_name.py
[2026-02-05T13:16:22.461+0000] {logging_mixin.py:188} INFO - [2026-02-05T13:16:22.461+0000] {dag.py:3096} INFO - Sync 1 DAGs
[2026-02-05T13:16:22.467+0000] {logging_mixin.py:188} INFO - [2026-02-05T13:16:22.467+0000] {dag.py:3954} INFO - Setting next_dagrun for example_display_name to None, run_after=None
[2026-02-05T13:16:22.477+0000] {processor.py:183} INFO - Processing /home/airflow/.local/lib/python3.12/site-packages/airflow/example_dags/example_display_name.py took 0.042 seconds
[2026-02-05T13:16:53.513+0000] {processor.py:161} INFO - Started process (PID=2505) to work on /home/airflow/.local/lib/python3.12/site-packages/airflow/example_dags/example_display_name.py
[2026-02-05T13:16:53.518+0000] {processor.py:830} INFO - Processing file /home/airflow/.local/lib/python3.12/site-packages/airflow/example_dags/example_display_name.py for tasks to queue
[2026-02-05T13:16:53.520+0000] {logging_mixin.py:188} INFO - [2026-02-05T13:16:53.520+0000] {dagbag.py:540} INFO - Filling up the DagBag from /home/airflow/.local/lib/python3.12/site-packages/airflow/example_dags/example_display_name.py
[2026-02-05T13:16:53.525+0000] {processor.py:840} INFO - DAG(s) 'example_display_name' retrieved from /home/airflow/.local/lib/python3.12/site-packages/airflow/example_dags/example_display_name.py
[2026-02-05T13:16:53.541+0000] {logging_mixin.py:188} INFO - [2026-02-05T13:16:53.540+0000] {dag.py:3096} INFO - Sync 1 DAGs
[2026-02-05T13:16:53.547+0000] {logging_mixin.py:188} INFO - [2026-02-05T13:16:53.547+0000] {dag.py:3954} INFO - Setting next_dagrun for example_display_name to None, run_after=None
[2026-02-05T13:16:53.559+0000] {processor.py:183} INFO - Processing /home/airflow/.local/lib/python3.12/site-packages/airflow/example_dags/example_display_name.py took 0.050 seconds
[2026-02-05T13:17:24.579+0000] {processor.py:161} INFO - Started process (PID=2563) to work on /home/airflow/.local/lib/python3.12/site-packages/airflow/example_dags/example_display_name.py
[2026-02-05T13:17:24.580+0000] {processor.py:830} INFO - Processing file /home/airflow/.local/lib/python3.12/site-packages/airflow/example_dags/example_display_name.py for tasks to queue
[2026-02-05T13:17:24.582+0000] {logging_mixin.py:188} INFO - [2026-02-05T13:17:24.581+0000] {dagbag.py:540} INFO - Filling up the DagBag from /home/airflow/.local/lib/python3.12/site-packages/airflow/example_dags/example_display_name.py
[2026-02-05T13:17:24.586+0000] {processor.py:840} INFO - DAG(s) 'example_display_name' retrieved from /home/airflow/.local/lib/python3.12/site-packages/airflow/example_dags/example_display_name.py
[2026-02-05T13:17:24.602+0000] {logging_mixin.py:188} INFO - [2026-02-05T13:17:24.602+0000] {dag.py:3096} INFO - Sync 1 DAGs
[2026-02-05T13:17:24.609+0000] {logging_mixin.py:188} INFO - [2026-02-05T13:17:24.609+0000] {dag.py:3954} INFO - Setting next_dagrun for example_display_name to None, run_after=None
[2026-02-05T13:17:24.621+0000] {processor.py:183} INFO - Processing /home/airflow/.local/lib/python3.12/site-packages/airflow/example_dags/example_display_name.py took 0.046 seconds
[2026-02-05T13:17:54.755+0000] {processor.py:161} INFO - Started process (PID=2620) to work on /home/airflow/.local/lib/python3.12/site-packages/airflow/example_dags/example_display_name.py
[2026-02-05T13:17:54.755+0000] {processor.py:830} INFO - Processing file /home/airflow/.local/lib/python3.12/site-packages/airflow/example_dags/example_display_name.py for tasks to queue
[2026-02-05T13:17:54.756+0000] {logging_mixin.py:188} INFO - [2026-02-05T13:17:54.756+0000] {dagbag.py:540} INFO - Filling up the DagBag from /home/airflow/.local/lib/python3.12/site-packages/airflow/example_dags/example_display_name.py
[2026-02-05T13:17:54.760+0000] {processor.py:840} INFO - DAG(s) 'example_display_name' retrieved from /home/airflow/.local/lib/python3.12/site-packages/airflow/example_dags/example_display_name.py
[2026-02-05T13:17:54.770+0000] {logging_mixin.py:188} INFO - [2026-02-05T13:17:54.770+0000] {dag.py:3096} INFO - Sync 1 DAGs
[2026-02-05T13:17:54.777+0000] {logging_mixin.py:188} INFO - [2026-02-05T13:17:54.776+0000] {dag.py:3954} INFO - Setting next_dagrun for example_display_name to None, run_after=None
[2026-02-05T13:17:54.787+0000] {processor.py:183} INFO - Processing /home/airflow/.local/lib/python3.12/site-packages/airflow/example_dags/example_display_name.py took 0.035 seconds
