[2026-02-05T12:55:32.605+0000] {processor.py:161} INFO - Started process (PID=51) to work on /home/airflow/.local/lib/python3.12/site-packages/airflow/example_dags/example_branch_labels.py
[2026-02-05T12:55:32.609+0000] {processor.py:830} INFO - Processing file /home/airflow/.local/lib/python3.12/site-packages/airflow/example_dags/example_branch_labels.py for tasks to queue
[2026-02-05T12:55:32.611+0000] {logging_mixin.py:188} INFO - [2026-02-05T12:55:32.611+0000] {dagbag.py:540} INFO - Filling up the DagBag from /home/airflow/.local/lib/python3.12/site-packages/airflow/example_dags/example_branch_labels.py
[2026-02-05T12:55:32.621+0000] {processor.py:840} INFO - DAG(s) 'example_branch_labels' retrieved from /home/airflow/.local/lib/python3.12/site-packages/airflow/example_dags/example_branch_labels.py
[2026-02-05T12:55:32.653+0000] {logging_mixin.py:188} INFO - [2026-02-05T12:55:32.653+0000] {dag.py:3096} INFO - Sync 1 DAGs
[2026-02-05T12:55:32.710+0000] {logging_mixin.py:188} INFO - [2026-02-05T12:55:32.709+0000] {dag.py:3954} INFO - Setting next_dagrun for example_branch_labels to 2026-02-04 00:00:00+00:00, run_after=2026-02-05 00:00:00+00:00
[2026-02-05T12:55:32.764+0000] {processor.py:183} INFO - Processing /home/airflow/.local/lib/python3.12/site-packages/airflow/example_dags/example_branch_labels.py took 0.169 seconds
[2026-02-05T12:56:02.875+0000] {processor.py:161} INFO - Started process (PID=116) to work on /home/airflow/.local/lib/python3.12/site-packages/airflow/example_dags/example_branch_labels.py
[2026-02-05T12:56:02.875+0000] {processor.py:830} INFO - Processing file /home/airflow/.local/lib/python3.12/site-packages/airflow/example_dags/example_branch_labels.py for tasks to queue
[2026-02-05T12:56:02.878+0000] {logging_mixin.py:188} INFO - [2026-02-05T12:56:02.878+0000] {dagbag.py:540} INFO - Filling up the DagBag from /home/airflow/.local/lib/python3.12/site-packages/airflow/example_dags/example_branch_labels.py
[2026-02-05T12:56:02.883+0000] {processor.py:840} INFO - DAG(s) 'example_branch_labels' retrieved from /home/airflow/.local/lib/python3.12/site-packages/airflow/example_dags/example_branch_labels.py
[2026-02-05T12:56:02.940+0000] {logging_mixin.py:188} INFO - [2026-02-05T12:56:02.940+0000] {dag.py:3096} INFO - Sync 1 DAGs
[2026-02-05T12:56:02.949+0000] {logging_mixin.py:188} INFO - [2026-02-05T12:56:02.949+0000] {dag.py:3954} INFO - Setting next_dagrun for example_branch_labels to 2026-02-04 00:00:00+00:00, run_after=2026-02-05 00:00:00+00:00
[2026-02-05T12:56:02.959+0000] {processor.py:183} INFO - Processing /home/airflow/.local/lib/python3.12/site-packages/airflow/example_dags/example_branch_labels.py took 0.090 seconds
[2026-02-05T12:56:32.987+0000] {processor.py:161} INFO - Started process (PID=174) to work on /home/airflow/.local/lib/python3.12/site-packages/airflow/example_dags/example_branch_labels.py
[2026-02-05T12:56:32.987+0000] {processor.py:830} INFO - Processing file /home/airflow/.local/lib/python3.12/site-packages/airflow/example_dags/example_branch_labels.py for tasks to queue
[2026-02-05T12:56:32.989+0000] {logging_mixin.py:188} INFO - [2026-02-05T12:56:32.988+0000] {dagbag.py:540} INFO - Filling up the DagBag from /home/airflow/.local/lib/python3.12/site-packages/airflow/example_dags/example_branch_labels.py
[2026-02-05T12:56:32.995+0000] {processor.py:840} INFO - DAG(s) 'example_branch_labels' retrieved from /home/airflow/.local/lib/python3.12/site-packages/airflow/example_dags/example_branch_labels.py
[2026-02-05T12:56:33.009+0000] {logging_mixin.py:188} INFO - [2026-02-05T12:56:33.008+0000] {dag.py:3096} INFO - Sync 1 DAGs
[2026-02-05T12:56:33.023+0000] {logging_mixin.py:188} INFO - [2026-02-05T12:56:33.023+0000] {dag.py:3954} INFO - Setting next_dagrun for example_branch_labels to 2026-02-04 00:00:00+00:00, run_after=2026-02-05 00:00:00+00:00
[2026-02-05T12:56:33.036+0000] {processor.py:183} INFO - Processing /home/airflow/.local/lib/python3.12/site-packages/airflow/example_dags/example_branch_labels.py took 0.053 seconds
[2026-02-05T12:57:03.185+0000] {processor.py:161} INFO - Started process (PID=232) to work on /home/airflow/.local/lib/python3.12/site-packages/airflow/example_dags/example_branch_labels.py
[2026-02-05T12:57:03.185+0000] {processor.py:830} INFO - Processing file /home/airflow/.local/lib/python3.12/site-packages/airflow/example_dags/example_branch_labels.py for tasks to queue
[2026-02-05T12:57:03.186+0000] {logging_mixin.py:188} INFO - [2026-02-05T12:57:03.186+0000] {dagbag.py:540} INFO - Filling up the DagBag from /home/airflow/.local/lib/python3.12/site-packages/airflow/example_dags/example_branch_labels.py
[2026-02-05T12:57:03.191+0000] {processor.py:840} INFO - DAG(s) 'example_branch_labels' retrieved from /home/airflow/.local/lib/python3.12/site-packages/airflow/example_dags/example_branch_labels.py
[2026-02-05T12:57:03.204+0000] {logging_mixin.py:188} INFO - [2026-02-05T12:57:03.204+0000] {dag.py:3096} INFO - Sync 1 DAGs
[2026-02-05T12:57:03.216+0000] {logging_mixin.py:188} INFO - [2026-02-05T12:57:03.216+0000] {dag.py:3954} INFO - Setting next_dagrun for example_branch_labels to 2026-02-04 00:00:00+00:00, run_after=2026-02-05 00:00:00+00:00
[2026-02-05T12:57:03.225+0000] {processor.py:183} INFO - Processing /home/airflow/.local/lib/python3.12/site-packages/airflow/example_dags/example_branch_labels.py took 0.044 seconds
[2026-02-05T12:57:33.658+0000] {processor.py:161} INFO - Started process (PID=290) to work on /home/airflow/.local/lib/python3.12/site-packages/airflow/example_dags/example_branch_labels.py
[2026-02-05T12:57:33.662+0000] {processor.py:830} INFO - Processing file /home/airflow/.local/lib/python3.12/site-packages/airflow/example_dags/example_branch_labels.py for tasks to queue
[2026-02-05T12:57:33.664+0000] {logging_mixin.py:188} INFO - [2026-02-05T12:57:33.664+0000] {dagbag.py:540} INFO - Filling up the DagBag from /home/airflow/.local/lib/python3.12/site-packages/airflow/example_dags/example_branch_labels.py
[2026-02-05T12:57:33.723+0000] {processor.py:840} INFO - DAG(s) 'example_branch_labels' retrieved from /home/airflow/.local/lib/python3.12/site-packages/airflow/example_dags/example_branch_labels.py
[2026-02-05T12:57:33.746+0000] {logging_mixin.py:188} INFO - [2026-02-05T12:57:33.746+0000] {dag.py:3096} INFO - Sync 1 DAGs
[2026-02-05T12:57:33.757+0000] {logging_mixin.py:188} INFO - [2026-02-05T12:57:33.757+0000] {dag.py:3954} INFO - Setting next_dagrun for example_branch_labels to 2026-02-04 00:00:00+00:00, run_after=2026-02-05 00:00:00+00:00
[2026-02-05T12:57:33.768+0000] {processor.py:183} INFO - Processing /home/airflow/.local/lib/python3.12/site-packages/airflow/example_dags/example_branch_labels.py took 0.114 seconds
[2026-02-05T12:58:04.036+0000] {processor.py:161} INFO - Started process (PID=348) to work on /home/airflow/.local/lib/python3.12/site-packages/airflow/example_dags/example_branch_labels.py
[2026-02-05T12:58:04.038+0000] {processor.py:830} INFO - Processing file /home/airflow/.local/lib/python3.12/site-packages/airflow/example_dags/example_branch_labels.py for tasks to queue
[2026-02-05T12:58:04.039+0000] {logging_mixin.py:188} INFO - [2026-02-05T12:58:04.039+0000] {dagbag.py:540} INFO - Filling up the DagBag from /home/airflow/.local/lib/python3.12/site-packages/airflow/example_dags/example_branch_labels.py
[2026-02-05T12:58:04.043+0000] {processor.py:840} INFO - DAG(s) 'example_branch_labels' retrieved from /home/airflow/.local/lib/python3.12/site-packages/airflow/example_dags/example_branch_labels.py
[2026-02-05T12:58:04.055+0000] {logging_mixin.py:188} INFO - [2026-02-05T12:58:04.055+0000] {dag.py:3096} INFO - Sync 1 DAGs
[2026-02-05T12:58:04.067+0000] {logging_mixin.py:188} INFO - [2026-02-05T12:58:04.067+0000] {dag.py:3954} INFO - Setting next_dagrun for example_branch_labels to 2026-02-04 00:00:00+00:00, run_after=2026-02-05 00:00:00+00:00
[2026-02-05T12:58:04.076+0000] {processor.py:183} INFO - Processing /home/airflow/.local/lib/python3.12/site-packages/airflow/example_dags/example_branch_labels.py took 0.044 seconds
[2026-02-05T12:58:34.190+0000] {processor.py:161} INFO - Started process (PID=406) to work on /home/airflow/.local/lib/python3.12/site-packages/airflow/example_dags/example_branch_labels.py
[2026-02-05T12:58:34.191+0000] {processor.py:830} INFO - Processing file /home/airflow/.local/lib/python3.12/site-packages/airflow/example_dags/example_branch_labels.py for tasks to queue
[2026-02-05T12:58:34.192+0000] {logging_mixin.py:188} INFO - [2026-02-05T12:58:34.192+0000] {dagbag.py:540} INFO - Filling up the DagBag from /home/airflow/.local/lib/python3.12/site-packages/airflow/example_dags/example_branch_labels.py
[2026-02-05T12:58:34.197+0000] {processor.py:840} INFO - DAG(s) 'example_branch_labels' retrieved from /home/airflow/.local/lib/python3.12/site-packages/airflow/example_dags/example_branch_labels.py
[2026-02-05T12:58:34.208+0000] {logging_mixin.py:188} INFO - [2026-02-05T12:58:34.208+0000] {dag.py:3096} INFO - Sync 1 DAGs
[2026-02-05T12:58:34.219+0000] {logging_mixin.py:188} INFO - [2026-02-05T12:58:34.219+0000] {dag.py:3954} INFO - Setting next_dagrun for example_branch_labels to 2026-02-04 00:00:00+00:00, run_after=2026-02-05 00:00:00+00:00
[2026-02-05T12:58:34.228+0000] {processor.py:183} INFO - Processing /home/airflow/.local/lib/python3.12/site-packages/airflow/example_dags/example_branch_labels.py took 0.041 seconds
[2026-02-05T12:59:04.350+0000] {processor.py:161} INFO - Started process (PID=473) to work on /home/airflow/.local/lib/python3.12/site-packages/airflow/example_dags/example_branch_labels.py
[2026-02-05T12:59:04.350+0000] {processor.py:830} INFO - Processing file /home/airflow/.local/lib/python3.12/site-packages/airflow/example_dags/example_branch_labels.py for tasks to queue
[2026-02-05T12:59:04.351+0000] {logging_mixin.py:188} INFO - [2026-02-05T12:59:04.351+0000] {dagbag.py:540} INFO - Filling up the DagBag from /home/airflow/.local/lib/python3.12/site-packages/airflow/example_dags/example_branch_labels.py
[2026-02-05T12:59:04.355+0000] {processor.py:840} INFO - DAG(s) 'example_branch_labels' retrieved from /home/airflow/.local/lib/python3.12/site-packages/airflow/example_dags/example_branch_labels.py
[2026-02-05T12:59:04.366+0000] {logging_mixin.py:188} INFO - [2026-02-05T12:59:04.366+0000] {dag.py:3096} INFO - Sync 1 DAGs
[2026-02-05T12:59:04.377+0000] {logging_mixin.py:188} INFO - [2026-02-05T12:59:04.377+0000] {dag.py:3954} INFO - Setting next_dagrun for example_branch_labels to 2026-02-04 00:00:00+00:00, run_after=2026-02-05 00:00:00+00:00
[2026-02-05T12:59:04.385+0000] {processor.py:183} INFO - Processing /home/airflow/.local/lib/python3.12/site-packages/airflow/example_dags/example_branch_labels.py took 0.038 seconds
[2026-02-05T12:59:34.552+0000] {processor.py:161} INFO - Started process (PID=532) to work on /home/airflow/.local/lib/python3.12/site-packages/airflow/example_dags/example_branch_labels.py
[2026-02-05T12:59:34.553+0000] {processor.py:830} INFO - Processing file /home/airflow/.local/lib/python3.12/site-packages/airflow/example_dags/example_branch_labels.py for tasks to queue
[2026-02-05T12:59:34.555+0000] {logging_mixin.py:188} INFO - [2026-02-05T12:59:34.555+0000] {dagbag.py:540} INFO - Filling up the DagBag from /home/airflow/.local/lib/python3.12/site-packages/airflow/example_dags/example_branch_labels.py
[2026-02-05T12:59:34.560+0000] {processor.py:840} INFO - DAG(s) 'example_branch_labels' retrieved from /home/airflow/.local/lib/python3.12/site-packages/airflow/example_dags/example_branch_labels.py
[2026-02-05T12:59:34.572+0000] {logging_mixin.py:188} INFO - [2026-02-05T12:59:34.572+0000] {dag.py:3096} INFO - Sync 1 DAGs
[2026-02-05T12:59:34.582+0000] {logging_mixin.py:188} INFO - [2026-02-05T12:59:34.582+0000] {dag.py:3954} INFO - Setting next_dagrun for example_branch_labels to 2026-02-04 00:00:00+00:00, run_after=2026-02-05 00:00:00+00:00
[2026-02-05T12:59:34.595+0000] {processor.py:183} INFO - Processing /home/airflow/.local/lib/python3.12/site-packages/airflow/example_dags/example_branch_labels.py took 0.045 seconds
[2026-02-05T13:00:04.785+0000] {processor.py:161} INFO - Started process (PID=590) to work on /home/airflow/.local/lib/python3.12/site-packages/airflow/example_dags/example_branch_labels.py
[2026-02-05T13:00:04.789+0000] {processor.py:830} INFO - Processing file /home/airflow/.local/lib/python3.12/site-packages/airflow/example_dags/example_branch_labels.py for tasks to queue
[2026-02-05T13:00:04.790+0000] {logging_mixin.py:188} INFO - [2026-02-05T13:00:04.790+0000] {dagbag.py:540} INFO - Filling up the DagBag from /home/airflow/.local/lib/python3.12/site-packages/airflow/example_dags/example_branch_labels.py
[2026-02-05T13:00:04.808+0000] {processor.py:840} INFO - DAG(s) 'example_branch_labels' retrieved from /home/airflow/.local/lib/python3.12/site-packages/airflow/example_dags/example_branch_labels.py
[2026-02-05T13:00:04.826+0000] {logging_mixin.py:188} INFO - [2026-02-05T13:00:04.826+0000] {dag.py:3096} INFO - Sync 1 DAGs
[2026-02-05T13:00:04.840+0000] {logging_mixin.py:188} INFO - [2026-02-05T13:00:04.840+0000] {dag.py:3954} INFO - Setting next_dagrun for example_branch_labels to 2026-02-04 00:00:00+00:00, run_after=2026-02-05 00:00:00+00:00
[2026-02-05T13:00:04.852+0000] {processor.py:183} INFO - Processing /home/airflow/.local/lib/python3.12/site-packages/airflow/example_dags/example_branch_labels.py took 0.071 seconds
[2026-02-05T13:00:34.933+0000] {processor.py:161} INFO - Started process (PID=648) to work on /home/airflow/.local/lib/python3.12/site-packages/airflow/example_dags/example_branch_labels.py
[2026-02-05T13:00:34.934+0000] {processor.py:830} INFO - Processing file /home/airflow/.local/lib/python3.12/site-packages/airflow/example_dags/example_branch_labels.py for tasks to queue
[2026-02-05T13:00:34.938+0000] {logging_mixin.py:188} INFO - [2026-02-05T13:00:34.938+0000] {dagbag.py:540} INFO - Filling up the DagBag from /home/airflow/.local/lib/python3.12/site-packages/airflow/example_dags/example_branch_labels.py
[2026-02-05T13:00:34.943+0000] {processor.py:840} INFO - DAG(s) 'example_branch_labels' retrieved from /home/airflow/.local/lib/python3.12/site-packages/airflow/example_dags/example_branch_labels.py
[2026-02-05T13:00:34.958+0000] {logging_mixin.py:188} INFO - [2026-02-05T13:00:34.958+0000] {dag.py:3096} INFO - Sync 1 DAGs
[2026-02-05T13:00:34.971+0000] {logging_mixin.py:188} INFO - [2026-02-05T13:00:34.971+0000] {dag.py:3954} INFO - Setting next_dagrun for example_branch_labels to 2026-02-04 00:00:00+00:00, run_after=2026-02-05 00:00:00+00:00
[2026-02-05T13:00:34.981+0000] {processor.py:183} INFO - Processing /home/airflow/.local/lib/python3.12/site-packages/airflow/example_dags/example_branch_labels.py took 0.051 seconds
[2026-02-05T13:01:05.035+0000] {processor.py:161} INFO - Started process (PID=706) to work on /home/airflow/.local/lib/python3.12/site-packages/airflow/example_dags/example_branch_labels.py
[2026-02-05T13:01:05.035+0000] {processor.py:830} INFO - Processing file /home/airflow/.local/lib/python3.12/site-packages/airflow/example_dags/example_branch_labels.py for tasks to queue
[2026-02-05T13:01:05.036+0000] {logging_mixin.py:188} INFO - [2026-02-05T13:01:05.036+0000] {dagbag.py:540} INFO - Filling up the DagBag from /home/airflow/.local/lib/python3.12/site-packages/airflow/example_dags/example_branch_labels.py
[2026-02-05T13:01:05.042+0000] {processor.py:840} INFO - DAG(s) 'example_branch_labels' retrieved from /home/airflow/.local/lib/python3.12/site-packages/airflow/example_dags/example_branch_labels.py
[2026-02-05T13:01:05.053+0000] {logging_mixin.py:188} INFO - [2026-02-05T13:01:05.053+0000] {dag.py:3096} INFO - Sync 1 DAGs
[2026-02-05T13:01:05.062+0000] {logging_mixin.py:188} INFO - [2026-02-05T13:01:05.062+0000] {dag.py:3954} INFO - Setting next_dagrun for example_branch_labels to 2026-02-04 00:00:00+00:00, run_after=2026-02-05 00:00:00+00:00
[2026-02-05T13:01:05.073+0000] {processor.py:183} INFO - Processing /home/airflow/.local/lib/python3.12/site-packages/airflow/example_dags/example_branch_labels.py took 0.041 seconds
[2026-02-05T13:01:35.189+0000] {processor.py:161} INFO - Started process (PID=764) to work on /home/airflow/.local/lib/python3.12/site-packages/airflow/example_dags/example_branch_labels.py
[2026-02-05T13:01:35.192+0000] {processor.py:830} INFO - Processing file /home/airflow/.local/lib/python3.12/site-packages/airflow/example_dags/example_branch_labels.py for tasks to queue
[2026-02-05T13:01:35.193+0000] {logging_mixin.py:188} INFO - [2026-02-05T13:01:35.193+0000] {dagbag.py:540} INFO - Filling up the DagBag from /home/airflow/.local/lib/python3.12/site-packages/airflow/example_dags/example_branch_labels.py
[2026-02-05T13:01:35.197+0000] {processor.py:840} INFO - DAG(s) 'example_branch_labels' retrieved from /home/airflow/.local/lib/python3.12/site-packages/airflow/example_dags/example_branch_labels.py
[2026-02-05T13:01:35.211+0000] {logging_mixin.py:188} INFO - [2026-02-05T13:01:35.211+0000] {dag.py:3096} INFO - Sync 1 DAGs
[2026-02-05T13:01:35.224+0000] {logging_mixin.py:188} INFO - [2026-02-05T13:01:35.224+0000] {dag.py:3954} INFO - Setting next_dagrun for example_branch_labels to 2026-02-04 00:00:00+00:00, run_after=2026-02-05 00:00:00+00:00
[2026-02-05T13:01:35.235+0000] {processor.py:183} INFO - Processing /home/airflow/.local/lib/python3.12/site-packages/airflow/example_dags/example_branch_labels.py took 0.050 seconds
[2026-02-05T13:02:05.659+0000] {processor.py:161} INFO - Started process (PID=821) to work on /home/airflow/.local/lib/python3.12/site-packages/airflow/example_dags/example_branch_labels.py
[2026-02-05T13:02:05.659+0000] {processor.py:830} INFO - Processing file /home/airflow/.local/lib/python3.12/site-packages/airflow/example_dags/example_branch_labels.py for tasks to queue
[2026-02-05T13:02:05.660+0000] {logging_mixin.py:188} INFO - [2026-02-05T13:02:05.660+0000] {dagbag.py:540} INFO - Filling up the DagBag from /home/airflow/.local/lib/python3.12/site-packages/airflow/example_dags/example_branch_labels.py
[2026-02-05T13:02:05.665+0000] {processor.py:840} INFO - DAG(s) 'example_branch_labels' retrieved from /home/airflow/.local/lib/python3.12/site-packages/airflow/example_dags/example_branch_labels.py
[2026-02-05T13:02:05.681+0000] {logging_mixin.py:188} INFO - [2026-02-05T13:02:05.681+0000] {dag.py:3096} INFO - Sync 1 DAGs
[2026-02-05T13:02:05.697+0000] {logging_mixin.py:188} INFO - [2026-02-05T13:02:05.697+0000] {dag.py:3954} INFO - Setting next_dagrun for example_branch_labels to 2026-02-04 00:00:00+00:00, run_after=2026-02-05 00:00:00+00:00
[2026-02-05T13:02:05.713+0000] {processor.py:183} INFO - Processing /home/airflow/.local/lib/python3.12/site-packages/airflow/example_dags/example_branch_labels.py took 0.058 seconds
[2026-02-05T13:02:36.666+0000] {processor.py:161} INFO - Started process (PID=879) to work on /home/airflow/.local/lib/python3.12/site-packages/airflow/example_dags/example_branch_labels.py
[2026-02-05T13:02:36.667+0000] {processor.py:830} INFO - Processing file /home/airflow/.local/lib/python3.12/site-packages/airflow/example_dags/example_branch_labels.py for tasks to queue
[2026-02-05T13:02:36.671+0000] {logging_mixin.py:188} INFO - [2026-02-05T13:02:36.671+0000] {dagbag.py:540} INFO - Filling up the DagBag from /home/airflow/.local/lib/python3.12/site-packages/airflow/example_dags/example_branch_labels.py
[2026-02-05T13:02:36.675+0000] {processor.py:840} INFO - DAG(s) 'example_branch_labels' retrieved from /home/airflow/.local/lib/python3.12/site-packages/airflow/example_dags/example_branch_labels.py
[2026-02-05T13:02:36.690+0000] {logging_mixin.py:188} INFO - [2026-02-05T13:02:36.690+0000] {dag.py:3096} INFO - Sync 1 DAGs
[2026-02-05T13:02:36.704+0000] {logging_mixin.py:188} INFO - [2026-02-05T13:02:36.704+0000] {dag.py:3954} INFO - Setting next_dagrun for example_branch_labels to 2026-02-04 00:00:00+00:00, run_after=2026-02-05 00:00:00+00:00
[2026-02-05T13:02:36.714+0000] {processor.py:183} INFO - Processing /home/airflow/.local/lib/python3.12/site-packages/airflow/example_dags/example_branch_labels.py took 0.052 seconds
[2026-02-05T13:03:06.819+0000] {processor.py:161} INFO - Started process (PID=937) to work on /home/airflow/.local/lib/python3.12/site-packages/airflow/example_dags/example_branch_labels.py
[2026-02-05T13:03:06.820+0000] {processor.py:830} INFO - Processing file /home/airflow/.local/lib/python3.12/site-packages/airflow/example_dags/example_branch_labels.py for tasks to queue
[2026-02-05T13:03:06.821+0000] {logging_mixin.py:188} INFO - [2026-02-05T13:03:06.821+0000] {dagbag.py:540} INFO - Filling up the DagBag from /home/airflow/.local/lib/python3.12/site-packages/airflow/example_dags/example_branch_labels.py
[2026-02-05T13:03:06.825+0000] {processor.py:840} INFO - DAG(s) 'example_branch_labels' retrieved from /home/airflow/.local/lib/python3.12/site-packages/airflow/example_dags/example_branch_labels.py
[2026-02-05T13:03:06.836+0000] {logging_mixin.py:188} INFO - [2026-02-05T13:03:06.836+0000] {dag.py:3096} INFO - Sync 1 DAGs
[2026-02-05T13:03:06.848+0000] {logging_mixin.py:188} INFO - [2026-02-05T13:03:06.848+0000] {dag.py:3954} INFO - Setting next_dagrun for example_branch_labels to 2026-02-04 00:00:00+00:00, run_after=2026-02-05 00:00:00+00:00
[2026-02-05T13:03:06.856+0000] {processor.py:183} INFO - Processing /home/airflow/.local/lib/python3.12/site-packages/airflow/example_dags/example_branch_labels.py took 0.040 seconds
[2026-02-05T13:03:37.004+0000] {processor.py:161} INFO - Started process (PID=995) to work on /home/airflow/.local/lib/python3.12/site-packages/airflow/example_dags/example_branch_labels.py
[2026-02-05T13:03:37.004+0000] {processor.py:830} INFO - Processing file /home/airflow/.local/lib/python3.12/site-packages/airflow/example_dags/example_branch_labels.py for tasks to queue
[2026-02-05T13:03:37.005+0000] {logging_mixin.py:188} INFO - [2026-02-05T13:03:37.005+0000] {dagbag.py:540} INFO - Filling up the DagBag from /home/airflow/.local/lib/python3.12/site-packages/airflow/example_dags/example_branch_labels.py
[2026-02-05T13:03:37.010+0000] {processor.py:840} INFO - DAG(s) 'example_branch_labels' retrieved from /home/airflow/.local/lib/python3.12/site-packages/airflow/example_dags/example_branch_labels.py
[2026-02-05T13:03:37.023+0000] {logging_mixin.py:188} INFO - [2026-02-05T13:03:37.023+0000] {dag.py:3096} INFO - Sync 1 DAGs
[2026-02-05T13:03:37.035+0000] {logging_mixin.py:188} INFO - [2026-02-05T13:03:37.035+0000] {dag.py:3954} INFO - Setting next_dagrun for example_branch_labels to 2026-02-04 00:00:00+00:00, run_after=2026-02-05 00:00:00+00:00
[2026-02-05T13:03:37.046+0000] {processor.py:183} INFO - Processing /home/airflow/.local/lib/python3.12/site-packages/airflow/example_dags/example_branch_labels.py took 0.046 seconds
[2026-02-05T13:04:07.115+0000] {processor.py:161} INFO - Started process (PID=1053) to work on /home/airflow/.local/lib/python3.12/site-packages/airflow/example_dags/example_branch_labels.py
[2026-02-05T13:04:07.116+0000] {processor.py:830} INFO - Processing file /home/airflow/.local/lib/python3.12/site-packages/airflow/example_dags/example_branch_labels.py for tasks to queue
[2026-02-05T13:04:07.117+0000] {logging_mixin.py:188} INFO - [2026-02-05T13:04:07.117+0000] {dagbag.py:540} INFO - Filling up the DagBag from /home/airflow/.local/lib/python3.12/site-packages/airflow/example_dags/example_branch_labels.py
[2026-02-05T13:04:07.121+0000] {processor.py:840} INFO - DAG(s) 'example_branch_labels' retrieved from /home/airflow/.local/lib/python3.12/site-packages/airflow/example_dags/example_branch_labels.py
[2026-02-05T13:04:07.134+0000] {logging_mixin.py:188} INFO - [2026-02-05T13:04:07.134+0000] {dag.py:3096} INFO - Sync 1 DAGs
[2026-02-05T13:04:07.146+0000] {logging_mixin.py:188} INFO - [2026-02-05T13:04:07.146+0000] {dag.py:3954} INFO - Setting next_dagrun for example_branch_labels to 2026-02-04 00:00:00+00:00, run_after=2026-02-05 00:00:00+00:00
[2026-02-05T13:04:07.156+0000] {processor.py:183} INFO - Processing /home/airflow/.local/lib/python3.12/site-packages/airflow/example_dags/example_branch_labels.py took 0.045 seconds
[2026-02-05T13:04:38.432+0000] {processor.py:161} INFO - Started process (PID=1111) to work on /home/airflow/.local/lib/python3.12/site-packages/airflow/example_dags/example_branch_labels.py
[2026-02-05T13:04:38.433+0000] {processor.py:830} INFO - Processing file /home/airflow/.local/lib/python3.12/site-packages/airflow/example_dags/example_branch_labels.py for tasks to queue
[2026-02-05T13:04:38.434+0000] {logging_mixin.py:188} INFO - [2026-02-05T13:04:38.434+0000] {dagbag.py:540} INFO - Filling up the DagBag from /home/airflow/.local/lib/python3.12/site-packages/airflow/example_dags/example_branch_labels.py
[2026-02-05T13:04:38.447+0000] {processor.py:840} INFO - DAG(s) 'example_branch_labels' retrieved from /home/airflow/.local/lib/python3.12/site-packages/airflow/example_dags/example_branch_labels.py
[2026-02-05T13:04:38.467+0000] {logging_mixin.py:188} INFO - [2026-02-05T13:04:38.466+0000] {dag.py:3096} INFO - Sync 1 DAGs
[2026-02-05T13:04:38.480+0000] {logging_mixin.py:188} INFO - [2026-02-05T13:04:38.479+0000] {dag.py:3954} INFO - Setting next_dagrun for example_branch_labels to 2026-02-04 00:00:00+00:00, run_after=2026-02-05 00:00:00+00:00
[2026-02-05T13:04:38.493+0000] {processor.py:183} INFO - Processing /home/airflow/.local/lib/python3.12/site-packages/airflow/example_dags/example_branch_labels.py took 0.064 seconds
[2026-02-05T13:05:09.118+0000] {processor.py:161} INFO - Started process (PID=1169) to work on /home/airflow/.local/lib/python3.12/site-packages/airflow/example_dags/example_branch_labels.py
[2026-02-05T13:05:09.119+0000] {processor.py:830} INFO - Processing file /home/airflow/.local/lib/python3.12/site-packages/airflow/example_dags/example_branch_labels.py for tasks to queue
[2026-02-05T13:05:09.121+0000] {logging_mixin.py:188} INFO - [2026-02-05T13:05:09.120+0000] {dagbag.py:540} INFO - Filling up the DagBag from /home/airflow/.local/lib/python3.12/site-packages/airflow/example_dags/example_branch_labels.py
[2026-02-05T13:05:09.127+0000] {processor.py:840} INFO - DAG(s) 'example_branch_labels' retrieved from /home/airflow/.local/lib/python3.12/site-packages/airflow/example_dags/example_branch_labels.py
[2026-02-05T13:05:09.142+0000] {logging_mixin.py:188} INFO - [2026-02-05T13:05:09.141+0000] {dag.py:3096} INFO - Sync 1 DAGs
[2026-02-05T13:05:09.157+0000] {logging_mixin.py:188} INFO - [2026-02-05T13:05:09.156+0000] {dag.py:3954} INFO - Setting next_dagrun for example_branch_labels to 2026-02-04 00:00:00+00:00, run_after=2026-02-05 00:00:00+00:00
[2026-02-05T13:05:09.276+0000] {processor.py:183} INFO - Processing /home/airflow/.local/lib/python3.12/site-packages/airflow/example_dags/example_branch_labels.py took 0.161 seconds
[2026-02-05T13:05:39.476+0000] {processor.py:161} INFO - Started process (PID=1227) to work on /home/airflow/.local/lib/python3.12/site-packages/airflow/example_dags/example_branch_labels.py
[2026-02-05T13:05:39.476+0000] {processor.py:830} INFO - Processing file /home/airflow/.local/lib/python3.12/site-packages/airflow/example_dags/example_branch_labels.py for tasks to queue
[2026-02-05T13:05:39.478+0000] {logging_mixin.py:188} INFO - [2026-02-05T13:05:39.477+0000] {dagbag.py:540} INFO - Filling up the DagBag from /home/airflow/.local/lib/python3.12/site-packages/airflow/example_dags/example_branch_labels.py
[2026-02-05T13:05:39.482+0000] {processor.py:840} INFO - DAG(s) 'example_branch_labels' retrieved from /home/airflow/.local/lib/python3.12/site-packages/airflow/example_dags/example_branch_labels.py
[2026-02-05T13:05:39.494+0000] {logging_mixin.py:188} INFO - [2026-02-05T13:05:39.494+0000] {dag.py:3096} INFO - Sync 1 DAGs
[2026-02-05T13:05:39.506+0000] {logging_mixin.py:188} INFO - [2026-02-05T13:05:39.506+0000] {dag.py:3954} INFO - Setting next_dagrun for example_branch_labels to 2026-02-04 00:00:00+00:00, run_after=2026-02-05 00:00:00+00:00
[2026-02-05T13:05:39.518+0000] {processor.py:183} INFO - Processing /home/airflow/.local/lib/python3.12/site-packages/airflow/example_dags/example_branch_labels.py took 0.046 seconds
[2026-02-05T13:06:10.228+0000] {processor.py:161} INFO - Started process (PID=1284) to work on /home/airflow/.local/lib/python3.12/site-packages/airflow/example_dags/example_branch_labels.py
[2026-02-05T13:06:10.229+0000] {processor.py:830} INFO - Processing file /home/airflow/.local/lib/python3.12/site-packages/airflow/example_dags/example_branch_labels.py for tasks to queue
[2026-02-05T13:06:10.234+0000] {logging_mixin.py:188} INFO - [2026-02-05T13:06:10.233+0000] {dagbag.py:540} INFO - Filling up the DagBag from /home/airflow/.local/lib/python3.12/site-packages/airflow/example_dags/example_branch_labels.py
[2026-02-05T13:06:10.239+0000] {processor.py:840} INFO - DAG(s) 'example_branch_labels' retrieved from /home/airflow/.local/lib/python3.12/site-packages/airflow/example_dags/example_branch_labels.py
[2026-02-05T13:06:10.252+0000] {logging_mixin.py:188} INFO - [2026-02-05T13:06:10.252+0000] {dag.py:3096} INFO - Sync 1 DAGs
[2026-02-05T13:06:10.265+0000] {logging_mixin.py:188} INFO - [2026-02-05T13:06:10.264+0000] {dag.py:3954} INFO - Setting next_dagrun for example_branch_labels to 2026-02-04 00:00:00+00:00, run_after=2026-02-05 00:00:00+00:00
[2026-02-05T13:06:10.276+0000] {processor.py:183} INFO - Processing /home/airflow/.local/lib/python3.12/site-packages/airflow/example_dags/example_branch_labels.py took 0.051 seconds
[2026-02-05T13:06:41.357+0000] {processor.py:161} INFO - Started process (PID=1342) to work on /home/airflow/.local/lib/python3.12/site-packages/airflow/example_dags/example_branch_labels.py
[2026-02-05T13:06:41.358+0000] {processor.py:830} INFO - Processing file /home/airflow/.local/lib/python3.12/site-packages/airflow/example_dags/example_branch_labels.py for tasks to queue
[2026-02-05T13:06:41.359+0000] {logging_mixin.py:188} INFO - [2026-02-05T13:06:41.359+0000] {dagbag.py:540} INFO - Filling up the DagBag from /home/airflow/.local/lib/python3.12/site-packages/airflow/example_dags/example_branch_labels.py
[2026-02-05T13:06:41.363+0000] {processor.py:840} INFO - DAG(s) 'example_branch_labels' retrieved from /home/airflow/.local/lib/python3.12/site-packages/airflow/example_dags/example_branch_labels.py
[2026-02-05T13:06:41.374+0000] {logging_mixin.py:188} INFO - [2026-02-05T13:06:41.374+0000] {dag.py:3096} INFO - Sync 1 DAGs
[2026-02-05T13:06:41.385+0000] {logging_mixin.py:188} INFO - [2026-02-05T13:06:41.385+0000] {dag.py:3954} INFO - Setting next_dagrun for example_branch_labels to 2026-02-04 00:00:00+00:00, run_after=2026-02-05 00:00:00+00:00
[2026-02-05T13:06:41.394+0000] {processor.py:183} INFO - Processing /home/airflow/.local/lib/python3.12/site-packages/airflow/example_dags/example_branch_labels.py took 0.041 seconds
[2026-02-05T13:07:11.524+0000] {processor.py:161} INFO - Started process (PID=1400) to work on /home/airflow/.local/lib/python3.12/site-packages/airflow/example_dags/example_branch_labels.py
[2026-02-05T13:07:11.525+0000] {processor.py:830} INFO - Processing file /home/airflow/.local/lib/python3.12/site-packages/airflow/example_dags/example_branch_labels.py for tasks to queue
[2026-02-05T13:07:11.527+0000] {logging_mixin.py:188} INFO - [2026-02-05T13:07:11.526+0000] {dagbag.py:540} INFO - Filling up the DagBag from /home/airflow/.local/lib/python3.12/site-packages/airflow/example_dags/example_branch_labels.py
[2026-02-05T13:07:11.531+0000] {processor.py:840} INFO - DAG(s) 'example_branch_labels' retrieved from /home/airflow/.local/lib/python3.12/site-packages/airflow/example_dags/example_branch_labels.py
[2026-02-05T13:07:11.545+0000] {logging_mixin.py:188} INFO - [2026-02-05T13:07:11.544+0000] {dag.py:3096} INFO - Sync 1 DAGs
[2026-02-05T13:07:11.558+0000] {logging_mixin.py:188} INFO - [2026-02-05T13:07:11.558+0000] {dag.py:3954} INFO - Setting next_dagrun for example_branch_labels to 2026-02-04 00:00:00+00:00, run_after=2026-02-05 00:00:00+00:00
[2026-02-05T13:07:11.571+0000] {processor.py:183} INFO - Processing /home/airflow/.local/lib/python3.12/site-packages/airflow/example_dags/example_branch_labels.py took 0.051 seconds
[2026-02-05T13:07:41.584+0000] {processor.py:161} INFO - Started process (PID=1458) to work on /home/airflow/.local/lib/python3.12/site-packages/airflow/example_dags/example_branch_labels.py
[2026-02-05T13:07:41.585+0000] {processor.py:830} INFO - Processing file /home/airflow/.local/lib/python3.12/site-packages/airflow/example_dags/example_branch_labels.py for tasks to queue
[2026-02-05T13:07:41.586+0000] {logging_mixin.py:188} INFO - [2026-02-05T13:07:41.585+0000] {dagbag.py:540} INFO - Filling up the DagBag from /home/airflow/.local/lib/python3.12/site-packages/airflow/example_dags/example_branch_labels.py
[2026-02-05T13:07:41.590+0000] {processor.py:840} INFO - DAG(s) 'example_branch_labels' retrieved from /home/airflow/.local/lib/python3.12/site-packages/airflow/example_dags/example_branch_labels.py
[2026-02-05T13:07:41.601+0000] {logging_mixin.py:188} INFO - [2026-02-05T13:07:41.601+0000] {dag.py:3096} INFO - Sync 1 DAGs
[2026-02-05T13:07:41.613+0000] {logging_mixin.py:188} INFO - [2026-02-05T13:07:41.612+0000] {dag.py:3954} INFO - Setting next_dagrun for example_branch_labels to 2026-02-04 00:00:00+00:00, run_after=2026-02-05 00:00:00+00:00
[2026-02-05T13:07:41.621+0000] {processor.py:183} INFO - Processing /home/airflow/.local/lib/python3.12/site-packages/airflow/example_dags/example_branch_labels.py took 0.041 seconds
[2026-02-05T13:08:11.877+0000] {processor.py:161} INFO - Started process (PID=1516) to work on /home/airflow/.local/lib/python3.12/site-packages/airflow/example_dags/example_branch_labels.py
[2026-02-05T13:08:11.879+0000] {processor.py:830} INFO - Processing file /home/airflow/.local/lib/python3.12/site-packages/airflow/example_dags/example_branch_labels.py for tasks to queue
[2026-02-05T13:08:11.880+0000] {logging_mixin.py:188} INFO - [2026-02-05T13:08:11.880+0000] {dagbag.py:540} INFO - Filling up the DagBag from /home/airflow/.local/lib/python3.12/site-packages/airflow/example_dags/example_branch_labels.py
[2026-02-05T13:08:11.885+0000] {processor.py:840} INFO - DAG(s) 'example_branch_labels' retrieved from /home/airflow/.local/lib/python3.12/site-packages/airflow/example_dags/example_branch_labels.py
[2026-02-05T13:08:11.900+0000] {logging_mixin.py:188} INFO - [2026-02-05T13:08:11.900+0000] {dag.py:3096} INFO - Sync 1 DAGs
[2026-02-05T13:08:11.916+0000] {logging_mixin.py:188} INFO - [2026-02-05T13:08:11.916+0000] {dag.py:3954} INFO - Setting next_dagrun for example_branch_labels to 2026-02-04 00:00:00+00:00, run_after=2026-02-05 00:00:00+00:00
[2026-02-05T13:08:11.929+0000] {processor.py:183} INFO - Processing /home/airflow/.local/lib/python3.12/site-packages/airflow/example_dags/example_branch_labels.py took 0.058 seconds
[2026-02-05T13:08:42.132+0000] {processor.py:161} INFO - Started process (PID=1573) to work on /home/airflow/.local/lib/python3.12/site-packages/airflow/example_dags/example_branch_labels.py
[2026-02-05T13:08:42.135+0000] {processor.py:830} INFO - Processing file /home/airflow/.local/lib/python3.12/site-packages/airflow/example_dags/example_branch_labels.py for tasks to queue
[2026-02-05T13:08:42.136+0000] {logging_mixin.py:188} INFO - [2026-02-05T13:08:42.136+0000] {dagbag.py:540} INFO - Filling up the DagBag from /home/airflow/.local/lib/python3.12/site-packages/airflow/example_dags/example_branch_labels.py
[2026-02-05T13:08:42.140+0000] {processor.py:840} INFO - DAG(s) 'example_branch_labels' retrieved from /home/airflow/.local/lib/python3.12/site-packages/airflow/example_dags/example_branch_labels.py
[2026-02-05T13:08:42.152+0000] {logging_mixin.py:188} INFO - [2026-02-05T13:08:42.152+0000] {dag.py:3096} INFO - Sync 1 DAGs
[2026-02-05T13:08:42.163+0000] {logging_mixin.py:188} INFO - [2026-02-05T13:08:42.163+0000] {dag.py:3954} INFO - Setting next_dagrun for example_branch_labels to 2026-02-04 00:00:00+00:00, run_after=2026-02-05 00:00:00+00:00
[2026-02-05T13:08:42.172+0000] {processor.py:183} INFO - Processing /home/airflow/.local/lib/python3.12/site-packages/airflow/example_dags/example_branch_labels.py took 0.045 seconds
[2026-02-05T13:09:12.296+0000] {processor.py:161} INFO - Started process (PID=1631) to work on /home/airflow/.local/lib/python3.12/site-packages/airflow/example_dags/example_branch_labels.py
[2026-02-05T13:09:12.297+0000] {processor.py:830} INFO - Processing file /home/airflow/.local/lib/python3.12/site-packages/airflow/example_dags/example_branch_labels.py for tasks to queue
[2026-02-05T13:09:12.298+0000] {logging_mixin.py:188} INFO - [2026-02-05T13:09:12.298+0000] {dagbag.py:540} INFO - Filling up the DagBag from /home/airflow/.local/lib/python3.12/site-packages/airflow/example_dags/example_branch_labels.py
[2026-02-05T13:09:12.302+0000] {processor.py:840} INFO - DAG(s) 'example_branch_labels' retrieved from /home/airflow/.local/lib/python3.12/site-packages/airflow/example_dags/example_branch_labels.py
[2026-02-05T13:09:12.315+0000] {logging_mixin.py:188} INFO - [2026-02-05T13:09:12.315+0000] {dag.py:3096} INFO - Sync 1 DAGs
[2026-02-05T13:09:12.326+0000] {logging_mixin.py:188} INFO - [2026-02-05T13:09:12.326+0000] {dag.py:3954} INFO - Setting next_dagrun for example_branch_labels to 2026-02-04 00:00:00+00:00, run_after=2026-02-05 00:00:00+00:00
[2026-02-05T13:09:12.336+0000] {processor.py:183} INFO - Processing /home/airflow/.local/lib/python3.12/site-packages/airflow/example_dags/example_branch_labels.py took 0.044 seconds
[2026-02-05T13:09:42.612+0000] {processor.py:161} INFO - Started process (PID=1689) to work on /home/airflow/.local/lib/python3.12/site-packages/airflow/example_dags/example_branch_labels.py
[2026-02-05T13:09:42.616+0000] {processor.py:830} INFO - Processing file /home/airflow/.local/lib/python3.12/site-packages/airflow/example_dags/example_branch_labels.py for tasks to queue
[2026-02-05T13:09:42.617+0000] {logging_mixin.py:188} INFO - [2026-02-05T13:09:42.616+0000] {dagbag.py:540} INFO - Filling up the DagBag from /home/airflow/.local/lib/python3.12/site-packages/airflow/example_dags/example_branch_labels.py
[2026-02-05T13:09:42.621+0000] {processor.py:840} INFO - DAG(s) 'example_branch_labels' retrieved from /home/airflow/.local/lib/python3.12/site-packages/airflow/example_dags/example_branch_labels.py
[2026-02-05T13:09:42.636+0000] {logging_mixin.py:188} INFO - [2026-02-05T13:09:42.636+0000] {dag.py:3096} INFO - Sync 1 DAGs
[2026-02-05T13:09:42.648+0000] {logging_mixin.py:188} INFO - [2026-02-05T13:09:42.648+0000] {dag.py:3954} INFO - Setting next_dagrun for example_branch_labels to 2026-02-04 00:00:00+00:00, run_after=2026-02-05 00:00:00+00:00
[2026-02-05T13:09:42.657+0000] {processor.py:183} INFO - Processing /home/airflow/.local/lib/python3.12/site-packages/airflow/example_dags/example_branch_labels.py took 0.050 seconds
[2026-02-05T13:10:12.925+0000] {processor.py:161} INFO - Started process (PID=1746) to work on /home/airflow/.local/lib/python3.12/site-packages/airflow/example_dags/example_branch_labels.py
[2026-02-05T13:10:12.927+0000] {processor.py:830} INFO - Processing file /home/airflow/.local/lib/python3.12/site-packages/airflow/example_dags/example_branch_labels.py for tasks to queue
[2026-02-05T13:10:12.929+0000] {logging_mixin.py:188} INFO - [2026-02-05T13:10:12.928+0000] {dagbag.py:540} INFO - Filling up the DagBag from /home/airflow/.local/lib/python3.12/site-packages/airflow/example_dags/example_branch_labels.py
[2026-02-05T13:10:12.933+0000] {processor.py:840} INFO - DAG(s) 'example_branch_labels' retrieved from /home/airflow/.local/lib/python3.12/site-packages/airflow/example_dags/example_branch_labels.py
[2026-02-05T13:10:12.947+0000] {logging_mixin.py:188} INFO - [2026-02-05T13:10:12.947+0000] {dag.py:3096} INFO - Sync 1 DAGs
[2026-02-05T13:10:12.960+0000] {logging_mixin.py:188} INFO - [2026-02-05T13:10:12.960+0000] {dag.py:3954} INFO - Setting next_dagrun for example_branch_labels to 2026-02-04 00:00:00+00:00, run_after=2026-02-05 00:00:00+00:00
[2026-02-05T13:10:12.971+0000] {processor.py:183} INFO - Processing /home/airflow/.local/lib/python3.12/site-packages/airflow/example_dags/example_branch_labels.py took 0.050 seconds
[2026-02-05T13:10:43.067+0000] {processor.py:161} INFO - Started process (PID=1804) to work on /home/airflow/.local/lib/python3.12/site-packages/airflow/example_dags/example_branch_labels.py
[2026-02-05T13:10:43.068+0000] {processor.py:830} INFO - Processing file /home/airflow/.local/lib/python3.12/site-packages/airflow/example_dags/example_branch_labels.py for tasks to queue
[2026-02-05T13:10:43.069+0000] {logging_mixin.py:188} INFO - [2026-02-05T13:10:43.069+0000] {dagbag.py:540} INFO - Filling up the DagBag from /home/airflow/.local/lib/python3.12/site-packages/airflow/example_dags/example_branch_labels.py
[2026-02-05T13:10:43.074+0000] {processor.py:840} INFO - DAG(s) 'example_branch_labels' retrieved from /home/airflow/.local/lib/python3.12/site-packages/airflow/example_dags/example_branch_labels.py
[2026-02-05T13:10:43.088+0000] {logging_mixin.py:188} INFO - [2026-02-05T13:10:43.088+0000] {dag.py:3096} INFO - Sync 1 DAGs
[2026-02-05T13:10:43.101+0000] {logging_mixin.py:188} INFO - [2026-02-05T13:10:43.100+0000] {dag.py:3954} INFO - Setting next_dagrun for example_branch_labels to 2026-02-04 00:00:00+00:00, run_after=2026-02-05 00:00:00+00:00
[2026-02-05T13:10:43.113+0000] {processor.py:183} INFO - Processing /home/airflow/.local/lib/python3.12/site-packages/airflow/example_dags/example_branch_labels.py took 0.050 seconds
[2026-02-05T13:11:13.885+0000] {processor.py:161} INFO - Started process (PID=1862) to work on /home/airflow/.local/lib/python3.12/site-packages/airflow/example_dags/example_branch_labels.py
[2026-02-05T13:11:13.886+0000] {processor.py:830} INFO - Processing file /home/airflow/.local/lib/python3.12/site-packages/airflow/example_dags/example_branch_labels.py for tasks to queue
[2026-02-05T13:11:13.887+0000] {logging_mixin.py:188} INFO - [2026-02-05T13:11:13.886+0000] {dagbag.py:540} INFO - Filling up the DagBag from /home/airflow/.local/lib/python3.12/site-packages/airflow/example_dags/example_branch_labels.py
[2026-02-05T13:11:13.891+0000] {processor.py:840} INFO - DAG(s) 'example_branch_labels' retrieved from /home/airflow/.local/lib/python3.12/site-packages/airflow/example_dags/example_branch_labels.py
[2026-02-05T13:11:13.903+0000] {logging_mixin.py:188} INFO - [2026-02-05T13:11:13.903+0000] {dag.py:3096} INFO - Sync 1 DAGs
[2026-02-05T13:11:13.913+0000] {logging_mixin.py:188} INFO - [2026-02-05T13:11:13.913+0000] {dag.py:3954} INFO - Setting next_dagrun for example_branch_labels to 2026-02-04 00:00:00+00:00, run_after=2026-02-05 00:00:00+00:00
[2026-02-05T13:11:13.923+0000] {processor.py:183} INFO - Processing /home/airflow/.local/lib/python3.12/site-packages/airflow/example_dags/example_branch_labels.py took 0.043 seconds
[2026-02-05T13:11:44.797+0000] {processor.py:161} INFO - Started process (PID=1920) to work on /home/airflow/.local/lib/python3.12/site-packages/airflow/example_dags/example_branch_labels.py
[2026-02-05T13:11:44.799+0000] {processor.py:830} INFO - Processing file /home/airflow/.local/lib/python3.12/site-packages/airflow/example_dags/example_branch_labels.py for tasks to queue
[2026-02-05T13:11:44.800+0000] {logging_mixin.py:188} INFO - [2026-02-05T13:11:44.800+0000] {dagbag.py:540} INFO - Filling up the DagBag from /home/airflow/.local/lib/python3.12/site-packages/airflow/example_dags/example_branch_labels.py
[2026-02-05T13:11:44.805+0000] {processor.py:840} INFO - DAG(s) 'example_branch_labels' retrieved from /home/airflow/.local/lib/python3.12/site-packages/airflow/example_dags/example_branch_labels.py
[2026-02-05T13:11:44.817+0000] {logging_mixin.py:188} INFO - [2026-02-05T13:11:44.817+0000] {dag.py:3096} INFO - Sync 1 DAGs
[2026-02-05T13:11:44.828+0000] {logging_mixin.py:188} INFO - [2026-02-05T13:11:44.828+0000] {dag.py:3954} INFO - Setting next_dagrun for example_branch_labels to 2026-02-04 00:00:00+00:00, run_after=2026-02-05 00:00:00+00:00
[2026-02-05T13:11:44.838+0000] {processor.py:183} INFO - Processing /home/airflow/.local/lib/python3.12/site-packages/airflow/example_dags/example_branch_labels.py took 0.044 seconds
[2026-02-05T13:12:15.701+0000] {processor.py:161} INFO - Started process (PID=1978) to work on /home/airflow/.local/lib/python3.12/site-packages/airflow/example_dags/example_branch_labels.py
[2026-02-05T13:12:15.701+0000] {processor.py:830} INFO - Processing file /home/airflow/.local/lib/python3.12/site-packages/airflow/example_dags/example_branch_labels.py for tasks to queue
[2026-02-05T13:12:15.704+0000] {logging_mixin.py:188} INFO - [2026-02-05T13:12:15.704+0000] {dagbag.py:540} INFO - Filling up the DagBag from /home/airflow/.local/lib/python3.12/site-packages/airflow/example_dags/example_branch_labels.py
[2026-02-05T13:12:15.709+0000] {processor.py:840} INFO - DAG(s) 'example_branch_labels' retrieved from /home/airflow/.local/lib/python3.12/site-packages/airflow/example_dags/example_branch_labels.py
[2026-02-05T13:12:15.720+0000] {logging_mixin.py:188} INFO - [2026-02-05T13:12:15.720+0000] {dag.py:3096} INFO - Sync 1 DAGs
[2026-02-05T13:12:15.732+0000] {logging_mixin.py:188} INFO - [2026-02-05T13:12:15.732+0000] {dag.py:3954} INFO - Setting next_dagrun for example_branch_labels to 2026-02-04 00:00:00+00:00, run_after=2026-02-05 00:00:00+00:00
[2026-02-05T13:12:15.742+0000] {processor.py:183} INFO - Processing /home/airflow/.local/lib/python3.12/site-packages/airflow/example_dags/example_branch_labels.py took 0.044 seconds
[2026-02-05T13:12:46.613+0000] {processor.py:161} INFO - Started process (PID=2036) to work on /home/airflow/.local/lib/python3.12/site-packages/airflow/example_dags/example_branch_labels.py
[2026-02-05T13:12:46.618+0000] {processor.py:830} INFO - Processing file /home/airflow/.local/lib/python3.12/site-packages/airflow/example_dags/example_branch_labels.py for tasks to queue
[2026-02-05T13:12:46.621+0000] {logging_mixin.py:188} INFO - [2026-02-05T13:12:46.620+0000] {dagbag.py:540} INFO - Filling up the DagBag from /home/airflow/.local/lib/python3.12/site-packages/airflow/example_dags/example_branch_labels.py
[2026-02-05T13:12:46.628+0000] {processor.py:840} INFO - DAG(s) 'example_branch_labels' retrieved from /home/airflow/.local/lib/python3.12/site-packages/airflow/example_dags/example_branch_labels.py
[2026-02-05T13:12:46.647+0000] {logging_mixin.py:188} INFO - [2026-02-05T13:12:46.647+0000] {dag.py:3096} INFO - Sync 1 DAGs
[2026-02-05T13:12:46.662+0000] {logging_mixin.py:188} INFO - [2026-02-05T13:12:46.662+0000] {dag.py:3954} INFO - Setting next_dagrun for example_branch_labels to 2026-02-04 00:00:00+00:00, run_after=2026-02-05 00:00:00+00:00
[2026-02-05T13:12:46.672+0000] {processor.py:183} INFO - Processing /home/airflow/.local/lib/python3.12/site-packages/airflow/example_dags/example_branch_labels.py took 0.063 seconds
[2026-02-05T13:13:17.447+0000] {processor.py:161} INFO - Started process (PID=2093) to work on /home/airflow/.local/lib/python3.12/site-packages/airflow/example_dags/example_branch_labels.py
[2026-02-05T13:13:17.450+0000] {processor.py:830} INFO - Processing file /home/airflow/.local/lib/python3.12/site-packages/airflow/example_dags/example_branch_labels.py for tasks to queue
[2026-02-05T13:13:17.452+0000] {logging_mixin.py:188} INFO - [2026-02-05T13:13:17.451+0000] {dagbag.py:540} INFO - Filling up the DagBag from /home/airflow/.local/lib/python3.12/site-packages/airflow/example_dags/example_branch_labels.py
[2026-02-05T13:13:17.456+0000] {processor.py:840} INFO - DAG(s) 'example_branch_labels' retrieved from /home/airflow/.local/lib/python3.12/site-packages/airflow/example_dags/example_branch_labels.py
[2026-02-05T13:13:17.469+0000] {logging_mixin.py:188} INFO - [2026-02-05T13:13:17.469+0000] {dag.py:3096} INFO - Sync 1 DAGs
[2026-02-05T13:13:17.482+0000] {logging_mixin.py:188} INFO - [2026-02-05T13:13:17.482+0000] {dag.py:3954} INFO - Setting next_dagrun for example_branch_labels to 2026-02-04 00:00:00+00:00, run_after=2026-02-05 00:00:00+00:00
[2026-02-05T13:13:17.492+0000] {processor.py:183} INFO - Processing /home/airflow/.local/lib/python3.12/site-packages/airflow/example_dags/example_branch_labels.py took 0.049 seconds
[2026-02-05T13:13:48.257+0000] {processor.py:161} INFO - Started process (PID=2151) to work on /home/airflow/.local/lib/python3.12/site-packages/airflow/example_dags/example_branch_labels.py
[2026-02-05T13:13:48.257+0000] {processor.py:830} INFO - Processing file /home/airflow/.local/lib/python3.12/site-packages/airflow/example_dags/example_branch_labels.py for tasks to queue
[2026-02-05T13:13:48.258+0000] {logging_mixin.py:188} INFO - [2026-02-05T13:13:48.258+0000] {dagbag.py:540} INFO - Filling up the DagBag from /home/airflow/.local/lib/python3.12/site-packages/airflow/example_dags/example_branch_labels.py
[2026-02-05T13:13:48.263+0000] {processor.py:840} INFO - DAG(s) 'example_branch_labels' retrieved from /home/airflow/.local/lib/python3.12/site-packages/airflow/example_dags/example_branch_labels.py
[2026-02-05T13:13:48.276+0000] {logging_mixin.py:188} INFO - [2026-02-05T13:13:48.276+0000] {dag.py:3096} INFO - Sync 1 DAGs
[2026-02-05T13:13:48.288+0000] {logging_mixin.py:188} INFO - [2026-02-05T13:13:48.288+0000] {dag.py:3954} INFO - Setting next_dagrun for example_branch_labels to 2026-02-04 00:00:00+00:00, run_after=2026-02-05 00:00:00+00:00
[2026-02-05T13:13:48.301+0000] {processor.py:183} INFO - Processing /home/airflow/.local/lib/python3.12/site-packages/airflow/example_dags/example_branch_labels.py took 0.049 seconds
[2026-02-05T13:14:19.254+0000] {processor.py:161} INFO - Started process (PID=2209) to work on /home/airflow/.local/lib/python3.12/site-packages/airflow/example_dags/example_branch_labels.py
[2026-02-05T13:14:19.255+0000] {processor.py:830} INFO - Processing file /home/airflow/.local/lib/python3.12/site-packages/airflow/example_dags/example_branch_labels.py for tasks to queue
[2026-02-05T13:14:19.256+0000] {logging_mixin.py:188} INFO - [2026-02-05T13:14:19.256+0000] {dagbag.py:540} INFO - Filling up the DagBag from /home/airflow/.local/lib/python3.12/site-packages/airflow/example_dags/example_branch_labels.py
[2026-02-05T13:14:19.261+0000] {processor.py:840} INFO - DAG(s) 'example_branch_labels' retrieved from /home/airflow/.local/lib/python3.12/site-packages/airflow/example_dags/example_branch_labels.py
[2026-02-05T13:14:19.273+0000] {logging_mixin.py:188} INFO - [2026-02-05T13:14:19.273+0000] {dag.py:3096} INFO - Sync 1 DAGs
[2026-02-05T13:14:19.285+0000] {logging_mixin.py:188} INFO - [2026-02-05T13:14:19.285+0000] {dag.py:3954} INFO - Setting next_dagrun for example_branch_labels to 2026-02-04 00:00:00+00:00, run_after=2026-02-05 00:00:00+00:00
[2026-02-05T13:14:19.296+0000] {processor.py:183} INFO - Processing /home/airflow/.local/lib/python3.12/site-packages/airflow/example_dags/example_branch_labels.py took 0.046 seconds
[2026-02-05T13:14:49.340+0000] {processor.py:161} INFO - Started process (PID=2267) to work on /home/airflow/.local/lib/python3.12/site-packages/airflow/example_dags/example_branch_labels.py
[2026-02-05T13:14:49.344+0000] {processor.py:830} INFO - Processing file /home/airflow/.local/lib/python3.12/site-packages/airflow/example_dags/example_branch_labels.py for tasks to queue
[2026-02-05T13:14:49.345+0000] {logging_mixin.py:188} INFO - [2026-02-05T13:14:49.345+0000] {dagbag.py:540} INFO - Filling up the DagBag from /home/airflow/.local/lib/python3.12/site-packages/airflow/example_dags/example_branch_labels.py
[2026-02-05T13:14:49.350+0000] {processor.py:840} INFO - DAG(s) 'example_branch_labels' retrieved from /home/airflow/.local/lib/python3.12/site-packages/airflow/example_dags/example_branch_labels.py
[2026-02-05T13:14:49.366+0000] {logging_mixin.py:188} INFO - [2026-02-05T13:14:49.366+0000] {dag.py:3096} INFO - Sync 1 DAGs
[2026-02-05T13:14:49.379+0000] {logging_mixin.py:188} INFO - [2026-02-05T13:14:49.379+0000] {dag.py:3954} INFO - Setting next_dagrun for example_branch_labels to 2026-02-04 00:00:00+00:00, run_after=2026-02-05 00:00:00+00:00
[2026-02-05T13:14:49.390+0000] {processor.py:183} INFO - Processing /home/airflow/.local/lib/python3.12/site-packages/airflow/example_dags/example_branch_labels.py took 0.053 seconds
[2026-02-05T13:15:20.362+0000] {processor.py:161} INFO - Started process (PID=2324) to work on /home/airflow/.local/lib/python3.12/site-packages/airflow/example_dags/example_branch_labels.py
[2026-02-05T13:15:20.363+0000] {processor.py:830} INFO - Processing file /home/airflow/.local/lib/python3.12/site-packages/airflow/example_dags/example_branch_labels.py for tasks to queue
[2026-02-05T13:15:20.364+0000] {logging_mixin.py:188} INFO - [2026-02-05T13:15:20.364+0000] {dagbag.py:540} INFO - Filling up the DagBag from /home/airflow/.local/lib/python3.12/site-packages/airflow/example_dags/example_branch_labels.py
[2026-02-05T13:15:20.371+0000] {processor.py:840} INFO - DAG(s) 'example_branch_labels' retrieved from /home/airflow/.local/lib/python3.12/site-packages/airflow/example_dags/example_branch_labels.py
[2026-02-05T13:15:20.385+0000] {logging_mixin.py:188} INFO - [2026-02-05T13:15:20.385+0000] {dag.py:3096} INFO - Sync 1 DAGs
[2026-02-05T13:15:20.397+0000] {logging_mixin.py:188} INFO - [2026-02-05T13:15:20.397+0000] {dag.py:3954} INFO - Setting next_dagrun for example_branch_labels to 2026-02-04 00:00:00+00:00, run_after=2026-02-05 00:00:00+00:00
[2026-02-05T13:15:20.409+0000] {processor.py:183} INFO - Processing /home/airflow/.local/lib/python3.12/site-packages/airflow/example_dags/example_branch_labels.py took 0.051 seconds
[2026-02-05T13:15:51.215+0000] {processor.py:161} INFO - Started process (PID=2382) to work on /home/airflow/.local/lib/python3.12/site-packages/airflow/example_dags/example_branch_labels.py
[2026-02-05T13:15:51.218+0000] {processor.py:830} INFO - Processing file /home/airflow/.local/lib/python3.12/site-packages/airflow/example_dags/example_branch_labels.py for tasks to queue
[2026-02-05T13:15:51.219+0000] {logging_mixin.py:188} INFO - [2026-02-05T13:15:51.219+0000] {dagbag.py:540} INFO - Filling up the DagBag from /home/airflow/.local/lib/python3.12/site-packages/airflow/example_dags/example_branch_labels.py
[2026-02-05T13:15:51.224+0000] {processor.py:840} INFO - DAG(s) 'example_branch_labels' retrieved from /home/airflow/.local/lib/python3.12/site-packages/airflow/example_dags/example_branch_labels.py
[2026-02-05T13:15:51.238+0000] {logging_mixin.py:188} INFO - [2026-02-05T13:15:51.238+0000] {dag.py:3096} INFO - Sync 1 DAGs
[2026-02-05T13:15:51.252+0000] {logging_mixin.py:188} INFO - [2026-02-05T13:15:51.252+0000] {dag.py:3954} INFO - Setting next_dagrun for example_branch_labels to 2026-02-04 00:00:00+00:00, run_after=2026-02-05 00:00:00+00:00
[2026-02-05T13:15:51.265+0000] {processor.py:183} INFO - Processing /home/airflow/.local/lib/python3.12/site-packages/airflow/example_dags/example_branch_labels.py took 0.055 seconds
[2026-02-05T13:16:22.210+0000] {processor.py:161} INFO - Started process (PID=2440) to work on /home/airflow/.local/lib/python3.12/site-packages/airflow/example_dags/example_branch_labels.py
[2026-02-05T13:16:22.214+0000] {processor.py:830} INFO - Processing file /home/airflow/.local/lib/python3.12/site-packages/airflow/example_dags/example_branch_labels.py for tasks to queue
[2026-02-05T13:16:22.216+0000] {logging_mixin.py:188} INFO - [2026-02-05T13:16:22.216+0000] {dagbag.py:540} INFO - Filling up the DagBag from /home/airflow/.local/lib/python3.12/site-packages/airflow/example_dags/example_branch_labels.py
[2026-02-05T13:16:22.221+0000] {processor.py:840} INFO - DAG(s) 'example_branch_labels' retrieved from /home/airflow/.local/lib/python3.12/site-packages/airflow/example_dags/example_branch_labels.py
[2026-02-05T13:16:22.238+0000] {logging_mixin.py:188} INFO - [2026-02-05T13:16:22.238+0000] {dag.py:3096} INFO - Sync 1 DAGs
[2026-02-05T13:16:22.254+0000] {logging_mixin.py:188} INFO - [2026-02-05T13:16:22.254+0000] {dag.py:3954} INFO - Setting next_dagrun for example_branch_labels to 2026-02-04 00:00:00+00:00, run_after=2026-02-05 00:00:00+00:00
[2026-02-05T13:16:22.264+0000] {processor.py:183} INFO - Processing /home/airflow/.local/lib/python3.12/site-packages/airflow/example_dags/example_branch_labels.py took 0.057 seconds
[2026-02-05T13:16:53.263+0000] {processor.py:161} INFO - Started process (PID=2498) to work on /home/airflow/.local/lib/python3.12/site-packages/airflow/example_dags/example_branch_labels.py
[2026-02-05T13:16:53.264+0000] {processor.py:830} INFO - Processing file /home/airflow/.local/lib/python3.12/site-packages/airflow/example_dags/example_branch_labels.py for tasks to queue
[2026-02-05T13:16:53.265+0000] {logging_mixin.py:188} INFO - [2026-02-05T13:16:53.265+0000] {dagbag.py:540} INFO - Filling up the DagBag from /home/airflow/.local/lib/python3.12/site-packages/airflow/example_dags/example_branch_labels.py
[2026-02-05T13:16:53.272+0000] {processor.py:840} INFO - DAG(s) 'example_branch_labels' retrieved from /home/airflow/.local/lib/python3.12/site-packages/airflow/example_dags/example_branch_labels.py
[2026-02-05T13:16:53.286+0000] {logging_mixin.py:188} INFO - [2026-02-05T13:16:53.286+0000] {dag.py:3096} INFO - Sync 1 DAGs
[2026-02-05T13:16:53.299+0000] {logging_mixin.py:188} INFO - [2026-02-05T13:16:53.299+0000] {dag.py:3954} INFO - Setting next_dagrun for example_branch_labels to 2026-02-04 00:00:00+00:00, run_after=2026-02-05 00:00:00+00:00
[2026-02-05T13:16:53.312+0000] {processor.py:183} INFO - Processing /home/airflow/.local/lib/python3.12/site-packages/airflow/example_dags/example_branch_labels.py took 0.053 seconds
[2026-02-05T13:17:24.314+0000] {processor.py:161} INFO - Started process (PID=2556) to work on /home/airflow/.local/lib/python3.12/site-packages/airflow/example_dags/example_branch_labels.py
[2026-02-05T13:17:24.317+0000] {processor.py:830} INFO - Processing file /home/airflow/.local/lib/python3.12/site-packages/airflow/example_dags/example_branch_labels.py for tasks to queue
[2026-02-05T13:17:24.319+0000] {logging_mixin.py:188} INFO - [2026-02-05T13:17:24.319+0000] {dagbag.py:540} INFO - Filling up the DagBag from /home/airflow/.local/lib/python3.12/site-packages/airflow/example_dags/example_branch_labels.py
[2026-02-05T13:17:24.324+0000] {processor.py:840} INFO - DAG(s) 'example_branch_labels' retrieved from /home/airflow/.local/lib/python3.12/site-packages/airflow/example_dags/example_branch_labels.py
[2026-02-05T13:17:24.338+0000] {logging_mixin.py:188} INFO - [2026-02-05T13:17:24.338+0000] {dag.py:3096} INFO - Sync 1 DAGs
[2026-02-05T13:17:24.351+0000] {logging_mixin.py:188} INFO - [2026-02-05T13:17:24.351+0000] {dag.py:3954} INFO - Setting next_dagrun for example_branch_labels to 2026-02-04 00:00:00+00:00, run_after=2026-02-05 00:00:00+00:00
[2026-02-05T13:17:24.363+0000] {processor.py:183} INFO - Processing /home/airflow/.local/lib/python3.12/site-packages/airflow/example_dags/example_branch_labels.py took 0.052 seconds
[2026-02-05T13:17:54.500+0000] {processor.py:161} INFO - Started process (PID=2613) to work on /home/airflow/.local/lib/python3.12/site-packages/airflow/example_dags/example_branch_labels.py
[2026-02-05T13:17:54.501+0000] {processor.py:830} INFO - Processing file /home/airflow/.local/lib/python3.12/site-packages/airflow/example_dags/example_branch_labels.py for tasks to queue
[2026-02-05T13:17:54.502+0000] {logging_mixin.py:188} INFO - [2026-02-05T13:17:54.502+0000] {dagbag.py:540} INFO - Filling up the DagBag from /home/airflow/.local/lib/python3.12/site-packages/airflow/example_dags/example_branch_labels.py
[2026-02-05T13:17:54.507+0000] {processor.py:840} INFO - DAG(s) 'example_branch_labels' retrieved from /home/airflow/.local/lib/python3.12/site-packages/airflow/example_dags/example_branch_labels.py
[2026-02-05T13:17:54.518+0000] {logging_mixin.py:188} INFO - [2026-02-05T13:17:54.518+0000] {dag.py:3096} INFO - Sync 1 DAGs
[2026-02-05T13:17:54.529+0000] {logging_mixin.py:188} INFO - [2026-02-05T13:17:54.529+0000] {dag.py:3954} INFO - Setting next_dagrun for example_branch_labels to 2026-02-04 00:00:00+00:00, run_after=2026-02-05 00:00:00+00:00
[2026-02-05T13:17:54.544+0000] {processor.py:183} INFO - Processing /home/airflow/.local/lib/python3.12/site-packages/airflow/example_dags/example_branch_labels.py took 0.048 seconds
