[2026-02-05T12:55:34.331+0000] {processor.py:161} INFO - Started process (PID=83) to work on /home/airflow/.local/lib/python3.12/site-packages/airflow/example_dags/tutorial.py
[2026-02-05T12:55:34.332+0000] {processor.py:830} INFO - Processing file /home/airflow/.local/lib/python3.12/site-packages/airflow/example_dags/tutorial.py for tasks to queue
[2026-02-05T12:55:34.336+0000] {logging_mixin.py:188} INFO - [2026-02-05T12:55:34.335+0000] {dagbag.py:540} INFO - Filling up the DagBag from /home/airflow/.local/lib/python3.12/site-packages/airflow/example_dags/tutorial.py
[2026-02-05T12:55:34.339+0000] {processor.py:840} INFO - DAG(s) 'tutorial' retrieved from /home/airflow/.local/lib/python3.12/site-packages/airflow/example_dags/tutorial.py
[2026-02-05T12:55:34.350+0000] {logging_mixin.py:188} INFO - [2026-02-05T12:55:34.349+0000] {dag.py:3096} INFO - Sync 1 DAGs
[2026-02-05T12:55:34.363+0000] {logging_mixin.py:188} INFO - [2026-02-05T12:55:34.362+0000] {dag.py:3954} INFO - Setting next_dagrun for tutorial to 2026-02-04 00:00:00+00:00, run_after=2026-02-05 00:00:00+00:00
[2026-02-05T12:55:34.375+0000] {processor.py:183} INFO - Processing /home/airflow/.local/lib/python3.12/site-packages/airflow/example_dags/tutorial.py took 0.047 seconds
[2026-02-05T12:56:05.262+0000] {processor.py:161} INFO - Started process (PID=141) to work on /home/airflow/.local/lib/python3.12/site-packages/airflow/example_dags/tutorial.py
[2026-02-05T12:56:05.262+0000] {processor.py:830} INFO - Processing file /home/airflow/.local/lib/python3.12/site-packages/airflow/example_dags/tutorial.py for tasks to queue
[2026-02-05T12:56:05.264+0000] {logging_mixin.py:188} INFO - [2026-02-05T12:56:05.264+0000] {dagbag.py:540} INFO - Filling up the DagBag from /home/airflow/.local/lib/python3.12/site-packages/airflow/example_dags/tutorial.py
[2026-02-05T12:56:05.268+0000] {processor.py:840} INFO - DAG(s) 'tutorial' retrieved from /home/airflow/.local/lib/python3.12/site-packages/airflow/example_dags/tutorial.py
[2026-02-05T12:56:05.321+0000] {logging_mixin.py:188} INFO - [2026-02-05T12:56:05.321+0000] {dag.py:3096} INFO - Sync 1 DAGs
[2026-02-05T12:56:05.333+0000] {logging_mixin.py:188} INFO - [2026-02-05T12:56:05.333+0000] {dag.py:3954} INFO - Setting next_dagrun for tutorial to 2026-02-04 00:00:00+00:00, run_after=2026-02-05 00:00:00+00:00
[2026-02-05T12:56:05.349+0000] {processor.py:183} INFO - Processing /home/airflow/.local/lib/python3.12/site-packages/airflow/example_dags/tutorial.py took 0.091 seconds
[2026-02-05T12:56:35.921+0000] {processor.py:161} INFO - Started process (PID=199) to work on /home/airflow/.local/lib/python3.12/site-packages/airflow/example_dags/tutorial.py
[2026-02-05T12:56:35.923+0000] {processor.py:830} INFO - Processing file /home/airflow/.local/lib/python3.12/site-packages/airflow/example_dags/tutorial.py for tasks to queue
[2026-02-05T12:56:35.924+0000] {logging_mixin.py:188} INFO - [2026-02-05T12:56:35.924+0000] {dagbag.py:540} INFO - Filling up the DagBag from /home/airflow/.local/lib/python3.12/site-packages/airflow/example_dags/tutorial.py
[2026-02-05T12:56:35.928+0000] {processor.py:840} INFO - DAG(s) 'tutorial' retrieved from /home/airflow/.local/lib/python3.12/site-packages/airflow/example_dags/tutorial.py
[2026-02-05T12:56:35.942+0000] {logging_mixin.py:188} INFO - [2026-02-05T12:56:35.942+0000] {dag.py:3096} INFO - Sync 1 DAGs
[2026-02-05T12:56:35.955+0000] {logging_mixin.py:188} INFO - [2026-02-05T12:56:35.955+0000] {dag.py:3954} INFO - Setting next_dagrun for tutorial to 2026-02-04 00:00:00+00:00, run_after=2026-02-05 00:00:00+00:00
[2026-02-05T12:56:35.967+0000] {processor.py:183} INFO - Processing /home/airflow/.local/lib/python3.12/site-packages/airflow/example_dags/tutorial.py took 0.050 seconds
[2026-02-05T12:57:06.018+0000] {processor.py:161} INFO - Started process (PID=257) to work on /home/airflow/.local/lib/python3.12/site-packages/airflow/example_dags/tutorial.py
[2026-02-05T12:57:06.018+0000] {processor.py:830} INFO - Processing file /home/airflow/.local/lib/python3.12/site-packages/airflow/example_dags/tutorial.py for tasks to queue
[2026-02-05T12:57:06.020+0000] {logging_mixin.py:188} INFO - [2026-02-05T12:57:06.019+0000] {dagbag.py:540} INFO - Filling up the DagBag from /home/airflow/.local/lib/python3.12/site-packages/airflow/example_dags/tutorial.py
[2026-02-05T12:57:06.023+0000] {processor.py:840} INFO - DAG(s) 'tutorial' retrieved from /home/airflow/.local/lib/python3.12/site-packages/airflow/example_dags/tutorial.py
[2026-02-05T12:57:06.041+0000] {logging_mixin.py:188} INFO - [2026-02-05T12:57:06.041+0000] {dag.py:3096} INFO - Sync 1 DAGs
[2026-02-05T12:57:06.051+0000] {logging_mixin.py:188} INFO - [2026-02-05T12:57:06.051+0000] {dag.py:3954} INFO - Setting next_dagrun for tutorial to 2026-02-04 00:00:00+00:00, run_after=2026-02-05 00:00:00+00:00
[2026-02-05T12:57:06.062+0000] {processor.py:183} INFO - Processing /home/airflow/.local/lib/python3.12/site-packages/airflow/example_dags/tutorial.py took 0.047 seconds
[2026-02-05T12:57:36.530+0000] {processor.py:161} INFO - Started process (PID=315) to work on /home/airflow/.local/lib/python3.12/site-packages/airflow/example_dags/tutorial.py
[2026-02-05T12:57:36.532+0000] {processor.py:830} INFO - Processing file /home/airflow/.local/lib/python3.12/site-packages/airflow/example_dags/tutorial.py for tasks to queue
[2026-02-05T12:57:36.533+0000] {logging_mixin.py:188} INFO - [2026-02-05T12:57:36.533+0000] {dagbag.py:540} INFO - Filling up the DagBag from /home/airflow/.local/lib/python3.12/site-packages/airflow/example_dags/tutorial.py
[2026-02-05T12:57:36.537+0000] {processor.py:840} INFO - DAG(s) 'tutorial' retrieved from /home/airflow/.local/lib/python3.12/site-packages/airflow/example_dags/tutorial.py
[2026-02-05T12:57:36.550+0000] {logging_mixin.py:188} INFO - [2026-02-05T12:57:36.550+0000] {dag.py:3096} INFO - Sync 1 DAGs
[2026-02-05T12:57:36.561+0000] {logging_mixin.py:188} INFO - [2026-02-05T12:57:36.561+0000] {dag.py:3954} INFO - Setting next_dagrun for tutorial to 2026-02-04 00:00:00+00:00, run_after=2026-02-05 00:00:00+00:00
[2026-02-05T12:57:36.573+0000] {processor.py:183} INFO - Processing /home/airflow/.local/lib/python3.12/site-packages/airflow/example_dags/tutorial.py took 0.046 seconds
[2026-02-05T12:58:06.928+0000] {processor.py:161} INFO - Started process (PID=373) to work on /home/airflow/.local/lib/python3.12/site-packages/airflow/example_dags/tutorial.py
[2026-02-05T12:58:06.929+0000] {processor.py:830} INFO - Processing file /home/airflow/.local/lib/python3.12/site-packages/airflow/example_dags/tutorial.py for tasks to queue
[2026-02-05T12:58:06.931+0000] {logging_mixin.py:188} INFO - [2026-02-05T12:58:06.931+0000] {dagbag.py:540} INFO - Filling up the DagBag from /home/airflow/.local/lib/python3.12/site-packages/airflow/example_dags/tutorial.py
[2026-02-05T12:58:06.934+0000] {processor.py:840} INFO - DAG(s) 'tutorial' retrieved from /home/airflow/.local/lib/python3.12/site-packages/airflow/example_dags/tutorial.py
[2026-02-05T12:58:06.949+0000] {logging_mixin.py:188} INFO - [2026-02-05T12:58:06.948+0000] {dag.py:3096} INFO - Sync 1 DAGs
[2026-02-05T12:58:06.962+0000] {logging_mixin.py:188} INFO - [2026-02-05T12:58:06.962+0000] {dag.py:3954} INFO - Setting next_dagrun for tutorial to 2026-02-04 00:00:00+00:00, run_after=2026-02-05 00:00:00+00:00
[2026-02-05T12:58:06.975+0000] {processor.py:183} INFO - Processing /home/airflow/.local/lib/python3.12/site-packages/airflow/example_dags/tutorial.py took 0.050 seconds
[2026-02-05T12:58:37.044+0000] {processor.py:161} INFO - Started process (PID=431) to work on /home/airflow/.local/lib/python3.12/site-packages/airflow/example_dags/tutorial.py
[2026-02-05T12:58:37.045+0000] {processor.py:830} INFO - Processing file /home/airflow/.local/lib/python3.12/site-packages/airflow/example_dags/tutorial.py for tasks to queue
[2026-02-05T12:58:37.046+0000] {logging_mixin.py:188} INFO - [2026-02-05T12:58:37.046+0000] {dagbag.py:540} INFO - Filling up the DagBag from /home/airflow/.local/lib/python3.12/site-packages/airflow/example_dags/tutorial.py
[2026-02-05T12:58:37.050+0000] {processor.py:840} INFO - DAG(s) 'tutorial' retrieved from /home/airflow/.local/lib/python3.12/site-packages/airflow/example_dags/tutorial.py
[2026-02-05T12:58:37.061+0000] {logging_mixin.py:188} INFO - [2026-02-05T12:58:37.061+0000] {dag.py:3096} INFO - Sync 1 DAGs
[2026-02-05T12:58:37.073+0000] {logging_mixin.py:188} INFO - [2026-02-05T12:58:37.073+0000] {dag.py:3954} INFO - Setting next_dagrun for tutorial to 2026-02-04 00:00:00+00:00, run_after=2026-02-05 00:00:00+00:00
[2026-02-05T12:58:37.082+0000] {processor.py:183} INFO - Processing /home/airflow/.local/lib/python3.12/site-packages/airflow/example_dags/tutorial.py took 0.041 seconds
[2026-02-05T12:59:07.113+0000] {processor.py:161} INFO - Started process (PID=498) to work on /home/airflow/.local/lib/python3.12/site-packages/airflow/example_dags/tutorial.py
[2026-02-05T12:59:07.114+0000] {processor.py:830} INFO - Processing file /home/airflow/.local/lib/python3.12/site-packages/airflow/example_dags/tutorial.py for tasks to queue
[2026-02-05T12:59:07.115+0000] {logging_mixin.py:188} INFO - [2026-02-05T12:59:07.115+0000] {dagbag.py:540} INFO - Filling up the DagBag from /home/airflow/.local/lib/python3.12/site-packages/airflow/example_dags/tutorial.py
[2026-02-05T12:59:07.118+0000] {processor.py:840} INFO - DAG(s) 'tutorial' retrieved from /home/airflow/.local/lib/python3.12/site-packages/airflow/example_dags/tutorial.py
[2026-02-05T12:59:07.130+0000] {logging_mixin.py:188} INFO - [2026-02-05T12:59:07.130+0000] {dag.py:3096} INFO - Sync 1 DAGs
[2026-02-05T12:59:07.140+0000] {logging_mixin.py:188} INFO - [2026-02-05T12:59:07.140+0000] {dag.py:3954} INFO - Setting next_dagrun for tutorial to 2026-02-04 00:00:00+00:00, run_after=2026-02-05 00:00:00+00:00
[2026-02-05T12:59:07.150+0000] {processor.py:183} INFO - Processing /home/airflow/.local/lib/python3.12/site-packages/airflow/example_dags/tutorial.py took 0.040 seconds
[2026-02-05T12:59:37.331+0000] {processor.py:161} INFO - Started process (PID=557) to work on /home/airflow/.local/lib/python3.12/site-packages/airflow/example_dags/tutorial.py
[2026-02-05T12:59:37.332+0000] {processor.py:830} INFO - Processing file /home/airflow/.local/lib/python3.12/site-packages/airflow/example_dags/tutorial.py for tasks to queue
[2026-02-05T12:59:37.333+0000] {logging_mixin.py:188} INFO - [2026-02-05T12:59:37.333+0000] {dagbag.py:540} INFO - Filling up the DagBag from /home/airflow/.local/lib/python3.12/site-packages/airflow/example_dags/tutorial.py
[2026-02-05T12:59:37.337+0000] {processor.py:840} INFO - DAG(s) 'tutorial' retrieved from /home/airflow/.local/lib/python3.12/site-packages/airflow/example_dags/tutorial.py
[2026-02-05T12:59:37.348+0000] {logging_mixin.py:188} INFO - [2026-02-05T12:59:37.348+0000] {dag.py:3096} INFO - Sync 1 DAGs
[2026-02-05T12:59:37.359+0000] {logging_mixin.py:188} INFO - [2026-02-05T12:59:37.359+0000] {dag.py:3954} INFO - Setting next_dagrun for tutorial to 2026-02-04 00:00:00+00:00, run_after=2026-02-05 00:00:00+00:00
[2026-02-05T12:59:37.368+0000] {processor.py:183} INFO - Processing /home/airflow/.local/lib/python3.12/site-packages/airflow/example_dags/tutorial.py took 0.041 seconds
[2026-02-05T13:00:07.569+0000] {processor.py:161} INFO - Started process (PID=615) to work on /home/airflow/.local/lib/python3.12/site-packages/airflow/example_dags/tutorial.py
[2026-02-05T13:00:07.571+0000] {processor.py:830} INFO - Processing file /home/airflow/.local/lib/python3.12/site-packages/airflow/example_dags/tutorial.py for tasks to queue
[2026-02-05T13:00:07.573+0000] {logging_mixin.py:188} INFO - [2026-02-05T13:00:07.573+0000] {dagbag.py:540} INFO - Filling up the DagBag from /home/airflow/.local/lib/python3.12/site-packages/airflow/example_dags/tutorial.py
[2026-02-05T13:00:07.576+0000] {processor.py:840} INFO - DAG(s) 'tutorial' retrieved from /home/airflow/.local/lib/python3.12/site-packages/airflow/example_dags/tutorial.py
[2026-02-05T13:00:07.587+0000] {logging_mixin.py:188} INFO - [2026-02-05T13:00:07.587+0000] {dag.py:3096} INFO - Sync 1 DAGs
[2026-02-05T13:00:07.599+0000] {logging_mixin.py:188} INFO - [2026-02-05T13:00:07.598+0000] {dag.py:3954} INFO - Setting next_dagrun for tutorial to 2026-02-04 00:00:00+00:00, run_after=2026-02-05 00:00:00+00:00
[2026-02-05T13:00:07.609+0000] {processor.py:183} INFO - Processing /home/airflow/.local/lib/python3.12/site-packages/airflow/example_dags/tutorial.py took 0.043 seconds
[2026-02-05T13:00:37.842+0000] {processor.py:161} INFO - Started process (PID=673) to work on /home/airflow/.local/lib/python3.12/site-packages/airflow/example_dags/tutorial.py
[2026-02-05T13:00:37.843+0000] {processor.py:830} INFO - Processing file /home/airflow/.local/lib/python3.12/site-packages/airflow/example_dags/tutorial.py for tasks to queue
[2026-02-05T13:00:37.845+0000] {logging_mixin.py:188} INFO - [2026-02-05T13:00:37.844+0000] {dagbag.py:540} INFO - Filling up the DagBag from /home/airflow/.local/lib/python3.12/site-packages/airflow/example_dags/tutorial.py
[2026-02-05T13:00:37.848+0000] {processor.py:840} INFO - DAG(s) 'tutorial' retrieved from /home/airflow/.local/lib/python3.12/site-packages/airflow/example_dags/tutorial.py
[2026-02-05T13:00:37.859+0000] {logging_mixin.py:188} INFO - [2026-02-05T13:00:37.859+0000] {dag.py:3096} INFO - Sync 1 DAGs
[2026-02-05T13:00:37.870+0000] {logging_mixin.py:188} INFO - [2026-02-05T13:00:37.870+0000] {dag.py:3954} INFO - Setting next_dagrun for tutorial to 2026-02-04 00:00:00+00:00, run_after=2026-02-05 00:00:00+00:00
[2026-02-05T13:00:37.880+0000] {processor.py:183} INFO - Processing /home/airflow/.local/lib/python3.12/site-packages/airflow/example_dags/tutorial.py took 0.041 seconds
[2026-02-05T13:01:08.806+0000] {processor.py:161} INFO - Started process (PID=731) to work on /home/airflow/.local/lib/python3.12/site-packages/airflow/example_dags/tutorial.py
[2026-02-05T13:01:08.808+0000] {processor.py:830} INFO - Processing file /home/airflow/.local/lib/python3.12/site-packages/airflow/example_dags/tutorial.py for tasks to queue
[2026-02-05T13:01:08.809+0000] {logging_mixin.py:188} INFO - [2026-02-05T13:01:08.809+0000] {dagbag.py:540} INFO - Filling up the DagBag from /home/airflow/.local/lib/python3.12/site-packages/airflow/example_dags/tutorial.py
[2026-02-05T13:01:08.813+0000] {processor.py:840} INFO - DAG(s) 'tutorial' retrieved from /home/airflow/.local/lib/python3.12/site-packages/airflow/example_dags/tutorial.py
[2026-02-05T13:01:08.822+0000] {logging_mixin.py:188} INFO - [2026-02-05T13:01:08.822+0000] {dag.py:3096} INFO - Sync 1 DAGs
[2026-02-05T13:01:08.832+0000] {logging_mixin.py:188} INFO - [2026-02-05T13:01:08.832+0000] {dag.py:3954} INFO - Setting next_dagrun for tutorial to 2026-02-04 00:00:00+00:00, run_after=2026-02-05 00:00:00+00:00
[2026-02-05T13:01:08.842+0000] {processor.py:183} INFO - Processing /home/airflow/.local/lib/python3.12/site-packages/airflow/example_dags/tutorial.py took 0.039 seconds
[2026-02-05T13:01:39.127+0000] {processor.py:161} INFO - Started process (PID=789) to work on /home/airflow/.local/lib/python3.12/site-packages/airflow/example_dags/tutorial.py
[2026-02-05T13:01:39.127+0000] {processor.py:830} INFO - Processing file /home/airflow/.local/lib/python3.12/site-packages/airflow/example_dags/tutorial.py for tasks to queue
[2026-02-05T13:01:39.129+0000] {logging_mixin.py:188} INFO - [2026-02-05T13:01:39.129+0000] {dagbag.py:540} INFO - Filling up the DagBag from /home/airflow/.local/lib/python3.12/site-packages/airflow/example_dags/tutorial.py
[2026-02-05T13:01:39.132+0000] {processor.py:840} INFO - DAG(s) 'tutorial' retrieved from /home/airflow/.local/lib/python3.12/site-packages/airflow/example_dags/tutorial.py
[2026-02-05T13:01:39.145+0000] {logging_mixin.py:188} INFO - [2026-02-05T13:01:39.145+0000] {dag.py:3096} INFO - Sync 1 DAGs
[2026-02-05T13:01:39.157+0000] {logging_mixin.py:188} INFO - [2026-02-05T13:01:39.157+0000] {dag.py:3954} INFO - Setting next_dagrun for tutorial to 2026-02-04 00:00:00+00:00, run_after=2026-02-05 00:00:00+00:00
[2026-02-05T13:01:39.170+0000] {processor.py:183} INFO - Processing /home/airflow/.local/lib/python3.12/site-packages/airflow/example_dags/tutorial.py took 0.046 seconds
[2026-02-05T13:02:09.435+0000] {processor.py:161} INFO - Started process (PID=846) to work on /home/airflow/.local/lib/python3.12/site-packages/airflow/example_dags/tutorial.py
[2026-02-05T13:02:09.436+0000] {processor.py:830} INFO - Processing file /home/airflow/.local/lib/python3.12/site-packages/airflow/example_dags/tutorial.py for tasks to queue
[2026-02-05T13:02:09.437+0000] {logging_mixin.py:188} INFO - [2026-02-05T13:02:09.436+0000] {dagbag.py:540} INFO - Filling up the DagBag from /home/airflow/.local/lib/python3.12/site-packages/airflow/example_dags/tutorial.py
[2026-02-05T13:02:09.440+0000] {processor.py:840} INFO - DAG(s) 'tutorial' retrieved from /home/airflow/.local/lib/python3.12/site-packages/airflow/example_dags/tutorial.py
[2026-02-05T13:02:09.455+0000] {logging_mixin.py:188} INFO - [2026-02-05T13:02:09.455+0000] {dag.py:3096} INFO - Sync 1 DAGs
[2026-02-05T13:02:09.466+0000] {logging_mixin.py:188} INFO - [2026-02-05T13:02:09.466+0000] {dag.py:3954} INFO - Setting next_dagrun for tutorial to 2026-02-04 00:00:00+00:00, run_after=2026-02-05 00:00:00+00:00
[2026-02-05T13:02:09.476+0000] {processor.py:183} INFO - Processing /home/airflow/.local/lib/python3.12/site-packages/airflow/example_dags/tutorial.py took 0.044 seconds
[2026-02-05T13:02:39.555+0000] {processor.py:161} INFO - Started process (PID=904) to work on /home/airflow/.local/lib/python3.12/site-packages/airflow/example_dags/tutorial.py
[2026-02-05T13:02:39.556+0000] {processor.py:830} INFO - Processing file /home/airflow/.local/lib/python3.12/site-packages/airflow/example_dags/tutorial.py for tasks to queue
[2026-02-05T13:02:39.557+0000] {logging_mixin.py:188} INFO - [2026-02-05T13:02:39.557+0000] {dagbag.py:540} INFO - Filling up the DagBag from /home/airflow/.local/lib/python3.12/site-packages/airflow/example_dags/tutorial.py
[2026-02-05T13:02:39.562+0000] {processor.py:840} INFO - DAG(s) 'tutorial' retrieved from /home/airflow/.local/lib/python3.12/site-packages/airflow/example_dags/tutorial.py
[2026-02-05T13:02:39.576+0000] {logging_mixin.py:188} INFO - [2026-02-05T13:02:39.575+0000] {dag.py:3096} INFO - Sync 1 DAGs
[2026-02-05T13:02:39.587+0000] {logging_mixin.py:188} INFO - [2026-02-05T13:02:39.587+0000] {dag.py:3954} INFO - Setting next_dagrun for tutorial to 2026-02-04 00:00:00+00:00, run_after=2026-02-05 00:00:00+00:00
[2026-02-05T13:02:39.598+0000] {processor.py:183} INFO - Processing /home/airflow/.local/lib/python3.12/site-packages/airflow/example_dags/tutorial.py took 0.047 seconds
[2026-02-05T13:03:10.367+0000] {processor.py:161} INFO - Started process (PID=962) to work on /home/airflow/.local/lib/python3.12/site-packages/airflow/example_dags/tutorial.py
[2026-02-05T13:03:10.368+0000] {processor.py:830} INFO - Processing file /home/airflow/.local/lib/python3.12/site-packages/airflow/example_dags/tutorial.py for tasks to queue
[2026-02-05T13:03:10.369+0000] {logging_mixin.py:188} INFO - [2026-02-05T13:03:10.369+0000] {dagbag.py:540} INFO - Filling up the DagBag from /home/airflow/.local/lib/python3.12/site-packages/airflow/example_dags/tutorial.py
[2026-02-05T13:03:10.375+0000] {processor.py:840} INFO - DAG(s) 'tutorial' retrieved from /home/airflow/.local/lib/python3.12/site-packages/airflow/example_dags/tutorial.py
[2026-02-05T13:03:10.392+0000] {logging_mixin.py:188} INFO - [2026-02-05T13:03:10.392+0000] {dag.py:3096} INFO - Sync 1 DAGs
[2026-02-05T13:03:10.407+0000] {logging_mixin.py:188} INFO - [2026-02-05T13:03:10.407+0000] {dag.py:3954} INFO - Setting next_dagrun for tutorial to 2026-02-04 00:00:00+00:00, run_after=2026-02-05 00:00:00+00:00
[2026-02-05T13:03:10.569+0000] {processor.py:183} INFO - Processing /home/airflow/.local/lib/python3.12/site-packages/airflow/example_dags/tutorial.py took 0.207 seconds
[2026-02-05T13:03:40.870+0000] {processor.py:161} INFO - Started process (PID=1020) to work on /home/airflow/.local/lib/python3.12/site-packages/airflow/example_dags/tutorial.py
[2026-02-05T13:03:40.870+0000] {processor.py:830} INFO - Processing file /home/airflow/.local/lib/python3.12/site-packages/airflow/example_dags/tutorial.py for tasks to queue
[2026-02-05T13:03:40.872+0000] {logging_mixin.py:188} INFO - [2026-02-05T13:03:40.872+0000] {dagbag.py:540} INFO - Filling up the DagBag from /home/airflow/.local/lib/python3.12/site-packages/airflow/example_dags/tutorial.py
[2026-02-05T13:03:40.879+0000] {processor.py:840} INFO - DAG(s) 'tutorial' retrieved from /home/airflow/.local/lib/python3.12/site-packages/airflow/example_dags/tutorial.py
[2026-02-05T13:03:40.891+0000] {logging_mixin.py:188} INFO - [2026-02-05T13:03:40.890+0000] {dag.py:3096} INFO - Sync 1 DAGs
[2026-02-05T13:03:40.901+0000] {logging_mixin.py:188} INFO - [2026-02-05T13:03:40.901+0000] {dag.py:3954} INFO - Setting next_dagrun for tutorial to 2026-02-04 00:00:00+00:00, run_after=2026-02-05 00:00:00+00:00
[2026-02-05T13:03:40.911+0000] {processor.py:183} INFO - Processing /home/airflow/.local/lib/python3.12/site-packages/airflow/example_dags/tutorial.py took 0.047 seconds
[2026-02-05T13:04:11.851+0000] {processor.py:161} INFO - Started process (PID=1078) to work on /home/airflow/.local/lib/python3.12/site-packages/airflow/example_dags/tutorial.py
[2026-02-05T13:04:11.853+0000] {processor.py:830} INFO - Processing file /home/airflow/.local/lib/python3.12/site-packages/airflow/example_dags/tutorial.py for tasks to queue
[2026-02-05T13:04:11.855+0000] {logging_mixin.py:188} INFO - [2026-02-05T13:04:11.855+0000] {dagbag.py:540} INFO - Filling up the DagBag from /home/airflow/.local/lib/python3.12/site-packages/airflow/example_dags/tutorial.py
[2026-02-05T13:04:11.859+0000] {processor.py:840} INFO - DAG(s) 'tutorial' retrieved from /home/airflow/.local/lib/python3.12/site-packages/airflow/example_dags/tutorial.py
[2026-02-05T13:04:11.870+0000] {logging_mixin.py:188} INFO - [2026-02-05T13:04:11.870+0000] {dag.py:3096} INFO - Sync 1 DAGs
[2026-02-05T13:04:11.881+0000] {logging_mixin.py:188} INFO - [2026-02-05T13:04:11.881+0000] {dag.py:3954} INFO - Setting next_dagrun for tutorial to 2026-02-04 00:00:00+00:00, run_after=2026-02-05 00:00:00+00:00
[2026-02-05T13:04:11.891+0000] {processor.py:183} INFO - Processing /home/airflow/.local/lib/python3.12/site-packages/airflow/example_dags/tutorial.py took 0.043 seconds
[2026-02-05T13:04:42.246+0000] {processor.py:161} INFO - Started process (PID=1136) to work on /home/airflow/.local/lib/python3.12/site-packages/airflow/example_dags/tutorial.py
[2026-02-05T13:04:42.249+0000] {processor.py:830} INFO - Processing file /home/airflow/.local/lib/python3.12/site-packages/airflow/example_dags/tutorial.py for tasks to queue
[2026-02-05T13:04:42.251+0000] {logging_mixin.py:188} INFO - [2026-02-05T13:04:42.251+0000] {dagbag.py:540} INFO - Filling up the DagBag from /home/airflow/.local/lib/python3.12/site-packages/airflow/example_dags/tutorial.py
[2026-02-05T13:04:42.255+0000] {processor.py:840} INFO - DAG(s) 'tutorial' retrieved from /home/airflow/.local/lib/python3.12/site-packages/airflow/example_dags/tutorial.py
[2026-02-05T13:04:42.275+0000] {logging_mixin.py:188} INFO - [2026-02-05T13:04:42.275+0000] {dag.py:3096} INFO - Sync 1 DAGs
[2026-02-05T13:04:42.288+0000] {logging_mixin.py:188} INFO - [2026-02-05T13:04:42.288+0000] {dag.py:3954} INFO - Setting next_dagrun for tutorial to 2026-02-04 00:00:00+00:00, run_after=2026-02-05 00:00:00+00:00
[2026-02-05T13:04:42.300+0000] {processor.py:183} INFO - Processing /home/airflow/.local/lib/python3.12/site-packages/airflow/example_dags/tutorial.py took 0.058 seconds
[2026-02-05T13:05:13.055+0000] {processor.py:161} INFO - Started process (PID=1194) to work on /home/airflow/.local/lib/python3.12/site-packages/airflow/example_dags/tutorial.py
[2026-02-05T13:05:13.056+0000] {processor.py:830} INFO - Processing file /home/airflow/.local/lib/python3.12/site-packages/airflow/example_dags/tutorial.py for tasks to queue
[2026-02-05T13:05:13.057+0000] {logging_mixin.py:188} INFO - [2026-02-05T13:05:13.057+0000] {dagbag.py:540} INFO - Filling up the DagBag from /home/airflow/.local/lib/python3.12/site-packages/airflow/example_dags/tutorial.py
[2026-02-05T13:05:13.061+0000] {processor.py:840} INFO - DAG(s) 'tutorial' retrieved from /home/airflow/.local/lib/python3.12/site-packages/airflow/example_dags/tutorial.py
[2026-02-05T13:05:13.073+0000] {logging_mixin.py:188} INFO - [2026-02-05T13:05:13.072+0000] {dag.py:3096} INFO - Sync 1 DAGs
[2026-02-05T13:05:13.083+0000] {logging_mixin.py:188} INFO - [2026-02-05T13:05:13.083+0000] {dag.py:3954} INFO - Setting next_dagrun for tutorial to 2026-02-04 00:00:00+00:00, run_after=2026-02-05 00:00:00+00:00
[2026-02-05T13:05:13.093+0000] {processor.py:183} INFO - Processing /home/airflow/.local/lib/python3.12/site-packages/airflow/example_dags/tutorial.py took 0.041 seconds
[2026-02-05T13:05:43.547+0000] {processor.py:161} INFO - Started process (PID=1252) to work on /home/airflow/.local/lib/python3.12/site-packages/airflow/example_dags/tutorial.py
[2026-02-05T13:05:43.547+0000] {processor.py:830} INFO - Processing file /home/airflow/.local/lib/python3.12/site-packages/airflow/example_dags/tutorial.py for tasks to queue
[2026-02-05T13:05:43.548+0000] {logging_mixin.py:188} INFO - [2026-02-05T13:05:43.548+0000] {dagbag.py:540} INFO - Filling up the DagBag from /home/airflow/.local/lib/python3.12/site-packages/airflow/example_dags/tutorial.py
[2026-02-05T13:05:43.552+0000] {processor.py:840} INFO - DAG(s) 'tutorial' retrieved from /home/airflow/.local/lib/python3.12/site-packages/airflow/example_dags/tutorial.py
[2026-02-05T13:05:43.679+0000] {logging_mixin.py:188} INFO - [2026-02-05T13:05:43.675+0000] {dag.py:3096} INFO - Sync 1 DAGs
[2026-02-05T13:05:43.705+0000] {logging_mixin.py:188} INFO - [2026-02-05T13:05:43.705+0000] {dag.py:3954} INFO - Setting next_dagrun for tutorial to 2026-02-04 00:00:00+00:00, run_after=2026-02-05 00:00:00+00:00
[2026-02-05T13:05:43.715+0000] {processor.py:183} INFO - Processing /home/airflow/.local/lib/python3.12/site-packages/airflow/example_dags/tutorial.py took 0.171 seconds
[2026-02-05T13:06:14.029+0000] {processor.py:161} INFO - Started process (PID=1309) to work on /home/airflow/.local/lib/python3.12/site-packages/airflow/example_dags/tutorial.py
[2026-02-05T13:06:14.032+0000] {processor.py:830} INFO - Processing file /home/airflow/.local/lib/python3.12/site-packages/airflow/example_dags/tutorial.py for tasks to queue
[2026-02-05T13:06:14.034+0000] {logging_mixin.py:188} INFO - [2026-02-05T13:06:14.033+0000] {dagbag.py:540} INFO - Filling up the DagBag from /home/airflow/.local/lib/python3.12/site-packages/airflow/example_dags/tutorial.py
[2026-02-05T13:06:14.042+0000] {processor.py:840} INFO - DAG(s) 'tutorial' retrieved from /home/airflow/.local/lib/python3.12/site-packages/airflow/example_dags/tutorial.py
[2026-02-05T13:06:14.057+0000] {logging_mixin.py:188} INFO - [2026-02-05T13:06:14.057+0000] {dag.py:3096} INFO - Sync 1 DAGs
[2026-02-05T13:06:14.069+0000] {logging_mixin.py:188} INFO - [2026-02-05T13:06:14.069+0000] {dag.py:3954} INFO - Setting next_dagrun for tutorial to 2026-02-04 00:00:00+00:00, run_after=2026-02-05 00:00:00+00:00
[2026-02-05T13:06:14.080+0000] {processor.py:183} INFO - Processing /home/airflow/.local/lib/python3.12/site-packages/airflow/example_dags/tutorial.py took 0.055 seconds
[2026-02-05T13:06:44.175+0000] {processor.py:161} INFO - Started process (PID=1367) to work on /home/airflow/.local/lib/python3.12/site-packages/airflow/example_dags/tutorial.py
[2026-02-05T13:06:44.176+0000] {processor.py:830} INFO - Processing file /home/airflow/.local/lib/python3.12/site-packages/airflow/example_dags/tutorial.py for tasks to queue
[2026-02-05T13:06:44.190+0000] {logging_mixin.py:188} INFO - [2026-02-05T13:06:44.186+0000] {dagbag.py:540} INFO - Filling up the DagBag from /home/airflow/.local/lib/python3.12/site-packages/airflow/example_dags/tutorial.py
[2026-02-05T13:06:44.198+0000] {processor.py:840} INFO - DAG(s) 'tutorial' retrieved from /home/airflow/.local/lib/python3.12/site-packages/airflow/example_dags/tutorial.py
[2026-02-05T13:06:44.217+0000] {logging_mixin.py:188} INFO - [2026-02-05T13:06:44.217+0000] {dag.py:3096} INFO - Sync 1 DAGs
[2026-02-05T13:06:44.240+0000] {logging_mixin.py:188} INFO - [2026-02-05T13:06:44.240+0000] {dag.py:3954} INFO - Setting next_dagrun for tutorial to 2026-02-04 00:00:00+00:00, run_after=2026-02-05 00:00:00+00:00
[2026-02-05T13:06:44.253+0000] {processor.py:183} INFO - Processing /home/airflow/.local/lib/python3.12/site-packages/airflow/example_dags/tutorial.py took 0.081 seconds
[2026-02-05T13:07:14.407+0000] {processor.py:161} INFO - Started process (PID=1425) to work on /home/airflow/.local/lib/python3.12/site-packages/airflow/example_dags/tutorial.py
[2026-02-05T13:07:14.408+0000] {processor.py:830} INFO - Processing file /home/airflow/.local/lib/python3.12/site-packages/airflow/example_dags/tutorial.py for tasks to queue
[2026-02-05T13:07:14.409+0000] {logging_mixin.py:188} INFO - [2026-02-05T13:07:14.409+0000] {dagbag.py:540} INFO - Filling up the DagBag from /home/airflow/.local/lib/python3.12/site-packages/airflow/example_dags/tutorial.py
[2026-02-05T13:07:14.413+0000] {processor.py:840} INFO - DAG(s) 'tutorial' retrieved from /home/airflow/.local/lib/python3.12/site-packages/airflow/example_dags/tutorial.py
[2026-02-05T13:07:14.425+0000] {logging_mixin.py:188} INFO - [2026-02-05T13:07:14.425+0000] {dag.py:3096} INFO - Sync 1 DAGs
[2026-02-05T13:07:14.435+0000] {logging_mixin.py:188} INFO - [2026-02-05T13:07:14.435+0000] {dag.py:3954} INFO - Setting next_dagrun for tutorial to 2026-02-04 00:00:00+00:00, run_after=2026-02-05 00:00:00+00:00
[2026-02-05T13:07:14.446+0000] {processor.py:183} INFO - Processing /home/airflow/.local/lib/python3.12/site-packages/airflow/example_dags/tutorial.py took 0.042 seconds
[2026-02-05T13:07:44.623+0000] {processor.py:161} INFO - Started process (PID=1483) to work on /home/airflow/.local/lib/python3.12/site-packages/airflow/example_dags/tutorial.py
[2026-02-05T13:07:44.624+0000] {processor.py:830} INFO - Processing file /home/airflow/.local/lib/python3.12/site-packages/airflow/example_dags/tutorial.py for tasks to queue
[2026-02-05T13:07:44.625+0000] {logging_mixin.py:188} INFO - [2026-02-05T13:07:44.625+0000] {dagbag.py:540} INFO - Filling up the DagBag from /home/airflow/.local/lib/python3.12/site-packages/airflow/example_dags/tutorial.py
[2026-02-05T13:07:44.629+0000] {processor.py:840} INFO - DAG(s) 'tutorial' retrieved from /home/airflow/.local/lib/python3.12/site-packages/airflow/example_dags/tutorial.py
[2026-02-05T13:07:44.642+0000] {logging_mixin.py:188} INFO - [2026-02-05T13:07:44.641+0000] {dag.py:3096} INFO - Sync 1 DAGs
[2026-02-05T13:07:44.656+0000] {logging_mixin.py:188} INFO - [2026-02-05T13:07:44.656+0000] {dag.py:3954} INFO - Setting next_dagrun for tutorial to 2026-02-04 00:00:00+00:00, run_after=2026-02-05 00:00:00+00:00
[2026-02-05T13:07:44.668+0000] {processor.py:183} INFO - Processing /home/airflow/.local/lib/python3.12/site-packages/airflow/example_dags/tutorial.py took 0.048 seconds
[2026-02-05T13:08:14.889+0000] {processor.py:161} INFO - Started process (PID=1541) to work on /home/airflow/.local/lib/python3.12/site-packages/airflow/example_dags/tutorial.py
[2026-02-05T13:08:14.891+0000] {processor.py:830} INFO - Processing file /home/airflow/.local/lib/python3.12/site-packages/airflow/example_dags/tutorial.py for tasks to queue
[2026-02-05T13:08:14.893+0000] {logging_mixin.py:188} INFO - [2026-02-05T13:08:14.893+0000] {dagbag.py:540} INFO - Filling up the DagBag from /home/airflow/.local/lib/python3.12/site-packages/airflow/example_dags/tutorial.py
[2026-02-05T13:08:14.896+0000] {processor.py:840} INFO - DAG(s) 'tutorial' retrieved from /home/airflow/.local/lib/python3.12/site-packages/airflow/example_dags/tutorial.py
[2026-02-05T13:08:14.911+0000] {logging_mixin.py:188} INFO - [2026-02-05T13:08:14.911+0000] {dag.py:3096} INFO - Sync 1 DAGs
[2026-02-05T13:08:14.921+0000] {logging_mixin.py:188} INFO - [2026-02-05T13:08:14.921+0000] {dag.py:3954} INFO - Setting next_dagrun for tutorial to 2026-02-04 00:00:00+00:00, run_after=2026-02-05 00:00:00+00:00
[2026-02-05T13:08:14.932+0000] {processor.py:183} INFO - Processing /home/airflow/.local/lib/python3.12/site-packages/airflow/example_dags/tutorial.py took 0.046 seconds
[2026-02-05T13:08:45.027+0000] {processor.py:161} INFO - Started process (PID=1598) to work on /home/airflow/.local/lib/python3.12/site-packages/airflow/example_dags/tutorial.py
[2026-02-05T13:08:45.028+0000] {processor.py:830} INFO - Processing file /home/airflow/.local/lib/python3.12/site-packages/airflow/example_dags/tutorial.py for tasks to queue
[2026-02-05T13:08:45.029+0000] {logging_mixin.py:188} INFO - [2026-02-05T13:08:45.029+0000] {dagbag.py:540} INFO - Filling up the DagBag from /home/airflow/.local/lib/python3.12/site-packages/airflow/example_dags/tutorial.py
[2026-02-05T13:08:45.033+0000] {processor.py:840} INFO - DAG(s) 'tutorial' retrieved from /home/airflow/.local/lib/python3.12/site-packages/airflow/example_dags/tutorial.py
[2026-02-05T13:08:45.044+0000] {logging_mixin.py:188} INFO - [2026-02-05T13:08:45.044+0000] {dag.py:3096} INFO - Sync 1 DAGs
[2026-02-05T13:08:45.056+0000] {logging_mixin.py:188} INFO - [2026-02-05T13:08:45.056+0000] {dag.py:3954} INFO - Setting next_dagrun for tutorial to 2026-02-04 00:00:00+00:00, run_after=2026-02-05 00:00:00+00:00
[2026-02-05T13:08:45.071+0000] {processor.py:183} INFO - Processing /home/airflow/.local/lib/python3.12/site-packages/airflow/example_dags/tutorial.py took 0.047 seconds
[2026-02-05T13:09:15.100+0000] {processor.py:161} INFO - Started process (PID=1656) to work on /home/airflow/.local/lib/python3.12/site-packages/airflow/example_dags/tutorial.py
[2026-02-05T13:09:15.101+0000] {processor.py:830} INFO - Processing file /home/airflow/.local/lib/python3.12/site-packages/airflow/example_dags/tutorial.py for tasks to queue
[2026-02-05T13:09:15.105+0000] {logging_mixin.py:188} INFO - [2026-02-05T13:09:15.105+0000] {dagbag.py:540} INFO - Filling up the DagBag from /home/airflow/.local/lib/python3.12/site-packages/airflow/example_dags/tutorial.py
[2026-02-05T13:09:15.111+0000] {processor.py:840} INFO - DAG(s) 'tutorial' retrieved from /home/airflow/.local/lib/python3.12/site-packages/airflow/example_dags/tutorial.py
[2026-02-05T13:09:15.128+0000] {logging_mixin.py:188} INFO - [2026-02-05T13:09:15.128+0000] {dag.py:3096} INFO - Sync 1 DAGs
[2026-02-05T13:09:15.142+0000] {logging_mixin.py:188} INFO - [2026-02-05T13:09:15.142+0000] {dag.py:3954} INFO - Setting next_dagrun for tutorial to 2026-02-04 00:00:00+00:00, run_after=2026-02-05 00:00:00+00:00
[2026-02-05T13:09:15.157+0000] {processor.py:183} INFO - Processing /home/airflow/.local/lib/python3.12/site-packages/airflow/example_dags/tutorial.py took 0.061 seconds
[2026-02-05T13:09:45.608+0000] {processor.py:161} INFO - Started process (PID=1714) to work on /home/airflow/.local/lib/python3.12/site-packages/airflow/example_dags/tutorial.py
[2026-02-05T13:09:45.609+0000] {processor.py:830} INFO - Processing file /home/airflow/.local/lib/python3.12/site-packages/airflow/example_dags/tutorial.py for tasks to queue
[2026-02-05T13:09:45.610+0000] {logging_mixin.py:188} INFO - [2026-02-05T13:09:45.610+0000] {dagbag.py:540} INFO - Filling up the DagBag from /home/airflow/.local/lib/python3.12/site-packages/airflow/example_dags/tutorial.py
[2026-02-05T13:09:45.614+0000] {processor.py:840} INFO - DAG(s) 'tutorial' retrieved from /home/airflow/.local/lib/python3.12/site-packages/airflow/example_dags/tutorial.py
[2026-02-05T13:09:45.628+0000] {logging_mixin.py:188} INFO - [2026-02-05T13:09:45.628+0000] {dag.py:3096} INFO - Sync 1 DAGs
[2026-02-05T13:09:45.642+0000] {logging_mixin.py:188} INFO - [2026-02-05T13:09:45.642+0000] {dag.py:3954} INFO - Setting next_dagrun for tutorial to 2026-02-04 00:00:00+00:00, run_after=2026-02-05 00:00:00+00:00
[2026-02-05T13:09:45.658+0000] {processor.py:183} INFO - Processing /home/airflow/.local/lib/python3.12/site-packages/airflow/example_dags/tutorial.py took 0.054 seconds
[2026-02-05T13:10:15.812+0000] {processor.py:161} INFO - Started process (PID=1771) to work on /home/airflow/.local/lib/python3.12/site-packages/airflow/example_dags/tutorial.py
[2026-02-05T13:10:15.813+0000] {processor.py:830} INFO - Processing file /home/airflow/.local/lib/python3.12/site-packages/airflow/example_dags/tutorial.py for tasks to queue
[2026-02-05T13:10:15.814+0000] {logging_mixin.py:188} INFO - [2026-02-05T13:10:15.814+0000] {dagbag.py:540} INFO - Filling up the DagBag from /home/airflow/.local/lib/python3.12/site-packages/airflow/example_dags/tutorial.py
[2026-02-05T13:10:15.818+0000] {processor.py:840} INFO - DAG(s) 'tutorial' retrieved from /home/airflow/.local/lib/python3.12/site-packages/airflow/example_dags/tutorial.py
[2026-02-05T13:10:15.836+0000] {logging_mixin.py:188} INFO - [2026-02-05T13:10:15.836+0000] {dag.py:3096} INFO - Sync 1 DAGs
[2026-02-05T13:10:15.848+0000] {logging_mixin.py:188} INFO - [2026-02-05T13:10:15.847+0000] {dag.py:3954} INFO - Setting next_dagrun for tutorial to 2026-02-04 00:00:00+00:00, run_after=2026-02-05 00:00:00+00:00
[2026-02-05T13:10:15.860+0000] {processor.py:183} INFO - Processing /home/airflow/.local/lib/python3.12/site-packages/airflow/example_dags/tutorial.py took 0.051 seconds
[2026-02-05T13:10:46.810+0000] {processor.py:161} INFO - Started process (PID=1829) to work on /home/airflow/.local/lib/python3.12/site-packages/airflow/example_dags/tutorial.py
[2026-02-05T13:10:46.812+0000] {processor.py:830} INFO - Processing file /home/airflow/.local/lib/python3.12/site-packages/airflow/example_dags/tutorial.py for tasks to queue
[2026-02-05T13:10:46.813+0000] {logging_mixin.py:188} INFO - [2026-02-05T13:10:46.813+0000] {dagbag.py:540} INFO - Filling up the DagBag from /home/airflow/.local/lib/python3.12/site-packages/airflow/example_dags/tutorial.py
[2026-02-05T13:10:46.817+0000] {processor.py:840} INFO - DAG(s) 'tutorial' retrieved from /home/airflow/.local/lib/python3.12/site-packages/airflow/example_dags/tutorial.py
[2026-02-05T13:10:46.828+0000] {logging_mixin.py:188} INFO - [2026-02-05T13:10:46.828+0000] {dag.py:3096} INFO - Sync 1 DAGs
[2026-02-05T13:10:46.839+0000] {logging_mixin.py:188} INFO - [2026-02-05T13:10:46.839+0000] {dag.py:3954} INFO - Setting next_dagrun for tutorial to 2026-02-04 00:00:00+00:00, run_after=2026-02-05 00:00:00+00:00
[2026-02-05T13:10:46.849+0000] {processor.py:183} INFO - Processing /home/airflow/.local/lib/python3.12/site-packages/airflow/example_dags/tutorial.py took 0.042 seconds
[2026-02-05T13:11:17.739+0000] {processor.py:161} INFO - Started process (PID=1887) to work on /home/airflow/.local/lib/python3.12/site-packages/airflow/example_dags/tutorial.py
[2026-02-05T13:11:17.739+0000] {processor.py:830} INFO - Processing file /home/airflow/.local/lib/python3.12/site-packages/airflow/example_dags/tutorial.py for tasks to queue
[2026-02-05T13:11:17.741+0000] {logging_mixin.py:188} INFO - [2026-02-05T13:11:17.740+0000] {dagbag.py:540} INFO - Filling up the DagBag from /home/airflow/.local/lib/python3.12/site-packages/airflow/example_dags/tutorial.py
[2026-02-05T13:11:17.744+0000] {processor.py:840} INFO - DAG(s) 'tutorial' retrieved from /home/airflow/.local/lib/python3.12/site-packages/airflow/example_dags/tutorial.py
[2026-02-05T13:11:17.757+0000] {logging_mixin.py:188} INFO - [2026-02-05T13:11:17.757+0000] {dag.py:3096} INFO - Sync 1 DAGs
[2026-02-05T13:11:17.768+0000] {logging_mixin.py:188} INFO - [2026-02-05T13:11:17.768+0000] {dag.py:3954} INFO - Setting next_dagrun for tutorial to 2026-02-04 00:00:00+00:00, run_after=2026-02-05 00:00:00+00:00
[2026-02-05T13:11:17.779+0000] {processor.py:183} INFO - Processing /home/airflow/.local/lib/python3.12/site-packages/airflow/example_dags/tutorial.py took 0.044 seconds
[2026-02-05T13:11:48.572+0000] {processor.py:161} INFO - Started process (PID=1945) to work on /home/airflow/.local/lib/python3.12/site-packages/airflow/example_dags/tutorial.py
[2026-02-05T13:11:48.572+0000] {processor.py:830} INFO - Processing file /home/airflow/.local/lib/python3.12/site-packages/airflow/example_dags/tutorial.py for tasks to queue
[2026-02-05T13:11:48.573+0000] {logging_mixin.py:188} INFO - [2026-02-05T13:11:48.573+0000] {dagbag.py:540} INFO - Filling up the DagBag from /home/airflow/.local/lib/python3.12/site-packages/airflow/example_dags/tutorial.py
[2026-02-05T13:11:48.579+0000] {processor.py:840} INFO - DAG(s) 'tutorial' retrieved from /home/airflow/.local/lib/python3.12/site-packages/airflow/example_dags/tutorial.py
[2026-02-05T13:11:48.591+0000] {logging_mixin.py:188} INFO - [2026-02-05T13:11:48.591+0000] {dag.py:3096} INFO - Sync 1 DAGs
[2026-02-05T13:11:48.613+0000] {logging_mixin.py:188} INFO - [2026-02-05T13:11:48.613+0000] {dag.py:3954} INFO - Setting next_dagrun for tutorial to 2026-02-04 00:00:00+00:00, run_after=2026-02-05 00:00:00+00:00
[2026-02-05T13:11:48.626+0000] {processor.py:183} INFO - Processing /home/airflow/.local/lib/python3.12/site-packages/airflow/example_dags/tutorial.py took 0.057 seconds
[2026-02-05T13:12:19.492+0000] {processor.py:161} INFO - Started process (PID=2003) to work on /home/airflow/.local/lib/python3.12/site-packages/airflow/example_dags/tutorial.py
[2026-02-05T13:12:19.493+0000] {processor.py:830} INFO - Processing file /home/airflow/.local/lib/python3.12/site-packages/airflow/example_dags/tutorial.py for tasks to queue
[2026-02-05T13:12:19.494+0000] {logging_mixin.py:188} INFO - [2026-02-05T13:12:19.494+0000] {dagbag.py:540} INFO - Filling up the DagBag from /home/airflow/.local/lib/python3.12/site-packages/airflow/example_dags/tutorial.py
[2026-02-05T13:12:19.498+0000] {processor.py:840} INFO - DAG(s) 'tutorial' retrieved from /home/airflow/.local/lib/python3.12/site-packages/airflow/example_dags/tutorial.py
[2026-02-05T13:12:19.510+0000] {logging_mixin.py:188} INFO - [2026-02-05T13:12:19.509+0000] {dag.py:3096} INFO - Sync 1 DAGs
[2026-02-05T13:12:19.522+0000] {logging_mixin.py:188} INFO - [2026-02-05T13:12:19.521+0000] {dag.py:3954} INFO - Setting next_dagrun for tutorial to 2026-02-04 00:00:00+00:00, run_after=2026-02-05 00:00:00+00:00
[2026-02-05T13:12:19.536+0000] {processor.py:183} INFO - Processing /home/airflow/.local/lib/python3.12/site-packages/airflow/example_dags/tutorial.py took 0.047 seconds
[2026-02-05T13:12:50.422+0000] {processor.py:161} INFO - Started process (PID=2061) to work on /home/airflow/.local/lib/python3.12/site-packages/airflow/example_dags/tutorial.py
[2026-02-05T13:12:50.422+0000] {processor.py:830} INFO - Processing file /home/airflow/.local/lib/python3.12/site-packages/airflow/example_dags/tutorial.py for tasks to queue
[2026-02-05T13:12:50.423+0000] {logging_mixin.py:188} INFO - [2026-02-05T13:12:50.423+0000] {dagbag.py:540} INFO - Filling up the DagBag from /home/airflow/.local/lib/python3.12/site-packages/airflow/example_dags/tutorial.py
[2026-02-05T13:12:50.427+0000] {processor.py:840} INFO - DAG(s) 'tutorial' retrieved from /home/airflow/.local/lib/python3.12/site-packages/airflow/example_dags/tutorial.py
[2026-02-05T13:12:50.439+0000] {logging_mixin.py:188} INFO - [2026-02-05T13:12:50.439+0000] {dag.py:3096} INFO - Sync 1 DAGs
[2026-02-05T13:12:50.450+0000] {logging_mixin.py:188} INFO - [2026-02-05T13:12:50.450+0000] {dag.py:3954} INFO - Setting next_dagrun for tutorial to 2026-02-04 00:00:00+00:00, run_after=2026-02-05 00:00:00+00:00
[2026-02-05T13:12:50.461+0000] {processor.py:183} INFO - Processing /home/airflow/.local/lib/python3.12/site-packages/airflow/example_dags/tutorial.py took 0.043 seconds
[2026-02-05T13:13:21.194+0000] {processor.py:161} INFO - Started process (PID=2118) to work on /home/airflow/.local/lib/python3.12/site-packages/airflow/example_dags/tutorial.py
[2026-02-05T13:13:21.195+0000] {processor.py:830} INFO - Processing file /home/airflow/.local/lib/python3.12/site-packages/airflow/example_dags/tutorial.py for tasks to queue
[2026-02-05T13:13:21.196+0000] {logging_mixin.py:188} INFO - [2026-02-05T13:13:21.196+0000] {dagbag.py:540} INFO - Filling up the DagBag from /home/airflow/.local/lib/python3.12/site-packages/airflow/example_dags/tutorial.py
[2026-02-05T13:13:21.200+0000] {processor.py:840} INFO - DAG(s) 'tutorial' retrieved from /home/airflow/.local/lib/python3.12/site-packages/airflow/example_dags/tutorial.py
[2026-02-05T13:13:21.212+0000] {logging_mixin.py:188} INFO - [2026-02-05T13:13:21.211+0000] {dag.py:3096} INFO - Sync 1 DAGs
[2026-02-05T13:13:21.222+0000] {logging_mixin.py:188} INFO - [2026-02-05T13:13:21.222+0000] {dag.py:3954} INFO - Setting next_dagrun for tutorial to 2026-02-04 00:00:00+00:00, run_after=2026-02-05 00:00:00+00:00
[2026-02-05T13:13:21.231+0000] {processor.py:183} INFO - Processing /home/airflow/.local/lib/python3.12/site-packages/airflow/example_dags/tutorial.py took 0.041 seconds
[2026-02-05T13:13:52.068+0000] {processor.py:161} INFO - Started process (PID=2176) to work on /home/airflow/.local/lib/python3.12/site-packages/airflow/example_dags/tutorial.py
[2026-02-05T13:13:52.069+0000] {processor.py:830} INFO - Processing file /home/airflow/.local/lib/python3.12/site-packages/airflow/example_dags/tutorial.py for tasks to queue
[2026-02-05T13:13:52.070+0000] {logging_mixin.py:188} INFO - [2026-02-05T13:13:52.070+0000] {dagbag.py:540} INFO - Filling up the DagBag from /home/airflow/.local/lib/python3.12/site-packages/airflow/example_dags/tutorial.py
[2026-02-05T13:13:52.074+0000] {processor.py:840} INFO - DAG(s) 'tutorial' retrieved from /home/airflow/.local/lib/python3.12/site-packages/airflow/example_dags/tutorial.py
[2026-02-05T13:13:52.086+0000] {logging_mixin.py:188} INFO - [2026-02-05T13:13:52.086+0000] {dag.py:3096} INFO - Sync 1 DAGs
[2026-02-05T13:13:52.098+0000] {logging_mixin.py:188} INFO - [2026-02-05T13:13:52.098+0000] {dag.py:3954} INFO - Setting next_dagrun for tutorial to 2026-02-04 00:00:00+00:00, run_after=2026-02-05 00:00:00+00:00
[2026-02-05T13:13:52.109+0000] {processor.py:183} INFO - Processing /home/airflow/.local/lib/python3.12/site-packages/airflow/example_dags/tutorial.py took 0.044 seconds
[2026-02-05T13:14:23.100+0000] {processor.py:161} INFO - Started process (PID=2234) to work on /home/airflow/.local/lib/python3.12/site-packages/airflow/example_dags/tutorial.py
[2026-02-05T13:14:23.100+0000] {processor.py:830} INFO - Processing file /home/airflow/.local/lib/python3.12/site-packages/airflow/example_dags/tutorial.py for tasks to queue
[2026-02-05T13:14:23.101+0000] {logging_mixin.py:188} INFO - [2026-02-05T13:14:23.101+0000] {dagbag.py:540} INFO - Filling up the DagBag from /home/airflow/.local/lib/python3.12/site-packages/airflow/example_dags/tutorial.py
[2026-02-05T13:14:23.105+0000] {processor.py:840} INFO - DAG(s) 'tutorial' retrieved from /home/airflow/.local/lib/python3.12/site-packages/airflow/example_dags/tutorial.py
[2026-02-05T13:14:23.117+0000] {logging_mixin.py:188} INFO - [2026-02-05T13:14:23.117+0000] {dag.py:3096} INFO - Sync 1 DAGs
[2026-02-05T13:14:23.128+0000] {logging_mixin.py:188} INFO - [2026-02-05T13:14:23.128+0000] {dag.py:3954} INFO - Setting next_dagrun for tutorial to 2026-02-04 00:00:00+00:00, run_after=2026-02-05 00:00:00+00:00
[2026-02-05T13:14:23.138+0000] {processor.py:183} INFO - Processing /home/airflow/.local/lib/python3.12/site-packages/airflow/example_dags/tutorial.py took 0.042 seconds
[2026-02-05T13:14:53.179+0000] {processor.py:161} INFO - Started process (PID=2292) to work on /home/airflow/.local/lib/python3.12/site-packages/airflow/example_dags/tutorial.py
[2026-02-05T13:14:53.180+0000] {processor.py:830} INFO - Processing file /home/airflow/.local/lib/python3.12/site-packages/airflow/example_dags/tutorial.py for tasks to queue
[2026-02-05T13:14:53.181+0000] {logging_mixin.py:188} INFO - [2026-02-05T13:14:53.181+0000] {dagbag.py:540} INFO - Filling up the DagBag from /home/airflow/.local/lib/python3.12/site-packages/airflow/example_dags/tutorial.py
[2026-02-05T13:14:53.184+0000] {processor.py:840} INFO - DAG(s) 'tutorial' retrieved from /home/airflow/.local/lib/python3.12/site-packages/airflow/example_dags/tutorial.py
[2026-02-05T13:14:53.195+0000] {logging_mixin.py:188} INFO - [2026-02-05T13:14:53.195+0000] {dag.py:3096} INFO - Sync 1 DAGs
[2026-02-05T13:14:53.210+0000] {logging_mixin.py:188} INFO - [2026-02-05T13:14:53.210+0000] {dag.py:3954} INFO - Setting next_dagrun for tutorial to 2026-02-04 00:00:00+00:00, run_after=2026-02-05 00:00:00+00:00
[2026-02-05T13:14:53.221+0000] {processor.py:183} INFO - Processing /home/airflow/.local/lib/python3.12/site-packages/airflow/example_dags/tutorial.py took 0.045 seconds
[2026-02-05T13:15:24.143+0000] {processor.py:161} INFO - Started process (PID=2349) to work on /home/airflow/.local/lib/python3.12/site-packages/airflow/example_dags/tutorial.py
[2026-02-05T13:15:24.144+0000] {processor.py:830} INFO - Processing file /home/airflow/.local/lib/python3.12/site-packages/airflow/example_dags/tutorial.py for tasks to queue
[2026-02-05T13:15:24.146+0000] {logging_mixin.py:188} INFO - [2026-02-05T13:15:24.145+0000] {dagbag.py:540} INFO - Filling up the DagBag from /home/airflow/.local/lib/python3.12/site-packages/airflow/example_dags/tutorial.py
[2026-02-05T13:15:24.151+0000] {processor.py:840} INFO - DAG(s) 'tutorial' retrieved from /home/airflow/.local/lib/python3.12/site-packages/airflow/example_dags/tutorial.py
[2026-02-05T13:15:24.164+0000] {logging_mixin.py:188} INFO - [2026-02-05T13:15:24.164+0000] {dag.py:3096} INFO - Sync 1 DAGs
[2026-02-05T13:15:24.177+0000] {logging_mixin.py:188} INFO - [2026-02-05T13:15:24.176+0000] {dag.py:3954} INFO - Setting next_dagrun for tutorial to 2026-02-04 00:00:00+00:00, run_after=2026-02-05 00:00:00+00:00
[2026-02-05T13:15:24.188+0000] {processor.py:183} INFO - Processing /home/airflow/.local/lib/python3.12/site-packages/airflow/example_dags/tutorial.py took 0.048 seconds
[2026-02-05T13:15:54.992+0000] {processor.py:161} INFO - Started process (PID=2407) to work on /home/airflow/.local/lib/python3.12/site-packages/airflow/example_dags/tutorial.py
[2026-02-05T13:15:54.996+0000] {processor.py:830} INFO - Processing file /home/airflow/.local/lib/python3.12/site-packages/airflow/example_dags/tutorial.py for tasks to queue
[2026-02-05T13:15:54.999+0000] {logging_mixin.py:188} INFO - [2026-02-05T13:15:54.999+0000] {dagbag.py:540} INFO - Filling up the DagBag from /home/airflow/.local/lib/python3.12/site-packages/airflow/example_dags/tutorial.py
[2026-02-05T13:15:55.006+0000] {processor.py:840} INFO - DAG(s) 'tutorial' retrieved from /home/airflow/.local/lib/python3.12/site-packages/airflow/example_dags/tutorial.py
[2026-02-05T13:15:55.023+0000] {logging_mixin.py:188} INFO - [2026-02-05T13:15:55.023+0000] {dag.py:3096} INFO - Sync 1 DAGs
[2026-02-05T13:15:55.038+0000] {logging_mixin.py:188} INFO - [2026-02-05T13:15:55.038+0000] {dag.py:3954} INFO - Setting next_dagrun for tutorial to 2026-02-04 00:00:00+00:00, run_after=2026-02-05 00:00:00+00:00
[2026-02-05T13:15:55.049+0000] {processor.py:183} INFO - Processing /home/airflow/.local/lib/python3.12/site-packages/airflow/example_dags/tutorial.py took 0.060 seconds
[2026-02-05T13:16:25.077+0000] {processor.py:161} INFO - Started process (PID=2465) to work on /home/airflow/.local/lib/python3.12/site-packages/airflow/example_dags/tutorial.py
[2026-02-05T13:16:25.078+0000] {processor.py:830} INFO - Processing file /home/airflow/.local/lib/python3.12/site-packages/airflow/example_dags/tutorial.py for tasks to queue
[2026-02-05T13:16:25.079+0000] {logging_mixin.py:188} INFO - [2026-02-05T13:16:25.079+0000] {dagbag.py:540} INFO - Filling up the DagBag from /home/airflow/.local/lib/python3.12/site-packages/airflow/example_dags/tutorial.py
[2026-02-05T13:16:25.084+0000] {processor.py:840} INFO - DAG(s) 'tutorial' retrieved from /home/airflow/.local/lib/python3.12/site-packages/airflow/example_dags/tutorial.py
[2026-02-05T13:16:25.100+0000] {logging_mixin.py:188} INFO - [2026-02-05T13:16:25.099+0000] {dag.py:3096} INFO - Sync 1 DAGs
[2026-02-05T13:16:25.112+0000] {logging_mixin.py:188} INFO - [2026-02-05T13:16:25.112+0000] {dag.py:3954} INFO - Setting next_dagrun for tutorial to 2026-02-04 00:00:00+00:00, run_after=2026-02-05 00:00:00+00:00
[2026-02-05T13:16:25.121+0000] {processor.py:183} INFO - Processing /home/airflow/.local/lib/python3.12/site-packages/airflow/example_dags/tutorial.py took 0.048 seconds
[2026-02-05T13:16:55.160+0000] {processor.py:161} INFO - Started process (PID=2523) to work on /home/airflow/.local/lib/python3.12/site-packages/airflow/example_dags/tutorial.py
[2026-02-05T13:16:55.161+0000] {processor.py:830} INFO - Processing file /home/airflow/.local/lib/python3.12/site-packages/airflow/example_dags/tutorial.py for tasks to queue
[2026-02-05T13:16:55.163+0000] {logging_mixin.py:188} INFO - [2026-02-05T13:16:55.163+0000] {dagbag.py:540} INFO - Filling up the DagBag from /home/airflow/.local/lib/python3.12/site-packages/airflow/example_dags/tutorial.py
[2026-02-05T13:16:55.167+0000] {processor.py:840} INFO - DAG(s) 'tutorial' retrieved from /home/airflow/.local/lib/python3.12/site-packages/airflow/example_dags/tutorial.py
[2026-02-05T13:16:55.183+0000] {logging_mixin.py:188} INFO - [2026-02-05T13:16:55.183+0000] {dag.py:3096} INFO - Sync 1 DAGs
[2026-02-05T13:16:55.194+0000] {logging_mixin.py:188} INFO - [2026-02-05T13:16:55.194+0000] {dag.py:3954} INFO - Setting next_dagrun for tutorial to 2026-02-04 00:00:00+00:00, run_after=2026-02-05 00:00:00+00:00
[2026-02-05T13:16:55.208+0000] {processor.py:183} INFO - Processing /home/airflow/.local/lib/python3.12/site-packages/airflow/example_dags/tutorial.py took 0.051 seconds
[2026-02-05T13:17:25.237+0000] {processor.py:161} INFO - Started process (PID=2581) to work on /home/airflow/.local/lib/python3.12/site-packages/airflow/example_dags/tutorial.py
[2026-02-05T13:17:25.237+0000] {processor.py:830} INFO - Processing file /home/airflow/.local/lib/python3.12/site-packages/airflow/example_dags/tutorial.py for tasks to queue
[2026-02-05T13:17:25.239+0000] {logging_mixin.py:188} INFO - [2026-02-05T13:17:25.239+0000] {dagbag.py:540} INFO - Filling up the DagBag from /home/airflow/.local/lib/python3.12/site-packages/airflow/example_dags/tutorial.py
[2026-02-05T13:17:25.243+0000] {processor.py:840} INFO - DAG(s) 'tutorial' retrieved from /home/airflow/.local/lib/python3.12/site-packages/airflow/example_dags/tutorial.py
[2026-02-05T13:17:25.259+0000] {logging_mixin.py:188} INFO - [2026-02-05T13:17:25.259+0000] {dag.py:3096} INFO - Sync 1 DAGs
[2026-02-05T13:17:25.272+0000] {logging_mixin.py:188} INFO - [2026-02-05T13:17:25.272+0000] {dag.py:3954} INFO - Setting next_dagrun for tutorial to 2026-02-04 00:00:00+00:00, run_after=2026-02-05 00:00:00+00:00
[2026-02-05T13:17:25.284+0000] {processor.py:183} INFO - Processing /home/airflow/.local/lib/python3.12/site-packages/airflow/example_dags/tutorial.py took 0.050 seconds
[2026-02-05T13:17:55.625+0000] {processor.py:161} INFO - Started process (PID=2638) to work on /home/airflow/.local/lib/python3.12/site-packages/airflow/example_dags/tutorial.py
[2026-02-05T13:17:55.629+0000] {processor.py:830} INFO - Processing file /home/airflow/.local/lib/python3.12/site-packages/airflow/example_dags/tutorial.py for tasks to queue
[2026-02-05T13:17:55.630+0000] {logging_mixin.py:188} INFO - [2026-02-05T13:17:55.629+0000] {dagbag.py:540} INFO - Filling up the DagBag from /home/airflow/.local/lib/python3.12/site-packages/airflow/example_dags/tutorial.py
[2026-02-05T13:17:55.633+0000] {processor.py:840} INFO - DAG(s) 'tutorial' retrieved from /home/airflow/.local/lib/python3.12/site-packages/airflow/example_dags/tutorial.py
[2026-02-05T13:17:55.646+0000] {logging_mixin.py:188} INFO - [2026-02-05T13:17:55.646+0000] {dag.py:3096} INFO - Sync 1 DAGs
[2026-02-05T13:17:55.659+0000] {logging_mixin.py:188} INFO - [2026-02-05T13:17:55.658+0000] {dag.py:3954} INFO - Setting next_dagrun for tutorial to 2026-02-04 00:00:00+00:00, run_after=2026-02-05 00:00:00+00:00
[2026-02-05T13:17:55.668+0000] {processor.py:183} INFO - Processing /home/airflow/.local/lib/python3.12/site-packages/airflow/example_dags/tutorial.py took 0.047 seconds
