[2026-02-05T12:55:34.296+0000] {processor.py:161} INFO - Started process (PID=82) to work on /home/airflow/.local/lib/python3.12/site-packages/airflow/example_dags/tutorial_dag.py
[2026-02-05T12:55:34.296+0000] {processor.py:830} INFO - Processing file /home/airflow/.local/lib/python3.12/site-packages/airflow/example_dags/tutorial_dag.py for tasks to queue
[2026-02-05T12:55:34.298+0000] {logging_mixin.py:188} INFO - [2026-02-05T12:55:34.298+0000] {dagbag.py:540} INFO - Filling up the DagBag from /home/airflow/.local/lib/python3.12/site-packages/airflow/example_dags/tutorial_dag.py
[2026-02-05T12:55:34.302+0000] {processor.py:840} INFO - DAG(s) 'tutorial_dag' retrieved from /home/airflow/.local/lib/python3.12/site-packages/airflow/example_dags/tutorial_dag.py
[2026-02-05T12:55:34.310+0000] {logging_mixin.py:188} INFO - [2026-02-05T12:55:34.310+0000] {dag.py:3096} INFO - Sync 1 DAGs
[2026-02-05T12:55:34.318+0000] {logging_mixin.py:188} INFO - [2026-02-05T12:55:34.318+0000] {dag.py:3954} INFO - Setting next_dagrun for tutorial_dag to None, run_after=None
[2026-02-05T12:55:34.331+0000] {processor.py:183} INFO - Processing /home/airflow/.local/lib/python3.12/site-packages/airflow/example_dags/tutorial_dag.py took 0.039 seconds
[2026-02-05T12:56:05.242+0000] {processor.py:161} INFO - Started process (PID=140) to work on /home/airflow/.local/lib/python3.12/site-packages/airflow/example_dags/tutorial_dag.py
[2026-02-05T12:56:05.246+0000] {processor.py:830} INFO - Processing file /home/airflow/.local/lib/python3.12/site-packages/airflow/example_dags/tutorial_dag.py for tasks to queue
[2026-02-05T12:56:05.248+0000] {logging_mixin.py:188} INFO - [2026-02-05T12:56:05.248+0000] {dagbag.py:540} INFO - Filling up the DagBag from /home/airflow/.local/lib/python3.12/site-packages/airflow/example_dags/tutorial_dag.py
[2026-02-05T12:56:05.251+0000] {processor.py:840} INFO - DAG(s) 'tutorial_dag' retrieved from /home/airflow/.local/lib/python3.12/site-packages/airflow/example_dags/tutorial_dag.py
[2026-02-05T12:56:05.309+0000] {logging_mixin.py:188} INFO - [2026-02-05T12:56:05.309+0000] {dag.py:3096} INFO - Sync 1 DAGs
[2026-02-05T12:56:05.316+0000] {logging_mixin.py:188} INFO - [2026-02-05T12:56:05.315+0000] {dag.py:3954} INFO - Setting next_dagrun for tutorial_dag to None, run_after=None
[2026-02-05T12:56:05.326+0000] {processor.py:183} INFO - Processing /home/airflow/.local/lib/python3.12/site-packages/airflow/example_dags/tutorial_dag.py took 0.087 seconds
[2026-02-05T12:56:35.899+0000] {processor.py:161} INFO - Started process (PID=198) to work on /home/airflow/.local/lib/python3.12/site-packages/airflow/example_dags/tutorial_dag.py
[2026-02-05T12:56:35.899+0000] {processor.py:830} INFO - Processing file /home/airflow/.local/lib/python3.12/site-packages/airflow/example_dags/tutorial_dag.py for tasks to queue
[2026-02-05T12:56:35.901+0000] {logging_mixin.py:188} INFO - [2026-02-05T12:56:35.900+0000] {dagbag.py:540} INFO - Filling up the DagBag from /home/airflow/.local/lib/python3.12/site-packages/airflow/example_dags/tutorial_dag.py
[2026-02-05T12:56:35.904+0000] {processor.py:840} INFO - DAG(s) 'tutorial_dag' retrieved from /home/airflow/.local/lib/python3.12/site-packages/airflow/example_dags/tutorial_dag.py
[2026-02-05T12:56:35.919+0000] {logging_mixin.py:188} INFO - [2026-02-05T12:56:35.919+0000] {dag.py:3096} INFO - Sync 1 DAGs
[2026-02-05T12:56:35.926+0000] {logging_mixin.py:188} INFO - [2026-02-05T12:56:35.926+0000] {dag.py:3954} INFO - Setting next_dagrun for tutorial_dag to None, run_after=None
[2026-02-05T12:56:35.940+0000] {processor.py:183} INFO - Processing /home/airflow/.local/lib/python3.12/site-packages/airflow/example_dags/tutorial_dag.py took 0.045 seconds
[2026-02-05T12:57:05.969+0000] {processor.py:161} INFO - Started process (PID=256) to work on /home/airflow/.local/lib/python3.12/site-packages/airflow/example_dags/tutorial_dag.py
[2026-02-05T12:57:05.972+0000] {processor.py:830} INFO - Processing file /home/airflow/.local/lib/python3.12/site-packages/airflow/example_dags/tutorial_dag.py for tasks to queue
[2026-02-05T12:57:05.974+0000] {logging_mixin.py:188} INFO - [2026-02-05T12:57:05.974+0000] {dagbag.py:540} INFO - Filling up the DagBag from /home/airflow/.local/lib/python3.12/site-packages/airflow/example_dags/tutorial_dag.py
[2026-02-05T12:57:05.977+0000] {processor.py:840} INFO - DAG(s) 'tutorial_dag' retrieved from /home/airflow/.local/lib/python3.12/site-packages/airflow/example_dags/tutorial_dag.py
[2026-02-05T12:57:05.987+0000] {logging_mixin.py:188} INFO - [2026-02-05T12:57:05.987+0000] {dag.py:3096} INFO - Sync 1 DAGs
[2026-02-05T12:57:05.994+0000] {logging_mixin.py:188} INFO - [2026-02-05T12:57:05.993+0000] {dag.py:3954} INFO - Setting next_dagrun for tutorial_dag to None, run_after=None
[2026-02-05T12:57:06.003+0000] {processor.py:183} INFO - Processing /home/airflow/.local/lib/python3.12/site-packages/airflow/example_dags/tutorial_dag.py took 0.037 seconds
[2026-02-05T12:57:36.487+0000] {processor.py:161} INFO - Started process (PID=314) to work on /home/airflow/.local/lib/python3.12/site-packages/airflow/example_dags/tutorial_dag.py
[2026-02-05T12:57:36.488+0000] {processor.py:830} INFO - Processing file /home/airflow/.local/lib/python3.12/site-packages/airflow/example_dags/tutorial_dag.py for tasks to queue
[2026-02-05T12:57:36.489+0000] {logging_mixin.py:188} INFO - [2026-02-05T12:57:36.489+0000] {dagbag.py:540} INFO - Filling up the DagBag from /home/airflow/.local/lib/python3.12/site-packages/airflow/example_dags/tutorial_dag.py
[2026-02-05T12:57:36.493+0000] {processor.py:840} INFO - DAG(s) 'tutorial_dag' retrieved from /home/airflow/.local/lib/python3.12/site-packages/airflow/example_dags/tutorial_dag.py
[2026-02-05T12:57:36.505+0000] {logging_mixin.py:188} INFO - [2026-02-05T12:57:36.505+0000] {dag.py:3096} INFO - Sync 1 DAGs
[2026-02-05T12:57:36.512+0000] {logging_mixin.py:188} INFO - [2026-02-05T12:57:36.512+0000] {dag.py:3954} INFO - Setting next_dagrun for tutorial_dag to None, run_after=None
[2026-02-05T12:57:36.523+0000] {processor.py:183} INFO - Processing /home/airflow/.local/lib/python3.12/site-packages/airflow/example_dags/tutorial_dag.py took 0.039 seconds
[2026-02-05T12:58:06.897+0000] {processor.py:161} INFO - Started process (PID=372) to work on /home/airflow/.local/lib/python3.12/site-packages/airflow/example_dags/tutorial_dag.py
[2026-02-05T12:58:06.899+0000] {processor.py:830} INFO - Processing file /home/airflow/.local/lib/python3.12/site-packages/airflow/example_dags/tutorial_dag.py for tasks to queue
[2026-02-05T12:58:06.900+0000] {logging_mixin.py:188} INFO - [2026-02-05T12:58:06.900+0000] {dagbag.py:540} INFO - Filling up the DagBag from /home/airflow/.local/lib/python3.12/site-packages/airflow/example_dags/tutorial_dag.py
[2026-02-05T12:58:06.904+0000] {processor.py:840} INFO - DAG(s) 'tutorial_dag' retrieved from /home/airflow/.local/lib/python3.12/site-packages/airflow/example_dags/tutorial_dag.py
[2026-02-05T12:58:06.918+0000] {logging_mixin.py:188} INFO - [2026-02-05T12:58:06.918+0000] {dag.py:3096} INFO - Sync 1 DAGs
[2026-02-05T12:58:06.925+0000] {logging_mixin.py:188} INFO - [2026-02-05T12:58:06.925+0000] {dag.py:3954} INFO - Setting next_dagrun for tutorial_dag to None, run_after=None
[2026-02-05T12:58:06.937+0000] {processor.py:183} INFO - Processing /home/airflow/.local/lib/python3.12/site-packages/airflow/example_dags/tutorial_dag.py took 0.043 seconds
[2026-02-05T12:58:37.002+0000] {processor.py:161} INFO - Started process (PID=430) to work on /home/airflow/.local/lib/python3.12/site-packages/airflow/example_dags/tutorial_dag.py
[2026-02-05T12:58:37.003+0000] {processor.py:830} INFO - Processing file /home/airflow/.local/lib/python3.12/site-packages/airflow/example_dags/tutorial_dag.py for tasks to queue
[2026-02-05T12:58:37.004+0000] {logging_mixin.py:188} INFO - [2026-02-05T12:58:37.003+0000] {dagbag.py:540} INFO - Filling up the DagBag from /home/airflow/.local/lib/python3.12/site-packages/airflow/example_dags/tutorial_dag.py
[2026-02-05T12:58:37.007+0000] {processor.py:840} INFO - DAG(s) 'tutorial_dag' retrieved from /home/airflow/.local/lib/python3.12/site-packages/airflow/example_dags/tutorial_dag.py
[2026-02-05T12:58:37.018+0000] {logging_mixin.py:188} INFO - [2026-02-05T12:58:37.018+0000] {dag.py:3096} INFO - Sync 1 DAGs
[2026-02-05T12:58:37.024+0000] {logging_mixin.py:188} INFO - [2026-02-05T12:58:37.024+0000] {dag.py:3954} INFO - Setting next_dagrun for tutorial_dag to None, run_after=None
[2026-02-05T12:58:37.032+0000] {processor.py:183} INFO - Processing /home/airflow/.local/lib/python3.12/site-packages/airflow/example_dags/tutorial_dag.py took 0.033 seconds
[2026-02-05T12:59:07.074+0000] {processor.py:161} INFO - Started process (PID=497) to work on /home/airflow/.local/lib/python3.12/site-packages/airflow/example_dags/tutorial_dag.py
[2026-02-05T12:59:07.074+0000] {processor.py:830} INFO - Processing file /home/airflow/.local/lib/python3.12/site-packages/airflow/example_dags/tutorial_dag.py for tasks to queue
[2026-02-05T12:59:07.075+0000] {logging_mixin.py:188} INFO - [2026-02-05T12:59:07.075+0000] {dagbag.py:540} INFO - Filling up the DagBag from /home/airflow/.local/lib/python3.12/site-packages/airflow/example_dags/tutorial_dag.py
[2026-02-05T12:59:07.078+0000] {processor.py:840} INFO - DAG(s) 'tutorial_dag' retrieved from /home/airflow/.local/lib/python3.12/site-packages/airflow/example_dags/tutorial_dag.py
[2026-02-05T12:59:07.088+0000] {logging_mixin.py:188} INFO - [2026-02-05T12:59:07.088+0000] {dag.py:3096} INFO - Sync 1 DAGs
[2026-02-05T12:59:07.094+0000] {logging_mixin.py:188} INFO - [2026-02-05T12:59:07.094+0000] {dag.py:3954} INFO - Setting next_dagrun for tutorial_dag to None, run_after=None
[2026-02-05T12:59:07.102+0000] {processor.py:183} INFO - Processing /home/airflow/.local/lib/python3.12/site-packages/airflow/example_dags/tutorial_dag.py took 0.031 seconds
[2026-02-05T12:59:37.290+0000] {processor.py:161} INFO - Started process (PID=556) to work on /home/airflow/.local/lib/python3.12/site-packages/airflow/example_dags/tutorial_dag.py
[2026-02-05T12:59:37.290+0000] {processor.py:830} INFO - Processing file /home/airflow/.local/lib/python3.12/site-packages/airflow/example_dags/tutorial_dag.py for tasks to queue
[2026-02-05T12:59:37.292+0000] {logging_mixin.py:188} INFO - [2026-02-05T12:59:37.291+0000] {dagbag.py:540} INFO - Filling up the DagBag from /home/airflow/.local/lib/python3.12/site-packages/airflow/example_dags/tutorial_dag.py
[2026-02-05T12:59:37.294+0000] {processor.py:840} INFO - DAG(s) 'tutorial_dag' retrieved from /home/airflow/.local/lib/python3.12/site-packages/airflow/example_dags/tutorial_dag.py
[2026-02-05T12:59:37.306+0000] {logging_mixin.py:188} INFO - [2026-02-05T12:59:37.306+0000] {dag.py:3096} INFO - Sync 1 DAGs
[2026-02-05T12:59:37.314+0000] {logging_mixin.py:188} INFO - [2026-02-05T12:59:37.313+0000] {dag.py:3954} INFO - Setting next_dagrun for tutorial_dag to None, run_after=None
[2026-02-05T12:59:37.323+0000] {processor.py:183} INFO - Processing /home/airflow/.local/lib/python3.12/site-packages/airflow/example_dags/tutorial_dag.py took 0.037 seconds
[2026-02-05T13:00:07.550+0000] {processor.py:161} INFO - Started process (PID=614) to work on /home/airflow/.local/lib/python3.12/site-packages/airflow/example_dags/tutorial_dag.py
[2026-02-05T13:00:07.551+0000] {processor.py:830} INFO - Processing file /home/airflow/.local/lib/python3.12/site-packages/airflow/example_dags/tutorial_dag.py for tasks to queue
[2026-02-05T13:00:07.552+0000] {logging_mixin.py:188} INFO - [2026-02-05T13:00:07.552+0000] {dagbag.py:540} INFO - Filling up the DagBag from /home/airflow/.local/lib/python3.12/site-packages/airflow/example_dags/tutorial_dag.py
[2026-02-05T13:00:07.555+0000] {processor.py:840} INFO - DAG(s) 'tutorial_dag' retrieved from /home/airflow/.local/lib/python3.12/site-packages/airflow/example_dags/tutorial_dag.py
[2026-02-05T13:00:07.567+0000] {logging_mixin.py:188} INFO - [2026-02-05T13:00:07.567+0000] {dag.py:3096} INFO - Sync 1 DAGs
[2026-02-05T13:00:07.574+0000] {logging_mixin.py:188} INFO - [2026-02-05T13:00:07.574+0000] {dag.py:3954} INFO - Setting next_dagrun for tutorial_dag to None, run_after=None
[2026-02-05T13:00:07.586+0000] {processor.py:183} INFO - Processing /home/airflow/.local/lib/python3.12/site-packages/airflow/example_dags/tutorial_dag.py took 0.039 seconds
[2026-02-05T13:00:37.792+0000] {processor.py:161} INFO - Started process (PID=672) to work on /home/airflow/.local/lib/python3.12/site-packages/airflow/example_dags/tutorial_dag.py
[2026-02-05T13:00:37.793+0000] {processor.py:830} INFO - Processing file /home/airflow/.local/lib/python3.12/site-packages/airflow/example_dags/tutorial_dag.py for tasks to queue
[2026-02-05T13:00:37.794+0000] {logging_mixin.py:188} INFO - [2026-02-05T13:00:37.794+0000] {dagbag.py:540} INFO - Filling up the DagBag from /home/airflow/.local/lib/python3.12/site-packages/airflow/example_dags/tutorial_dag.py
[2026-02-05T13:00:37.798+0000] {processor.py:840} INFO - DAG(s) 'tutorial_dag' retrieved from /home/airflow/.local/lib/python3.12/site-packages/airflow/example_dags/tutorial_dag.py
[2026-02-05T13:00:37.814+0000] {logging_mixin.py:188} INFO - [2026-02-05T13:00:37.813+0000] {dag.py:3096} INFO - Sync 1 DAGs
[2026-02-05T13:00:37.820+0000] {logging_mixin.py:188} INFO - [2026-02-05T13:00:37.819+0000] {dag.py:3954} INFO - Setting next_dagrun for tutorial_dag to None, run_after=None
[2026-02-05T13:00:37.830+0000] {processor.py:183} INFO - Processing /home/airflow/.local/lib/python3.12/site-packages/airflow/example_dags/tutorial_dag.py took 0.042 seconds
[2026-02-05T13:01:08.804+0000] {processor.py:161} INFO - Started process (PID=730) to work on /home/airflow/.local/lib/python3.12/site-packages/airflow/example_dags/tutorial_dag.py
[2026-02-05T13:01:08.804+0000] {processor.py:830} INFO - Processing file /home/airflow/.local/lib/python3.12/site-packages/airflow/example_dags/tutorial_dag.py for tasks to queue
[2026-02-05T13:01:08.805+0000] {logging_mixin.py:188} INFO - [2026-02-05T13:01:08.805+0000] {dagbag.py:540} INFO - Filling up the DagBag from /home/airflow/.local/lib/python3.12/site-packages/airflow/example_dags/tutorial_dag.py
[2026-02-05T13:01:08.808+0000] {processor.py:840} INFO - DAG(s) 'tutorial_dag' retrieved from /home/airflow/.local/lib/python3.12/site-packages/airflow/example_dags/tutorial_dag.py
[2026-02-05T13:01:08.819+0000] {logging_mixin.py:188} INFO - [2026-02-05T13:01:08.819+0000] {dag.py:3096} INFO - Sync 1 DAGs
[2026-02-05T13:01:08.825+0000] {logging_mixin.py:188} INFO - [2026-02-05T13:01:08.825+0000] {dag.py:3954} INFO - Setting next_dagrun for tutorial_dag to None, run_after=None
[2026-02-05T13:01:08.833+0000] {processor.py:183} INFO - Processing /home/airflow/.local/lib/python3.12/site-packages/airflow/example_dags/tutorial_dag.py took 0.032 seconds
[2026-02-05T13:01:39.100+0000] {processor.py:161} INFO - Started process (PID=788) to work on /home/airflow/.local/lib/python3.12/site-packages/airflow/example_dags/tutorial_dag.py
[2026-02-05T13:01:39.101+0000] {processor.py:830} INFO - Processing file /home/airflow/.local/lib/python3.12/site-packages/airflow/example_dags/tutorial_dag.py for tasks to queue
[2026-02-05T13:01:39.102+0000] {logging_mixin.py:188} INFO - [2026-02-05T13:01:39.102+0000] {dagbag.py:540} INFO - Filling up the DagBag from /home/airflow/.local/lib/python3.12/site-packages/airflow/example_dags/tutorial_dag.py
[2026-02-05T13:01:39.105+0000] {processor.py:840} INFO - DAG(s) 'tutorial_dag' retrieved from /home/airflow/.local/lib/python3.12/site-packages/airflow/example_dags/tutorial_dag.py
[2026-02-05T13:01:39.117+0000] {logging_mixin.py:188} INFO - [2026-02-05T13:01:39.117+0000] {dag.py:3096} INFO - Sync 1 DAGs
[2026-02-05T13:01:39.123+0000] {logging_mixin.py:188} INFO - [2026-02-05T13:01:39.123+0000] {dag.py:3954} INFO - Setting next_dagrun for tutorial_dag to None, run_after=None
[2026-02-05T13:01:39.135+0000] {processor.py:183} INFO - Processing /home/airflow/.local/lib/python3.12/site-packages/airflow/example_dags/tutorial_dag.py took 0.038 seconds
[2026-02-05T13:02:09.398+0000] {processor.py:161} INFO - Started process (PID=845) to work on /home/airflow/.local/lib/python3.12/site-packages/airflow/example_dags/tutorial_dag.py
[2026-02-05T13:02:09.400+0000] {processor.py:830} INFO - Processing file /home/airflow/.local/lib/python3.12/site-packages/airflow/example_dags/tutorial_dag.py for tasks to queue
[2026-02-05T13:02:09.402+0000] {logging_mixin.py:188} INFO - [2026-02-05T13:02:09.401+0000] {dagbag.py:540} INFO - Filling up the DagBag from /home/airflow/.local/lib/python3.12/site-packages/airflow/example_dags/tutorial_dag.py
[2026-02-05T13:02:09.408+0000] {processor.py:840} INFO - DAG(s) 'tutorial_dag' retrieved from /home/airflow/.local/lib/python3.12/site-packages/airflow/example_dags/tutorial_dag.py
[2026-02-05T13:02:09.420+0000] {logging_mixin.py:188} INFO - [2026-02-05T13:02:09.420+0000] {dag.py:3096} INFO - Sync 1 DAGs
[2026-02-05T13:02:09.428+0000] {logging_mixin.py:188} INFO - [2026-02-05T13:02:09.427+0000] {dag.py:3954} INFO - Setting next_dagrun for tutorial_dag to None, run_after=None
[2026-02-05T13:02:09.440+0000] {processor.py:183} INFO - Processing /home/airflow/.local/lib/python3.12/site-packages/airflow/example_dags/tutorial_dag.py took 0.045 seconds
[2026-02-05T13:02:39.513+0000] {processor.py:161} INFO - Started process (PID=903) to work on /home/airflow/.local/lib/python3.12/site-packages/airflow/example_dags/tutorial_dag.py
[2026-02-05T13:02:39.514+0000] {processor.py:830} INFO - Processing file /home/airflow/.local/lib/python3.12/site-packages/airflow/example_dags/tutorial_dag.py for tasks to queue
[2026-02-05T13:02:39.518+0000] {logging_mixin.py:188} INFO - [2026-02-05T13:02:39.518+0000] {dagbag.py:540} INFO - Filling up the DagBag from /home/airflow/.local/lib/python3.12/site-packages/airflow/example_dags/tutorial_dag.py
[2026-02-05T13:02:39.521+0000] {processor.py:840} INFO - DAG(s) 'tutorial_dag' retrieved from /home/airflow/.local/lib/python3.12/site-packages/airflow/example_dags/tutorial_dag.py
[2026-02-05T13:02:39.536+0000] {logging_mixin.py:188} INFO - [2026-02-05T13:02:39.536+0000] {dag.py:3096} INFO - Sync 1 DAGs
[2026-02-05T13:02:39.544+0000] {logging_mixin.py:188} INFO - [2026-02-05T13:02:39.544+0000] {dag.py:3954} INFO - Setting next_dagrun for tutorial_dag to None, run_after=None
[2026-02-05T13:02:39.556+0000] {processor.py:183} INFO - Processing /home/airflow/.local/lib/python3.12/site-packages/airflow/example_dags/tutorial_dag.py took 0.046 seconds
[2026-02-05T13:03:10.303+0000] {processor.py:161} INFO - Started process (PID=961) to work on /home/airflow/.local/lib/python3.12/site-packages/airflow/example_dags/tutorial_dag.py
[2026-02-05T13:03:10.304+0000] {processor.py:830} INFO - Processing file /home/airflow/.local/lib/python3.12/site-packages/airflow/example_dags/tutorial_dag.py for tasks to queue
[2026-02-05T13:03:10.306+0000] {logging_mixin.py:188} INFO - [2026-02-05T13:03:10.306+0000] {dagbag.py:540} INFO - Filling up the DagBag from /home/airflow/.local/lib/python3.12/site-packages/airflow/example_dags/tutorial_dag.py
[2026-02-05T13:03:10.310+0000] {processor.py:840} INFO - DAG(s) 'tutorial_dag' retrieved from /home/airflow/.local/lib/python3.12/site-packages/airflow/example_dags/tutorial_dag.py
[2026-02-05T13:03:10.324+0000] {logging_mixin.py:188} INFO - [2026-02-05T13:03:10.324+0000] {dag.py:3096} INFO - Sync 1 DAGs
[2026-02-05T13:03:10.333+0000] {logging_mixin.py:188} INFO - [2026-02-05T13:03:10.333+0000] {dag.py:3954} INFO - Setting next_dagrun for tutorial_dag to None, run_after=None
[2026-02-05T13:03:10.348+0000] {processor.py:183} INFO - Processing /home/airflow/.local/lib/python3.12/site-packages/airflow/example_dags/tutorial_dag.py took 0.048 seconds
[2026-02-05T13:03:40.810+0000] {processor.py:161} INFO - Started process (PID=1019) to work on /home/airflow/.local/lib/python3.12/site-packages/airflow/example_dags/tutorial_dag.py
[2026-02-05T13:03:40.811+0000] {processor.py:830} INFO - Processing file /home/airflow/.local/lib/python3.12/site-packages/airflow/example_dags/tutorial_dag.py for tasks to queue
[2026-02-05T13:03:40.812+0000] {logging_mixin.py:188} INFO - [2026-02-05T13:03:40.812+0000] {dagbag.py:540} INFO - Filling up the DagBag from /home/airflow/.local/lib/python3.12/site-packages/airflow/example_dags/tutorial_dag.py
[2026-02-05T13:03:40.816+0000] {processor.py:840} INFO - DAG(s) 'tutorial_dag' retrieved from /home/airflow/.local/lib/python3.12/site-packages/airflow/example_dags/tutorial_dag.py
[2026-02-05T13:03:40.832+0000] {logging_mixin.py:188} INFO - [2026-02-05T13:03:40.832+0000] {dag.py:3096} INFO - Sync 1 DAGs
[2026-02-05T13:03:40.838+0000] {logging_mixin.py:188} INFO - [2026-02-05T13:03:40.838+0000] {dag.py:3954} INFO - Setting next_dagrun for tutorial_dag to None, run_after=None
[2026-02-05T13:03:40.848+0000] {processor.py:183} INFO - Processing /home/airflow/.local/lib/python3.12/site-packages/airflow/example_dags/tutorial_dag.py took 0.042 seconds
[2026-02-05T13:04:11.849+0000] {processor.py:161} INFO - Started process (PID=1077) to work on /home/airflow/.local/lib/python3.12/site-packages/airflow/example_dags/tutorial_dag.py
[2026-02-05T13:04:11.849+0000] {processor.py:830} INFO - Processing file /home/airflow/.local/lib/python3.12/site-packages/airflow/example_dags/tutorial_dag.py for tasks to queue
[2026-02-05T13:04:11.850+0000] {logging_mixin.py:188} INFO - [2026-02-05T13:04:11.850+0000] {dagbag.py:540} INFO - Filling up the DagBag from /home/airflow/.local/lib/python3.12/site-packages/airflow/example_dags/tutorial_dag.py
[2026-02-05T13:04:11.853+0000] {processor.py:840} INFO - DAG(s) 'tutorial_dag' retrieved from /home/airflow/.local/lib/python3.12/site-packages/airflow/example_dags/tutorial_dag.py
[2026-02-05T13:04:11.866+0000] {logging_mixin.py:188} INFO - [2026-02-05T13:04:11.866+0000] {dag.py:3096} INFO - Sync 1 DAGs
[2026-02-05T13:04:11.872+0000] {logging_mixin.py:188} INFO - [2026-02-05T13:04:11.872+0000] {dag.py:3954} INFO - Setting next_dagrun for tutorial_dag to None, run_after=None
[2026-02-05T13:04:11.882+0000] {processor.py:183} INFO - Processing /home/airflow/.local/lib/python3.12/site-packages/airflow/example_dags/tutorial_dag.py took 0.036 seconds
[2026-02-05T13:04:42.243+0000] {processor.py:161} INFO - Started process (PID=1135) to work on /home/airflow/.local/lib/python3.12/site-packages/airflow/example_dags/tutorial_dag.py
[2026-02-05T13:04:42.244+0000] {processor.py:830} INFO - Processing file /home/airflow/.local/lib/python3.12/site-packages/airflow/example_dags/tutorial_dag.py for tasks to queue
[2026-02-05T13:04:42.246+0000] {logging_mixin.py:188} INFO - [2026-02-05T13:04:42.245+0000] {dagbag.py:540} INFO - Filling up the DagBag from /home/airflow/.local/lib/python3.12/site-packages/airflow/example_dags/tutorial_dag.py
[2026-02-05T13:04:42.249+0000] {processor.py:840} INFO - DAG(s) 'tutorial_dag' retrieved from /home/airflow/.local/lib/python3.12/site-packages/airflow/example_dags/tutorial_dag.py
[2026-02-05T13:04:42.268+0000] {logging_mixin.py:188} INFO - [2026-02-05T13:04:42.267+0000] {dag.py:3096} INFO - Sync 1 DAGs
[2026-02-05T13:04:42.277+0000] {logging_mixin.py:188} INFO - [2026-02-05T13:04:42.277+0000] {dag.py:3954} INFO - Setting next_dagrun for tutorial_dag to None, run_after=None
[2026-02-05T13:04:42.289+0000] {processor.py:183} INFO - Processing /home/airflow/.local/lib/python3.12/site-packages/airflow/example_dags/tutorial_dag.py took 0.049 seconds
[2026-02-05T13:05:13.006+0000] {processor.py:161} INFO - Started process (PID=1193) to work on /home/airflow/.local/lib/python3.12/site-packages/airflow/example_dags/tutorial_dag.py
[2026-02-05T13:05:13.006+0000] {processor.py:830} INFO - Processing file /home/airflow/.local/lib/python3.12/site-packages/airflow/example_dags/tutorial_dag.py for tasks to queue
[2026-02-05T13:05:13.010+0000] {logging_mixin.py:188} INFO - [2026-02-05T13:05:13.010+0000] {dagbag.py:540} INFO - Filling up the DagBag from /home/airflow/.local/lib/python3.12/site-packages/airflow/example_dags/tutorial_dag.py
[2026-02-05T13:05:13.014+0000] {processor.py:840} INFO - DAG(s) 'tutorial_dag' retrieved from /home/airflow/.local/lib/python3.12/site-packages/airflow/example_dags/tutorial_dag.py
[2026-02-05T13:05:13.024+0000] {logging_mixin.py:188} INFO - [2026-02-05T13:05:13.024+0000] {dag.py:3096} INFO - Sync 1 DAGs
[2026-02-05T13:05:13.033+0000] {logging_mixin.py:188} INFO - [2026-02-05T13:05:13.033+0000] {dag.py:3954} INFO - Setting next_dagrun for tutorial_dag to None, run_after=None
[2026-02-05T13:05:13.043+0000] {processor.py:183} INFO - Processing /home/airflow/.local/lib/python3.12/site-packages/airflow/example_dags/tutorial_dag.py took 0.040 seconds
[2026-02-05T13:05:43.416+0000] {processor.py:161} INFO - Started process (PID=1251) to work on /home/airflow/.local/lib/python3.12/site-packages/airflow/example_dags/tutorial_dag.py
[2026-02-05T13:05:43.416+0000] {processor.py:830} INFO - Processing file /home/airflow/.local/lib/python3.12/site-packages/airflow/example_dags/tutorial_dag.py for tasks to queue
[2026-02-05T13:05:43.417+0000] {logging_mixin.py:188} INFO - [2026-02-05T13:05:43.417+0000] {dagbag.py:540} INFO - Filling up the DagBag from /home/airflow/.local/lib/python3.12/site-packages/airflow/example_dags/tutorial_dag.py
[2026-02-05T13:05:43.420+0000] {processor.py:840} INFO - DAG(s) 'tutorial_dag' retrieved from /home/airflow/.local/lib/python3.12/site-packages/airflow/example_dags/tutorial_dag.py
[2026-02-05T13:05:43.432+0000] {logging_mixin.py:188} INFO - [2026-02-05T13:05:43.432+0000] {dag.py:3096} INFO - Sync 1 DAGs
[2026-02-05T13:05:43.525+0000] {logging_mixin.py:188} INFO - [2026-02-05T13:05:43.525+0000] {dag.py:3954} INFO - Setting next_dagrun for tutorial_dag to None, run_after=None
[2026-02-05T13:05:43.533+0000] {processor.py:183} INFO - Processing /home/airflow/.local/lib/python3.12/site-packages/airflow/example_dags/tutorial_dag.py took 0.120 seconds
[2026-02-05T13:06:13.990+0000] {processor.py:161} INFO - Started process (PID=1308) to work on /home/airflow/.local/lib/python3.12/site-packages/airflow/example_dags/tutorial_dag.py
[2026-02-05T13:06:13.991+0000] {processor.py:830} INFO - Processing file /home/airflow/.local/lib/python3.12/site-packages/airflow/example_dags/tutorial_dag.py for tasks to queue
[2026-02-05T13:06:13.992+0000] {logging_mixin.py:188} INFO - [2026-02-05T13:06:13.992+0000] {dagbag.py:540} INFO - Filling up the DagBag from /home/airflow/.local/lib/python3.12/site-packages/airflow/example_dags/tutorial_dag.py
[2026-02-05T13:06:13.996+0000] {processor.py:840} INFO - DAG(s) 'tutorial_dag' retrieved from /home/airflow/.local/lib/python3.12/site-packages/airflow/example_dags/tutorial_dag.py
[2026-02-05T13:06:14.028+0000] {logging_mixin.py:188} INFO - [2026-02-05T13:06:14.027+0000] {dag.py:3096} INFO - Sync 1 DAGs
[2026-02-05T13:06:14.041+0000] {logging_mixin.py:188} INFO - [2026-02-05T13:06:14.041+0000] {dag.py:3954} INFO - Setting next_dagrun for tutorial_dag to None, run_after=None
[2026-02-05T13:06:14.054+0000] {processor.py:183} INFO - Processing /home/airflow/.local/lib/python3.12/site-packages/airflow/example_dags/tutorial_dag.py took 0.070 seconds
[2026-02-05T13:06:44.129+0000] {processor.py:161} INFO - Started process (PID=1366) to work on /home/airflow/.local/lib/python3.12/site-packages/airflow/example_dags/tutorial_dag.py
[2026-02-05T13:06:44.130+0000] {processor.py:830} INFO - Processing file /home/airflow/.local/lib/python3.12/site-packages/airflow/example_dags/tutorial_dag.py for tasks to queue
[2026-02-05T13:06:44.134+0000] {logging_mixin.py:188} INFO - [2026-02-05T13:06:44.134+0000] {dagbag.py:540} INFO - Filling up the DagBag from /home/airflow/.local/lib/python3.12/site-packages/airflow/example_dags/tutorial_dag.py
[2026-02-05T13:06:44.137+0000] {processor.py:840} INFO - DAG(s) 'tutorial_dag' retrieved from /home/airflow/.local/lib/python3.12/site-packages/airflow/example_dags/tutorial_dag.py
[2026-02-05T13:06:44.152+0000] {logging_mixin.py:188} INFO - [2026-02-05T13:06:44.151+0000] {dag.py:3096} INFO - Sync 1 DAGs
[2026-02-05T13:06:44.158+0000] {logging_mixin.py:188} INFO - [2026-02-05T13:06:44.158+0000] {dag.py:3954} INFO - Setting next_dagrun for tutorial_dag to None, run_after=None
[2026-02-05T13:06:44.168+0000] {processor.py:183} INFO - Processing /home/airflow/.local/lib/python3.12/site-packages/airflow/example_dags/tutorial_dag.py took 0.042 seconds
[2026-02-05T13:07:14.364+0000] {processor.py:161} INFO - Started process (PID=1424) to work on /home/airflow/.local/lib/python3.12/site-packages/airflow/example_dags/tutorial_dag.py
[2026-02-05T13:07:14.365+0000] {processor.py:830} INFO - Processing file /home/airflow/.local/lib/python3.12/site-packages/airflow/example_dags/tutorial_dag.py for tasks to queue
[2026-02-05T13:07:14.366+0000] {logging_mixin.py:188} INFO - [2026-02-05T13:07:14.366+0000] {dagbag.py:540} INFO - Filling up the DagBag from /home/airflow/.local/lib/python3.12/site-packages/airflow/example_dags/tutorial_dag.py
[2026-02-05T13:07:14.369+0000] {processor.py:840} INFO - DAG(s) 'tutorial_dag' retrieved from /home/airflow/.local/lib/python3.12/site-packages/airflow/example_dags/tutorial_dag.py
[2026-02-05T13:07:14.380+0000] {logging_mixin.py:188} INFO - [2026-02-05T13:07:14.380+0000] {dag.py:3096} INFO - Sync 1 DAGs
[2026-02-05T13:07:14.386+0000] {logging_mixin.py:188} INFO - [2026-02-05T13:07:14.386+0000] {dag.py:3954} INFO - Setting next_dagrun for tutorial_dag to None, run_after=None
[2026-02-05T13:07:14.395+0000] {processor.py:183} INFO - Processing /home/airflow/.local/lib/python3.12/site-packages/airflow/example_dags/tutorial_dag.py took 0.033 seconds
[2026-02-05T13:07:44.569+0000] {processor.py:161} INFO - Started process (PID=1482) to work on /home/airflow/.local/lib/python3.12/site-packages/airflow/example_dags/tutorial_dag.py
[2026-02-05T13:07:44.570+0000] {processor.py:830} INFO - Processing file /home/airflow/.local/lib/python3.12/site-packages/airflow/example_dags/tutorial_dag.py for tasks to queue
[2026-02-05T13:07:44.572+0000] {logging_mixin.py:188} INFO - [2026-02-05T13:07:44.571+0000] {dagbag.py:540} INFO - Filling up the DagBag from /home/airflow/.local/lib/python3.12/site-packages/airflow/example_dags/tutorial_dag.py
[2026-02-05T13:07:44.576+0000] {processor.py:840} INFO - DAG(s) 'tutorial_dag' retrieved from /home/airflow/.local/lib/python3.12/site-packages/airflow/example_dags/tutorial_dag.py
[2026-02-05T13:07:44.589+0000] {logging_mixin.py:188} INFO - [2026-02-05T13:07:44.589+0000] {dag.py:3096} INFO - Sync 1 DAGs
[2026-02-05T13:07:44.596+0000] {logging_mixin.py:188} INFO - [2026-02-05T13:07:44.596+0000] {dag.py:3954} INFO - Setting next_dagrun for tutorial_dag to None, run_after=None
[2026-02-05T13:07:44.607+0000] {processor.py:183} INFO - Processing /home/airflow/.local/lib/python3.12/site-packages/airflow/example_dags/tutorial_dag.py took 0.041 seconds
[2026-02-05T13:08:14.847+0000] {processor.py:161} INFO - Started process (PID=1540) to work on /home/airflow/.local/lib/python3.12/site-packages/airflow/example_dags/tutorial_dag.py
[2026-02-05T13:08:14.848+0000] {processor.py:830} INFO - Processing file /home/airflow/.local/lib/python3.12/site-packages/airflow/example_dags/tutorial_dag.py for tasks to queue
[2026-02-05T13:08:14.850+0000] {logging_mixin.py:188} INFO - [2026-02-05T13:08:14.850+0000] {dagbag.py:540} INFO - Filling up the DagBag from /home/airflow/.local/lib/python3.12/site-packages/airflow/example_dags/tutorial_dag.py
[2026-02-05T13:08:14.854+0000] {processor.py:840} INFO - DAG(s) 'tutorial_dag' retrieved from /home/airflow/.local/lib/python3.12/site-packages/airflow/example_dags/tutorial_dag.py
[2026-02-05T13:08:14.866+0000] {logging_mixin.py:188} INFO - [2026-02-05T13:08:14.866+0000] {dag.py:3096} INFO - Sync 1 DAGs
[2026-02-05T13:08:14.875+0000] {logging_mixin.py:188} INFO - [2026-02-05T13:08:14.875+0000] {dag.py:3954} INFO - Setting next_dagrun for tutorial_dag to None, run_after=None
[2026-02-05T13:08:14.888+0000] {processor.py:183} INFO - Processing /home/airflow/.local/lib/python3.12/site-packages/airflow/example_dags/tutorial_dag.py took 0.044 seconds
[2026-02-05T13:08:44.982+0000] {processor.py:161} INFO - Started process (PID=1597) to work on /home/airflow/.local/lib/python3.12/site-packages/airflow/example_dags/tutorial_dag.py
[2026-02-05T13:08:44.982+0000] {processor.py:830} INFO - Processing file /home/airflow/.local/lib/python3.12/site-packages/airflow/example_dags/tutorial_dag.py for tasks to queue
[2026-02-05T13:08:44.984+0000] {logging_mixin.py:188} INFO - [2026-02-05T13:08:44.983+0000] {dagbag.py:540} INFO - Filling up the DagBag from /home/airflow/.local/lib/python3.12/site-packages/airflow/example_dags/tutorial_dag.py
[2026-02-05T13:08:44.987+0000] {processor.py:840} INFO - DAG(s) 'tutorial_dag' retrieved from /home/airflow/.local/lib/python3.12/site-packages/airflow/example_dags/tutorial_dag.py
[2026-02-05T13:08:44.998+0000] {logging_mixin.py:188} INFO - [2026-02-05T13:08:44.998+0000] {dag.py:3096} INFO - Sync 1 DAGs
[2026-02-05T13:08:45.004+0000] {logging_mixin.py:188} INFO - [2026-02-05T13:08:45.004+0000] {dag.py:3954} INFO - Setting next_dagrun for tutorial_dag to None, run_after=None
[2026-02-05T13:08:45.014+0000] {processor.py:183} INFO - Processing /home/airflow/.local/lib/python3.12/site-packages/airflow/example_dags/tutorial_dag.py took 0.036 seconds
[2026-02-05T13:09:15.046+0000] {processor.py:161} INFO - Started process (PID=1655) to work on /home/airflow/.local/lib/python3.12/site-packages/airflow/example_dags/tutorial_dag.py
[2026-02-05T13:09:15.047+0000] {processor.py:830} INFO - Processing file /home/airflow/.local/lib/python3.12/site-packages/airflow/example_dags/tutorial_dag.py for tasks to queue
[2026-02-05T13:09:15.048+0000] {logging_mixin.py:188} INFO - [2026-02-05T13:09:15.047+0000] {dagbag.py:540} INFO - Filling up the DagBag from /home/airflow/.local/lib/python3.12/site-packages/airflow/example_dags/tutorial_dag.py
[2026-02-05T13:09:15.050+0000] {processor.py:840} INFO - DAG(s) 'tutorial_dag' retrieved from /home/airflow/.local/lib/python3.12/site-packages/airflow/example_dags/tutorial_dag.py
[2026-02-05T13:09:15.064+0000] {logging_mixin.py:188} INFO - [2026-02-05T13:09:15.064+0000] {dag.py:3096} INFO - Sync 1 DAGs
[2026-02-05T13:09:15.071+0000] {logging_mixin.py:188} INFO - [2026-02-05T13:09:15.071+0000] {dag.py:3954} INFO - Setting next_dagrun for tutorial_dag to None, run_after=None
[2026-02-05T13:09:15.082+0000] {processor.py:183} INFO - Processing /home/airflow/.local/lib/python3.12/site-packages/airflow/example_dags/tutorial_dag.py took 0.038 seconds
[2026-02-05T13:09:45.571+0000] {processor.py:161} INFO - Started process (PID=1713) to work on /home/airflow/.local/lib/python3.12/site-packages/airflow/example_dags/tutorial_dag.py
[2026-02-05T13:09:45.572+0000] {processor.py:830} INFO - Processing file /home/airflow/.local/lib/python3.12/site-packages/airflow/example_dags/tutorial_dag.py for tasks to queue
[2026-02-05T13:09:45.573+0000] {logging_mixin.py:188} INFO - [2026-02-05T13:09:45.573+0000] {dagbag.py:540} INFO - Filling up the DagBag from /home/airflow/.local/lib/python3.12/site-packages/airflow/example_dags/tutorial_dag.py
[2026-02-05T13:09:45.577+0000] {processor.py:840} INFO - DAG(s) 'tutorial_dag' retrieved from /home/airflow/.local/lib/python3.12/site-packages/airflow/example_dags/tutorial_dag.py
[2026-02-05T13:09:45.589+0000] {logging_mixin.py:188} INFO - [2026-02-05T13:09:45.588+0000] {dag.py:3096} INFO - Sync 1 DAGs
[2026-02-05T13:09:45.596+0000] {logging_mixin.py:188} INFO - [2026-02-05T13:09:45.596+0000] {dag.py:3954} INFO - Setting next_dagrun for tutorial_dag to None, run_after=None
[2026-02-05T13:09:45.611+0000] {processor.py:183} INFO - Processing /home/airflow/.local/lib/python3.12/site-packages/airflow/example_dags/tutorial_dag.py took 0.043 seconds
[2026-02-05T13:10:15.803+0000] {processor.py:161} INFO - Started process (PID=1770) to work on /home/airflow/.local/lib/python3.12/site-packages/airflow/example_dags/tutorial_dag.py
[2026-02-05T13:10:15.804+0000] {processor.py:830} INFO - Processing file /home/airflow/.local/lib/python3.12/site-packages/airflow/example_dags/tutorial_dag.py for tasks to queue
[2026-02-05T13:10:15.807+0000] {logging_mixin.py:188} INFO - [2026-02-05T13:10:15.807+0000] {dagbag.py:540} INFO - Filling up the DagBag from /home/airflow/.local/lib/python3.12/site-packages/airflow/example_dags/tutorial_dag.py
[2026-02-05T13:10:15.810+0000] {processor.py:840} INFO - DAG(s) 'tutorial_dag' retrieved from /home/airflow/.local/lib/python3.12/site-packages/airflow/example_dags/tutorial_dag.py
[2026-02-05T13:10:15.823+0000] {logging_mixin.py:188} INFO - [2026-02-05T13:10:15.822+0000] {dag.py:3096} INFO - Sync 1 DAGs
[2026-02-05T13:10:15.829+0000] {logging_mixin.py:188} INFO - [2026-02-05T13:10:15.829+0000] {dag.py:3954} INFO - Setting next_dagrun for tutorial_dag to None, run_after=None
[2026-02-05T13:10:15.841+0000] {processor.py:183} INFO - Processing /home/airflow/.local/lib/python3.12/site-packages/airflow/example_dags/tutorial_dag.py took 0.041 seconds
[2026-02-05T13:10:46.807+0000] {processor.py:161} INFO - Started process (PID=1828) to work on /home/airflow/.local/lib/python3.12/site-packages/airflow/example_dags/tutorial_dag.py
[2026-02-05T13:10:46.808+0000] {processor.py:830} INFO - Processing file /home/airflow/.local/lib/python3.12/site-packages/airflow/example_dags/tutorial_dag.py for tasks to queue
[2026-02-05T13:10:46.809+0000] {logging_mixin.py:188} INFO - [2026-02-05T13:10:46.808+0000] {dagbag.py:540} INFO - Filling up the DagBag from /home/airflow/.local/lib/python3.12/site-packages/airflow/example_dags/tutorial_dag.py
[2026-02-05T13:10:46.812+0000] {processor.py:840} INFO - DAG(s) 'tutorial_dag' retrieved from /home/airflow/.local/lib/python3.12/site-packages/airflow/example_dags/tutorial_dag.py
[2026-02-05T13:10:46.824+0000] {logging_mixin.py:188} INFO - [2026-02-05T13:10:46.823+0000] {dag.py:3096} INFO - Sync 1 DAGs
[2026-02-05T13:10:46.830+0000] {logging_mixin.py:188} INFO - [2026-02-05T13:10:46.830+0000] {dag.py:3954} INFO - Setting next_dagrun for tutorial_dag to None, run_after=None
[2026-02-05T13:10:46.840+0000] {processor.py:183} INFO - Processing /home/airflow/.local/lib/python3.12/site-packages/airflow/example_dags/tutorial_dag.py took 0.036 seconds
[2026-02-05T13:11:17.694+0000] {processor.py:161} INFO - Started process (PID=1886) to work on /home/airflow/.local/lib/python3.12/site-packages/airflow/example_dags/tutorial_dag.py
[2026-02-05T13:11:17.694+0000] {processor.py:830} INFO - Processing file /home/airflow/.local/lib/python3.12/site-packages/airflow/example_dags/tutorial_dag.py for tasks to queue
[2026-02-05T13:11:17.696+0000] {logging_mixin.py:188} INFO - [2026-02-05T13:11:17.695+0000] {dagbag.py:540} INFO - Filling up the DagBag from /home/airflow/.local/lib/python3.12/site-packages/airflow/example_dags/tutorial_dag.py
[2026-02-05T13:11:17.699+0000] {processor.py:840} INFO - DAG(s) 'tutorial_dag' retrieved from /home/airflow/.local/lib/python3.12/site-packages/airflow/example_dags/tutorial_dag.py
[2026-02-05T13:11:17.711+0000] {logging_mixin.py:188} INFO - [2026-02-05T13:11:17.711+0000] {dag.py:3096} INFO - Sync 1 DAGs
[2026-02-05T13:11:17.717+0000] {logging_mixin.py:188} INFO - [2026-02-05T13:11:17.717+0000] {dag.py:3954} INFO - Setting next_dagrun for tutorial_dag to None, run_after=None
[2026-02-05T13:11:17.726+0000] {processor.py:183} INFO - Processing /home/airflow/.local/lib/python3.12/site-packages/airflow/example_dags/tutorial_dag.py took 0.037 seconds
[2026-02-05T13:11:48.529+0000] {processor.py:161} INFO - Started process (PID=1944) to work on /home/airflow/.local/lib/python3.12/site-packages/airflow/example_dags/tutorial_dag.py
[2026-02-05T13:11:48.530+0000] {processor.py:830} INFO - Processing file /home/airflow/.local/lib/python3.12/site-packages/airflow/example_dags/tutorial_dag.py for tasks to queue
[2026-02-05T13:11:48.530+0000] {logging_mixin.py:188} INFO - [2026-02-05T13:11:48.530+0000] {dagbag.py:540} INFO - Filling up the DagBag from /home/airflow/.local/lib/python3.12/site-packages/airflow/example_dags/tutorial_dag.py
[2026-02-05T13:11:48.534+0000] {processor.py:840} INFO - DAG(s) 'tutorial_dag' retrieved from /home/airflow/.local/lib/python3.12/site-packages/airflow/example_dags/tutorial_dag.py
[2026-02-05T13:11:48.544+0000] {logging_mixin.py:188} INFO - [2026-02-05T13:11:48.544+0000] {dag.py:3096} INFO - Sync 1 DAGs
[2026-02-05T13:11:48.551+0000] {logging_mixin.py:188} INFO - [2026-02-05T13:11:48.551+0000] {dag.py:3954} INFO - Setting next_dagrun for tutorial_dag to None, run_after=None
[2026-02-05T13:11:48.559+0000] {processor.py:183} INFO - Processing /home/airflow/.local/lib/python3.12/site-packages/airflow/example_dags/tutorial_dag.py took 0.034 seconds
[2026-02-05T13:12:19.483+0000] {processor.py:161} INFO - Started process (PID=2002) to work on /home/airflow/.local/lib/python3.12/site-packages/airflow/example_dags/tutorial_dag.py
[2026-02-05T13:12:19.484+0000] {processor.py:830} INFO - Processing file /home/airflow/.local/lib/python3.12/site-packages/airflow/example_dags/tutorial_dag.py for tasks to queue
[2026-02-05T13:12:19.485+0000] {logging_mixin.py:188} INFO - [2026-02-05T13:12:19.485+0000] {dagbag.py:540} INFO - Filling up the DagBag from /home/airflow/.local/lib/python3.12/site-packages/airflow/example_dags/tutorial_dag.py
[2026-02-05T13:12:19.489+0000] {processor.py:840} INFO - DAG(s) 'tutorial_dag' retrieved from /home/airflow/.local/lib/python3.12/site-packages/airflow/example_dags/tutorial_dag.py
[2026-02-05T13:12:19.500+0000] {logging_mixin.py:188} INFO - [2026-02-05T13:12:19.500+0000] {dag.py:3096} INFO - Sync 1 DAGs
[2026-02-05T13:12:19.506+0000] {logging_mixin.py:188} INFO - [2026-02-05T13:12:19.506+0000] {dag.py:3954} INFO - Setting next_dagrun for tutorial_dag to None, run_after=None
[2026-02-05T13:12:19.516+0000] {processor.py:183} INFO - Processing /home/airflow/.local/lib/python3.12/site-packages/airflow/example_dags/tutorial_dag.py took 0.036 seconds
[2026-02-05T13:12:50.375+0000] {processor.py:161} INFO - Started process (PID=2060) to work on /home/airflow/.local/lib/python3.12/site-packages/airflow/example_dags/tutorial_dag.py
[2026-02-05T13:12:50.376+0000] {processor.py:830} INFO - Processing file /home/airflow/.local/lib/python3.12/site-packages/airflow/example_dags/tutorial_dag.py for tasks to queue
[2026-02-05T13:12:50.377+0000] {logging_mixin.py:188} INFO - [2026-02-05T13:12:50.377+0000] {dagbag.py:540} INFO - Filling up the DagBag from /home/airflow/.local/lib/python3.12/site-packages/airflow/example_dags/tutorial_dag.py
[2026-02-05T13:12:50.380+0000] {processor.py:840} INFO - DAG(s) 'tutorial_dag' retrieved from /home/airflow/.local/lib/python3.12/site-packages/airflow/example_dags/tutorial_dag.py
[2026-02-05T13:12:50.392+0000] {logging_mixin.py:188} INFO - [2026-02-05T13:12:50.391+0000] {dag.py:3096} INFO - Sync 1 DAGs
[2026-02-05T13:12:50.398+0000] {logging_mixin.py:188} INFO - [2026-02-05T13:12:50.398+0000] {dag.py:3954} INFO - Setting next_dagrun for tutorial_dag to None, run_after=None
[2026-02-05T13:12:50.407+0000] {processor.py:183} INFO - Processing /home/airflow/.local/lib/python3.12/site-packages/airflow/example_dags/tutorial_dag.py took 0.036 seconds
[2026-02-05T13:13:21.145+0000] {processor.py:161} INFO - Started process (PID=2117) to work on /home/airflow/.local/lib/python3.12/site-packages/airflow/example_dags/tutorial_dag.py
[2026-02-05T13:13:21.146+0000] {processor.py:830} INFO - Processing file /home/airflow/.local/lib/python3.12/site-packages/airflow/example_dags/tutorial_dag.py for tasks to queue
[2026-02-05T13:13:21.147+0000] {logging_mixin.py:188} INFO - [2026-02-05T13:13:21.147+0000] {dagbag.py:540} INFO - Filling up the DagBag from /home/airflow/.local/lib/python3.12/site-packages/airflow/example_dags/tutorial_dag.py
[2026-02-05T13:13:21.150+0000] {processor.py:840} INFO - DAG(s) 'tutorial_dag' retrieved from /home/airflow/.local/lib/python3.12/site-packages/airflow/example_dags/tutorial_dag.py
[2026-02-05T13:13:21.162+0000] {logging_mixin.py:188} INFO - [2026-02-05T13:13:21.161+0000] {dag.py:3096} INFO - Sync 1 DAGs
[2026-02-05T13:13:21.168+0000] {logging_mixin.py:188} INFO - [2026-02-05T13:13:21.168+0000] {dag.py:3954} INFO - Setting next_dagrun for tutorial_dag to None, run_after=None
[2026-02-05T13:13:21.179+0000] {processor.py:183} INFO - Processing /home/airflow/.local/lib/python3.12/site-packages/airflow/example_dags/tutorial_dag.py took 0.037 seconds
[2026-02-05T13:13:52.023+0000] {processor.py:161} INFO - Started process (PID=2175) to work on /home/airflow/.local/lib/python3.12/site-packages/airflow/example_dags/tutorial_dag.py
[2026-02-05T13:13:52.023+0000] {processor.py:830} INFO - Processing file /home/airflow/.local/lib/python3.12/site-packages/airflow/example_dags/tutorial_dag.py for tasks to queue
[2026-02-05T13:13:52.025+0000] {logging_mixin.py:188} INFO - [2026-02-05T13:13:52.024+0000] {dagbag.py:540} INFO - Filling up the DagBag from /home/airflow/.local/lib/python3.12/site-packages/airflow/example_dags/tutorial_dag.py
[2026-02-05T13:13:52.028+0000] {processor.py:840} INFO - DAG(s) 'tutorial_dag' retrieved from /home/airflow/.local/lib/python3.12/site-packages/airflow/example_dags/tutorial_dag.py
[2026-02-05T13:13:52.040+0000] {logging_mixin.py:188} INFO - [2026-02-05T13:13:52.040+0000] {dag.py:3096} INFO - Sync 1 DAGs
[2026-02-05T13:13:52.046+0000] {logging_mixin.py:188} INFO - [2026-02-05T13:13:52.046+0000] {dag.py:3954} INFO - Setting next_dagrun for tutorial_dag to None, run_after=None
[2026-02-05T13:13:52.055+0000] {processor.py:183} INFO - Processing /home/airflow/.local/lib/python3.12/site-packages/airflow/example_dags/tutorial_dag.py took 0.036 seconds
[2026-02-05T13:14:23.054+0000] {processor.py:161} INFO - Started process (PID=2233) to work on /home/airflow/.local/lib/python3.12/site-packages/airflow/example_dags/tutorial_dag.py
[2026-02-05T13:14:23.054+0000] {processor.py:830} INFO - Processing file /home/airflow/.local/lib/python3.12/site-packages/airflow/example_dags/tutorial_dag.py for tasks to queue
[2026-02-05T13:14:23.055+0000] {logging_mixin.py:188} INFO - [2026-02-05T13:14:23.055+0000] {dagbag.py:540} INFO - Filling up the DagBag from /home/airflow/.local/lib/python3.12/site-packages/airflow/example_dags/tutorial_dag.py
[2026-02-05T13:14:23.059+0000] {processor.py:840} INFO - DAG(s) 'tutorial_dag' retrieved from /home/airflow/.local/lib/python3.12/site-packages/airflow/example_dags/tutorial_dag.py
[2026-02-05T13:14:23.071+0000] {logging_mixin.py:188} INFO - [2026-02-05T13:14:23.071+0000] {dag.py:3096} INFO - Sync 1 DAGs
[2026-02-05T13:14:23.078+0000] {logging_mixin.py:188} INFO - [2026-02-05T13:14:23.077+0000] {dag.py:3954} INFO - Setting next_dagrun for tutorial_dag to None, run_after=None
[2026-02-05T13:14:23.087+0000] {processor.py:183} INFO - Processing /home/airflow/.local/lib/python3.12/site-packages/airflow/example_dags/tutorial_dag.py took 0.036 seconds
[2026-02-05T13:14:53.178+0000] {processor.py:161} INFO - Started process (PID=2291) to work on /home/airflow/.local/lib/python3.12/site-packages/airflow/example_dags/tutorial_dag.py
[2026-02-05T13:14:53.178+0000] {processor.py:830} INFO - Processing file /home/airflow/.local/lib/python3.12/site-packages/airflow/example_dags/tutorial_dag.py for tasks to queue
[2026-02-05T13:14:53.180+0000] {logging_mixin.py:188} INFO - [2026-02-05T13:14:53.179+0000] {dagbag.py:540} INFO - Filling up the DagBag from /home/airflow/.local/lib/python3.12/site-packages/airflow/example_dags/tutorial_dag.py
[2026-02-05T13:14:53.183+0000] {processor.py:840} INFO - DAG(s) 'tutorial_dag' retrieved from /home/airflow/.local/lib/python3.12/site-packages/airflow/example_dags/tutorial_dag.py
[2026-02-05T13:14:53.195+0000] {logging_mixin.py:188} INFO - [2026-02-05T13:14:53.194+0000] {dag.py:3096} INFO - Sync 1 DAGs
[2026-02-05T13:14:53.201+0000] {logging_mixin.py:188} INFO - [2026-02-05T13:14:53.201+0000] {dag.py:3954} INFO - Setting next_dagrun for tutorial_dag to None, run_after=None
[2026-02-05T13:14:53.212+0000] {processor.py:183} INFO - Processing /home/airflow/.local/lib/python3.12/site-packages/airflow/example_dags/tutorial_dag.py took 0.037 seconds
[2026-02-05T13:15:24.133+0000] {processor.py:161} INFO - Started process (PID=2348) to work on /home/airflow/.local/lib/python3.12/site-packages/airflow/example_dags/tutorial_dag.py
[2026-02-05T13:15:24.133+0000] {processor.py:830} INFO - Processing file /home/airflow/.local/lib/python3.12/site-packages/airflow/example_dags/tutorial_dag.py for tasks to queue
[2026-02-05T13:15:24.134+0000] {logging_mixin.py:188} INFO - [2026-02-05T13:15:24.134+0000] {dagbag.py:540} INFO - Filling up the DagBag from /home/airflow/.local/lib/python3.12/site-packages/airflow/example_dags/tutorial_dag.py
[2026-02-05T13:15:24.138+0000] {processor.py:840} INFO - DAG(s) 'tutorial_dag' retrieved from /home/airflow/.local/lib/python3.12/site-packages/airflow/example_dags/tutorial_dag.py
[2026-02-05T13:15:24.149+0000] {logging_mixin.py:188} INFO - [2026-02-05T13:15:24.149+0000] {dag.py:3096} INFO - Sync 1 DAGs
[2026-02-05T13:15:24.156+0000] {logging_mixin.py:188} INFO - [2026-02-05T13:15:24.155+0000] {dag.py:3954} INFO - Setting next_dagrun for tutorial_dag to None, run_after=None
[2026-02-05T13:15:24.165+0000] {processor.py:183} INFO - Processing /home/airflow/.local/lib/python3.12/site-packages/airflow/example_dags/tutorial_dag.py took 0.035 seconds
[2026-02-05T13:15:54.980+0000] {processor.py:161} INFO - Started process (PID=2406) to work on /home/airflow/.local/lib/python3.12/site-packages/airflow/example_dags/tutorial_dag.py
[2026-02-05T13:15:54.981+0000] {processor.py:830} INFO - Processing file /home/airflow/.local/lib/python3.12/site-packages/airflow/example_dags/tutorial_dag.py for tasks to queue
[2026-02-05T13:15:54.982+0000] {logging_mixin.py:188} INFO - [2026-02-05T13:15:54.982+0000] {dagbag.py:540} INFO - Filling up the DagBag from /home/airflow/.local/lib/python3.12/site-packages/airflow/example_dags/tutorial_dag.py
[2026-02-05T13:15:54.986+0000] {processor.py:840} INFO - DAG(s) 'tutorial_dag' retrieved from /home/airflow/.local/lib/python3.12/site-packages/airflow/example_dags/tutorial_dag.py
[2026-02-05T13:15:54.997+0000] {logging_mixin.py:188} INFO - [2026-02-05T13:15:54.997+0000] {dag.py:3096} INFO - Sync 1 DAGs
[2026-02-05T13:15:55.005+0000] {logging_mixin.py:188} INFO - [2026-02-05T13:15:55.005+0000] {dag.py:3954} INFO - Setting next_dagrun for tutorial_dag to None, run_after=None
[2026-02-05T13:15:55.023+0000] {processor.py:183} INFO - Processing /home/airflow/.local/lib/python3.12/site-packages/airflow/example_dags/tutorial_dag.py took 0.047 seconds
[2026-02-05T13:16:25.065+0000] {processor.py:161} INFO - Started process (PID=2464) to work on /home/airflow/.local/lib/python3.12/site-packages/airflow/example_dags/tutorial_dag.py
[2026-02-05T13:16:25.066+0000] {processor.py:830} INFO - Processing file /home/airflow/.local/lib/python3.12/site-packages/airflow/example_dags/tutorial_dag.py for tasks to queue
[2026-02-05T13:16:25.067+0000] {logging_mixin.py:188} INFO - [2026-02-05T13:16:25.067+0000] {dagbag.py:540} INFO - Filling up the DagBag from /home/airflow/.local/lib/python3.12/site-packages/airflow/example_dags/tutorial_dag.py
[2026-02-05T13:16:25.071+0000] {processor.py:840} INFO - DAG(s) 'tutorial_dag' retrieved from /home/airflow/.local/lib/python3.12/site-packages/airflow/example_dags/tutorial_dag.py
[2026-02-05T13:16:25.085+0000] {logging_mixin.py:188} INFO - [2026-02-05T13:16:25.084+0000] {dag.py:3096} INFO - Sync 1 DAGs
[2026-02-05T13:16:25.092+0000] {logging_mixin.py:188} INFO - [2026-02-05T13:16:25.092+0000] {dag.py:3954} INFO - Setting next_dagrun for tutorial_dag to None, run_after=None
[2026-02-05T13:16:25.108+0000] {processor.py:183} INFO - Processing /home/airflow/.local/lib/python3.12/site-packages/airflow/example_dags/tutorial_dag.py took 0.047 seconds
[2026-02-05T13:16:55.149+0000] {processor.py:161} INFO - Started process (PID=2522) to work on /home/airflow/.local/lib/python3.12/site-packages/airflow/example_dags/tutorial_dag.py
[2026-02-05T13:16:55.150+0000] {processor.py:830} INFO - Processing file /home/airflow/.local/lib/python3.12/site-packages/airflow/example_dags/tutorial_dag.py for tasks to queue
[2026-02-05T13:16:55.152+0000] {logging_mixin.py:188} INFO - [2026-02-05T13:16:55.151+0000] {dagbag.py:540} INFO - Filling up the DagBag from /home/airflow/.local/lib/python3.12/site-packages/airflow/example_dags/tutorial_dag.py
[2026-02-05T13:16:55.155+0000] {processor.py:840} INFO - DAG(s) 'tutorial_dag' retrieved from /home/airflow/.local/lib/python3.12/site-packages/airflow/example_dags/tutorial_dag.py
[2026-02-05T13:16:55.170+0000] {logging_mixin.py:188} INFO - [2026-02-05T13:16:55.170+0000] {dag.py:3096} INFO - Sync 1 DAGs
[2026-02-05T13:16:55.177+0000] {logging_mixin.py:188} INFO - [2026-02-05T13:16:55.177+0000] {dag.py:3954} INFO - Setting next_dagrun for tutorial_dag to None, run_after=None
[2026-02-05T13:16:55.193+0000] {processor.py:183} INFO - Processing /home/airflow/.local/lib/python3.12/site-packages/airflow/example_dags/tutorial_dag.py took 0.048 seconds
[2026-02-05T13:17:25.227+0000] {processor.py:161} INFO - Started process (PID=2580) to work on /home/airflow/.local/lib/python3.12/site-packages/airflow/example_dags/tutorial_dag.py
[2026-02-05T13:17:25.228+0000] {processor.py:830} INFO - Processing file /home/airflow/.local/lib/python3.12/site-packages/airflow/example_dags/tutorial_dag.py for tasks to queue
[2026-02-05T13:17:25.229+0000] {logging_mixin.py:188} INFO - [2026-02-05T13:17:25.229+0000] {dagbag.py:540} INFO - Filling up the DagBag from /home/airflow/.local/lib/python3.12/site-packages/airflow/example_dags/tutorial_dag.py
[2026-02-05T13:17:25.232+0000] {processor.py:840} INFO - DAG(s) 'tutorial_dag' retrieved from /home/airflow/.local/lib/python3.12/site-packages/airflow/example_dags/tutorial_dag.py
[2026-02-05T13:17:25.245+0000] {logging_mixin.py:188} INFO - [2026-02-05T13:17:25.244+0000] {dag.py:3096} INFO - Sync 1 DAGs
[2026-02-05T13:17:25.252+0000] {logging_mixin.py:188} INFO - [2026-02-05T13:17:25.251+0000] {dag.py:3954} INFO - Setting next_dagrun for tutorial_dag to None, run_after=None
[2026-02-05T13:17:25.267+0000] {processor.py:183} INFO - Processing /home/airflow/.local/lib/python3.12/site-packages/airflow/example_dags/tutorial_dag.py took 0.043 seconds
[2026-02-05T13:17:55.612+0000] {processor.py:161} INFO - Started process (PID=2637) to work on /home/airflow/.local/lib/python3.12/site-packages/airflow/example_dags/tutorial_dag.py
[2026-02-05T13:17:55.613+0000] {processor.py:830} INFO - Processing file /home/airflow/.local/lib/python3.12/site-packages/airflow/example_dags/tutorial_dag.py for tasks to queue
[2026-02-05T13:17:55.615+0000] {logging_mixin.py:188} INFO - [2026-02-05T13:17:55.614+0000] {dagbag.py:540} INFO - Filling up the DagBag from /home/airflow/.local/lib/python3.12/site-packages/airflow/example_dags/tutorial_dag.py
[2026-02-05T13:17:55.618+0000] {processor.py:840} INFO - DAG(s) 'tutorial_dag' retrieved from /home/airflow/.local/lib/python3.12/site-packages/airflow/example_dags/tutorial_dag.py
[2026-02-05T13:17:55.630+0000] {logging_mixin.py:188} INFO - [2026-02-05T13:17:55.630+0000] {dag.py:3096} INFO - Sync 1 DAGs
[2026-02-05T13:17:55.640+0000] {logging_mixin.py:188} INFO - [2026-02-05T13:17:55.640+0000] {dag.py:3954} INFO - Setting next_dagrun for tutorial_dag to None, run_after=None
[2026-02-05T13:17:55.654+0000] {processor.py:183} INFO - Processing /home/airflow/.local/lib/python3.12/site-packages/airflow/example_dags/tutorial_dag.py took 0.046 seconds
