[2026-02-05T12:55:32.121+0000] {processor.py:161} INFO - Started process (PID=45) to work on /home/airflow/.local/lib/python3.12/site-packages/airflow/example_dags/tutorial_objectstorage.py
[2026-02-05T12:55:32.123+0000] {processor.py:830} INFO - Processing file /home/airflow/.local/lib/python3.12/site-packages/airflow/example_dags/tutorial_objectstorage.py for tasks to queue
[2026-02-05T12:55:32.128+0000] {logging_mixin.py:188} INFO - [2026-02-05T12:55:32.128+0000] {dagbag.py:540} INFO - Filling up the DagBag from /home/airflow/.local/lib/python3.12/site-packages/airflow/example_dags/tutorial_objectstorage.py
[2026-02-05T12:55:32.140+0000] {processor.py:840} INFO - DAG(s) 'tutorial_objectstorage' retrieved from /home/airflow/.local/lib/python3.12/site-packages/airflow/example_dags/tutorial_objectstorage.py
[2026-02-05T12:55:32.151+0000] {logging_mixin.py:188} INFO - [2026-02-05T12:55:32.151+0000] {dag.py:3096} INFO - Sync 1 DAGs
[2026-02-05T12:55:32.160+0000] {logging_mixin.py:188} INFO - [2026-02-05T12:55:32.160+0000] {dag.py:3954} INFO - Setting next_dagrun for tutorial_objectstorage to None, run_after=None
[2026-02-05T12:55:32.176+0000] {processor.py:183} INFO - Processing /home/airflow/.local/lib/python3.12/site-packages/airflow/example_dags/tutorial_objectstorage.py took 0.061 seconds
[2026-02-05T12:56:02.488+0000] {processor.py:161} INFO - Started process (PID=104) to work on /home/airflow/.local/lib/python3.12/site-packages/airflow/example_dags/tutorial_objectstorage.py
[2026-02-05T12:56:02.489+0000] {processor.py:830} INFO - Processing file /home/airflow/.local/lib/python3.12/site-packages/airflow/example_dags/tutorial_objectstorage.py for tasks to queue
[2026-02-05T12:56:02.490+0000] {logging_mixin.py:188} INFO - [2026-02-05T12:56:02.490+0000] {dagbag.py:540} INFO - Filling up the DagBag from /home/airflow/.local/lib/python3.12/site-packages/airflow/example_dags/tutorial_objectstorage.py
[2026-02-05T12:56:02.497+0000] {processor.py:840} INFO - DAG(s) 'tutorial_objectstorage' retrieved from /home/airflow/.local/lib/python3.12/site-packages/airflow/example_dags/tutorial_objectstorage.py
[2026-02-05T12:56:02.545+0000] {logging_mixin.py:188} INFO - [2026-02-05T12:56:02.544+0000] {dag.py:3096} INFO - Sync 1 DAGs
[2026-02-05T12:56:02.549+0000] {logging_mixin.py:188} INFO - [2026-02-05T12:56:02.549+0000] {dag.py:3954} INFO - Setting next_dagrun for tutorial_objectstorage to None, run_after=None
[2026-02-05T12:56:02.558+0000] {processor.py:183} INFO - Processing /home/airflow/.local/lib/python3.12/site-packages/airflow/example_dags/tutorial_objectstorage.py took 0.073 seconds
[2026-02-05T12:56:32.771+0000] {processor.py:161} INFO - Started process (PID=162) to work on /home/airflow/.local/lib/python3.12/site-packages/airflow/example_dags/tutorial_objectstorage.py
[2026-02-05T12:56:32.771+0000] {processor.py:830} INFO - Processing file /home/airflow/.local/lib/python3.12/site-packages/airflow/example_dags/tutorial_objectstorage.py for tasks to queue
[2026-02-05T12:56:32.773+0000] {logging_mixin.py:188} INFO - [2026-02-05T12:56:32.773+0000] {dagbag.py:540} INFO - Filling up the DagBag from /home/airflow/.local/lib/python3.12/site-packages/airflow/example_dags/tutorial_objectstorage.py
[2026-02-05T12:56:32.778+0000] {processor.py:840} INFO - DAG(s) 'tutorial_objectstorage' retrieved from /home/airflow/.local/lib/python3.12/site-packages/airflow/example_dags/tutorial_objectstorage.py
[2026-02-05T12:56:32.793+0000] {logging_mixin.py:188} INFO - [2026-02-05T12:56:32.792+0000] {dag.py:3096} INFO - Sync 1 DAGs
[2026-02-05T12:56:32.799+0000] {logging_mixin.py:188} INFO - [2026-02-05T12:56:32.799+0000] {dag.py:3954} INFO - Setting next_dagrun for tutorial_objectstorage to None, run_after=None
[2026-02-05T12:56:32.809+0000] {processor.py:183} INFO - Processing /home/airflow/.local/lib/python3.12/site-packages/airflow/example_dags/tutorial_objectstorage.py took 0.041 seconds
[2026-02-05T12:57:02.985+0000] {processor.py:161} INFO - Started process (PID=220) to work on /home/airflow/.local/lib/python3.12/site-packages/airflow/example_dags/tutorial_objectstorage.py
[2026-02-05T12:57:02.986+0000] {processor.py:830} INFO - Processing file /home/airflow/.local/lib/python3.12/site-packages/airflow/example_dags/tutorial_objectstorage.py for tasks to queue
[2026-02-05T12:57:02.987+0000] {logging_mixin.py:188} INFO - [2026-02-05T12:57:02.987+0000] {dagbag.py:540} INFO - Filling up the DagBag from /home/airflow/.local/lib/python3.12/site-packages/airflow/example_dags/tutorial_objectstorage.py
[2026-02-05T12:57:02.993+0000] {processor.py:840} INFO - DAG(s) 'tutorial_objectstorage' retrieved from /home/airflow/.local/lib/python3.12/site-packages/airflow/example_dags/tutorial_objectstorage.py
[2026-02-05T12:57:03.006+0000] {logging_mixin.py:188} INFO - [2026-02-05T12:57:03.006+0000] {dag.py:3096} INFO - Sync 1 DAGs
[2026-02-05T12:57:03.014+0000] {logging_mixin.py:188} INFO - [2026-02-05T12:57:03.014+0000] {dag.py:3954} INFO - Setting next_dagrun for tutorial_objectstorage to None, run_after=None
[2026-02-05T12:57:03.033+0000] {processor.py:183} INFO - Processing /home/airflow/.local/lib/python3.12/site-packages/airflow/example_dags/tutorial_objectstorage.py took 0.052 seconds
[2026-02-05T12:57:33.405+0000] {processor.py:161} INFO - Started process (PID=284) to work on /home/airflow/.local/lib/python3.12/site-packages/airflow/example_dags/tutorial_objectstorage.py
[2026-02-05T12:57:33.406+0000] {processor.py:830} INFO - Processing file /home/airflow/.local/lib/python3.12/site-packages/airflow/example_dags/tutorial_objectstorage.py for tasks to queue
[2026-02-05T12:57:33.407+0000] {logging_mixin.py:188} INFO - [2026-02-05T12:57:33.407+0000] {dagbag.py:540} INFO - Filling up the DagBag from /home/airflow/.local/lib/python3.12/site-packages/airflow/example_dags/tutorial_objectstorage.py
[2026-02-05T12:57:33.411+0000] {processor.py:840} INFO - DAG(s) 'tutorial_objectstorage' retrieved from /home/airflow/.local/lib/python3.12/site-packages/airflow/example_dags/tutorial_objectstorage.py
[2026-02-05T12:57:33.424+0000] {logging_mixin.py:188} INFO - [2026-02-05T12:57:33.424+0000] {dag.py:3096} INFO - Sync 1 DAGs
[2026-02-05T12:57:33.432+0000] {logging_mixin.py:188} INFO - [2026-02-05T12:57:33.432+0000] {dag.py:3954} INFO - Setting next_dagrun for tutorial_objectstorage to None, run_after=None
[2026-02-05T12:57:33.442+0000] {processor.py:183} INFO - Processing /home/airflow/.local/lib/python3.12/site-packages/airflow/example_dags/tutorial_objectstorage.py took 0.041 seconds
[2026-02-05T12:58:03.804+0000] {processor.py:161} INFO - Started process (PID=342) to work on /home/airflow/.local/lib/python3.12/site-packages/airflow/example_dags/tutorial_objectstorage.py
[2026-02-05T12:58:03.805+0000] {processor.py:830} INFO - Processing file /home/airflow/.local/lib/python3.12/site-packages/airflow/example_dags/tutorial_objectstorage.py for tasks to queue
[2026-02-05T12:58:03.806+0000] {logging_mixin.py:188} INFO - [2026-02-05T12:58:03.806+0000] {dagbag.py:540} INFO - Filling up the DagBag from /home/airflow/.local/lib/python3.12/site-packages/airflow/example_dags/tutorial_objectstorage.py
[2026-02-05T12:58:03.811+0000] {processor.py:840} INFO - DAG(s) 'tutorial_objectstorage' retrieved from /home/airflow/.local/lib/python3.12/site-packages/airflow/example_dags/tutorial_objectstorage.py
[2026-02-05T12:58:03.822+0000] {logging_mixin.py:188} INFO - [2026-02-05T12:58:03.822+0000] {dag.py:3096} INFO - Sync 1 DAGs
[2026-02-05T12:58:03.828+0000] {logging_mixin.py:188} INFO - [2026-02-05T12:58:03.828+0000] {dag.py:3954} INFO - Setting next_dagrun for tutorial_objectstorage to None, run_after=None
[2026-02-05T12:58:03.839+0000] {processor.py:183} INFO - Processing /home/airflow/.local/lib/python3.12/site-packages/airflow/example_dags/tutorial_objectstorage.py took 0.039 seconds
[2026-02-05T12:58:33.946+0000] {processor.py:161} INFO - Started process (PID=400) to work on /home/airflow/.local/lib/python3.12/site-packages/airflow/example_dags/tutorial_objectstorage.py
[2026-02-05T12:58:33.947+0000] {processor.py:830} INFO - Processing file /home/airflow/.local/lib/python3.12/site-packages/airflow/example_dags/tutorial_objectstorage.py for tasks to queue
[2026-02-05T12:58:33.948+0000] {logging_mixin.py:188} INFO - [2026-02-05T12:58:33.948+0000] {dagbag.py:540} INFO - Filling up the DagBag from /home/airflow/.local/lib/python3.12/site-packages/airflow/example_dags/tutorial_objectstorage.py
[2026-02-05T12:58:33.954+0000] {processor.py:840} INFO - DAG(s) 'tutorial_objectstorage' retrieved from /home/airflow/.local/lib/python3.12/site-packages/airflow/example_dags/tutorial_objectstorage.py
[2026-02-05T12:58:33.971+0000] {logging_mixin.py:188} INFO - [2026-02-05T12:58:33.970+0000] {dag.py:3096} INFO - Sync 1 DAGs
[2026-02-05T12:58:33.983+0000] {logging_mixin.py:188} INFO - [2026-02-05T12:58:33.983+0000] {dag.py:3954} INFO - Setting next_dagrun for tutorial_objectstorage to None, run_after=None
[2026-02-05T12:58:33.998+0000] {processor.py:183} INFO - Processing /home/airflow/.local/lib/python3.12/site-packages/airflow/example_dags/tutorial_objectstorage.py took 0.055 seconds
[2026-02-05T12:59:04.121+0000] {processor.py:161} INFO - Started process (PID=467) to work on /home/airflow/.local/lib/python3.12/site-packages/airflow/example_dags/tutorial_objectstorage.py
[2026-02-05T12:59:04.124+0000] {processor.py:830} INFO - Processing file /home/airflow/.local/lib/python3.12/site-packages/airflow/example_dags/tutorial_objectstorage.py for tasks to queue
[2026-02-05T12:59:04.125+0000] {logging_mixin.py:188} INFO - [2026-02-05T12:59:04.125+0000] {dagbag.py:540} INFO - Filling up the DagBag from /home/airflow/.local/lib/python3.12/site-packages/airflow/example_dags/tutorial_objectstorage.py
[2026-02-05T12:59:04.129+0000] {processor.py:840} INFO - DAG(s) 'tutorial_objectstorage' retrieved from /home/airflow/.local/lib/python3.12/site-packages/airflow/example_dags/tutorial_objectstorage.py
[2026-02-05T12:59:04.141+0000] {logging_mixin.py:188} INFO - [2026-02-05T12:59:04.141+0000] {dag.py:3096} INFO - Sync 1 DAGs
[2026-02-05T12:59:04.148+0000] {logging_mixin.py:188} INFO - [2026-02-05T12:59:04.148+0000] {dag.py:3954} INFO - Setting next_dagrun for tutorial_objectstorage to None, run_after=None
[2026-02-05T12:59:04.158+0000] {processor.py:183} INFO - Processing /home/airflow/.local/lib/python3.12/site-packages/airflow/example_dags/tutorial_objectstorage.py took 0.040 seconds
[2026-02-05T12:59:34.319+0000] {processor.py:161} INFO - Started process (PID=526) to work on /home/airflow/.local/lib/python3.12/site-packages/airflow/example_dags/tutorial_objectstorage.py
[2026-02-05T12:59:34.322+0000] {processor.py:830} INFO - Processing file /home/airflow/.local/lib/python3.12/site-packages/airflow/example_dags/tutorial_objectstorage.py for tasks to queue
[2026-02-05T12:59:34.323+0000] {logging_mixin.py:188} INFO - [2026-02-05T12:59:34.323+0000] {dagbag.py:540} INFO - Filling up the DagBag from /home/airflow/.local/lib/python3.12/site-packages/airflow/example_dags/tutorial_objectstorage.py
[2026-02-05T12:59:34.328+0000] {processor.py:840} INFO - DAG(s) 'tutorial_objectstorage' retrieved from /home/airflow/.local/lib/python3.12/site-packages/airflow/example_dags/tutorial_objectstorage.py
[2026-02-05T12:59:34.341+0000] {logging_mixin.py:188} INFO - [2026-02-05T12:59:34.341+0000] {dag.py:3096} INFO - Sync 1 DAGs
[2026-02-05T12:59:34.354+0000] {logging_mixin.py:188} INFO - [2026-02-05T12:59:34.353+0000] {dag.py:3954} INFO - Setting next_dagrun for tutorial_objectstorage to None, run_after=None
[2026-02-05T12:59:34.371+0000] {processor.py:183} INFO - Processing /home/airflow/.local/lib/python3.12/site-packages/airflow/example_dags/tutorial_objectstorage.py took 0.055 seconds
[2026-02-05T13:00:04.586+0000] {processor.py:161} INFO - Started process (PID=584) to work on /home/airflow/.local/lib/python3.12/site-packages/airflow/example_dags/tutorial_objectstorage.py
[2026-02-05T13:00:04.586+0000] {processor.py:830} INFO - Processing file /home/airflow/.local/lib/python3.12/site-packages/airflow/example_dags/tutorial_objectstorage.py for tasks to queue
[2026-02-05T13:00:04.588+0000] {logging_mixin.py:188} INFO - [2026-02-05T13:00:04.587+0000] {dagbag.py:540} INFO - Filling up the DagBag from /home/airflow/.local/lib/python3.12/site-packages/airflow/example_dags/tutorial_objectstorage.py
[2026-02-05T13:00:04.593+0000] {processor.py:840} INFO - DAG(s) 'tutorial_objectstorage' retrieved from /home/airflow/.local/lib/python3.12/site-packages/airflow/example_dags/tutorial_objectstorage.py
[2026-02-05T13:00:04.607+0000] {logging_mixin.py:188} INFO - [2026-02-05T13:00:04.606+0000] {dag.py:3096} INFO - Sync 1 DAGs
[2026-02-05T13:00:04.613+0000] {logging_mixin.py:188} INFO - [2026-02-05T13:00:04.613+0000] {dag.py:3954} INFO - Setting next_dagrun for tutorial_objectstorage to None, run_after=None
[2026-02-05T13:00:04.623+0000] {processor.py:183} INFO - Processing /home/airflow/.local/lib/python3.12/site-packages/airflow/example_dags/tutorial_objectstorage.py took 0.041 seconds
[2026-02-05T13:00:34.759+0000] {processor.py:161} INFO - Started process (PID=642) to work on /home/airflow/.local/lib/python3.12/site-packages/airflow/example_dags/tutorial_objectstorage.py
[2026-02-05T13:00:34.760+0000] {processor.py:830} INFO - Processing file /home/airflow/.local/lib/python3.12/site-packages/airflow/example_dags/tutorial_objectstorage.py for tasks to queue
[2026-02-05T13:00:34.761+0000] {logging_mixin.py:188} INFO - [2026-02-05T13:00:34.761+0000] {dagbag.py:540} INFO - Filling up the DagBag from /home/airflow/.local/lib/python3.12/site-packages/airflow/example_dags/tutorial_objectstorage.py
[2026-02-05T13:00:34.770+0000] {processor.py:840} INFO - DAG(s) 'tutorial_objectstorage' retrieved from /home/airflow/.local/lib/python3.12/site-packages/airflow/example_dags/tutorial_objectstorage.py
[2026-02-05T13:00:34.781+0000] {logging_mixin.py:188} INFO - [2026-02-05T13:00:34.780+0000] {dag.py:3096} INFO - Sync 1 DAGs
[2026-02-05T13:00:34.787+0000] {logging_mixin.py:188} INFO - [2026-02-05T13:00:34.787+0000] {dag.py:3954} INFO - Setting next_dagrun for tutorial_objectstorage to None, run_after=None
[2026-02-05T13:00:34.798+0000] {processor.py:183} INFO - Processing /home/airflow/.local/lib/python3.12/site-packages/airflow/example_dags/tutorial_objectstorage.py took 0.042 seconds
[2026-02-05T13:01:04.875+0000] {processor.py:161} INFO - Started process (PID=700) to work on /home/airflow/.local/lib/python3.12/site-packages/airflow/example_dags/tutorial_objectstorage.py
[2026-02-05T13:01:04.875+0000] {processor.py:830} INFO - Processing file /home/airflow/.local/lib/python3.12/site-packages/airflow/example_dags/tutorial_objectstorage.py for tasks to queue
[2026-02-05T13:01:04.877+0000] {logging_mixin.py:188} INFO - [2026-02-05T13:01:04.877+0000] {dagbag.py:540} INFO - Filling up the DagBag from /home/airflow/.local/lib/python3.12/site-packages/airflow/example_dags/tutorial_objectstorage.py
[2026-02-05T13:01:04.884+0000] {processor.py:840} INFO - DAG(s) 'tutorial_objectstorage' retrieved from /home/airflow/.local/lib/python3.12/site-packages/airflow/example_dags/tutorial_objectstorage.py
[2026-02-05T13:01:04.896+0000] {logging_mixin.py:188} INFO - [2026-02-05T13:01:04.895+0000] {dag.py:3096} INFO - Sync 1 DAGs
[2026-02-05T13:01:04.902+0000] {logging_mixin.py:188} INFO - [2026-02-05T13:01:04.902+0000] {dag.py:3954} INFO - Setting next_dagrun for tutorial_objectstorage to None, run_after=None
[2026-02-05T13:01:04.913+0000] {processor.py:183} INFO - Processing /home/airflow/.local/lib/python3.12/site-packages/airflow/example_dags/tutorial_objectstorage.py took 0.049 seconds
[2026-02-05T13:01:35.011+0000] {processor.py:161} INFO - Started process (PID=758) to work on /home/airflow/.local/lib/python3.12/site-packages/airflow/example_dags/tutorial_objectstorage.py
[2026-02-05T13:01:35.011+0000] {processor.py:830} INFO - Processing file /home/airflow/.local/lib/python3.12/site-packages/airflow/example_dags/tutorial_objectstorage.py for tasks to queue
[2026-02-05T13:01:35.013+0000] {logging_mixin.py:188} INFO - [2026-02-05T13:01:35.013+0000] {dagbag.py:540} INFO - Filling up the DagBag from /home/airflow/.local/lib/python3.12/site-packages/airflow/example_dags/tutorial_objectstorage.py
[2026-02-05T13:01:35.018+0000] {processor.py:840} INFO - DAG(s) 'tutorial_objectstorage' retrieved from /home/airflow/.local/lib/python3.12/site-packages/airflow/example_dags/tutorial_objectstorage.py
[2026-02-05T13:01:35.031+0000] {logging_mixin.py:188} INFO - [2026-02-05T13:01:35.031+0000] {dag.py:3096} INFO - Sync 1 DAGs
[2026-02-05T13:01:35.038+0000] {logging_mixin.py:188} INFO - [2026-02-05T13:01:35.038+0000] {dag.py:3954} INFO - Setting next_dagrun for tutorial_objectstorage to None, run_after=None
[2026-02-05T13:01:35.049+0000] {processor.py:183} INFO - Processing /home/airflow/.local/lib/python3.12/site-packages/airflow/example_dags/tutorial_objectstorage.py took 0.041 seconds
[2026-02-05T13:02:05.392+0000] {processor.py:161} INFO - Started process (PID=815) to work on /home/airflow/.local/lib/python3.12/site-packages/airflow/example_dags/tutorial_objectstorage.py
[2026-02-05T13:02:05.394+0000] {processor.py:830} INFO - Processing file /home/airflow/.local/lib/python3.12/site-packages/airflow/example_dags/tutorial_objectstorage.py for tasks to queue
[2026-02-05T13:02:05.395+0000] {logging_mixin.py:188} INFO - [2026-02-05T13:02:05.395+0000] {dagbag.py:540} INFO - Filling up the DagBag from /home/airflow/.local/lib/python3.12/site-packages/airflow/example_dags/tutorial_objectstorage.py
[2026-02-05T13:02:05.401+0000] {processor.py:840} INFO - DAG(s) 'tutorial_objectstorage' retrieved from /home/airflow/.local/lib/python3.12/site-packages/airflow/example_dags/tutorial_objectstorage.py
[2026-02-05T13:02:05.413+0000] {logging_mixin.py:188} INFO - [2026-02-05T13:02:05.413+0000] {dag.py:3096} INFO - Sync 1 DAGs
[2026-02-05T13:02:05.419+0000] {logging_mixin.py:188} INFO - [2026-02-05T13:02:05.419+0000] {dag.py:3954} INFO - Setting next_dagrun for tutorial_objectstorage to None, run_after=None
[2026-02-05T13:02:05.432+0000] {processor.py:183} INFO - Processing /home/airflow/.local/lib/python3.12/site-packages/airflow/example_dags/tutorial_objectstorage.py took 0.046 seconds
[2026-02-05T13:02:36.404+0000] {processor.py:161} INFO - Started process (PID=873) to work on /home/airflow/.local/lib/python3.12/site-packages/airflow/example_dags/tutorial_objectstorage.py
[2026-02-05T13:02:36.405+0000] {processor.py:830} INFO - Processing file /home/airflow/.local/lib/python3.12/site-packages/airflow/example_dags/tutorial_objectstorage.py for tasks to queue
[2026-02-05T13:02:36.406+0000] {logging_mixin.py:188} INFO - [2026-02-05T13:02:36.406+0000] {dagbag.py:540} INFO - Filling up the DagBag from /home/airflow/.local/lib/python3.12/site-packages/airflow/example_dags/tutorial_objectstorage.py
[2026-02-05T13:02:36.411+0000] {processor.py:840} INFO - DAG(s) 'tutorial_objectstorage' retrieved from /home/airflow/.local/lib/python3.12/site-packages/airflow/example_dags/tutorial_objectstorage.py
[2026-02-05T13:02:36.423+0000] {logging_mixin.py:188} INFO - [2026-02-05T13:02:36.423+0000] {dag.py:3096} INFO - Sync 1 DAGs
[2026-02-05T13:02:36.430+0000] {logging_mixin.py:188} INFO - [2026-02-05T13:02:36.430+0000] {dag.py:3954} INFO - Setting next_dagrun for tutorial_objectstorage to None, run_after=None
[2026-02-05T13:02:36.440+0000] {processor.py:183} INFO - Processing /home/airflow/.local/lib/python3.12/site-packages/airflow/example_dags/tutorial_objectstorage.py took 0.040 seconds
[2026-02-05T13:03:06.649+0000] {processor.py:161} INFO - Started process (PID=931) to work on /home/airflow/.local/lib/python3.12/site-packages/airflow/example_dags/tutorial_objectstorage.py
[2026-02-05T13:03:06.650+0000] {processor.py:830} INFO - Processing file /home/airflow/.local/lib/python3.12/site-packages/airflow/example_dags/tutorial_objectstorage.py for tasks to queue
[2026-02-05T13:03:06.651+0000] {logging_mixin.py:188} INFO - [2026-02-05T13:03:06.651+0000] {dagbag.py:540} INFO - Filling up the DagBag from /home/airflow/.local/lib/python3.12/site-packages/airflow/example_dags/tutorial_objectstorage.py
[2026-02-05T13:03:06.656+0000] {processor.py:840} INFO - DAG(s) 'tutorial_objectstorage' retrieved from /home/airflow/.local/lib/python3.12/site-packages/airflow/example_dags/tutorial_objectstorage.py
[2026-02-05T13:03:06.666+0000] {logging_mixin.py:188} INFO - [2026-02-05T13:03:06.666+0000] {dag.py:3096} INFO - Sync 1 DAGs
[2026-02-05T13:03:06.672+0000] {logging_mixin.py:188} INFO - [2026-02-05T13:03:06.672+0000] {dag.py:3954} INFO - Setting next_dagrun for tutorial_objectstorage to None, run_after=None
[2026-02-05T13:03:06.681+0000] {processor.py:183} INFO - Processing /home/airflow/.local/lib/python3.12/site-packages/airflow/example_dags/tutorial_objectstorage.py took 0.035 seconds
[2026-02-05T13:03:36.814+0000] {processor.py:161} INFO - Started process (PID=989) to work on /home/airflow/.local/lib/python3.12/site-packages/airflow/example_dags/tutorial_objectstorage.py
[2026-02-05T13:03:36.816+0000] {processor.py:830} INFO - Processing file /home/airflow/.local/lib/python3.12/site-packages/airflow/example_dags/tutorial_objectstorage.py for tasks to queue
[2026-02-05T13:03:36.817+0000] {logging_mixin.py:188} INFO - [2026-02-05T13:03:36.817+0000] {dagbag.py:540} INFO - Filling up the DagBag from /home/airflow/.local/lib/python3.12/site-packages/airflow/example_dags/tutorial_objectstorage.py
[2026-02-05T13:03:36.822+0000] {processor.py:840} INFO - DAG(s) 'tutorial_objectstorage' retrieved from /home/airflow/.local/lib/python3.12/site-packages/airflow/example_dags/tutorial_objectstorage.py
[2026-02-05T13:03:36.834+0000] {logging_mixin.py:188} INFO - [2026-02-05T13:03:36.834+0000] {dag.py:3096} INFO - Sync 1 DAGs
[2026-02-05T13:03:36.841+0000] {logging_mixin.py:188} INFO - [2026-02-05T13:03:36.841+0000] {dag.py:3954} INFO - Setting next_dagrun for tutorial_objectstorage to None, run_after=None
[2026-02-05T13:03:36.852+0000] {processor.py:183} INFO - Processing /home/airflow/.local/lib/python3.12/site-packages/airflow/example_dags/tutorial_objectstorage.py took 0.041 seconds
[2026-02-05T13:04:06.957+0000] {processor.py:161} INFO - Started process (PID=1047) to work on /home/airflow/.local/lib/python3.12/site-packages/airflow/example_dags/tutorial_objectstorage.py
[2026-02-05T13:04:06.958+0000] {processor.py:830} INFO - Processing file /home/airflow/.local/lib/python3.12/site-packages/airflow/example_dags/tutorial_objectstorage.py for tasks to queue
[2026-02-05T13:04:06.960+0000] {logging_mixin.py:188} INFO - [2026-02-05T13:04:06.960+0000] {dagbag.py:540} INFO - Filling up the DagBag from /home/airflow/.local/lib/python3.12/site-packages/airflow/example_dags/tutorial_objectstorage.py
[2026-02-05T13:04:06.964+0000] {processor.py:840} INFO - DAG(s) 'tutorial_objectstorage' retrieved from /home/airflow/.local/lib/python3.12/site-packages/airflow/example_dags/tutorial_objectstorage.py
[2026-02-05T13:04:06.974+0000] {logging_mixin.py:188} INFO - [2026-02-05T13:04:06.974+0000] {dag.py:3096} INFO - Sync 1 DAGs
[2026-02-05T13:04:06.980+0000] {logging_mixin.py:188} INFO - [2026-02-05T13:04:06.980+0000] {dag.py:3954} INFO - Setting next_dagrun for tutorial_objectstorage to None, run_after=None
[2026-02-05T13:04:06.990+0000] {processor.py:183} INFO - Processing /home/airflow/.local/lib/python3.12/site-packages/airflow/example_dags/tutorial_objectstorage.py took 0.036 seconds
[2026-02-05T13:04:38.218+0000] {processor.py:161} INFO - Started process (PID=1105) to work on /home/airflow/.local/lib/python3.12/site-packages/airflow/example_dags/tutorial_objectstorage.py
[2026-02-05T13:04:38.219+0000] {processor.py:830} INFO - Processing file /home/airflow/.local/lib/python3.12/site-packages/airflow/example_dags/tutorial_objectstorage.py for tasks to queue
[2026-02-05T13:04:38.221+0000] {logging_mixin.py:188} INFO - [2026-02-05T13:04:38.221+0000] {dagbag.py:540} INFO - Filling up the DagBag from /home/airflow/.local/lib/python3.12/site-packages/airflow/example_dags/tutorial_objectstorage.py
[2026-02-05T13:04:38.225+0000] {processor.py:840} INFO - DAG(s) 'tutorial_objectstorage' retrieved from /home/airflow/.local/lib/python3.12/site-packages/airflow/example_dags/tutorial_objectstorage.py
[2026-02-05T13:04:38.236+0000] {logging_mixin.py:188} INFO - [2026-02-05T13:04:38.236+0000] {dag.py:3096} INFO - Sync 1 DAGs
[2026-02-05T13:04:38.339+0000] {logging_mixin.py:188} INFO - [2026-02-05T13:04:38.339+0000] {dag.py:3954} INFO - Setting next_dagrun for tutorial_objectstorage to None, run_after=None
[2026-02-05T13:04:38.348+0000] {processor.py:183} INFO - Processing /home/airflow/.local/lib/python3.12/site-packages/airflow/example_dags/tutorial_objectstorage.py took 0.134 seconds
[2026-02-05T13:05:08.761+0000] {processor.py:161} INFO - Started process (PID=1165) to work on /home/airflow/.local/lib/python3.12/site-packages/airflow/example_dags/tutorial_objectstorage.py
[2026-02-05T13:05:08.762+0000] {processor.py:830} INFO - Processing file /home/airflow/.local/lib/python3.12/site-packages/airflow/example_dags/tutorial_objectstorage.py for tasks to queue
[2026-02-05T13:05:08.763+0000] {logging_mixin.py:188} INFO - [2026-02-05T13:05:08.763+0000] {dagbag.py:540} INFO - Filling up the DagBag from /home/airflow/.local/lib/python3.12/site-packages/airflow/example_dags/tutorial_objectstorage.py
[2026-02-05T13:05:08.771+0000] {processor.py:840} INFO - DAG(s) 'tutorial_objectstorage' retrieved from /home/airflow/.local/lib/python3.12/site-packages/airflow/example_dags/tutorial_objectstorage.py
[2026-02-05T13:05:08.788+0000] {logging_mixin.py:188} INFO - [2026-02-05T13:05:08.788+0000] {dag.py:3096} INFO - Sync 1 DAGs
[2026-02-05T13:05:08.795+0000] {logging_mixin.py:188} INFO - [2026-02-05T13:05:08.794+0000] {dag.py:3954} INFO - Setting next_dagrun for tutorial_objectstorage to None, run_after=None
[2026-02-05T13:05:08.926+0000] {processor.py:183} INFO - Processing /home/airflow/.local/lib/python3.12/site-packages/airflow/example_dags/tutorial_objectstorage.py took 0.169 seconds
[2026-02-05T13:05:39.260+0000] {processor.py:161} INFO - Started process (PID=1223) to work on /home/airflow/.local/lib/python3.12/site-packages/airflow/example_dags/tutorial_objectstorage.py
[2026-02-05T13:05:39.261+0000] {processor.py:830} INFO - Processing file /home/airflow/.local/lib/python3.12/site-packages/airflow/example_dags/tutorial_objectstorage.py for tasks to queue
[2026-02-05T13:05:39.263+0000] {logging_mixin.py:188} INFO - [2026-02-05T13:05:39.263+0000] {dagbag.py:540} INFO - Filling up the DagBag from /home/airflow/.local/lib/python3.12/site-packages/airflow/example_dags/tutorial_objectstorage.py
[2026-02-05T13:05:39.269+0000] {processor.py:840} INFO - DAG(s) 'tutorial_objectstorage' retrieved from /home/airflow/.local/lib/python3.12/site-packages/airflow/example_dags/tutorial_objectstorage.py
[2026-02-05T13:05:39.282+0000] {logging_mixin.py:188} INFO - [2026-02-05T13:05:39.282+0000] {dag.py:3096} INFO - Sync 1 DAGs
[2026-02-05T13:05:39.289+0000] {logging_mixin.py:188} INFO - [2026-02-05T13:05:39.289+0000] {dag.py:3954} INFO - Setting next_dagrun for tutorial_objectstorage to None, run_after=None
[2026-02-05T13:05:39.299+0000] {processor.py:183} INFO - Processing /home/airflow/.local/lib/python3.12/site-packages/airflow/example_dags/tutorial_objectstorage.py took 0.042 seconds
[2026-02-05T13:06:10.019+0000] {processor.py:161} INFO - Started process (PID=1278) to work on /home/airflow/.local/lib/python3.12/site-packages/airflow/example_dags/tutorial_objectstorage.py
[2026-02-05T13:06:10.019+0000] {processor.py:830} INFO - Processing file /home/airflow/.local/lib/python3.12/site-packages/airflow/example_dags/tutorial_objectstorage.py for tasks to queue
[2026-02-05T13:06:10.020+0000] {logging_mixin.py:188} INFO - [2026-02-05T13:06:10.020+0000] {dagbag.py:540} INFO - Filling up the DagBag from /home/airflow/.local/lib/python3.12/site-packages/airflow/example_dags/tutorial_objectstorage.py
[2026-02-05T13:06:10.026+0000] {processor.py:840} INFO - DAG(s) 'tutorial_objectstorage' retrieved from /home/airflow/.local/lib/python3.12/site-packages/airflow/example_dags/tutorial_objectstorage.py
[2026-02-05T13:06:10.039+0000] {logging_mixin.py:188} INFO - [2026-02-05T13:06:10.038+0000] {dag.py:3096} INFO - Sync 1 DAGs
[2026-02-05T13:06:10.045+0000] {logging_mixin.py:188} INFO - [2026-02-05T13:06:10.045+0000] {dag.py:3954} INFO - Setting next_dagrun for tutorial_objectstorage to None, run_after=None
[2026-02-05T13:06:10.056+0000] {processor.py:183} INFO - Processing /home/airflow/.local/lib/python3.12/site-packages/airflow/example_dags/tutorial_objectstorage.py took 0.041 seconds
[2026-02-05T13:06:41.121+0000] {processor.py:161} INFO - Started process (PID=1336) to work on /home/airflow/.local/lib/python3.12/site-packages/airflow/example_dags/tutorial_objectstorage.py
[2026-02-05T13:06:41.122+0000] {processor.py:830} INFO - Processing file /home/airflow/.local/lib/python3.12/site-packages/airflow/example_dags/tutorial_objectstorage.py for tasks to queue
[2026-02-05T13:06:41.123+0000] {logging_mixin.py:188} INFO - [2026-02-05T13:06:41.122+0000] {dagbag.py:540} INFO - Filling up the DagBag from /home/airflow/.local/lib/python3.12/site-packages/airflow/example_dags/tutorial_objectstorage.py
[2026-02-05T13:06:41.127+0000] {processor.py:840} INFO - DAG(s) 'tutorial_objectstorage' retrieved from /home/airflow/.local/lib/python3.12/site-packages/airflow/example_dags/tutorial_objectstorage.py
[2026-02-05T13:06:41.139+0000] {logging_mixin.py:188} INFO - [2026-02-05T13:06:41.138+0000] {dag.py:3096} INFO - Sync 1 DAGs
[2026-02-05T13:06:41.145+0000] {logging_mixin.py:188} INFO - [2026-02-05T13:06:41.145+0000] {dag.py:3954} INFO - Setting next_dagrun for tutorial_objectstorage to None, run_after=None
[2026-02-05T13:06:41.157+0000] {processor.py:183} INFO - Processing /home/airflow/.local/lib/python3.12/site-packages/airflow/example_dags/tutorial_objectstorage.py took 0.039 seconds
[2026-02-05T13:07:11.236+0000] {processor.py:161} INFO - Started process (PID=1394) to work on /home/airflow/.local/lib/python3.12/site-packages/airflow/example_dags/tutorial_objectstorage.py
[2026-02-05T13:07:11.236+0000] {processor.py:830} INFO - Processing file /home/airflow/.local/lib/python3.12/site-packages/airflow/example_dags/tutorial_objectstorage.py for tasks to queue
[2026-02-05T13:07:11.238+0000] {logging_mixin.py:188} INFO - [2026-02-05T13:07:11.238+0000] {dagbag.py:540} INFO - Filling up the DagBag from /home/airflow/.local/lib/python3.12/site-packages/airflow/example_dags/tutorial_objectstorage.py
[2026-02-05T13:07:11.243+0000] {processor.py:840} INFO - DAG(s) 'tutorial_objectstorage' retrieved from /home/airflow/.local/lib/python3.12/site-packages/airflow/example_dags/tutorial_objectstorage.py
[2026-02-05T13:07:11.255+0000] {logging_mixin.py:188} INFO - [2026-02-05T13:07:11.255+0000] {dag.py:3096} INFO - Sync 1 DAGs
[2026-02-05T13:07:11.262+0000] {logging_mixin.py:188} INFO - [2026-02-05T13:07:11.262+0000] {dag.py:3954} INFO - Setting next_dagrun for tutorial_objectstorage to None, run_after=None
[2026-02-05T13:07:11.276+0000] {processor.py:183} INFO - Processing /home/airflow/.local/lib/python3.12/site-packages/airflow/example_dags/tutorial_objectstorage.py took 0.044 seconds
[2026-02-05T13:07:41.352+0000] {processor.py:161} INFO - Started process (PID=1452) to work on /home/airflow/.local/lib/python3.12/site-packages/airflow/example_dags/tutorial_objectstorage.py
[2026-02-05T13:07:41.352+0000] {processor.py:830} INFO - Processing file /home/airflow/.local/lib/python3.12/site-packages/airflow/example_dags/tutorial_objectstorage.py for tasks to queue
[2026-02-05T13:07:41.354+0000] {logging_mixin.py:188} INFO - [2026-02-05T13:07:41.353+0000] {dagbag.py:540} INFO - Filling up the DagBag from /home/airflow/.local/lib/python3.12/site-packages/airflow/example_dags/tutorial_objectstorage.py
[2026-02-05T13:07:41.358+0000] {processor.py:840} INFO - DAG(s) 'tutorial_objectstorage' retrieved from /home/airflow/.local/lib/python3.12/site-packages/airflow/example_dags/tutorial_objectstorage.py
[2026-02-05T13:07:41.370+0000] {logging_mixin.py:188} INFO - [2026-02-05T13:07:41.370+0000] {dag.py:3096} INFO - Sync 1 DAGs
[2026-02-05T13:07:41.376+0000] {logging_mixin.py:188} INFO - [2026-02-05T13:07:41.376+0000] {dag.py:3954} INFO - Setting next_dagrun for tutorial_objectstorage to None, run_after=None
[2026-02-05T13:07:41.385+0000] {processor.py:183} INFO - Processing /home/airflow/.local/lib/python3.12/site-packages/airflow/example_dags/tutorial_objectstorage.py took 0.037 seconds
[2026-02-05T13:08:11.662+0000] {processor.py:161} INFO - Started process (PID=1510) to work on /home/airflow/.local/lib/python3.12/site-packages/airflow/example_dags/tutorial_objectstorage.py
[2026-02-05T13:08:11.662+0000] {processor.py:830} INFO - Processing file /home/airflow/.local/lib/python3.12/site-packages/airflow/example_dags/tutorial_objectstorage.py for tasks to queue
[2026-02-05T13:08:11.664+0000] {logging_mixin.py:188} INFO - [2026-02-05T13:08:11.664+0000] {dagbag.py:540} INFO - Filling up the DagBag from /home/airflow/.local/lib/python3.12/site-packages/airflow/example_dags/tutorial_objectstorage.py
[2026-02-05T13:08:11.671+0000] {processor.py:840} INFO - DAG(s) 'tutorial_objectstorage' retrieved from /home/airflow/.local/lib/python3.12/site-packages/airflow/example_dags/tutorial_objectstorage.py
[2026-02-05T13:08:11.687+0000] {logging_mixin.py:188} INFO - [2026-02-05T13:08:11.687+0000] {dag.py:3096} INFO - Sync 1 DAGs
[2026-02-05T13:08:11.694+0000] {logging_mixin.py:188} INFO - [2026-02-05T13:08:11.693+0000] {dag.py:3954} INFO - Setting next_dagrun for tutorial_objectstorage to None, run_after=None
[2026-02-05T13:08:11.703+0000] {processor.py:183} INFO - Processing /home/airflow/.local/lib/python3.12/site-packages/airflow/example_dags/tutorial_objectstorage.py took 0.047 seconds
[2026-02-05T13:08:41.960+0000] {processor.py:161} INFO - Started process (PID=1567) to work on /home/airflow/.local/lib/python3.12/site-packages/airflow/example_dags/tutorial_objectstorage.py
[2026-02-05T13:08:41.963+0000] {processor.py:830} INFO - Processing file /home/airflow/.local/lib/python3.12/site-packages/airflow/example_dags/tutorial_objectstorage.py for tasks to queue
[2026-02-05T13:08:41.964+0000] {logging_mixin.py:188} INFO - [2026-02-05T13:08:41.964+0000] {dagbag.py:540} INFO - Filling up the DagBag from /home/airflow/.local/lib/python3.12/site-packages/airflow/example_dags/tutorial_objectstorage.py
[2026-02-05T13:08:41.971+0000] {processor.py:840} INFO - DAG(s) 'tutorial_objectstorage' retrieved from /home/airflow/.local/lib/python3.12/site-packages/airflow/example_dags/tutorial_objectstorage.py
[2026-02-05T13:08:41.983+0000] {logging_mixin.py:188} INFO - [2026-02-05T13:08:41.982+0000] {dag.py:3096} INFO - Sync 1 DAGs
[2026-02-05T13:08:41.989+0000] {logging_mixin.py:188} INFO - [2026-02-05T13:08:41.989+0000] {dag.py:3954} INFO - Setting next_dagrun for tutorial_objectstorage to None, run_after=None
[2026-02-05T13:08:41.999+0000] {processor.py:183} INFO - Processing /home/airflow/.local/lib/python3.12/site-packages/airflow/example_dags/tutorial_objectstorage.py took 0.043 seconds
[2026-02-05T13:09:12.105+0000] {processor.py:161} INFO - Started process (PID=1625) to work on /home/airflow/.local/lib/python3.12/site-packages/airflow/example_dags/tutorial_objectstorage.py
[2026-02-05T13:09:12.106+0000] {processor.py:830} INFO - Processing file /home/airflow/.local/lib/python3.12/site-packages/airflow/example_dags/tutorial_objectstorage.py for tasks to queue
[2026-02-05T13:09:12.108+0000] {logging_mixin.py:188} INFO - [2026-02-05T13:09:12.107+0000] {dagbag.py:540} INFO - Filling up the DagBag from /home/airflow/.local/lib/python3.12/site-packages/airflow/example_dags/tutorial_objectstorage.py
[2026-02-05T13:09:12.114+0000] {processor.py:840} INFO - DAG(s) 'tutorial_objectstorage' retrieved from /home/airflow/.local/lib/python3.12/site-packages/airflow/example_dags/tutorial_objectstorage.py
[2026-02-05T13:09:12.127+0000] {logging_mixin.py:188} INFO - [2026-02-05T13:09:12.127+0000] {dag.py:3096} INFO - Sync 1 DAGs
[2026-02-05T13:09:12.135+0000] {logging_mixin.py:188} INFO - [2026-02-05T13:09:12.135+0000] {dag.py:3954} INFO - Setting next_dagrun for tutorial_objectstorage to None, run_after=None
[2026-02-05T13:09:12.145+0000] {processor.py:183} INFO - Processing /home/airflow/.local/lib/python3.12/site-packages/airflow/example_dags/tutorial_objectstorage.py took 0.043 seconds
[2026-02-05T13:09:42.432+0000] {processor.py:161} INFO - Started process (PID=1683) to work on /home/airflow/.local/lib/python3.12/site-packages/airflow/example_dags/tutorial_objectstorage.py
[2026-02-05T13:09:42.433+0000] {processor.py:830} INFO - Processing file /home/airflow/.local/lib/python3.12/site-packages/airflow/example_dags/tutorial_objectstorage.py for tasks to queue
[2026-02-05T13:09:42.435+0000] {logging_mixin.py:188} INFO - [2026-02-05T13:09:42.435+0000] {dagbag.py:540} INFO - Filling up the DagBag from /home/airflow/.local/lib/python3.12/site-packages/airflow/example_dags/tutorial_objectstorage.py
[2026-02-05T13:09:42.442+0000] {processor.py:840} INFO - DAG(s) 'tutorial_objectstorage' retrieved from /home/airflow/.local/lib/python3.12/site-packages/airflow/example_dags/tutorial_objectstorage.py
[2026-02-05T13:09:42.452+0000] {logging_mixin.py:188} INFO - [2026-02-05T13:09:42.452+0000] {dag.py:3096} INFO - Sync 1 DAGs
[2026-02-05T13:09:42.459+0000] {logging_mixin.py:188} INFO - [2026-02-05T13:09:42.459+0000] {dag.py:3954} INFO - Setting next_dagrun for tutorial_objectstorage to None, run_after=None
[2026-02-05T13:09:42.469+0000] {processor.py:183} INFO - Processing /home/airflow/.local/lib/python3.12/site-packages/airflow/example_dags/tutorial_objectstorage.py took 0.041 seconds
[2026-02-05T13:10:12.719+0000] {processor.py:161} INFO - Started process (PID=1740) to work on /home/airflow/.local/lib/python3.12/site-packages/airflow/example_dags/tutorial_objectstorage.py
[2026-02-05T13:10:12.720+0000] {processor.py:830} INFO - Processing file /home/airflow/.local/lib/python3.12/site-packages/airflow/example_dags/tutorial_objectstorage.py for tasks to queue
[2026-02-05T13:10:12.722+0000] {logging_mixin.py:188} INFO - [2026-02-05T13:10:12.722+0000] {dagbag.py:540} INFO - Filling up the DagBag from /home/airflow/.local/lib/python3.12/site-packages/airflow/example_dags/tutorial_objectstorage.py
[2026-02-05T13:10:12.728+0000] {processor.py:840} INFO - DAG(s) 'tutorial_objectstorage' retrieved from /home/airflow/.local/lib/python3.12/site-packages/airflow/example_dags/tutorial_objectstorage.py
[2026-02-05T13:10:12.743+0000] {logging_mixin.py:188} INFO - [2026-02-05T13:10:12.743+0000] {dag.py:3096} INFO - Sync 1 DAGs
[2026-02-05T13:10:12.752+0000] {logging_mixin.py:188} INFO - [2026-02-05T13:10:12.751+0000] {dag.py:3954} INFO - Setting next_dagrun for tutorial_objectstorage to None, run_after=None
[2026-02-05T13:10:12.764+0000] {processor.py:183} INFO - Processing /home/airflow/.local/lib/python3.12/site-packages/airflow/example_dags/tutorial_objectstorage.py took 0.050 seconds
[2026-02-05T13:10:42.903+0000] {processor.py:161} INFO - Started process (PID=1798) to work on /home/airflow/.local/lib/python3.12/site-packages/airflow/example_dags/tutorial_objectstorage.py
[2026-02-05T13:10:42.903+0000] {processor.py:830} INFO - Processing file /home/airflow/.local/lib/python3.12/site-packages/airflow/example_dags/tutorial_objectstorage.py for tasks to queue
[2026-02-05T13:10:42.905+0000] {logging_mixin.py:188} INFO - [2026-02-05T13:10:42.905+0000] {dagbag.py:540} INFO - Filling up the DagBag from /home/airflow/.local/lib/python3.12/site-packages/airflow/example_dags/tutorial_objectstorage.py
[2026-02-05T13:10:42.911+0000] {processor.py:840} INFO - DAG(s) 'tutorial_objectstorage' retrieved from /home/airflow/.local/lib/python3.12/site-packages/airflow/example_dags/tutorial_objectstorage.py
[2026-02-05T13:10:42.922+0000] {logging_mixin.py:188} INFO - [2026-02-05T13:10:42.922+0000] {dag.py:3096} INFO - Sync 1 DAGs
[2026-02-05T13:10:42.929+0000] {logging_mixin.py:188} INFO - [2026-02-05T13:10:42.929+0000] {dag.py:3954} INFO - Setting next_dagrun for tutorial_objectstorage to None, run_after=None
[2026-02-05T13:10:42.939+0000] {processor.py:183} INFO - Processing /home/airflow/.local/lib/python3.12/site-packages/airflow/example_dags/tutorial_objectstorage.py took 0.040 seconds
[2026-02-05T13:11:13.651+0000] {processor.py:161} INFO - Started process (PID=1856) to work on /home/airflow/.local/lib/python3.12/site-packages/airflow/example_dags/tutorial_objectstorage.py
[2026-02-05T13:11:13.652+0000] {processor.py:830} INFO - Processing file /home/airflow/.local/lib/python3.12/site-packages/airflow/example_dags/tutorial_objectstorage.py for tasks to queue
[2026-02-05T13:11:13.653+0000] {logging_mixin.py:188} INFO - [2026-02-05T13:11:13.653+0000] {dagbag.py:540} INFO - Filling up the DagBag from /home/airflow/.local/lib/python3.12/site-packages/airflow/example_dags/tutorial_objectstorage.py
[2026-02-05T13:11:13.658+0000] {processor.py:840} INFO - DAG(s) 'tutorial_objectstorage' retrieved from /home/airflow/.local/lib/python3.12/site-packages/airflow/example_dags/tutorial_objectstorage.py
[2026-02-05T13:11:13.670+0000] {logging_mixin.py:188} INFO - [2026-02-05T13:11:13.670+0000] {dag.py:3096} INFO - Sync 1 DAGs
[2026-02-05T13:11:13.678+0000] {logging_mixin.py:188} INFO - [2026-02-05T13:11:13.678+0000] {dag.py:3954} INFO - Setting next_dagrun for tutorial_objectstorage to None, run_after=None
[2026-02-05T13:11:13.688+0000] {processor.py:183} INFO - Processing /home/airflow/.local/lib/python3.12/site-packages/airflow/example_dags/tutorial_objectstorage.py took 0.041 seconds
[2026-02-05T13:11:44.599+0000] {processor.py:161} INFO - Started process (PID=1914) to work on /home/airflow/.local/lib/python3.12/site-packages/airflow/example_dags/tutorial_objectstorage.py
[2026-02-05T13:11:44.601+0000] {processor.py:830} INFO - Processing file /home/airflow/.local/lib/python3.12/site-packages/airflow/example_dags/tutorial_objectstorage.py for tasks to queue
[2026-02-05T13:11:44.602+0000] {logging_mixin.py:188} INFO - [2026-02-05T13:11:44.602+0000] {dagbag.py:540} INFO - Filling up the DagBag from /home/airflow/.local/lib/python3.12/site-packages/airflow/example_dags/tutorial_objectstorage.py
[2026-02-05T13:11:44.608+0000] {processor.py:840} INFO - DAG(s) 'tutorial_objectstorage' retrieved from /home/airflow/.local/lib/python3.12/site-packages/airflow/example_dags/tutorial_objectstorage.py
[2026-02-05T13:11:44.619+0000] {logging_mixin.py:188} INFO - [2026-02-05T13:11:44.619+0000] {dag.py:3096} INFO - Sync 1 DAGs
[2026-02-05T13:11:44.625+0000] {logging_mixin.py:188} INFO - [2026-02-05T13:11:44.625+0000] {dag.py:3954} INFO - Setting next_dagrun for tutorial_objectstorage to None, run_after=None
[2026-02-05T13:11:44.636+0000] {processor.py:183} INFO - Processing /home/airflow/.local/lib/python3.12/site-packages/airflow/example_dags/tutorial_objectstorage.py took 0.040 seconds
[2026-02-05T13:12:15.516+0000] {processor.py:161} INFO - Started process (PID=1972) to work on /home/airflow/.local/lib/python3.12/site-packages/airflow/example_dags/tutorial_objectstorage.py
[2026-02-05T13:12:15.520+0000] {processor.py:830} INFO - Processing file /home/airflow/.local/lib/python3.12/site-packages/airflow/example_dags/tutorial_objectstorage.py for tasks to queue
[2026-02-05T13:12:15.522+0000] {logging_mixin.py:188} INFO - [2026-02-05T13:12:15.521+0000] {dagbag.py:540} INFO - Filling up the DagBag from /home/airflow/.local/lib/python3.12/site-packages/airflow/example_dags/tutorial_objectstorage.py
[2026-02-05T13:12:15.527+0000] {processor.py:840} INFO - DAG(s) 'tutorial_objectstorage' retrieved from /home/airflow/.local/lib/python3.12/site-packages/airflow/example_dags/tutorial_objectstorage.py
[2026-02-05T13:12:15.538+0000] {logging_mixin.py:188} INFO - [2026-02-05T13:12:15.538+0000] {dag.py:3096} INFO - Sync 1 DAGs
[2026-02-05T13:12:15.545+0000] {logging_mixin.py:188} INFO - [2026-02-05T13:12:15.545+0000] {dag.py:3954} INFO - Setting next_dagrun for tutorial_objectstorage to None, run_after=None
[2026-02-05T13:12:15.555+0000] {processor.py:183} INFO - Processing /home/airflow/.local/lib/python3.12/site-packages/airflow/example_dags/tutorial_objectstorage.py took 0.043 seconds
[2026-02-05T13:12:46.442+0000] {processor.py:161} INFO - Started process (PID=2030) to work on /home/airflow/.local/lib/python3.12/site-packages/airflow/example_dags/tutorial_objectstorage.py
[2026-02-05T13:12:46.443+0000] {processor.py:830} INFO - Processing file /home/airflow/.local/lib/python3.12/site-packages/airflow/example_dags/tutorial_objectstorage.py for tasks to queue
[2026-02-05T13:12:46.445+0000] {logging_mixin.py:188} INFO - [2026-02-05T13:12:46.444+0000] {dagbag.py:540} INFO - Filling up the DagBag from /home/airflow/.local/lib/python3.12/site-packages/airflow/example_dags/tutorial_objectstorage.py
[2026-02-05T13:12:46.451+0000] {processor.py:840} INFO - DAG(s) 'tutorial_objectstorage' retrieved from /home/airflow/.local/lib/python3.12/site-packages/airflow/example_dags/tutorial_objectstorage.py
[2026-02-05T13:12:46.463+0000] {logging_mixin.py:188} INFO - [2026-02-05T13:12:46.463+0000] {dag.py:3096} INFO - Sync 1 DAGs
[2026-02-05T13:12:46.469+0000] {logging_mixin.py:188} INFO - [2026-02-05T13:12:46.469+0000] {dag.py:3954} INFO - Setting next_dagrun for tutorial_objectstorage to None, run_after=None
[2026-02-05T13:12:46.480+0000] {processor.py:183} INFO - Processing /home/airflow/.local/lib/python3.12/site-packages/airflow/example_dags/tutorial_objectstorage.py took 0.043 seconds
[2026-02-05T13:13:17.265+0000] {processor.py:161} INFO - Started process (PID=2087) to work on /home/airflow/.local/lib/python3.12/site-packages/airflow/example_dags/tutorial_objectstorage.py
[2026-02-05T13:13:17.268+0000] {processor.py:830} INFO - Processing file /home/airflow/.local/lib/python3.12/site-packages/airflow/example_dags/tutorial_objectstorage.py for tasks to queue
[2026-02-05T13:13:17.269+0000] {logging_mixin.py:188} INFO - [2026-02-05T13:13:17.269+0000] {dagbag.py:540} INFO - Filling up the DagBag from /home/airflow/.local/lib/python3.12/site-packages/airflow/example_dags/tutorial_objectstorage.py
[2026-02-05T13:13:17.274+0000] {processor.py:840} INFO - DAG(s) 'tutorial_objectstorage' retrieved from /home/airflow/.local/lib/python3.12/site-packages/airflow/example_dags/tutorial_objectstorage.py
[2026-02-05T13:13:17.286+0000] {logging_mixin.py:188} INFO - [2026-02-05T13:13:17.285+0000] {dag.py:3096} INFO - Sync 1 DAGs
[2026-02-05T13:13:17.293+0000] {logging_mixin.py:188} INFO - [2026-02-05T13:13:17.293+0000] {dag.py:3954} INFO - Setting next_dagrun for tutorial_objectstorage to None, run_after=None
[2026-02-05T13:13:17.304+0000] {processor.py:183} INFO - Processing /home/airflow/.local/lib/python3.12/site-packages/airflow/example_dags/tutorial_objectstorage.py took 0.042 seconds
[2026-02-05T13:13:48.032+0000] {processor.py:161} INFO - Started process (PID=2145) to work on /home/airflow/.local/lib/python3.12/site-packages/airflow/example_dags/tutorial_objectstorage.py
[2026-02-05T13:13:48.042+0000] {processor.py:830} INFO - Processing file /home/airflow/.local/lib/python3.12/site-packages/airflow/example_dags/tutorial_objectstorage.py for tasks to queue
[2026-02-05T13:13:48.046+0000] {logging_mixin.py:188} INFO - [2026-02-05T13:13:48.045+0000] {dagbag.py:540} INFO - Filling up the DagBag from /home/airflow/.local/lib/python3.12/site-packages/airflow/example_dags/tutorial_objectstorage.py
[2026-02-05T13:13:48.051+0000] {processor.py:840} INFO - DAG(s) 'tutorial_objectstorage' retrieved from /home/airflow/.local/lib/python3.12/site-packages/airflow/example_dags/tutorial_objectstorage.py
[2026-02-05T13:13:48.066+0000] {logging_mixin.py:188} INFO - [2026-02-05T13:13:48.066+0000] {dag.py:3096} INFO - Sync 1 DAGs
[2026-02-05T13:13:48.074+0000] {logging_mixin.py:188} INFO - [2026-02-05T13:13:48.073+0000] {dag.py:3954} INFO - Setting next_dagrun for tutorial_objectstorage to None, run_after=None
[2026-02-05T13:13:48.087+0000] {processor.py:183} INFO - Processing /home/airflow/.local/lib/python3.12/site-packages/airflow/example_dags/tutorial_objectstorage.py took 0.059 seconds
[2026-02-05T13:14:18.998+0000] {processor.py:161} INFO - Started process (PID=2203) to work on /home/airflow/.local/lib/python3.12/site-packages/airflow/example_dags/tutorial_objectstorage.py
[2026-02-05T13:14:18.999+0000] {processor.py:830} INFO - Processing file /home/airflow/.local/lib/python3.12/site-packages/airflow/example_dags/tutorial_objectstorage.py for tasks to queue
[2026-02-05T13:14:19.000+0000] {logging_mixin.py:188} INFO - [2026-02-05T13:14:19.000+0000] {dagbag.py:540} INFO - Filling up the DagBag from /home/airflow/.local/lib/python3.12/site-packages/airflow/example_dags/tutorial_objectstorage.py
[2026-02-05T13:14:19.005+0000] {processor.py:840} INFO - DAG(s) 'tutorial_objectstorage' retrieved from /home/airflow/.local/lib/python3.12/site-packages/airflow/example_dags/tutorial_objectstorage.py
[2026-02-05T13:14:19.018+0000] {logging_mixin.py:188} INFO - [2026-02-05T13:14:19.018+0000] {dag.py:3096} INFO - Sync 1 DAGs
[2026-02-05T13:14:19.025+0000] {logging_mixin.py:188} INFO - [2026-02-05T13:14:19.025+0000] {dag.py:3954} INFO - Setting next_dagrun for tutorial_objectstorage to None, run_after=None
[2026-02-05T13:14:19.036+0000] {processor.py:183} INFO - Processing /home/airflow/.local/lib/python3.12/site-packages/airflow/example_dags/tutorial_objectstorage.py took 0.041 seconds
[2026-02-05T13:14:49.152+0000] {processor.py:161} INFO - Started process (PID=2261) to work on /home/airflow/.local/lib/python3.12/site-packages/airflow/example_dags/tutorial_objectstorage.py
[2026-02-05T13:14:49.153+0000] {processor.py:830} INFO - Processing file /home/airflow/.local/lib/python3.12/site-packages/airflow/example_dags/tutorial_objectstorage.py for tasks to queue
[2026-02-05T13:14:49.154+0000] {logging_mixin.py:188} INFO - [2026-02-05T13:14:49.154+0000] {dagbag.py:540} INFO - Filling up the DagBag from /home/airflow/.local/lib/python3.12/site-packages/airflow/example_dags/tutorial_objectstorage.py
[2026-02-05T13:14:49.161+0000] {processor.py:840} INFO - DAG(s) 'tutorial_objectstorage' retrieved from /home/airflow/.local/lib/python3.12/site-packages/airflow/example_dags/tutorial_objectstorage.py
[2026-02-05T13:14:49.173+0000] {logging_mixin.py:188} INFO - [2026-02-05T13:14:49.173+0000] {dag.py:3096} INFO - Sync 1 DAGs
[2026-02-05T13:14:49.181+0000] {logging_mixin.py:188} INFO - [2026-02-05T13:14:49.181+0000] {dag.py:3954} INFO - Setting next_dagrun for tutorial_objectstorage to None, run_after=None
[2026-02-05T13:14:49.193+0000] {processor.py:183} INFO - Processing /home/airflow/.local/lib/python3.12/site-packages/airflow/example_dags/tutorial_objectstorage.py took 0.044 seconds
[2026-02-05T13:15:20.150+0000] {processor.py:161} INFO - Started process (PID=2318) to work on /home/airflow/.local/lib/python3.12/site-packages/airflow/example_dags/tutorial_objectstorage.py
[2026-02-05T13:15:20.151+0000] {processor.py:830} INFO - Processing file /home/airflow/.local/lib/python3.12/site-packages/airflow/example_dags/tutorial_objectstorage.py for tasks to queue
[2026-02-05T13:15:20.154+0000] {logging_mixin.py:188} INFO - [2026-02-05T13:15:20.153+0000] {dagbag.py:540} INFO - Filling up the DagBag from /home/airflow/.local/lib/python3.12/site-packages/airflow/example_dags/tutorial_objectstorage.py
[2026-02-05T13:15:20.159+0000] {processor.py:840} INFO - DAG(s) 'tutorial_objectstorage' retrieved from /home/airflow/.local/lib/python3.12/site-packages/airflow/example_dags/tutorial_objectstorage.py
[2026-02-05T13:15:20.171+0000] {logging_mixin.py:188} INFO - [2026-02-05T13:15:20.171+0000] {dag.py:3096} INFO - Sync 1 DAGs
[2026-02-05T13:15:20.179+0000] {logging_mixin.py:188} INFO - [2026-02-05T13:15:20.178+0000] {dag.py:3954} INFO - Setting next_dagrun for tutorial_objectstorage to None, run_after=None
[2026-02-05T13:15:20.191+0000] {processor.py:183} INFO - Processing /home/airflow/.local/lib/python3.12/site-packages/airflow/example_dags/tutorial_objectstorage.py took 0.045 seconds
[2026-02-05T13:15:51.018+0000] {processor.py:161} INFO - Started process (PID=2376) to work on /home/airflow/.local/lib/python3.12/site-packages/airflow/example_dags/tutorial_objectstorage.py
[2026-02-05T13:15:51.018+0000] {processor.py:830} INFO - Processing file /home/airflow/.local/lib/python3.12/site-packages/airflow/example_dags/tutorial_objectstorage.py for tasks to queue
[2026-02-05T13:15:51.020+0000] {logging_mixin.py:188} INFO - [2026-02-05T13:15:51.020+0000] {dagbag.py:540} INFO - Filling up the DagBag from /home/airflow/.local/lib/python3.12/site-packages/airflow/example_dags/tutorial_objectstorage.py
[2026-02-05T13:15:51.025+0000] {processor.py:840} INFO - DAG(s) 'tutorial_objectstorage' retrieved from /home/airflow/.local/lib/python3.12/site-packages/airflow/example_dags/tutorial_objectstorage.py
[2026-02-05T13:15:51.039+0000] {logging_mixin.py:188} INFO - [2026-02-05T13:15:51.039+0000] {dag.py:3096} INFO - Sync 1 DAGs
[2026-02-05T13:15:51.051+0000] {logging_mixin.py:188} INFO - [2026-02-05T13:15:51.050+0000] {dag.py:3954} INFO - Setting next_dagrun for tutorial_objectstorage to None, run_after=None
[2026-02-05T13:15:51.072+0000] {processor.py:183} INFO - Processing /home/airflow/.local/lib/python3.12/site-packages/airflow/example_dags/tutorial_objectstorage.py took 0.058 seconds
[2026-02-05T13:16:22.013+0000] {processor.py:161} INFO - Started process (PID=2434) to work on /home/airflow/.local/lib/python3.12/site-packages/airflow/example_dags/tutorial_objectstorage.py
[2026-02-05T13:16:22.013+0000] {processor.py:830} INFO - Processing file /home/airflow/.local/lib/python3.12/site-packages/airflow/example_dags/tutorial_objectstorage.py for tasks to queue
[2026-02-05T13:16:22.014+0000] {logging_mixin.py:188} INFO - [2026-02-05T13:16:22.014+0000] {dagbag.py:540} INFO - Filling up the DagBag from /home/airflow/.local/lib/python3.12/site-packages/airflow/example_dags/tutorial_objectstorage.py
[2026-02-05T13:16:22.019+0000] {processor.py:840} INFO - DAG(s) 'tutorial_objectstorage' retrieved from /home/airflow/.local/lib/python3.12/site-packages/airflow/example_dags/tutorial_objectstorage.py
[2026-02-05T13:16:22.040+0000] {logging_mixin.py:188} INFO - [2026-02-05T13:16:22.039+0000] {dag.py:3096} INFO - Sync 1 DAGs
[2026-02-05T13:16:22.047+0000] {logging_mixin.py:188} INFO - [2026-02-05T13:16:22.047+0000] {dag.py:3954} INFO - Setting next_dagrun for tutorial_objectstorage to None, run_after=None
[2026-02-05T13:16:22.060+0000] {processor.py:183} INFO - Processing /home/airflow/.local/lib/python3.12/site-packages/airflow/example_dags/tutorial_objectstorage.py took 0.052 seconds
[2026-02-05T13:16:53.067+0000] {processor.py:161} INFO - Started process (PID=2492) to work on /home/airflow/.local/lib/python3.12/site-packages/airflow/example_dags/tutorial_objectstorage.py
[2026-02-05T13:16:53.068+0000] {processor.py:830} INFO - Processing file /home/airflow/.local/lib/python3.12/site-packages/airflow/example_dags/tutorial_objectstorage.py for tasks to queue
[2026-02-05T13:16:53.069+0000] {logging_mixin.py:188} INFO - [2026-02-05T13:16:53.069+0000] {dagbag.py:540} INFO - Filling up the DagBag from /home/airflow/.local/lib/python3.12/site-packages/airflow/example_dags/tutorial_objectstorage.py
[2026-02-05T13:16:53.074+0000] {processor.py:840} INFO - DAG(s) 'tutorial_objectstorage' retrieved from /home/airflow/.local/lib/python3.12/site-packages/airflow/example_dags/tutorial_objectstorage.py
[2026-02-05T13:16:53.090+0000] {logging_mixin.py:188} INFO - [2026-02-05T13:16:53.090+0000] {dag.py:3096} INFO - Sync 1 DAGs
[2026-02-05T13:16:53.100+0000] {logging_mixin.py:188} INFO - [2026-02-05T13:16:53.099+0000] {dag.py:3954} INFO - Setting next_dagrun for tutorial_objectstorage to None, run_after=None
[2026-02-05T13:16:53.120+0000] {processor.py:183} INFO - Processing /home/airflow/.local/lib/python3.12/site-packages/airflow/example_dags/tutorial_objectstorage.py took 0.056 seconds
[2026-02-05T13:17:24.128+0000] {processor.py:161} INFO - Started process (PID=2550) to work on /home/airflow/.local/lib/python3.12/site-packages/airflow/example_dags/tutorial_objectstorage.py
[2026-02-05T13:17:24.128+0000] {processor.py:830} INFO - Processing file /home/airflow/.local/lib/python3.12/site-packages/airflow/example_dags/tutorial_objectstorage.py for tasks to queue
[2026-02-05T13:17:24.130+0000] {logging_mixin.py:188} INFO - [2026-02-05T13:17:24.130+0000] {dagbag.py:540} INFO - Filling up the DagBag from /home/airflow/.local/lib/python3.12/site-packages/airflow/example_dags/tutorial_objectstorage.py
[2026-02-05T13:17:24.135+0000] {processor.py:840} INFO - DAG(s) 'tutorial_objectstorage' retrieved from /home/airflow/.local/lib/python3.12/site-packages/airflow/example_dags/tutorial_objectstorage.py
[2026-02-05T13:17:24.146+0000] {logging_mixin.py:188} INFO - [2026-02-05T13:17:24.146+0000] {dag.py:3096} INFO - Sync 1 DAGs
[2026-02-05T13:17:24.157+0000] {logging_mixin.py:188} INFO - [2026-02-05T13:17:24.157+0000] {dag.py:3954} INFO - Setting next_dagrun for tutorial_objectstorage to None, run_after=None
[2026-02-05T13:17:24.169+0000] {processor.py:183} INFO - Processing /home/airflow/.local/lib/python3.12/site-packages/airflow/example_dags/tutorial_objectstorage.py took 0.044 seconds
[2026-02-05T13:17:54.301+0000] {processor.py:161} INFO - Started process (PID=2607) to work on /home/airflow/.local/lib/python3.12/site-packages/airflow/example_dags/tutorial_objectstorage.py
[2026-02-05T13:17:54.302+0000] {processor.py:830} INFO - Processing file /home/airflow/.local/lib/python3.12/site-packages/airflow/example_dags/tutorial_objectstorage.py for tasks to queue
[2026-02-05T13:17:54.303+0000] {logging_mixin.py:188} INFO - [2026-02-05T13:17:54.303+0000] {dagbag.py:540} INFO - Filling up the DagBag from /home/airflow/.local/lib/python3.12/site-packages/airflow/example_dags/tutorial_objectstorage.py
[2026-02-05T13:17:54.308+0000] {processor.py:840} INFO - DAG(s) 'tutorial_objectstorage' retrieved from /home/airflow/.local/lib/python3.12/site-packages/airflow/example_dags/tutorial_objectstorage.py
[2026-02-05T13:17:54.324+0000] {logging_mixin.py:188} INFO - [2026-02-05T13:17:54.324+0000] {dag.py:3096} INFO - Sync 1 DAGs
[2026-02-05T13:17:54.330+0000] {logging_mixin.py:188} INFO - [2026-02-05T13:17:54.330+0000] {dag.py:3954} INFO - Setting next_dagrun for tutorial_objectstorage to None, run_after=None
[2026-02-05T13:17:54.349+0000] {processor.py:183} INFO - Processing /home/airflow/.local/lib/python3.12/site-packages/airflow/example_dags/tutorial_objectstorage.py took 0.052 seconds
