[2026-02-05T12:58:53.482+0000] {local_task_job_runner.py:120} INFO - ::group::Pre task execution logs
[2026-02-05T12:58:53.504+0000] {taskinstance.py:2073} INFO - Dependencies all met for dep_context=non-requeueable deps ti=<TaskInstance: example_bash_decorator.also_run_this_again manual__2026-02-05T12:58:48.363662+00:00 [queued]>
[2026-02-05T12:58:53.529+0000] {taskinstance.py:2073} INFO - Dependencies all met for dep_context=requeueable deps ti=<TaskInstance: example_bash_decorator.also_run_this_again manual__2026-02-05T12:58:48.363662+00:00 [queued]>
[2026-02-05T12:58:53.529+0000] {taskinstance.py:2303} INFO - Starting attempt 1 of 1
[2026-02-05T12:58:53.567+0000] {taskinstance.py:2327} INFO - Executing <Task(_BashDecoratedOperator): also_run_this_again> on 2026-02-05 12:58:48.363662+00:00
[2026-02-05T12:58:53.597+0000] {warnings.py:110} WARNING - /home/***/.local/lib/python3.12/site-packages/***/task/task_runner/standard_task_runner.py:61: DeprecationWarning: This process (pid=106) is multi-threaded, use of fork() may lead to deadlocks in the child.
  pid = os.fork()

[2026-02-05T12:58:53.600+0000] {standard_task_runner.py:63} INFO - Started process 128 to run task
[2026-02-05T12:58:53.598+0000] {standard_task_runner.py:90} INFO - Running: ['***', 'tasks', 'run', 'example_bash_decorator', 'also_run_this_again', 'manual__2026-02-05T12:58:48.363662+00:00', '--job-id', '9', '--raw', '--subdir', '/home/***/.local/lib/python3.12/site-packages/***/example_dags/example_bash_decorator.py', '--cfg-path', '/tmp/tmpdt3tiu59']
[2026-02-05T12:58:53.604+0000] {standard_task_runner.py:91} INFO - Job 9: Subtask also_run_this_again
[2026-02-05T12:58:53.706+0000] {task_command.py:426} INFO - Running <TaskInstance: example_bash_decorator.also_run_this_again manual__2026-02-05T12:58:48.363662+00:00 [running]> on host f4e9003cc0ce
[2026-02-05T12:58:53.848+0000] {taskinstance.py:2644} INFO - Exporting env vars: AIRFLOW_CTX_DAG_OWNER='***' AIRFLOW_CTX_DAG_ID='example_bash_decorator' AIRFLOW_CTX_TASK_ID='also_run_this_again' AIRFLOW_CTX_EXECUTION_DATE='2026-02-05T12:58:48.363662+00:00' AIRFLOW_CTX_TRY_NUMBER='1' AIRFLOW_CTX_DAG_RUN_ID='manual__2026-02-05T12:58:48.363662+00:00'
[2026-02-05T12:58:53.850+0000] {taskinstance.py:430} INFO - ::endgroup::
[2026-02-05T12:58:53.874+0000] {subprocess.py:63} INFO - Tmp dir root location: /tmp
[2026-02-05T12:58:53.876+0000] {subprocess.py:75} INFO - Running command: ['/usr/bin/bash', '-c', 'echo "ti_key=example_bash_decorator__also_run_this_again__20260205"']
[2026-02-05T12:58:53.884+0000] {subprocess.py:86} INFO - Output:
[2026-02-05T12:58:53.887+0000] {subprocess.py:93} INFO - ti_key=example_bash_decorator__also_run_this_again__20260205
[2026-02-05T12:58:53.890+0000] {subprocess.py:97} INFO - Command exited with return code 0
[2026-02-05T12:58:53.891+0000] {taskinstance.py:441} INFO - ::group::Post task execution logs
[2026-02-05T12:58:53.914+0000] {taskinstance.py:1205} INFO - Marking task as SUCCESS. dag_id=example_bash_decorator, task_id=also_run_this_again, execution_date=20260205T125848, start_date=20260205T125853, end_date=20260205T125853
[2026-02-05T12:58:53.956+0000] {local_task_job_runner.py:240} INFO - Task exited with return code 0
[2026-02-05T12:58:53.974+0000] {taskinstance.py:3482} INFO - 0 downstream tasks scheduled from follow-on schedule check
[2026-02-05T12:58:53.975+0000] {local_task_job_runner.py:222} INFO - ::endgroup::
