[2026-02-05T12:58:53.476+0000] {local_task_job_runner.py:120} INFO - ::group::Pre task execution logs
[2026-02-05T12:58:53.514+0000] {taskinstance.py:2073} INFO - Dependencies all met for dep_context=non-requeueable deps ti=<TaskInstance: example_bash_decorator.make_dynamic_dirs manual__2026-02-05T12:58:48.363662+00:00 [queued]>
[2026-02-05T12:58:53.532+0000] {taskinstance.py:2073} INFO - Dependencies all met for dep_context=requeueable deps ti=<TaskInstance: example_bash_decorator.make_dynamic_dirs manual__2026-02-05T12:58:48.363662+00:00 [queued]>
[2026-02-05T12:58:53.532+0000] {taskinstance.py:2303} INFO - Starting attempt 1 of 1
[2026-02-05T12:58:53.548+0000] {taskinstance.py:2327} INFO - Executing <Task(_BashDecoratedOperator): make_dynamic_dirs> on 2026-02-05 12:58:48.363662+00:00
[2026-02-05T12:58:53.567+0000] {warnings.py:110} WARNING - /home/***/.local/lib/python3.12/site-packages/***/task/task_runner/standard_task_runner.py:61: DeprecationWarning: This process (pid=105) is multi-threaded, use of fork() may lead to deadlocks in the child.
  pid = os.fork()

[2026-02-05T12:58:53.569+0000] {standard_task_runner.py:63} INFO - Started process 126 to run task
[2026-02-05T12:58:53.577+0000] {standard_task_runner.py:90} INFO - Running: ['***', 'tasks', 'run', 'example_bash_decorator', 'make_dynamic_dirs', 'manual__2026-02-05T12:58:48.363662+00:00', '--job-id', '5', '--raw', '--subdir', '/home/***/.local/lib/python3.12/site-packages/***/example_dags/example_bash_decorator.py', '--cfg-path', '/tmp/tmpw0cl5wdc']
[2026-02-05T12:58:53.589+0000] {standard_task_runner.py:91} INFO - Job 5: Subtask make_dynamic_dirs
[2026-02-05T12:58:53.698+0000] {task_command.py:426} INFO - Running <TaskInstance: example_bash_decorator.make_dynamic_dirs manual__2026-02-05T12:58:48.363662+00:00 [running]> on host f4e9003cc0ce
[2026-02-05T12:58:53.834+0000] {taskinstance.py:2644} INFO - Exporting env vars: AIRFLOW_CTX_DAG_OWNER='***' AIRFLOW_CTX_DAG_ID='example_bash_decorator' AIRFLOW_CTX_TASK_ID='make_dynamic_dirs' AIRFLOW_CTX_EXECUTION_DATE='2026-02-05T12:58:48.363662+00:00' AIRFLOW_CTX_TRY_NUMBER='1' AIRFLOW_CTX_DAG_RUN_ID='manual__2026-02-05T12:58:48.363662+00:00'
[2026-02-05T12:58:53.841+0000] {taskinstance.py:430} INFO - ::endgroup::
[2026-02-05T12:58:53.879+0000] {subprocess.py:63} INFO - Tmp dir root location: /tmp
[2026-02-05T12:58:53.883+0000] {subprocess.py:75} INFO - Running command: ['/usr/bin/bash', '-c', 'mkdir -p $AIRFLOW_HOME/$BASE_DIR/foo/bar/baz']
[2026-02-05T12:58:53.894+0000] {subprocess.py:86} INFO - Output:
[2026-02-05T12:58:53.899+0000] {subprocess.py:97} INFO - Command exited with return code 0
[2026-02-05T12:58:53.900+0000] {taskinstance.py:441} INFO - ::group::Post task execution logs
[2026-02-05T12:58:53.937+0000] {taskinstance.py:1205} INFO - Marking task as SUCCESS. dag_id=example_bash_decorator, task_id=make_dynamic_dirs, execution_date=20260205T125848, start_date=20260205T125853, end_date=20260205T125853
[2026-02-05T12:58:53.973+0000] {local_task_job_runner.py:240} INFO - Task exited with return code 0
[2026-02-05T12:58:53.998+0000] {taskinstance.py:3482} INFO - 0 downstream tasks scheduled from follow-on schedule check
[2026-02-05T12:58:53.998+0000] {local_task_job_runner.py:222} INFO - ::endgroup::
