[2026-02-05T12:58:53.485+0000] {local_task_job_runner.py:120} INFO - ::group::Pre task execution logs
[2026-02-05T12:58:53.530+0000] {taskinstance.py:2073} INFO - Dependencies all met for dep_context=non-requeueable deps ti=<TaskInstance: example_bash_decorator.runme_2 manual__2026-02-05T12:58:48.363662+00:00 [queued]>
[2026-02-05T12:58:53.548+0000] {taskinstance.py:2073} INFO - Dependencies all met for dep_context=requeueable deps ti=<TaskInstance: example_bash_decorator.runme_2 manual__2026-02-05T12:58:48.363662+00:00 [queued]>
[2026-02-05T12:58:53.551+0000] {taskinstance.py:2303} INFO - Starting attempt 1 of 1
[2026-02-05T12:58:53.584+0000] {taskinstance.py:2327} INFO - Executing <Task(_BashDecoratedOperator): runme_2> on 2026-02-05 12:58:48.363662+00:00
[2026-02-05T12:58:53.596+0000] {warnings.py:110} WARNING - /home/***/.local/lib/python3.12/site-packages/***/task/task_runner/standard_task_runner.py:61: DeprecationWarning: This process (pid=111) is multi-threaded, use of fork() may lead to deadlocks in the child.
  pid = os.fork()

[2026-02-05T12:58:53.600+0000] {standard_task_runner.py:63} INFO - Started process 129 to run task
[2026-02-05T12:58:53.600+0000] {standard_task_runner.py:90} INFO - Running: ['***', 'tasks', 'run', 'example_bash_decorator', 'runme_2', 'manual__2026-02-05T12:58:48.363662+00:00', '--job-id', '6', '--raw', '--subdir', '/home/***/.local/lib/python3.12/site-packages/***/example_dags/example_bash_decorator.py', '--cfg-path', '/tmp/tmptgr7tb7p']
[2026-02-05T12:58:53.606+0000] {standard_task_runner.py:91} INFO - Job 6: Subtask runme_2
[2026-02-05T12:58:53.706+0000] {task_command.py:426} INFO - Running <TaskInstance: example_bash_decorator.runme_2 manual__2026-02-05T12:58:48.363662+00:00 [running]> on host f4e9003cc0ce
[2026-02-05T12:58:53.870+0000] {taskinstance.py:2644} INFO - Exporting env vars: AIRFLOW_CTX_DAG_OWNER='***' AIRFLOW_CTX_DAG_ID='example_bash_decorator' AIRFLOW_CTX_TASK_ID='runme_2' AIRFLOW_CTX_EXECUTION_DATE='2026-02-05T12:58:48.363662+00:00' AIRFLOW_CTX_TRY_NUMBER='1' AIRFLOW_CTX_DAG_RUN_ID='manual__2026-02-05T12:58:48.363662+00:00'
[2026-02-05T12:58:53.872+0000] {taskinstance.py:430} INFO - ::endgroup::
[2026-02-05T12:58:53.904+0000] {subprocess.py:63} INFO - Tmp dir root location: /tmp
[2026-02-05T12:58:53.906+0000] {subprocess.py:75} INFO - Running command: ['/usr/bin/bash', '-c', 'echo example_bash_decorator__runme_2__20260205 && sleep 2']
[2026-02-05T12:58:53.915+0000] {subprocess.py:86} INFO - Output:
[2026-02-05T12:58:53.916+0000] {subprocess.py:93} INFO - example_bash_decorator__runme_2__20260205
[2026-02-05T12:58:55.919+0000] {subprocess.py:97} INFO - Command exited with return code 0
[2026-02-05T12:58:55.921+0000] {taskinstance.py:441} INFO - ::group::Post task execution logs
[2026-02-05T12:58:55.941+0000] {taskinstance.py:1205} INFO - Marking task as SUCCESS. dag_id=example_bash_decorator, task_id=runme_2, execution_date=20260205T125848, start_date=20260205T125853, end_date=20260205T125855
[2026-02-05T12:58:55.978+0000] {local_task_job_runner.py:240} INFO - Task exited with return code 0
[2026-02-05T12:58:56.003+0000] {taskinstance.py:3482} INFO - 1 downstream tasks scheduled from follow-on schedule check
[2026-02-05T12:58:56.004+0000] {local_task_job_runner.py:222} INFO - ::endgroup::
